
kinetic : 2.686244 (inf)
potential : -4.863589 (inf)
energy : -2.177345 (inf)

kinetic : 2.045743 (inf)
potential : -4.221015 (inf)
energy : -2.175272 (inf)

kinetic : 2.024619 (0.021125)
potential : -4.200104 (0.020912)
energy : -2.175485 (0.000213)

kinetic : 2.084763 (0.061498)
potential : -4.260240 (0.061466)
energy : -2.175477 (0.000123)

kinetic : 2.093732 (0.044449)
potential : -4.269003 (0.044385)
energy : -2.175271 (0.000225)

kinetic : 2.092948 (0.034435)
potential : -4.268178 (0.034387)
energy : -2.175230 (0.000179)

kinetic : 2.128297 (0.045206)
potential : -4.303614 (0.045249)
energy : -2.175317 (0.000170)

kinetic : 2.126077 (0.038271)
potential : -4.301373 (0.038309)
energy : -2.175296 (0.000145)

kinetic : 2.142691 (0.037054)
potential : -4.318035 (0.037105)
energy : -2.175344 (0.000134)

kinetic : 2.160247 (0.037071)
potential : -4.335635 (0.037131)
energy : -2.175388 (0.000127)

kinetic : 2.160607 (0.033154)
potential : -4.336062 (0.033208)
energy : -2.175455 (0.000131)

kinetic : 2.154096 (0.030694)
potential : -4.329549 (0.030743)
energy : -2.175453 (0.000119)

kinetic : 2.157251 (0.028196)
potential : -4.332710 (0.028241)
energy : -2.175459 (0.000108)

kinetic : 2.165697 (0.027284)
potential : -4.341121 (0.027312)
energy : -2.175424 (0.000106)

kinetic : 2.157506 (0.026560)
potential : -4.332918 (0.026590)
energy : -2.175412 (0.000099)

kinetic : 2.159870 (0.024840)
potential : -4.335259 (0.024865)
energy : -2.175389 (0.000094)

kinetic : 2.161890 (0.023319)
potential : -4.337299 (0.023344)
energy : -2.175409 (0.000091)

kinetic : 2.150378 (0.024737)
potential : -4.325777 (0.024762)
energy : -2.175399 (0.000086)

kinetic : 2.158650 (0.024744)
potential : -4.334078 (0.024776)
energy : -2.175427 (0.000085)

kinetic : 2.162357 (0.023706)
potential : -4.337760 (0.023731)
energy : -2.175402 (0.000085)

kinetic : 2.158920 (0.022749)
potential : -4.334329 (0.022772)
energy : -2.175409 (0.000081)

kinetic : 2.154869 (0.022015)
potential : -4.330262 (0.022040)
energy : -2.175393 (0.000078)

kinetic : 2.155497 (0.021003)
potential : -4.330877 (0.021026)
energy : -2.175380 (0.000076)

kinetic : 2.157877 (0.020208)
potential : -4.333261 (0.020231)
energy : -2.175383 (0.000073)

kinetic : 2.153879 (0.019752)
potential : -4.329281 (0.019770)
energy : -2.175402 (0.000072)

kinetic : 2.151710 (0.019069)
potential : -4.327117 (0.019085)
energy : -2.175407 (0.000069)

kinetic : 2.149494 (0.018455)
potential : -4.324900 (0.018470)
energy : -2.175406 (0.000066)

kinetic : 2.144610 (0.018420)
potential : -4.320004 (0.018437)
energy : -2.175394 (0.000065)

kinetic : 2.146227 (0.017823)
potential : -4.321626 (0.017841)
energy : -2.175400 (0.000063)

kinetic : 2.147747 (0.017266)
potential : -4.323164 (0.017284)
energy : -2.175418 (0.000063)

kinetic : 2.145635 (0.016815)
potential : -4.321036 (0.016834)
energy : -2.175400 (0.000063)

kinetic : 2.143249 (0.016436)
potential : -4.318649 (0.016455)
energy : -2.175399 (0.000061)

kinetic : 2.140437 (0.016162)
potential : -4.315824 (0.016182)
energy : -2.175387 (0.000061)

kinetic : 2.141954 (0.015738)
potential : -4.317339 (0.015757)
energy : -2.175385 (0.000059)

kinetic : 2.140934 (0.015302)
potential : -4.316307 (0.015322)
energy : -2.175373 (0.000058)

kinetic : 2.143359 (0.015056)
potential : -4.318736 (0.015075)
energy : -2.175377 (0.000057)

kinetic : 2.138796 (0.015330)
potential : -4.314165 (0.015351)
energy : -2.175369 (0.000056)

kinetic : 2.137041 (0.015015)
potential : -4.312407 (0.015035)
energy : -2.175365 (0.000055)

kinetic : 2.139832 (0.014879)
potential : -4.315189 (0.014896)
energy : -2.175357 (0.000054)

kinetic : 2.144135 (0.015121)
potential : -4.319486 (0.015135)
energy : -2.175351 (0.000053)

kinetic : 2.147206 (0.015059)
potential : -4.322557 (0.015073)
energy : -2.175351 (0.000051)

kinetic : 2.148395 (0.014734)
potential : -4.323745 (0.014748)
energy : -2.175351 (0.000050)

kinetic : 2.148427 (0.014379)
potential : -4.323770 (0.014393)
energy : -2.175344 (0.000049)

kinetic : 2.148186 (0.014042)
potential : -4.323530 (0.014056)
energy : -2.175343 (0.000048)

kinetic : 2.150850 (0.013976)
potential : -4.326194 (0.013988)
energy : -2.175344 (0.000047)

kinetic : 2.149788 (0.013704)
potential : -4.325126 (0.013716)
energy : -2.175338 (0.000046)

kinetic : 2.155838 (0.014703)
potential : -4.331180 (0.014715)
energy : -2.175341 (0.000046)

kinetic : 2.158204 (0.014584)
potential : -4.333524 (0.014593)
energy : -2.175321 (0.000049)

kinetic : 2.159596 (0.014343)
potential : -4.334922 (0.014353)
energy : -2.175326 (0.000049)

kinetic : 2.158015 (0.014136)
potential : -4.333344 (0.014145)
energy : -2.175329 (0.000048)

kinetic : 2.155339 (0.014107)
potential : -4.330664 (0.014116)
energy : -2.175325 (0.000047)

kinetic : 2.153775 (0.013915)
potential : -4.329101 (0.013924)
energy : -2.175326 (0.000046)

kinetic : 2.151172 (0.013889)
potential : -4.326500 (0.013897)
energy : -2.175328 (0.000045)

kinetic : 2.151528 (0.013629)
potential : -4.326852 (0.013637)
energy : -2.175324 (0.000044)

kinetic : 2.151215 (0.013378)
potential : -4.326547 (0.013385)
energy : -2.175332 (0.000044)

kinetic : 2.156004 (0.013977)
potential : -4.331333 (0.013983)
energy : -2.175329 (0.000043)

kinetic : 2.156159 (0.013726)
potential : -4.331477 (0.013732)
energy : -2.175318 (0.000044)

kinetic : 2.158292 (0.013653)
potential : -4.333601 (0.013658)
energy : -2.175308 (0.000044)

kinetic : 2.158910 (0.013430)
potential : -4.334223 (0.013434)
energy : -2.175313 (0.000044)

kinetic : 2.157475 (0.013278)
potential : -4.332791 (0.013282)
energy : -2.175316 (0.000043)

kinetic : 2.156409 (0.013099)
potential : -4.331718 (0.013103)
energy : -2.175310 (0.000043)

kinetic : 2.156291 (0.012883)
potential : -4.331594 (0.012887)
energy : -2.175303 (0.000043)

kinetic : 2.159829 (0.013156)
potential : -4.335136 (0.013161)
energy : -2.175307 (0.000042)

kinetic : 2.159246 (0.012959)
potential : -4.334549 (0.012964)
energy : -2.175303 (0.000042)

kinetic : 2.160288 (0.012796)
potential : -4.335603 (0.012802)
energy : -2.175315 (0.000043)

kinetic : 2.157932 (0.012815)
potential : -4.333245 (0.012821)
energy : -2.175313 (0.000042)

kinetic : 2.156699 (0.012679)
potential : -4.332013 (0.012685)
energy : -2.175313 (0.000041)

kinetic : 2.157398 (0.012508)
potential : -4.332716 (0.012514)
energy : -2.175317 (0.000041)

kinetic : 2.152843 (0.013142)
potential : -4.328151 (0.013152)
energy : -2.175307 (0.000042)

kinetic : 2.152881 (0.012950)
potential : -4.328188 (0.012959)
energy : -2.175307 (0.000041)

kinetic : 2.153814 (0.012798)
potential : -4.329126 (0.012807)
energy : -2.175313 (0.000041)

kinetic : 2.150986 (0.012929)
potential : -4.326297 (0.012938)
energy : -2.175311 (0.000040)

kinetic : 2.150631 (0.012754)
potential : -4.325936 (0.012763)
energy : -2.175306 (0.000040)

kinetic : 2.151757 (0.012628)
potential : -4.327060 (0.012637)
energy : -2.175304 (0.000040)

kinetic : 2.150341 (0.012536)
potential : -4.325649 (0.012545)
energy : -2.175308 (0.000039)

kinetic : 2.149079 (0.012432)
potential : -4.324384 (0.012441)
energy : -2.175306 (0.000039)

kinetic : 2.150711 (0.012376)
potential : -4.326011 (0.012383)
energy : -2.175300 (0.000039)

kinetic : 2.151032 (0.012219)
potential : -4.326326 (0.012226)
energy : -2.175294 (0.000039)

kinetic : 2.152470 (0.012148)
potential : -4.327760 (0.012154)
energy : -2.175290 (0.000038)

kinetic : 2.153368 (0.012026)
potential : -4.328660 (0.012033)
energy : -2.175292 (0.000038)

kinetic : 2.153972 (0.011890)
potential : -4.329265 (0.011897)
energy : -2.175293 (0.000038)

kinetic : 2.155426 (0.011833)
potential : -4.330719 (0.011839)
energy : -2.175293 (0.000037)

kinetic : 2.157954 (0.011958)
potential : -4.333251 (0.011965)
energy : -2.175297 (0.000037)

kinetic : 2.157491 (0.011821)
potential : -4.332792 (0.011828)
energy : -2.175302 (0.000037)

kinetic : 2.155446 (0.011857)
potential : -4.330752 (0.011863)
energy : -2.175306 (0.000037)

kinetic : 2.154531 (0.011754)
potential : -4.329827 (0.011760)
energy : -2.175297 (0.000037)

kinetic : 2.154582 (0.011616)
potential : -4.329879 (0.011623)
energy : -2.175297 (0.000037)

kinetic : 2.154117 (0.011491)
potential : -4.329411 (0.011498)
energy : -2.175295 (0.000037)

kinetic : 2.153725 (0.011366)
potential : -4.329024 (0.011373)
energy : -2.175299 (0.000036)

kinetic : 2.153525 (0.011240)
potential : -4.328815 (0.011247)
energy : -2.175291 (0.000037)

kinetic : 2.155152 (0.011234)
potential : -4.330444 (0.011240)
energy : -2.175292 (0.000036)

kinetic : 2.155150 (0.011110)
potential : -4.330437 (0.011116)
energy : -2.175288 (0.000036)

kinetic : 2.156867 (0.011123)
potential : -4.332153 (0.011129)
energy : -2.175286 (0.000036)

kinetic : 2.156087 (0.011030)
potential : -4.331374 (0.011036)
energy : -2.175286 (0.000036)

kinetic : 2.155743 (0.010918)
potential : -4.331027 (0.010923)
energy : -2.175284 (0.000035)

kinetic : 2.155493 (0.010805)
potential : -4.330777 (0.010811)
energy : -2.175284 (0.000035)

kinetic : 2.154708 (0.010720)
potential : -4.329992 (0.010726)
energy : -2.175284 (0.000034)

kinetic : 2.155902 (0.010677)
potential : -4.331182 (0.010682)
energy : -2.175280 (0.000034)

kinetic : 2.155427 (0.010578)
potential : -4.330704 (0.010583)
energy : -2.175277 (0.000034)

kinetic : 2.156489 (0.010525)
potential : -4.331764 (0.010530)
energy : -2.175275 (0.000034)

kinetic : 2.157712 (0.010491)
potential : -4.332984 (0.010496)
energy : -2.175272 (0.000034)
         kinetic: 2.158(10), Sigma: 3.845, T_corr: 14.9
       potential: -4.333(10), Sigma: 3.847, T_corr: 14.9
          energy: -2.175272(34), Sigma: 0.023, T_corr: 4.2

For tau = 4.00e-01, acceptance ratio = 0.51
Time: 1519.20s
