
kinetic : 2.158069 (inf)
potential : -4.334181 (inf)
energy : -2.176112 (inf)

kinetic : 2.033944 (inf)
potential : -4.208721 (inf)
energy : -2.174777 (inf)

kinetic : 2.112763 (0.078844)
potential : -4.287878 (0.079181)
energy : -2.175115 (0.000338)

kinetic : 2.137649 (0.051881)
potential : -4.312832 (0.052085)
energy : -2.175184 (0.000207)

kinetic : 2.138714 (0.036690)
potential : -4.314042 (0.036839)
energy : -2.175328 (0.000206)

kinetic : 2.121251 (0.033385)
potential : -4.296552 (0.033498)
energy : -2.175301 (0.000162)

kinetic : 2.126052 (0.027700)
potential : -4.301267 (0.027776)
energy : -2.175215 (0.000158)

kinetic : 2.124416 (0.023458)
potential : -4.299687 (0.023518)
energy : -2.175271 (0.000145)

kinetic : 2.120899 (0.020621)
potential : -4.296167 (0.020673)
energy : -2.175268 (0.000125)

kinetic : 2.120021 (0.018205)
potential : -4.295315 (0.018250)
energy : -2.175294 (0.000114)

kinetic : 2.119015 (0.016319)
potential : -4.294241 (0.016363)
energy : -2.175226 (0.000123)

kinetic : 2.115148 (0.015271)
potential : -4.290282 (0.015333)
energy : -2.175135 (0.000144)

kinetic : 2.110070 (0.014840)
potential : -4.285182 (0.014900)
energy : -2.175112 (0.000133)

kinetic : 2.111843 (0.013761)
potential : -4.286994 (0.013822)
energy : -2.175151 (0.000128)

kinetic : 2.117292 (0.013853)
potential : -4.292452 (0.013907)
energy : -2.175159 (0.000119)

kinetic : 2.115133 (0.013076)
potential : -4.290281 (0.013128)
energy : -2.175148 (0.000112)

kinetic : 2.122504 (0.014290)
potential : -4.297634 (0.014323)
energy : -2.175130 (0.000106)

kinetic : 2.133934 (0.017612)
potential : -4.309085 (0.017649)
energy : -2.175150 (0.000101)

kinetic : 2.135444 (0.016677)
potential : -4.310570 (0.016709)
energy : -2.175126 (0.000099)

kinetic : 2.139770 (0.016357)
potential : -4.314915 (0.016391)
energy : -2.175145 (0.000095)

kinetic : 2.138886 (0.015546)
potential : -4.313994 (0.015580)
energy : -2.175108 (0.000098)

kinetic : 2.145515 (0.016204)
potential : -4.320623 (0.016234)
energy : -2.175108 (0.000093)

kinetic : 2.148333 (0.015702)
potential : -4.323457 (0.015733)
energy : -2.175124 (0.000090)

kinetic : 2.148830 (0.015010)
potential : -4.323979 (0.015041)
energy : -2.175149 (0.000090)

kinetic : 2.145629 (0.014724)
potential : -4.320768 (0.014755)
energy : -2.175139 (0.000086)

kinetic : 2.149349 (0.014601)
potential : -4.324503 (0.014633)
energy : -2.175153 (0.000084)

kinetic : 2.147316 (0.014177)
potential : -4.322450 (0.014210)
energy : -2.175134 (0.000083)

kinetic : 2.148121 (0.013664)
potential : -4.323264 (0.013697)
energy : -2.175143 (0.000080)

kinetic : 2.147723 (0.013172)
potential : -4.322877 (0.013203)
energy : -2.175155 (0.000078)

kinetic : 2.151114 (0.013152)
potential : -4.326290 (0.013187)
energy : -2.175176 (0.000078)

kinetic : 2.150276 (0.012733)
potential : -4.325465 (0.012765)
energy : -2.175189 (0.000077)

kinetic : 2.149576 (0.012336)
potential : -4.324759 (0.012367)
energy : -2.175183 (0.000075)

kinetic : 2.150588 (0.011986)
potential : -4.325799 (0.012019)
energy : -2.175211 (0.000078)

kinetic : 2.151906 (0.011691)
potential : -4.327130 (0.011724)
energy : -2.175224 (0.000076)

kinetic : 2.155078 (0.011775)
potential : -4.330306 (0.011807)
energy : -2.175227 (0.000074)

kinetic : 2.152495 (0.011722)
potential : -4.327719 (0.011753)
energy : -2.175224 (0.000072)

kinetic : 2.152112 (0.011399)
potential : -4.327320 (0.011430)
energy : -2.175207 (0.000072)

kinetic : 2.154957 (0.011445)
potential : -4.330172 (0.011475)
energy : -2.175215 (0.000070)

kinetic : 2.156090 (0.011197)
potential : -4.331301 (0.011226)
energy : -2.175211 (0.000069)

kinetic : 2.158445 (0.011155)
potential : -4.333681 (0.011189)
energy : -2.175236 (0.000072)

kinetic : 2.161795 (0.011379)
potential : -4.337028 (0.011409)
energy : -2.175233 (0.000070)

kinetic : 2.161285 (0.011110)
potential : -4.336515 (0.011140)
energy : -2.175230 (0.000068)

kinetic : 2.164769 (0.011389)
potential : -4.340003 (0.011418)
energy : -2.175234 (0.000067)

kinetic : 2.163304 (0.011216)
potential : -4.338542 (0.011244)
energy : -2.175239 (0.000065)

kinetic : 2.165527 (0.011184)
potential : -4.340752 (0.011207)
energy : -2.175225 (0.000065)

kinetic : 2.164920 (0.010949)
potential : -4.340144 (0.010972)
energy : -2.175224 (0.000064)

kinetic : 2.162548 (0.010968)
potential : -4.337776 (0.010989)
energy : -2.175228 (0.000063)

kinetic : 2.161930 (0.010750)
potential : -4.337153 (0.010770)
energy : -2.175222 (0.000062)

kinetic : 2.162026 (0.010523)
potential : -4.337256 (0.010544)
energy : -2.175230 (0.000061)

kinetic : 2.161967 (0.010307)
potential : -4.337199 (0.010326)
energy : -2.175232 (0.000059)

kinetic : 2.162737 (0.010128)
potential : -4.337971 (0.010147)
energy : -2.175235 (0.000058)

kinetic : 2.162888 (0.009929)
potential : -4.338115 (0.009948)
energy : -2.175227 (0.000058)

kinetic : 2.161406 (0.009847)
potential : -4.336637 (0.009866)
energy : -2.175231 (0.000057)

kinetic : 2.161342 (0.009660)
potential : -4.336570 (0.009678)
energy : -2.175228 (0.000056)

kinetic : 2.162079 (0.009508)
potential : -4.337305 (0.009526)
energy : -2.175226 (0.000055)

kinetic : 2.160986 (0.009397)
potential : -4.336213 (0.009414)
energy : -2.175226 (0.000054)

kinetic : 2.161478 (0.009241)
potential : -4.336707 (0.009258)
energy : -2.175230 (0.000053)

kinetic : 2.163396 (0.009277)
potential : -4.338633 (0.009295)
energy : -2.175237 (0.000052)

kinetic : 2.162156 (0.009200)
potential : -4.337388 (0.009218)
energy : -2.175232 (0.000052)

kinetic : 2.162767 (0.009063)
potential : -4.337999 (0.009081)
energy : -2.175232 (0.000051)

kinetic : 2.164848 (0.009151)
potential : -4.340080 (0.009167)
energy : -2.175232 (0.000050)

kinetic : 2.166331 (0.009122)
potential : -4.341561 (0.009137)
energy : -2.175230 (0.000049)

kinetic : 2.164815 (0.009102)
potential : -4.340036 (0.009118)
energy : -2.175221 (0.000049)

kinetic : 2.163742 (0.009019)
potential : -4.338972 (0.009035)
energy : -2.175230 (0.000049)

kinetic : 2.164593 (0.008918)
potential : -4.339825 (0.008933)
energy : -2.175232 (0.000049)

kinetic : 2.164524 (0.008780)
potential : -4.339751 (0.008795)
energy : -2.175227 (0.000048)

kinetic : 2.165379 (0.008688)
potential : -4.340612 (0.008704)
energy : -2.175233 (0.000048)

kinetic : 2.164317 (0.008624)
potential : -4.339541 (0.008640)
energy : -2.175224 (0.000048)

kinetic : 2.163143 (0.008577)
potential : -4.338368 (0.008592)
energy : -2.175226 (0.000047)

kinetic : 2.163588 (0.008463)
potential : -4.338816 (0.008478)
energy : -2.175228 (0.000046)

kinetic : 2.163931 (0.008349)
potential : -4.339152 (0.008363)
energy : -2.175221 (0.000046)

kinetic : 2.163969 (0.008231)
potential : -4.339182 (0.008245)
energy : -2.175213 (0.000046)

kinetic : 2.164566 (0.008137)
potential : -4.339782 (0.008152)
energy : -2.175216 (0.000046)

kinetic : 2.165799 (0.008119)
potential : -4.341016 (0.008133)
energy : -2.175217 (0.000045)

kinetic : 2.165203 (0.008031)
potential : -4.340422 (0.008045)
energy : -2.175219 (0.000045)

kinetic : 2.165058 (0.007924)
potential : -4.340279 (0.007938)
energy : -2.175221 (0.000044)

kinetic : 2.165180 (0.007820)
potential : -4.340409 (0.007833)
energy : -2.175229 (0.000044)

kinetic : 2.166218 (0.007787)
potential : -4.341453 (0.007801)
energy : -2.175236 (0.000044)

kinetic : 2.166206 (0.007686)
potential : -4.341449 (0.007700)
energy : -2.175243 (0.000044)

kinetic : 2.166568 (0.007597)
potential : -4.341813 (0.007611)
energy : -2.175245 (0.000044)

kinetic : 2.168771 (0.007816)
potential : -4.344023 (0.007831)
energy : -2.175252 (0.000044)

kinetic : 2.170020 (0.007819)
potential : -4.345274 (0.007834)
energy : -2.175254 (0.000043)

kinetic : 2.170406 (0.007733)
potential : -4.345654 (0.007747)
energy : -2.175248 (0.000043)

kinetic : 2.172325 (0.007875)
potential : -4.347581 (0.007891)
energy : -2.175256 (0.000043)

kinetic : 2.173305 (0.007842)
potential : -4.348556 (0.007857)
energy : -2.175251 (0.000043)

kinetic : 2.173254 (0.007750)
potential : -4.348499 (0.007765)
energy : -2.175245 (0.000043)

kinetic : 2.173271 (0.007659)
potential : -4.348520 (0.007674)
energy : -2.175250 (0.000043)

kinetic : 2.174951 (0.007754)
potential : -4.350203 (0.007769)
energy : -2.175252 (0.000042)

kinetic : 2.174437 (0.007683)
potential : -4.349683 (0.007698)
energy : -2.175245 (0.000042)

kinetic : 2.174551 (0.007598)
potential : -4.349791 (0.007612)
energy : -2.175241 (0.000042)

kinetic : 2.174525 (0.007513)
potential : -4.349769 (0.007527)
energy : -2.175244 (0.000042)

kinetic : 2.175891 (0.007554)
potential : -4.351135 (0.007568)
energy : -2.175244 (0.000041)

kinetic : 2.177523 (0.007648)
potential : -4.352771 (0.007662)
energy : -2.175248 (0.000041)

kinetic : 2.176916 (0.007589)
potential : -4.352166 (0.007603)
energy : -2.175250 (0.000041)

kinetic : 2.177227 (0.007514)
potential : -4.352485 (0.007528)
energy : -2.175258 (0.000041)

kinetic : 2.176507 (0.007469)
potential : -4.351769 (0.007483)
energy : -2.175262 (0.000041)

kinetic : 2.176615 (0.007391)
potential : -4.351878 (0.007405)
energy : -2.175264 (0.000040)

kinetic : 2.176462 (0.007317)
potential : -4.351720 (0.007330)
energy : -2.175257 (0.000040)

kinetic : 2.176394 (0.007242)
potential : -4.351655 (0.007255)
energy : -2.175261 (0.000040)

kinetic : 2.176273 (0.007169)
potential : -4.351532 (0.007183)
energy : -2.175259 (0.000040)

kinetic : 2.176454 (0.007100)
potential : -4.351709 (0.007113)
energy : -2.175255 (0.000040)
         kinetic: 2.1765(71), Sigma: 3.965, T_corr: 6.4
       potential: -4.3517(71), Sigma: 3.968, T_corr: 6.4
          energy: -2.175255(40), Sigma: 0.024, T_corr: 5.6

For tau = 1.50e-01, acceptance ratio = 0.77
Time: 1465.24s
