
kinetic : 1.915237 (inf)
potential : -4.091189 (inf)
energy : -2.175951 (inf)

kinetic : 2.028933 (inf)
potential : -4.203959 (inf)
energy : -2.175026 (inf)

kinetic : 2.088877 (0.060115)
potential : -4.264318 (0.060532)
energy : -2.175441 (0.000417)

kinetic : 2.092931 (0.035022)
potential : -4.268043 (0.035225)
energy : -2.175112 (0.000410)

kinetic : 2.108416 (0.029240)
potential : -4.283331 (0.029258)
energy : -2.174915 (0.000351)

kinetic : 2.137732 (0.036981)
potential : -4.312865 (0.037162)
energy : -2.175133 (0.000348)

kinetic : 2.145794 (0.031249)
potential : -4.320916 (0.031388)
energy : -2.175122 (0.000284)

kinetic : 2.138010 (0.027526)
potential : -4.313216 (0.027616)
energy : -2.175206 (0.000255)

kinetic : 2.124881 (0.027197)
potential : -4.300132 (0.027244)
energy : -2.175251 (0.000225)

kinetic : 2.123803 (0.024008)
potential : -4.299057 (0.024049)
energy : -2.175254 (0.000198)

kinetic : 2.117557 (0.022352)
potential : -4.292823 (0.022383)
energy : -2.175266 (0.000178)

kinetic : 2.109905 (0.021612)
potential : -4.285192 (0.021632)
energy : -2.175287 (0.000162)

kinetic : 2.107162 (0.019928)
potential : -4.282357 (0.019958)
energy : -2.175195 (0.000174)

kinetic : 2.137041 (0.035090)
potential : -4.312226 (0.035095)
energy : -2.175184 (0.000161)

kinetic : 2.130233 (0.033200)
potential : -4.305426 (0.033203)
energy : -2.175193 (0.000149)

kinetic : 2.140746 (0.032640)
potential : -4.316036 (0.032674)
energy : -2.175290 (0.000169)

kinetic : 2.141296 (0.030536)
potential : -4.316605 (0.030568)
energy : -2.175308 (0.000159)

kinetic : 2.146576 (0.029168)
potential : -4.321875 (0.029196)
energy : -2.175299 (0.000150)

kinetic : 2.142420 (0.027811)
potential : -4.317711 (0.027838)
energy : -2.175291 (0.000142)

kinetic : 2.147241 (0.026739)
potential : -4.322520 (0.026762)
energy : -2.175279 (0.000134)

kinetic : 2.139062 (0.026659)
potential : -4.314326 (0.026685)
energy : -2.175264 (0.000128)

kinetic : 2.135592 (0.025598)
potential : -4.310858 (0.025622)
energy : -2.175266 (0.000122)

kinetic : 2.131444 (0.024761)
potential : -4.306696 (0.024786)
energy : -2.175252 (0.000117)

kinetic : 2.130532 (0.023674)
potential : -4.305811 (0.023696)
energy : -2.175278 (0.000115)

kinetic : 2.136490 (0.023444)
potential : -4.311742 (0.023459)
energy : -2.175252 (0.000113)

kinetic : 2.126321 (0.024675)
potential : -4.301552 (0.024697)
energy : -2.175231 (0.000111)

kinetic : 2.127112 (0.023721)
potential : -4.302341 (0.023742)
energy : -2.175230 (0.000107)

kinetic : 2.130266 (0.023050)
potential : -4.305471 (0.023066)
energy : -2.175206 (0.000105)

kinetic : 2.142335 (0.025271)
potential : -4.317580 (0.025304)
energy : -2.175244 (0.000109)

kinetic : 2.148150 (0.025063)
potential : -4.323398 (0.025094)
energy : -2.175248 (0.000105)

kinetic : 2.138086 (0.026205)
potential : -4.313356 (0.026225)
energy : -2.175270 (0.000104)

kinetic : 2.138578 (0.025351)
potential : -4.313842 (0.025370)
energy : -2.175263 (0.000100)

kinetic : 2.142137 (0.024804)
potential : -4.317413 (0.024823)
energy : -2.175275 (0.000098)

kinetic : 2.154453 (0.027006)
potential : -4.329757 (0.027036)
energy : -2.175304 (0.000099)

kinetic : 2.161121 (0.027035)
potential : -4.336429 (0.027064)
energy : -2.175307 (0.000096)

kinetic : 2.156664 (0.026632)
potential : -4.331957 (0.026662)
energy : -2.175293 (0.000095)

kinetic : 2.151516 (0.026385)
potential : -4.326801 (0.026416)
energy : -2.175285 (0.000092)

kinetic : 2.150261 (0.025690)
potential : -4.325561 (0.025719)
energy : -2.175300 (0.000091)

kinetic : 2.151339 (0.025026)
potential : -4.326635 (0.025054)
energy : -2.175296 (0.000089)

kinetic : 2.157433 (0.025125)
potential : -4.332748 (0.025156)
energy : -2.175316 (0.000088)

kinetic : 2.165399 (0.025758)
potential : -4.340728 (0.025791)
energy : -2.175329 (0.000087)

kinetic : 2.163718 (0.025175)
potential : -4.339062 (0.025206)
energy : -2.175344 (0.000086)

kinetic : 2.166671 (0.024745)
potential : -4.342013 (0.024775)
energy : -2.175342 (0.000084)

kinetic : 2.165987 (0.024172)
potential : -4.341323 (0.024202)
energy : -2.175335 (0.000083)

kinetic : 2.172462 (0.024496)
potential : -4.347776 (0.024518)
energy : -2.175314 (0.000084)

kinetic : 2.171991 (0.023951)
potential : -4.347293 (0.023972)
energy : -2.175302 (0.000083)

kinetic : 2.172804 (0.023437)
potential : -4.348111 (0.023459)
energy : -2.175307 (0.000081)

kinetic : 2.176989 (0.023314)
potential : -4.352301 (0.023335)
energy : -2.175312 (0.000079)

kinetic : 2.180866 (0.023155)
potential : -4.356170 (0.023175)
energy : -2.175304 (0.000078)

kinetic : 2.183378 (0.022817)
potential : -4.358689 (0.022836)
energy : -2.175311 (0.000077)

kinetic : 2.182339 (0.022380)
potential : -4.357652 (0.022399)
energy : -2.175313 (0.000075)

kinetic : 2.184143 (0.022011)
potential : -4.359463 (0.022030)
energy : -2.175320 (0.000074)

kinetic : 2.183925 (0.021584)
potential : -4.359254 (0.021603)
energy : -2.175328 (0.000073)

kinetic : 2.180087 (0.021520)
potential : -4.355405 (0.021540)
energy : -2.175318 (0.000073)

kinetic : 2.178896 (0.021151)
potential : -4.354208 (0.021170)
energy : -2.175312 (0.000071)

kinetic : 2.177985 (0.020783)
potential : -4.353292 (0.020802)
energy : -2.175307 (0.000070)

kinetic : 2.181417 (0.020692)
potential : -4.356731 (0.020712)
energy : -2.175314 (0.000069)

kinetic : 2.176972 (0.020804)
potential : -4.352292 (0.020822)
energy : -2.175319 (0.000068)

kinetic : 2.180136 (0.020686)
potential : -4.355461 (0.020704)
energy : -2.175325 (0.000067)

kinetic : 2.178894 (0.020369)
potential : -4.354227 (0.020387)
energy : -2.175333 (0.000067)

kinetic : 2.180314 (0.020077)
potential : -4.355650 (0.020095)
energy : -2.175336 (0.000066)

kinetic : 2.179630 (0.019756)
potential : -4.354962 (0.019774)
energy : -2.175332 (0.000065)

kinetic : 2.176557 (0.019679)
potential : -4.351881 (0.019697)
energy : -2.175325 (0.000064)

kinetic : 2.177669 (0.019396)
potential : -4.353000 (0.019414)
energy : -2.175331 (0.000063)

kinetic : 2.175980 (0.019165)
potential : -4.351309 (0.019183)
energy : -2.175329 (0.000063)

kinetic : 2.173839 (0.018990)
potential : -4.349173 (0.019007)
energy : -2.175334 (0.000062)

kinetic : 2.172161 (0.018776)
potential : -4.347494 (0.018793)
energy : -2.175333 (0.000061)

kinetic : 2.173377 (0.018534)
potential : -4.348713 (0.018550)
energy : -2.175336 (0.000060)

kinetic : 2.172513 (0.018279)
potential : -4.347843 (0.018296)
energy : -2.175330 (0.000059)

kinetic : 2.171884 (0.018023)
potential : -4.347214 (0.018039)
energy : -2.175330 (0.000059)

kinetic : 2.170699 (0.017802)
potential : -4.346049 (0.017817)
energy : -2.175350 (0.000061)

kinetic : 2.169410 (0.017598)
potential : -4.344749 (0.017613)
energy : -2.175339 (0.000061)

kinetic : 2.169943 (0.017360)
potential : -4.345272 (0.017375)
energy : -2.175330 (0.000061)

kinetic : 2.169794 (0.017121)
potential : -4.345126 (0.017136)
energy : -2.175332 (0.000060)

kinetic : 2.167942 (0.016990)
potential : -4.343274 (0.017004)
energy : -2.175332 (0.000059)

kinetic : 2.165666 (0.016917)
potential : -4.340991 (0.016932)
energy : -2.175325 (0.000059)

kinetic : 2.169209 (0.017058)
potential : -4.344544 (0.017075)
energy : -2.175334 (0.000059)

kinetic : 2.168737 (0.016842)
potential : -4.344071 (0.016858)
energy : -2.175333 (0.000058)

kinetic : 2.166705 (0.016750)
potential : -4.342031 (0.016767)
energy : -2.175326 (0.000058)

kinetic : 2.165086 (0.016615)
potential : -4.340417 (0.016631)
energy : -2.175332 (0.000057)

kinetic : 2.164792 (0.016409)
potential : -4.340126 (0.016425)
energy : -2.175334 (0.000057)

kinetic : 2.163896 (0.016231)
potential : -4.339230 (0.016247)
energy : -2.175334 (0.000056)

kinetic : 2.161395 (0.016227)
potential : -4.336727 (0.016242)
energy : -2.175332 (0.000055)

kinetic : 2.160136 (0.016080)
potential : -4.335464 (0.016095)
energy : -2.175328 (0.000055)

kinetic : 2.159703 (0.015893)
potential : -4.335026 (0.015909)
energy : -2.175322 (0.000054)

kinetic : 2.158165 (0.015780)
potential : -4.333495 (0.015795)
energy : -2.175330 (0.000054)

kinetic : 2.157238 (0.015625)
potential : -4.332566 (0.015639)
energy : -2.175328 (0.000054)

kinetic : 2.155728 (0.015518)
potential : -4.331050 (0.015532)
energy : -2.175322 (0.000053)

kinetic : 2.154057 (0.015431)
potential : -4.329379 (0.015445)
energy : -2.175323 (0.000053)

kinetic : 2.154927 (0.015282)
potential : -4.330250 (0.015296)
energy : -2.175323 (0.000052)

kinetic : 2.155186 (0.015113)
potential : -4.330512 (0.015127)
energy : -2.175326 (0.000052)

kinetic : 2.154263 (0.014975)
potential : -4.329585 (0.014989)
energy : -2.175322 (0.000051)

kinetic : 2.153352 (0.014840)
potential : -4.328676 (0.014854)
energy : -2.175324 (0.000051)

kinetic : 2.153615 (0.014682)
potential : -4.328937 (0.014695)
energy : -2.175323 (0.000050)

kinetic : 2.152838 (0.014545)
potential : -4.328161 (0.014559)
energy : -2.175323 (0.000050)

kinetic : 2.152088 (0.014411)
potential : -4.327415 (0.014424)
energy : -2.175327 (0.000049)

kinetic : 2.152561 (0.014267)
potential : -4.327891 (0.014281)
energy : -2.175330 (0.000049)

kinetic : 2.153115 (0.014130)
potential : -4.328443 (0.014143)
energy : -2.175328 (0.000048)

kinetic : 2.151746 (0.014051)
potential : -4.327075 (0.014064)
energy : -2.175330 (0.000048)

kinetic : 2.151049 (0.013926)
potential : -4.326387 (0.013938)
energy : -2.175338 (0.000048)

kinetic : 2.148973 (0.013941)
potential : -4.324311 (0.013953)
energy : -2.175338 (0.000048)
         kinetic: 2.149(14), Sigma: 3.865, T_corr: 26.0
       potential: -4.324(14), Sigma: 3.867, T_corr: 26.0
          energy: -2.175338(48), Sigma: 0.023, T_corr: 8.2

For tau = 6.00e-01, acceptance ratio = 0.38
Time: 1320.67s
