
kinetic : 2.018149 (inf)
potential : -4.194989 (inf)
energy : -2.176840 (inf)

kinetic : 2.049960 (inf)
potential : -4.225108 (inf)
energy : -2.175148 (inf)

kinetic : 2.063103 (0.013173)
potential : -4.238175 (0.013097)
energy : -2.175072 (0.000076)

kinetic : 2.086712 (0.024750)
potential : -4.261783 (0.024735)
energy : -2.175071 (0.000044)

kinetic : 2.091178 (0.018096)
potential : -4.266113 (0.018052)
energy : -2.174934 (0.000141)

kinetic : 2.109049 (0.022700)
potential : -4.284044 (0.022727)
energy : -2.174995 (0.000125)

kinetic : 2.142306 (0.037990)
potential : -4.317436 (0.038119)
energy : -2.175130 (0.000169)

kinetic : 2.132448 (0.033616)
potential : -4.307599 (0.033713)
energy : -2.175152 (0.000144)

kinetic : 2.158658 (0.039240)
potential : -4.333687 (0.039221)
energy : -2.175029 (0.000175)

kinetic : 2.129402 (0.045267)
potential : -4.304497 (0.045212)
energy : -2.175095 (0.000168)

kinetic : 2.167913 (0.055926)
potential : -4.343005 (0.055889)
energy : -2.175092 (0.000150)

kinetic : 2.159218 (0.051337)
potential : -4.334314 (0.051303)
energy : -2.175096 (0.000136)

kinetic : 2.165898 (0.047335)
potential : -4.340986 (0.047303)
energy : -2.175089 (0.000124)

kinetic : 2.166186 (0.043536)
potential : -4.341293 (0.043507)
energy : -2.175107 (0.000116)

kinetic : 2.183729 (0.043972)
potential : -4.358773 (0.043923)
energy : -2.175045 (0.000124)

kinetic : 2.187605 (0.041124)
potential : -4.362675 (0.041080)
energy : -2.175070 (0.000118)

kinetic : 2.196928 (0.039564)
potential : -4.372071 (0.039542)
energy : -2.175143 (0.000132)

kinetic : 2.204228 (0.037867)
potential : -4.379410 (0.037854)
energy : -2.175182 (0.000130)

kinetic : 2.202614 (0.035738)
potential : -4.377804 (0.035725)
energy : -2.175189 (0.000123)

kinetic : 2.191491 (0.035583)
potential : -4.366696 (0.035566)
energy : -2.175205 (0.000117)

kinetic : 2.192149 (0.033768)
potential : -4.367338 (0.033752)
energy : -2.175189 (0.000113)

kinetic : 2.190645 (0.032156)
potential : -4.365841 (0.032140)
energy : -2.175196 (0.000107)

kinetic : 2.185649 (0.031063)
potential : -4.360854 (0.031047)
energy : -2.175205 (0.000103)

kinetic : 2.184397 (0.029709)
potential : -4.359568 (0.029695)
energy : -2.175171 (0.000104)

kinetic : 2.182591 (0.028500)
potential : -4.357796 (0.028485)
energy : -2.175205 (0.000105)

kinetic : 2.183890 (0.027367)
potential : -4.359096 (0.027352)
energy : -2.175205 (0.000101)

kinetic : 2.179646 (0.026631)
potential : -4.354866 (0.026615)
energy : -2.175220 (0.000098)

kinetic : 2.177635 (0.025705)
potential : -4.352842 (0.025691)
energy : -2.175207 (0.000095)

kinetic : 2.171448 (0.025529)
potential : -4.346653 (0.025516)
energy : -2.175206 (0.000091)

kinetic : 2.176256 (0.025094)
potential : -4.351470 (0.025083)
energy : -2.175214 (0.000089)

kinetic : 2.179465 (0.024457)
potential : -4.354665 (0.024444)
energy : -2.175199 (0.000087)

kinetic : 2.170551 (0.025282)
potential : -4.345740 (0.025275)
energy : -2.175188 (0.000085)

kinetic : 2.180116 (0.026281)
potential : -4.355321 (0.026281)
energy : -2.175205 (0.000084)

kinetic : 2.182509 (0.025584)
potential : -4.357718 (0.025584)
energy : -2.175209 (0.000081)

kinetic : 2.184653 (0.024913)
potential : -4.359860 (0.024913)
energy : -2.175208 (0.000079)

kinetic : 2.181842 (0.024355)
potential : -4.357025 (0.024358)
energy : -2.175183 (0.000080)

kinetic : 2.192665 (0.026023)
potential : -4.367869 (0.026033)
energy : -2.175204 (0.000081)

kinetic : 2.190546 (0.025399)
potential : -4.365741 (0.025410)
energy : -2.175195 (0.000079)

kinetic : 2.191281 (0.024732)
potential : -4.366464 (0.024743)
energy : -2.175183 (0.000078)

kinetic : 2.207706 (0.029119)
potential : -4.382896 (0.029132)
energy : -2.175191 (0.000076)

kinetic : 2.206499 (0.028407)
potential : -4.381697 (0.028419)
energy : -2.175198 (0.000075)

kinetic : 2.205211 (0.027733)
potential : -4.380433 (0.027744)
energy : -2.175222 (0.000077)

kinetic : 2.203954 (0.027093)
potential : -4.379194 (0.027102)
energy : -2.175240 (0.000077)

kinetic : 2.198765 (0.026961)
potential : -4.374003 (0.026971)
energy : -2.175239 (0.000075)

kinetic : 2.199568 (0.026355)
potential : -4.374798 (0.026364)
energy : -2.175230 (0.000074)

kinetic : 2.197554 (0.025842)
potential : -4.372781 (0.025851)
energy : -2.175227 (0.000072)

kinetic : 2.194745 (0.025431)
potential : -4.369973 (0.025440)
energy : -2.175228 (0.000071)

kinetic : 2.197076 (0.024996)
potential : -4.372296 (0.025003)
energy : -2.175220 (0.000070)

kinetic : 2.195018 (0.024555)
potential : -4.370241 (0.024563)
energy : -2.175223 (0.000068)

kinetic : 2.191791 (0.024263)
potential : -4.367022 (0.024269)
energy : -2.175231 (0.000067)

kinetic : 2.192210 (0.023778)
potential : -4.367448 (0.023784)
energy : -2.175238 (0.000066)

kinetic : 2.190218 (0.023391)
potential : -4.365461 (0.023397)
energy : -2.175244 (0.000065)

kinetic : 2.186460 (0.023240)
potential : -4.361712 (0.023244)
energy : -2.175252 (0.000065)

kinetic : 2.186706 (0.022799)
potential : -4.361956 (0.022803)
energy : -2.175250 (0.000063)

kinetic : 2.185612 (0.022400)
potential : -4.360865 (0.022404)
energy : -2.175253 (0.000062)

kinetic : 2.184079 (0.022042)
potential : -4.359342 (0.022045)
energy : -2.175263 (0.000062)

kinetic : 2.183683 (0.021647)
potential : -4.358957 (0.021650)
energy : -2.175275 (0.000062)

kinetic : 2.182100 (0.021324)
potential : -4.357369 (0.021327)
energy : -2.175269 (0.000061)

kinetic : 2.186131 (0.021339)
potential : -4.361399 (0.021341)
energy : -2.175268 (0.000060)

kinetic : 2.186698 (0.020983)
potential : -4.361953 (0.020985)
energy : -2.175254 (0.000060)

kinetic : 2.184603 (0.020736)
potential : -4.359863 (0.020738)
energy : -2.175260 (0.000060)

kinetic : 2.183877 (0.020407)
potential : -4.359135 (0.020409)
energy : -2.175257 (0.000059)

kinetic : 2.184729 (0.020093)
potential : -4.360002 (0.020096)
energy : -2.175273 (0.000060)

kinetic : 2.186043 (0.019815)
potential : -4.361319 (0.019818)
energy : -2.175276 (0.000059)

kinetic : 2.184574 (0.019558)
potential : -4.359845 (0.019561)
energy : -2.175271 (0.000058)

kinetic : 2.182486 (0.019367)
potential : -4.357766 (0.019368)
energy : -2.175280 (0.000058)

kinetic : 2.179137 (0.019365)
potential : -4.354408 (0.019368)
energy : -2.175272 (0.000058)

kinetic : 2.176855 (0.019209)
potential : -4.352137 (0.019211)
energy : -2.175282 (0.000058)

kinetic : 2.178430 (0.018992)
potential : -4.353702 (0.018993)
energy : -2.175272 (0.000058)

kinetic : 2.178637 (0.018717)
potential : -4.353898 (0.018718)
energy : -2.175261 (0.000058)

kinetic : 2.179744 (0.018482)
potential : -4.355001 (0.018483)
energy : -2.175257 (0.000057)

kinetic : 2.177555 (0.018350)
potential : -4.352812 (0.018351)
energy : -2.175257 (0.000056)

kinetic : 2.177012 (0.018103)
potential : -4.352262 (0.018104)
energy : -2.175250 (0.000056)

kinetic : 2.175790 (0.017896)
potential : -4.351035 (0.017897)
energy : -2.175246 (0.000055)

kinetic : 2.177783 (0.017767)
potential : -4.353017 (0.017767)
energy : -2.175234 (0.000056)

kinetic : 2.177691 (0.017528)
potential : -4.352931 (0.017528)
energy : -2.175240 (0.000055)

kinetic : 2.177486 (0.017298)
potential : -4.352717 (0.017298)
energy : -2.175230 (0.000056)

kinetic : 2.179711 (0.017215)
potential : -4.354943 (0.017215)
energy : -2.175232 (0.000055)

kinetic : 2.179375 (0.016997)
potential : -4.354600 (0.016998)
energy : -2.175225 (0.000055)

kinetic : 2.178832 (0.016789)
potential : -4.354060 (0.016789)
energy : -2.175228 (0.000054)

kinetic : 2.177450 (0.016635)
potential : -4.352682 (0.016635)
energy : -2.175232 (0.000054)

kinetic : 2.178497 (0.016464)
potential : -4.353713 (0.016463)
energy : -2.175217 (0.000055)

kinetic : 2.176023 (0.016452)
potential : -4.351240 (0.016450)
energy : -2.175217 (0.000054)

kinetic : 2.176464 (0.016258)
potential : -4.351685 (0.016257)
energy : -2.175221 (0.000054)

kinetic : 2.177715 (0.016112)
potential : -4.352934 (0.016111)
energy : -2.175219 (0.000053)

kinetic : 2.177203 (0.015930)
potential : -4.352417 (0.015929)
energy : -2.175214 (0.000053)

kinetic : 2.176744 (0.015750)
potential : -4.351963 (0.015749)
energy : -2.175219 (0.000052)

kinetic : 2.175536 (0.015615)
potential : -4.350757 (0.015613)
energy : -2.175221 (0.000052)

kinetic : 2.175758 (0.015438)
potential : -4.350981 (0.015437)
energy : -2.175223 (0.000051)

kinetic : 2.177055 (0.015318)
potential : -4.352276 (0.015317)
energy : -2.175221 (0.000051)

kinetic : 2.175417 (0.015237)
potential : -4.350633 (0.015236)
energy : -2.175216 (0.000050)

kinetic : 2.177666 (0.015235)
potential : -4.352886 (0.015235)
energy : -2.175220 (0.000050)

kinetic : 2.179703 (0.015206)
potential : -4.354927 (0.015206)
energy : -2.175224 (0.000050)

kinetic : 2.178211 (0.015116)
potential : -4.353429 (0.015116)
energy : -2.175218 (0.000049)

kinetic : 2.178246 (0.014954)
potential : -4.353460 (0.014955)
energy : -2.175214 (0.000049)

kinetic : 2.178144 (0.014797)
potential : -4.353356 (0.014798)
energy : -2.175212 (0.000049)

kinetic : 2.180219 (0.014788)
potential : -4.355432 (0.014789)
energy : -2.175213 (0.000048)

kinetic : 2.177639 (0.014861)
potential : -4.352849 (0.014863)
energy : -2.175210 (0.000048)

kinetic : 2.176912 (0.014727)
potential : -4.352124 (0.014728)
energy : -2.175212 (0.000047)

kinetic : 2.178099 (0.014626)
potential : -4.353312 (0.014627)
energy : -2.175213 (0.000047)

kinetic : 2.178950 (0.014504)
potential : -4.354161 (0.014505)
energy : -2.175211 (0.000046)
         kinetic: 2.179(15), Sigma: 4.222, T_corr: 23.6
       potential: -4.354(15), Sigma: 4.224, T_corr: 23.6
          energy: -2.175211(46), Sigma: 0.023, T_corr: 8.0

For tau = 5.00e-01, acceptance ratio = 0.44
Time: 1347.89s
