
kinetic : 2.882960 (inf)
potential : -5.057916 (inf)
energy : -2.174957 (inf)

kinetic : 2.151319 (inf)
potential : -4.326631 (inf)
energy : -2.175312 (inf)

kinetic : 2.062264 (0.089141)
potential : -4.237537 (0.089180)
energy : -2.175273 (0.000039)

kinetic : 2.066542 (0.051655)
potential : -4.241641 (0.051663)
energy : -2.175099 (0.000175)

kinetic : 2.110158 (0.056752)
potential : -4.285430 (0.056887)
energy : -2.175272 (0.000212)

kinetic : 2.126225 (0.046829)
potential : -4.301458 (0.046914)
energy : -2.175234 (0.000168)

kinetic : 2.122830 (0.038383)
potential : -4.298075 (0.038451)
energy : -2.175245 (0.000138)

kinetic : 2.120649 (0.032514)
potential : -4.295905 (0.032571)
energy : -2.175256 (0.000117)

kinetic : 2.117781 (0.028299)
potential : -4.293030 (0.028348)
energy : -2.175249 (0.000102)

kinetic : 2.115723 (0.025046)
potential : -4.290939 (0.025092)
energy : -2.175216 (0.000096)

kinetic : 2.149704 (0.040665)
potential : -4.324962 (0.040723)
energy : -2.175258 (0.000095)

kinetic : 2.150368 (0.036795)
potential : -4.325572 (0.036847)
energy : -2.175204 (0.000102)

kinetic : 2.153986 (0.033783)
potential : -4.329198 (0.033831)
energy : -2.175212 (0.000093)

kinetic : 2.166785 (0.033609)
potential : -4.342031 (0.033663)
energy : -2.175246 (0.000092)

kinetic : 2.162661 (0.031389)
potential : -4.337897 (0.031440)
energy : -2.175235 (0.000086)

kinetic : 2.170473 (0.030248)
potential : -4.345697 (0.030290)
energy : -2.175224 (0.000081)

kinetic : 2.180585 (0.030046)
potential : -4.355807 (0.030083)
energy : -2.175222 (0.000076)

kinetic : 2.180922 (0.028230)
potential : -4.356111 (0.028264)
energy : -2.175189 (0.000079)

kinetic : 2.173109 (0.027742)
potential : -4.348282 (0.027778)
energy : -2.175173 (0.000076)

kinetic : 2.170620 (0.026359)
potential : -4.345804 (0.026391)
energy : -2.175184 (0.000073)

kinetic : 2.171256 (0.025013)
potential : -4.346444 (0.025044)
energy : -2.175188 (0.000069)

kinetic : 2.166660 (0.024221)
potential : -4.341895 (0.024241)
energy : -2.175236 (0.000081)

kinetic : 2.173602 (0.024117)
potential : -4.348827 (0.024132)
energy : -2.175226 (0.000078)

kinetic : 2.173526 (0.023047)
potential : -4.348750 (0.023061)
energy : -2.175223 (0.000074)

kinetic : 2.168747 (0.022578)
potential : -4.343957 (0.022594)
energy : -2.175211 (0.000072)

kinetic : 2.173913 (0.022261)
potential : -4.349130 (0.022277)
energy : -2.175217 (0.000070)

kinetic : 2.172001 (0.021474)
potential : -4.347213 (0.021491)
energy : -2.175212 (0.000067)

kinetic : 2.167032 (0.021252)
potential : -4.342245 (0.021267)
energy : -2.175214 (0.000065)

kinetic : 2.167683 (0.020490)
potential : -4.342893 (0.020504)
energy : -2.175210 (0.000062)

kinetic : 2.168396 (0.019784)
potential : -4.343596 (0.019797)
energy : -2.175200 (0.000061)

kinetic : 2.169788 (0.019161)
potential : -4.345008 (0.019176)
energy : -2.175220 (0.000062)

kinetic : 2.166234 (0.018871)
potential : -4.341457 (0.018884)
energy : -2.175223 (0.000060)

kinetic : 2.166591 (0.018275)
potential : -4.341814 (0.018288)
energy : -2.175223 (0.000059)

kinetic : 2.164275 (0.017862)
potential : -4.339505 (0.017874)
energy : -2.175230 (0.000057)

kinetic : 2.164390 (0.017331)
potential : -4.339604 (0.017343)
energy : -2.175214 (0.000057)

kinetic : 2.161184 (0.017131)
potential : -4.336396 (0.017142)
energy : -2.175212 (0.000056)

kinetic : 2.158174 (0.016918)
potential : -4.333376 (0.016930)
energy : -2.175202 (0.000055)

kinetic : 2.156141 (0.016581)
potential : -4.331333 (0.016594)
energy : -2.175192 (0.000055)

kinetic : 2.156425 (0.016140)
potential : -4.331622 (0.016153)
energy : -2.175198 (0.000053)

kinetic : 2.154934 (0.015790)
potential : -4.330138 (0.015802)
energy : -2.175204 (0.000052)

kinetic : 2.153621 (0.015448)
potential : -4.328817 (0.015460)
energy : -2.175196 (0.000052)

kinetic : 2.150622 (0.015362)
potential : -4.325812 (0.015375)
energy : -2.175190 (0.000051)

kinetic : 2.152576 (0.015119)
potential : -4.327748 (0.015129)
energy : -2.175172 (0.000053)

kinetic : 2.148804 (0.015238)
potential : -4.323970 (0.015250)
energy : -2.175166 (0.000052)

kinetic : 2.149240 (0.014894)
potential : -4.324410 (0.014905)
energy : -2.175170 (0.000051)

kinetic : 2.146274 (0.014857)
potential : -4.321449 (0.014867)
energy : -2.175175 (0.000050)

kinetic : 2.149734 (0.014937)
potential : -4.324907 (0.014946)
energy : -2.175173 (0.000049)

kinetic : 2.152850 (0.014943)
potential : -4.328029 (0.014953)
energy : -2.175180 (0.000048)

kinetic : 2.153429 (0.014640)
potential : -4.328607 (0.014650)
energy : -2.175178 (0.000047)

kinetic : 2.157712 (0.014961)
potential : -4.332892 (0.014971)
energy : -2.175180 (0.000046)

kinetic : 2.156494 (0.014709)
potential : -4.331678 (0.014718)
energy : -2.175183 (0.000045)

kinetic : 2.154069 (0.014621)
potential : -4.329254 (0.014629)
energy : -2.175185 (0.000044)

kinetic : 2.153630 (0.014344)
potential : -4.328809 (0.014352)
energy : -2.175179 (0.000044)

kinetic : 2.155300 (0.014169)
potential : -4.330479 (0.014177)
energy : -2.175179 (0.000043)

kinetic : 2.153129 (0.014072)
potential : -4.328312 (0.014080)
energy : -2.175183 (0.000043)

kinetic : 2.151919 (0.013866)
potential : -4.327109 (0.013873)
energy : -2.175190 (0.000042)

kinetic : 2.152756 (0.013642)
potential : -4.327946 (0.013648)
energy : -2.175190 (0.000042)

kinetic : 2.153829 (0.013442)
potential : -4.329032 (0.013450)
energy : -2.175203 (0.000043)

kinetic : 2.154688 (0.013236)
potential : -4.329893 (0.013244)
energy : -2.175205 (0.000042)

kinetic : 2.155814 (0.013058)
potential : -4.331021 (0.013066)
energy : -2.175207 (0.000042)

kinetic : 2.157704 (0.012978)
potential : -4.332910 (0.012985)
energy : -2.175206 (0.000041)

kinetic : 2.156208 (0.012851)
potential : -4.331414 (0.012858)
energy : -2.175206 (0.000040)

kinetic : 2.158408 (0.012831)
potential : -4.333621 (0.012838)
energy : -2.175212 (0.000040)

kinetic : 2.159525 (0.012675)
potential : -4.334726 (0.012682)
energy : -2.175201 (0.000041)

kinetic : 2.159076 (0.012484)
potential : -4.334275 (0.012490)
energy : -2.175199 (0.000041)

kinetic : 2.162717 (0.012820)
potential : -4.337919 (0.012827)
energy : -2.175202 (0.000040)

kinetic : 2.163451 (0.012646)
potential : -4.338657 (0.012653)
energy : -2.175206 (0.000040)

kinetic : 2.164291 (0.012484)
potential : -4.339489 (0.012491)
energy : -2.175198 (0.000040)

kinetic : 2.169636 (0.013417)
potential : -4.344825 (0.013420)
energy : -2.175190 (0.000040)

kinetic : 2.168869 (0.013244)
potential : -4.344053 (0.013247)
energy : -2.175183 (0.000040)

kinetic : 2.171987 (0.013418)
potential : -4.347183 (0.013424)
energy : -2.175196 (0.000041)

kinetic : 2.172234 (0.013230)
potential : -4.347428 (0.013236)
energy : -2.175194 (0.000041)

kinetic : 2.171119 (0.013093)
potential : -4.346309 (0.013099)
energy : -2.175190 (0.000040)

kinetic : 2.171824 (0.012931)
potential : -4.347016 (0.012937)
energy : -2.175192 (0.000040)

kinetic : 2.173628 (0.012883)
potential : -4.348822 (0.012889)
energy : -2.175194 (0.000039)

kinetic : 2.174021 (0.012716)
potential : -4.349218 (0.012722)
energy : -2.175197 (0.000039)

kinetic : 2.173341 (0.012566)
potential : -4.348538 (0.012572)
energy : -2.175198 (0.000039)

kinetic : 2.172332 (0.012443)
potential : -4.347534 (0.012448)
energy : -2.175203 (0.000038)

kinetic : 2.174213 (0.012425)
potential : -4.349420 (0.012430)
energy : -2.175207 (0.000038)

kinetic : 2.175480 (0.012332)
potential : -4.350689 (0.012337)
energy : -2.175209 (0.000038)

kinetic : 2.176984 (0.012268)
potential : -4.352197 (0.012274)
energy : -2.175213 (0.000037)

kinetic : 2.177706 (0.012138)
potential : -4.352917 (0.012144)
energy : -2.175211 (0.000037)

kinetic : 2.176562 (0.012042)
potential : -4.351784 (0.012047)
energy : -2.175222 (0.000038)

kinetic : 2.176686 (0.011897)
potential : -4.351901 (0.011902)
energy : -2.175215 (0.000038)

kinetic : 2.176066 (0.011771)
potential : -4.351279 (0.011776)
energy : -2.175213 (0.000038)

kinetic : 2.178816 (0.011950)
potential : -4.354038 (0.011956)
energy : -2.175222 (0.000039)

kinetic : 2.179848 (0.011854)
potential : -4.355075 (0.011861)
energy : -2.175227 (0.000039)

kinetic : 2.180859 (0.011760)
potential : -4.356092 (0.011767)
energy : -2.175233 (0.000039)

kinetic : 2.181964 (0.011679)
potential : -4.357193 (0.011686)
energy : -2.175229 (0.000038)

kinetic : 2.181036 (0.011584)
potential : -4.356262 (0.011591)
energy : -2.175226 (0.000038)

kinetic : 2.180594 (0.011464)
potential : -4.355816 (0.011471)
energy : -2.175222 (0.000038)

kinetic : 2.180205 (0.011343)
potential : -4.355427 (0.011351)
energy : -2.175221 (0.000037)

kinetic : 2.178187 (0.011399)
potential : -4.353412 (0.011405)
energy : -2.175225 (0.000037)

kinetic : 2.178843 (0.011295)
potential : -4.354062 (0.011301)
energy : -2.175219 (0.000037)

kinetic : 2.178425 (0.011182)
potential : -4.353640 (0.011188)
energy : -2.175215 (0.000037)

kinetic : 2.177915 (0.011075)
potential : -4.353131 (0.011081)
energy : -2.175216 (0.000037)

kinetic : 2.178791 (0.010995)
potential : -4.354009 (0.011000)
energy : -2.175217 (0.000036)

kinetic : 2.178171 (0.010899)
potential : -4.353378 (0.010905)
energy : -2.175208 (0.000037)

kinetic : 2.179291 (0.010845)
potential : -4.354499 (0.010852)
energy : -2.175208 (0.000037)

kinetic : 2.178744 (0.010749)
potential : -4.353953 (0.010755)
energy : -2.175209 (0.000037)

kinetic : 2.179731 (0.010687)
potential : -4.354940 (0.010693)
energy : -2.175209 (0.000036)
         kinetic: 2.180(11), Sigma: 5.102, T_corr: 8.8
       potential: -4.355(11), Sigma: 5.104, T_corr: 8.8
          energy: -2.175209(36), Sigma: 0.024, T_corr: 4.7

For tau = 3.00e-01, acceptance ratio = 0.59
Time: 1407.75s
