
kinetic : 1.873579 (inf)
potential : -4.049914 (inf)
energy : -2.176334 (inf)

kinetic : 2.011103 (inf)
potential : -4.185827 (inf)
energy : -2.174725 (inf)

kinetic : 2.092441 (0.081087)
potential : -4.267579 (0.081499)
energy : -2.175138 (0.000412)

kinetic : 2.143284 (0.069060)
potential : -4.318596 (0.069349)
energy : -2.175312 (0.000295)

kinetic : 2.162358 (0.052494)
potential : -4.337573 (0.052649)
energy : -2.175215 (0.000230)

kinetic : 2.179472 (0.044099)
potential : -4.354728 (0.044226)
energy : -2.175255 (0.000183)

kinetic : 2.172388 (0.036726)
potential : -4.347541 (0.036848)
energy : -2.175153 (0.000181)

kinetic : 2.176124 (0.031260)
potential : -4.351319 (0.031367)
energy : -2.175195 (0.000159)

kinetic : 2.177808 (0.027128)
potential : -4.352998 (0.027220)
energy : -2.175190 (0.000138)

kinetic : 2.182819 (0.024445)
potential : -4.357959 (0.024514)
energy : -2.175139 (0.000132)

kinetic : 2.198606 (0.027006)
potential : -4.373690 (0.027023)
energy : -2.175084 (0.000130)

kinetic : 2.196652 (0.024506)
potential : -4.371733 (0.024522)
energy : -2.175081 (0.000118)

kinetic : 2.225978 (0.036905)
potential : -4.401059 (0.036915)
energy : -2.175082 (0.000108)

kinetic : 2.218521 (0.034755)
potential : -4.393616 (0.034760)
energy : -2.175096 (0.000100)

kinetic : 2.212746 (0.032689)
potential : -4.387833 (0.032695)
energy : -2.175087 (0.000093)

kinetic : 2.214456 (0.030481)
potential : -4.389522 (0.030486)
energy : -2.175066 (0.000089)

kinetic : 2.235596 (0.035481)
potential : -4.410675 (0.035492)
energy : -2.175079 (0.000084)

kinetic : 2.233325 (0.033406)
potential : -4.408403 (0.033417)
energy : -2.175077 (0.000079)

kinetic : 2.232185 (0.031514)
potential : -4.407295 (0.031522)
energy : -2.175110 (0.000081)

kinetic : 2.242160 (0.031423)
potential : -4.417305 (0.031442)
energy : -2.175144 (0.000084)

kinetic : 2.235735 (0.030490)
potential : -4.410897 (0.030504)
energy : -2.175163 (0.000082)

kinetic : 2.226713 (0.030388)
potential : -4.401840 (0.030411)
energy : -2.175126 (0.000086)

kinetic : 2.217878 (0.030286)
potential : -4.393019 (0.030303)
energy : -2.175142 (0.000084)

kinetic : 2.215675 (0.029020)
potential : -4.390812 (0.029036)
energy : -2.175137 (0.000080)

kinetic : 2.211656 (0.028075)
potential : -4.386786 (0.028092)
energy : -2.175130 (0.000077)

kinetic : 2.203909 (0.028024)
potential : -4.379038 (0.028039)
energy : -2.175129 (0.000074)

kinetic : 2.202896 (0.026940)
potential : -4.378042 (0.026955)
energy : -2.175146 (0.000073)

kinetic : 2.202474 (0.025931)
potential : -4.377593 (0.025945)
energy : -2.175119 (0.000075)

kinetic : 2.204117 (0.025043)
potential : -4.379226 (0.025056)
energy : -2.175109 (0.000073)

kinetic : 2.206466 (0.024276)
potential : -4.381589 (0.024289)
energy : -2.175123 (0.000072)

kinetic : 2.208157 (0.023510)
potential : -4.383313 (0.023526)
energy : -2.175156 (0.000077)

kinetic : 2.205059 (0.022946)
potential : -4.380235 (0.022958)
energy : -2.175175 (0.000077)

kinetic : 2.200519 (0.022673)
potential : -4.375708 (0.022682)
energy : -2.175189 (0.000076)

kinetic : 2.198270 (0.022092)
potential : -4.373442 (0.022102)
energy : -2.175173 (0.000075)

kinetic : 2.197022 (0.021467)
potential : -4.372214 (0.021476)
energy : -2.175192 (0.000076)

kinetic : 2.197021 (0.020844)
potential : -4.372232 (0.020852)
energy : -2.175211 (0.000076)

kinetic : 2.203206 (0.021184)
potential : -4.378402 (0.021188)
energy : -2.175195 (0.000075)

kinetic : 2.199634 (0.020911)
potential : -4.374836 (0.020913)
energy : -2.175202 (0.000074)

kinetic : 2.194820 (0.020914)
potential : -4.370021 (0.020916)
energy : -2.175201 (0.000072)

kinetic : 2.192409 (0.020512)
potential : -4.367618 (0.020513)
energy : -2.175210 (0.000070)

kinetic : 2.192653 (0.019993)
potential : -4.367871 (0.019994)
energy : -2.175218 (0.000069)

kinetic : 2.193302 (0.019511)
potential : -4.368521 (0.019512)
energy : -2.175219 (0.000067)

kinetic : 2.193004 (0.019042)
potential : -4.368233 (0.019043)
energy : -2.175229 (0.000067)

kinetic : 2.190498 (0.018764)
potential : -4.365716 (0.018766)
energy : -2.175219 (0.000066)

kinetic : 2.189008 (0.018394)
potential : -4.364230 (0.018396)
energy : -2.175222 (0.000065)

kinetic : 2.190221 (0.018023)
potential : -4.365431 (0.018024)
energy : -2.175210 (0.000064)

kinetic : 2.191840 (0.017701)
potential : -4.367043 (0.017701)
energy : -2.175203 (0.000063)

kinetic : 2.189385 (0.017493)
potential : -4.364588 (0.017494)
energy : -2.175202 (0.000062)

kinetic : 2.188294 (0.017159)
potential : -4.363505 (0.017159)
energy : -2.175212 (0.000061)

kinetic : 2.187081 (0.016850)
potential : -4.362288 (0.016850)
energy : -2.175207 (0.000060)

kinetic : 2.184940 (0.016650)
potential : -4.360131 (0.016652)
energy : -2.175191 (0.000061)

kinetic : 2.186082 (0.016359)
potential : -4.361286 (0.016363)
energy : -2.175204 (0.000061)

kinetic : 2.184085 (0.016164)
potential : -4.359298 (0.016166)
energy : -2.175212 (0.000061)

kinetic : 2.185301 (0.015902)
potential : -4.360525 (0.015905)
energy : -2.175224 (0.000061)

kinetic : 2.185107 (0.015605)
potential : -4.360335 (0.015608)
energy : -2.175228 (0.000060)

kinetic : 2.184563 (0.015328)
potential : -4.359806 (0.015330)
energy : -2.175243 (0.000061)

kinetic : 2.186233 (0.015145)
potential : -4.361469 (0.015146)
energy : -2.175236 (0.000060)

kinetic : 2.185695 (0.014887)
potential : -4.360927 (0.014889)
energy : -2.175232 (0.000059)

kinetic : 2.184049 (0.014721)
potential : -4.359272 (0.014724)
energy : -2.175223 (0.000059)

kinetic : 2.184211 (0.014471)
potential : -4.359438 (0.014473)
energy : -2.175227 (0.000058)

kinetic : 2.186540 (0.014417)
potential : -4.361767 (0.014420)
energy : -2.175228 (0.000057)

kinetic : 2.187466 (0.014209)
potential : -4.362690 (0.014212)
energy : -2.175224 (0.000056)

kinetic : 2.186632 (0.014004)
potential : -4.361848 (0.014007)
energy : -2.175216 (0.000056)

kinetic : 2.185690 (0.013812)
potential : -4.360908 (0.013815)
energy : -2.175217 (0.000055)

kinetic : 2.186207 (0.013604)
potential : -4.361425 (0.013607)
energy : -2.175219 (0.000054)

kinetic : 2.185182 (0.013432)
potential : -4.360406 (0.013434)
energy : -2.175224 (0.000053)

kinetic : 2.185352 (0.013228)
potential : -4.360582 (0.013230)
energy : -2.175230 (0.000053)

kinetic : 2.185897 (0.013041)
potential : -4.361122 (0.013043)
energy : -2.175225 (0.000052)

kinetic : 2.186081 (0.012849)
potential : -4.361302 (0.012851)
energy : -2.175221 (0.000052)

kinetic : 2.185336 (0.012684)
potential : -4.360553 (0.012686)
energy : -2.175217 (0.000051)

kinetic : 2.183165 (0.012690)
potential : -4.358371 (0.012694)
energy : -2.175206 (0.000052)

kinetic : 2.181682 (0.012598)
potential : -4.356884 (0.012603)
energy : -2.175202 (0.000051)

kinetic : 2.180334 (0.012496)
potential : -4.355531 (0.012501)
energy : -2.175197 (0.000051)

kinetic : 2.179967 (0.012329)
potential : -4.355160 (0.012334)
energy : -2.175193 (0.000050)

kinetic : 2.179902 (0.012162)
potential : -4.355089 (0.012167)
energy : -2.175187 (0.000050)

kinetic : 2.180594 (0.012019)
potential : -4.355781 (0.012023)
energy : -2.175187 (0.000049)

kinetic : 2.178906 (0.011979)
potential : -4.354094 (0.011983)
energy : -2.175188 (0.000048)

kinetic : 2.177470 (0.011910)
potential : -4.352650 (0.011915)
energy : -2.175181 (0.000048)

kinetic : 2.176592 (0.011789)
potential : -4.351782 (0.011793)
energy : -2.175190 (0.000049)

kinetic : 2.175868 (0.011660)
potential : -4.351070 (0.011664)
energy : -2.175202 (0.000049)

kinetic : 2.178549 (0.011820)
potential : -4.353756 (0.011825)
energy : -2.175207 (0.000049)

kinetic : 2.177698 (0.011704)
potential : -4.352911 (0.011708)
energy : -2.175213 (0.000049)

kinetic : 2.177189 (0.011571)
potential : -4.352406 (0.011575)
energy : -2.175216 (0.000048)

kinetic : 2.176150 (0.011479)
potential : -4.351366 (0.011483)
energy : -2.175216 (0.000048)

kinetic : 2.177442 (0.011415)
potential : -4.352657 (0.011419)
energy : -2.175215 (0.000047)

kinetic : 2.177599 (0.011281)
potential : -4.352803 (0.011285)
energy : -2.175204 (0.000048)

kinetic : 2.177486 (0.011150)
potential : -4.352695 (0.011153)
energy : -2.175209 (0.000048)

kinetic : 2.176810 (0.011042)
potential : -4.352016 (0.011046)
energy : -2.175206 (0.000047)

kinetic : 2.175945 (0.010950)
potential : -4.351154 (0.010953)
energy : -2.175208 (0.000047)

kinetic : 2.177067 (0.010884)
potential : -4.352278 (0.010888)
energy : -2.175211 (0.000046)

kinetic : 2.177080 (0.010762)
potential : -4.352291 (0.010766)
energy : -2.175211 (0.000046)

kinetic : 2.177485 (0.010651)
potential : -4.352695 (0.010655)
energy : -2.175210 (0.000045)

kinetic : 2.177406 (0.010535)
potential : -4.352622 (0.010538)
energy : -2.175215 (0.000045)

kinetic : 2.177731 (0.010426)
potential : -4.352950 (0.010430)
energy : -2.175220 (0.000045)

kinetic : 2.178511 (0.010344)
potential : -4.353732 (0.010348)
energy : -2.175220 (0.000044)

kinetic : 2.178174 (0.010240)
potential : -4.353399 (0.010244)
energy : -2.175225 (0.000044)

kinetic : 2.178247 (0.010133)
potential : -4.353470 (0.010136)
energy : -2.175223 (0.000044)

kinetic : 2.178850 (0.010046)
potential : -4.354070 (0.010050)
energy : -2.175221 (0.000043)

kinetic : 2.178617 (0.009946)
potential : -4.353844 (0.009949)
energy : -2.175227 (0.000043)

kinetic : 2.179843 (0.009920)
potential : -4.355073 (0.009923)
energy : -2.175229 (0.000043)

kinetic : 2.179241 (0.009838)
potential : -4.354478 (0.009841)
energy : -2.175237 (0.000043)
         kinetic: 2.1792(98), Sigma: 4.249, T_corr: 10.7
       potential: -4.3545(98), Sigma: 4.252, T_corr: 10.7
          energy: -2.175237(43), Sigma: 0.023, T_corr: 6.8

For tau = 2.00e-01, acceptance ratio = 0.71
Time: 1359.45s
