
kinetic : 2.357167 (inf)
potential : -4.532857 (inf)
energy : -2.175689 (inf)

kinetic : 2.123446 (inf)
potential : -4.298607 (inf)
energy : -2.175161 (inf)

kinetic : 2.168846 (0.045501)
potential : -4.343854 (0.045347)
energy : -2.175007 (0.000154)

kinetic : 2.216477 (0.054381)
potential : -4.391469 (0.054325)
energy : -2.174992 (0.000090)

kinetic : 2.167626 (0.062176)
potential : -4.342640 (0.062135)
energy : -2.175014 (0.000067)

kinetic : 2.175146 (0.048773)
potential : -4.350010 (0.048719)
energy : -2.174864 (0.000159)

kinetic : 2.163449 (0.041468)
potential : -4.338399 (0.041401)
energy : -2.174950 (0.000155)

kinetic : 2.176849 (0.037507)
potential : -4.351830 (0.037465)
energy : -2.174981 (0.000135)

kinetic : 2.174359 (0.032571)
potential : -4.349388 (0.032531)
energy : -2.175029 (0.000126)

kinetic : 2.162925 (0.030920)
potential : -4.337931 (0.030895)
energy : -2.175007 (0.000113)

kinetic : 2.168799 (0.028267)
potential : -4.343833 (0.028251)
energy : -2.175034 (0.000105)

kinetic : 2.161516 (0.026600)
potential : -4.336483 (0.026605)
energy : -2.174966 (0.000117)

kinetic : 2.167667 (0.025033)
potential : -4.342724 (0.025059)
energy : -2.175057 (0.000140)

kinetic : 2.181266 (0.026782)
potential : -4.356248 (0.026765)
energy : -2.174982 (0.000149)

kinetic : 2.169632 (0.027380)
potential : -4.344616 (0.027365)
energy : -2.174984 (0.000138)

kinetic : 2.167903 (0.025539)
potential : -4.342971 (0.025519)
energy : -2.175067 (0.000153)

kinetic : 2.169564 (0.023950)
potential : -4.344612 (0.023930)
energy : -2.175047 (0.000144)

kinetic : 2.169290 (0.022502)
potential : -4.344308 (0.022483)
energy : -2.175018 (0.000139)

kinetic : 2.170767 (0.021264)
potential : -4.345809 (0.021249)
energy : -2.175042 (0.000133)

kinetic : 2.172928 (0.020221)
potential : -4.348037 (0.020214)
energy : -2.175110 (0.000143)

kinetic : 2.177329 (0.019684)
potential : -4.352432 (0.019676)
energy : -2.175103 (0.000136)

kinetic : 2.174762 (0.018893)
potential : -4.349894 (0.018882)
energy : -2.175133 (0.000132)

kinetic : 2.177531 (0.018233)
potential : -4.352620 (0.018216)
energy : -2.175089 (0.000134)

kinetic : 2.176275 (0.017467)
potential : -4.351371 (0.017450)
energy : -2.175096 (0.000128)

kinetic : 2.179094 (0.016960)
potential : -4.354199 (0.016945)
energy : -2.175105 (0.000123)

kinetic : 2.180744 (0.016348)
potential : -4.355881 (0.016337)
energy : -2.175137 (0.000122)

kinetic : 2.177802 (0.015979)
potential : -4.352944 (0.015967)
energy : -2.175142 (0.000117)

kinetic : 2.179538 (0.015475)
potential : -4.354671 (0.015463)
energy : -2.175133 (0.000113)

kinetic : 2.178653 (0.014940)
potential : -4.353777 (0.014929)
energy : -2.175124 (0.000110)

kinetic : 2.179550 (0.014443)
potential : -4.354681 (0.014433)
energy : -2.175132 (0.000106)

kinetic : 2.178605 (0.013987)
potential : -4.353711 (0.013979)
energy : -2.175106 (0.000105)

kinetic : 2.179753 (0.013578)
potential : -4.354859 (0.013570)
energy : -2.175105 (0.000102)

kinetic : 2.177219 (0.013387)
potential : -4.352329 (0.013379)
energy : -2.175110 (0.000099)

kinetic : 2.177199 (0.012976)
potential : -4.352299 (0.012968)
energy : -2.175100 (0.000096)

kinetic : 2.176222 (0.012627)
potential : -4.351320 (0.012619)
energy : -2.175098 (0.000094)

kinetic : 2.175632 (0.012276)
potential : -4.350716 (0.012269)
energy : -2.175084 (0.000092)

kinetic : 2.173042 (0.012208)
potential : -4.348117 (0.012204)
energy : -2.175075 (0.000090)

kinetic : 2.173913 (0.011905)
potential : -4.348996 (0.011901)
energy : -2.175083 (0.000088)

kinetic : 2.174844 (0.011625)
potential : -4.349921 (0.011621)
energy : -2.175077 (0.000086)

kinetic : 2.172786 (0.011511)
potential : -4.347852 (0.011509)
energy : -2.175067 (0.000084)

kinetic : 2.172559 (0.011221)
potential : -4.347624 (0.011219)
energy : -2.175065 (0.000082)

kinetic : 2.172741 (0.010946)
potential : -4.347818 (0.010944)
energy : -2.175076 (0.000081)

kinetic : 2.170953 (0.010830)
potential : -4.346025 (0.010829)
energy : -2.175072 (0.000079)

kinetic : 2.168843 (0.010784)
potential : -4.343917 (0.010783)
energy : -2.175074 (0.000077)

kinetic : 2.167993 (0.010571)
potential : -4.343070 (0.010569)
energy : -2.175078 (0.000075)

kinetic : 2.168319 (0.010338)
potential : -4.343407 (0.010337)
energy : -2.175088 (0.000074)

kinetic : 2.168879 (0.010126)
potential : -4.343958 (0.010125)
energy : -2.175080 (0.000073)

kinetic : 2.167778 (0.009969)
potential : -4.342864 (0.009967)
energy : -2.175086 (0.000072)

kinetic : 2.168976 (0.009832)
potential : -4.344069 (0.009831)
energy : -2.175092 (0.000071)

kinetic : 2.170932 (0.009824)
potential : -4.346037 (0.009825)
energy : -2.175105 (0.000070)

kinetic : 2.169248 (0.009773)
potential : -4.344338 (0.009777)
energy : -2.175090 (0.000070)

kinetic : 2.168562 (0.009604)
potential : -4.343648 (0.009608)
energy : -2.175086 (0.000069)

kinetic : 2.166531 (0.009635)
potential : -4.341614 (0.009639)
energy : -2.175084 (0.000068)

kinetic : 2.166751 (0.009454)
potential : -4.341830 (0.009458)
energy : -2.175079 (0.000067)

kinetic : 2.165813 (0.009325)
potential : -4.340879 (0.009331)
energy : -2.175066 (0.000067)

kinetic : 2.166283 (0.009167)
potential : -4.341349 (0.009172)
energy : -2.175065 (0.000066)

kinetic : 2.165764 (0.009016)
potential : -4.340827 (0.009022)
energy : -2.175063 (0.000064)

kinetic : 2.165007 (0.008889)
potential : -4.340070 (0.008894)
energy : -2.175063 (0.000063)

kinetic : 2.166127 (0.008806)
potential : -4.341192 (0.008811)
energy : -2.175065 (0.000062)

kinetic : 2.166831 (0.008683)
potential : -4.341907 (0.008689)
energy : -2.175075 (0.000062)

kinetic : 2.166882 (0.008538)
potential : -4.341955 (0.008544)
energy : -2.175073 (0.000061)

kinetic : 2.167298 (0.008407)
potential : -4.342359 (0.008413)
energy : -2.175060 (0.000061)

kinetic : 2.165985 (0.008375)
potential : -4.341037 (0.008382)
energy : -2.175052 (0.000061)

kinetic : 2.165007 (0.008299)
potential : -4.340065 (0.008305)
energy : -2.175057 (0.000060)

kinetic : 2.165313 (0.008174)
potential : -4.340379 (0.008180)
energy : -2.175066 (0.000060)

kinetic : 2.165105 (0.008050)
potential : -4.340172 (0.008055)
energy : -2.175067 (0.000059)

kinetic : 2.164589 (0.007943)
potential : -4.339668 (0.007948)
energy : -2.175079 (0.000059)

kinetic : 2.163213 (0.007943)
potential : -4.338298 (0.007946)
energy : -2.175085 (0.000059)

kinetic : 2.164636 (0.007953)
potential : -4.339730 (0.007958)
energy : -2.175094 (0.000058)

kinetic : 2.164944 (0.007843)
potential : -4.340037 (0.007847)
energy : -2.175093 (0.000058)

kinetic : 2.164369 (0.007751)
potential : -4.339468 (0.007755)
energy : -2.175099 (0.000057)

kinetic : 2.165233 (0.007689)
potential : -4.340336 (0.007694)
energy : -2.175103 (0.000056)

kinetic : 2.165979 (0.007618)
potential : -4.341089 (0.007623)
energy : -2.175110 (0.000056)

kinetic : 2.166178 (0.007515)
potential : -4.341295 (0.007520)
energy : -2.175116 (0.000056)

kinetic : 2.166967 (0.007455)
potential : -4.342081 (0.007460)
energy : -2.175114 (0.000055)

kinetic : 2.167465 (0.007372)
potential : -4.342585 (0.007377)
energy : -2.175120 (0.000055)

kinetic : 2.167655 (0.007276)
potential : -4.342777 (0.007282)
energy : -2.175123 (0.000054)

kinetic : 2.166903 (0.007220)
potential : -4.342025 (0.007226)
energy : -2.175123 (0.000053)

kinetic : 2.166437 (0.007143)
potential : -4.341559 (0.007148)
energy : -2.175121 (0.000053)

kinetic : 2.167097 (0.007082)
potential : -4.342225 (0.007088)
energy : -2.175128 (0.000052)

kinetic : 2.167045 (0.006993)
potential : -4.342180 (0.006999)
energy : -2.175136 (0.000052)

kinetic : 2.168400 (0.007037)
potential : -4.343542 (0.007044)
energy : -2.175142 (0.000052)

kinetic : 2.168459 (0.006951)
potential : -4.343594 (0.006958)
energy : -2.175135 (0.000052)

kinetic : 2.169142 (0.006901)
potential : -4.344284 (0.006908)
energy : -2.175142 (0.000051)

kinetic : 2.168523 (0.006846)
potential : -4.343672 (0.006852)
energy : -2.175149 (0.000051)

kinetic : 2.169332 (0.006813)
potential : -4.344482 (0.006819)
energy : -2.175150 (0.000051)

kinetic : 2.168475 (0.006788)
potential : -4.343626 (0.006794)
energy : -2.175151 (0.000050)

kinetic : 2.167810 (0.006742)
potential : -4.342956 (0.006749)
energy : -2.175146 (0.000050)

kinetic : 2.167923 (0.006666)
potential : -4.343068 (0.006673)
energy : -2.175144 (0.000049)

kinetic : 2.168088 (0.006593)
potential : -4.343226 (0.006599)
energy : -2.175138 (0.000049)

kinetic : 2.169152 (0.006605)
potential : -4.344302 (0.006612)
energy : -2.175150 (0.000050)

kinetic : 2.167430 (0.006756)
potential : -4.342578 (0.006764)
energy : -2.175149 (0.000049)

kinetic : 2.166512 (0.006744)
potential : -4.341667 (0.006751)
energy : -2.175155 (0.000049)

kinetic : 2.166687 (0.006673)
potential : -4.341846 (0.006680)
energy : -2.175159 (0.000049)

kinetic : 2.166509 (0.006604)
potential : -4.341674 (0.006611)
energy : -2.175165 (0.000049)

kinetic : 2.167003 (0.006553)
potential : -4.342166 (0.006560)
energy : -2.175162 (0.000048)

kinetic : 2.167750 (0.006527)
potential : -4.342910 (0.006533)
energy : -2.175160 (0.000048)

kinetic : 2.167869 (0.006461)
potential : -4.343036 (0.006467)
energy : -2.175167 (0.000048)

kinetic : 2.167022 (0.006450)
potential : -4.342186 (0.006457)
energy : -2.175165 (0.000047)

kinetic : 2.167865 (0.006440)
potential : -4.343029 (0.006447)
energy : -2.175164 (0.000047)

kinetic : 2.167529 (0.006384)
potential : -4.342697 (0.006390)
energy : -2.175168 (0.000046)
         kinetic: 2.1675(64), Sigma: 3.969, T_corr: 5.2
       potential: -4.3427(64), Sigma: 3.971, T_corr: 5.2
          energy: -2.175168(46), Sigma: 0.024, T_corr: 7.7

For tau = 1.00e-01, acceptance ratio = 0.85
Time: 1488.72s
