
kinetic : 2.399791 (inf)
potential : -4.575735 (inf)
energy : -2.175944 (inf)

kinetic : 1.864002 (inf)
potential : -4.044163 (inf)
energy : -2.180161 (inf)

kinetic : 2.027895 (0.163893)
potential : -4.202101 (0.157938)
energy : -2.174206 (0.005955)

kinetic : 1.581440 (0.456372)
potential : -3.756367 (0.454965)
energy : -2.174927 (0.003513)

kinetic : 1.793221 (0.385991)
potential : -3.967360 (0.384727)
energy : -2.174139 (0.002606)

kinetic : 1.774291 (0.299586)
potential : -3.950814 (0.298467)
energy : -2.176523 (0.003123)

kinetic : 1.861889 (0.259822)
potential : -4.039018 (0.259169)
energy : -2.177129 (0.002621)

kinetic : 1.813368 (0.224887)
potential : -3.989363 (0.224595)
energy : -2.175996 (0.002489)

kinetic : 1.875303 (0.204369)
potential : -4.051295 (0.204127)
energy : -2.175993 (0.002155)

kinetic : 1.936317 (0.190283)
potential : -4.113381 (0.190428)
energy : -2.177065 (0.002182)

kinetic : 1.892852 (0.175657)
potential : -4.069329 (0.175929)
energy : -2.176477 (0.002038)

kinetic : 2.077603 (0.243676)
potential : -4.254546 (0.244191)
energy : -2.176944 (0.001902)

kinetic : 2.103564 (0.223955)
potential : -4.280341 (0.224402)
energy : -2.176777 (0.001744)

kinetic : 2.090753 (0.206407)
potential : -4.267321 (0.206830)
energy : -2.176569 (0.001618)

kinetic : 2.102326 (0.191445)
potential : -4.278938 (0.191840)
energy : -2.176612 (0.001499)

kinetic : 2.128808 (0.180183)
potential : -4.305181 (0.180511)
energy : -2.176373 (0.001416)

kinetic : 2.108370 (0.169780)
potential : -4.284610 (0.170101)
energy : -2.176240 (0.001331)

kinetic : 2.104358 (0.159531)
potential : -4.280454 (0.159836)
energy : -2.176096 (0.001258)

kinetic : 2.077112 (0.152855)
potential : -4.253340 (0.153114)
energy : -2.176228 (0.001194)

kinetic : 2.066371 (0.144985)
potential : -4.242302 (0.145252)
energy : -2.175932 (0.001167)

kinetic : 2.033418 (0.141437)
potential : -4.209318 (0.141691)
energy : -2.175901 (0.001108)

kinetic : 2.031529 (0.134547)
potential : -4.207311 (0.134790)
energy : -2.175782 (0.001061)

kinetic : 1.996595 (0.132957)
potential : -4.172333 (0.133192)
energy : -2.175738 (0.001012)

kinetic : 1.982406 (0.127835)
potential : -4.157908 (0.128084)
energy : -2.175502 (0.000995)

kinetic : 1.968980 (0.123127)
potential : -4.144322 (0.123381)
energy : -2.175342 (0.000966)

kinetic : 1.948129 (0.119925)
potential : -4.123506 (0.120160)
energy : -2.175377 (0.000928)

kinetic : 1.937022 (0.115755)
potential : -4.112457 (0.115973)
energy : -2.175435 (0.000893)

kinetic : 1.927546 (0.111787)
potential : -4.103170 (0.111981)
energy : -2.175624 (0.000880)

kinetic : 1.907013 (0.109660)
potential : -4.082581 (0.109854)
energy : -2.175568 (0.000850)

kinetic : 1.931256 (0.108553)
potential : -4.106873 (0.108747)
energy : -2.175616 (0.000821)

kinetic : 1.984339 (0.117541)
potential : -4.159829 (0.117651)
energy : -2.175490 (0.000804)

kinetic : 1.981215 (0.113729)
potential : -4.156571 (0.113839)
energy : -2.175356 (0.000789)

kinetic : 1.956621 (0.112831)
potential : -4.131813 (0.112971)
energy : -2.175192 (0.000781)

kinetic : 1.960290 (0.109420)
potential : -4.135391 (0.109552)
energy : -2.175101 (0.000762)

kinetic : 1.959161 (0.106159)
potential : -4.134180 (0.106288)
energy : -2.175019 (0.000744)

kinetic : 2.012425 (0.116029)
potential : -4.187295 (0.116072)
energy : -2.174871 (0.000738)

kinetic : 1.990957 (0.114785)
potential : -4.165930 (0.114808)
energy : -2.174973 (0.000724)

kinetic : 2.034302 (0.119759)
potential : -4.209235 (0.119765)
energy : -2.174933 (0.000706)

kinetic : 2.023023 (0.117110)
potential : -4.198200 (0.117092)
energy : -2.175177 (0.000729)

kinetic : 2.019985 (0.114108)
potential : -4.195045 (0.114094)
energy : -2.175061 (0.000719)

kinetic : 2.025190 (0.111340)
potential : -4.200266 (0.111327)
energy : -2.175077 (0.000701)

kinetic : 2.072107 (0.118293)
potential : -4.247751 (0.118507)
energy : -2.175644 (0.000889)

kinetic : 2.043169 (0.119013)
potential : -4.218812 (0.119217)
energy : -2.175643 (0.000867)

kinetic : 2.046156 (0.116251)
potential : -4.221715 (0.116448)
energy : -2.175560 (0.000851)

kinetic : 2.049845 (0.113638)
potential : -4.225509 (0.113833)
energy : -2.175665 (0.000838)

kinetic : 2.024599 (0.113917)
potential : -4.200266 (0.114102)
energy : -2.175667 (0.000819)

kinetic : 2.030617 (0.111575)
potential : -4.206231 (0.111754)
energy : -2.175615 (0.000803)

kinetic : 2.024535 (0.109345)
potential : -4.200091 (0.109522)
energy : -2.175556 (0.000788)

kinetic : 2.041234 (0.108337)
potential : -4.216805 (0.108511)
energy : -2.175571 (0.000771)

kinetic : 2.037008 (0.106187)
potential : -4.212341 (0.106367)
energy : -2.175332 (0.000792)

kinetic : 2.023123 (0.104964)
potential : -4.198287 (0.105162)
energy : -2.175164 (0.000794)

kinetic : 2.001890 (0.105054)
potential : -4.177024 (0.105249)
energy : -2.175135 (0.000779)

kinetic : 1.991478 (0.103539)
potential : -4.166497 (0.103741)
energy : -2.175019 (0.000773)

kinetic : 1.996462 (0.101689)
potential : -4.171381 (0.101882)
energy : -2.174919 (0.000764)

kinetic : 2.018469 (0.102185)
potential : -4.193181 (0.102327)
energy : -2.174712 (0.000778)

kinetic : 2.018206 (0.100311)
potential : -4.192906 (0.100449)
energy : -2.174700 (0.000764)

kinetic : 1.998754 (0.100405)
potential : -4.173454 (0.100539)
energy : -2.174699 (0.000750)

kinetic : 1.983337 (0.099826)
potential : -4.157948 (0.099969)
energy : -2.174610 (0.000742)

kinetic : 1.970578 (0.098916)
potential : -4.145235 (0.099050)
energy : -2.174657 (0.000731)

kinetic : 1.965477 (0.097359)
potential : -4.140177 (0.097488)
energy : -2.174701 (0.000719)

kinetic : 1.968334 (0.095765)
potential : -4.143030 (0.095892)
energy : -2.174697 (0.000707)

kinetic : 1.976040 (0.094497)
potential : -4.150725 (0.094620)
energy : -2.174685 (0.000696)

kinetic : 1.968836 (0.093239)
potential : -4.143478 (0.093363)
energy : -2.174642 (0.000686)

kinetic : 1.961628 (0.092029)
potential : -4.136280 (0.092151)
energy : -2.174652 (0.000675)

kinetic : 1.958349 (0.090639)
potential : -4.133013 (0.090758)
energy : -2.174664 (0.000664)

kinetic : 1.956028 (0.089264)
potential : -4.130727 (0.089380)
energy : -2.174699 (0.000655)

kinetic : 1.968518 (0.088784)
potential : -4.143246 (0.088901)
energy : -2.174728 (0.000646)

kinetic : 1.981810 (0.088454)
potential : -4.156505 (0.088563)
energy : -2.174695 (0.000637)

kinetic : 1.998338 (0.088697)
potential : -4.173007 (0.088797)
energy : -2.174669 (0.000628)

kinetic : 2.012803 (0.088591)
potential : -4.187555 (0.088702)
energy : -2.174752 (0.000624)

kinetic : 2.005250 (0.087642)
potential : -4.180055 (0.087747)
energy : -2.174804 (0.000618)

kinetic : 2.013539 (0.086795)
potential : -4.188402 (0.086904)
energy : -2.174864 (0.000612)

kinetic : 2.006789 (0.085847)
potential : -4.181738 (0.085947)
energy : -2.174949 (0.000609)

kinetic : 2.028315 (0.087357)
potential : -4.203240 (0.087446)
energy : -2.174924 (0.000601)

kinetic : 2.029755 (0.086180)
potential : -4.204648 (0.086268)
energy : -2.174893 (0.000594)

kinetic : 2.030561 (0.085027)
potential : -4.205498 (0.085114)
energy : -2.174937 (0.000588)

kinetic : 2.036643 (0.084121)
potential : -4.211576 (0.084207)
energy : -2.174933 (0.000580)

kinetic : 2.041965 (0.083192)
potential : -4.216897 (0.083276)
energy : -2.174933 (0.000572)

kinetic : 2.043048 (0.082125)
potential : -4.217975 (0.082209)
energy : -2.174928 (0.000565)

kinetic : 2.059191 (0.082671)
potential : -4.234124 (0.082752)
energy : -2.174934 (0.000558)

kinetic : 2.062873 (0.081714)
potential : -4.237779 (0.081793)
energy : -2.174907 (0.000551)

kinetic : 2.052261 (0.081393)
potential : -4.227158 (0.081472)
energy : -2.174897 (0.000545)

kinetic : 2.042646 (0.080968)
potential : -4.217573 (0.081041)
energy : -2.174926 (0.000539)

kinetic : 2.052042 (0.080536)
potential : -4.226985 (0.080610)
energy : -2.174943 (0.000533)

kinetic : 2.053569 (0.079586)
potential : -4.228536 (0.079660)
energy : -2.174967 (0.000527)

kinetic : 2.067783 (0.079919)
potential : -4.242698 (0.079981)
energy : -2.174915 (0.000523)

kinetic : 2.062790 (0.079141)
potential : -4.237630 (0.079208)
energy : -2.174840 (0.000522)

kinetic : 2.072699 (0.078851)
potential : -4.247495 (0.078911)
energy : -2.174796 (0.000518)

kinetic : 2.067275 (0.078139)
potential : -4.242058 (0.078199)
energy : -2.174783 (0.000512)

kinetic : 2.065655 (0.077273)
potential : -4.240414 (0.077332)
energy : -2.174758 (0.000507)

kinetic : 2.077284 (0.077289)
potential : -4.252086 (0.077354)
energy : -2.174802 (0.000503)

kinetic : 2.081351 (0.076543)
potential : -4.256299 (0.076615)
energy : -2.174947 (0.000519)

kinetic : 2.079534 (0.075729)
potential : -4.254400 (0.075802)
energy : -2.174867 (0.000519)

kinetic : 2.088762 (0.075476)
potential : -4.263827 (0.075572)
energy : -2.175065 (0.000551)

kinetic : 2.086768 (0.074695)
potential : -4.261856 (0.074790)
energy : -2.175088 (0.000545)

kinetic : 2.081906 (0.074065)
potential : -4.256979 (0.074159)
energy : -2.175073 (0.000540)

kinetic : 2.090657 (0.073810)
potential : -4.265721 (0.073901)
energy : -2.175064 (0.000534)

kinetic : 2.096009 (0.073241)
potential : -4.271033 (0.073328)
energy : -2.175024 (0.000530)

kinetic : 2.094828 (0.072499)
potential : -4.269838 (0.072586)
energy : -2.175010 (0.000525)

kinetic : 2.116838 (0.075062)
potential : -4.291924 (0.075167)
energy : -2.175086 (0.000525)

kinetic : 2.110655 (0.074565)
potential : -4.285820 (0.074661)
energy : -2.175164 (0.000526)

kinetic : 2.102675 (0.074253)
potential : -4.277849 (0.074347)
energy : -2.175174 (0.000521)

kinetic : 2.094484 (0.073976)
potential : -4.269705 (0.074064)
energy : -2.175220 (0.000518)

kinetic : 2.092279 (0.073288)
potential : -4.267537 (0.073373)
energy : -2.175258 (0.000514)

kinetic : 2.087820 (0.072716)
potential : -4.263060 (0.072802)
energy : -2.175240 (0.000509)

kinetic : 2.093069 (0.072211)
potential : -4.268309 (0.072296)
energy : -2.175240 (0.000504)

kinetic : 2.109224 (0.073329)
potential : -4.284430 (0.073403)
energy : -2.175206 (0.000501)

kinetic : 2.114235 (0.072813)
potential : -4.289416 (0.072884)
energy : -2.175181 (0.000497)

kinetic : 2.113438 (0.072140)
potential : -4.288547 (0.072211)
energy : -2.175109 (0.000497)

kinetic : 2.116726 (0.071550)
potential : -4.291817 (0.071621)
energy : -2.175091 (0.000493)

kinetic : 2.122030 (0.071095)
potential : -4.297258 (0.071175)
energy : -2.175229 (0.000508)

kinetic : 2.116083 (0.070702)
potential : -4.291272 (0.070784)
energy : -2.175189 (0.000505)

kinetic : 2.117815 (0.070089)
potential : -4.292978 (0.070170)
energy : -2.175163 (0.000501)

kinetic : 2.113875 (0.069578)
potential : -4.289002 (0.069660)
energy : -2.175128 (0.000498)

kinetic : 2.106824 (0.069324)
potential : -4.281945 (0.069406)
energy : -2.175121 (0.000493)

kinetic : 2.103673 (0.068791)
potential : -4.278774 (0.068873)
energy : -2.175100 (0.000489)

kinetic : 2.098454 (0.068395)
potential : -4.273570 (0.068475)
energy : -2.175116 (0.000485)

kinetic : 2.120577 (0.071326)
potential : -4.295673 (0.071394)
energy : -2.175096 (0.000482)

kinetic : 2.122657 (0.070749)
potential : -4.297728 (0.070817)
energy : -2.175071 (0.000478)

kinetic : 2.122168 (0.070154)
potential : -4.297301 (0.070220)
energy : -2.175133 (0.000478)

kinetic : 2.117265 (0.069740)
potential : -4.292364 (0.069807)
energy : -2.175099 (0.000475)

kinetic : 2.117388 (0.069161)
potential : -4.292470 (0.069228)
energy : -2.175082 (0.000472)

kinetic : 2.111005 (0.068888)
potential : -4.286086 (0.068955)
energy : -2.175081 (0.000468)

kinetic : 2.112378 (0.068339)
potential : -4.287450 (0.068405)
energy : -2.175072 (0.000464)

kinetic : 2.117181 (0.067956)
potential : -4.292259 (0.068022)
energy : -2.175078 (0.000460)

kinetic : 2.109100 (0.067893)
potential : -4.284159 (0.067960)
energy : -2.175059 (0.000457)

kinetic : 2.112635 (0.067445)
potential : -4.287669 (0.067510)
energy : -2.175034 (0.000454)

kinetic : 2.111849 (0.066916)
potential : -4.286879 (0.066980)
energy : -2.175030 (0.000450)

kinetic : 2.106622 (0.066597)
potential : -4.281657 (0.066660)
energy : -2.175035 (0.000447)

kinetic : 2.106025 (0.066081)
potential : -4.281039 (0.066144)
energy : -2.175014 (0.000444)

kinetic : 2.123463 (0.067850)
potential : -4.298488 (0.067913)
energy : -2.175025 (0.000441)

kinetic : 2.119561 (0.067443)
potential : -4.294565 (0.067507)
energy : -2.175004 (0.000438)

kinetic : 2.116844 (0.066985)
potential : -4.291815 (0.067050)
energy : -2.174970 (0.000436)

kinetic : 2.109329 (0.066903)
potential : -4.284244 (0.066973)
energy : -2.174915 (0.000436)

kinetic : 2.105548 (0.066510)
potential : -4.280457 (0.066579)
energy : -2.174909 (0.000433)

kinetic : 2.100537 (0.066205)
potential : -4.275388 (0.066278)
energy : -2.174851 (0.000434)

kinetic : 2.097818 (0.065773)
potential : -4.272699 (0.065844)
energy : -2.174881 (0.000431)

kinetic : 2.093930 (0.065406)
potential : -4.268799 (0.065478)
energy : -2.174869 (0.000428)

kinetic : 2.093339 (0.064933)
potential : -4.268205 (0.065005)
energy : -2.174866 (0.000425)

kinetic : 2.103987 (0.065338)
potential : -4.278817 (0.065402)
energy : -2.174830 (0.000424)

kinetic : 2.109613 (0.065113)
potential : -4.284476 (0.065179)
energy : -2.174863 (0.000422)

kinetic : 2.114479 (0.064833)
potential : -4.289377 (0.064901)
energy : -2.174897 (0.000420)

kinetic : 2.110574 (0.064493)
potential : -4.285464 (0.064561)
energy : -2.174890 (0.000418)

kinetic : 2.106008 (0.064203)
potential : -4.280876 (0.064271)
energy : -2.174868 (0.000415)

kinetic : 2.101490 (0.063915)
potential : -4.276340 (0.063985)
energy : -2.174849 (0.000413)

kinetic : 2.096516 (0.063667)
potential : -4.271347 (0.063738)
energy : -2.174831 (0.000410)

kinetic : 2.099126 (0.063284)
potential : -4.273948 (0.063353)
energy : -2.174822 (0.000408)

kinetic : 2.107093 (0.063355)
potential : -4.281882 (0.063419)
energy : -2.174790 (0.000406)

kinetic : 2.107382 (0.062926)
potential : -4.282191 (0.062990)
energy : -2.174809 (0.000404)

kinetic : 2.100337 (0.062898)
potential : -4.275150 (0.062960)
energy : -2.174813 (0.000401)

kinetic : 2.102333 (0.062509)
potential : -4.277181 (0.062572)
energy : -2.174848 (0.000400)

kinetic : 2.114520 (0.063278)
potential : -4.289381 (0.063342)
energy : -2.174861 (0.000398)

kinetic : 2.120850 (0.063178)
potential : -4.295702 (0.063241)
energy : -2.174852 (0.000395)

kinetic : 2.130906 (0.063565)
potential : -4.305796 (0.063632)
energy : -2.174890 (0.000394)

kinetic : 2.142694 (0.064241)
potential : -4.317541 (0.064299)
energy : -2.174847 (0.000394)

kinetic : 2.148506 (0.064090)
potential : -4.323321 (0.064144)
energy : -2.174815 (0.000393)

kinetic : 2.148292 (0.063678)
potential : -4.323103 (0.063732)
energy : -2.174812 (0.000390)

kinetic : 2.146491 (0.063297)
potential : -4.321331 (0.063349)
energy : -2.174840 (0.000389)

kinetic : 2.153690 (0.063305)
potential : -4.328523 (0.063357)
energy : -2.174833 (0.000386)

kinetic : 2.164074 (0.063757)
potential : -4.338876 (0.063802)
energy : -2.174802 (0.000385)

kinetic : 2.162412 (0.063379)
potential : -4.337210 (0.063424)
energy : -2.174797 (0.000383)

kinetic : 2.155839 (0.063326)
potential : -4.330613 (0.063373)
energy : -2.174775 (0.000381)

kinetic : 2.146747 (0.063588)
potential : -4.321504 (0.063636)
energy : -2.174757 (0.000379)

kinetic : 2.147620 (0.063202)
potential : -4.322324 (0.063250)
energy : -2.174704 (0.000381)

kinetic : 2.149214 (0.062836)
potential : -4.323933 (0.062884)
energy : -2.174719 (0.000379)

kinetic : 2.153133 (0.062577)
potential : -4.327822 (0.062622)
energy : -2.174689 (0.000377)

kinetic : 2.148766 (0.062352)
potential : -4.323416 (0.062400)
energy : -2.174650 (0.000377)

kinetic : 2.146265 (0.062028)
potential : -4.320863 (0.062078)
energy : -2.174598 (0.000378)

kinetic : 2.142473 (0.061774)
potential : -4.317105 (0.061821)
energy : -2.174632 (0.000378)

kinetic : 2.139081 (0.061501)
potential : -4.313698 (0.061549)
energy : -2.174617 (0.000376)

kinetic : 2.132769 (0.061463)
potential : -4.307375 (0.061511)
energy : -2.174606 (0.000374)

kinetic : 2.134762 (0.061135)
potential : -4.309365 (0.061183)
energy : -2.174603 (0.000372)

kinetic : 2.129739 (0.060986)
potential : -4.304351 (0.061033)
energy : -2.174612 (0.000370)

kinetic : 2.120185 (0.061380)
potential : -4.294784 (0.061428)
energy : -2.174599 (0.000368)

kinetic : 2.120275 (0.061026)
potential : -4.294880 (0.061074)
energy : -2.174605 (0.000366)

kinetic : 2.123589 (0.060767)
potential : -4.298259 (0.060818)
energy : -2.174671 (0.000369)

kinetic : 2.124061 (0.060423)
potential : -4.298781 (0.060474)
energy : -2.174719 (0.000370)

kinetic : 2.133674 (0.060845)
potential : -4.308363 (0.060890)
energy : -2.174688 (0.000370)

kinetic : 2.132351 (0.060516)
potential : -4.307015 (0.060562)
energy : -2.174664 (0.000368)

kinetic : 2.127873 (0.060344)
potential : -4.302546 (0.060388)
energy : -2.174673 (0.000366)

kinetic : 2.140207 (0.061262)
potential : -4.314930 (0.061315)
energy : -2.174723 (0.000368)

kinetic : 2.141679 (0.060940)
potential : -4.316379 (0.060993)
energy : -2.174700 (0.000366)

kinetic : 2.138857 (0.060670)
potential : -4.313555 (0.060723)
energy : -2.174698 (0.000364)

kinetic : 2.135607 (0.060425)
potential : -4.310332 (0.060476)
energy : -2.174725 (0.000363)

kinetic : 2.136428 (0.060101)
potential : -4.311172 (0.060152)
energy : -2.174744 (0.000362)

kinetic : 2.136096 (0.059777)
potential : -4.310881 (0.059827)
energy : -2.174785 (0.000362)

kinetic : 2.143362 (0.059897)
potential : -4.318155 (0.059947)
energy : -2.174793 (0.000360)

kinetic : 2.143234 (0.059576)
potential : -4.318058 (0.059626)
energy : -2.174824 (0.000360)

kinetic : 2.138903 (0.059416)
potential : -4.313712 (0.059467)
energy : -2.174809 (0.000358)

kinetic : 2.135989 (0.059173)
potential : -4.310791 (0.059224)
energy : -2.174802 (0.000356)

kinetic : 2.136426 (0.058862)
potential : -4.311216 (0.058913)
energy : -2.174791 (0.000355)

kinetic : 2.132579 (0.058679)
potential : -4.307353 (0.058730)
energy : -2.174774 (0.000353)

kinetic : 2.130479 (0.058411)
potential : -4.305253 (0.058462)
energy : -2.174774 (0.000351)

kinetic : 2.129509 (0.058115)
potential : -4.304317 (0.058165)
energy : -2.174808 (0.000351)

kinetic : 2.134110 (0.057998)
potential : -4.308919 (0.058047)
energy : -2.174809 (0.000349)

kinetic : 2.137340 (0.057790)
potential : -4.312158 (0.057840)
energy : -2.174818 (0.000348)

kinetic : 2.137898 (0.057497)
potential : -4.312735 (0.057547)
energy : -2.174836 (0.000346)

kinetic : 2.135033 (0.057276)
potential : -4.309850 (0.057327)
energy : -2.174817 (0.000345)

kinetic : 2.132160 (0.057058)
potential : -4.306971 (0.057109)
energy : -2.174811 (0.000344)

kinetic : 2.126881 (0.057016)
potential : -4.301679 (0.057067)
energy : -2.174798 (0.000342)

kinetic : 2.134737 (0.057271)
potential : -4.309568 (0.057326)
energy : -2.174831 (0.000342)

kinetic : 2.137304 (0.057044)
potential : -4.312136 (0.057098)
energy : -2.174833 (0.000340)

kinetic : 2.135668 (0.056784)
potential : -4.310479 (0.056839)
energy : -2.174811 (0.000339)

kinetic : 2.132767 (0.056578)
potential : -4.307567 (0.056633)
energy : -2.174800 (0.000338)

kinetic : 2.129016 (0.056425)
potential : -4.303807 (0.056480)
energy : -2.174791 (0.000336)

kinetic : 2.139223 (0.057069)
potential : -4.314057 (0.057131)
energy : -2.174834 (0.000337)

kinetic : 2.135663 (0.056903)
potential : -4.310483 (0.056965)
energy : -2.174820 (0.000336)

kinetic : 2.134162 (0.056647)
potential : -4.308948 (0.056710)
energy : -2.174786 (0.000336)

kinetic : 2.134277 (0.056374)
potential : -4.309074 (0.056437)
energy : -2.174797 (0.000335)

kinetic : 2.132052 (0.056148)
potential : -4.306854 (0.056210)
energy : -2.174802 (0.000333)

kinetic : 2.137791 (0.056174)
potential : -4.312589 (0.056235)
energy : -2.174798 (0.000332)

kinetic : 2.143257 (0.056174)
potential : -4.318075 (0.056236)
energy : -2.174818 (0.000331)

kinetic : 2.142746 (0.055910)
potential : -4.317551 (0.055973)
energy : -2.174804 (0.000329)

kinetic : 2.145305 (0.055706)
potential : -4.320111 (0.055768)
energy : -2.174806 (0.000328)

kinetic : 2.141785 (0.055557)
potential : -4.316585 (0.055619)
energy : -2.174799 (0.000326)

kinetic : 2.144059 (0.055345)
potential : -4.318900 (0.055408)
energy : -2.174841 (0.000327)

kinetic : 2.145244 (0.055100)
potential : -4.320131 (0.055165)
energy : -2.174887 (0.000329)

kinetic : 2.144117 (0.054858)
potential : -4.318991 (0.054922)
energy : -2.174874 (0.000328)

kinetic : 2.142972 (0.054617)
potential : -4.317836 (0.054682)
energy : -2.174864 (0.000326)

kinetic : 2.139787 (0.054461)
potential : -4.314656 (0.054524)
energy : -2.174869 (0.000325)

kinetic : 2.137874 (0.054246)
potential : -4.312736 (0.054310)
energy : -2.174863 (0.000324)

kinetic : 2.137084 (0.054006)
potential : -4.311924 (0.054069)
energy : -2.174840 (0.000323)

kinetic : 2.135706 (0.053780)
potential : -4.310551 (0.053843)
energy : -2.174845 (0.000322)

kinetic : 2.137986 (0.053587)
potential : -4.312832 (0.053649)
energy : -2.174846 (0.000320)

kinetic : 2.139707 (0.053375)
potential : -4.314537 (0.053437)
energy : -2.174830 (0.000319)

kinetic : 2.133558 (0.053491)
potential : -4.308382 (0.053553)
energy : -2.174823 (0.000318)

kinetic : 2.132256 (0.053270)
potential : -4.307059 (0.053332)
energy : -2.174803 (0.000317)

kinetic : 2.134158 (0.053069)
potential : -4.308946 (0.053130)
energy : -2.174787 (0.000316)

kinetic : 2.127062 (0.053310)
potential : -4.301834 (0.053373)
energy : -2.174772 (0.000315)

kinetic : 2.123391 (0.053204)
potential : -4.298153 (0.053267)
energy : -2.174762 (0.000314)

kinetic : 2.128246 (0.053194)
potential : -4.303008 (0.053256)
energy : -2.174761 (0.000312)

kinetic : 2.129787 (0.052986)
potential : -4.304548 (0.053047)
energy : -2.174761 (0.000311)

kinetic : 2.135569 (0.053073)
potential : -4.310430 (0.053145)
energy : -2.174861 (0.000325)

kinetic : 2.134941 (0.052848)
potential : -4.309795 (0.052920)
energy : -2.174854 (0.000324)

kinetic : 2.137438 (0.052681)
potential : -4.312307 (0.052753)
energy : -2.174870 (0.000323)

kinetic : 2.135977 (0.052476)
potential : -4.310833 (0.052549)
energy : -2.174856 (0.000322)

kinetic : 2.134329 (0.052280)
potential : -4.309184 (0.052352)
energy : -2.174855 (0.000321)

kinetic : 2.129978 (0.052240)
potential : -4.304837 (0.052311)
energy : -2.174859 (0.000319)

kinetic : 2.131145 (0.052033)
potential : -4.306017 (0.052104)
energy : -2.174872 (0.000318)

kinetic : 2.129683 (0.051836)
potential : -4.304560 (0.051906)
energy : -2.174877 (0.000317)

kinetic : 2.129381 (0.051620)
potential : -4.304274 (0.051690)
energy : -2.174893 (0.000316)

kinetic : 2.128651 (0.051411)
potential : -4.303522 (0.051481)
energy : -2.174872 (0.000315)

kinetic : 2.130166 (0.051220)
potential : -4.305024 (0.051290)
energy : -2.174857 (0.000314)

kinetic : 2.130019 (0.051009)
potential : -4.304872 (0.051079)
energy : -2.174853 (0.000313)

kinetic : 2.136173 (0.051171)
potential : -4.311022 (0.051239)
energy : -2.174848 (0.000312)

kinetic : 2.134023 (0.051007)
potential : -4.308864 (0.051075)
energy : -2.174841 (0.000311)

kinetic : 2.134182 (0.050800)
potential : -4.309015 (0.050867)
energy : -2.174833 (0.000310)

kinetic : 2.132438 (0.050624)
potential : -4.307267 (0.050691)
energy : -2.174828 (0.000308)

kinetic : 2.126131 (0.050812)
potential : -4.300942 (0.050881)
energy : -2.174811 (0.000308)

kinetic : 2.126567 (0.050610)
potential : -4.301402 (0.050678)
energy : -2.174834 (0.000307)

kinetic : 2.122067 (0.050607)
potential : -4.296890 (0.050676)
energy : -2.174823 (0.000306)

kinetic : 2.122194 (0.050405)
potential : -4.297015 (0.050474)
energy : -2.174821 (0.000305)

kinetic : 2.121486 (0.050210)
potential : -4.296296 (0.050279)
energy : -2.174810 (0.000304)

kinetic : 2.123394 (0.050047)
potential : -4.298195 (0.050116)
energy : -2.174801 (0.000303)

kinetic : 2.124579 (0.049864)
potential : -4.299403 (0.049933)
energy : -2.174824 (0.000303)

kinetic : 2.124281 (0.049669)
potential : -4.299107 (0.049737)
energy : -2.174826 (0.000301)

kinetic : 2.126243 (0.049514)
potential : -4.301060 (0.049581)
energy : -2.174818 (0.000300)

kinetic : 2.126832 (0.049324)
potential : -4.301674 (0.049392)
energy : -2.174842 (0.000300)

kinetic : 2.127934 (0.049145)
potential : -4.302770 (0.049212)
energy : -2.174836 (0.000299)

kinetic : 2.124593 (0.049069)
potential : -4.299427 (0.049135)
energy : -2.174834 (0.000298)

kinetic : 2.123454 (0.048893)
potential : -4.298272 (0.048960)
energy : -2.174818 (0.000297)

kinetic : 2.122926 (0.048708)
potential : -4.297736 (0.048775)
energy : -2.174810 (0.000296)

kinetic : 2.118400 (0.048732)
potential : -4.293221 (0.048797)
energy : -2.174820 (0.000295)

kinetic : 2.118920 (0.048549)
potential : -4.293769 (0.048615)
energy : -2.174848 (0.000295)

kinetic : 2.116347 (0.048434)
potential : -4.291175 (0.048500)
energy : -2.174828 (0.000295)

kinetic : 2.119400 (0.048347)
potential : -4.294227 (0.048412)
energy : -2.174827 (0.000294)

kinetic : 2.117762 (0.048193)
potential : -4.292572 (0.048258)
energy : -2.174810 (0.000293)

kinetic : 2.116247 (0.048036)
potential : -4.291060 (0.048101)
energy : -2.174813 (0.000292)

kinetic : 2.116933 (0.047861)
potential : -4.291740 (0.047926)
energy : -2.174807 (0.000291)

kinetic : 2.113534 (0.047804)
potential : -4.288346 (0.047868)
energy : -2.174812 (0.000290)

kinetic : 2.111255 (0.047681)
potential : -4.286084 (0.047744)
energy : -2.174828 (0.000289)

kinetic : 2.106327 (0.047760)
potential : -4.281156 (0.047822)
energy : -2.174829 (0.000288)

kinetic : 2.107280 (0.047593)
potential : -4.282099 (0.047655)
energy : -2.174819 (0.000287)

kinetic : 2.110495 (0.047527)
potential : -4.285325 (0.047590)
energy : -2.174830 (0.000287)

kinetic : 2.109003 (0.047377)
potential : -4.283837 (0.047439)
energy : -2.174834 (0.000286)

kinetic : 2.108189 (0.047212)
potential : -4.283036 (0.047273)
energy : -2.174847 (0.000285)

kinetic : 2.104784 (0.047163)
potential : -4.279632 (0.047225)
energy : -2.174848 (0.000284)

kinetic : 2.104123 (0.046997)
potential : -4.278966 (0.047059)
energy : -2.174842 (0.000283)

kinetic : 2.105542 (0.046850)
potential : -4.280372 (0.046910)
energy : -2.174831 (0.000282)

kinetic : 2.106597 (0.046693)
potential : -4.281420 (0.046753)
energy : -2.174823 (0.000281)

kinetic : 2.107529 (0.046535)
potential : -4.282350 (0.046595)
energy : -2.174821 (0.000280)

kinetic : 2.105399 (0.046419)
potential : -4.280219 (0.046478)
energy : -2.174821 (0.000279)

kinetic : 2.107991 (0.046326)
potential : -4.282807 (0.046385)
energy : -2.174815 (0.000278)

kinetic : 2.108140 (0.046162)
potential : -4.282970 (0.046221)
energy : -2.174830 (0.000278)

kinetic : 2.107519 (0.046004)
potential : -4.282371 (0.046062)
energy : -2.174852 (0.000278)

kinetic : 2.111170 (0.045987)
potential : -4.286020 (0.046045)
energy : -2.174850 (0.000277)

kinetic : 2.111933 (0.045833)
potential : -4.286788 (0.045890)
energy : -2.174855 (0.000276)

kinetic : 2.112904 (0.045683)
potential : -4.287769 (0.045741)
energy : -2.174865 (0.000275)

kinetic : 2.115416 (0.045593)
potential : -4.290276 (0.045650)
energy : -2.174860 (0.000274)

kinetic : 2.115547 (0.045435)
potential : -4.290399 (0.045492)
energy : -2.174852 (0.000273)

kinetic : 2.115911 (0.045280)
potential : -4.290791 (0.045337)
energy : -2.174881 (0.000274)

kinetic : 2.117506 (0.045152)
potential : -4.292393 (0.045209)
energy : -2.174887 (0.000273)

kinetic : 2.118582 (0.045010)
potential : -4.293471 (0.045067)
energy : -2.174889 (0.000272)

kinetic : 2.116961 (0.044886)
potential : -4.291869 (0.044941)
energy : -2.174908 (0.000272)

kinetic : 2.116227 (0.044739)
potential : -4.291139 (0.044794)
energy : -2.174912 (0.000271)

kinetic : 2.120500 (0.044791)
potential : -4.295421 (0.044847)
energy : -2.174920 (0.000270)

kinetic : 2.119347 (0.044654)
potential : -4.294268 (0.044710)
energy : -2.174920 (0.000269)

kinetic : 2.118650 (0.044509)
potential : -4.293570 (0.044565)
energy : -2.174920 (0.000268)

kinetic : 2.119556 (0.044369)
potential : -4.294478 (0.044424)
energy : -2.174921 (0.000267)

kinetic : 2.118976 (0.044224)
potential : -4.293904 (0.044279)
energy : -2.174929 (0.000266)

kinetic : 2.118151 (0.044084)
potential : -4.293084 (0.044139)
energy : -2.174933 (0.000266)

kinetic : 2.116922 (0.043955)
potential : -4.291844 (0.044009)
energy : -2.174922 (0.000265)

kinetic : 2.115445 (0.043834)
potential : -4.290376 (0.043888)
energy : -2.174932 (0.000264)

kinetic : 2.115389 (0.043689)
potential : -4.290325 (0.043743)
energy : -2.174937 (0.000263)

kinetic : 2.112788 (0.043622)
potential : -4.287714 (0.043677)
energy : -2.174927 (0.000263)

kinetic : 2.108528 (0.043687)
potential : -4.283444 (0.043742)
energy : -2.174916 (0.000262)

kinetic : 2.112706 (0.043744)
potential : -4.287626 (0.043799)
energy : -2.174920 (0.000261)

kinetic : 2.111965 (0.043608)
potential : -4.286877 (0.043663)
energy : -2.174912 (0.000261)

kinetic : 2.110180 (0.043503)
potential : -4.285045 (0.043559)
energy : -2.174865 (0.000264)

kinetic : 2.112700 (0.043435)
potential : -4.287588 (0.043493)
energy : -2.174888 (0.000264)

kinetic : 2.110227 (0.043365)
potential : -4.285099 (0.043424)
energy : -2.174872 (0.000264)

kinetic : 2.111856 (0.043256)
potential : -4.286729 (0.043314)
energy : -2.174873 (0.000263)

kinetic : 2.112584 (0.043123)
potential : -4.287473 (0.043182)
energy : -2.174889 (0.000263)

kinetic : 2.112629 (0.042985)
potential : -4.287509 (0.043044)
energy : -2.174880 (0.000262)

kinetic : 2.113427 (0.042856)
potential : -4.288313 (0.042914)
energy : -2.174886 (0.000261)

kinetic : 2.113938 (0.042722)
potential : -4.288814 (0.042780)
energy : -2.174876 (0.000261)

kinetic : 2.114449 (0.042590)
potential : -4.289321 (0.042648)
energy : -2.174872 (0.000260)

kinetic : 2.112841 (0.042486)
potential : -4.287715 (0.042543)
energy : -2.174874 (0.000259)

kinetic : 2.114170 (0.042373)
potential : -4.289063 (0.042431)
energy : -2.174893 (0.000259)

kinetic : 2.112831 (0.042261)
potential : -4.287722 (0.042319)
energy : -2.174891 (0.000258)

kinetic : 2.113848 (0.042141)
potential : -4.288752 (0.042199)
energy : -2.174904 (0.000258)

kinetic : 2.111700 (0.042065)
potential : -4.286586 (0.042123)
energy : -2.174886 (0.000257)

kinetic : 2.109376 (0.041998)
potential : -4.284265 (0.042056)
energy : -2.174889 (0.000257)

kinetic : 2.109173 (0.041868)
potential : -4.284057 (0.041926)
energy : -2.174884 (0.000256)

kinetic : 2.109508 (0.041740)
potential : -4.284388 (0.041798)
energy : -2.174880 (0.000255)

kinetic : 2.111743 (0.041672)
potential : -4.286634 (0.041729)
energy : -2.174890 (0.000255)

kinetic : 2.108538 (0.041667)
potential : -4.283450 (0.041723)
energy : -2.174912 (0.000255)

kinetic : 2.109235 (0.041545)
potential : -4.284125 (0.041601)
energy : -2.174890 (0.000255)

kinetic : 2.124319 (0.044080)
potential : -4.299259 (0.044149)
energy : -2.174940 (0.000259)

kinetic : 2.129074 (0.044202)
potential : -4.304045 (0.044274)
energy : -2.174971 (0.000260)

kinetic : 2.131575 (0.044139)
potential : -4.306574 (0.044212)
energy : -2.174998 (0.000261)

kinetic : 2.129140 (0.044073)
potential : -4.304133 (0.044145)
energy : -2.174993 (0.000260)

kinetic : 2.126966 (0.043993)
potential : -4.301958 (0.044066)
energy : -2.174993 (0.000259)

kinetic : 2.124725 (0.043918)
potential : -4.299701 (0.043991)
energy : -2.174976 (0.000259)

kinetic : 2.124706 (0.043787)
potential : -4.299673 (0.043859)
energy : -2.174966 (0.000258)

kinetic : 2.135264 (0.044914)
potential : -4.310225 (0.044984)
energy : -2.174961 (0.000258)

kinetic : 2.134809 (0.044783)
potential : -4.309783 (0.044852)
energy : -2.174974 (0.000257)

kinetic : 2.138607 (0.044811)
potential : -4.313569 (0.044878)
energy : -2.174962 (0.000257)

kinetic : 2.136069 (0.044750)
potential : -4.311031 (0.044817)
energy : -2.174961 (0.000256)

kinetic : 2.134635 (0.044641)
potential : -4.309600 (0.044708)
energy : -2.174964 (0.000255)

kinetic : 2.132784 (0.044548)
potential : -4.307748 (0.044615)
energy : -2.174964 (0.000254)

kinetic : 2.132191 (0.044421)
potential : -4.307148 (0.044488)
energy : -2.174958 (0.000254)

kinetic : 2.134396 (0.044346)
potential : -4.309348 (0.044412)
energy : -2.174952 (0.000253)

kinetic : 2.142535 (0.044959)
potential : -4.317493 (0.045025)
energy : -2.174957 (0.000252)

kinetic : 2.141811 (0.044834)
potential : -4.316781 (0.044900)
energy : -2.174970 (0.000252)

kinetic : 2.141970 (0.044704)
potential : -4.316962 (0.044770)
energy : -2.174992 (0.000252)

kinetic : 2.142961 (0.044586)
potential : -4.317954 (0.044651)
energy : -2.174993 (0.000251)

kinetic : 2.150535 (0.045098)
potential : -4.325526 (0.045161)
energy : -2.174991 (0.000251)

kinetic : 2.151033 (0.044971)
potential : -4.326023 (0.045034)
energy : -2.174990 (0.000250)

kinetic : 2.152173 (0.044856)
potential : -4.327164 (0.044919)
energy : -2.174991 (0.000249)

kinetic : 2.152892 (0.044734)
potential : -4.327890 (0.044797)
energy : -2.174998 (0.000249)

kinetic : 2.155317 (0.044672)
potential : -4.330312 (0.044735)
energy : -2.174995 (0.000248)

kinetic : 2.159059 (0.044702)
potential : -4.334038 (0.044763)
energy : -2.174979 (0.000248)

kinetic : 2.160755 (0.044607)
potential : -4.335729 (0.044668)
energy : -2.174974 (0.000247)

kinetic : 2.159459 (0.044500)
potential : -4.334426 (0.044560)
energy : -2.174966 (0.000247)

kinetic : 2.158105 (0.044395)
potential : -4.333068 (0.044455)
energy : -2.174963 (0.000246)

kinetic : 2.154324 (0.044431)
potential : -4.329273 (0.044493)
energy : -2.174948 (0.000246)

kinetic : 2.153161 (0.044322)
potential : -4.328104 (0.044383)
energy : -2.174943 (0.000245)

kinetic : 2.150152 (0.044300)
potential : -4.325114 (0.044360)
energy : -2.174962 (0.000245)

kinetic : 2.152119 (0.044220)
potential : -4.327073 (0.044280)
energy : -2.174954 (0.000245)

kinetic : 2.151196 (0.044107)
potential : -4.326138 (0.044166)
energy : -2.174942 (0.000244)

kinetic : 2.152088 (0.043994)
potential : -4.327041 (0.044053)
energy : -2.174953 (0.000244)

kinetic : 2.150941 (0.043887)
potential : -4.325894 (0.043946)
energy : -2.174953 (0.000243)

kinetic : 2.151104 (0.043766)
potential : -4.326059 (0.043825)
energy : -2.174955 (0.000242)

kinetic : 2.150012 (0.043660)
potential : -4.324966 (0.043718)
energy : -2.174954 (0.000242)

kinetic : 2.150944 (0.043550)
potential : -4.325901 (0.043608)
energy : -2.174956 (0.000241)

kinetic : 2.148465 (0.043501)
potential : -4.323430 (0.043559)
energy : -2.174965 (0.000241)

kinetic : 2.147407 (0.043396)
potential : -4.322365 (0.043453)
energy : -2.174957 (0.000240)

kinetic : 2.148380 (0.043288)
potential : -4.323339 (0.043346)
energy : -2.174959 (0.000239)

kinetic : 2.148075 (0.043172)
potential : -4.323025 (0.043230)
energy : -2.174950 (0.000239)

kinetic : 2.149712 (0.043086)
potential : -4.324666 (0.043144)
energy : -2.174953 (0.000238)

kinetic : 2.147398 (0.043032)
potential : -4.322337 (0.043090)
energy : -2.174940 (0.000238)

kinetic : 2.147466 (0.042917)
potential : -4.322395 (0.042974)
energy : -2.174930 (0.000238)

kinetic : 2.149794 (0.042865)
potential : -4.324732 (0.042923)
energy : -2.174938 (0.000237)

kinetic : 2.151656 (0.042790)
potential : -4.326584 (0.042848)
energy : -2.174928 (0.000237)

kinetic : 2.153419 (0.042712)
potential : -4.328372 (0.042771)
energy : -2.174953 (0.000237)

kinetic : 2.155987 (0.042676)
potential : -4.330935 (0.042734)
energy : -2.174948 (0.000237)

kinetic : 2.154795 (0.042579)
potential : -4.329734 (0.042637)
energy : -2.174939 (0.000236)

kinetic : 2.155774 (0.042478)
potential : -4.330710 (0.042535)
energy : -2.174936 (0.000236)

kinetic : 2.154694 (0.042379)
potential : -4.329626 (0.042437)
energy : -2.174932 (0.000235)

kinetic : 2.152356 (0.042332)
potential : -4.327283 (0.042390)
energy : -2.174927 (0.000235)

kinetic : 2.151874 (0.042224)
potential : -4.326801 (0.042281)
energy : -2.174928 (0.000234)

kinetic : 2.152257 (0.042115)
potential : -4.327177 (0.042172)
energy : -2.174920 (0.000233)

kinetic : 2.153607 (0.042026)
potential : -4.328528 (0.042083)
energy : -2.174921 (0.000233)

kinetic : 2.151924 (0.041951)
potential : -4.326833 (0.042008)
energy : -2.174909 (0.000233)

kinetic : 2.152701 (0.041849)
potential : -4.327645 (0.041907)
energy : -2.174944 (0.000235)

kinetic : 2.149834 (0.041839)
potential : -4.324775 (0.041896)
energy : -2.174942 (0.000234)

kinetic : 2.149556 (0.041731)
potential : -4.324519 (0.041789)
energy : -2.174962 (0.000234)

kinetic : 2.149110 (0.041626)
potential : -4.324065 (0.041683)
energy : -2.174955 (0.000234)

kinetic : 2.147533 (0.041549)
potential : -4.322480 (0.041606)
energy : -2.174947 (0.000233)

kinetic : 2.145684 (0.041483)
potential : -4.320626 (0.041541)
energy : -2.174942 (0.000233)

kinetic : 2.146189 (0.041380)
potential : -4.321160 (0.041438)
energy : -2.174971 (0.000234)

kinetic : 2.145518 (0.041280)
potential : -4.320497 (0.041337)
energy : -2.174979 (0.000234)

kinetic : 2.146276 (0.041182)
potential : -4.321253 (0.041239)
energy : -2.174977 (0.000233)

kinetic : 2.146548 (0.041078)
potential : -4.321553 (0.041135)
energy : -2.175005 (0.000234)

kinetic : 2.147370 (0.040982)
potential : -4.322431 (0.041040)
energy : -2.175061 (0.000240)

kinetic : 2.146170 (0.040896)
potential : -4.321229 (0.040954)
energy : -2.175059 (0.000240)

kinetic : 2.149143 (0.040901)
potential : -4.324208 (0.040959)
energy : -2.175064 (0.000239)

kinetic : 2.149238 (0.040798)
potential : -4.324298 (0.040856)
energy : -2.175060 (0.000238)

kinetic : 2.146277 (0.040804)
potential : -4.321340 (0.040861)
energy : -2.175063 (0.000238)

kinetic : 2.146381 (0.040702)
potential : -4.321435 (0.040759)
energy : -2.175054 (0.000237)

kinetic : 2.142466 (0.040788)
potential : -4.317511 (0.040846)
energy : -2.175045 (0.000237)

kinetic : 2.144162 (0.040722)
potential : -4.319196 (0.040779)
energy : -2.175034 (0.000237)

kinetic : 2.144739 (0.040625)
potential : -4.319794 (0.040682)
energy : -2.175056 (0.000237)

kinetic : 2.145040 (0.040525)
potential : -4.320109 (0.040583)
energy : -2.175070 (0.000237)

kinetic : 2.161537 (0.043662)
potential : -4.336603 (0.043713)
energy : -2.175066 (0.000236)

kinetic : 2.160595 (0.043564)
potential : -4.335644 (0.043616)
energy : -2.175049 (0.000236)

kinetic : 2.158018 (0.043534)
potential : -4.333067 (0.043585)
energy : -2.175050 (0.000236)

kinetic : 2.159648 (0.043457)
potential : -4.334701 (0.043509)
energy : -2.175053 (0.000235)

kinetic : 2.157730 (0.043393)
potential : -4.332812 (0.043443)
energy : -2.175081 (0.000236)

kinetic : 2.160585 (0.043381)
potential : -4.335665 (0.043431)
energy : -2.175081 (0.000236)

kinetic : 2.162955 (0.043341)
potential : -4.338051 (0.043391)
energy : -2.175096 (0.000236)

kinetic : 2.161863 (0.043249)
potential : -4.336954 (0.043299)
energy : -2.175091 (0.000235)

kinetic : 2.162210 (0.043146)
potential : -4.337321 (0.043196)
energy : -2.175111 (0.000236)

kinetic : 2.162511 (0.043042)
potential : -4.337628 (0.043093)
energy : -2.175116 (0.000235)

kinetic : 2.161210 (0.042958)
potential : -4.336334 (0.043008)
energy : -2.175123 (0.000235)

kinetic : 2.159608 (0.042885)
potential : -4.334722 (0.042935)
energy : -2.175114 (0.000234)

kinetic : 2.160151 (0.042785)
potential : -4.335267 (0.042835)
energy : -2.175116 (0.000234)

kinetic : 2.161054 (0.042692)
potential : -4.336194 (0.042743)
energy : -2.175140 (0.000234)

kinetic : 2.159795 (0.042609)
potential : -4.334935 (0.042659)
energy : -2.175140 (0.000234)

kinetic : 2.157372 (0.042576)
potential : -4.332508 (0.042627)
energy : -2.175136 (0.000233)

kinetic : 2.156820 (0.042479)
potential : -4.331962 (0.042529)
energy : -2.175142 (0.000233)

kinetic : 2.154946 (0.042419)
potential : -4.330092 (0.042469)
energy : -2.175146 (0.000232)

kinetic : 2.156421 (0.042345)
potential : -4.331574 (0.042394)
energy : -2.175153 (0.000232)

kinetic : 2.162723 (0.042712)
potential : -4.337898 (0.042765)
energy : -2.175175 (0.000232)

kinetic : 2.167973 (0.042934)
potential : -4.343162 (0.042987)
energy : -2.175188 (0.000232)

kinetic : 2.167370 (0.042837)
potential : -4.342546 (0.042891)
energy : -2.175176 (0.000232)

kinetic : 2.165191 (0.042792)
potential : -4.340368 (0.042845)
energy : -2.175178 (0.000231)

kinetic : 2.164310 (0.042701)
potential : -4.339476 (0.042755)
energy : -2.175165 (0.000231)

kinetic : 2.164245 (0.042602)
potential : -4.339410 (0.042655)
energy : -2.175165 (0.000231)

kinetic : 2.165251 (0.042514)
potential : -4.340424 (0.042568)
energy : -2.175173 (0.000230)

kinetic : 2.164740 (0.042419)
potential : -4.339905 (0.042472)
energy : -2.175165 (0.000230)

kinetic : 2.168125 (0.042455)
potential : -4.343288 (0.042508)
energy : -2.175163 (0.000229)

kinetic : 2.169991 (0.042398)
potential : -4.345145 (0.042451)
energy : -2.175154 (0.000229)

kinetic : 2.170475 (0.042303)
potential : -4.345623 (0.042355)
energy : -2.175148 (0.000229)

kinetic : 2.168879 (0.042236)
potential : -4.344029 (0.042288)
energy : -2.175150 (0.000228)

kinetic : 2.167341 (0.042167)
potential : -4.342483 (0.042219)
energy : -2.175142 (0.000228)

kinetic : 2.166682 (0.042076)
potential : -4.341795 (0.042128)
energy : -2.175113 (0.000229)

kinetic : 2.165354 (0.042001)
potential : -4.340460 (0.042053)
energy : -2.175107 (0.000229)

kinetic : 2.163243 (0.041958)
potential : -4.338338 (0.042011)
energy : -2.175095 (0.000228)

kinetic : 2.164269 (0.041875)
potential : -4.339351 (0.041927)
energy : -2.175082 (0.000228)

kinetic : 2.163498 (0.041787)
potential : -4.338577 (0.041839)
energy : -2.175080 (0.000228)

kinetic : 2.162282 (0.041710)
potential : -4.337352 (0.041762)
energy : -2.175070 (0.000227)

kinetic : 2.164371 (0.041668)
potential : -4.339444 (0.041721)
energy : -2.175074 (0.000227)

kinetic : 2.166232 (0.041616)
potential : -4.341311 (0.041668)
energy : -2.175079 (0.000226)

kinetic : 2.165754 (0.041525)
potential : -4.340843 (0.041577)
energy : -2.175088 (0.000226)

kinetic : 2.170417 (0.041693)
potential : -4.345501 (0.041745)
energy : -2.175083 (0.000226)

kinetic : 2.169851 (0.041604)
potential : -4.344929 (0.041655)
energy : -2.175078 (0.000225)

kinetic : 2.170147 (0.041512)
potential : -4.345231 (0.041563)
energy : -2.175084 (0.000225)

kinetic : 2.169506 (0.041424)
potential : -4.344589 (0.041475)
energy : -2.175083 (0.000224)

kinetic : 2.169064 (0.041335)
potential : -4.344145 (0.041385)
energy : -2.175081 (0.000224)

kinetic : 2.171598 (0.041321)
potential : -4.346680 (0.041371)
energy : -2.175081 (0.000223)

kinetic : 2.170907 (0.041235)
potential : -4.345977 (0.041286)
energy : -2.175070 (0.000223)

kinetic : 2.170860 (0.041144)
potential : -4.345942 (0.041194)
energy : -2.175083 (0.000223)

kinetic : 2.171414 (0.041057)
potential : -4.346500 (0.041107)
energy : -2.175086 (0.000222)

kinetic : 2.174755 (0.041103)
potential : -4.349840 (0.041153)
energy : -2.175085 (0.000222)

kinetic : 2.175888 (0.041028)
potential : -4.350963 (0.041078)
energy : -2.175075 (0.000222)

kinetic : 2.176631 (0.040945)
potential : -4.351702 (0.040994)
energy : -2.175071 (0.000221)

kinetic : 2.185099 (0.041724)
potential : -4.360159 (0.041770)
energy : -2.175060 (0.000221)

kinetic : 2.182014 (0.041747)
potential : -4.357068 (0.041793)
energy : -2.175054 (0.000221)

kinetic : 2.181539 (0.041659)
potential : -4.356581 (0.041705)
energy : -2.175042 (0.000220)

kinetic : 2.179782 (0.041605)
potential : -4.354834 (0.041651)
energy : -2.175052 (0.000220)

kinetic : 2.178587 (0.041532)
potential : -4.353633 (0.041578)
energy : -2.175046 (0.000220)

kinetic : 2.178439 (0.041443)
potential : -4.353480 (0.041489)
energy : -2.175041 (0.000219)

kinetic : 2.179734 (0.041374)
potential : -4.354770 (0.041419)
energy : -2.175036 (0.000219)

kinetic : 2.177561 (0.041342)
potential : -4.352608 (0.041387)
energy : -2.175046 (0.000219)

kinetic : 2.180148 (0.041334)
potential : -4.355188 (0.041378)
energy : -2.175040 (0.000218)

kinetic : 2.182137 (0.041293)
potential : -4.357195 (0.041338)
energy : -2.175058 (0.000219)

kinetic : 2.182190 (0.041205)
potential : -4.357249 (0.041250)
energy : -2.175059 (0.000218)

kinetic : 2.178850 (0.041253)
potential : -4.353907 (0.041297)
energy : -2.175056 (0.000218)

kinetic : 2.179814 (0.041176)
potential : -4.354881 (0.041221)
energy : -2.175066 (0.000217)

kinetic : 2.178775 (0.041102)
potential : -4.353841 (0.041147)
energy : -2.175065 (0.000217)

kinetic : 2.177876 (0.041024)
potential : -4.352930 (0.041069)
energy : -2.175054 (0.000217)

kinetic : 2.175569 (0.041002)
potential : -4.350622 (0.041047)
energy : -2.175053 (0.000216)

kinetic : 2.177303 (0.040953)
potential : -4.352355 (0.040997)
energy : -2.175052 (0.000216)

kinetic : 2.177126 (0.040867)
potential : -4.352197 (0.040911)
energy : -2.175071 (0.000216)

kinetic : 2.174637 (0.040857)
potential : -4.349697 (0.040902)
energy : -2.175060 (0.000216)

kinetic : 2.177139 (0.040848)
potential : -4.352216 (0.040894)
energy : -2.175077 (0.000216)

kinetic : 2.176611 (0.040765)
potential : -4.351687 (0.040811)
energy : -2.175076 (0.000216)

kinetic : 2.178030 (0.040705)
potential : -4.353111 (0.040751)
energy : -2.175081 (0.000215)

kinetic : 2.178318 (0.040621)
potential : -4.353396 (0.040667)
energy : -2.175078 (0.000215)

kinetic : 2.177212 (0.040552)
potential : -4.352298 (0.040597)
energy : -2.175085 (0.000215)

kinetic : 2.176195 (0.040480)
potential : -4.351291 (0.040525)
energy : -2.175097 (0.000215)

kinetic : 2.177094 (0.040406)
potential : -4.352198 (0.040451)
energy : -2.175104 (0.000214)

kinetic : 2.177327 (0.040323)
potential : -4.352427 (0.040368)
energy : -2.175099 (0.000214)

kinetic : 2.176508 (0.040249)
potential : -4.351617 (0.040293)
energy : -2.175109 (0.000214)

kinetic : 2.176654 (0.040166)
potential : -4.351762 (0.040211)
energy : -2.175108 (0.000213)

kinetic : 2.175756 (0.040093)
potential : -4.350849 (0.040138)
energy : -2.175093 (0.000213)

kinetic : 2.175039 (0.040018)
potential : -4.350141 (0.040062)
energy : -2.175102 (0.000213)

kinetic : 2.175501 (0.039938)
potential : -4.350608 (0.039983)
energy : -2.175107 (0.000213)

kinetic : 2.174559 (0.039868)
potential : -4.349682 (0.039912)
energy : -2.175124 (0.000213)

kinetic : 2.174435 (0.039787)
potential : -4.349552 (0.039831)
energy : -2.175117 (0.000213)

kinetic : 2.175271 (0.039715)
potential : -4.350386 (0.039759)
energy : -2.175115 (0.000212)

kinetic : 2.176688 (0.039659)
potential : -4.351807 (0.039703)
energy : -2.175119 (0.000212)

kinetic : 2.176003 (0.039585)
potential : -4.351136 (0.039628)
energy : -2.175133 (0.000212)

kinetic : 2.177780 (0.039545)
potential : -4.352914 (0.039588)
energy : -2.175134 (0.000211)

kinetic : 2.180063 (0.039531)
potential : -4.355204 (0.039575)
energy : -2.175142 (0.000211)

kinetic : 2.182124 (0.039505)
potential : -4.357267 (0.039549)
energy : -2.175143 (0.000211)

kinetic : 2.181378 (0.039433)
potential : -4.356528 (0.039476)
energy : -2.175150 (0.000210)

kinetic : 2.181925 (0.039357)
potential : -4.357089 (0.039401)
energy : -2.175165 (0.000210)

kinetic : 2.181310 (0.039284)
potential : -4.356486 (0.039327)
energy : -2.175176 (0.000210)

kinetic : 2.180426 (0.039215)
potential : -4.355604 (0.039258)
energy : -2.175178 (0.000210)

kinetic : 2.179741 (0.039143)
potential : -4.354911 (0.039186)
energy : -2.175170 (0.000210)

kinetic : 2.182953 (0.039197)
potential : -4.358118 (0.039239)
energy : -2.175166 (0.000209)

kinetic : 2.181830 (0.039135)
potential : -4.356992 (0.039178)
energy : -2.175162 (0.000209)

kinetic : 2.182373 (0.039061)
potential : -4.357542 (0.039104)
energy : -2.175168 (0.000209)

kinetic : 2.183085 (0.038990)
potential : -4.358248 (0.039033)
energy : -2.175163 (0.000208)

kinetic : 2.182207 (0.038923)
potential : -4.357368 (0.038966)
energy : -2.175161 (0.000208)

kinetic : 2.182180 (0.038847)
potential : -4.357335 (0.038889)
energy : -2.175155 (0.000207)

kinetic : 2.182994 (0.038779)
potential : -4.358131 (0.038821)
energy : -2.175137 (0.000208)

kinetic : 2.184316 (0.038725)
potential : -4.359464 (0.038767)
energy : -2.175148 (0.000208)

kinetic : 2.186991 (0.038742)
potential : -4.362148 (0.038784)
energy : -2.175156 (0.000207)

kinetic : 2.184701 (0.038734)
potential : -4.359846 (0.038777)
energy : -2.175145 (0.000207)

kinetic : 2.183525 (0.038676)
potential : -4.358674 (0.038719)
energy : -2.175149 (0.000207)

kinetic : 2.183120 (0.038603)
potential : -4.358260 (0.038646)
energy : -2.175140 (0.000207)

kinetic : 2.183551 (0.038530)
potential : -4.358701 (0.038573)
energy : -2.175150 (0.000207)

kinetic : 2.182414 (0.038472)
potential : -4.357566 (0.038515)
energy : -2.175153 (0.000206)

kinetic : 2.183357 (0.038410)
potential : -4.358511 (0.038452)
energy : -2.175153 (0.000206)

kinetic : 2.181907 (0.038363)
potential : -4.357057 (0.038405)
energy : -2.175150 (0.000205)

kinetic : 2.179389 (0.038372)
potential : -4.354525 (0.038415)
energy : -2.175136 (0.000206)

kinetic : 2.175740 (0.038471)
potential : -4.350873 (0.038514)
energy : -2.175133 (0.000205)

kinetic : 2.176819 (0.038412)
potential : -4.351944 (0.038455)
energy : -2.175125 (0.000205)

kinetic : 2.177680 (0.038348)
potential : -4.352805 (0.038391)
energy : -2.175125 (0.000205)

kinetic : 2.177426 (0.038276)
potential : -4.352552 (0.038319)
energy : -2.175126 (0.000204)

kinetic : 2.177183 (0.038203)
potential : -4.352313 (0.038246)
energy : -2.175130 (0.000204)

kinetic : 2.176850 (0.038132)
potential : -4.351979 (0.038175)
energy : -2.175130 (0.000203)

kinetic : 2.176974 (0.038060)
potential : -4.352105 (0.038102)
energy : -2.175131 (0.000203)

kinetic : 2.175780 (0.038006)
potential : -4.350905 (0.038049)
energy : -2.175126 (0.000203)

kinetic : 2.173971 (0.037977)
potential : -4.349063 (0.038021)
energy : -2.175093 (0.000205)

kinetic : 2.178639 (0.038192)
potential : -4.353748 (0.038237)
energy : -2.175109 (0.000205)

kinetic : 2.178984 (0.038121)
potential : -4.354109 (0.038167)
energy : -2.175125 (0.000206)

kinetic : 2.178500 (0.038052)
potential : -4.353620 (0.038098)
energy : -2.175121 (0.000205)

kinetic : 2.177129 (0.038006)
potential : -4.352231 (0.038052)
energy : -2.175102 (0.000206)

kinetic : 2.176634 (0.037937)
potential : -4.351743 (0.037983)
energy : -2.175108 (0.000205)

kinetic : 2.176687 (0.037866)
potential : -4.351793 (0.037912)
energy : -2.175106 (0.000205)

kinetic : 2.178769 (0.037853)
potential : -4.353873 (0.037898)
energy : -2.175104 (0.000205)

kinetic : 2.182422 (0.037958)
potential : -4.357562 (0.038007)
energy : -2.175140 (0.000207)

kinetic : 2.180841 (0.037921)
potential : -4.355983 (0.037969)
energy : -2.175142 (0.000207)

kinetic : 2.182373 (0.037881)
potential : -4.357523 (0.037930)
energy : -2.175151 (0.000207)

kinetic : 2.183311 (0.037822)
potential : -4.358466 (0.037871)
energy : -2.175156 (0.000207)

kinetic : 2.181623 (0.037790)
potential : -4.356770 (0.037839)
energy : -2.175147 (0.000206)

kinetic : 2.182848 (0.037740)
potential : -4.358011 (0.037789)
energy : -2.175163 (0.000207)

kinetic : 2.182017 (0.037679)
potential : -4.357178 (0.037729)
energy : -2.175161 (0.000206)

kinetic : 2.181454 (0.037614)
potential : -4.356608 (0.037664)
energy : -2.175153 (0.000206)

kinetic : 2.179541 (0.037594)
potential : -4.354688 (0.037643)
energy : -2.175147 (0.000206)

kinetic : 2.178925 (0.037530)
potential : -4.354067 (0.037579)
energy : -2.175142 (0.000205)

kinetic : 2.178419 (0.037464)
potential : -4.353543 (0.037514)
energy : -2.175124 (0.000206)

kinetic : 2.178899 (0.037399)
potential : -4.354006 (0.037448)
energy : -2.175108 (0.000206)

kinetic : 2.176581 (0.037402)
potential : -4.351671 (0.037453)
energy : -2.175090 (0.000206)

kinetic : 2.176243 (0.037336)
potential : -4.351333 (0.037386)
energy : -2.175090 (0.000206)

kinetic : 2.179339 (0.037396)
potential : -4.354442 (0.037447)
energy : -2.175104 (0.000206)

kinetic : 2.177932 (0.037355)
potential : -4.353039 (0.037406)
energy : -2.175107 (0.000206)

kinetic : 2.178963 (0.037301)
potential : -4.354082 (0.037352)
energy : -2.175119 (0.000206)

kinetic : 2.178281 (0.037240)
potential : -4.353392 (0.037291)
energy : -2.175111 (0.000206)

kinetic : 2.177239 (0.037187)
potential : -4.352352 (0.037238)
energy : -2.175113 (0.000205)

kinetic : 2.177011 (0.037121)
potential : -4.352129 (0.037172)
energy : -2.175119 (0.000205)

kinetic : 2.178961 (0.037105)
potential : -4.354077 (0.037156)
energy : -2.175116 (0.000205)

kinetic : 2.178489 (0.037042)
potential : -4.353604 (0.037092)
energy : -2.175114 (0.000204)

kinetic : 2.177671 (0.036984)
potential : -4.352796 (0.037035)
energy : -2.175126 (0.000204)

kinetic : 2.177651 (0.036918)
potential : -4.352781 (0.036968)
energy : -2.175130 (0.000204)

kinetic : 2.178658 (0.036866)
potential : -4.353780 (0.036916)
energy : -2.175122 (0.000204)

kinetic : 2.177405 (0.036821)
potential : -4.352523 (0.036871)
energy : -2.175117 (0.000203)

kinetic : 2.176573 (0.036765)
potential : -4.351693 (0.036815)
energy : -2.175120 (0.000203)

kinetic : 2.176740 (0.036700)
potential : -4.351881 (0.036750)
energy : -2.175141 (0.000204)

kinetic : 2.176155 (0.036640)
potential : -4.351289 (0.036689)
energy : -2.175134 (0.000204)

kinetic : 2.174471 (0.036614)
potential : -4.349607 (0.036663)
energy : -2.175136 (0.000203)

kinetic : 2.175019 (0.036553)
potential : -4.350152 (0.036602)
energy : -2.175132 (0.000203)

kinetic : 2.176983 (0.036541)
potential : -4.352112 (0.036590)
energy : -2.175129 (0.000203)

kinetic : 2.177881 (0.036488)
potential : -4.353006 (0.036537)
energy : -2.175125 (0.000202)

kinetic : 2.178335 (0.036427)
potential : -4.353454 (0.036475)
energy : -2.175119 (0.000202)

kinetic : 2.179419 (0.036379)
potential : -4.354530 (0.036427)
energy : -2.175111 (0.000202)

kinetic : 2.179357 (0.036315)
potential : -4.354470 (0.036363)
energy : -2.175113 (0.000201)

kinetic : 2.176266 (0.036383)
potential : -4.351369 (0.036432)
energy : -2.175103 (0.000201)

kinetic : 2.175054 (0.036340)
potential : -4.350155 (0.036388)
energy : -2.175100 (0.000201)

kinetic : 2.175493 (0.036279)
potential : -4.350595 (0.036328)
energy : -2.175102 (0.000201)

kinetic : 2.174792 (0.036223)
potential : -4.349887 (0.036271)
energy : -2.175095 (0.000200)

kinetic : 2.173753 (0.036175)
potential : -4.348849 (0.036223)
energy : -2.175096 (0.000200)

kinetic : 2.174667 (0.036123)
potential : -4.349757 (0.036172)
energy : -2.175090 (0.000200)

kinetic : 2.174313 (0.036063)
potential : -4.349402 (0.036111)
energy : -2.175090 (0.000199)

kinetic : 2.174047 (0.036001)
potential : -4.349132 (0.036049)
energy : -2.175085 (0.000199)

kinetic : 2.174020 (0.035939)
potential : -4.349100 (0.035987)
energy : -2.175081 (0.000199)

kinetic : 2.176225 (0.035945)
potential : -4.351306 (0.035993)
energy : -2.175081 (0.000198)

kinetic : 2.176330 (0.035883)
potential : -4.351403 (0.035931)
energy : -2.175073 (0.000198)

kinetic : 2.175738 (0.035827)
potential : -4.350813 (0.035874)
energy : -2.175075 (0.000198)

kinetic : 2.175610 (0.035765)
potential : -4.350681 (0.035813)
energy : -2.175071 (0.000198)

kinetic : 2.177050 (0.035733)
potential : -4.352121 (0.035781)
energy : -2.175071 (0.000197)

kinetic : 2.177328 (0.035673)
potential : -4.352410 (0.035721)
energy : -2.175082 (0.000197)

kinetic : 2.177793 (0.035615)
potential : -4.352857 (0.035663)
energy : -2.175064 (0.000198)

kinetic : 2.176561 (0.035576)
potential : -4.351622 (0.035624)
energy : -2.175061 (0.000197)

kinetic : 2.175199 (0.035542)
potential : -4.350261 (0.035589)
energy : -2.175062 (0.000197)

kinetic : 2.175038 (0.035482)
potential : -4.350107 (0.035529)
energy : -2.175069 (0.000197)

kinetic : 2.174738 (0.035423)
potential : -4.349814 (0.035470)
energy : -2.175076 (0.000197)

kinetic : 2.175955 (0.035384)
potential : -4.351033 (0.035431)
energy : -2.175078 (0.000196)

kinetic : 2.178004 (0.035384)
potential : -4.353098 (0.035431)
energy : -2.175094 (0.000197)

kinetic : 2.177361 (0.035330)
potential : -4.352450 (0.035378)
energy : -2.175089 (0.000196)

kinetic : 2.177012 (0.035272)
potential : -4.352100 (0.035320)
energy : -2.175088 (0.000196)

kinetic : 2.175204 (0.035259)
potential : -4.350283 (0.035307)
energy : -2.175079 (0.000196)

kinetic : 2.181086 (0.035688)
potential : -4.356170 (0.035736)
energy : -2.175084 (0.000196)

kinetic : 2.180201 (0.035640)
potential : -4.355284 (0.035688)
energy : -2.175083 (0.000195)

kinetic : 2.179217 (0.035594)
potential : -4.354304 (0.035641)
energy : -2.175087 (0.000195)

kinetic : 2.178215 (0.035548)
potential : -4.353305 (0.035596)
energy : -2.175090 (0.000195)

kinetic : 2.177095 (0.035507)
potential : -4.352178 (0.035555)
energy : -2.175083 (0.000195)

kinetic : 2.175825 (0.035471)
potential : -4.350914 (0.035518)
energy : -2.175089 (0.000194)

kinetic : 2.175911 (0.035412)
potential : -4.350996 (0.035459)
energy : -2.175085 (0.000194)

kinetic : 2.174666 (0.035375)
potential : -4.349740 (0.035423)
energy : -2.175074 (0.000194)

kinetic : 2.176127 (0.035347)
potential : -4.351198 (0.035394)
energy : -2.175071 (0.000194)

kinetic : 2.175840 (0.035290)
potential : -4.350908 (0.035337)
energy : -2.175067 (0.000194)

kinetic : 2.176445 (0.035237)
potential : -4.351523 (0.035284)
energy : -2.175078 (0.000194)

kinetic : 2.176125 (0.035180)
potential : -4.351201 (0.035227)
energy : -2.175077 (0.000193)

kinetic : 2.176253 (0.035122)
potential : -4.351332 (0.035170)
energy : -2.175079 (0.000193)

kinetic : 2.177143 (0.035076)
potential : -4.352218 (0.035123)
energy : -2.175075 (0.000193)

kinetic : 2.176916 (0.035019)
potential : -4.351989 (0.035066)
energy : -2.175073 (0.000192)

kinetic : 2.177123 (0.034963)
potential : -4.352194 (0.035010)
energy : -2.175071 (0.000192)

kinetic : 2.176245 (0.034917)
potential : -4.351332 (0.034963)
energy : -2.175087 (0.000192)

kinetic : 2.174873 (0.034887)
potential : -4.349960 (0.034933)
energy : -2.175087 (0.000192)

kinetic : 2.172432 (0.034915)
potential : -4.347514 (0.034962)
energy : -2.175082 (0.000192)

kinetic : 2.171478 (0.034872)
potential : -4.346560 (0.034918)
energy : -2.175082 (0.000191)

kinetic : 2.171751 (0.034816)
potential : -4.346833 (0.034862)
energy : -2.175083 (0.000191)

kinetic : 2.172509 (0.034768)
potential : -4.347584 (0.034814)
energy : -2.175076 (0.000191)

kinetic : 2.172707 (0.034712)
potential : -4.347789 (0.034758)
energy : -2.175082 (0.000191)

kinetic : 2.173028 (0.034658)
potential : -4.348125 (0.034704)
energy : -2.175097 (0.000191)

kinetic : 2.172846 (0.034602)
potential : -4.347941 (0.034649)
energy : -2.175095 (0.000191)

kinetic : 2.172830 (0.034547)
potential : -4.347939 (0.034593)
energy : -2.175109 (0.000191)

kinetic : 2.176179 (0.034654)
potential : -4.351294 (0.034700)
energy : -2.175115 (0.000191)

kinetic : 2.175439 (0.034606)
potential : -4.350553 (0.034652)
energy : -2.175114 (0.000190)

kinetic : 2.174312 (0.034569)
potential : -4.349429 (0.034615)
energy : -2.175117 (0.000190)

kinetic : 2.175229 (0.034526)
potential : -4.350356 (0.034572)
energy : -2.175128 (0.000190)

kinetic : 2.174261 (0.034484)
potential : -4.349387 (0.034530)
energy : -2.175126 (0.000190)

kinetic : 2.174219 (0.034429)
potential : -4.349370 (0.034475)
energy : -2.175151 (0.000191)

kinetic : 2.174117 (0.034375)
potential : -4.349261 (0.034421)
energy : -2.175144 (0.000191)

kinetic : 2.174704 (0.034325)
potential : -4.349863 (0.034371)
energy : -2.175160 (0.000191)

kinetic : 2.173532 (0.034291)
potential : -4.348690 (0.034337)
energy : -2.175158 (0.000191)

kinetic : 2.174642 (0.034254)
potential : -4.349799 (0.034300)
energy : -2.175158 (0.000191)

kinetic : 2.173995 (0.034206)
potential : -4.349143 (0.034252)
energy : -2.175148 (0.000191)

kinetic : 2.172666 (0.034178)
potential : -4.347812 (0.034224)
energy : -2.175146 (0.000190)

kinetic : 2.174187 (0.034158)
potential : -4.349326 (0.034204)
energy : -2.175139 (0.000190)

kinetic : 2.172931 (0.034127)
potential : -4.348066 (0.034173)
energy : -2.175135 (0.000190)

kinetic : 2.171941 (0.034088)
potential : -4.347072 (0.034134)
energy : -2.175132 (0.000190)

kinetic : 2.171179 (0.034043)
potential : -4.346321 (0.034089)
energy : -2.175142 (0.000190)

kinetic : 2.169235 (0.034045)
potential : -4.344375 (0.034091)
energy : -2.175140 (0.000189)

kinetic : 2.168064 (0.034012)
potential : -4.343199 (0.034058)
energy : -2.175135 (0.000189)

kinetic : 2.166828 (0.033982)
potential : -4.341958 (0.034027)
energy : -2.175130 (0.000189)

kinetic : 2.166181 (0.033935)
potential : -4.341307 (0.033981)
energy : -2.175126 (0.000189)

kinetic : 2.176937 (0.035548)
potential : -4.352061 (0.035591)
energy : -2.175125 (0.000188)

kinetic : 2.179039 (0.035555)
potential : -4.354157 (0.035598)
energy : -2.175118 (0.000188)

kinetic : 2.178638 (0.035503)
potential : -4.353755 (0.035545)
energy : -2.175118 (0.000188)

kinetic : 2.180282 (0.035486)
potential : -4.355395 (0.035527)
energy : -2.175113 (0.000188)

kinetic : 2.179709 (0.035435)
potential : -4.354828 (0.035477)
energy : -2.175119 (0.000188)

kinetic : 2.178730 (0.035394)
potential : -4.353851 (0.035436)
energy : -2.175121 (0.000187)

kinetic : 2.177905 (0.035349)
potential : -4.353027 (0.035391)
energy : -2.175122 (0.000187)

kinetic : 2.178202 (0.035296)
potential : -4.353322 (0.035337)
energy : -2.175121 (0.000187)

kinetic : 2.177295 (0.035253)
potential : -4.352421 (0.035295)
energy : -2.175126 (0.000186)

kinetic : 2.176589 (0.035206)
potential : -4.351708 (0.035248)
energy : -2.175119 (0.000186)

kinetic : 2.177156 (0.035157)
potential : -4.352274 (0.035198)
energy : -2.175117 (0.000186)

kinetic : 2.176281 (0.035114)
potential : -4.351398 (0.035155)
energy : -2.175117 (0.000186)

kinetic : 2.175683 (0.035066)
potential : -4.350795 (0.035107)
energy : -2.175112 (0.000186)

kinetic : 2.175245 (0.035015)
potential : -4.350362 (0.035056)
energy : -2.175117 (0.000185)

kinetic : 2.175387 (0.034962)
potential : -4.350502 (0.035003)
energy : -2.175115 (0.000185)

kinetic : 2.175661 (0.034910)
potential : -4.350785 (0.034951)
energy : -2.175125 (0.000185)

kinetic : 2.175877 (0.034857)
potential : -4.351007 (0.034898)
energy : -2.175129 (0.000185)

kinetic : 2.178348 (0.034892)
potential : -4.353473 (0.034932)
energy : -2.175125 (0.000185)

kinetic : 2.176773 (0.034875)
potential : -4.351907 (0.034915)
energy : -2.175134 (0.000185)

kinetic : 2.177502 (0.034830)
potential : -4.352633 (0.034869)
energy : -2.175131 (0.000184)

kinetic : 2.177474 (0.034777)
potential : -4.352598 (0.034817)
energy : -2.175125 (0.000184)

kinetic : 2.178669 (0.034745)
potential : -4.353800 (0.034785)
energy : -2.175130 (0.000184)

kinetic : 2.178133 (0.034697)
potential : -4.353262 (0.034737)
energy : -2.175130 (0.000184)

kinetic : 2.178047 (0.034645)
potential : -4.353180 (0.034685)
energy : -2.175133 (0.000183)

kinetic : 2.177506 (0.034597)
potential : -4.352634 (0.034637)
energy : -2.175128 (0.000183)

kinetic : 2.179764 (0.034619)
potential : -4.354897 (0.034659)
energy : -2.175133 (0.000183)

kinetic : 2.181879 (0.034632)
potential : -4.357036 (0.034673)
energy : -2.175157 (0.000184)

kinetic : 2.179642 (0.034653)
potential : -4.354789 (0.034694)
energy : -2.175148 (0.000184)

kinetic : 2.179461 (0.034602)
potential : -4.354600 (0.034643)
energy : -2.175140 (0.000184)

kinetic : 2.190252 (0.036196)
potential : -4.365390 (0.036235)
energy : -2.175138 (0.000184)

kinetic : 2.189423 (0.036152)
potential : -4.364569 (0.036191)
energy : -2.175146 (0.000184)

kinetic : 2.190006 (0.036103)
potential : -4.365142 (0.036142)
energy : -2.175135 (0.000184)

kinetic : 2.190046 (0.036049)
potential : -4.365185 (0.036088)
energy : -2.175139 (0.000184)

kinetic : 2.192555 (0.036083)
potential : -4.367707 (0.036123)
energy : -2.175152 (0.000184)

kinetic : 2.192649 (0.036030)
potential : -4.367802 (0.036069)
energy : -2.175153 (0.000183)

kinetic : 2.193300 (0.035983)
potential : -4.368473 (0.036022)
energy : -2.175172 (0.000184)

kinetic : 2.192481 (0.035939)
potential : -4.367674 (0.035978)
energy : -2.175193 (0.000185)

kinetic : 2.192707 (0.035887)
potential : -4.367895 (0.035926)
energy : -2.175189 (0.000185)

kinetic : 2.192354 (0.035836)
potential : -4.367544 (0.035875)
energy : -2.175190 (0.000185)

kinetic : 2.193173 (0.035793)
potential : -4.368364 (0.035832)
energy : -2.175191 (0.000184)

kinetic : 2.194556 (0.035767)
potential : -4.369744 (0.035806)
energy : -2.175188 (0.000184)

kinetic : 2.194021 (0.035719)
potential : -4.369210 (0.035757)
energy : -2.175189 (0.000184)

kinetic : 2.199898 (0.036147)
potential : -4.375098 (0.036187)
energy : -2.175201 (0.000184)

kinetic : 2.199882 (0.036095)
potential : -4.375092 (0.036135)
energy : -2.175210 (0.000184)

kinetic : 2.198922 (0.036055)
potential : -4.374126 (0.036095)
energy : -2.175205 (0.000184)

kinetic : 2.198704 (0.036003)
potential : -4.373919 (0.036043)
energy : -2.175214 (0.000184)

kinetic : 2.196471 (0.036020)
potential : -4.371691 (0.036060)
energy : -2.175220 (0.000183)

kinetic : 2.196077 (0.035970)
potential : -4.371299 (0.036009)
energy : -2.175222 (0.000183)

kinetic : 2.195539 (0.035922)
potential : -4.370762 (0.035961)
energy : -2.175223 (0.000183)

kinetic : 2.197065 (0.035902)
potential : -4.372285 (0.035942)
energy : -2.175220 (0.000183)

kinetic : 2.197798 (0.035858)
potential : -4.373020 (0.035897)
energy : -2.175222 (0.000182)

kinetic : 2.196553 (0.035828)
potential : -4.371770 (0.035867)
energy : -2.175217 (0.000182)

kinetic : 2.198982 (0.035859)
potential : -4.374180 (0.035897)
energy : -2.175198 (0.000183)

kinetic : 2.198506 (0.035810)
potential : -4.373715 (0.035848)
energy : -2.175209 (0.000183)

kinetic : 2.199620 (0.035776)
potential : -4.374841 (0.035814)
energy : -2.175221 (0.000183)

kinetic : 2.200696 (0.035741)
potential : -4.375918 (0.035779)
energy : -2.175222 (0.000183)

kinetic : 2.201485 (0.035699)
potential : -4.376704 (0.035736)
energy : -2.175219 (0.000183)

kinetic : 2.202484 (0.035662)
potential : -4.377708 (0.035699)
energy : -2.175224 (0.000183)

kinetic : 2.202026 (0.035614)
potential : -4.377251 (0.035651)
energy : -2.175225 (0.000182)

kinetic : 2.201183 (0.035573)
potential : -4.376403 (0.035611)
energy : -2.175220 (0.000182)

kinetic : 2.201564 (0.035524)
potential : -4.376773 (0.035562)
energy : -2.175208 (0.000182)

kinetic : 2.204049 (0.035561)
potential : -4.379263 (0.035599)
energy : -2.175214 (0.000182)

kinetic : 2.204370 (0.035512)
potential : -4.379595 (0.035550)
energy : -2.175225 (0.000182)

kinetic : 2.203819 (0.035466)
potential : -4.379040 (0.035504)
energy : -2.175221 (0.000182)

kinetic : 2.204010 (0.035416)
potential : -4.379235 (0.035454)
energy : -2.175224 (0.000182)

kinetic : 2.203296 (0.035373)
potential : -4.378521 (0.035411)
energy : -2.175225 (0.000181)

kinetic : 2.201840 (0.035353)
potential : -4.377060 (0.035391)
energy : -2.175220 (0.000181)

kinetic : 2.200517 (0.035328)
potential : -4.375733 (0.035366)
energy : -2.175216 (0.000181)

kinetic : 2.199245 (0.035301)
potential : -4.374454 (0.035339)
energy : -2.175208 (0.000181)

kinetic : 2.202055 (0.035364)
potential : -4.377262 (0.035401)
energy : -2.175207 (0.000181)

kinetic : 2.200511 (0.035348)
potential : -4.375731 (0.035385)
energy : -2.175221 (0.000181)

kinetic : 2.199376 (0.035316)
potential : -4.374610 (0.035353)
energy : -2.175234 (0.000181)

kinetic : 2.199648 (0.035268)
potential : -4.374874 (0.035305)
energy : -2.175226 (0.000181)

kinetic : 2.200307 (0.035225)
potential : -4.375542 (0.035261)
energy : -2.175235 (0.000181)

kinetic : 2.201561 (0.035198)
potential : -4.376807 (0.035235)
energy : -2.175246 (0.000181)

kinetic : 2.200540 (0.035164)
potential : -4.375782 (0.035201)
energy : -2.175242 (0.000181)

kinetic : 2.201283 (0.035123)
potential : -4.376526 (0.035160)
energy : -2.175244 (0.000181)

kinetic : 2.200125 (0.035093)
potential : -4.375367 (0.035130)
energy : -2.175242 (0.000180)

kinetic : 2.200316 (0.035045)
potential : -4.375558 (0.035082)
energy : -2.175242 (0.000180)

kinetic : 2.199880 (0.034999)
potential : -4.375120 (0.035036)
energy : -2.175239 (0.000180)

kinetic : 2.198050 (0.034998)
potential : -4.373289 (0.035035)
energy : -2.175239 (0.000180)

kinetic : 2.198386 (0.034952)
potential : -4.373624 (0.034988)
energy : -2.175238 (0.000179)

kinetic : 2.198580 (0.034904)
potential : -4.373814 (0.034941)
energy : -2.175234 (0.000179)

kinetic : 2.200021 (0.034886)
potential : -4.375267 (0.034923)
energy : -2.175245 (0.000179)

kinetic : 2.199279 (0.034846)
potential : -4.374517 (0.034883)
energy : -2.175238 (0.000179)

kinetic : 2.198785 (0.034801)
potential : -4.374014 (0.034838)
energy : -2.175229 (0.000179)

kinetic : 2.199510 (0.034761)
potential : -4.374742 (0.034798)
energy : -2.175233 (0.000179)

kinetic : 2.198509 (0.034728)
potential : -4.373739 (0.034765)
energy : -2.175230 (0.000179)

kinetic : 2.197843 (0.034687)
potential : -4.373068 (0.034724)
energy : -2.175226 (0.000179)

kinetic : 2.197460 (0.034641)
potential : -4.372679 (0.034679)
energy : -2.175219 (0.000178)

kinetic : 2.196634 (0.034604)
potential : -4.371857 (0.034641)
energy : -2.175223 (0.000178)

kinetic : 2.196084 (0.034561)
potential : -4.371306 (0.034598)
energy : -2.175223 (0.000178)

kinetic : 2.194974 (0.034532)
potential : -4.370204 (0.034569)
energy : -2.175230 (0.000178)

kinetic : 2.193804 (0.034505)
potential : -4.369036 (0.034541)
energy : -2.175232 (0.000178)

kinetic : 2.195129 (0.034483)
potential : -4.370374 (0.034520)
energy : -2.175245 (0.000178)

kinetic : 2.195405 (0.034438)
potential : -4.370645 (0.034475)
energy : -2.175240 (0.000178)

kinetic : 2.194590 (0.034401)
potential : -4.369832 (0.034438)
energy : -2.175242 (0.000178)

kinetic : 2.193613 (0.034368)
potential : -4.368850 (0.034405)
energy : -2.175237 (0.000177)

kinetic : 2.193914 (0.034323)
potential : -4.369146 (0.034360)
energy : -2.175232 (0.000177)

kinetic : 2.194420 (0.034280)
potential : -4.369649 (0.034317)
energy : -2.175229 (0.000177)

kinetic : 2.193604 (0.034244)
potential : -4.368828 (0.034281)
energy : -2.175224 (0.000177)

kinetic : 2.193233 (0.034200)
potential : -4.368460 (0.034237)
energy : -2.175227 (0.000177)

kinetic : 2.192827 (0.034156)
potential : -4.368053 (0.034193)
energy : -2.175226 (0.000176)

kinetic : 2.191102 (0.034154)
potential : -4.366323 (0.034191)
energy : -2.175222 (0.000176)

kinetic : 2.190497 (0.034114)
potential : -4.365721 (0.034150)
energy : -2.175224 (0.000176)

kinetic : 2.189673 (0.034078)
potential : -4.364891 (0.034115)
energy : -2.175218 (0.000176)

kinetic : 2.189394 (0.034034)
potential : -4.364612 (0.034070)
energy : -2.175218 (0.000176)

kinetic : 2.188951 (0.033991)
potential : -4.364175 (0.034028)
energy : -2.175224 (0.000175)

kinetic : 2.188270 (0.033953)
potential : -4.363494 (0.033989)
energy : -2.175224 (0.000175)

kinetic : 2.188026 (0.033908)
potential : -4.363251 (0.033945)
energy : -2.175225 (0.000175)

kinetic : 2.187568 (0.033867)
potential : -4.362797 (0.033903)
energy : -2.175230 (0.000175)

kinetic : 2.186603 (0.033835)
potential : -4.361830 (0.033872)
energy : -2.175228 (0.000175)

kinetic : 2.185775 (0.033801)
potential : -4.360995 (0.033837)
energy : -2.175220 (0.000174)

kinetic : 2.184679 (0.033774)
potential : -4.359906 (0.033810)
energy : -2.175227 (0.000174)

kinetic : 2.184454 (0.033730)
potential : -4.359698 (0.033766)
energy : -2.175245 (0.000175)

kinetic : 2.183875 (0.033690)
potential : -4.359120 (0.033726)
energy : -2.175245 (0.000175)

kinetic : 2.183071 (0.033655)
potential : -4.358311 (0.033691)
energy : -2.175239 (0.000175)

kinetic : 2.183179 (0.033611)
potential : -4.358415 (0.033647)
energy : -2.175236 (0.000174)

kinetic : 2.183721 (0.033571)
potential : -4.358958 (0.033607)
energy : -2.175236 (0.000174)

kinetic : 2.185437 (0.033571)
potential : -4.360676 (0.033607)
energy : -2.175238 (0.000174)

kinetic : 2.185775 (0.033529)
potential : -4.361020 (0.033565)
energy : -2.175245 (0.000174)

kinetic : 2.187032 (0.033509)
potential : -4.362297 (0.033545)
energy : -2.175265 (0.000175)

kinetic : 2.186543 (0.033468)
potential : -4.361804 (0.033505)
energy : -2.175261 (0.000175)

kinetic : 2.186097 (0.033428)
potential : -4.361333 (0.033464)
energy : -2.175237 (0.000176)

kinetic : 2.187402 (0.033409)
potential : -4.362639 (0.033446)
energy : -2.175237 (0.000176)

kinetic : 2.186163 (0.033389)
potential : -4.361397 (0.033426)
energy : -2.175234 (0.000176)

kinetic : 2.186090 (0.033346)
potential : -4.361320 (0.033382)
energy : -2.175230 (0.000176)

kinetic : 2.185475 (0.033308)
potential : -4.360704 (0.033345)
energy : -2.175229 (0.000175)

kinetic : 2.185205 (0.033266)
potential : -4.360431 (0.033303)
energy : -2.175226 (0.000175)

kinetic : 2.184655 (0.033227)
potential : -4.359878 (0.033264)
energy : -2.175223 (0.000175)

kinetic : 2.185939 (0.033209)
potential : -4.361166 (0.033246)
energy : -2.175227 (0.000175)

kinetic : 2.185803 (0.033166)
potential : -4.361025 (0.033203)
energy : -2.175223 (0.000175)

kinetic : 2.184919 (0.033135)
potential : -4.360138 (0.033172)
energy : -2.175218 (0.000174)

kinetic : 2.185080 (0.033093)
potential : -4.360301 (0.033130)
energy : -2.175221 (0.000174)

kinetic : 2.184881 (0.033051)
potential : -4.360100 (0.033088)
energy : -2.175218 (0.000174)

kinetic : 2.184506 (0.033011)
potential : -4.359720 (0.033047)
energy : -2.175213 (0.000174)

kinetic : 2.184717 (0.032969)
potential : -4.359930 (0.033006)
energy : -2.175214 (0.000174)

kinetic : 2.184836 (0.032927)
potential : -4.360053 (0.032964)
energy : -2.175217 (0.000173)

kinetic : 2.185118 (0.032886)
potential : -4.360324 (0.032922)
energy : -2.175205 (0.000174)

kinetic : 2.188000 (0.032970)
potential : -4.363203 (0.033006)
energy : -2.175203 (0.000173)

kinetic : 2.188142 (0.032928)
potential : -4.363341 (0.032964)
energy : -2.175200 (0.000173)

kinetic : 2.186985 (0.032906)
potential : -4.362180 (0.032943)
energy : -2.175196 (0.000173)

kinetic : 2.186905 (0.032865)
potential : -4.362099 (0.032901)
energy : -2.175194 (0.000173)

kinetic : 2.190981 (0.033075)
potential : -4.366169 (0.033110)
energy : -2.175189 (0.000173)

kinetic : 2.190987 (0.033033)
potential : -4.366179 (0.033068)
energy : -2.175192 (0.000173)

kinetic : 2.192398 (0.033021)
potential : -4.367584 (0.033056)
energy : -2.175186 (0.000172)

kinetic : 2.192077 (0.032981)
potential : -4.367255 (0.033016)
energy : -2.175179 (0.000172)

kinetic : 2.194228 (0.033009)
potential : -4.369401 (0.033043)
energy : -2.175173 (0.000172)

kinetic : 2.195046 (0.032977)
potential : -4.370220 (0.033012)
energy : -2.175173 (0.000172)

kinetic : 2.195684 (0.032942)
potential : -4.370852 (0.032976)
energy : -2.175168 (0.000172)

kinetic : 2.194952 (0.032909)
potential : -4.370122 (0.032943)
energy : -2.175170 (0.000172)

kinetic : 2.194057 (0.032879)
potential : -4.369226 (0.032913)
energy : -2.175169 (0.000171)

kinetic : 2.193498 (0.032843)
potential : -4.368666 (0.032877)
energy : -2.175168 (0.000171)

kinetic : 2.193652 (0.032802)
potential : -4.368819 (0.032836)
energy : -2.175167 (0.000171)

kinetic : 2.194173 (0.032765)
potential : -4.369336 (0.032799)
energy : -2.175163 (0.000171)

kinetic : 2.195694 (0.032759)
potential : -4.370861 (0.032793)
energy : -2.175167 (0.000171)

kinetic : 2.194901 (0.032728)
potential : -4.370064 (0.032762)
energy : -2.175163 (0.000171)

kinetic : 2.194051 (0.032698)
potential : -4.369216 (0.032732)
energy : -2.175165 (0.000170)

kinetic : 2.194175 (0.032657)
potential : -4.369338 (0.032691)
energy : -2.175163 (0.000170)

kinetic : 2.195663 (0.032650)
potential : -4.370821 (0.032684)
energy : -2.175158 (0.000170)

kinetic : 2.194553 (0.032628)
potential : -4.369709 (0.032662)
energy : -2.175156 (0.000170)

kinetic : 2.193677 (0.032600)
potential : -4.368837 (0.032633)
energy : -2.175160 (0.000170)

kinetic : 2.194285 (0.032565)
potential : -4.369467 (0.032599)
energy : -2.175183 (0.000171)

kinetic : 2.194852 (0.032529)
potential : -4.370045 (0.032563)
energy : -2.175194 (0.000171)

kinetic : 2.194296 (0.032494)
potential : -4.369490 (0.032528)
energy : -2.175194 (0.000171)

kinetic : 2.194048 (0.032454)
potential : -4.369248 (0.032488)
energy : -2.175200 (0.000171)

kinetic : 2.193785 (0.032415)
potential : -4.368986 (0.032449)
energy : -2.175202 (0.000171)

kinetic : 2.192790 (0.032390)
potential : -4.367990 (0.032424)
energy : -2.175199 (0.000170)

kinetic : 2.192703 (0.032351)
potential : -4.367900 (0.032384)
energy : -2.175197 (0.000170)

kinetic : 2.191628 (0.032329)
potential : -4.366825 (0.032362)
energy : -2.175197 (0.000170)

kinetic : 2.191459 (0.032289)
potential : -4.366663 (0.032323)
energy : -2.175204 (0.000170)

kinetic : 2.192085 (0.032256)
potential : -4.367295 (0.032289)
energy : -2.175210 (0.000170)

kinetic : 2.192384 (0.032217)
potential : -4.367591 (0.032251)
energy : -2.175207 (0.000170)

kinetic : 2.193204 (0.032188)
potential : -4.368411 (0.032222)
energy : -2.175207 (0.000169)

kinetic : 2.192576 (0.032155)
potential : -4.367777 (0.032189)
energy : -2.175201 (0.000169)

kinetic : 2.192090 (0.032119)
potential : -4.367286 (0.032153)
energy : -2.175196 (0.000169)

kinetic : 2.191044 (0.032097)
potential : -4.366241 (0.032131)
energy : -2.175197 (0.000169)

kinetic : 2.190329 (0.032066)
potential : -4.365522 (0.032100)
energy : -2.175193 (0.000169)

kinetic : 2.192152 (0.032079)
potential : -4.367343 (0.032112)
energy : -2.175192 (0.000169)

kinetic : 2.191763 (0.032042)
potential : -4.366956 (0.032076)
energy : -2.175193 (0.000168)

kinetic : 2.193995 (0.032081)
potential : -4.369184 (0.032114)
energy : -2.175189 (0.000168)

kinetic : 2.194601 (0.032048)
potential : -4.369785 (0.032081)
energy : -2.175184 (0.000168)

kinetic : 2.194438 (0.032009)
potential : -4.369630 (0.032042)
energy : -2.175191 (0.000168)

kinetic : 2.195364 (0.031984)
potential : -4.370553 (0.032016)
energy : -2.175189 (0.000168)

kinetic : 2.195807 (0.031948)
potential : -4.371001 (0.031981)
energy : -2.175194 (0.000168)

kinetic : 2.197305 (0.031945)
potential : -4.372500 (0.031977)
energy : -2.175195 (0.000168)

kinetic : 2.197894 (0.031912)
potential : -4.373089 (0.031944)
energy : -2.175195 (0.000167)

kinetic : 2.197543 (0.031875)
potential : -4.372734 (0.031908)
energy : -2.175192 (0.000167)

kinetic : 2.196221 (0.031864)
potential : -4.371414 (0.031897)
energy : -2.175192 (0.000167)

kinetic : 2.198473 (0.031905)
potential : -4.373661 (0.031937)
energy : -2.175187 (0.000167)

kinetic : 2.198138 (0.031869)
potential : -4.373322 (0.031901)
energy : -2.175185 (0.000167)

kinetic : 2.196830 (0.031857)
potential : -4.372007 (0.031890)
energy : -2.175177 (0.000167)

kinetic : 2.195944 (0.031832)
potential : -4.371123 (0.031864)
energy : -2.175179 (0.000166)

kinetic : 2.194567 (0.031823)
potential : -4.369748 (0.031855)
energy : -2.175181 (0.000166)

kinetic : 2.196865 (0.031868)
potential : -4.372048 (0.031900)
energy : -2.175183 (0.000166)

kinetic : 2.196639 (0.031831)
potential : -4.371821 (0.031863)
energy : -2.175182 (0.000166)

kinetic : 2.196705 (0.031793)
potential : -4.371887 (0.031825)
energy : -2.175182 (0.000166)

kinetic : 2.197445 (0.031764)
potential : -4.372621 (0.031796)
energy : -2.175176 (0.000166)

kinetic : 2.196246 (0.031749)
potential : -4.371423 (0.031780)
energy : -2.175177 (0.000165)

kinetic : 2.194735 (0.031747)
potential : -4.369908 (0.031779)
energy : -2.175173 (0.000165)

kinetic : 2.194224 (0.031713)
potential : -4.369395 (0.031745)
energy : -2.175171 (0.000165)

kinetic : 2.194070 (0.031676)
potential : -4.369239 (0.031708)
energy : -2.175169 (0.000165)

kinetic : 2.194086 (0.031639)
potential : -4.369255 (0.031670)
energy : -2.175169 (0.000165)

kinetic : 2.193497 (0.031607)
potential : -4.368675 (0.031638)
energy : -2.175178 (0.000165)

kinetic : 2.193763 (0.031571)
potential : -4.368943 (0.031602)
energy : -2.175180 (0.000164)

kinetic : 2.192665 (0.031552)
potential : -4.367843 (0.031584)
energy : -2.175178 (0.000164)

kinetic : 2.193278 (0.031521)
potential : -4.368463 (0.031553)
energy : -2.175185 (0.000164)

kinetic : 2.193900 (0.031490)
potential : -4.369089 (0.031522)
energy : -2.175189 (0.000164)

kinetic : 2.194803 (0.031466)
potential : -4.369990 (0.031498)
energy : -2.175187 (0.000164)

kinetic : 2.196586 (0.031480)
potential : -4.371770 (0.031511)
energy : -2.175183 (0.000164)

kinetic : 2.195221 (0.031472)
potential : -4.370402 (0.031504)
energy : -2.175182 (0.000164)

kinetic : 2.195892 (0.031443)
potential : -4.371071 (0.031474)
energy : -2.175178 (0.000163)

kinetic : 2.194249 (0.031449)
potential : -4.369426 (0.031480)
energy : -2.175177 (0.000163)

kinetic : 2.193987 (0.031413)
potential : -4.369161 (0.031444)
energy : -2.175175 (0.000163)

kinetic : 2.193544 (0.031380)
potential : -4.368716 (0.031411)
energy : -2.175172 (0.000163)

kinetic : 2.193649 (0.031343)
potential : -4.368823 (0.031374)
energy : -2.175174 (0.000163)

kinetic : 2.194433 (0.031317)
potential : -4.369605 (0.031347)
energy : -2.175172 (0.000163)

kinetic : 2.194366 (0.031280)
potential : -4.369541 (0.031311)
energy : -2.175175 (0.000162)

kinetic : 2.195357 (0.031260)
potential : -4.370529 (0.031290)
energy : -2.175172 (0.000162)

kinetic : 2.193631 (0.031271)
potential : -4.368791 (0.031302)
energy : -2.175159 (0.000163)

kinetic : 2.194739 (0.031254)
potential : -4.369907 (0.031286)
energy : -2.175169 (0.000163)

kinetic : 2.193077 (0.031262)
potential : -4.368236 (0.031294)
energy : -2.175159 (0.000163)

kinetic : 2.192484 (0.031232)
potential : -4.367642 (0.031264)
energy : -2.175158 (0.000163)

kinetic : 2.192071 (0.031198)
potential : -4.367228 (0.031230)
energy : -2.175157 (0.000162)

kinetic : 2.191284 (0.031172)
potential : -4.366439 (0.031204)
energy : -2.175155 (0.000162)

kinetic : 2.191871 (0.031142)
potential : -4.367029 (0.031174)
energy : -2.175158 (0.000162)

kinetic : 2.193765 (0.031164)
potential : -4.368951 (0.031197)
energy : -2.175186 (0.000164)

kinetic : 2.193262 (0.031132)
potential : -4.368446 (0.031166)
energy : -2.175184 (0.000164)

kinetic : 2.193112 (0.031097)
potential : -4.368301 (0.031130)
energy : -2.175189 (0.000164)

kinetic : 2.192668 (0.031064)
potential : -4.367858 (0.031097)
energy : -2.175190 (0.000164)

kinetic : 2.192224 (0.031032)
potential : -4.367411 (0.031065)
energy : -2.175187 (0.000164)

kinetic : 2.192476 (0.030997)
potential : -4.367673 (0.031031)
energy : -2.175197 (0.000164)

kinetic : 2.192726 (0.030963)
potential : -4.367930 (0.030996)
energy : -2.175204 (0.000164)

kinetic : 2.193056 (0.030929)
potential : -4.368260 (0.030963)
energy : -2.175203 (0.000163)

kinetic : 2.193166 (0.030894)
potential : -4.368369 (0.030927)
energy : -2.175203 (0.000163)

kinetic : 2.193668 (0.030863)
potential : -4.368867 (0.030896)
energy : -2.175199 (0.000163)

kinetic : 2.194435 (0.030837)
potential : -4.369630 (0.030870)
energy : -2.175195 (0.000163)

kinetic : 2.199329 (0.031189)
potential : -4.374577 (0.031230)
energy : -2.175248 (0.000171)

kinetic : 2.198899 (0.031156)
potential : -4.374149 (0.031197)
energy : -2.175250 (0.000171)

kinetic : 2.198131 (0.031130)
potential : -4.373375 (0.031171)
energy : -2.175245 (0.000171)

kinetic : 2.196944 (0.031118)
potential : -4.372181 (0.031159)
energy : -2.175237 (0.000171)

kinetic : 2.197177 (0.031083)
potential : -4.372409 (0.031124)
energy : -2.175232 (0.000171)

kinetic : 2.197031 (0.031048)
potential : -4.372263 (0.031090)
energy : -2.175232 (0.000171)

kinetic : 2.197080 (0.031013)
potential : -4.372311 (0.031055)
energy : -2.175231 (0.000170)

kinetic : 2.198316 (0.031003)
potential : -4.373551 (0.031044)
energy : -2.175235 (0.000170)

kinetic : 2.198335 (0.030968)
potential : -4.373564 (0.031009)
energy : -2.175229 (0.000170)

kinetic : 2.197916 (0.030936)
potential : -4.373148 (0.030977)
energy : -2.175232 (0.000170)

kinetic : 2.198103 (0.030902)
potential : -4.373340 (0.030943)
energy : -2.175238 (0.000170)

kinetic : 2.197277 (0.030878)
potential : -4.372516 (0.030919)
energy : -2.175239 (0.000170)

kinetic : 2.202882 (0.031349)
potential : -4.378117 (0.031388)
energy : -2.175235 (0.000170)

kinetic : 2.202275 (0.031319)
potential : -4.377512 (0.031359)
energy : -2.175237 (0.000169)

kinetic : 2.201427 (0.031296)
potential : -4.376658 (0.031336)
energy : -2.175231 (0.000169)

kinetic : 2.202682 (0.031286)
potential : -4.377913 (0.031326)
energy : -2.175231 (0.000169)

kinetic : 2.202230 (0.031254)
potential : -4.377463 (0.031294)
energy : -2.175233 (0.000169)

kinetic : 2.201695 (0.031224)
potential : -4.376924 (0.031264)
energy : -2.175228 (0.000169)

kinetic : 2.202037 (0.031191)
potential : -4.377263 (0.031231)
energy : -2.175226 (0.000169)

kinetic : 2.201015 (0.031173)
potential : -4.376239 (0.031213)
energy : -2.175224 (0.000168)

kinetic : 2.202255 (0.031163)
potential : -4.377476 (0.031203)
energy : -2.175221 (0.000168)

kinetic : 2.201464 (0.031139)
potential : -4.376695 (0.031178)
energy : -2.175231 (0.000168)

kinetic : 2.201928 (0.031107)
potential : -4.377157 (0.031146)
energy : -2.175229 (0.000168)

kinetic : 2.200645 (0.031100)
potential : -4.375873 (0.031138)
energy : -2.175228 (0.000168)

kinetic : 2.200907 (0.031066)
potential : -4.376135 (0.031105)
energy : -2.175228 (0.000168)

kinetic : 2.200683 (0.031033)
potential : -4.375908 (0.031072)
energy : -2.175225 (0.000168)

kinetic : 2.202127 (0.031032)
potential : -4.377341 (0.031070)
energy : -2.175214 (0.000168)

kinetic : 2.202432 (0.030999)
potential : -4.377649 (0.031038)
energy : -2.175217 (0.000168)

kinetic : 2.201538 (0.030978)
potential : -4.376755 (0.031016)
energy : -2.175216 (0.000168)

kinetic : 2.200858 (0.030951)
potential : -4.376072 (0.030990)
energy : -2.175214 (0.000167)

kinetic : 2.200610 (0.030918)
potential : -4.375822 (0.030957)
energy : -2.175212 (0.000167)

kinetic : 2.200461 (0.030885)
potential : -4.375669 (0.030923)
energy : -2.175208 (0.000167)

kinetic : 2.199501 (0.030866)
potential : -4.374708 (0.030904)
energy : -2.175207 (0.000167)

kinetic : 2.197629 (0.030889)
potential : -4.372834 (0.030927)
energy : -2.175205 (0.000167)

kinetic : 2.197327 (0.030856)
potential : -4.372532 (0.030895)
energy : -2.175205 (0.000167)

kinetic : 2.196304 (0.030840)
potential : -4.371516 (0.030878)
energy : -2.175212 (0.000167)

kinetic : 2.194988 (0.030834)
potential : -4.370199 (0.030872)
energy : -2.175212 (0.000166)

kinetic : 2.194427 (0.030805)
potential : -4.369639 (0.030843)
energy : -2.175212 (0.000166)

kinetic : 2.194440 (0.030772)
potential : -4.369650 (0.030810)
energy : -2.175210 (0.000166)

kinetic : 2.193062 (0.030769)
potential : -4.368271 (0.030807)
energy : -2.175209 (0.000166)

kinetic : 2.192459 (0.030742)
potential : -4.367665 (0.030779)
energy : -2.175206 (0.000166)

kinetic : 2.191285 (0.030731)
potential : -4.366488 (0.030769)
energy : -2.175202 (0.000166)

kinetic : 2.191160 (0.030698)
potential : -4.366361 (0.030735)
energy : -2.175201 (0.000165)

kinetic : 2.190790 (0.030667)
potential : -4.365988 (0.030704)
energy : -2.175198 (0.000165)

kinetic : 2.190720 (0.030634)
potential : -4.365916 (0.030671)
energy : -2.175196 (0.000165)

kinetic : 2.189942 (0.030610)
potential : -4.365137 (0.030648)
energy : -2.175195 (0.000165)

kinetic : 2.189103 (0.030589)
potential : -4.364296 (0.030626)
energy : -2.175193 (0.000165)

kinetic : 2.187677 (0.030589)
potential : -4.362864 (0.030627)
energy : -2.175187 (0.000165)

kinetic : 2.187711 (0.030556)
potential : -4.362896 (0.030594)
energy : -2.175185 (0.000164)

kinetic : 2.188742 (0.030540)
potential : -4.363932 (0.030578)
energy : -2.175190 (0.000164)

kinetic : 2.189491 (0.030517)
potential : -4.364686 (0.030555)
energy : -2.175195 (0.000164)

kinetic : 2.190118 (0.030490)
potential : -4.365314 (0.030528)
energy : -2.175196 (0.000164)

kinetic : 2.189136 (0.030474)
potential : -4.364328 (0.030512)
energy : -2.175192 (0.000164)

kinetic : 2.189652 (0.030445)
potential : -4.364847 (0.030483)
energy : -2.175195 (0.000164)

kinetic : 2.188754 (0.030426)
potential : -4.363950 (0.030464)
energy : -2.175196 (0.000164)

kinetic : 2.188914 (0.030394)
potential : -4.364105 (0.030432)
energy : -2.175192 (0.000163)

kinetic : 2.188005 (0.030375)
potential : -4.363194 (0.030413)
energy : -2.175190 (0.000163)

kinetic : 2.188095 (0.030343)
potential : -4.363285 (0.030380)
energy : -2.175190 (0.000163)

kinetic : 2.188239 (0.030311)
potential : -4.363427 (0.030348)
energy : -2.175188 (0.000163)

kinetic : 2.188226 (0.030278)
potential : -4.363416 (0.030316)
energy : -2.175190 (0.000163)

kinetic : 2.188160 (0.030246)
potential : -4.363343 (0.030284)
energy : -2.175183 (0.000163)

kinetic : 2.187145 (0.030231)
potential : -4.362325 (0.030269)
energy : -2.175180 (0.000163)

kinetic : 2.187066 (0.030199)
potential : -4.362244 (0.030237)
energy : -2.175178 (0.000162)

kinetic : 2.186891 (0.030167)
potential : -4.362068 (0.030205)
energy : -2.175178 (0.000162)

kinetic : 2.187267 (0.030138)
potential : -4.362441 (0.030175)
energy : -2.175173 (0.000162)

kinetic : 2.187950 (0.030114)
potential : -4.363121 (0.030151)
energy : -2.175171 (0.000162)

kinetic : 2.186734 (0.030106)
potential : -4.361907 (0.030144)
energy : -2.175173 (0.000162)

kinetic : 2.186867 (0.030075)
potential : -4.362051 (0.030112)
energy : -2.175184 (0.000162)

kinetic : 2.187608 (0.030052)
potential : -4.362790 (0.030090)
energy : -2.175182 (0.000162)

kinetic : 2.188621 (0.030038)
potential : -4.363804 (0.030075)
energy : -2.175183 (0.000162)

kinetic : 2.187579 (0.030024)
potential : -4.362757 (0.030061)
energy : -2.175178 (0.000162)

kinetic : 2.186818 (0.030002)
potential : -4.361995 (0.030039)
energy : -2.175177 (0.000161)

kinetic : 2.187753 (0.029985)
potential : -4.362928 (0.030022)
energy : -2.175175 (0.000161)

kinetic : 2.188226 (0.029957)
potential : -4.363421 (0.029995)
energy : -2.175194 (0.000162)

kinetic : 2.188427 (0.029927)
potential : -4.363610 (0.029964)
energy : -2.175183 (0.000162)

kinetic : 2.186951 (0.029932)
potential : -4.362133 (0.029969)
energy : -2.175182 (0.000162)

kinetic : 2.186076 (0.029913)
potential : -4.361254 (0.029951)
energy : -2.175178 (0.000162)

kinetic : 2.185076 (0.029899)
potential : -4.360251 (0.029936)
energy : -2.175175 (0.000162)

kinetic : 2.184643 (0.029871)
potential : -4.359816 (0.029908)
energy : -2.175173 (0.000162)

kinetic : 2.184541 (0.029840)
potential : -4.359709 (0.029877)
energy : -2.175168 (0.000162)

kinetic : 2.184937 (0.029811)
potential : -4.360112 (0.029849)
energy : -2.175175 (0.000162)

kinetic : 2.185929 (0.029797)
potential : -4.361109 (0.029834)
energy : -2.175181 (0.000162)

kinetic : 2.185548 (0.029768)
potential : -4.360721 (0.029806)
energy : -2.175173 (0.000162)

kinetic : 2.184642 (0.029751)
potential : -4.359820 (0.029788)
energy : -2.175178 (0.000162)

kinetic : 2.186228 (0.029762)
potential : -4.361398 (0.029799)
energy : -2.175169 (0.000162)

kinetic : 2.186488 (0.029733)
potential : -4.361663 (0.029770)
energy : -2.175174 (0.000162)

kinetic : 2.189009 (0.029809)
potential : -4.364175 (0.029845)
energy : -2.175166 (0.000162)

kinetic : 2.189747 (0.029787)
potential : -4.364909 (0.029823)
energy : -2.175162 (0.000162)

kinetic : 2.190407 (0.029763)
potential : -4.365568 (0.029799)
energy : -2.175162 (0.000161)

kinetic : 2.191238 (0.029744)
potential : -4.366411 (0.029780)
energy : -2.175173 (0.000162)

kinetic : 2.190996 (0.029715)
potential : -4.366170 (0.029751)
energy : -2.175174 (0.000161)

kinetic : 2.191493 (0.029688)
potential : -4.366661 (0.029724)
energy : -2.175168 (0.000161)

kinetic : 2.191309 (0.029658)
potential : -4.366477 (0.029694)
energy : -2.175168 (0.000161)

kinetic : 2.190828 (0.029632)
potential : -4.365999 (0.029667)
energy : -2.175171 (0.000161)

kinetic : 2.190953 (0.029601)
potential : -4.366119 (0.029637)
energy : -2.175166 (0.000161)

kinetic : 2.190556 (0.029574)
potential : -4.365721 (0.029609)
energy : -2.175164 (0.000161)

kinetic : 2.190121 (0.029547)
potential : -4.365283 (0.029582)
energy : -2.175162 (0.000161)

kinetic : 2.190205 (0.029517)
potential : -4.365364 (0.029552)
energy : -2.175159 (0.000161)

kinetic : 2.191323 (0.029508)
potential : -4.366483 (0.029543)
energy : -2.175159 (0.000160)

kinetic : 2.191151 (0.029478)
potential : -4.366305 (0.029513)
energy : -2.175154 (0.000160)

kinetic : 2.191371 (0.029449)
potential : -4.366526 (0.029484)
energy : -2.175155 (0.000160)

kinetic : 2.191561 (0.029419)
potential : -4.366711 (0.029455)
energy : -2.175150 (0.000160)

kinetic : 2.191538 (0.029389)
potential : -4.366680 (0.029425)
energy : -2.175142 (0.000160)

kinetic : 2.192207 (0.029367)
potential : -4.367348 (0.029402)
energy : -2.175141 (0.000160)

kinetic : 2.191780 (0.029340)
potential : -4.366913 (0.029376)
energy : -2.175133 (0.000160)

kinetic : 2.190897 (0.029324)
potential : -4.366029 (0.029359)
energy : -2.175132 (0.000160)

kinetic : 2.190504 (0.029297)
potential : -4.365640 (0.029332)
energy : -2.175136 (0.000160)

kinetic : 2.189730 (0.029277)
potential : -4.364863 (0.029312)
energy : -2.175133 (0.000160)

kinetic : 2.189373 (0.029250)
potential : -4.364505 (0.029285)
energy : -2.175132 (0.000159)

kinetic : 2.189282 (0.029220)
potential : -4.364412 (0.029255)
energy : -2.175130 (0.000159)

kinetic : 2.188968 (0.029192)
potential : -4.364096 (0.029228)
energy : -2.175128 (0.000159)

kinetic : 2.188156 (0.029174)
potential : -4.363282 (0.029209)
energy : -2.175127 (0.000159)

kinetic : 2.188176 (0.029145)
potential : -4.363293 (0.029180)
energy : -2.175117 (0.000159)

kinetic : 2.188168 (0.029115)
potential : -4.363284 (0.029151)
energy : -2.175116 (0.000159)

kinetic : 2.188030 (0.029086)
potential : -4.363141 (0.029122)
energy : -2.175111 (0.000159)

kinetic : 2.188168 (0.029057)
potential : -4.363280 (0.029093)
energy : -2.175112 (0.000159)

kinetic : 2.188040 (0.029029)
potential : -4.363149 (0.029064)
energy : -2.175110 (0.000158)

kinetic : 2.188174 (0.029000)
potential : -4.363281 (0.029035)
energy : -2.175107 (0.000158)

kinetic : 2.187081 (0.028991)
potential : -4.362188 (0.029026)
energy : -2.175107 (0.000158)

kinetic : 2.188569 (0.029000)
potential : -4.363675 (0.029035)
energy : -2.175106 (0.000158)

kinetic : 2.187864 (0.028980)
potential : -4.362969 (0.029015)
energy : -2.175105 (0.000158)
         kinetic: 2.188(29), Sigma: 4.069, T_corr: 5.1
       potential: -4.363(29), Sigma: 4.072, T_corr: 5.1
          energy: -2.17510(16), Sigma: 0.023, T_corr: 4.6

For tau = 1.50e-01, acceptance ratio = 0.84
Time: 49.72s
