
kinetic : 2.543942 (inf)
potential : -4.721822 (inf)
energy : -2.177880 (inf)

kinetic : 1.919678 (inf)
potential : -4.098060 (inf)
energy : -2.178382 (inf)

kinetic : 2.191181 (0.271504)
potential : -4.367173 (0.269113)
energy : -2.175992 (0.002390)

kinetic : 1.718613 (0.497888)
potential : -3.895166 (0.496922)
energy : -2.176553 (0.001490)

kinetic : 1.868782 (0.382749)
potential : -4.044713 (0.381877)
energy : -2.175931 (0.001223)

kinetic : 1.821879 (0.300163)
potential : -4.001148 (0.298992)
energy : -2.179269 (0.003470)

kinetic : 1.953688 (0.278278)
potential : -4.133022 (0.277467)
energy : -2.179334 (0.002834)

kinetic : 2.011861 (0.242276)
potential : -4.189266 (0.241153)
energy : -2.177405 (0.003076)

kinetic : 2.163108 (0.258648)
potential : -4.340149 (0.257647)
energy : -2.177041 (0.002688)

kinetic : 2.187493 (0.229406)
potential : -4.364827 (0.228559)
energy : -2.177334 (0.002389)

kinetic : 2.151694 (0.208286)
potential : -4.328519 (0.207629)
energy : -2.176825 (0.002196)

kinetic : 2.138718 (0.188848)
potential : -4.315831 (0.188235)
energy : -2.177113 (0.002007)

kinetic : 2.119445 (0.173468)
potential : -4.296377 (0.172932)
energy : -2.176931 (0.001841)

kinetic : 2.112869 (0.159703)
potential : -4.289603 (0.159219)
energy : -2.176734 (0.001705)

kinetic : 2.156831 (0.154253)
potential : -4.333704 (0.153864)
energy : -2.176874 (0.001585)

kinetic : 2.168071 (0.144041)
potential : -4.345060 (0.143689)
energy : -2.176989 (0.001480)

kinetic : 2.175066 (0.134920)
potential : -4.351551 (0.134565)
energy : -2.176485 (0.001473)

kinetic : 2.140496 (0.131365)
potential : -4.316911 (0.131062)
energy : -2.176415 (0.001386)

kinetic : 2.141802 (0.123859)
potential : -4.317973 (0.123571)
energy : -2.176171 (0.001329)

kinetic : 2.125058 (0.118350)
potential : -4.300919 (0.118124)
energy : -2.175862 (0.001295)

kinetic : 2.081632 (0.120382)
potential : -4.257392 (0.120219)
energy : -2.175760 (0.001232)

kinetic : 2.167415 (0.143074)
potential : -4.343071 (0.142888)
energy : -2.175656 (0.001177)

kinetic : 2.107697 (0.148915)
potential : -4.283320 (0.148766)
energy : -2.175623 (0.001123)

kinetic : 2.105400 (0.142312)
potential : -4.280872 (0.142172)
energy : -2.175473 (0.001083)

kinetic : 2.097388 (0.136488)
potential : -4.272816 (0.136357)
energy : -2.175428 (0.001038)

kinetic : 2.059748 (0.136219)
potential : -4.235196 (0.136092)
energy : -2.175449 (0.000996)

kinetic : 2.045392 (0.131660)
potential : -4.221031 (0.131518)
energy : -2.175639 (0.000976)

kinetic : 2.042902 (0.126714)
potential : -4.218688 (0.126575)
energy : -2.175787 (0.000950)

kinetic : 1.999051 (0.129740)
potential : -4.174767 (0.129638)
energy : -2.175716 (0.000918)

kinetic : 2.041662 (0.132240)
potential : -4.217416 (0.132158)
energy : -2.175755 (0.000887)

kinetic : 2.059227 (0.128958)
potential : -4.234878 (0.128866)
energy : -2.175651 (0.000863)

kinetic : 2.076371 (0.125901)
potential : -4.251958 (0.125804)
energy : -2.175587 (0.000837)

kinetic : 2.063747 (0.122555)
potential : -4.239084 (0.122488)
energy : -2.175337 (0.000848)

kinetic : 2.043482 (0.120499)
potential : -4.218685 (0.120458)
energy : -2.175203 (0.000833)

kinetic : 2.042585 (0.116905)
potential : -4.217619 (0.116866)
energy : -2.175034 (0.000826)

kinetic : 2.062676 (0.115280)
potential : -4.237555 (0.115216)
energy : -2.174878 (0.000817)

kinetic : 2.041598 (0.113998)
potential : -4.216571 (0.113919)
energy : -2.174973 (0.000799)

kinetic : 2.033065 (0.111202)
potential : -4.208036 (0.111126)
energy : -2.174970 (0.000778)

kinetic : 2.022401 (0.108760)
potential : -4.197614 (0.108663)
energy : -2.175213 (0.000795)

kinetic : 2.010230 (0.106631)
potential : -4.185348 (0.106548)
energy : -2.175118 (0.000780)

kinetic : 2.022436 (0.104646)
potential : -4.197711 (0.104584)
energy : -2.175275 (0.000776)

kinetic : 2.037224 (0.103127)
potential : -4.212707 (0.103097)
energy : -2.175483 (0.000785)

kinetic : 2.016222 (0.102810)
potential : -4.191595 (0.102804)
energy : -2.175373 (0.000774)

kinetic : 2.036672 (0.102452)
potential : -4.211981 (0.102434)
energy : -2.175309 (0.000758)

kinetic : 2.033582 (0.100144)
potential : -4.208913 (0.100125)
energy : -2.175331 (0.000741)

kinetic : 2.015896 (0.099478)
potential : -4.191225 (0.099461)
energy : -2.175329 (0.000725)

kinetic : 2.021299 (0.097442)
potential : -4.196607 (0.097423)
energy : -2.175308 (0.000709)

kinetic : 2.023916 (0.095382)
potential : -4.199087 (0.095360)
energy : -2.175171 (0.000707)

kinetic : 2.046467 (0.096058)
potential : -4.221589 (0.096026)
energy : -2.175122 (0.000694)

kinetic : 2.057258 (0.094694)
potential : -4.232222 (0.094645)
energy : -2.174965 (0.000698)

kinetic : 2.039779 (0.094413)
potential : -4.214784 (0.094358)
energy : -2.175005 (0.000685)

kinetic : 2.024919 (0.093729)
potential : -4.199870 (0.093684)
energy : -2.174950 (0.000673)

kinetic : 2.013446 (0.092622)
potential : -4.188308 (0.092590)
energy : -2.174862 (0.000666)

kinetic : 2.007399 (0.091059)
potential : -4.182104 (0.091038)
energy : -2.174705 (0.000672)

kinetic : 1.995966 (0.090085)
potential : -4.170390 (0.090101)
energy : -2.174424 (0.000717)

kinetic : 2.012974 (0.090052)
potential : -4.187321 (0.090053)
energy : -2.174347 (0.000708)

kinetic : 2.019374 (0.088661)
potential : -4.193727 (0.088662)
energy : -2.174353 (0.000695)

kinetic : 2.013665 (0.087279)
potential : -4.188047 (0.087278)
energy : -2.174382 (0.000684)

kinetic : 2.007562 (0.085977)
potential : -4.181901 (0.085980)
energy : -2.174339 (0.000673)

kinetic : 2.030952 (0.087685)
potential : -4.205251 (0.087676)
energy : -2.174300 (0.000663)

kinetic : 2.051938 (0.088729)
potential : -4.226208 (0.088713)
energy : -2.174269 (0.000652)

kinetic : 2.075031 (0.090266)
potential : -4.249583 (0.090324)
energy : -2.174552 (0.000701)

kinetic : 2.064879 (0.089376)
potential : -4.239413 (0.089435)
energy : -2.174534 (0.000690)

kinetic : 2.063947 (0.087951)
potential : -4.238422 (0.088010)
energy : -2.174475 (0.000681)

kinetic : 2.076374 (0.087454)
potential : -4.250818 (0.087506)
energy : -2.174444 (0.000671)

kinetic : 2.069672 (0.086358)
potential : -4.244050 (0.086415)
energy : -2.174379 (0.000664)

kinetic : 2.094688 (0.088643)
potential : -4.269052 (0.088692)
energy : -2.174364 (0.000654)

kinetic : 2.096657 (0.087332)
potential : -4.271066 (0.087382)
energy : -2.174409 (0.000646)

kinetic : 2.091529 (0.086191)
potential : -4.265943 (0.086239)
energy : -2.174414 (0.000636)

kinetic : 2.081913 (0.085475)
potential : -4.256245 (0.085532)
energy : -2.174333 (0.000632)

kinetic : 2.090492 (0.084681)
potential : -4.264881 (0.084742)
energy : -2.174388 (0.000626)

kinetic : 2.079771 (0.084165)
potential : -4.254250 (0.084214)
energy : -2.174479 (0.000624)

kinetic : 2.080758 (0.082994)
potential : -4.255201 (0.083041)
energy : -2.174443 (0.000616)

kinetic : 2.079043 (0.081867)
potential : -4.253486 (0.081914)
energy : -2.174443 (0.000607)

kinetic : 2.066913 (0.081659)
potential : -4.241372 (0.081703)
energy : -2.174459 (0.000599)

kinetic : 2.056194 (0.081273)
potential : -4.230641 (0.081317)
energy : -2.174446 (0.000592)

kinetic : 2.060869 (0.080333)
potential : -4.235420 (0.080382)
energy : -2.174551 (0.000593)

kinetic : 2.069375 (0.079737)
potential : -4.243873 (0.079780)
energy : -2.174498 (0.000588)

kinetic : 2.069628 (0.078709)
potential : -4.244145 (0.078751)
energy : -2.174516 (0.000580)

kinetic : 2.061754 (0.078104)
potential : -4.236272 (0.078146)
energy : -2.174518 (0.000573)

kinetic : 2.063102 (0.077133)
potential : -4.237625 (0.077175)
energy : -2.174523 (0.000566)

kinetic : 2.058222 (0.076331)
potential : -4.232751 (0.076372)
energy : -2.174529 (0.000559)

kinetic : 2.048267 (0.076049)
potential : -4.222855 (0.076081)
energy : -2.174588 (0.000555)

kinetic : 2.047884 (0.075128)
potential : -4.222451 (0.075160)
energy : -2.174567 (0.000549)

kinetic : 2.055654 (0.074634)
potential : -4.230175 (0.074660)
energy : -2.174521 (0.000544)

kinetic : 2.045745 (0.074414)
potential : -4.220265 (0.074439)
energy : -2.174520 (0.000538)

kinetic : 2.040498 (0.073730)
potential : -4.214902 (0.073764)
energy : -2.174404 (0.000544)

kinetic : 2.035670 (0.073038)
potential : -4.210056 (0.073072)
energy : -2.174386 (0.000538)

kinetic : 2.028525 (0.072555)
potential : -4.202901 (0.072590)
energy : -2.174376 (0.000532)

kinetic : 2.029538 (0.071743)
potential : -4.203905 (0.071777)
energy : -2.174367 (0.000526)

kinetic : 2.027082 (0.070984)
potential : -4.201462 (0.071017)
energy : -2.174381 (0.000520)

kinetic : 2.026085 (0.070206)
potential : -4.200464 (0.070239)
energy : -2.174379 (0.000515)

kinetic : 2.028480 (0.069480)
potential : -4.202832 (0.069512)
energy : -2.174352 (0.000510)

kinetic : 2.020428 (0.069199)
potential : -4.194763 (0.069232)
energy : -2.174335 (0.000504)

kinetic : 2.004964 (0.070184)
potential : -4.179164 (0.070246)
energy : -2.174200 (0.000517)

kinetic : 2.039330 (0.077480)
potential : -4.213507 (0.077524)
energy : -2.174177 (0.000512)

kinetic : 2.027817 (0.077528)
potential : -4.201958 (0.077577)
energy : -2.174142 (0.000508)

kinetic : 2.028458 (0.076727)
potential : -4.202578 (0.076776)
energy : -2.174120 (0.000503)

kinetic : 2.021863 (0.076226)
potential : -4.195989 (0.076273)
energy : -2.174126 (0.000498)

kinetic : 2.048009 (0.079854)
potential : -4.222148 (0.079902)
energy : -2.174138 (0.000493)

kinetic : 2.050751 (0.079099)
potential : -4.224883 (0.079146)
energy : -2.174132 (0.000488)

kinetic : 2.041311 (0.078879)
potential : -4.215415 (0.078929)
energy : -2.174104 (0.000484)

kinetic : 2.041199 (0.078102)
potential : -4.215315 (0.078151)
energy : -2.174116 (0.000479)

kinetic : 2.034962 (0.077591)
potential : -4.209089 (0.077639)
energy : -2.174126 (0.000475)

kinetic : 2.034475 (0.076843)
potential : -4.208621 (0.076890)
energy : -2.174147 (0.000471)

kinetic : 2.050935 (0.077867)
potential : -4.225060 (0.077908)
energy : -2.174125 (0.000467)

kinetic : 2.039575 (0.077961)
potential : -4.213706 (0.078000)
energy : -2.174130 (0.000462)

kinetic : 2.035948 (0.077314)
potential : -4.210053 (0.077354)
energy : -2.174105 (0.000459)

kinetic : 2.037138 (0.076604)
potential : -4.211266 (0.076644)
energy : -2.174129 (0.000455)

kinetic : 2.036719 (0.075899)
potential : -4.210836 (0.075939)
energy : -2.174117 (0.000451)

kinetic : 2.033322 (0.075283)
potential : -4.207443 (0.075322)
energy : -2.174121 (0.000447)

kinetic : 2.034139 (0.074606)
potential : -4.208252 (0.074645)
energy : -2.174113 (0.000443)

kinetic : 2.034287 (0.073937)
potential : -4.208404 (0.073975)
energy : -2.174117 (0.000439)

kinetic : 2.030209 (0.073393)
potential : -4.204335 (0.073431)
energy : -2.174127 (0.000435)

kinetic : 2.039084 (0.073286)
potential : -4.213172 (0.073318)
energy : -2.174088 (0.000433)

kinetic : 2.033163 (0.072887)
potential : -4.207326 (0.072913)
energy : -2.174163 (0.000436)

kinetic : 2.023688 (0.072874)
potential : -4.197910 (0.072892)
energy : -2.174222 (0.000436)

kinetic : 2.025549 (0.072273)
potential : -4.199832 (0.072292)
energy : -2.174283 (0.000436)

kinetic : 2.019457 (0.071916)
potential : -4.193685 (0.071940)
energy : -2.174228 (0.000436)

kinetic : 2.019451 (0.071309)
potential : -4.193657 (0.071333)
energy : -2.174206 (0.000433)

kinetic : 2.011966 (0.071107)
potential : -4.186168 (0.071131)
energy : -2.174202 (0.000429)

kinetic : 2.009082 (0.070576)
potential : -4.183312 (0.070599)
energy : -2.174230 (0.000427)

kinetic : 2.012481 (0.070078)
potential : -4.186702 (0.070099)
energy : -2.174221 (0.000423)

kinetic : 2.012065 (0.069507)
potential : -4.186253 (0.069529)
energy : -2.174189 (0.000421)

kinetic : 2.007466 (0.069097)
potential : -4.181672 (0.069118)
energy : -2.174206 (0.000418)

kinetic : 2.007058 (0.068544)
potential : -4.181261 (0.068564)
energy : -2.174203 (0.000415)

kinetic : 2.021359 (0.069485)
potential : -4.195561 (0.069504)
energy : -2.174201 (0.000411)

kinetic : 2.013128 (0.069425)
potential : -4.187358 (0.069441)
energy : -2.174230 (0.000409)

kinetic : 2.007456 (0.069114)
potential : -4.181644 (0.069133)
energy : -2.174188 (0.000408)

kinetic : 2.005037 (0.068619)
potential : -4.179205 (0.068638)
energy : -2.174168 (0.000406)

kinetic : 2.005089 (0.068089)
potential : -4.179270 (0.068108)
energy : -2.174181 (0.000403)

kinetic : 2.018043 (0.068798)
potential : -4.192241 (0.068820)
energy : -2.174199 (0.000400)

kinetic : 2.010302 (0.068712)
potential : -4.184485 (0.068735)
energy : -2.174184 (0.000397)

kinetic : 2.026591 (0.070112)
potential : -4.200785 (0.070137)
energy : -2.174195 (0.000394)

kinetic : 2.033188 (0.069898)
potential : -4.207377 (0.069923)
energy : -2.174189 (0.000391)

kinetic : 2.031669 (0.069395)
potential : -4.205863 (0.069420)
energy : -2.174194 (0.000388)

kinetic : 2.027429 (0.069014)
potential : -4.201609 (0.069038)
energy : -2.174180 (0.000386)

kinetic : 2.025902 (0.068525)
potential : -4.200087 (0.068550)
energy : -2.174186 (0.000383)

kinetic : 2.021368 (0.068178)
potential : -4.195565 (0.068201)
energy : -2.174197 (0.000380)

kinetic : 2.024737 (0.067769)
potential : -4.198953 (0.067793)
energy : -2.174216 (0.000378)

kinetic : 2.025345 (0.067286)
potential : -4.199522 (0.067310)
energy : -2.174177 (0.000378)

kinetic : 2.022817 (0.066855)
potential : -4.196988 (0.066879)
energy : -2.174172 (0.000375)

kinetic : 2.015992 (0.066732)
potential : -4.189997 (0.066773)
energy : -2.174005 (0.000408)

kinetic : 2.013673 (0.066305)
potential : -4.187644 (0.066346)
energy : -2.173972 (0.000406)

kinetic : 2.010799 (0.065905)
potential : -4.184898 (0.065941)
energy : -2.174098 (0.000423)

kinetic : 2.006700 (0.065577)
potential : -4.180783 (0.065614)
energy : -2.174083 (0.000420)

kinetic : 1.998709 (0.065615)
potential : -4.172722 (0.065660)
energy : -2.174013 (0.000423)

kinetic : 2.005261 (0.065496)
potential : -4.179290 (0.065541)
energy : -2.174029 (0.000421)

kinetic : 2.002224 (0.065123)
potential : -4.176251 (0.065168)
energy : -2.174026 (0.000418)

kinetic : 2.000355 (0.064711)
potential : -4.174371 (0.064756)
energy : -2.174016 (0.000415)

kinetic : 1.995440 (0.064466)
potential : -4.169465 (0.064510)
energy : -2.174024 (0.000412)

kinetic : 1.987204 (0.064565)
potential : -4.161224 (0.064609)
energy : -2.174020 (0.000410)

kinetic : 1.983790 (0.064230)
potential : -4.157822 (0.064273)
energy : -2.174032 (0.000407)

kinetic : 1.979786 (0.063934)
potential : -4.153807 (0.063977)
energy : -2.174021 (0.000405)

kinetic : 1.978513 (0.063530)
potential : -4.152542 (0.063573)
energy : -2.174029 (0.000402)

kinetic : 1.970571 (0.063617)
potential : -4.144644 (0.063654)
energy : -2.174073 (0.000402)

kinetic : 1.969049 (0.063226)
potential : -4.143134 (0.063262)
energy : -2.174085 (0.000400)

kinetic : 1.975241 (0.063126)
potential : -4.149341 (0.063164)
energy : -2.174100 (0.000397)

kinetic : 1.982840 (0.063184)
potential : -4.157024 (0.063231)
energy : -2.174183 (0.000404)

kinetic : 1.976497 (0.063105)
potential : -4.150622 (0.063157)
energy : -2.174125 (0.000405)

kinetic : 1.977787 (0.062723)
potential : -4.151944 (0.062775)
energy : -2.174156 (0.000404)

kinetic : 1.974707 (0.062408)
potential : -4.148925 (0.062457)
energy : -2.174218 (0.000406)

kinetic : 1.977166 (0.062070)
potential : -4.151368 (0.062119)
energy : -2.174202 (0.000404)

kinetic : 1.971385 (0.061958)
potential : -4.145610 (0.062004)
energy : -2.174224 (0.000402)

kinetic : 1.970543 (0.061585)
potential : -4.144763 (0.061631)
energy : -2.174220 (0.000400)

kinetic : 1.974562 (0.061343)
potential : -4.148796 (0.061389)
energy : -2.174234 (0.000397)

kinetic : 1.980314 (0.061243)
potential : -4.154571 (0.061291)
energy : -2.174256 (0.000396)

kinetic : 1.976481 (0.060996)
potential : -4.150761 (0.061041)
energy : -2.174280 (0.000394)

kinetic : 1.970834 (0.060894)
potential : -4.145125 (0.060938)
energy : -2.174291 (0.000392)

kinetic : 1.969400 (0.060549)
potential : -4.143697 (0.060593)
energy : -2.174296 (0.000389)

kinetic : 1.971743 (0.060238)
potential : -4.146092 (0.060283)
energy : -2.174349 (0.000391)

kinetic : 1.993607 (0.063751)
potential : -4.168060 (0.063829)
energy : -2.174453 (0.000402)

kinetic : 1.995388 (0.063404)
potential : -4.169840 (0.063482)
energy : -2.174453 (0.000400)

kinetic : 1.993924 (0.063053)
potential : -4.168411 (0.063130)
energy : -2.174486 (0.000399)

kinetic : 1.999870 (0.062971)
potential : -4.174379 (0.063049)
energy : -2.174510 (0.000397)

kinetic : 2.005065 (0.062826)
potential : -4.179571 (0.062903)
energy : -2.174506 (0.000395)

kinetic : 2.009496 (0.062625)
potential : -4.184002 (0.062701)
energy : -2.174506 (0.000393)

kinetic : 2.006206 (0.062357)
potential : -4.180721 (0.062432)
energy : -2.174515 (0.000391)

kinetic : 2.003564 (0.062061)
potential : -4.178074 (0.062137)
energy : -2.174510 (0.000388)

kinetic : 2.004380 (0.061719)
potential : -4.178879 (0.061794)
energy : -2.174499 (0.000386)

kinetic : 2.005502 (0.061386)
potential : -4.179976 (0.061459)
energy : -2.174474 (0.000385)

kinetic : 1.999567 (0.061333)
potential : -4.174017 (0.061409)
energy : -2.174450 (0.000384)

kinetic : 2.003165 (0.061101)
potential : -4.177641 (0.061178)
energy : -2.174475 (0.000382)

kinetic : 2.009235 (0.061069)
potential : -4.183753 (0.061149)
energy : -2.174518 (0.000383)

kinetic : 2.005429 (0.060855)
potential : -4.179936 (0.060935)
energy : -2.174507 (0.000381)

kinetic : 2.019303 (0.062095)
potential : -4.193852 (0.062182)
energy : -2.174549 (0.000381)

kinetic : 2.017653 (0.061783)
potential : -4.192215 (0.061868)
energy : -2.174562 (0.000379)

kinetic : 2.024669 (0.061851)
potential : -4.199286 (0.061942)
energy : -2.174617 (0.000381)

kinetic : 2.025498 (0.061526)
potential : -4.200107 (0.061617)
energy : -2.174610 (0.000379)

kinetic : 2.025865 (0.061201)
potential : -4.200479 (0.061291)
energy : -2.174614 (0.000377)

kinetic : 2.026146 (0.060879)
potential : -4.200698 (0.060968)
energy : -2.174552 (0.000380)

kinetic : 2.027010 (0.060565)
potential : -4.201574 (0.060654)
energy : -2.174564 (0.000379)

kinetic : 2.029497 (0.060300)
potential : -4.204089 (0.060390)
energy : -2.174591 (0.000378)

kinetic : 2.031006 (0.060006)
potential : -4.205585 (0.060095)
energy : -2.174579 (0.000376)

kinetic : 2.030422 (0.059699)
potential : -4.205051 (0.059787)
energy : -2.174629 (0.000377)

kinetic : 2.032073 (0.059415)
potential : -4.206694 (0.059502)
energy : -2.174621 (0.000375)

kinetic : 2.044245 (0.060351)
potential : -4.218918 (0.060447)
energy : -2.174673 (0.000377)

kinetic : 2.040131 (0.060185)
potential : -4.214790 (0.060281)
energy : -2.174659 (0.000375)

kinetic : 2.044783 (0.060060)
potential : -4.219449 (0.060156)
energy : -2.174666 (0.000374)

kinetic : 2.046133 (0.059773)
potential : -4.220796 (0.059868)
energy : -2.174663 (0.000372)

kinetic : 2.039788 (0.059811)
potential : -4.214451 (0.059905)
energy : -2.174664 (0.000370)

kinetic : 2.036550 (0.059601)
potential : -4.211216 (0.059694)
energy : -2.174666 (0.000368)

kinetic : 2.032101 (0.059472)
potential : -4.206758 (0.059565)
energy : -2.174657 (0.000366)

kinetic : 2.034521 (0.059227)
potential : -4.209199 (0.059321)
energy : -2.174677 (0.000365)

kinetic : 2.035554 (0.058945)
potential : -4.210219 (0.059038)
energy : -2.174665 (0.000363)

kinetic : 2.029835 (0.058935)
potential : -4.204516 (0.059026)
energy : -2.174681 (0.000362)

kinetic : 2.029962 (0.058648)
potential : -4.204649 (0.058739)
energy : -2.174687 (0.000360)

kinetic : 2.032964 (0.058442)
potential : -4.207639 (0.058531)
energy : -2.174675 (0.000359)

kinetic : 2.030142 (0.058228)
potential : -4.204823 (0.058316)
energy : -2.174680 (0.000357)

kinetic : 2.027218 (0.058023)
potential : -4.201902 (0.058110)
energy : -2.174684 (0.000355)

kinetic : 2.027406 (0.057746)
potential : -4.202064 (0.057833)
energy : -2.174658 (0.000355)

kinetic : 2.022095 (0.057717)
potential : -4.196763 (0.057802)
energy : -2.174668 (0.000353)

kinetic : 2.023132 (0.057453)
potential : -4.197841 (0.057539)
energy : -2.174709 (0.000354)

kinetic : 2.020115 (0.057262)
potential : -4.194868 (0.057345)
energy : -2.174752 (0.000355)

kinetic : 2.021093 (0.057002)
potential : -4.195818 (0.057084)
energy : -2.174725 (0.000354)

kinetic : 2.019514 (0.056759)
potential : -4.194231 (0.056840)
energy : -2.174717 (0.000353)

kinetic : 2.017835 (0.056520)
potential : -4.192570 (0.056601)
energy : -2.174735 (0.000351)

kinetic : 2.018456 (0.056263)
potential : -4.193186 (0.056343)
energy : -2.174730 (0.000350)

kinetic : 2.028464 (0.056891)
potential : -4.203180 (0.056967)
energy : -2.174716 (0.000349)

kinetic : 2.025906 (0.056688)
potential : -4.200605 (0.056765)
energy : -2.174699 (0.000347)

kinetic : 2.025821 (0.056430)
potential : -4.200506 (0.056506)
energy : -2.174685 (0.000346)

kinetic : 2.022010 (0.056303)
potential : -4.196663 (0.056381)
energy : -2.174652 (0.000346)

kinetic : 2.029324 (0.056524)
potential : -4.203972 (0.056601)
energy : -2.174649 (0.000344)

kinetic : 2.030890 (0.056292)
potential : -4.205542 (0.056368)
energy : -2.174652 (0.000343)

kinetic : 2.027619 (0.056136)
potential : -4.202278 (0.056211)
energy : -2.174659 (0.000341)

kinetic : 2.022661 (0.056105)
potential : -4.197264 (0.056185)
energy : -2.174604 (0.000344)

kinetic : 2.023156 (0.055859)
potential : -4.197744 (0.055938)
energy : -2.174588 (0.000343)

kinetic : 2.020243 (0.055688)
potential : -4.194853 (0.055766)
energy : -2.174610 (0.000342)

kinetic : 2.020192 (0.055443)
potential : -4.194787 (0.055520)
energy : -2.174595 (0.000341)

kinetic : 2.019602 (0.055204)
potential : -4.194182 (0.055281)
energy : -2.174580 (0.000340)

kinetic : 2.021281 (0.054989)
potential : -4.195899 (0.055067)
energy : -2.174617 (0.000341)

kinetic : 2.022749 (0.054770)
potential : -4.197400 (0.054848)
energy : -2.174650 (0.000341)

kinetic : 2.019105 (0.054655)
potential : -4.193772 (0.054732)
energy : -2.174668 (0.000340)

kinetic : 2.023639 (0.054609)
potential : -4.198323 (0.054686)
energy : -2.174684 (0.000339)

kinetic : 2.038623 (0.056402)
potential : -4.213308 (0.056476)
energy : -2.174685 (0.000337)

kinetic : 2.038430 (0.056161)
potential : -4.213099 (0.056236)
energy : -2.174670 (0.000336)

kinetic : 2.037760 (0.055927)
potential : -4.212454 (0.056001)
energy : -2.174694 (0.000335)

kinetic : 2.042908 (0.055928)
potential : -4.217613 (0.056002)
energy : -2.174706 (0.000334)

kinetic : 2.048130 (0.055937)
potential : -4.222856 (0.056012)
energy : -2.174727 (0.000334)

kinetic : 2.054619 (0.056079)
potential : -4.229374 (0.056157)
energy : -2.174755 (0.000333)

kinetic : 2.056262 (0.055869)
potential : -4.231044 (0.055947)
energy : -2.174782 (0.000333)

kinetic : 2.057483 (0.055650)
potential : -4.232252 (0.055728)
energy : -2.174769 (0.000332)

kinetic : 2.051136 (0.055782)
potential : -4.225886 (0.055861)
energy : -2.174750 (0.000331)

kinetic : 2.050994 (0.055552)
potential : -4.225735 (0.055631)
energy : -2.174741 (0.000330)

kinetic : 2.055758 (0.055529)
potential : -4.230500 (0.055607)
energy : -2.174742 (0.000329)

kinetic : 2.054163 (0.055324)
potential : -4.228916 (0.055402)
energy : -2.174753 (0.000327)

kinetic : 2.055477 (0.055115)
potential : -4.230258 (0.055193)
energy : -2.174781 (0.000327)

kinetic : 2.056819 (0.054908)
potential : -4.231616 (0.054986)
energy : -2.174798 (0.000326)

kinetic : 2.054716 (0.054726)
potential : -4.229498 (0.054804)
energy : -2.174782 (0.000325)

kinetic : 2.056046 (0.054522)
potential : -4.230819 (0.054600)
energy : -2.174773 (0.000324)

kinetic : 2.055000 (0.054314)
potential : -4.229769 (0.054391)
energy : -2.174769 (0.000323)

kinetic : 2.052339 (0.054162)
potential : -4.227165 (0.054237)
energy : -2.174826 (0.000327)

kinetic : 2.048630 (0.054074)
potential : -4.223474 (0.054147)
energy : -2.174844 (0.000326)

kinetic : 2.043711 (0.054084)
potential : -4.218528 (0.054159)
energy : -2.174817 (0.000326)

kinetic : 2.048258 (0.054063)
potential : -4.223115 (0.054140)
energy : -2.174857 (0.000327)

kinetic : 2.052653 (0.054029)
potential : -4.227512 (0.054106)
energy : -2.174860 (0.000326)

kinetic : 2.052002 (0.053822)
potential : -4.226842 (0.053898)
energy : -2.174840 (0.000325)

kinetic : 2.052306 (0.053613)
potential : -4.227129 (0.053689)
energy : -2.174823 (0.000324)

kinetic : 2.054444 (0.053447)
potential : -4.229256 (0.053523)
energy : -2.174812 (0.000323)

kinetic : 2.059193 (0.053452)
potential : -4.234019 (0.053528)
energy : -2.174825 (0.000322)

kinetic : 2.063309 (0.053405)
potential : -4.238136 (0.053481)
energy : -2.174827 (0.000321)

kinetic : 2.063033 (0.053200)
potential : -4.237863 (0.053276)
energy : -2.174830 (0.000320)

kinetic : 2.063908 (0.053004)
potential : -4.238734 (0.053079)
energy : -2.174826 (0.000318)

kinetic : 2.064590 (0.052807)
potential : -4.239439 (0.052882)
energy : -2.174849 (0.000318)

kinetic : 2.062593 (0.052644)
potential : -4.237423 (0.052720)
energy : -2.174830 (0.000317)

kinetic : 2.059181 (0.052556)
potential : -4.233988 (0.052633)
energy : -2.174808 (0.000317)

kinetic : 2.063751 (0.052557)
potential : -4.238570 (0.052634)
energy : -2.174819 (0.000316)

kinetic : 2.068110 (0.052541)
potential : -4.242937 (0.052618)
energy : -2.174827 (0.000315)

kinetic : 2.073544 (0.052626)
potential : -4.248374 (0.052703)
energy : -2.174830 (0.000314)

kinetic : 2.077448 (0.052575)
potential : -4.252305 (0.052653)
energy : -2.174857 (0.000314)

kinetic : 2.080029 (0.052444)
potential : -4.254891 (0.052522)
energy : -2.174861 (0.000313)

kinetic : 2.077565 (0.052308)
potential : -4.252405 (0.052387)
energy : -2.174840 (0.000312)

kinetic : 2.076824 (0.052120)
potential : -4.251661 (0.052199)
energy : -2.174836 (0.000311)

kinetic : 2.073986 (0.052007)
potential : -4.248815 (0.052085)
energy : -2.174829 (0.000310)

kinetic : 2.073447 (0.051819)
potential : -4.248277 (0.051897)
energy : -2.174830 (0.000309)

kinetic : 2.081784 (0.052299)
potential : -4.256618 (0.052377)
energy : -2.174834 (0.000308)

kinetic : 2.077076 (0.052322)
potential : -4.251931 (0.052397)
energy : -2.174855 (0.000307)

kinetic : 2.079309 (0.052180)
potential : -4.254170 (0.052255)
energy : -2.174861 (0.000306)

kinetic : 2.080963 (0.052019)
potential : -4.255834 (0.052093)
energy : -2.174871 (0.000305)

kinetic : 2.090808 (0.052758)
potential : -4.265696 (0.052835)
energy : -2.174888 (0.000305)

kinetic : 2.091522 (0.052575)
potential : -4.266428 (0.052651)
energy : -2.174906 (0.000304)

kinetic : 2.101292 (0.053290)
potential : -4.276253 (0.053375)
energy : -2.174961 (0.000308)

kinetic : 2.099211 (0.053142)
potential : -4.274168 (0.053227)
energy : -2.174957 (0.000307)

kinetic : 2.104492 (0.053216)
potential : -4.279458 (0.053301)
energy : -2.174966 (0.000306)

kinetic : 2.101017 (0.053142)
potential : -4.275981 (0.053227)
energy : -2.174964 (0.000305)

kinetic : 2.100123 (0.052963)
potential : -4.275082 (0.053048)
energy : -2.174959 (0.000304)

kinetic : 2.103178 (0.052866)
potential : -4.278184 (0.052953)
energy : -2.175006 (0.000306)

kinetic : 2.102382 (0.052688)
potential : -4.277390 (0.052774)
energy : -2.175007 (0.000305)

kinetic : 2.103383 (0.052514)
potential : -4.278391 (0.052600)
energy : -2.175008 (0.000304)

kinetic : 2.101387 (0.052370)
potential : -4.276388 (0.052456)
energy : -2.175002 (0.000303)

kinetic : 2.099670 (0.052217)
potential : -4.274670 (0.052303)
energy : -2.174999 (0.000302)

kinetic : 2.098463 (0.052051)
potential : -4.273459 (0.052137)
energy : -2.174995 (0.000301)

kinetic : 2.098486 (0.051873)
potential : -4.273494 (0.051958)
energy : -2.175008 (0.000300)

kinetic : 2.102755 (0.051871)
potential : -4.277774 (0.051957)
energy : -2.175018 (0.000300)

kinetic : 2.103829 (0.051706)
potential : -4.278888 (0.051792)
energy : -2.175059 (0.000301)

kinetic : 2.105435 (0.051555)
potential : -4.280488 (0.051641)
energy : -2.175053 (0.000300)

kinetic : 2.108806 (0.051491)
potential : -4.283843 (0.051575)
energy : -2.175037 (0.000300)

kinetic : 2.110092 (0.051334)
potential : -4.285135 (0.051418)
energy : -2.175042 (0.000299)

kinetic : 2.113296 (0.051261)
potential : -4.288330 (0.051344)
energy : -2.175034 (0.000298)

kinetic : 2.110738 (0.051154)
potential : -4.285765 (0.051236)
energy : -2.175027 (0.000297)

kinetic : 2.110152 (0.050986)
potential : -4.285177 (0.051069)
energy : -2.175024 (0.000296)

kinetic : 2.110591 (0.050818)
potential : -4.285598 (0.050901)
energy : -2.175007 (0.000296)

kinetic : 2.108512 (0.050693)
potential : -4.283517 (0.050774)
energy : -2.175005 (0.000295)

kinetic : 2.111700 (0.050626)
potential : -4.286697 (0.050706)
energy : -2.174997 (0.000294)

kinetic : 2.112162 (0.050461)
potential : -4.287161 (0.050541)
energy : -2.174999 (0.000293)

kinetic : 2.108742 (0.050411)
potential : -4.283733 (0.050492)
energy : -2.174991 (0.000292)

kinetic : 2.112785 (0.050409)
potential : -4.287793 (0.050490)
energy : -2.175008 (0.000292)

kinetic : 2.113692 (0.050252)
potential : -4.288690 (0.050333)
energy : -2.174997 (0.000291)

kinetic : 2.111875 (0.050122)
potential : -4.286842 (0.050204)
energy : -2.174968 (0.000291)

kinetic : 2.109894 (0.049999)
potential : -4.284852 (0.050081)
energy : -2.174957 (0.000291)

kinetic : 2.108698 (0.049851)
potential : -4.283664 (0.049933)
energy : -2.174966 (0.000290)

kinetic : 2.110566 (0.049726)
potential : -4.285527 (0.049807)
energy : -2.174960 (0.000289)

kinetic : 2.109038 (0.049590)
potential : -4.283995 (0.049671)
energy : -2.174957 (0.000288)

kinetic : 2.109258 (0.049432)
potential : -4.284211 (0.049512)
energy : -2.174953 (0.000287)

kinetic : 2.108432 (0.049281)
potential : -4.283353 (0.049362)
energy : -2.174922 (0.000288)

kinetic : 2.107771 (0.049129)
potential : -4.282694 (0.049209)
energy : -2.174923 (0.000287)

kinetic : 2.109898 (0.049019)
potential : -4.284818 (0.049099)
energy : -2.174921 (0.000286)

kinetic : 2.108590 (0.048882)
potential : -4.283512 (0.048962)
energy : -2.174921 (0.000285)

kinetic : 2.108488 (0.048728)
potential : -4.283400 (0.048807)
energy : -2.174912 (0.000284)

kinetic : 2.104538 (0.048735)
potential : -4.279444 (0.048815)
energy : -2.174906 (0.000284)

kinetic : 2.103826 (0.048588)
potential : -4.278740 (0.048667)
energy : -2.174914 (0.000283)

kinetic : 2.102357 (0.048459)
potential : -4.277249 (0.048538)
energy : -2.174892 (0.000283)

kinetic : 2.099858 (0.048372)
potential : -4.274749 (0.048452)
energy : -2.174891 (0.000282)

kinetic : 2.099434 (0.048224)
potential : -4.274316 (0.048303)
energy : -2.174882 (0.000281)

kinetic : 2.100117 (0.048080)
potential : -4.274990 (0.048159)
energy : -2.174874 (0.000281)

kinetic : 2.103749 (0.048069)
potential : -4.278634 (0.048148)
energy : -2.174885 (0.000280)

kinetic : 2.099140 (0.048143)
potential : -4.274021 (0.048222)
energy : -2.174881 (0.000279)

kinetic : 2.099463 (0.047996)
potential : -4.274341 (0.048075)
energy : -2.174878 (0.000278)

kinetic : 2.098888 (0.047853)
potential : -4.273791 (0.047931)
energy : -2.174903 (0.000278)

kinetic : 2.098680 (0.047708)
potential : -4.273581 (0.047786)
energy : -2.174901 (0.000278)

kinetic : 2.101209 (0.047630)
potential : -4.276116 (0.047708)
energy : -2.174908 (0.000277)

kinetic : 2.098553 (0.047561)
potential : -4.273456 (0.047638)
energy : -2.174903 (0.000276)

kinetic : 2.094210 (0.047616)
potential : -4.269130 (0.047691)
energy : -2.174920 (0.000276)

kinetic : 2.093050 (0.047486)
potential : -4.267958 (0.047562)
energy : -2.174907 (0.000275)

kinetic : 2.092396 (0.047349)
potential : -4.267299 (0.047424)
energy : -2.174903 (0.000274)

kinetic : 2.098369 (0.047583)
potential : -4.273265 (0.047657)
energy : -2.174896 (0.000274)

kinetic : 2.099586 (0.047457)
potential : -4.274491 (0.047531)
energy : -2.174905 (0.000273)

kinetic : 2.106223 (0.047779)
potential : -4.281131 (0.047853)
energy : -2.174908 (0.000272)

kinetic : 2.104273 (0.047678)
potential : -4.279181 (0.047751)
energy : -2.174908 (0.000271)

kinetic : 2.101942 (0.047594)
potential : -4.276846 (0.047667)
energy : -2.174904 (0.000271)

kinetic : 2.103369 (0.047475)
potential : -4.278271 (0.047548)
energy : -2.174901 (0.000270)

kinetic : 2.110673 (0.047896)
potential : -4.285576 (0.047968)
energy : -2.174903 (0.000269)

kinetic : 2.113686 (0.047851)
potential : -4.288585 (0.047922)
energy : -2.174898 (0.000268)

kinetic : 2.113791 (0.047711)
potential : -4.288688 (0.047782)
energy : -2.174897 (0.000268)

kinetic : 2.111364 (0.047634)
potential : -4.286145 (0.047711)
energy : -2.174781 (0.000291)

kinetic : 2.114899 (0.047627)
potential : -4.289688 (0.047704)
energy : -2.174789 (0.000290)

kinetic : 2.117020 (0.047537)
potential : -4.291820 (0.047614)
energy : -2.174800 (0.000290)

kinetic : 2.119243 (0.047451)
potential : -4.294040 (0.047528)
energy : -2.174797 (0.000289)

kinetic : 2.124167 (0.047570)
potential : -4.298958 (0.047646)
energy : -2.174791 (0.000288)

kinetic : 2.123399 (0.047440)
potential : -4.298187 (0.047515)
energy : -2.174788 (0.000287)

kinetic : 2.122767 (0.047309)
potential : -4.297560 (0.047384)
energy : -2.174793 (0.000287)

kinetic : 2.125119 (0.047232)
potential : -4.299911 (0.047307)
energy : -2.174791 (0.000286)

kinetic : 2.129964 (0.047346)
potential : -4.304723 (0.047417)
energy : -2.174759 (0.000287)

kinetic : 2.132057 (0.047258)
potential : -4.306814 (0.047329)
energy : -2.174756 (0.000286)

kinetic : 2.132733 (0.047130)
potential : -4.307480 (0.047200)
energy : -2.174746 (0.000285)

kinetic : 2.130807 (0.047036)
potential : -4.305531 (0.047107)
energy : -2.174723 (0.000285)

kinetic : 2.126794 (0.047075)
potential : -4.301498 (0.047147)
energy : -2.174704 (0.000285)

kinetic : 2.127679 (0.046952)
potential : -4.302378 (0.047023)
energy : -2.174698 (0.000284)

kinetic : 2.123943 (0.046969)
potential : -4.298651 (0.047039)
energy : -2.174708 (0.000284)

kinetic : 2.126471 (0.046906)
potential : -4.301175 (0.046976)
energy : -2.174704 (0.000283)

kinetic : 2.124538 (0.046816)
potential : -4.299232 (0.046885)
energy : -2.174694 (0.000282)

kinetic : 2.121678 (0.046773)
potential : -4.296366 (0.046843)
energy : -2.174688 (0.000282)

kinetic : 2.121818 (0.046644)
potential : -4.296506 (0.046714)
energy : -2.174688 (0.000281)

kinetic : 2.124655 (0.046602)
potential : -4.299341 (0.046671)
energy : -2.174686 (0.000280)

kinetic : 2.123710 (0.046483)
potential : -4.298390 (0.046552)
energy : -2.174680 (0.000280)

kinetic : 2.126771 (0.046457)
potential : -4.301460 (0.046526)
energy : -2.174689 (0.000279)

kinetic : 2.125392 (0.046350)
potential : -4.300093 (0.046419)
energy : -2.174701 (0.000278)

kinetic : 2.125572 (0.046224)
potential : -4.300273 (0.046293)
energy : -2.174701 (0.000278)

kinetic : 2.129202 (0.046241)
potential : -4.303912 (0.046310)
energy : -2.174709 (0.000277)

kinetic : 2.128056 (0.046130)
potential : -4.302768 (0.046198)
energy : -2.174712 (0.000276)

kinetic : 2.129822 (0.046039)
potential : -4.304526 (0.046107)
energy : -2.174704 (0.000276)

kinetic : 2.128629 (0.045930)
potential : -4.303305 (0.045999)
energy : -2.174676 (0.000276)

kinetic : 2.127455 (0.045821)
potential : -4.302094 (0.045891)
energy : -2.174639 (0.000278)

kinetic : 2.131145 (0.045847)
potential : -4.305781 (0.045916)
energy : -2.174636 (0.000277)

kinetic : 2.133446 (0.045782)
potential : -4.308074 (0.045850)
energy : -2.174629 (0.000277)

kinetic : 2.132682 (0.045666)
potential : -4.307325 (0.045734)
energy : -2.174643 (0.000276)

kinetic : 2.135423 (0.045627)
potential : -4.310066 (0.045695)
energy : -2.174643 (0.000276)

kinetic : 2.138163 (0.045588)
potential : -4.312802 (0.045655)
energy : -2.174639 (0.000275)

kinetic : 2.139859 (0.045499)
potential : -4.314491 (0.045566)
energy : -2.174632 (0.000274)

kinetic : 2.138474 (0.045400)
potential : -4.313098 (0.045467)
energy : -2.174624 (0.000274)

kinetic : 2.138487 (0.045281)
potential : -4.313103 (0.045347)
energy : -2.174616 (0.000273)

kinetic : 2.141493 (0.045261)
potential : -4.316107 (0.045327)
energy : -2.174614 (0.000272)

kinetic : 2.140969 (0.045146)
potential : -4.315581 (0.045212)
energy : -2.174612 (0.000272)

kinetic : 2.141018 (0.045028)
potential : -4.315629 (0.045093)
energy : -2.174611 (0.000271)

kinetic : 2.138087 (0.045006)
potential : -4.312698 (0.045071)
energy : -2.174611 (0.000270)

kinetic : 2.141023 (0.044985)
potential : -4.315723 (0.045056)
energy : -2.174700 (0.000284)

kinetic : 2.137982 (0.044971)
potential : -4.312680 (0.045042)
energy : -2.174697 (0.000283)

kinetic : 2.140080 (0.044904)
potential : -4.314810 (0.044976)
energy : -2.174730 (0.000284)

kinetic : 2.140480 (0.044790)
potential : -4.315211 (0.044861)
energy : -2.174731 (0.000283)

kinetic : 2.138454 (0.044720)
potential : -4.313182 (0.044792)
energy : -2.174728 (0.000283)

kinetic : 2.135736 (0.044688)
potential : -4.310445 (0.044761)
energy : -2.174709 (0.000283)

kinetic : 2.139499 (0.044732)
potential : -4.314239 (0.044807)
energy : -2.174740 (0.000284)

kinetic : 2.139502 (0.044618)
potential : -4.314252 (0.044692)
energy : -2.174750 (0.000283)

kinetic : 2.138651 (0.044513)
potential : -4.313390 (0.044587)
energy : -2.174739 (0.000282)

kinetic : 2.140791 (0.044451)
potential : -4.315557 (0.044526)
energy : -2.174767 (0.000283)

kinetic : 2.143508 (0.044421)
potential : -4.318298 (0.044498)
energy : -2.174790 (0.000283)

kinetic : 2.142303 (0.044325)
potential : -4.317090 (0.044402)
energy : -2.174788 (0.000283)

kinetic : 2.143820 (0.044240)
potential : -4.318611 (0.044316)
energy : -2.174790 (0.000282)

kinetic : 2.145874 (0.044176)
potential : -4.320655 (0.044252)
energy : -2.174781 (0.000281)

kinetic : 2.144287 (0.044094)
potential : -4.319066 (0.044169)
energy : -2.174778 (0.000281)

kinetic : 2.144619 (0.043985)
potential : -4.319388 (0.044060)
energy : -2.174769 (0.000280)

kinetic : 2.140751 (0.044045)
potential : -4.315504 (0.044121)
energy : -2.174754 (0.000280)

kinetic : 2.141574 (0.043943)
potential : -4.316319 (0.044019)
energy : -2.174745 (0.000279)

kinetic : 2.141109 (0.043836)
potential : -4.315861 (0.043912)
energy : -2.174751 (0.000279)

kinetic : 2.144122 (0.043831)
potential : -4.318900 (0.043908)
energy : -2.174778 (0.000279)

kinetic : 2.143309 (0.043731)
potential : -4.318079 (0.043807)
energy : -2.174770 (0.000279)

kinetic : 2.141122 (0.043678)
potential : -4.315883 (0.043755)
energy : -2.174761 (0.000278)

kinetic : 2.140453 (0.043575)
potential : -4.315219 (0.043652)
energy : -2.174766 (0.000278)

kinetic : 2.142615 (0.043522)
potential : -4.317400 (0.043599)
energy : -2.174785 (0.000277)

kinetic : 2.143612 (0.043427)
potential : -4.318415 (0.043505)
energy : -2.174802 (0.000277)

kinetic : 2.143939 (0.043322)
potential : -4.318745 (0.043400)
energy : -2.174806 (0.000277)

kinetic : 2.147021 (0.043326)
potential : -4.321852 (0.043405)
energy : -2.174831 (0.000277)

kinetic : 2.147201 (0.043221)
potential : -4.322057 (0.043300)
energy : -2.174857 (0.000278)

kinetic : 2.147393 (0.043117)
potential : -4.322272 (0.043196)
energy : -2.174879 (0.000278)

kinetic : 2.148404 (0.043025)
potential : -4.323280 (0.043103)
energy : -2.174876 (0.000277)

kinetic : 2.148378 (0.042921)
potential : -4.323267 (0.042999)
energy : -2.174889 (0.000277)

kinetic : 2.146478 (0.042860)
potential : -4.321354 (0.042938)
energy : -2.174876 (0.000277)

kinetic : 2.146740 (0.042758)
potential : -4.321610 (0.042836)
energy : -2.174871 (0.000276)

kinetic : 2.149651 (0.042754)
potential : -4.324545 (0.042834)
energy : -2.174894 (0.000276)

kinetic : 2.150473 (0.042660)
potential : -4.325373 (0.042740)
energy : -2.174900 (0.000276)

kinetic : 2.147331 (0.042674)
potential : -4.322227 (0.042754)
energy : -2.174896 (0.000275)

kinetic : 2.150926 (0.042724)
potential : -4.325914 (0.042811)
energy : -2.174988 (0.000289)

kinetic : 2.150464 (0.042626)
potential : -4.325450 (0.042712)
energy : -2.174986 (0.000289)

kinetic : 2.150172 (0.042526)
potential : -4.325150 (0.042612)
energy : -2.174978 (0.000288)

kinetic : 2.153853 (0.042585)
potential : -4.328840 (0.042671)
energy : -2.174986 (0.000288)

kinetic : 2.154905 (0.042497)
potential : -4.329890 (0.042584)
energy : -2.174985 (0.000287)

kinetic : 2.153342 (0.042426)
potential : -4.328322 (0.042512)
energy : -2.174980 (0.000286)

kinetic : 2.150758 (0.042406)
potential : -4.325731 (0.042492)
energy : -2.174973 (0.000286)

kinetic : 2.150106 (0.042311)
potential : -4.325058 (0.042398)
energy : -2.174953 (0.000286)

kinetic : 2.150171 (0.042213)
potential : -4.325125 (0.042299)
energy : -2.174955 (0.000285)

kinetic : 2.152336 (0.042170)
potential : -4.327299 (0.042256)
energy : -2.174963 (0.000284)

kinetic : 2.151314 (0.042085)
potential : -4.326276 (0.042171)
energy : -2.174962 (0.000284)

kinetic : 2.149591 (0.042022)
potential : -4.324514 (0.042110)
energy : -2.174923 (0.000286)

kinetic : 2.151824 (0.041985)
potential : -4.326754 (0.042072)
energy : -2.174931 (0.000285)

kinetic : 2.151927 (0.041888)
potential : -4.326861 (0.041975)
energy : -2.174934 (0.000285)

kinetic : 2.150135 (0.041830)
potential : -4.325071 (0.041917)
energy : -2.174936 (0.000284)

kinetic : 2.149029 (0.041748)
potential : -4.323961 (0.041835)
energy : -2.174932 (0.000283)

kinetic : 2.151418 (0.041721)
potential : -4.326323 (0.041806)
energy : -2.174905 (0.000284)

kinetic : 2.149868 (0.041655)
potential : -4.324756 (0.041740)
energy : -2.174888 (0.000284)

kinetic : 2.149289 (0.041564)
potential : -4.324168 (0.041649)
energy : -2.174879 (0.000283)

kinetic : 2.150796 (0.041497)
potential : -4.325665 (0.041581)
energy : -2.174870 (0.000283)

kinetic : 2.149822 (0.041414)
potential : -4.324680 (0.041498)
energy : -2.174857 (0.000283)

kinetic : 2.148313 (0.041348)
potential : -4.323167 (0.041432)
energy : -2.174854 (0.000282)

kinetic : 2.148504 (0.041255)
potential : -4.323365 (0.041339)
energy : -2.174861 (0.000281)

kinetic : 2.148231 (0.041162)
potential : -4.323087 (0.041247)
energy : -2.174856 (0.000281)

kinetic : 2.148199 (0.041070)
potential : -4.323051 (0.041154)
energy : -2.174853 (0.000280)

kinetic : 2.159240 (0.042439)
potential : -4.334096 (0.042521)
energy : -2.174856 (0.000280)

kinetic : 2.157665 (0.042373)
potential : -4.332515 (0.042455)
energy : -2.174850 (0.000279)

kinetic : 2.159193 (0.042306)
potential : -4.334047 (0.042388)
energy : -2.174855 (0.000278)

kinetic : 2.159198 (0.042212)
potential : -4.334048 (0.042294)
energy : -2.174850 (0.000278)

kinetic : 2.160352 (0.042134)
potential : -4.335203 (0.042215)
energy : -2.174851 (0.000277)

kinetic : 2.161098 (0.042047)
potential : -4.335951 (0.042128)
energy : -2.174852 (0.000277)

kinetic : 2.161647 (0.041958)
potential : -4.336492 (0.042038)
energy : -2.174845 (0.000276)

kinetic : 2.159848 (0.041903)
potential : -4.334706 (0.041984)
energy : -2.174858 (0.000276)

kinetic : 2.159413 (0.041813)
potential : -4.334268 (0.041893)
energy : -2.174854 (0.000275)

kinetic : 2.163157 (0.041889)
potential : -4.338021 (0.041969)
energy : -2.174864 (0.000275)

kinetic : 2.162794 (0.041798)
potential : -4.337660 (0.041879)
energy : -2.174866 (0.000274)

kinetic : 2.162039 (0.041714)
potential : -4.336905 (0.041794)
energy : -2.174867 (0.000273)

kinetic : 2.167565 (0.041988)
potential : -4.342429 (0.042066)
energy : -2.174863 (0.000273)

kinetic : 2.164563 (0.042004)
potential : -4.339421 (0.042082)
energy : -2.174858 (0.000272)

kinetic : 2.163905 (0.041918)
potential : -4.338750 (0.041996)
energy : -2.174845 (0.000272)

kinetic : 2.162716 (0.041843)
potential : -4.337559 (0.041922)
energy : -2.174843 (0.000271)

kinetic : 2.161986 (0.041759)
potential : -4.336822 (0.041837)
energy : -2.174836 (0.000271)

kinetic : 2.161830 (0.041669)
potential : -4.336663 (0.041747)
energy : -2.174833 (0.000270)

kinetic : 2.165792 (0.041768)
potential : -4.340620 (0.041845)
energy : -2.174828 (0.000270)

kinetic : 2.164192 (0.041708)
potential : -4.339029 (0.041785)
energy : -2.174836 (0.000269)

kinetic : 2.163843 (0.041620)
potential : -4.338680 (0.041697)
energy : -2.174837 (0.000269)

kinetic : 2.164508 (0.041536)
potential : -4.339351 (0.041613)
energy : -2.174843 (0.000268)

kinetic : 2.163919 (0.041452)
potential : -4.338767 (0.041528)
energy : -2.174848 (0.000268)

kinetic : 2.160289 (0.041522)
potential : -4.335131 (0.041598)
energy : -2.174842 (0.000267)

kinetic : 2.163823 (0.041584)
potential : -4.338672 (0.041661)
energy : -2.174850 (0.000267)

kinetic : 2.162953 (0.041505)
potential : -4.337799 (0.041581)
energy : -2.174846 (0.000266)

kinetic : 2.163695 (0.041423)
potential : -4.338540 (0.041500)
energy : -2.174845 (0.000266)

kinetic : 2.161904 (0.041374)
potential : -4.336746 (0.041451)
energy : -2.174842 (0.000265)

kinetic : 2.163630 (0.041323)
potential : -4.338466 (0.041399)
energy : -2.174836 (0.000265)

kinetic : 2.161221 (0.041306)
potential : -4.336083 (0.041380)
energy : -2.174862 (0.000265)

kinetic : 2.159237 (0.041267)
potential : -4.334092 (0.041341)
energy : -2.174854 (0.000265)

kinetic : 2.163631 (0.041414)
potential : -4.338500 (0.041489)
energy : -2.174868 (0.000265)

kinetic : 2.163862 (0.041328)
potential : -4.338723 (0.041403)
energy : -2.174861 (0.000264)

kinetic : 2.163226 (0.041247)
potential : -4.338089 (0.041321)
energy : -2.174863 (0.000264)

kinetic : 2.163991 (0.041168)
potential : -4.338853 (0.041242)
energy : -2.174862 (0.000263)

kinetic : 2.163057 (0.041093)
potential : -4.337905 (0.041167)
energy : -2.174848 (0.000263)

kinetic : 2.162493 (0.041011)
potential : -4.337353 (0.041086)
energy : -2.174861 (0.000263)

kinetic : 2.162680 (0.040927)
potential : -4.337531 (0.041001)
energy : -2.174851 (0.000262)

kinetic : 2.163233 (0.040846)
potential : -4.338085 (0.040920)
energy : -2.174851 (0.000262)

kinetic : 2.165078 (0.040803)
potential : -4.339941 (0.040877)
energy : -2.174863 (0.000262)

kinetic : 2.165364 (0.040720)
potential : -4.340232 (0.040794)
energy : -2.174867 (0.000261)

kinetic : 2.163920 (0.040662)
potential : -4.338758 (0.040737)
energy : -2.174838 (0.000262)

kinetic : 2.164167 (0.040580)
potential : -4.339003 (0.040654)
energy : -2.174836 (0.000262)

kinetic : 2.165904 (0.040534)
potential : -4.340737 (0.040608)
energy : -2.174833 (0.000261)

kinetic : 2.171614 (0.040852)
potential : -4.346456 (0.040927)
energy : -2.174842 (0.000261)

kinetic : 2.180676 (0.041764)
potential : -4.355512 (0.041835)
energy : -2.174837 (0.000260)

kinetic : 2.181609 (0.041689)
potential : -4.356443 (0.041760)
energy : -2.174834 (0.000260)

kinetic : 2.183207 (0.041635)
potential : -4.358051 (0.041707)
energy : -2.174844 (0.000259)

kinetic : 2.182166 (0.041564)
potential : -4.357012 (0.041635)
energy : -2.174846 (0.000259)

kinetic : 2.181182 (0.041491)
potential : -4.356029 (0.041563)
energy : -2.174847 (0.000258)

kinetic : 2.184673 (0.041555)
potential : -4.359544 (0.041627)
energy : -2.174871 (0.000259)

kinetic : 2.187213 (0.041549)
potential : -4.362114 (0.041623)
energy : -2.174902 (0.000260)

kinetic : 2.187642 (0.041467)
potential : -4.362570 (0.041542)
energy : -2.174929 (0.000261)

kinetic : 2.189218 (0.041414)
potential : -4.364144 (0.041488)
energy : -2.174926 (0.000261)

kinetic : 2.188177 (0.041344)
potential : -4.363101 (0.041418)
energy : -2.174924 (0.000260)

kinetic : 2.188272 (0.041262)
potential : -4.363224 (0.041336)
energy : -2.174952 (0.000261)

kinetic : 2.188578 (0.041181)
potential : -4.363524 (0.041254)
energy : -2.174946 (0.000261)

kinetic : 2.189113 (0.041102)
potential : -4.364054 (0.041176)
energy : -2.174941 (0.000260)

kinetic : 2.186599 (0.041098)
potential : -4.361535 (0.041171)
energy : -2.174936 (0.000260)

kinetic : 2.188302 (0.041051)
potential : -4.363251 (0.041125)
energy : -2.174949 (0.000260)

kinetic : 2.188953 (0.040975)
potential : -4.363896 (0.041049)
energy : -2.174944 (0.000259)

kinetic : 2.188357 (0.040899)
potential : -4.363294 (0.040972)
energy : -2.174937 (0.000259)

kinetic : 2.187393 (0.040830)
potential : -4.362325 (0.040903)
energy : -2.174932 (0.000258)

kinetic : 2.189538 (0.040806)
potential : -4.364474 (0.040879)
energy : -2.174936 (0.000258)

kinetic : 2.188716 (0.040734)
potential : -4.363652 (0.040807)
energy : -2.174936 (0.000257)

kinetic : 2.193410 (0.040924)
potential : -4.368349 (0.040997)
energy : -2.174938 (0.000257)

kinetic : 2.191063 (0.040912)
potential : -4.365992 (0.040985)
energy : -2.174929 (0.000256)

kinetic : 2.189669 (0.040856)
potential : -4.364600 (0.040929)
energy : -2.174931 (0.000256)

kinetic : 2.187795 (0.040819)
potential : -4.362716 (0.040892)
energy : -2.174922 (0.000256)

kinetic : 2.187824 (0.040740)
potential : -4.362744 (0.040813)
energy : -2.174920 (0.000255)

kinetic : 2.186386 (0.040686)
potential : -4.361314 (0.040759)
energy : -2.174928 (0.000255)

kinetic : 2.187039 (0.040613)
potential : -4.361970 (0.040685)
energy : -2.174930 (0.000254)

kinetic : 2.186333 (0.040540)
potential : -4.361283 (0.040612)
energy : -2.174950 (0.000254)

kinetic : 2.185690 (0.040467)
potential : -4.360629 (0.040539)
energy : -2.174940 (0.000254)

kinetic : 2.181575 (0.040598)
potential : -4.356513 (0.040670)
energy : -2.174938 (0.000254)

kinetic : 2.180267 (0.040541)
potential : -4.355197 (0.040613)
energy : -2.174931 (0.000253)

kinetic : 2.178373 (0.040508)
potential : -4.353301 (0.040580)
energy : -2.174928 (0.000253)

kinetic : 2.179192 (0.040439)
potential : -4.354122 (0.040510)
energy : -2.174930 (0.000252)

kinetic : 2.178356 (0.040370)
potential : -4.353291 (0.040442)
energy : -2.174935 (0.000252)

kinetic : 2.177557 (0.040301)
potential : -4.352496 (0.040372)
energy : -2.174938 (0.000251)

kinetic : 2.178011 (0.040227)
potential : -4.352953 (0.040298)
energy : -2.174942 (0.000251)

kinetic : 2.177582 (0.040153)
potential : -4.352524 (0.040224)
energy : -2.174942 (0.000251)

kinetic : 2.175413 (0.040135)
potential : -4.350320 (0.040208)
energy : -2.174907 (0.000252)

kinetic : 2.178041 (0.040146)
potential : -4.352965 (0.040219)
energy : -2.174925 (0.000253)

kinetic : 2.177513 (0.040073)
potential : -4.352450 (0.040146)
energy : -2.174937 (0.000252)

kinetic : 2.179302 (0.040038)
potential : -4.354240 (0.040111)
energy : -2.174938 (0.000252)

kinetic : 2.178862 (0.039965)
potential : -4.353792 (0.040038)
energy : -2.174930 (0.000252)

kinetic : 2.179127 (0.039891)
potential : -4.354058 (0.039963)
energy : -2.174932 (0.000251)

kinetic : 2.178058 (0.039830)
potential : -4.352985 (0.039903)
energy : -2.174927 (0.000251)

kinetic : 2.179023 (0.039767)
potential : -4.353950 (0.039840)
energy : -2.174928 (0.000250)

kinetic : 2.184293 (0.040041)
potential : -4.359254 (0.040118)
energy : -2.174960 (0.000252)

kinetic : 2.183008 (0.039988)
potential : -4.357970 (0.040063)
energy : -2.174962 (0.000251)

kinetic : 2.184510 (0.039941)
potential : -4.359480 (0.040017)
energy : -2.174970 (0.000251)

kinetic : 2.184669 (0.039868)
potential : -4.359621 (0.039943)
energy : -2.174952 (0.000251)

kinetic : 2.183222 (0.039820)
potential : -4.358166 (0.039896)
energy : -2.174944 (0.000251)

kinetic : 2.184419 (0.039764)
potential : -4.359379 (0.039840)
energy : -2.174960 (0.000251)

kinetic : 2.185042 (0.039696)
potential : -4.360005 (0.039772)
energy : -2.174963 (0.000251)

kinetic : 2.185036 (0.039623)
potential : -4.359996 (0.039699)
energy : -2.174960 (0.000250)

kinetic : 2.185439 (0.039552)
potential : -4.360396 (0.039627)
energy : -2.174956 (0.000250)

kinetic : 2.183781 (0.039514)
potential : -4.358742 (0.039589)
energy : -2.174962 (0.000249)

kinetic : 2.183254 (0.039445)
potential : -4.358215 (0.039520)
energy : -2.174961 (0.000249)

kinetic : 2.184110 (0.039382)
potential : -4.359056 (0.039457)
energy : -2.174946 (0.000249)

kinetic : 2.181135 (0.039423)
potential : -4.356063 (0.039498)
energy : -2.174928 (0.000249)

kinetic : 2.181020 (0.039351)
potential : -4.355950 (0.039427)
energy : -2.174930 (0.000249)

kinetic : 2.181543 (0.039283)
potential : -4.356469 (0.039358)
energy : -2.174926 (0.000248)

kinetic : 2.181298 (0.039212)
potential : -4.356231 (0.039287)
energy : -2.174933 (0.000248)

kinetic : 2.180210 (0.039156)
potential : -4.355162 (0.039231)
energy : -2.174952 (0.000248)

kinetic : 2.180727 (0.039089)
potential : -4.355670 (0.039163)
energy : -2.174944 (0.000248)

kinetic : 2.180681 (0.039018)
potential : -4.355628 (0.039092)
energy : -2.174947 (0.000247)

kinetic : 2.180810 (0.038948)
potential : -4.355774 (0.039022)
energy : -2.174964 (0.000247)

kinetic : 2.184029 (0.039011)
potential : -4.359010 (0.039086)
energy : -2.174981 (0.000248)

kinetic : 2.183673 (0.038942)
potential : -4.358649 (0.039017)
energy : -2.174976 (0.000247)

kinetic : 2.182617 (0.038887)
potential : -4.357595 (0.038962)
energy : -2.174978 (0.000247)

kinetic : 2.182369 (0.038818)
potential : -4.357348 (0.038893)
energy : -2.174979 (0.000246)

kinetic : 2.183197 (0.038758)
potential : -4.358173 (0.038832)
energy : -2.174976 (0.000246)

kinetic : 2.182087 (0.038704)
potential : -4.357055 (0.038779)
energy : -2.174968 (0.000246)

kinetic : 2.182057 (0.038635)
potential : -4.357033 (0.038710)
energy : -2.174977 (0.000245)

kinetic : 2.180836 (0.038586)
potential : -4.355797 (0.038661)
energy : -2.174960 (0.000245)

kinetic : 2.180643 (0.038518)
potential : -4.355597 (0.038593)
energy : -2.174954 (0.000245)

kinetic : 2.180164 (0.038453)
potential : -4.355126 (0.038527)
energy : -2.174963 (0.000245)

kinetic : 2.180794 (0.038390)
potential : -4.355755 (0.038464)
energy : -2.174961 (0.000244)

kinetic : 2.182750 (0.038372)
potential : -4.357706 (0.038446)
energy : -2.174956 (0.000244)

kinetic : 2.183861 (0.038321)
potential : -4.358811 (0.038394)
energy : -2.174950 (0.000244)

kinetic : 2.183424 (0.038256)
potential : -4.358372 (0.038329)
energy : -2.174949 (0.000243)

kinetic : 2.184489 (0.038203)
potential : -4.359411 (0.038276)
energy : -2.174921 (0.000244)

kinetic : 2.185006 (0.038140)
potential : -4.359920 (0.038212)
energy : -2.174913 (0.000244)

kinetic : 2.182150 (0.038180)
potential : -4.357043 (0.038254)
energy : -2.174893 (0.000244)

kinetic : 2.181843 (0.038115)
potential : -4.356742 (0.038188)
energy : -2.174899 (0.000244)

kinetic : 2.183433 (0.038081)
potential : -4.358332 (0.038154)
energy : -2.174900 (0.000244)

kinetic : 2.181994 (0.038042)
potential : -4.356888 (0.038115)
energy : -2.174893 (0.000243)

kinetic : 2.180785 (0.037996)
potential : -4.355675 (0.038069)
energy : -2.174891 (0.000243)

kinetic : 2.182729 (0.037979)
potential : -4.357612 (0.038052)
energy : -2.174883 (0.000243)

kinetic : 2.182524 (0.037914)
potential : -4.357404 (0.037986)
energy : -2.174880 (0.000242)

kinetic : 2.181654 (0.037859)
potential : -4.356526 (0.037931)
energy : -2.174873 (0.000242)

kinetic : 2.181119 (0.037797)
potential : -4.355989 (0.037869)
energy : -2.174870 (0.000241)

kinetic : 2.182372 (0.037753)
potential : -4.357239 (0.037825)
energy : -2.174867 (0.000241)

kinetic : 2.181982 (0.037690)
potential : -4.356834 (0.037762)
energy : -2.174853 (0.000241)

kinetic : 2.181936 (0.037625)
potential : -4.356791 (0.037697)
energy : -2.174855 (0.000241)

kinetic : 2.180976 (0.037573)
potential : -4.355838 (0.037645)
energy : -2.174862 (0.000240)

kinetic : 2.181923 (0.037521)
potential : -4.356794 (0.037592)
energy : -2.174871 (0.000240)

kinetic : 2.182428 (0.037460)
potential : -4.357303 (0.037532)
energy : -2.174875 (0.000240)

kinetic : 2.182688 (0.037397)
potential : -4.357551 (0.037468)
energy : -2.174863 (0.000240)

kinetic : 2.182200 (0.037337)
potential : -4.357060 (0.037408)
energy : -2.174859 (0.000239)

kinetic : 2.181837 (0.037275)
potential : -4.356707 (0.037346)
energy : -2.174870 (0.000239)

kinetic : 2.182272 (0.037214)
potential : -4.357160 (0.037285)
energy : -2.174888 (0.000239)

kinetic : 2.181827 (0.037154)
potential : -4.356718 (0.037225)
energy : -2.174891 (0.000239)

kinetic : 2.183745 (0.037141)
potential : -4.358642 (0.037212)
energy : -2.174898 (0.000239)

kinetic : 2.183683 (0.037078)
potential : -4.358580 (0.037149)
energy : -2.174898 (0.000238)

kinetic : 2.182597 (0.037031)
potential : -4.357488 (0.037102)
energy : -2.174891 (0.000238)

kinetic : 2.182689 (0.036969)
potential : -4.357579 (0.037040)
energy : -2.174890 (0.000238)

kinetic : 2.180740 (0.036959)
potential : -4.355628 (0.037029)
energy : -2.174888 (0.000237)

kinetic : 2.196610 (0.040165)
potential : -4.371493 (0.040228)
energy : -2.174883 (0.000237)

kinetic : 2.196367 (0.040098)
potential : -4.371243 (0.040161)
energy : -2.174876 (0.000237)

kinetic : 2.194205 (0.040090)
potential : -4.369081 (0.040152)
energy : -2.174877 (0.000236)

kinetic : 2.192777 (0.040048)
potential : -4.367660 (0.040111)
energy : -2.174882 (0.000236)

kinetic : 2.191380 (0.040006)
potential : -4.366259 (0.040068)
energy : -2.174879 (0.000236)

kinetic : 2.190131 (0.039959)
potential : -4.365019 (0.040021)
energy : -2.174888 (0.000235)

kinetic : 2.189383 (0.039900)
potential : -4.364276 (0.039961)
energy : -2.174893 (0.000235)

kinetic : 2.187347 (0.039886)
potential : -4.362219 (0.039948)
energy : -2.174872 (0.000236)

kinetic : 2.187332 (0.039820)
potential : -4.362201 (0.039882)
energy : -2.174869 (0.000235)

kinetic : 2.187575 (0.039755)
potential : -4.362451 (0.039817)
energy : -2.174876 (0.000235)

kinetic : 2.187334 (0.039690)
potential : -4.362211 (0.039752)
energy : -2.174877 (0.000234)

kinetic : 2.189123 (0.039665)
potential : -4.363999 (0.039727)
energy : -2.174876 (0.000234)

kinetic : 2.188952 (0.039600)
potential : -4.363826 (0.039662)
energy : -2.174875 (0.000234)

kinetic : 2.189426 (0.039538)
potential : -4.364295 (0.039600)
energy : -2.174869 (0.000233)

kinetic : 2.189601 (0.039474)
potential : -4.364473 (0.039535)
energy : -2.174872 (0.000233)

kinetic : 2.190238 (0.039414)
potential : -4.365120 (0.039476)
energy : -2.174882 (0.000233)

kinetic : 2.189501 (0.039357)
potential : -4.364386 (0.039418)
energy : -2.174885 (0.000233)

kinetic : 2.188774 (0.039299)
potential : -4.363658 (0.039361)
energy : -2.174884 (0.000232)

kinetic : 2.186447 (0.039304)
potential : -4.361328 (0.039366)
energy : -2.174881 (0.000232)

kinetic : 2.185747 (0.039247)
potential : -4.360624 (0.039308)
energy : -2.174877 (0.000231)

kinetic : 2.185912 (0.039183)
potential : -4.360788 (0.039245)
energy : -2.174876 (0.000231)

kinetic : 2.186170 (0.039121)
potential : -4.361047 (0.039182)
energy : -2.174876 (0.000231)

kinetic : 2.186807 (0.039063)
potential : -4.361684 (0.039124)
energy : -2.174878 (0.000230)

kinetic : 2.187611 (0.039008)
potential : -4.362523 (0.039070)
energy : -2.174912 (0.000232)

kinetic : 2.188635 (0.038959)
potential : -4.363550 (0.039020)
energy : -2.174915 (0.000232)

kinetic : 2.188598 (0.038896)
potential : -4.363514 (0.038957)
energy : -2.174916 (0.000232)

kinetic : 2.188436 (0.038834)
potential : -4.363353 (0.038895)
energy : -2.174917 (0.000231)

kinetic : 2.188208 (0.038772)
potential : -4.363124 (0.038833)
energy : -2.174916 (0.000231)

kinetic : 2.187150 (0.038724)
potential : -4.362071 (0.038786)
energy : -2.174921 (0.000231)

kinetic : 2.188020 (0.038672)
potential : -4.362954 (0.038734)
energy : -2.174934 (0.000231)

kinetic : 2.187365 (0.038616)
potential : -4.362302 (0.038677)
energy : -2.174937 (0.000230)

kinetic : 2.188903 (0.038585)
potential : -4.363841 (0.038646)
energy : -2.174938 (0.000230)

kinetic : 2.189532 (0.038529)
potential : -4.364479 (0.038590)
energy : -2.174946 (0.000230)

kinetic : 2.188463 (0.038483)
potential : -4.363409 (0.038544)
energy : -2.174946 (0.000229)

kinetic : 2.186774 (0.038459)
potential : -4.361717 (0.038520)
energy : -2.174942 (0.000229)

kinetic : 2.186804 (0.038398)
potential : -4.361740 (0.038459)
energy : -2.174937 (0.000229)

kinetic : 2.186493 (0.038338)
potential : -4.361423 (0.038399)
energy : -2.174929 (0.000229)

kinetic : 2.184533 (0.038328)
potential : -4.359473 (0.038388)
energy : -2.174941 (0.000228)

kinetic : 2.185295 (0.038275)
potential : -4.360231 (0.038335)
energy : -2.174936 (0.000228)

kinetic : 2.184308 (0.038228)
potential : -4.359240 (0.038288)
energy : -2.174932 (0.000228)

kinetic : 2.184257 (0.038168)
potential : -4.359186 (0.038227)
energy : -2.174930 (0.000227)

kinetic : 2.184343 (0.038108)
potential : -4.359276 (0.038168)
energy : -2.174932 (0.000227)

kinetic : 2.182330 (0.038102)
potential : -4.357261 (0.038161)
energy : -2.174930 (0.000227)

kinetic : 2.181265 (0.038057)
potential : -4.356195 (0.038116)
energy : -2.174930 (0.000226)

kinetic : 2.180041 (0.038017)
potential : -4.354966 (0.038077)
energy : -2.174926 (0.000226)

kinetic : 2.177619 (0.038035)
potential : -4.352546 (0.038094)
energy : -2.174927 (0.000226)

kinetic : 2.184366 (0.038571)
potential : -4.359283 (0.038627)
energy : -2.174917 (0.000226)

kinetic : 2.185612 (0.038531)
potential : -4.360516 (0.038587)
energy : -2.174904 (0.000226)

kinetic : 2.184326 (0.038493)
potential : -4.359225 (0.038549)
energy : -2.174898 (0.000225)

kinetic : 2.184319 (0.038433)
potential : -4.359215 (0.038489)
energy : -2.174895 (0.000225)

kinetic : 2.183488 (0.038382)
potential : -4.358384 (0.038438)
energy : -2.174896 (0.000225)

kinetic : 2.183685 (0.038324)
potential : -4.358595 (0.038380)
energy : -2.174910 (0.000225)

kinetic : 2.182347 (0.038288)
potential : -4.357267 (0.038343)
energy : -2.174920 (0.000225)

kinetic : 2.183199 (0.038238)
potential : -4.358115 (0.038294)
energy : -2.174916 (0.000224)

kinetic : 2.181553 (0.038215)
potential : -4.356468 (0.038270)
energy : -2.174915 (0.000224)

kinetic : 2.180976 (0.038161)
potential : -4.355885 (0.038216)
energy : -2.174909 (0.000224)

kinetic : 2.181993 (0.038116)
potential : -4.356911 (0.038171)
energy : -2.174918 (0.000224)

kinetic : 2.181976 (0.038058)
potential : -4.356886 (0.038113)
energy : -2.174910 (0.000223)

kinetic : 2.182125 (0.038000)
potential : -4.357041 (0.038055)
energy : -2.174916 (0.000223)

kinetic : 2.182177 (0.037942)
potential : -4.357098 (0.037997)
energy : -2.174921 (0.000223)

kinetic : 2.181861 (0.037885)
potential : -4.356782 (0.037940)
energy : -2.174921 (0.000222)

kinetic : 2.182752 (0.037838)
potential : -4.357689 (0.037894)
energy : -2.174937 (0.000223)

kinetic : 2.181772 (0.037793)
potential : -4.356729 (0.037848)
energy : -2.174957 (0.000223)

kinetic : 2.186414 (0.038021)
potential : -4.361377 (0.038075)
energy : -2.174963 (0.000223)

kinetic : 2.184501 (0.038011)
potential : -4.359467 (0.038066)
energy : -2.174965 (0.000223)

kinetic : 2.184897 (0.037956)
potential : -4.359858 (0.038010)
energy : -2.174961 (0.000222)

kinetic : 2.185260 (0.037900)
potential : -4.360214 (0.037955)
energy : -2.174954 (0.000222)

kinetic : 2.186083 (0.037852)
potential : -4.361049 (0.037907)
energy : -2.174967 (0.000222)

kinetic : 2.186810 (0.037802)
potential : -4.361787 (0.037857)
energy : -2.174977 (0.000222)

kinetic : 2.188669 (0.037791)
potential : -4.363675 (0.037847)
energy : -2.175006 (0.000224)

kinetic : 2.187321 (0.037758)
potential : -4.362327 (0.037814)
energy : -2.175006 (0.000223)

kinetic : 2.189140 (0.037746)
potential : -4.364150 (0.037802)
energy : -2.175010 (0.000223)

kinetic : 2.189683 (0.037693)
potential : -4.364698 (0.037749)
energy : -2.175015 (0.000223)

kinetic : 2.187441 (0.037704)
potential : -4.362433 (0.037761)
energy : -2.174992 (0.000224)

kinetic : 2.187677 (0.037648)
potential : -4.362663 (0.037705)
energy : -2.174986 (0.000223)

kinetic : 2.187173 (0.037595)
potential : -4.362162 (0.037652)
energy : -2.174989 (0.000223)

kinetic : 2.187919 (0.037547)
potential : -4.362912 (0.037604)
energy : -2.174993 (0.000223)

kinetic : 2.185832 (0.037549)
potential : -4.360816 (0.037606)
energy : -2.174984 (0.000223)

kinetic : 2.184192 (0.037529)
potential : -4.359179 (0.037586)
energy : -2.174987 (0.000222)

kinetic : 2.187801 (0.037647)
potential : -4.362812 (0.037706)
energy : -2.175011 (0.000223)

kinetic : 2.188034 (0.037592)
potential : -4.363050 (0.037651)
energy : -2.175016 (0.000223)

kinetic : 2.188873 (0.037546)
potential : -4.363895 (0.037605)
energy : -2.175022 (0.000223)

kinetic : 2.188209 (0.037497)
potential : -4.363222 (0.037556)
energy : -2.175013 (0.000223)

kinetic : 2.187308 (0.037452)
potential : -4.362314 (0.037511)
energy : -2.175006 (0.000222)

kinetic : 2.186959 (0.037399)
potential : -4.361982 (0.037458)
energy : -2.175023 (0.000223)

kinetic : 2.188833 (0.037391)
potential : -4.363854 (0.037449)
energy : -2.175021 (0.000222)

kinetic : 2.190337 (0.037367)
potential : -4.365357 (0.037425)
energy : -2.175020 (0.000222)

kinetic : 2.189523 (0.037321)
potential : -4.364539 (0.037379)
energy : -2.175017 (0.000222)

kinetic : 2.191223 (0.037305)
potential : -4.366244 (0.037363)
energy : -2.175021 (0.000222)

kinetic : 2.192053 (0.037260)
potential : -4.367072 (0.037318)
energy : -2.175019 (0.000221)

kinetic : 2.190538 (0.037236)
potential : -4.365557 (0.037294)
energy : -2.175019 (0.000221)

kinetic : 2.189990 (0.037186)
potential : -4.365006 (0.037244)
energy : -2.175016 (0.000221)

kinetic : 2.187712 (0.037202)
potential : -4.362736 (0.037259)
energy : -2.175024 (0.000220)

kinetic : 2.187570 (0.037148)
potential : -4.362603 (0.037205)
energy : -2.175034 (0.000220)

kinetic : 2.185942 (0.037130)
potential : -4.360971 (0.037187)
energy : -2.175029 (0.000220)

kinetic : 2.185904 (0.037077)
potential : -4.360931 (0.037134)
energy : -2.175027 (0.000220)

kinetic : 2.186240 (0.037025)
potential : -4.361267 (0.037082)
energy : -2.175027 (0.000219)

kinetic : 2.185149 (0.036987)
potential : -4.360172 (0.037044)
energy : -2.175022 (0.000219)

kinetic : 2.186184 (0.036948)
potential : -4.361188 (0.037005)
energy : -2.175004 (0.000220)

kinetic : 2.185822 (0.036897)
potential : -4.360848 (0.036953)
energy : -2.175025 (0.000220)

kinetic : 2.185798 (0.036844)
potential : -4.360824 (0.036900)
energy : -2.175025 (0.000220)

kinetic : 2.186896 (0.036808)
potential : -4.361949 (0.036865)
energy : -2.175053 (0.000221)

kinetic : 2.188369 (0.036785)
potential : -4.363422 (0.036841)
energy : -2.175053 (0.000221)

kinetic : 2.187817 (0.036736)
potential : -4.362871 (0.036793)
energy : -2.175055 (0.000221)

kinetic : 2.186528 (0.036706)
potential : -4.361582 (0.036763)
energy : -2.175054 (0.000220)

kinetic : 2.186438 (0.036654)
potential : -4.361487 (0.036710)
energy : -2.175049 (0.000220)

kinetic : 2.186721 (0.036603)
potential : -4.361768 (0.036659)
energy : -2.175046 (0.000220)

kinetic : 2.187902 (0.036570)
potential : -4.362953 (0.036626)
energy : -2.175051 (0.000220)

kinetic : 2.189396 (0.036549)
potential : -4.364448 (0.036605)
energy : -2.175052 (0.000219)

kinetic : 2.190986 (0.036531)
potential : -4.366059 (0.036588)
energy : -2.175073 (0.000220)

kinetic : 2.191727 (0.036487)
potential : -4.366799 (0.036544)
energy : -2.175072 (0.000220)

kinetic : 2.190742 (0.036449)
potential : -4.365814 (0.036506)
energy : -2.175072 (0.000219)

kinetic : 2.190793 (0.036398)
potential : -4.365855 (0.036454)
energy : -2.175063 (0.000219)

kinetic : 2.189767 (0.036361)
potential : -4.364821 (0.036418)
energy : -2.175053 (0.000219)

kinetic : 2.188573 (0.036329)
potential : -4.363627 (0.036386)
energy : -2.175053 (0.000219)

kinetic : 2.190262 (0.036317)
potential : -4.365313 (0.036374)
energy : -2.175051 (0.000219)

kinetic : 2.189480 (0.036275)
potential : -4.364526 (0.036331)
energy : -2.175046 (0.000218)

kinetic : 2.189946 (0.036227)
potential : -4.364988 (0.036283)
energy : -2.175041 (0.000218)

kinetic : 2.189214 (0.036184)
potential : -4.364254 (0.036240)
energy : -2.175040 (0.000218)

kinetic : 2.188497 (0.036140)
potential : -4.363540 (0.036196)
energy : -2.175043 (0.000217)

kinetic : 2.188619 (0.036090)
potential : -4.363660 (0.036146)
energy : -2.175041 (0.000217)

kinetic : 2.188418 (0.036040)
potential : -4.363475 (0.036096)
energy : -2.175057 (0.000217)

kinetic : 2.188831 (0.035993)
potential : -4.363885 (0.036048)
energy : -2.175054 (0.000217)

kinetic : 2.188582 (0.035943)
potential : -4.363631 (0.035999)
energy : -2.175049 (0.000217)

kinetic : 2.187076 (0.035925)
potential : -4.362127 (0.035981)
energy : -2.175051 (0.000217)

kinetic : 2.186344 (0.035883)
potential : -4.361383 (0.035938)
energy : -2.175038 (0.000217)

kinetic : 2.185434 (0.035845)
potential : -4.360462 (0.035901)
energy : -2.175028 (0.000217)

kinetic : 2.184281 (0.035814)
potential : -4.359297 (0.035870)
energy : -2.175016 (0.000217)

kinetic : 2.183946 (0.035766)
potential : -4.358962 (0.035822)
energy : -2.175015 (0.000216)

kinetic : 2.183925 (0.035717)
potential : -4.358931 (0.035773)
energy : -2.175006 (0.000216)

kinetic : 2.183296 (0.035673)
potential : -4.358301 (0.035729)
energy : -2.175005 (0.000216)

kinetic : 2.182369 (0.035636)
potential : -4.357372 (0.035692)
energy : -2.175004 (0.000216)

kinetic : 2.181218 (0.035606)
potential : -4.356220 (0.035661)
energy : -2.175003 (0.000215)

kinetic : 2.181578 (0.035559)
potential : -4.356582 (0.035614)
energy : -2.175004 (0.000215)

kinetic : 2.182192 (0.035515)
potential : -4.357189 (0.035571)
energy : -2.174997 (0.000215)

kinetic : 2.182380 (0.035467)
potential : -4.357375 (0.035523)
energy : -2.174995 (0.000215)

kinetic : 2.182663 (0.035420)
potential : -4.357655 (0.035475)
energy : -2.174992 (0.000214)

kinetic : 2.182298 (0.035374)
potential : -4.357304 (0.035429)
energy : -2.175005 (0.000215)

kinetic : 2.182386 (0.035325)
potential : -4.357388 (0.035380)
energy : -2.175002 (0.000214)

kinetic : 2.182887 (0.035281)
potential : -4.357894 (0.035336)
energy : -2.175007 (0.000214)

kinetic : 2.184432 (0.035267)
potential : -4.359438 (0.035322)
energy : -2.175006 (0.000214)

kinetic : 2.185171 (0.035227)
potential : -4.360190 (0.035282)
energy : -2.175019 (0.000214)

kinetic : 2.189810 (0.035484)
potential : -4.364844 (0.035540)
energy : -2.175033 (0.000214)

kinetic : 2.190480 (0.035442)
potential : -4.365510 (0.035498)
energy : -2.175031 (0.000214)

kinetic : 2.190551 (0.035394)
potential : -4.365580 (0.035450)
energy : -2.175029 (0.000214)

kinetic : 2.189424 (0.035365)
potential : -4.364453 (0.035421)
energy : -2.175029 (0.000213)

kinetic : 2.189459 (0.035317)
potential : -4.364485 (0.035373)
energy : -2.175026 (0.000213)

kinetic : 2.189557 (0.035270)
potential : -4.364578 (0.035325)
energy : -2.175021 (0.000213)

kinetic : 2.189470 (0.035222)
potential : -4.364489 (0.035278)
energy : -2.175018 (0.000212)

kinetic : 2.190826 (0.035201)
potential : -4.365842 (0.035257)
energy : -2.175016 (0.000212)

kinetic : 2.190714 (0.035154)
potential : -4.365726 (0.035210)
energy : -2.175012 (0.000212)

kinetic : 2.192789 (0.035168)
potential : -4.367804 (0.035224)
energy : -2.175015 (0.000212)

kinetic : 2.192040 (0.035129)
potential : -4.367058 (0.035185)
energy : -2.175018 (0.000211)

kinetic : 2.191722 (0.035084)
potential : -4.366741 (0.035139)
energy : -2.175019 (0.000211)

kinetic : 2.192827 (0.035055)
potential : -4.367854 (0.035110)
energy : -2.175027 (0.000211)

kinetic : 2.191933 (0.035019)
potential : -4.366954 (0.035075)
energy : -2.175021 (0.000211)

kinetic : 2.192685 (0.034981)
potential : -4.367706 (0.035036)
energy : -2.175021 (0.000211)

kinetic : 2.192043 (0.034940)
potential : -4.367068 (0.034996)
energy : -2.175025 (0.000210)

kinetic : 2.191277 (0.034903)
potential : -4.366302 (0.034958)
energy : -2.175024 (0.000210)

kinetic : 2.191166 (0.034857)
potential : -4.366198 (0.034912)
energy : -2.175032 (0.000210)

kinetic : 2.191876 (0.034818)
potential : -4.366910 (0.034873)
energy : -2.175034 (0.000210)

kinetic : 2.190855 (0.034787)
potential : -4.365889 (0.034842)
energy : -2.175035 (0.000209)

kinetic : 2.191477 (0.034746)
potential : -4.366528 (0.034802)
energy : -2.175051 (0.000210)

kinetic : 2.192159 (0.034707)
potential : -4.367209 (0.034762)
energy : -2.175050 (0.000209)

kinetic : 2.191660 (0.034665)
potential : -4.366711 (0.034720)
energy : -2.175051 (0.000209)

kinetic : 2.190232 (0.034649)
potential : -4.365290 (0.034704)
energy : -2.175057 (0.000209)

kinetic : 2.189326 (0.034616)
potential : -4.364383 (0.034670)
energy : -2.175057 (0.000209)

kinetic : 2.189758 (0.034573)
potential : -4.364817 (0.034628)
energy : -2.175059 (0.000208)

kinetic : 2.190499 (0.034536)
potential : -4.365560 (0.034590)
energy : -2.175061 (0.000208)

kinetic : 2.191407 (0.034503)
potential : -4.366464 (0.034557)
energy : -2.175057 (0.000208)

kinetic : 2.191679 (0.034459)
potential : -4.366733 (0.034513)
energy : -2.175055 (0.000208)

kinetic : 2.192268 (0.034419)
potential : -4.367319 (0.034473)
energy : -2.175051 (0.000207)

kinetic : 2.192842 (0.034379)
potential : -4.367892 (0.034433)
energy : -2.175050 (0.000207)

kinetic : 2.193484 (0.034340)
potential : -4.368543 (0.034394)
energy : -2.175059 (0.000207)

kinetic : 2.192327 (0.034315)
potential : -4.367368 (0.034370)
energy : -2.175041 (0.000208)

kinetic : 2.191688 (0.034277)
potential : -4.366729 (0.034331)
energy : -2.175041 (0.000207)

kinetic : 2.193972 (0.034308)
potential : -4.369009 (0.034362)
energy : -2.175037 (0.000207)

kinetic : 2.193202 (0.034273)
potential : -4.368241 (0.034326)
energy : -2.175040 (0.000207)

kinetic : 2.193291 (0.034228)
potential : -4.368310 (0.034282)
energy : -2.175019 (0.000208)

kinetic : 2.192676 (0.034190)
potential : -4.367692 (0.034244)
energy : -2.175016 (0.000207)

kinetic : 2.192454 (0.034147)
potential : -4.367480 (0.034200)
energy : -2.175026 (0.000207)

kinetic : 2.191405 (0.034119)
potential : -4.366429 (0.034172)
energy : -2.175023 (0.000207)

kinetic : 2.192386 (0.034089)
potential : -4.367419 (0.034143)
energy : -2.175032 (0.000207)

kinetic : 2.190132 (0.034120)
potential : -4.365148 (0.034174)
energy : -2.175016 (0.000207)

kinetic : 2.191062 (0.034089)
potential : -4.366077 (0.034143)
energy : -2.175015 (0.000207)

kinetic : 2.191760 (0.034052)
potential : -4.366779 (0.034107)
energy : -2.175019 (0.000207)

kinetic : 2.193117 (0.034036)
potential : -4.368134 (0.034090)
energy : -2.175017 (0.000207)

kinetic : 2.193570 (0.033996)
potential : -4.368585 (0.034050)
energy : -2.175015 (0.000206)

kinetic : 2.193830 (0.033953)
potential : -4.368856 (0.034007)
energy : -2.175026 (0.000206)

kinetic : 2.191770 (0.033973)
potential : -4.366802 (0.034026)
energy : -2.175032 (0.000206)

kinetic : 2.191286 (0.033933)
potential : -4.366315 (0.033986)
energy : -2.175028 (0.000206)

kinetic : 2.189970 (0.033915)
potential : -4.364999 (0.033969)
energy : -2.175029 (0.000206)

kinetic : 2.188226 (0.033917)
potential : -4.363252 (0.033971)
energy : -2.175026 (0.000205)

kinetic : 2.186385 (0.033924)
potential : -4.361402 (0.033978)
energy : -2.175017 (0.000205)

kinetic : 2.184835 (0.033917)
potential : -4.359853 (0.033970)
energy : -2.175018 (0.000205)

kinetic : 2.183383 (0.033905)
potential : -4.358395 (0.033959)
energy : -2.175012 (0.000205)

kinetic : 2.182677 (0.033869)
potential : -4.357686 (0.033923)
energy : -2.175009 (0.000205)

kinetic : 2.182739 (0.033827)
potential : -4.357747 (0.033880)
energy : -2.175007 (0.000204)

kinetic : 2.183967 (0.033807)
potential : -4.358974 (0.033860)
energy : -2.175007 (0.000204)

kinetic : 2.183888 (0.033764)
potential : -4.358893 (0.033818)
energy : -2.175005 (0.000204)

kinetic : 2.183201 (0.033729)
potential : -4.358202 (0.033782)
energy : -2.175001 (0.000204)

kinetic : 2.184621 (0.033716)
potential : -4.359623 (0.033770)
energy : -2.175002 (0.000203)

kinetic : 2.184458 (0.033675)
potential : -4.359451 (0.033728)
energy : -2.174994 (0.000203)

kinetic : 2.183929 (0.033637)
potential : -4.358917 (0.033690)
energy : -2.174988 (0.000203)

kinetic : 2.184389 (0.033598)
potential : -4.359381 (0.033651)
energy : -2.174992 (0.000203)

kinetic : 2.183555 (0.033566)
potential : -4.358549 (0.033619)
energy : -2.174993 (0.000203)

kinetic : 2.183704 (0.033525)
potential : -4.358693 (0.033578)
energy : -2.174989 (0.000203)

kinetic : 2.186059 (0.033566)
potential : -4.361044 (0.033618)
energy : -2.174985 (0.000202)

kinetic : 2.187088 (0.033540)
potential : -4.362070 (0.033592)
energy : -2.174983 (0.000202)

kinetic : 2.188720 (0.033538)
potential : -4.363708 (0.033590)
energy : -2.174988 (0.000202)

kinetic : 2.189983 (0.033520)
potential : -4.364969 (0.033573)
energy : -2.174987 (0.000202)

kinetic : 2.189488 (0.033482)
potential : -4.364477 (0.033535)
energy : -2.174989 (0.000201)

kinetic : 2.189569 (0.033441)
potential : -4.364563 (0.033493)
energy : -2.174994 (0.000201)

kinetic : 2.188777 (0.033409)
potential : -4.363772 (0.033461)
energy : -2.174996 (0.000201)

kinetic : 2.190233 (0.033399)
potential : -4.365225 (0.033451)
energy : -2.174992 (0.000201)

kinetic : 2.190143 (0.033358)
potential : -4.365138 (0.033410)
energy : -2.174995 (0.000201)

kinetic : 2.190696 (0.033322)
potential : -4.365702 (0.033374)
energy : -2.175005 (0.000201)

kinetic : 2.190103 (0.033286)
potential : -4.365104 (0.033338)
energy : -2.175001 (0.000200)

kinetic : 2.189854 (0.033246)
potential : -4.364872 (0.033298)
energy : -2.175018 (0.000201)

kinetic : 2.189125 (0.033214)
potential : -4.364152 (0.033265)
energy : -2.175026 (0.000201)

kinetic : 2.186958 (0.033244)
potential : -4.361979 (0.033295)
energy : -2.175021 (0.000201)

kinetic : 2.186044 (0.033216)
potential : -4.361061 (0.033267)
energy : -2.175016 (0.000200)

kinetic : 2.186315 (0.033176)
potential : -4.361342 (0.033228)
energy : -2.175027 (0.000200)

kinetic : 2.187130 (0.033146)
potential : -4.362159 (0.033197)
energy : -2.175029 (0.000200)

kinetic : 2.188542 (0.033135)
potential : -4.363567 (0.033187)
energy : -2.175025 (0.000200)

kinetic : 2.186105 (0.033185)
potential : -4.361116 (0.033237)
energy : -2.175012 (0.000200)

kinetic : 2.189201 (0.033289)
potential : -4.364211 (0.033340)
energy : -2.175010 (0.000200)

kinetic : 2.188109 (0.033266)
potential : -4.363116 (0.033318)
energy : -2.175007 (0.000200)

kinetic : 2.187487 (0.033231)
potential : -4.362489 (0.033283)
energy : -2.175002 (0.000200)

kinetic : 2.187822 (0.033193)
potential : -4.362824 (0.033245)
energy : -2.175001 (0.000199)

kinetic : 2.186878 (0.033166)
potential : -4.361878 (0.033218)
energy : -2.175000 (0.000199)

kinetic : 2.187774 (0.033138)
potential : -4.362779 (0.033190)
energy : -2.175005 (0.000199)

kinetic : 2.187067 (0.033106)
potential : -4.362075 (0.033157)
energy : -2.175008 (0.000199)

kinetic : 2.186354 (0.033074)
potential : -4.361366 (0.033125)
energy : -2.175012 (0.000199)

kinetic : 2.185978 (0.033036)
potential : -4.360989 (0.033087)
energy : -2.175010 (0.000198)

kinetic : 2.185904 (0.032996)
potential : -4.360905 (0.033048)
energy : -2.175001 (0.000198)

kinetic : 2.189055 (0.033107)
potential : -4.364060 (0.033158)
energy : -2.175005 (0.000198)

kinetic : 2.187839 (0.033090)
potential : -4.362842 (0.033141)
energy : -2.175003 (0.000198)

kinetic : 2.188069 (0.033051)
potential : -4.363069 (0.033102)
energy : -2.175000 (0.000198)

kinetic : 2.187822 (0.033012)
potential : -4.362825 (0.033063)
energy : -2.175003 (0.000197)

kinetic : 2.188825 (0.032988)
potential : -4.363838 (0.033039)
energy : -2.175013 (0.000197)

kinetic : 2.189000 (0.032949)
potential : -4.364011 (0.033000)
energy : -2.175011 (0.000197)

kinetic : 2.189342 (0.032911)
potential : -4.364352 (0.032963)
energy : -2.175010 (0.000197)

kinetic : 2.189165 (0.032873)
potential : -4.364171 (0.032924)
energy : -2.175006 (0.000197)

kinetic : 2.187743 (0.032864)
potential : -4.362745 (0.032916)
energy : -2.175002 (0.000197)

kinetic : 2.187828 (0.032825)
potential : -4.362831 (0.032877)
energy : -2.175003 (0.000196)

kinetic : 2.188470 (0.032793)
potential : -4.363483 (0.032844)
energy : -2.175013 (0.000196)

kinetic : 2.188728 (0.032755)
potential : -4.363753 (0.032806)
energy : -2.175025 (0.000196)

kinetic : 2.189075 (0.032718)
potential : -4.364099 (0.032769)
energy : -2.175024 (0.000196)

kinetic : 2.188895 (0.032680)
potential : -4.363916 (0.032731)
energy : -2.175021 (0.000196)

kinetic : 2.190556 (0.032683)
potential : -4.365593 (0.032735)
energy : -2.175037 (0.000197)

kinetic : 2.190322 (0.032646)
potential : -4.365356 (0.032698)
energy : -2.175034 (0.000196)

kinetic : 2.191443 (0.032626)
potential : -4.366485 (0.032679)
energy : -2.175042 (0.000196)

kinetic : 2.191641 (0.032589)
potential : -4.366693 (0.032641)
energy : -2.175052 (0.000196)

kinetic : 2.191552 (0.032550)
potential : -4.366600 (0.032602)
energy : -2.175048 (0.000196)

kinetic : 2.195067 (0.032702)
potential : -4.370134 (0.032755)
energy : -2.175066 (0.000197)

kinetic : 2.194270 (0.032673)
potential : -4.369337 (0.032727)
energy : -2.175067 (0.000196)

kinetic : 2.193694 (0.032640)
potential : -4.368766 (0.032693)
energy : -2.175073 (0.000196)

kinetic : 2.193721 (0.032602)
potential : -4.368802 (0.032655)
energy : -2.175082 (0.000196)

kinetic : 2.192335 (0.032593)
potential : -4.367418 (0.032646)
energy : -2.175083 (0.000196)

kinetic : 2.190923 (0.032586)
potential : -4.366006 (0.032639)
energy : -2.175083 (0.000196)

kinetic : 2.191520 (0.032553)
potential : -4.366617 (0.032606)
energy : -2.175098 (0.000196)

kinetic : 2.191859 (0.032517)
potential : -4.366966 (0.032570)
energy : -2.175107 (0.000196)

kinetic : 2.192034 (0.032480)
potential : -4.367141 (0.032533)
energy : -2.175107 (0.000196)

kinetic : 2.190774 (0.032466)
potential : -4.365897 (0.032519)
energy : -2.175122 (0.000196)

kinetic : 2.192022 (0.032453)
potential : -4.367148 (0.032505)
energy : -2.175126 (0.000196)

kinetic : 2.191573 (0.032418)
potential : -4.366705 (0.032471)
energy : -2.175131 (0.000196)

kinetic : 2.191190 (0.032383)
potential : -4.366325 (0.032435)
energy : -2.175135 (0.000196)

kinetic : 2.191828 (0.032352)
potential : -4.366967 (0.032404)
energy : -2.175139 (0.000196)

kinetic : 2.191382 (0.032317)
potential : -4.366522 (0.032370)
energy : -2.175141 (0.000195)

kinetic : 2.189256 (0.032350)
potential : -4.364400 (0.032402)
energy : -2.175144 (0.000195)

kinetic : 2.189530 (0.032314)
potential : -4.364675 (0.032366)
energy : -2.175144 (0.000195)

kinetic : 2.189737 (0.032277)
potential : -4.364881 (0.032329)
energy : -2.175144 (0.000195)

kinetic : 2.188942 (0.032250)
potential : -4.364087 (0.032302)
energy : -2.175145 (0.000195)

kinetic : 2.189102 (0.032213)
potential : -4.364246 (0.032265)
energy : -2.175144 (0.000194)

kinetic : 2.188742 (0.032178)
potential : -4.363884 (0.032230)
energy : -2.175142 (0.000194)

kinetic : 2.190072 (0.032169)
potential : -4.365210 (0.032220)
energy : -2.175138 (0.000194)

kinetic : 2.190209 (0.032132)
potential : -4.365348 (0.032184)
energy : -2.175139 (0.000194)

kinetic : 2.190914 (0.032103)
potential : -4.366050 (0.032155)
energy : -2.175136 (0.000193)

kinetic : 2.190568 (0.032069)
potential : -4.365701 (0.032120)
energy : -2.175133 (0.000193)

kinetic : 2.191480 (0.032045)
potential : -4.366614 (0.032096)
energy : -2.175134 (0.000193)

kinetic : 2.191888 (0.032011)
potential : -4.367019 (0.032062)
energy : -2.175131 (0.000193)

kinetic : 2.192678 (0.031984)
potential : -4.367808 (0.032035)
energy : -2.175129 (0.000193)

kinetic : 2.191809 (0.031960)
potential : -4.366939 (0.032011)
energy : -2.175130 (0.000192)

kinetic : 2.191508 (0.031925)
potential : -4.366640 (0.031976)
energy : -2.175132 (0.000192)

kinetic : 2.190617 (0.031901)
potential : -4.365743 (0.031952)
energy : -2.175126 (0.000192)

kinetic : 2.190988 (0.031867)
potential : -4.366110 (0.031918)
energy : -2.175122 (0.000192)

kinetic : 2.191199 (0.031832)
potential : -4.366328 (0.031882)
energy : -2.175129 (0.000192)

kinetic : 2.190591 (0.031802)
potential : -4.365709 (0.031852)
energy : -2.175118 (0.000192)

kinetic : 2.191193 (0.031772)
potential : -4.366310 (0.031822)
energy : -2.175116 (0.000192)

kinetic : 2.191095 (0.031736)
potential : -4.366220 (0.031786)
energy : -2.175126 (0.000192)

kinetic : 2.191924 (0.031711)
potential : -4.367058 (0.031762)
energy : -2.175134 (0.000192)

kinetic : 2.191860 (0.031675)
potential : -4.366992 (0.031726)
energy : -2.175132 (0.000191)

kinetic : 2.190761 (0.031659)
potential : -4.365896 (0.031709)
energy : -2.175135 (0.000191)

kinetic : 2.191275 (0.031627)
potential : -4.366414 (0.031678)
energy : -2.175139 (0.000191)

kinetic : 2.190139 (0.031612)
potential : -4.365297 (0.031662)
energy : -2.175158 (0.000192)

kinetic : 2.191700 (0.031615)
potential : -4.366868 (0.031665)
energy : -2.175168 (0.000192)

kinetic : 2.191135 (0.031585)
potential : -4.366302 (0.031635)
energy : -2.175168 (0.000192)

kinetic : 2.191264 (0.031550)
potential : -4.366428 (0.031600)
energy : -2.175164 (0.000191)

kinetic : 2.192564 (0.031542)
potential : -4.367728 (0.031591)
energy : -2.175164 (0.000191)

kinetic : 2.191905 (0.031513)
potential : -4.367078 (0.031563)
energy : -2.175173 (0.000191)

kinetic : 2.193871 (0.031540)
potential : -4.369044 (0.031589)
energy : -2.175173 (0.000191)

kinetic : 2.193092 (0.031514)
potential : -4.368266 (0.031563)
energy : -2.175173 (0.000191)

kinetic : 2.194742 (0.031522)
potential : -4.369918 (0.031572)
energy : -2.175177 (0.000191)

kinetic : 2.194394 (0.031489)
potential : -4.369577 (0.031538)
energy : -2.175182 (0.000191)

kinetic : 2.194148 (0.031455)
potential : -4.369320 (0.031505)
energy : -2.175172 (0.000191)

kinetic : 2.192362 (0.031471)
potential : -4.367534 (0.031520)
energy : -2.175173 (0.000190)

kinetic : 2.193590 (0.031460)
potential : -4.368767 (0.031510)
energy : -2.175177 (0.000190)

kinetic : 2.193785 (0.031426)
potential : -4.368976 (0.031475)
energy : -2.175190 (0.000190)

kinetic : 2.193731 (0.031391)
potential : -4.368922 (0.031441)
energy : -2.175191 (0.000190)

kinetic : 2.193910 (0.031357)
potential : -4.369104 (0.031406)
energy : -2.175194 (0.000190)

kinetic : 2.195201 (0.031349)
potential : -4.370399 (0.031399)
energy : -2.175198 (0.000190)

kinetic : 2.195536 (0.031317)
potential : -4.370732 (0.031366)
energy : -2.175196 (0.000190)

kinetic : 2.195654 (0.031282)
potential : -4.370854 (0.031332)
energy : -2.175200 (0.000190)

kinetic : 2.194668 (0.031264)
potential : -4.369866 (0.031313)
energy : -2.175198 (0.000189)

kinetic : 2.194066 (0.031235)
potential : -4.369260 (0.031284)
energy : -2.175194 (0.000189)

kinetic : 2.194916 (0.031213)
potential : -4.370107 (0.031261)
energy : -2.175191 (0.000189)

kinetic : 2.195274 (0.031180)
potential : -4.370465 (0.031229)
energy : -2.175190 (0.000189)

kinetic : 2.195906 (0.031153)
potential : -4.371092 (0.031201)
energy : -2.175186 (0.000189)

kinetic : 2.194999 (0.031132)
potential : -4.370186 (0.031181)
energy : -2.175187 (0.000188)

kinetic : 2.193648 (0.031127)
potential : -4.368840 (0.031176)
energy : -2.175192 (0.000188)

kinetic : 2.192138 (0.031130)
potential : -4.367329 (0.031178)
energy : -2.175191 (0.000188)

kinetic : 2.194340 (0.031174)
potential : -4.369539 (0.031223)
energy : -2.175199 (0.000188)

kinetic : 2.193879 (0.031144)
potential : -4.369078 (0.031192)
energy : -2.175199 (0.000188)

kinetic : 2.194994 (0.031130)
potential : -4.370191 (0.031178)
energy : -2.175197 (0.000188)

kinetic : 2.194887 (0.031096)
potential : -4.370084 (0.031144)
energy : -2.175197 (0.000187)

kinetic : 2.195338 (0.031066)
potential : -4.370531 (0.031114)
energy : -2.175192 (0.000187)

kinetic : 2.196760 (0.031065)
potential : -4.371952 (0.031113)
energy : -2.175192 (0.000187)

kinetic : 2.196437 (0.031033)
potential : -4.371628 (0.031081)
energy : -2.175192 (0.000187)

kinetic : 2.195867 (0.031004)
potential : -4.371069 (0.031052)
energy : -2.175203 (0.000187)

kinetic : 2.195803 (0.030971)
potential : -4.371004 (0.031019)
energy : -2.175201 (0.000187)

kinetic : 2.195123 (0.030945)
potential : -4.370323 (0.030993)
energy : -2.175200 (0.000187)

kinetic : 2.193789 (0.030941)
potential : -4.368989 (0.030988)
energy : -2.175200 (0.000186)

kinetic : 2.193661 (0.030907)
potential : -4.368864 (0.030955)
energy : -2.175202 (0.000186)

kinetic : 2.193227 (0.030877)
potential : -4.368415 (0.030925)
energy : -2.175188 (0.000187)

kinetic : 2.193964 (0.030853)
potential : -4.369148 (0.030901)
energy : -2.175184 (0.000186)

kinetic : 2.194291 (0.030822)
potential : -4.369476 (0.030869)
energy : -2.175186 (0.000186)

kinetic : 2.194510 (0.030789)
potential : -4.369698 (0.030837)
energy : -2.175188 (0.000186)

kinetic : 2.194010 (0.030760)
potential : -4.369203 (0.030808)
energy : -2.175193 (0.000186)

kinetic : 2.193311 (0.030736)
potential : -4.368497 (0.030783)
energy : -2.175186 (0.000186)

kinetic : 2.193313 (0.030703)
potential : -4.368497 (0.030750)
energy : -2.175183 (0.000186)

kinetic : 2.194000 (0.030678)
potential : -4.369183 (0.030725)
energy : -2.175182 (0.000185)

kinetic : 2.194672 (0.030652)
potential : -4.369855 (0.030700)
energy : -2.175183 (0.000185)

kinetic : 2.194090 (0.030625)
potential : -4.369272 (0.030673)
energy : -2.175181 (0.000185)

kinetic : 2.193314 (0.030603)
potential : -4.368493 (0.030650)
energy : -2.175179 (0.000185)

kinetic : 2.192944 (0.030572)
potential : -4.368120 (0.030620)
energy : -2.175177 (0.000185)

kinetic : 2.191841 (0.030560)
potential : -4.367019 (0.030607)
energy : -2.175178 (0.000185)

kinetic : 2.192001 (0.030528)
potential : -4.367180 (0.030575)
energy : -2.175179 (0.000184)

kinetic : 2.192228 (0.030496)
potential : -4.367406 (0.030543)
energy : -2.175178 (0.000184)

kinetic : 2.190679 (0.030503)
potential : -4.365860 (0.030550)
energy : -2.175181 (0.000184)

kinetic : 2.190593 (0.030471)
potential : -4.365774 (0.030518)
energy : -2.175181 (0.000184)

kinetic : 2.190275 (0.030441)
potential : -4.365452 (0.030487)
energy : -2.175177 (0.000184)

kinetic : 2.191996 (0.030457)
potential : -4.367172 (0.030504)
energy : -2.175176 (0.000183)

kinetic : 2.191994 (0.030425)
potential : -4.367166 (0.030472)
energy : -2.175172 (0.000183)

kinetic : 2.191363 (0.030400)
potential : -4.366533 (0.030446)
energy : -2.175170 (0.000183)

kinetic : 2.191408 (0.030368)
potential : -4.366583 (0.030414)
energy : -2.175174 (0.000183)

kinetic : 2.191911 (0.030340)
potential : -4.367091 (0.030387)
energy : -2.175179 (0.000183)

kinetic : 2.191955 (0.030308)
potential : -4.367128 (0.030355)
energy : -2.175173 (0.000183)

kinetic : 2.191591 (0.030279)
potential : -4.366763 (0.030325)
energy : -2.175172 (0.000183)

kinetic : 2.190909 (0.030255)
potential : -4.366079 (0.030301)
energy : -2.175170 (0.000182)

kinetic : 2.189703 (0.030247)
potential : -4.364871 (0.030294)
energy : -2.175168 (0.000182)

kinetic : 2.188652 (0.030234)
potential : -4.363807 (0.030281)
energy : -2.175155 (0.000182)

kinetic : 2.188274 (0.030205)
potential : -4.363426 (0.030251)
energy : -2.175152 (0.000182)

kinetic : 2.188963 (0.030181)
potential : -4.364118 (0.030228)
energy : -2.175155 (0.000182)

kinetic : 2.189503 (0.030155)
potential : -4.364658 (0.030201)
energy : -2.175154 (0.000182)

kinetic : 2.189709 (0.030124)
potential : -4.364857 (0.030170)
energy : -2.175148 (0.000182)

kinetic : 2.189419 (0.030094)
potential : -4.364572 (0.030140)
energy : -2.175153 (0.000182)

kinetic : 2.189529 (0.030063)
potential : -4.364676 (0.030109)
energy : -2.175147 (0.000182)

kinetic : 2.189775 (0.030033)
potential : -4.364921 (0.030079)
energy : -2.175146 (0.000181)

kinetic : 2.189575 (0.030002)
potential : -4.364720 (0.030049)
energy : -2.175146 (0.000181)

kinetic : 2.190469 (0.029985)
potential : -4.365611 (0.030031)
energy : -2.175143 (0.000181)

kinetic : 2.190649 (0.029954)
potential : -4.365788 (0.030000)
energy : -2.175140 (0.000181)

kinetic : 2.191464 (0.029934)
potential : -4.366605 (0.029980)
energy : -2.175141 (0.000181)

kinetic : 2.191342 (0.029904)
potential : -4.366483 (0.029950)
energy : -2.175141 (0.000181)

kinetic : 2.191614 (0.029874)
potential : -4.366750 (0.029920)
energy : -2.175136 (0.000180)

kinetic : 2.191743 (0.029844)
potential : -4.366880 (0.029890)
energy : -2.175137 (0.000180)

kinetic : 2.191391 (0.029815)
potential : -4.366527 (0.029861)
energy : -2.175135 (0.000180)

kinetic : 2.190883 (0.029789)
potential : -4.366014 (0.029835)
energy : -2.175130 (0.000180)

kinetic : 2.189816 (0.029777)
potential : -4.364943 (0.029823)
energy : -2.175127 (0.000180)

kinetic : 2.190278 (0.029750)
potential : -4.365402 (0.029796)
energy : -2.175124 (0.000180)

kinetic : 2.190127 (0.029720)
potential : -4.365247 (0.029766)
energy : -2.175120 (0.000179)

kinetic : 2.190593 (0.029694)
potential : -4.365713 (0.029739)
energy : -2.175120 (0.000179)

kinetic : 2.190973 (0.029666)
potential : -4.366086 (0.029711)
energy : -2.175114 (0.000179)

kinetic : 2.192079 (0.029656)
potential : -4.367198 (0.029702)
energy : -2.175119 (0.000179)

kinetic : 2.193024 (0.029641)
potential : -4.368149 (0.029687)
energy : -2.175125 (0.000179)

kinetic : 2.193508 (0.029615)
potential : -4.368624 (0.029660)
energy : -2.175116 (0.000179)

kinetic : 2.193377 (0.029585)
potential : -4.368496 (0.029630)
energy : -2.175119 (0.000179)

kinetic : 2.193142 (0.029556)
potential : -4.368257 (0.029601)
energy : -2.175116 (0.000179)

kinetic : 2.192158 (0.029542)
potential : -4.367274 (0.029587)
energy : -2.175116 (0.000179)

kinetic : 2.192086 (0.029512)
potential : -4.367208 (0.029557)
energy : -2.175122 (0.000178)

kinetic : 2.191450 (0.029489)
potential : -4.366575 (0.029534)
energy : -2.175124 (0.000178)

kinetic : 2.191250 (0.029460)
potential : -4.366365 (0.029505)
energy : -2.175116 (0.000178)

kinetic : 2.190864 (0.029433)
potential : -4.365981 (0.029478)
energy : -2.175116 (0.000178)

kinetic : 2.190970 (0.029403)
potential : -4.366090 (0.029448)
energy : -2.175120 (0.000178)

kinetic : 2.189042 (0.029436)
potential : -4.364163 (0.029481)
energy : -2.175121 (0.000178)

kinetic : 2.188640 (0.029410)
potential : -4.363765 (0.029454)
energy : -2.175125 (0.000178)

kinetic : 2.188479 (0.029380)
potential : -4.363603 (0.029425)
energy : -2.175123 (0.000178)

kinetic : 2.188904 (0.029354)
potential : -4.364033 (0.029399)
energy : -2.175130 (0.000177)

kinetic : 2.188399 (0.029329)
potential : -4.363526 (0.029374)
energy : -2.175128 (0.000177)

kinetic : 2.188973 (0.029305)
potential : -4.364100 (0.029350)
energy : -2.175127 (0.000177)

kinetic : 2.189655 (0.029283)
potential : -4.364780 (0.029328)
energy : -2.175125 (0.000177)

kinetic : 2.188311 (0.029285)
potential : -4.363437 (0.029329)
energy : -2.175126 (0.000177)

kinetic : 2.188244 (0.029256)
potential : -4.363368 (0.029300)
energy : -2.175123 (0.000177)

kinetic : 2.187621 (0.029233)
potential : -4.362743 (0.029277)
energy : -2.175122 (0.000176)
         kinetic: 2.188(29), Sigma: 3.947, T_corr: 5.5
       potential: -4.363(29), Sigma: 3.950, T_corr: 5.5
          energy: -2.17512(18), Sigma: 0.023, T_corr: 5.7

For tau = 1.00e-01, acceptance ratio = 0.90
Time: 51.33s
