
kinetic : 1.992153 (inf)
potential : -4.166191 (inf)
energy : -2.174037 (inf)

kinetic : 2.097796 (inf)
potential : -4.274604 (inf)
energy : -2.176808 (inf)

kinetic : 2.144146 (0.046350)
potential : -4.320014 (0.045411)
energy : -2.175868 (0.000940)

kinetic : 2.128031 (0.031238)
potential : -4.302889 (0.031316)
energy : -2.174858 (0.001147)

kinetic : 2.015948 (0.114239)
potential : -4.191279 (0.113786)
energy : -2.175331 (0.000939)

kinetic : 2.029304 (0.089491)
potential : -4.204858 (0.089178)
energy : -2.175554 (0.000760)

kinetic : 2.023534 (0.073297)
potential : -4.198822 (0.073063)
energy : -2.175289 (0.000675)

kinetic : 2.105673 (0.102880)
potential : -4.280871 (0.102689)
energy : -2.175198 (0.000578)

kinetic : 2.164175 (0.106586)
potential : -4.338919 (0.106199)
energy : -2.174745 (0.000675)

kinetic : 2.190763 (0.097688)
potential : -4.365769 (0.097432)
energy : -2.175006 (0.000650)

kinetic : 2.235012 (0.097941)
potential : -4.410294 (0.097861)
energy : -2.175282 (0.000644)

kinetic : 2.230126 (0.088726)
potential : -4.405659 (0.088640)
energy : -2.175533 (0.000634)

kinetic : 2.234215 (0.081098)
potential : -4.409506 (0.081008)
energy : -2.175291 (0.000627)

kinetic : 2.322094 (0.115273)
potential : -4.497367 (0.115205)
energy : -2.175273 (0.000577)

kinetic : 2.298102 (0.109385)
potential : -4.473477 (0.109302)
energy : -2.175374 (0.000544)

kinetic : 2.289951 (0.102158)
potential : -4.465812 (0.102043)
energy : -2.175860 (0.000702)

kinetic : 2.268720 (0.097890)
potential : -4.444651 (0.097770)
energy : -2.175931 (0.000660)

kinetic : 2.249966 (0.093845)
potential : -4.425882 (0.093737)
energy : -2.175916 (0.000620)

kinetic : 2.279960 (0.093423)
potential : -4.455839 (0.093316)
energy : -2.175879 (0.000586)

kinetic : 2.377610 (0.131699)
potential : -4.553499 (0.131639)
energy : -2.175890 (0.000555)

kinetic : 2.379748 (0.124959)
potential : -4.555735 (0.124903)
energy : -2.175987 (0.000535)

kinetic : 2.364499 (0.119834)
potential : -4.540477 (0.119783)
energy : -2.175978 (0.000509)

kinetic : 2.346637 (0.115645)
potential : -4.522534 (0.115609)
energy : -2.175897 (0.000492)

kinetic : 2.401372 (0.123315)
potential : -4.577124 (0.123221)
energy : -2.175752 (0.000492)

kinetic : 2.402498 (0.118071)
potential : -4.578255 (0.117980)
energy : -2.175756 (0.000471)

kinetic : 2.379787 (0.115505)
potential : -4.555451 (0.115437)
energy : -2.175664 (0.000461)

kinetic : 2.372692 (0.111200)
potential : -4.548283 (0.111140)
energy : -2.175592 (0.000449)

kinetic : 2.373718 (0.107007)
potential : -4.549324 (0.106950)
energy : -2.175606 (0.000432)

kinetic : 2.361068 (0.103888)
potential : -4.536684 (0.103831)
energy : -2.175617 (0.000416)

kinetic : 2.357338 (0.100311)
potential : -4.532974 (0.100256)
energy : -2.175636 (0.000402)

kinetic : 2.355163 (0.096934)
potential : -4.530838 (0.096880)
energy : -2.175675 (0.000391)

kinetic : 2.338862 (0.095161)
potential : -4.514429 (0.095129)
energy : -2.175567 (0.000393)

kinetic : 2.329721 (0.092592)
potential : -4.505247 (0.092564)
energy : -2.175527 (0.000383)

kinetic : 2.320106 (0.090256)
potential : -4.495581 (0.090235)
energy : -2.175475 (0.000375)

kinetic : 2.302974 (0.089221)
potential : -4.478449 (0.089201)
energy : -2.175475 (0.000363)

kinetic : 2.293110 (0.087194)
potential : -4.468562 (0.087177)
energy : -2.175452 (0.000354)

kinetic : 2.275350 (0.086579)
potential : -4.450798 (0.086564)
energy : -2.175447 (0.000344)

kinetic : 2.273694 (0.084222)
potential : -4.449088 (0.084209)
energy : -2.175393 (0.000339)

kinetic : 2.267941 (0.082178)
potential : -4.443286 (0.082168)
energy : -2.175345 (0.000333)

kinetic : 2.260055 (0.080430)
potential : -4.435350 (0.080426)
energy : -2.175295 (0.000328)

kinetic : 2.255194 (0.078544)
potential : -4.430506 (0.078539)
energy : -2.175312 (0.000320)

kinetic : 2.239748 (0.078147)
potential : -4.414996 (0.078154)
energy : -2.175248 (0.000319)

kinetic : 2.254023 (0.077588)
potential : -4.429411 (0.077621)
energy : -2.175388 (0.000341)

kinetic : 2.247377 (0.076053)
potential : -4.422788 (0.076083)
energy : -2.175411 (0.000334)

kinetic : 2.250095 (0.074354)
potential : -4.425458 (0.074382)
energy : -2.175363 (0.000330)

kinetic : 2.251009 (0.072689)
potential : -4.426411 (0.072716)
energy : -2.175403 (0.000325)

kinetic : 2.254318 (0.071168)
potential : -4.429798 (0.071199)
energy : -2.175480 (0.000327)

kinetic : 2.253233 (0.069646)
potential : -4.428692 (0.069676)
energy : -2.175459 (0.000321)

kinetic : 2.257299 (0.068300)
potential : -4.432660 (0.068324)
energy : -2.175360 (0.000329)

kinetic : 2.242311 (0.068551)
potential : -4.417651 (0.068578)
energy : -2.175340 (0.000323)

kinetic : 2.230767 (0.068150)
potential : -4.406081 (0.068181)
energy : -2.175314 (0.000317)

kinetic : 2.239108 (0.067320)
potential : -4.414418 (0.067349)
energy : -2.175311 (0.000311)

kinetic : 2.242721 (0.066111)
potential : -4.418115 (0.066145)
energy : -2.175395 (0.000317)

kinetic : 2.236653 (0.065135)
potential : -4.412000 (0.065172)
energy : -2.175347 (0.000314)

kinetic : 2.239809 (0.063995)
potential : -4.415204 (0.064034)
energy : -2.175395 (0.000312)

kinetic : 2.237399 (0.062867)
potential : -4.412824 (0.062904)
energy : -2.175426 (0.000308)

kinetic : 2.232487 (0.061929)
potential : -4.407922 (0.061965)
energy : -2.175435 (0.000302)

kinetic : 2.235099 (0.060889)
potential : -4.410538 (0.060924)
energy : -2.175440 (0.000297)

kinetic : 2.241453 (0.060167)
potential : -4.416871 (0.060199)
energy : -2.175419 (0.000293)

kinetic : 2.235752 (0.059412)
potential : -4.411112 (0.059449)
energy : -2.175360 (0.000294)

kinetic : 2.227413 (0.059006)
potential : -4.402743 (0.059046)
energy : -2.175330 (0.000290)

kinetic : 2.228469 (0.058040)
potential : -4.403785 (0.058079)
energy : -2.175317 (0.000286)

kinetic : 2.229335 (0.057103)
potential : -4.404630 (0.057141)
energy : -2.175295 (0.000282)

kinetic : 2.224277 (0.056416)
potential : -4.399541 (0.056457)
energy : -2.175264 (0.000279)

kinetic : 2.224294 (0.055528)
potential : -4.399576 (0.055568)
energy : -2.175282 (0.000275)

kinetic : 2.223862 (0.054669)
potential : -4.399133 (0.054708)
energy : -2.175271 (0.000271)

kinetic : 2.223403 (0.053836)
potential : -4.398643 (0.053875)
energy : -2.175240 (0.000269)

kinetic : 2.229550 (0.053381)
potential : -4.404832 (0.053424)
energy : -2.175282 (0.000268)

kinetic : 2.231515 (0.052627)
potential : -4.406793 (0.052669)
energy : -2.175278 (0.000264)

kinetic : 2.225327 (0.052227)
potential : -4.400628 (0.052265)
energy : -2.175301 (0.000261)

kinetic : 2.228543 (0.051576)
potential : -4.403848 (0.051614)
energy : -2.175305 (0.000258)

kinetic : 2.223011 (0.051144)
potential : -4.398328 (0.051180)
energy : -2.175317 (0.000254)

kinetic : 2.223609 (0.050432)
potential : -4.398874 (0.050467)
energy : -2.175265 (0.000256)

kinetic : 2.228543 (0.049981)
potential : -4.403815 (0.050016)
energy : -2.175272 (0.000253)

kinetic : 2.237833 (0.050168)
potential : -4.413069 (0.050195)
energy : -2.175236 (0.000252)

kinetic : 2.232379 (0.049795)
potential : -4.407593 (0.049823)
energy : -2.175214 (0.000249)

kinetic : 2.229303 (0.049231)
potential : -4.404495 (0.049261)
energy : -2.175192 (0.000247)

kinetic : 2.226270 (0.048682)
potential : -4.401480 (0.048710)
energy : -2.175210 (0.000245)

kinetic : 2.229596 (0.048169)
potential : -4.404841 (0.048199)
energy : -2.175245 (0.000244)

kinetic : 2.234747 (0.047833)
potential : -4.409939 (0.047858)
energy : -2.175192 (0.000247)

kinetic : 2.241047 (0.047650)
potential : -4.416229 (0.047672)
energy : -2.175182 (0.000244)

kinetic : 2.236193 (0.047308)
potential : -4.411360 (0.047331)
energy : -2.175167 (0.000241)

kinetic : 2.233758 (0.046791)
potential : -4.408908 (0.046815)
energy : -2.175150 (0.000239)

kinetic : 2.234561 (0.046230)
potential : -4.409721 (0.046254)
energy : -2.175160 (0.000236)

kinetic : 2.229844 (0.045920)
potential : -4.404975 (0.045946)
energy : -2.175131 (0.000235)

kinetic : 2.235653 (0.045746)
potential : -4.410805 (0.045775)
energy : -2.175153 (0.000233)

kinetic : 2.235633 (0.045211)
potential : -4.410808 (0.045240)
energy : -2.175175 (0.000232)

kinetic : 2.229260 (0.045141)
potential : -4.404454 (0.045166)
energy : -2.175194 (0.000230)

kinetic : 2.224749 (0.044852)
potential : -4.399957 (0.044876)
energy : -2.175208 (0.000228)

kinetic : 2.222717 (0.044392)
potential : -4.397988 (0.044412)
energy : -2.175271 (0.000234)

kinetic : 2.222579 (0.043896)
potential : -4.397842 (0.043916)
energy : -2.175263 (0.000231)

kinetic : 2.223520 (0.043421)
potential : -4.398794 (0.043441)
energy : -2.175274 (0.000229)

kinetic : 2.218495 (0.043240)
potential : -4.393749 (0.043262)
energy : -2.175255 (0.000227)

kinetic : 2.215078 (0.042909)
potential : -4.390323 (0.042931)
energy : -2.175245 (0.000225)

kinetic : 2.215423 (0.042451)
potential : -4.390684 (0.042473)
energy : -2.175261 (0.000223)

kinetic : 2.213649 (0.042039)
potential : -4.388893 (0.042062)
energy : -2.175244 (0.000221)

kinetic : 2.212515 (0.041615)
potential : -4.387727 (0.041638)
energy : -2.175212 (0.000221)

kinetic : 2.213614 (0.041198)
potential : -4.388844 (0.041221)
energy : -2.175230 (0.000220)

kinetic : 2.212191 (0.040800)
potential : -4.387434 (0.040823)
energy : -2.175243 (0.000218)

kinetic : 2.218348 (0.040853)
potential : -4.393637 (0.040882)
energy : -2.175289 (0.000220)

kinetic : 2.219063 (0.040449)
potential : -4.394381 (0.040478)
energy : -2.175318 (0.000220)

kinetic : 2.221170 (0.040101)
potential : -4.396482 (0.040130)
energy : -2.175312 (0.000218)

kinetic : 2.216762 (0.039950)
potential : -4.392083 (0.039977)
energy : -2.175322 (0.000216)

kinetic : 2.219267 (0.039640)
potential : -4.394571 (0.039666)
energy : -2.175304 (0.000215)

kinetic : 2.212920 (0.039766)
potential : -4.388207 (0.039794)
energy : -2.175286 (0.000213)

kinetic : 2.212241 (0.039392)
potential : -4.387557 (0.039419)
energy : -2.175316 (0.000213)

kinetic : 2.208148 (0.039232)
potential : -4.383445 (0.039261)
energy : -2.175296 (0.000212)

kinetic : 2.208480 (0.038865)
potential : -4.383796 (0.038894)
energy : -2.175316 (0.000211)

kinetic : 2.205739 (0.038601)
potential : -4.381057 (0.038630)
energy : -2.175317 (0.000209)

kinetic : 2.205599 (0.038246)
potential : -4.380915 (0.038274)
energy : -2.175315 (0.000207)

kinetic : 2.203304 (0.037966)
potential : -4.378609 (0.037994)
energy : -2.175305 (0.000206)

kinetic : 2.200014 (0.037766)
potential : -4.375357 (0.037791)
energy : -2.175343 (0.000207)

kinetic : 2.198002 (0.037481)
potential : -4.373352 (0.037505)
energy : -2.175350 (0.000205)

kinetic : 2.201094 (0.037277)
potential : -4.376470 (0.037303)
energy : -2.175377 (0.000205)

kinetic : 2.197673 (0.037106)
potential : -4.373045 (0.037132)
energy : -2.175372 (0.000203)

kinetic : 2.197479 (0.036783)
potential : -4.372861 (0.036808)
energy : -2.175382 (0.000202)

kinetic : 2.196184 (0.036487)
potential : -4.371550 (0.036513)
energy : -2.175366 (0.000201)

kinetic : 2.200277 (0.036405)
potential : -4.375647 (0.036431)
energy : -2.175370 (0.000199)

kinetic : 2.193778 (0.036675)
potential : -4.369139 (0.036702)
energy : -2.175361 (0.000198)

kinetic : 2.191799 (0.036420)
potential : -4.367147 (0.036447)
energy : -2.175349 (0.000196)

kinetic : 2.189026 (0.036221)
potential : -4.364378 (0.036248)
energy : -2.175352 (0.000195)

kinetic : 2.188721 (0.035922)
potential : -4.364078 (0.035949)
energy : -2.175357 (0.000193)

kinetic : 2.189542 (0.035636)
potential : -4.364916 (0.035662)
energy : -2.175374 (0.000192)

kinetic : 2.187281 (0.035417)
potential : -4.362651 (0.035444)
energy : -2.175371 (0.000191)

kinetic : 2.186524 (0.035138)
potential : -4.361901 (0.035165)
energy : -2.175377 (0.000189)

kinetic : 2.187058 (0.034860)
potential : -4.362451 (0.034887)
energy : -2.175393 (0.000189)

kinetic : 2.186497 (0.034587)
potential : -4.361912 (0.034613)
energy : -2.175415 (0.000188)

kinetic : 2.183206 (0.034471)
potential : -4.358624 (0.034496)
energy : -2.175418 (0.000187)

kinetic : 2.186376 (0.034347)
potential : -4.361802 (0.034373)
energy : -2.175426 (0.000186)

kinetic : 2.190748 (0.034359)
potential : -4.366155 (0.034382)
energy : -2.175408 (0.000185)

kinetic : 2.188859 (0.034146)
potential : -4.364276 (0.034168)
energy : -2.175416 (0.000184)

kinetic : 2.192478 (0.034077)
potential : -4.367900 (0.034100)
energy : -2.175422 (0.000182)

kinetic : 2.188677 (0.034031)
potential : -4.364090 (0.034054)
energy : -2.175413 (0.000181)

kinetic : 2.187378 (0.033799)
potential : -4.362786 (0.033822)
energy : -2.175408 (0.000180)

kinetic : 2.187342 (0.033546)
potential : -4.362744 (0.033569)
energy : -2.175402 (0.000179)

kinetic : 2.188538 (0.033318)
potential : -4.363953 (0.033341)
energy : -2.175415 (0.000178)

kinetic : 2.187232 (0.033098)
potential : -4.362639 (0.033121)
energy : -2.175407 (0.000177)

kinetic : 2.186152 (0.032873)
potential : -4.361542 (0.032897)
energy : -2.175389 (0.000176)

kinetic : 2.184459 (0.032678)
potential : -4.359840 (0.032702)
energy : -2.175381 (0.000175)

kinetic : 2.186415 (0.032501)
potential : -4.361793 (0.032525)
energy : -2.175378 (0.000174)

kinetic : 2.185863 (0.032273)
potential : -4.361225 (0.032297)
energy : -2.175363 (0.000173)

kinetic : 2.186754 (0.032055)
potential : -4.362130 (0.032079)
energy : -2.175375 (0.000173)

kinetic : 2.184172 (0.031933)
potential : -4.359560 (0.031956)
energy : -2.175389 (0.000172)

kinetic : 2.184979 (0.031720)
potential : -4.360382 (0.031743)
energy : -2.175403 (0.000171)

kinetic : 2.185321 (0.031500)
potential : -4.360719 (0.031523)
energy : -2.175399 (0.000170)

kinetic : 2.183742 (0.031322)
potential : -4.359126 (0.031346)
energy : -2.175385 (0.000170)

kinetic : 2.182325 (0.031139)
potential : -4.357691 (0.031163)
energy : -2.175366 (0.000169)

kinetic : 2.179372 (0.031067)
potential : -4.354751 (0.031090)
energy : -2.175379 (0.000169)

kinetic : 2.177034 (0.030945)
potential : -4.352417 (0.030967)
energy : -2.175383 (0.000168)

kinetic : 2.177709 (0.030744)
potential : -4.353072 (0.030766)
energy : -2.175363 (0.000168)

kinetic : 2.176784 (0.030553)
potential : -4.352143 (0.030574)
energy : -2.175359 (0.000167)

kinetic : 2.178764 (0.030414)
potential : -4.354134 (0.030436)
energy : -2.175370 (0.000166)

kinetic : 2.177569 (0.030237)
potential : -4.352941 (0.030258)
energy : -2.175372 (0.000165)

kinetic : 2.177651 (0.030039)
potential : -4.353040 (0.030060)
energy : -2.175388 (0.000165)

kinetic : 2.174892 (0.029970)
potential : -4.350272 (0.029992)
energy : -2.175380 (0.000164)

kinetic : 2.177511 (0.029891)
potential : -4.352901 (0.029914)
energy : -2.175390 (0.000163)

kinetic : 2.175224 (0.029787)
potential : -4.350620 (0.029809)
energy : -2.175395 (0.000162)

kinetic : 2.173514 (0.029646)
potential : -4.348910 (0.029668)
energy : -2.175397 (0.000161)

kinetic : 2.174078 (0.029463)
potential : -4.349481 (0.029485)
energy : -2.175402 (0.000160)

kinetic : 2.177969 (0.029535)
potential : -4.353359 (0.029555)
energy : -2.175390 (0.000159)

kinetic : 2.175830 (0.029427)
potential : -4.351217 (0.029447)
energy : -2.175387 (0.000158)

kinetic : 2.175801 (0.029244)
potential : -4.351180 (0.029264)
energy : -2.175379 (0.000158)

kinetic : 2.175956 (0.029063)
potential : -4.351318 (0.029083)
energy : -2.175361 (0.000158)

kinetic : 2.175888 (0.028884)
potential : -4.351268 (0.028904)
energy : -2.175381 (0.000158)

kinetic : 2.175813 (0.028708)
potential : -4.351201 (0.028727)
energy : -2.175388 (0.000157)

kinetic : 2.175378 (0.028537)
potential : -4.350759 (0.028556)
energy : -2.175381 (0.000156)

kinetic : 2.176052 (0.028372)
potential : -4.351424 (0.028391)
energy : -2.175372 (0.000156)

kinetic : 2.174818 (0.028229)
potential : -4.350171 (0.028249)
energy : -2.175353 (0.000156)

kinetic : 2.171287 (0.028282)
potential : -4.346624 (0.028303)
energy : -2.175338 (0.000156)

kinetic : 2.168841 (0.028220)
potential : -4.344163 (0.028242)
energy : -2.175321 (0.000156)

kinetic : 2.170040 (0.028079)
potential : -4.345401 (0.028103)
energy : -2.175361 (0.000160)

kinetic : 2.168663 (0.027948)
potential : -4.344014 (0.027973)
energy : -2.175351 (0.000159)

kinetic : 2.170588 (0.027852)
potential : -4.345963 (0.027878)
energy : -2.175375 (0.000160)

kinetic : 2.171685 (0.027712)
potential : -4.347046 (0.027737)
energy : -2.175361 (0.000159)

kinetic : 2.171878 (0.027553)
potential : -4.347230 (0.027578)
energy : -2.175353 (0.000159)

kinetic : 2.171660 (0.027396)
potential : -4.347011 (0.027421)
energy : -2.175351 (0.000158)

kinetic : 2.174021 (0.027342)
potential : -4.349382 (0.027368)
energy : -2.175361 (0.000157)

kinetic : 2.171864 (0.027273)
potential : -4.347225 (0.027298)
energy : -2.175361 (0.000156)

kinetic : 2.172923 (0.027140)
potential : -4.348266 (0.027164)
energy : -2.175344 (0.000157)

kinetic : 2.171654 (0.027017)
potential : -4.346989 (0.027042)
energy : -2.175334 (0.000156)

kinetic : 2.175664 (0.027164)
potential : -4.350987 (0.027187)
energy : -2.175323 (0.000155)

kinetic : 2.174415 (0.027043)
potential : -4.349745 (0.027065)
energy : -2.175330 (0.000155)

kinetic : 2.175179 (0.026905)
potential : -4.350514 (0.026927)
energy : -2.175335 (0.000154)

kinetic : 2.174836 (0.026759)
potential : -4.350157 (0.026782)
energy : -2.175321 (0.000154)

kinetic : 2.175834 (0.026632)
potential : -4.351159 (0.026655)
energy : -2.175325 (0.000153)

kinetic : 2.177175 (0.026522)
potential : -4.352510 (0.026545)
energy : -2.175335 (0.000152)

kinetic : 2.175572 (0.026428)
potential : -4.350896 (0.026451)
energy : -2.175324 (0.000152)

kinetic : 2.177761 (0.026377)
potential : -4.353091 (0.026400)
energy : -2.175330 (0.000151)

kinetic : 2.178786 (0.026256)
potential : -4.354162 (0.026281)
energy : -2.175376 (0.000157)

kinetic : 2.178449 (0.026119)
potential : -4.353831 (0.026144)
energy : -2.175382 (0.000157)

kinetic : 2.179070 (0.025989)
potential : -4.354476 (0.026014)
energy : -2.175406 (0.000158)

kinetic : 2.178309 (0.025863)
potential : -4.353716 (0.025889)
energy : -2.175407 (0.000157)

kinetic : 2.177029 (0.025760)
potential : -4.352448 (0.025785)
energy : -2.175419 (0.000156)

kinetic : 2.174071 (0.025797)
potential : -4.349485 (0.025821)
energy : -2.175414 (0.000156)

kinetic : 2.173479 (0.025670)
potential : -4.348903 (0.025694)
energy : -2.175423 (0.000155)

kinetic : 2.171383 (0.025624)
potential : -4.346784 (0.025650)
energy : -2.175402 (0.000156)

kinetic : 2.170958 (0.025497)
potential : -4.346346 (0.025523)
energy : -2.175389 (0.000156)

kinetic : 2.170895 (0.025367)
potential : -4.346273 (0.025393)
energy : -2.175378 (0.000155)

kinetic : 2.169378 (0.025284)
potential : -4.344738 (0.025311)
energy : -2.175359 (0.000156)

kinetic : 2.169549 (0.025157)
potential : -4.344921 (0.025184)
energy : -2.175372 (0.000155)

kinetic : 2.170615 (0.025054)
potential : -4.345974 (0.025080)
energy : -2.175359 (0.000155)

kinetic : 2.171840 (0.024959)
potential : -4.347189 (0.024984)
energy : -2.175349 (0.000155)

kinetic : 2.169756 (0.024922)
potential : -4.345106 (0.024947)
energy : -2.175351 (0.000154)

kinetic : 2.169865 (0.024799)
potential : -4.345198 (0.024824)
energy : -2.175332 (0.000154)

kinetic : 2.169862 (0.024678)
potential : -4.345198 (0.024702)
energy : -2.175336 (0.000153)

kinetic : 2.170106 (0.024558)
potential : -4.345437 (0.024583)
energy : -2.175331 (0.000153)

kinetic : 2.168423 (0.024496)
potential : -4.343764 (0.024520)
energy : -2.175341 (0.000152)

kinetic : 2.167236 (0.024407)
potential : -4.342591 (0.024430)
energy : -2.175355 (0.000152)

kinetic : 2.167303 (0.024289)
potential : -4.342665 (0.024312)
energy : -2.175362 (0.000152)

kinetic : 2.168117 (0.024186)
potential : -4.343481 (0.024209)
energy : -2.175364 (0.000151)

kinetic : 2.167204 (0.024088)
potential : -4.342557 (0.024111)
energy : -2.175354 (0.000151)

kinetic : 2.164733 (0.024101)
potential : -4.340073 (0.024125)
energy : -2.175339 (0.000151)

kinetic : 2.162777 (0.024066)
potential : -4.338120 (0.024090)
energy : -2.175343 (0.000150)

kinetic : 2.165484 (0.024106)
potential : -4.340818 (0.024128)
energy : -2.175334 (0.000149)

kinetic : 2.168388 (0.024168)
potential : -4.343752 (0.024194)
energy : -2.175365 (0.000152)

kinetic : 2.168467 (0.024055)
potential : -4.343818 (0.024081)
energy : -2.175351 (0.000152)

kinetic : 2.167682 (0.023957)
potential : -4.343018 (0.023983)
energy : -2.175336 (0.000152)

kinetic : 2.167598 (0.023846)
potential : -4.342933 (0.023872)
energy : -2.175335 (0.000151)

kinetic : 2.168748 (0.023764)
potential : -4.344077 (0.023790)
energy : -2.175329 (0.000150)

kinetic : 2.169038 (0.023657)
potential : -4.344373 (0.023683)
energy : -2.175335 (0.000150)

kinetic : 2.167388 (0.023607)
potential : -4.342718 (0.023633)
energy : -2.175331 (0.000149)

kinetic : 2.166993 (0.023503)
potential : -4.342318 (0.023529)
energy : -2.175325 (0.000149)

kinetic : 2.177253 (0.025548)
potential : -4.352594 (0.025578)
energy : -2.175342 (0.000149)

kinetic : 2.177978 (0.025444)
potential : -4.353311 (0.025473)
energy : -2.175333 (0.000148)

kinetic : 2.176110 (0.025399)
potential : -4.351451 (0.025428)
energy : -2.175341 (0.000148)

kinetic : 2.175548 (0.025292)
potential : -4.350881 (0.025321)
energy : -2.175333 (0.000148)

kinetic : 2.174446 (0.025204)
potential : -4.349771 (0.025233)
energy : -2.175325 (0.000147)

kinetic : 2.175192 (0.025104)
potential : -4.350530 (0.025133)
energy : -2.175338 (0.000147)

kinetic : 2.174845 (0.024996)
potential : -4.350192 (0.025025)
energy : -2.175347 (0.000147)

kinetic : 2.174527 (0.024888)
potential : -4.349866 (0.024917)
energy : -2.175339 (0.000146)

kinetic : 2.172836 (0.024837)
potential : -4.348171 (0.024867)
energy : -2.175335 (0.000146)

kinetic : 2.174836 (0.024810)
potential : -4.350162 (0.024839)
energy : -2.175326 (0.000145)

kinetic : 2.175817 (0.024723)
potential : -4.351135 (0.024751)
energy : -2.175318 (0.000145)

kinetic : 2.174909 (0.024633)
potential : -4.350239 (0.024660)
energy : -2.175330 (0.000145)

kinetic : 2.173147 (0.024591)
potential : -4.348464 (0.024619)
energy : -2.175317 (0.000145)

kinetic : 2.171861 (0.024520)
potential : -4.347171 (0.024548)
energy : -2.175310 (0.000144)

kinetic : 2.170545 (0.024451)
potential : -4.345846 (0.024480)
energy : -2.175302 (0.000144)

kinetic : 2.171864 (0.024383)
potential : -4.347151 (0.024411)
energy : -2.175287 (0.000144)

kinetic : 2.169938 (0.024357)
potential : -4.345225 (0.024384)
energy : -2.175287 (0.000144)

kinetic : 2.171713 (0.024320)
potential : -4.346994 (0.024346)
energy : -2.175281 (0.000143)

kinetic : 2.173157 (0.024261)
potential : -4.348453 (0.024289)
energy : -2.175297 (0.000143)

kinetic : 2.171872 (0.024194)
potential : -4.347169 (0.024222)
energy : -2.175297 (0.000143)

kinetic : 2.169909 (0.024174)
potential : -4.345190 (0.024202)
energy : -2.175282 (0.000143)

kinetic : 2.168859 (0.024097)
potential : -4.344129 (0.024126)
energy : -2.175269 (0.000143)

kinetic : 2.169116 (0.024000)
potential : -4.344386 (0.024028)
energy : -2.175270 (0.000142)

kinetic : 2.171104 (0.023984)
potential : -4.346384 (0.024013)
energy : -2.175279 (0.000142)

kinetic : 2.170056 (0.023909)
potential : -4.345341 (0.023938)
energy : -2.175285 (0.000142)

kinetic : 2.171200 (0.023840)
potential : -4.346497 (0.023869)
energy : -2.175297 (0.000142)

kinetic : 2.171474 (0.023745)
potential : -4.346781 (0.023774)
energy : -2.175307 (0.000141)

kinetic : 2.172690 (0.023681)
potential : -4.347999 (0.023710)
energy : -2.175309 (0.000141)

kinetic : 2.171027 (0.023644)
potential : -4.346327 (0.023674)
energy : -2.175299 (0.000140)

kinetic : 2.170167 (0.023566)
potential : -4.345465 (0.023595)
energy : -2.175298 (0.000140)

kinetic : 2.169764 (0.023475)
potential : -4.345057 (0.023505)
energy : -2.175294 (0.000139)

kinetic : 2.168286 (0.023429)
potential : -4.343573 (0.023459)
energy : -2.175287 (0.000139)

kinetic : 2.167536 (0.023349)
potential : -4.342813 (0.023379)
energy : -2.175277 (0.000139)

kinetic : 2.168169 (0.023265)
potential : -4.343438 (0.023295)
energy : -2.175269 (0.000139)

kinetic : 2.166847 (0.023212)
potential : -4.342105 (0.023242)
energy : -2.175258 (0.000138)

kinetic : 2.167157 (0.023124)
potential : -4.342413 (0.023154)
energy : -2.175256 (0.000138)

kinetic : 2.168852 (0.023096)
potential : -4.344104 (0.023126)
energy : -2.175252 (0.000137)

kinetic : 2.169023 (0.023007)
potential : -4.344265 (0.023037)
energy : -2.175242 (0.000137)

kinetic : 2.167424 (0.022974)
potential : -4.342666 (0.023003)
energy : -2.175242 (0.000137)

kinetic : 2.167481 (0.022886)
potential : -4.342727 (0.022915)
energy : -2.175246 (0.000136)

kinetic : 2.168581 (0.022825)
potential : -4.343824 (0.022854)
energy : -2.175243 (0.000136)

kinetic : 2.167160 (0.022783)
potential : -4.342403 (0.022811)
energy : -2.175243 (0.000135)

kinetic : 2.166933 (0.022697)
potential : -4.342178 (0.022726)
energy : -2.175245 (0.000135)

kinetic : 2.166375 (0.022618)
potential : -4.341607 (0.022647)
energy : -2.175232 (0.000135)

kinetic : 2.166864 (0.022539)
potential : -4.342099 (0.022567)
energy : -2.175236 (0.000134)

kinetic : 2.165059 (0.022526)
potential : -4.340288 (0.022555)
energy : -2.175229 (0.000134)

kinetic : 2.165555 (0.022448)
potential : -4.340791 (0.022477)
energy : -2.175236 (0.000134)

kinetic : 2.166939 (0.022407)
potential : -4.342172 (0.022435)
energy : -2.175233 (0.000133)

kinetic : 2.167438 (0.022329)
potential : -4.342665 (0.022358)
energy : -2.175228 (0.000133)

kinetic : 2.166924 (0.022253)
potential : -4.342172 (0.022280)
energy : -2.175248 (0.000134)

kinetic : 2.165352 (0.022226)
potential : -4.340600 (0.022254)
energy : -2.175248 (0.000133)

kinetic : 2.165659 (0.022147)
potential : -4.340899 (0.022174)
energy : -2.175240 (0.000133)

kinetic : 2.166677 (0.022089)
potential : -4.341913 (0.022117)
energy : -2.175235 (0.000133)

kinetic : 2.166505 (0.022010)
potential : -4.341747 (0.022037)
energy : -2.175241 (0.000132)

kinetic : 2.164723 (0.022002)
potential : -4.339959 (0.022029)
energy : -2.175236 (0.000132)

kinetic : 2.164967 (0.021924)
potential : -4.340232 (0.021951)
energy : -2.175265 (0.000135)

kinetic : 2.165620 (0.021855)
potential : -4.340883 (0.021882)
energy : -2.175263 (0.000134)

kinetic : 2.163526 (0.021877)
potential : -4.338788 (0.021904)
energy : -2.175263 (0.000134)

kinetic : 2.164709 (0.021830)
potential : -4.339965 (0.021857)
energy : -2.175256 (0.000133)

kinetic : 2.164181 (0.021759)
potential : -4.339434 (0.021786)
energy : -2.175252 (0.000133)

kinetic : 2.166243 (0.021780)
potential : -4.341513 (0.021808)
energy : -2.175269 (0.000134)

kinetic : 2.165507 (0.021715)
potential : -4.340781 (0.021743)
energy : -2.175273 (0.000133)

kinetic : 2.166149 (0.021648)
potential : -4.341429 (0.021676)
energy : -2.175280 (0.000133)

kinetic : 2.166242 (0.021572)
potential : -4.341513 (0.021600)
energy : -2.175271 (0.000133)

kinetic : 2.165038 (0.021530)
potential : -4.340298 (0.021558)
energy : -2.175261 (0.000133)

kinetic : 2.164817 (0.021456)
potential : -4.340073 (0.021484)
energy : -2.175256 (0.000132)

kinetic : 2.165162 (0.021384)
potential : -4.340433 (0.021412)
energy : -2.175271 (0.000133)

kinetic : 2.166260 (0.021338)
potential : -4.341528 (0.021366)
energy : -2.175268 (0.000132)

kinetic : 2.166900 (0.021274)
potential : -4.342171 (0.021302)
energy : -2.175270 (0.000132)

kinetic : 2.166949 (0.021201)
potential : -4.342210 (0.021229)
energy : -2.175261 (0.000132)

kinetic : 2.167733 (0.021143)
potential : -4.342992 (0.021171)
energy : -2.175259 (0.000131)

kinetic : 2.167704 (0.021071)
potential : -4.342974 (0.021098)
energy : -2.175270 (0.000131)

kinetic : 2.167193 (0.021005)
potential : -4.342465 (0.021032)
energy : -2.175272 (0.000131)

kinetic : 2.167000 (0.020935)
potential : -4.342272 (0.020962)
energy : -2.175272 (0.000130)

kinetic : 2.166378 (0.020873)
potential : -4.341644 (0.020900)
energy : -2.175267 (0.000130)

kinetic : 2.166639 (0.020804)
potential : -4.341897 (0.020831)
energy : -2.175258 (0.000130)

kinetic : 2.165160 (0.020787)
potential : -4.340412 (0.020815)
energy : -2.175252 (0.000129)

kinetic : 2.167483 (0.020847)
potential : -4.342733 (0.020874)
energy : -2.175250 (0.000129)

kinetic : 2.167349 (0.020778)
potential : -4.342603 (0.020805)
energy : -2.175254 (0.000129)

kinetic : 2.168088 (0.020722)
potential : -4.343345 (0.020749)
energy : -2.175256 (0.000128)

kinetic : 2.168298 (0.020655)
potential : -4.343550 (0.020681)
energy : -2.175252 (0.000128)

kinetic : 2.169228 (0.020607)
potential : -4.344488 (0.020634)
energy : -2.175260 (0.000128)

kinetic : 2.168947 (0.020541)
potential : -4.344204 (0.020568)
energy : -2.175257 (0.000127)

kinetic : 2.168726 (0.020475)
potential : -4.343990 (0.020502)
energy : -2.175264 (0.000127)

kinetic : 2.168998 (0.020410)
potential : -4.344265 (0.020436)
energy : -2.175267 (0.000127)

kinetic : 2.167910 (0.020372)
potential : -4.343167 (0.020399)
energy : -2.175257 (0.000127)

kinetic : 2.167516 (0.020310)
potential : -4.342779 (0.020337)
energy : -2.175263 (0.000126)

kinetic : 2.167907 (0.020248)
potential : -4.343164 (0.020274)
energy : -2.175257 (0.000126)

kinetic : 2.167864 (0.020182)
potential : -4.343115 (0.020209)
energy : -2.175251 (0.000126)

kinetic : 2.169140 (0.020158)
potential : -4.344385 (0.020184)
energy : -2.175244 (0.000126)

kinetic : 2.168153 (0.020117)
potential : -4.343405 (0.020143)
energy : -2.175253 (0.000126)

kinetic : 2.166929 (0.020090)
potential : -4.342186 (0.020115)
energy : -2.175257 (0.000125)

kinetic : 2.166235 (0.020038)
potential : -4.341483 (0.020064)
energy : -2.175248 (0.000125)

kinetic : 2.165310 (0.019996)
potential : -4.340571 (0.020021)
energy : -2.175261 (0.000125)

kinetic : 2.164602 (0.019945)
potential : -4.339862 (0.019970)
energy : -2.175260 (0.000125)

kinetic : 2.163317 (0.019924)
potential : -4.338583 (0.019948)
energy : -2.175266 (0.000125)

kinetic : 2.162295 (0.019887)
potential : -4.337555 (0.019911)
energy : -2.175260 (0.000124)

kinetic : 2.163388 (0.019855)
potential : -4.338648 (0.019879)
energy : -2.175260 (0.000124)

kinetic : 2.163494 (0.019793)
potential : -4.338752 (0.019817)
energy : -2.175258 (0.000124)

kinetic : 2.162668 (0.019748)
potential : -4.337918 (0.019773)
energy : -2.175251 (0.000124)

kinetic : 2.161434 (0.019726)
potential : -4.336692 (0.019749)
energy : -2.175258 (0.000123)

kinetic : 2.162451 (0.019691)
potential : -4.337702 (0.019714)
energy : -2.175251 (0.000123)

kinetic : 2.161423 (0.019657)
potential : -4.336671 (0.019680)
energy : -2.175248 (0.000123)

kinetic : 2.161524 (0.019596)
potential : -4.336770 (0.019620)
energy : -2.175246 (0.000123)

kinetic : 2.161764 (0.019538)
potential : -4.337003 (0.019561)
energy : -2.175240 (0.000122)

kinetic : 2.160899 (0.019497)
potential : -4.336141 (0.019520)
energy : -2.175241 (0.000122)

kinetic : 2.160580 (0.019440)
potential : -4.335822 (0.019463)
energy : -2.175242 (0.000122)

kinetic : 2.160184 (0.019385)
potential : -4.335424 (0.019408)
energy : -2.175240 (0.000121)

kinetic : 2.162933 (0.019521)
potential : -4.338186 (0.019545)
energy : -2.175253 (0.000122)

kinetic : 2.165361 (0.019612)
potential : -4.340624 (0.019638)
energy : -2.175262 (0.000122)

kinetic : 2.164954 (0.019558)
potential : -4.340217 (0.019583)
energy : -2.175263 (0.000121)

kinetic : 2.164759 (0.019500)
potential : -4.340023 (0.019525)
energy : -2.175264 (0.000121)

kinetic : 2.164226 (0.019449)
potential : -4.339486 (0.019474)
energy : -2.175259 (0.000121)

kinetic : 2.166136 (0.019484)
potential : -4.341392 (0.019509)
energy : -2.175256 (0.000120)

kinetic : 2.166578 (0.019431)
potential : -4.341827 (0.019456)
energy : -2.175249 (0.000120)

kinetic : 2.166854 (0.019375)
potential : -4.342100 (0.019400)
energy : -2.175246 (0.000120)

kinetic : 2.167924 (0.019348)
potential : -4.343170 (0.019372)
energy : -2.175246 (0.000119)

kinetic : 2.167653 (0.019292)
potential : -4.342908 (0.019316)
energy : -2.175256 (0.000120)

kinetic : 2.166826 (0.019253)
potential : -4.342078 (0.019277)
energy : -2.175252 (0.000119)

kinetic : 2.166235 (0.019206)
potential : -4.341491 (0.019230)
energy : -2.175256 (0.000119)

kinetic : 2.166121 (0.019150)
potential : -4.341391 (0.019174)
energy : -2.175270 (0.000119)

kinetic : 2.165606 (0.019101)
potential : -4.340878 (0.019124)
energy : -2.175272 (0.000119)

kinetic : 2.165018 (0.019054)
potential : -4.340291 (0.019078)
energy : -2.175273 (0.000119)

kinetic : 2.164000 (0.019026)
potential : -4.339273 (0.019050)
energy : -2.175273 (0.000118)

kinetic : 2.162412 (0.019038)
potential : -4.337685 (0.019061)
energy : -2.175273 (0.000118)

kinetic : 2.161827 (0.018992)
potential : -4.337107 (0.019015)
energy : -2.175280 (0.000118)

kinetic : 2.162570 (0.018952)
potential : -4.337863 (0.018975)
energy : -2.175293 (0.000118)

kinetic : 2.162518 (0.018897)
potential : -4.337811 (0.018921)
energy : -2.175292 (0.000118)

kinetic : 2.161625 (0.018864)
potential : -4.336910 (0.018888)
energy : -2.175285 (0.000118)

kinetic : 2.161875 (0.018812)
potential : -4.337157 (0.018836)
energy : -2.175282 (0.000117)

kinetic : 2.163385 (0.018819)
potential : -4.338665 (0.018842)
energy : -2.175280 (0.000117)

kinetic : 2.162448 (0.018789)
potential : -4.337723 (0.018813)
energy : -2.175274 (0.000117)

kinetic : 2.161224 (0.018776)
potential : -4.336493 (0.018800)
energy : -2.175268 (0.000117)

kinetic : 2.160642 (0.018732)
potential : -4.335912 (0.018756)
energy : -2.175270 (0.000116)

kinetic : 2.162253 (0.018749)
potential : -4.337529 (0.018773)
energy : -2.175276 (0.000116)

kinetic : 2.160393 (0.018789)
potential : -4.335668 (0.018812)
energy : -2.175275 (0.000116)

kinetic : 2.160081 (0.018739)
potential : -4.335349 (0.018762)
energy : -2.175269 (0.000116)

kinetic : 2.160704 (0.018697)
potential : -4.335970 (0.018720)
energy : -2.175266 (0.000116)

kinetic : 2.160268 (0.018650)
potential : -4.335533 (0.018673)
energy : -2.175265 (0.000115)

kinetic : 2.158823 (0.018654)
potential : -4.334078 (0.018678)
energy : -2.175255 (0.000115)

kinetic : 2.160526 (0.018680)
potential : -4.335788 (0.018705)
energy : -2.175261 (0.000115)

kinetic : 2.161560 (0.018658)
potential : -4.336815 (0.018682)
energy : -2.175254 (0.000115)

kinetic : 2.161387 (0.018607)
potential : -4.336635 (0.018631)
energy : -2.175248 (0.000115)

kinetic : 2.160032 (0.018605)
potential : -4.335276 (0.018630)
energy : -2.175244 (0.000115)

kinetic : 2.160056 (0.018554)
potential : -4.335298 (0.018579)
energy : -2.175242 (0.000114)

kinetic : 2.159791 (0.018506)
potential : -4.335034 (0.018530)
energy : -2.175243 (0.000114)

kinetic : 2.160321 (0.018463)
potential : -4.335564 (0.018487)
energy : -2.175243 (0.000114)

kinetic : 2.160873 (0.018421)
potential : -4.336124 (0.018445)
energy : -2.175251 (0.000114)

kinetic : 2.161239 (0.018375)
potential : -4.336483 (0.018399)
energy : -2.175244 (0.000114)

kinetic : 2.163121 (0.018422)
potential : -4.338371 (0.018446)
energy : -2.175249 (0.000113)

kinetic : 2.164185 (0.018403)
potential : -4.339438 (0.018427)
energy : -2.175253 (0.000113)

kinetic : 2.164224 (0.018354)
potential : -4.339473 (0.018378)
energy : -2.175249 (0.000113)

kinetic : 2.163565 (0.018316)
potential : -4.338817 (0.018341)
energy : -2.175252 (0.000113)

kinetic : 2.164121 (0.018276)
potential : -4.339373 (0.018300)
energy : -2.175252 (0.000112)

kinetic : 2.162683 (0.018284)
potential : -4.337933 (0.018308)
energy : -2.175250 (0.000112)

kinetic : 2.162159 (0.018243)
potential : -4.337404 (0.018267)
energy : -2.175244 (0.000112)

kinetic : 2.161483 (0.018207)
potential : -4.336717 (0.018232)
energy : -2.175234 (0.000112)

kinetic : 2.163082 (0.018229)
potential : -4.338311 (0.018253)
energy : -2.175229 (0.000112)

kinetic : 2.163348 (0.018183)
potential : -4.338576 (0.018207)
energy : -2.175228 (0.000112)

kinetic : 2.164092 (0.018151)
potential : -4.339323 (0.018175)
energy : -2.175230 (0.000111)

kinetic : 2.163651 (0.018108)
potential : -4.338875 (0.018132)
energy : -2.175224 (0.000111)

kinetic : 2.164743 (0.018094)
potential : -4.339984 (0.018119)
energy : -2.175241 (0.000112)

kinetic : 2.164487 (0.018049)
potential : -4.339720 (0.018074)
energy : -2.175234 (0.000112)

kinetic : 2.164958 (0.018008)
potential : -4.340193 (0.018033)
energy : -2.175236 (0.000112)

kinetic : 2.163859 (0.017995)
potential : -4.339092 (0.018020)
energy : -2.175233 (0.000112)

kinetic : 2.164629 (0.017965)
potential : -4.339860 (0.017990)
energy : -2.175231 (0.000112)

kinetic : 2.163999 (0.017929)
potential : -4.339231 (0.017954)
energy : -2.175232 (0.000111)

kinetic : 2.164160 (0.017884)
potential : -4.339387 (0.017909)
energy : -2.175227 (0.000111)

kinetic : 2.163424 (0.017853)
potential : -4.338655 (0.017878)
energy : -2.175231 (0.000111)

kinetic : 2.163839 (0.017812)
potential : -4.339068 (0.017837)
energy : -2.175229 (0.000111)

kinetic : 2.164786 (0.017792)
potential : -4.340014 (0.017816)
energy : -2.175228 (0.000110)

kinetic : 2.163894 (0.017769)
potential : -4.339130 (0.017793)
energy : -2.175236 (0.000110)

kinetic : 2.162999 (0.017747)
potential : -4.338248 (0.017770)
energy : -2.175249 (0.000111)

kinetic : 2.163280 (0.017704)
potential : -4.338533 (0.017727)
energy : -2.175253 (0.000111)

kinetic : 2.162293 (0.017687)
potential : -4.337545 (0.017710)
energy : -2.175253 (0.000110)

kinetic : 2.163228 (0.017667)
potential : -4.338495 (0.017690)
energy : -2.175267 (0.000111)

kinetic : 2.162546 (0.017636)
potential : -4.337813 (0.017659)
energy : -2.175267 (0.000111)

kinetic : 2.161749 (0.017609)
potential : -4.337011 (0.017633)
energy : -2.175262 (0.000110)

kinetic : 2.161113 (0.017577)
potential : -4.336371 (0.017601)
energy : -2.175258 (0.000110)

kinetic : 2.161157 (0.017533)
potential : -4.336419 (0.017557)
energy : -2.175262 (0.000110)

kinetic : 2.161582 (0.017495)
potential : -4.336850 (0.017518)
energy : -2.175268 (0.000110)

kinetic : 2.161016 (0.017460)
potential : -4.336279 (0.017484)
energy : -2.175263 (0.000110)

kinetic : 2.161457 (0.017422)
potential : -4.336712 (0.017446)
energy : -2.175255 (0.000110)

kinetic : 2.161076 (0.017384)
potential : -4.336321 (0.017407)
energy : -2.175245 (0.000110)

kinetic : 2.160284 (0.017359)
potential : -4.335531 (0.017382)
energy : -2.175248 (0.000110)

kinetic : 2.159122 (0.017355)
potential : -4.334361 (0.017379)
energy : -2.175239 (0.000110)

kinetic : 2.157613 (0.017378)
potential : -4.332852 (0.017402)
energy : -2.175240 (0.000110)

kinetic : 2.158803 (0.017376)
potential : -4.334034 (0.017399)
energy : -2.175231 (0.000110)

kinetic : 2.160540 (0.017421)
potential : -4.335768 (0.017443)
energy : -2.175228 (0.000109)

kinetic : 2.160579 (0.017378)
potential : -4.335817 (0.017401)
energy : -2.175238 (0.000110)

kinetic : 2.161357 (0.017354)
potential : -4.336597 (0.017376)
energy : -2.175240 (0.000109)

kinetic : 2.160924 (0.017317)
potential : -4.336164 (0.017340)
energy : -2.175240 (0.000109)

kinetic : 2.161204 (0.017277)
potential : -4.336450 (0.017300)
energy : -2.175246 (0.000109)

kinetic : 2.162287 (0.017270)
potential : -4.337531 (0.017292)
energy : -2.175244 (0.000109)

kinetic : 2.161920 (0.017232)
potential : -4.337157 (0.017254)
energy : -2.175238 (0.000109)

kinetic : 2.160932 (0.017219)
potential : -4.336169 (0.017241)
energy : -2.175237 (0.000108)

kinetic : 2.160712 (0.017179)
potential : -4.335953 (0.017201)
energy : -2.175241 (0.000108)

kinetic : 2.160726 (0.017138)
potential : -4.335956 (0.017160)
energy : -2.175230 (0.000109)

kinetic : 2.160187 (0.017106)
potential : -4.335421 (0.017128)
energy : -2.175234 (0.000108)

kinetic : 2.159504 (0.017079)
potential : -4.334736 (0.017101)
energy : -2.175232 (0.000108)

kinetic : 2.159270 (0.017040)
potential : -4.334504 (0.017062)
energy : -2.175234 (0.000108)

kinetic : 2.159715 (0.017005)
potential : -4.334949 (0.017027)
energy : -2.175234 (0.000108)

kinetic : 2.159458 (0.016967)
potential : -4.334692 (0.016989)
energy : -2.175233 (0.000107)

kinetic : 2.159153 (0.016930)
potential : -4.334384 (0.016952)
energy : -2.175231 (0.000107)

kinetic : 2.159233 (0.016890)
potential : -4.334463 (0.016912)
energy : -2.175229 (0.000107)

kinetic : 2.159326 (0.016851)
potential : -4.334545 (0.016873)
energy : -2.175219 (0.000107)

kinetic : 2.159349 (0.016812)
potential : -4.334562 (0.016833)
energy : -2.175213 (0.000107)

kinetic : 2.161611 (0.016924)
potential : -4.336825 (0.016946)
energy : -2.175214 (0.000107)

kinetic : 2.164994 (0.017220)
potential : -4.340209 (0.017242)
energy : -2.175215 (0.000107)

kinetic : 2.164596 (0.017185)
potential : -4.339814 (0.017206)
energy : -2.175218 (0.000106)

kinetic : 2.168039 (0.017487)
potential : -4.343250 (0.017507)
energy : -2.175212 (0.000106)

kinetic : 2.169149 (0.017482)
potential : -4.344360 (0.017501)
energy : -2.175211 (0.000106)

kinetic : 2.169275 (0.017442)
potential : -4.344484 (0.017461)
energy : -2.175208 (0.000106)

kinetic : 2.169752 (0.017409)
potential : -4.344957 (0.017428)
energy : -2.175205 (0.000106)

kinetic : 2.168866 (0.017391)
potential : -4.344060 (0.017411)
energy : -2.175194 (0.000106)

kinetic : 2.168595 (0.017354)
potential : -4.343784 (0.017373)
energy : -2.175189 (0.000106)

kinetic : 2.167982 (0.017325)
potential : -4.343170 (0.017344)
energy : -2.175189 (0.000106)

kinetic : 2.167999 (0.017285)
potential : -4.343187 (0.017305)
energy : -2.175188 (0.000105)

kinetic : 2.168737 (0.017262)
potential : -4.343932 (0.017281)
energy : -2.175195 (0.000105)

kinetic : 2.169483 (0.017239)
potential : -4.344692 (0.017259)
energy : -2.175209 (0.000106)

kinetic : 2.169063 (0.017205)
potential : -4.344270 (0.017225)
energy : -2.175207 (0.000106)

kinetic : 2.169069 (0.017166)
potential : -4.344275 (0.017186)
energy : -2.175206 (0.000106)

kinetic : 2.168760 (0.017130)
potential : -4.343965 (0.017150)
energy : -2.175206 (0.000105)

kinetic : 2.168924 (0.017092)
potential : -4.344126 (0.017112)
energy : -2.175202 (0.000105)

kinetic : 2.168123 (0.017073)
potential : -4.343330 (0.017092)
energy : -2.175207 (0.000105)

kinetic : 2.166707 (0.017093)
potential : -4.341916 (0.017113)
energy : -2.175208 (0.000105)

kinetic : 2.167678 (0.017082)
potential : -4.342883 (0.017102)
energy : -2.175205 (0.000105)

kinetic : 2.167186 (0.017051)
potential : -4.342395 (0.017071)
energy : -2.175209 (0.000104)

kinetic : 2.166942 (0.017015)
potential : -4.342145 (0.017035)
energy : -2.175202 (0.000104)

kinetic : 2.167249 (0.016980)
potential : -4.342446 (0.016999)
energy : -2.175197 (0.000104)

kinetic : 2.167800 (0.016952)
potential : -4.343003 (0.016971)
energy : -2.175203 (0.000104)

kinetic : 2.167417 (0.016918)
potential : -4.342618 (0.016938)
energy : -2.175201 (0.000104)

kinetic : 2.166424 (0.016910)
potential : -4.341625 (0.016930)
energy : -2.175200 (0.000104)

kinetic : 2.166262 (0.016874)
potential : -4.341461 (0.016893)
energy : -2.175200 (0.000104)

kinetic : 2.165490 (0.016855)
potential : -4.340683 (0.016874)
energy : -2.175193 (0.000104)

kinetic : 2.165608 (0.016818)
potential : -4.340805 (0.016837)
energy : -2.175197 (0.000103)

kinetic : 2.165005 (0.016792)
potential : -4.340195 (0.016812)
energy : -2.175190 (0.000104)

kinetic : 2.165041 (0.016756)
potential : -4.340230 (0.016775)
energy : -2.175189 (0.000103)

kinetic : 2.165945 (0.016743)
potential : -4.341131 (0.016763)
energy : -2.175186 (0.000103)

kinetic : 2.164910 (0.016739)
potential : -4.340093 (0.016759)
energy : -2.175182 (0.000103)

kinetic : 2.164633 (0.016705)
potential : -4.339816 (0.016725)
energy : -2.175182 (0.000103)

kinetic : 2.164646 (0.016669)
potential : -4.339825 (0.016688)
energy : -2.175179 (0.000103)

kinetic : 2.164081 (0.016643)
potential : -4.339253 (0.016662)
energy : -2.175171 (0.000103)

kinetic : 2.163928 (0.016608)
potential : -4.339099 (0.016627)
energy : -2.175171 (0.000102)

kinetic : 2.162953 (0.016600)
potential : -4.338122 (0.016620)
energy : -2.175169 (0.000102)

kinetic : 2.162945 (0.016565)
potential : -4.338115 (0.016584)
energy : -2.175170 (0.000102)

kinetic : 2.162324 (0.016541)
potential : -4.337488 (0.016561)
energy : -2.175164 (0.000102)

kinetic : 2.162443 (0.016506)
potential : -4.337602 (0.016526)
energy : -2.175159 (0.000102)

kinetic : 2.163434 (0.016501)
potential : -4.338592 (0.016520)
energy : -2.175158 (0.000102)

kinetic : 2.164744 (0.016518)
potential : -4.339909 (0.016538)
energy : -2.175164 (0.000102)

kinetic : 2.164536 (0.016484)
potential : -4.339705 (0.016504)
energy : -2.175170 (0.000102)

kinetic : 2.163457 (0.016485)
potential : -4.338625 (0.016504)
energy : -2.175168 (0.000101)

kinetic : 2.163189 (0.016452)
potential : -4.338355 (0.016472)
energy : -2.175166 (0.000101)

kinetic : 2.163431 (0.016419)
potential : -4.338595 (0.016439)
energy : -2.175164 (0.000101)

kinetic : 2.162816 (0.016396)
potential : -4.337983 (0.016416)
energy : -2.175167 (0.000101)

kinetic : 2.163710 (0.016386)
potential : -4.338890 (0.016406)
energy : -2.175179 (0.000101)

kinetic : 2.163721 (0.016352)
potential : -4.338897 (0.016372)
energy : -2.175176 (0.000101)

kinetic : 2.165713 (0.016439)
potential : -4.340876 (0.016457)
energy : -2.175163 (0.000102)

kinetic : 2.165559 (0.016405)
potential : -4.340728 (0.016423)
energy : -2.175168 (0.000102)

kinetic : 2.164334 (0.016417)
potential : -4.339502 (0.016435)
energy : -2.175168 (0.000101)

kinetic : 2.165055 (0.016398)
potential : -4.340224 (0.016417)
energy : -2.175169 (0.000101)

kinetic : 2.164633 (0.016370)
potential : -4.339796 (0.016388)
energy : -2.175163 (0.000101)

kinetic : 2.165244 (0.016347)
potential : -4.340404 (0.016366)
energy : -2.175160 (0.000101)

kinetic : 2.166032 (0.016333)
potential : -4.341191 (0.016351)
energy : -2.175159 (0.000101)

kinetic : 2.166360 (0.016302)
potential : -4.341527 (0.016321)
energy : -2.175167 (0.000101)

kinetic : 2.166258 (0.016269)
potential : -4.341423 (0.016288)
energy : -2.175165 (0.000101)

kinetic : 2.165326 (0.016263)
potential : -4.340490 (0.016281)
energy : -2.175164 (0.000101)

kinetic : 2.165682 (0.016233)
potential : -4.340838 (0.016251)
energy : -2.175157 (0.000101)

kinetic : 2.165533 (0.016201)
potential : -4.340693 (0.016219)
energy : -2.175161 (0.000100)

kinetic : 2.165797 (0.016170)
potential : -4.340953 (0.016188)
energy : -2.175156 (0.000100)

kinetic : 2.165341 (0.016143)
potential : -4.340496 (0.016161)
energy : -2.175155 (0.000100)

kinetic : 2.164971 (0.016115)
potential : -4.340131 (0.016133)
energy : -2.175160 (0.000100)

kinetic : 2.166562 (0.016161)
potential : -4.341720 (0.016178)
energy : -2.175158 (0.000100)

kinetic : 2.166141 (0.016133)
potential : -4.341299 (0.016151)
energy : -2.175158 (0.000100)

kinetic : 2.165359 (0.016120)
potential : -4.340511 (0.016137)
energy : -2.175153 (0.000100)

kinetic : 2.164941 (0.016093)
potential : -4.340097 (0.016110)
energy : -2.175156 (0.000099)

kinetic : 2.164352 (0.016071)
potential : -4.339509 (0.016089)
energy : -2.175157 (0.000099)

kinetic : 2.163913 (0.016045)
potential : -4.339069 (0.016062)
energy : -2.175156 (0.000099)

kinetic : 2.163033 (0.016037)
potential : -4.338190 (0.016054)
energy : -2.175157 (0.000099)

kinetic : 2.162456 (0.016015)
potential : -4.337612 (0.016033)
energy : -2.175156 (0.000099)

kinetic : 2.161606 (0.016006)
potential : -4.336764 (0.016023)
energy : -2.175158 (0.000098)

kinetic : 2.161440 (0.015975)
potential : -4.336592 (0.015992)
energy : -2.175152 (0.000098)

kinetic : 2.161790 (0.015947)
potential : -4.336945 (0.015964)
energy : -2.175155 (0.000098)

kinetic : 2.161827 (0.015916)
potential : -4.336983 (0.015933)
energy : -2.175156 (0.000098)

kinetic : 2.161371 (0.015891)
potential : -4.336526 (0.015908)
energy : -2.175155 (0.000098)

kinetic : 2.160578 (0.015879)
potential : -4.335732 (0.015896)
energy : -2.175155 (0.000098)

kinetic : 2.160476 (0.015848)
potential : -4.335630 (0.015865)
energy : -2.175154 (0.000098)

kinetic : 2.160532 (0.015817)
potential : -4.335691 (0.015834)
energy : -2.175158 (0.000097)

kinetic : 2.160569 (0.015786)
potential : -4.335732 (0.015803)
energy : -2.175163 (0.000097)

kinetic : 2.159787 (0.015775)
potential : -4.334950 (0.015792)
energy : -2.175163 (0.000097)

kinetic : 2.158671 (0.015783)
potential : -4.333829 (0.015800)
energy : -2.175158 (0.000097)

kinetic : 2.157959 (0.015768)
potential : -4.333115 (0.015786)
energy : -2.175155 (0.000097)

kinetic : 2.159076 (0.015777)
potential : -4.334231 (0.015795)
energy : -2.175155 (0.000097)

kinetic : 2.158702 (0.015751)
potential : -4.333855 (0.015768)
energy : -2.175154 (0.000097)

kinetic : 2.158930 (0.015722)
potential : -4.334086 (0.015739)
energy : -2.175156 (0.000096)

kinetic : 2.158473 (0.015698)
potential : -4.333629 (0.015716)
energy : -2.175156 (0.000096)

kinetic : 2.157964 (0.015676)
potential : -4.333119 (0.015694)
energy : -2.175155 (0.000096)

kinetic : 2.158666 (0.015662)
potential : -4.333818 (0.015679)
energy : -2.175152 (0.000096)

kinetic : 2.158617 (0.015632)
potential : -4.333771 (0.015649)
energy : -2.175154 (0.000096)

kinetic : 2.158469 (0.015602)
potential : -4.333630 (0.015619)
energy : -2.175161 (0.000096)

kinetic : 2.158383 (0.015573)
potential : -4.333540 (0.015590)
energy : -2.175157 (0.000096)

kinetic : 2.157872 (0.015551)
potential : -4.333025 (0.015568)
energy : -2.175153 (0.000096)

kinetic : 2.158701 (0.015544)
potential : -4.333853 (0.015561)
energy : -2.175153 (0.000096)

kinetic : 2.158100 (0.015526)
potential : -4.333248 (0.015543)
energy : -2.175149 (0.000095)

kinetic : 2.157655 (0.015503)
potential : -4.332802 (0.015520)
energy : -2.175147 (0.000095)

kinetic : 2.157476 (0.015474)
potential : -4.332625 (0.015491)
energy : -2.175149 (0.000095)

kinetic : 2.157324 (0.015446)
potential : -4.332469 (0.015463)
energy : -2.175146 (0.000095)

kinetic : 2.157776 (0.015423)
potential : -4.332924 (0.015440)
energy : -2.175148 (0.000095)

kinetic : 2.157551 (0.015395)
potential : -4.332697 (0.015413)
energy : -2.175146 (0.000095)

kinetic : 2.157489 (0.015367)
potential : -4.332634 (0.015384)
energy : -2.175144 (0.000094)

kinetic : 2.156901 (0.015349)
potential : -4.332041 (0.015366)
energy : -2.175140 (0.000094)

kinetic : 2.156130 (0.015339)
potential : -4.331265 (0.015357)
energy : -2.175135 (0.000094)

kinetic : 2.156389 (0.015313)
potential : -4.331533 (0.015330)
energy : -2.175143 (0.000095)

kinetic : 2.156278 (0.015285)
potential : -4.331424 (0.015302)
energy : -2.175146 (0.000094)

kinetic : 2.156056 (0.015258)
potential : -4.331200 (0.015275)
energy : -2.175145 (0.000094)

kinetic : 2.156303 (0.015231)
potential : -4.331449 (0.015249)
energy : -2.175145 (0.000094)

kinetic : 2.155992 (0.015206)
potential : -4.331140 (0.015223)
energy : -2.175147 (0.000094)

kinetic : 2.155373 (0.015191)
potential : -4.330515 (0.015208)
energy : -2.175142 (0.000094)

kinetic : 2.157074 (0.015258)
potential : -4.332218 (0.015275)
energy : -2.175143 (0.000094)

kinetic : 2.156309 (0.015249)
potential : -4.331451 (0.015266)
energy : -2.175142 (0.000094)

kinetic : 2.155912 (0.015226)
potential : -4.331058 (0.015243)
energy : -2.175146 (0.000093)

kinetic : 2.155892 (0.015198)
potential : -4.331029 (0.015215)
energy : -2.175136 (0.000094)

kinetic : 2.156051 (0.015170)
potential : -4.331188 (0.015188)
energy : -2.175136 (0.000094)

kinetic : 2.156528 (0.015150)
potential : -4.331662 (0.015167)
energy : -2.175134 (0.000093)

kinetic : 2.155473 (0.015159)
potential : -4.330603 (0.015176)
energy : -2.175131 (0.000093)

kinetic : 2.156176 (0.015148)
potential : -4.331301 (0.015165)
energy : -2.175125 (0.000093)

kinetic : 2.156364 (0.015121)
potential : -4.331485 (0.015138)
energy : -2.175121 (0.000093)

kinetic : 2.155914 (0.015100)
potential : -4.331028 (0.015117)
energy : -2.175114 (0.000093)

kinetic : 2.156386 (0.015080)
potential : -4.331500 (0.015097)
energy : -2.175114 (0.000093)

kinetic : 2.156588 (0.015054)
potential : -4.331701 (0.015071)
energy : -2.175113 (0.000093)

kinetic : 2.156574 (0.015027)
potential : -4.331681 (0.015044)
energy : -2.175107 (0.000093)

kinetic : 2.158155 (0.015083)
potential : -4.333272 (0.015101)
energy : -2.175116 (0.000093)

kinetic : 2.157351 (0.015077)
potential : -4.332472 (0.015095)
energy : -2.175120 (0.000093)

kinetic : 2.157984 (0.015063)
potential : -4.333104 (0.015081)
energy : -2.175121 (0.000093)

kinetic : 2.159172 (0.015083)
potential : -4.334289 (0.015100)
energy : -2.175117 (0.000093)

kinetic : 2.158856 (0.015059)
potential : -4.333971 (0.015076)
energy : -2.175115 (0.000093)

kinetic : 2.158891 (0.015032)
potential : -4.334009 (0.015049)
energy : -2.175118 (0.000093)

kinetic : 2.158444 (0.015012)
potential : -4.333558 (0.015029)
energy : -2.175114 (0.000093)

kinetic : 2.158215 (0.014987)
potential : -4.333335 (0.015004)
energy : -2.175120 (0.000093)

kinetic : 2.160097 (0.015078)
potential : -4.335218 (0.015095)
energy : -2.175121 (0.000092)

kinetic : 2.159599 (0.015059)
potential : -4.334717 (0.015076)
energy : -2.175118 (0.000092)

kinetic : 2.159738 (0.015033)
potential : -4.334856 (0.015050)
energy : -2.175118 (0.000092)

kinetic : 2.160290 (0.015017)
potential : -4.335409 (0.015034)
energy : -2.175119 (0.000092)

kinetic : 2.159719 (0.015001)
potential : -4.334831 (0.015018)
energy : -2.175112 (0.000092)

kinetic : 2.160453 (0.014992)
potential : -4.335573 (0.015010)
energy : -2.175120 (0.000092)

kinetic : 2.159627 (0.014989)
potential : -4.334743 (0.015007)
energy : -2.175116 (0.000092)

kinetic : 2.160222 (0.014974)
potential : -4.335340 (0.014992)
energy : -2.175117 (0.000092)

kinetic : 2.159786 (0.014954)
potential : -4.334900 (0.014972)
energy : -2.175114 (0.000092)

kinetic : 2.160493 (0.014945)
potential : -4.335618 (0.014963)
energy : -2.175124 (0.000092)

kinetic : 2.160114 (0.014923)
potential : -4.335242 (0.014942)
energy : -2.175128 (0.000092)

kinetic : 2.159118 (0.014931)
potential : -4.334245 (0.014949)
energy : -2.175127 (0.000092)

kinetic : 2.159806 (0.014920)
potential : -4.334934 (0.014938)
energy : -2.175128 (0.000092)

kinetic : 2.159523 (0.014897)
potential : -4.334651 (0.014915)
energy : -2.175127 (0.000092)

kinetic : 2.161543 (0.015008)
potential : -4.336673 (0.015026)
energy : -2.175130 (0.000092)

kinetic : 2.161340 (0.014983)
potential : -4.336471 (0.015001)
energy : -2.175131 (0.000091)

kinetic : 2.161449 (0.014957)
potential : -4.336579 (0.014975)
energy : -2.175130 (0.000091)

kinetic : 2.160712 (0.014950)
potential : -4.335841 (0.014968)
energy : -2.175130 (0.000091)

kinetic : 2.160631 (0.014924)
potential : -4.335764 (0.014942)
energy : -2.175133 (0.000091)

kinetic : 2.160915 (0.014901)
potential : -4.336050 (0.014919)
energy : -2.175135 (0.000091)

kinetic : 2.160408 (0.014884)
potential : -4.335542 (0.014902)
energy : -2.175134 (0.000091)

kinetic : 2.160323 (0.014859)
potential : -4.335452 (0.014877)
energy : -2.175129 (0.000091)

kinetic : 2.160992 (0.014848)
potential : -4.336118 (0.014866)
energy : -2.175126 (0.000091)

kinetic : 2.160438 (0.014833)
potential : -4.335564 (0.014851)
energy : -2.175127 (0.000091)

kinetic : 2.161242 (0.014829)
potential : -4.336367 (0.014847)
energy : -2.175125 (0.000090)

kinetic : 2.161147 (0.014804)
potential : -4.336268 (0.014822)
energy : -2.175121 (0.000090)

kinetic : 2.160478 (0.014794)
potential : -4.335605 (0.014812)
energy : -2.175127 (0.000090)

kinetic : 2.160356 (0.014770)
potential : -4.335484 (0.014787)
energy : -2.175128 (0.000090)

kinetic : 2.159631 (0.014762)
potential : -4.334759 (0.014780)
energy : -2.175128 (0.000090)

kinetic : 2.159658 (0.014737)
potential : -4.334797 (0.014755)
energy : -2.175139 (0.000091)

kinetic : 2.159318 (0.014716)
potential : -4.334457 (0.014734)
energy : -2.175138 (0.000090)

kinetic : 2.159253 (0.014692)
potential : -4.334392 (0.014709)
energy : -2.175139 (0.000090)

kinetic : 2.162772 (0.015083)
potential : -4.337913 (0.015100)
energy : -2.175141 (0.000090)

kinetic : 2.162153 (0.015070)
potential : -4.337295 (0.015087)
energy : -2.175142 (0.000090)

kinetic : 2.161315 (0.015068)
potential : -4.336451 (0.015086)
energy : -2.175136 (0.000090)

kinetic : 2.161067 (0.015045)
potential : -4.336197 (0.015062)
energy : -2.175130 (0.000090)

kinetic : 2.160353 (0.015037)
potential : -4.335480 (0.015054)
energy : -2.175127 (0.000090)

kinetic : 2.160319 (0.015012)
potential : -4.335445 (0.015029)
energy : -2.175127 (0.000090)

kinetic : 2.159761 (0.014997)
potential : -4.334882 (0.015015)
energy : -2.175121 (0.000090)

kinetic : 2.159653 (0.014972)
potential : -4.334771 (0.014990)
energy : -2.175117 (0.000090)

kinetic : 2.159900 (0.014950)
potential : -4.335022 (0.014967)
energy : -2.175122 (0.000090)

kinetic : 2.159820 (0.014925)
potential : -4.334943 (0.014942)
energy : -2.175123 (0.000090)

kinetic : 2.159535 (0.014903)
potential : -4.334660 (0.014920)
energy : -2.175124 (0.000089)

kinetic : 2.159748 (0.014880)
potential : -4.334872 (0.014897)
energy : -2.175124 (0.000089)

kinetic : 2.159913 (0.014856)
potential : -4.335036 (0.014873)
energy : -2.175123 (0.000089)

kinetic : 2.160512 (0.014844)
potential : -4.335635 (0.014861)
energy : -2.175123 (0.000089)

kinetic : 2.160342 (0.014820)
potential : -4.335463 (0.014837)
energy : -2.175121 (0.000089)

kinetic : 2.160351 (0.014796)
potential : -4.335469 (0.014813)
energy : -2.175118 (0.000089)

kinetic : 2.160433 (0.014772)
potential : -4.335548 (0.014789)
energy : -2.175115 (0.000089)

kinetic : 2.160049 (0.014752)
potential : -4.335163 (0.014769)
energy : -2.175114 (0.000088)

kinetic : 2.159530 (0.014737)
potential : -4.334641 (0.014755)
energy : -2.175111 (0.000088)

kinetic : 2.159457 (0.014713)
potential : -4.334572 (0.014731)
energy : -2.175115 (0.000088)

kinetic : 2.159415 (0.014689)
potential : -4.334531 (0.014707)
energy : -2.175116 (0.000088)

kinetic : 2.159429 (0.014666)
potential : -4.334551 (0.014683)
energy : -2.175121 (0.000088)

kinetic : 2.159436 (0.014642)
potential : -4.334560 (0.014659)
energy : -2.175124 (0.000088)

kinetic : 2.159491 (0.014618)
potential : -4.334615 (0.014635)
energy : -2.175125 (0.000088)

kinetic : 2.160030 (0.014604)
potential : -4.335156 (0.014621)
energy : -2.175126 (0.000088)

kinetic : 2.159363 (0.014596)
potential : -4.334486 (0.014613)
energy : -2.175124 (0.000088)

kinetic : 2.159783 (0.014578)
potential : -4.334908 (0.014595)
energy : -2.175125 (0.000088)

kinetic : 2.159431 (0.014559)
potential : -4.334553 (0.014576)
energy : -2.175121 (0.000088)

kinetic : 2.158980 (0.014543)
potential : -4.334096 (0.014560)
energy : -2.175116 (0.000088)

kinetic : 2.158815 (0.014520)
potential : -4.333934 (0.014537)
energy : -2.175119 (0.000087)

kinetic : 2.158364 (0.014504)
potential : -4.333482 (0.014521)
energy : -2.175118 (0.000087)

kinetic : 2.158179 (0.014482)
potential : -4.333300 (0.014499)
energy : -2.175120 (0.000087)

kinetic : 2.158541 (0.014463)
potential : -4.333663 (0.014480)
energy : -2.175121 (0.000087)

kinetic : 2.157818 (0.014458)
potential : -4.332942 (0.014475)
energy : -2.175124 (0.000087)

kinetic : 2.157770 (0.014435)
potential : -4.332892 (0.014452)
energy : -2.175122 (0.000087)

kinetic : 2.158297 (0.014422)
potential : -4.333416 (0.014439)
energy : -2.175120 (0.000087)

kinetic : 2.158121 (0.014400)
potential : -4.333238 (0.014417)
energy : -2.175118 (0.000087)

kinetic : 2.158012 (0.014377)
potential : -4.333128 (0.014394)
energy : -2.175116 (0.000087)

kinetic : 2.157281 (0.014373)
potential : -4.332400 (0.014390)
energy : -2.175119 (0.000086)

kinetic : 2.156886 (0.014356)
potential : -4.332002 (0.014373)
energy : -2.175116 (0.000086)

kinetic : 2.156441 (0.014340)
potential : -4.331553 (0.014357)
energy : -2.175113 (0.000086)

kinetic : 2.156804 (0.014322)
potential : -4.331916 (0.014339)
energy : -2.175112 (0.000086)

kinetic : 2.157336 (0.014309)
potential : -4.332452 (0.014326)
energy : -2.175116 (0.000086)

kinetic : 2.158975 (0.014380)
potential : -4.334090 (0.014397)
energy : -2.175115 (0.000086)

kinetic : 2.159136 (0.014359)
potential : -4.334251 (0.014375)
energy : -2.175115 (0.000086)

kinetic : 2.158525 (0.014349)
potential : -4.333644 (0.014366)
energy : -2.175119 (0.000086)

kinetic : 2.158494 (0.014327)
potential : -4.333614 (0.014343)
energy : -2.175120 (0.000086)

kinetic : 2.158739 (0.014307)
potential : -4.333858 (0.014323)
energy : -2.175120 (0.000085)

kinetic : 2.158325 (0.014290)
potential : -4.333444 (0.014307)
energy : -2.175118 (0.000085)

kinetic : 2.158122 (0.014269)
potential : -4.333246 (0.014286)
energy : -2.175124 (0.000085)

kinetic : 2.163196 (0.015124)
potential : -4.338325 (0.015141)
energy : -2.175129 (0.000085)

kinetic : 2.163454 (0.015102)
potential : -4.338581 (0.015119)
energy : -2.175126 (0.000085)

kinetic : 2.162781 (0.015094)
potential : -4.337910 (0.015111)
energy : -2.175129 (0.000085)

kinetic : 2.162513 (0.015073)
potential : -4.337641 (0.015090)
energy : -2.175129 (0.000085)

kinetic : 2.162292 (0.015051)
potential : -4.337418 (0.015068)
energy : -2.175126 (0.000085)

kinetic : 2.162941 (0.015042)
potential : -4.338066 (0.015059)
energy : -2.175124 (0.000085)

kinetic : 2.162562 (0.015024)
potential : -4.337688 (0.015040)
energy : -2.175126 (0.000085)

kinetic : 2.162038 (0.015010)
potential : -4.337165 (0.015026)
energy : -2.175127 (0.000085)

kinetic : 2.162256 (0.014988)
potential : -4.337377 (0.015005)
energy : -2.175122 (0.000085)

kinetic : 2.162198 (0.014965)
potential : -4.337317 (0.014982)
energy : -2.175120 (0.000085)

kinetic : 2.161664 (0.014952)
potential : -4.336779 (0.014968)
energy : -2.175116 (0.000085)

kinetic : 2.162915 (0.014981)
potential : -4.338037 (0.014998)
energy : -2.175121 (0.000085)

kinetic : 2.162820 (0.014959)
potential : -4.337942 (0.014976)
energy : -2.175122 (0.000084)

kinetic : 2.163019 (0.014937)
potential : -4.338141 (0.014954)
energy : -2.175122 (0.000084)

kinetic : 2.163287 (0.014917)
potential : -4.338407 (0.014934)
energy : -2.175120 (0.000084)

kinetic : 2.162878 (0.014900)
potential : -4.337997 (0.014917)
energy : -2.175119 (0.000084)

kinetic : 2.163247 (0.014882)
potential : -4.338367 (0.014899)
energy : -2.175120 (0.000084)

kinetic : 2.162966 (0.014862)
potential : -4.338085 (0.014879)
energy : -2.175120 (0.000084)

kinetic : 2.162308 (0.014854)
potential : -4.337424 (0.014871)
energy : -2.175116 (0.000084)

kinetic : 2.162493 (0.014833)
potential : -4.337610 (0.014850)
energy : -2.175117 (0.000084)

kinetic : 2.162199 (0.014813)
potential : -4.337313 (0.014830)
energy : -2.175114 (0.000084)

kinetic : 2.162138 (0.014791)
potential : -4.337253 (0.014808)
energy : -2.175115 (0.000084)

kinetic : 2.161419 (0.014786)
potential : -4.336534 (0.014803)
energy : -2.175115 (0.000083)

kinetic : 2.161181 (0.014766)
potential : -4.336295 (0.014783)
energy : -2.175114 (0.000083)

kinetic : 2.161011 (0.014745)
potential : -4.336129 (0.014761)
energy : -2.175118 (0.000083)

kinetic : 2.161144 (0.014723)
potential : -4.336266 (0.014740)
energy : -2.175122 (0.000083)

kinetic : 2.161216 (0.014701)
potential : -4.336343 (0.014718)
energy : -2.175127 (0.000083)

kinetic : 2.161082 (0.014680)
potential : -4.336211 (0.014697)
energy : -2.175128 (0.000083)

kinetic : 2.160753 (0.014662)
potential : -4.335877 (0.014679)
energy : -2.175124 (0.000083)

kinetic : 2.162034 (0.014696)
potential : -4.337168 (0.014714)
energy : -2.175135 (0.000084)

kinetic : 2.162853 (0.014697)
potential : -4.337989 (0.014715)
energy : -2.175136 (0.000084)

kinetic : 2.162682 (0.014676)
potential : -4.337820 (0.014694)
energy : -2.175137 (0.000084)

kinetic : 2.162942 (0.014657)
potential : -4.338079 (0.014674)
energy : -2.175137 (0.000083)

kinetic : 2.162355 (0.014647)
potential : -4.337489 (0.014664)
energy : -2.175134 (0.000083)

kinetic : 2.162404 (0.014625)
potential : -4.337537 (0.014643)
energy : -2.175133 (0.000083)

kinetic : 2.161764 (0.014618)
potential : -4.336893 (0.014635)
energy : -2.175129 (0.000083)

kinetic : 2.161856 (0.014596)
potential : -4.336986 (0.014614)
energy : -2.175130 (0.000083)

kinetic : 2.161833 (0.014575)
potential : -4.336965 (0.014593)
energy : -2.175132 (0.000083)

kinetic : 2.161195 (0.014567)
potential : -4.336325 (0.014585)
energy : -2.175130 (0.000083)

kinetic : 2.161178 (0.014546)
potential : -4.336311 (0.014564)
energy : -2.175133 (0.000083)

kinetic : 2.161153 (0.014525)
potential : -4.336284 (0.014543)
energy : -2.175131 (0.000083)

kinetic : 2.161070 (0.014504)
potential : -4.336206 (0.014521)
energy : -2.175136 (0.000083)

kinetic : 2.161549 (0.014491)
potential : -4.336684 (0.014508)
energy : -2.175134 (0.000083)

kinetic : 2.161346 (0.014471)
potential : -4.336479 (0.014488)
energy : -2.175133 (0.000083)

kinetic : 2.161852 (0.014459)
potential : -4.336990 (0.014476)
energy : -2.175138 (0.000083)

kinetic : 2.161675 (0.014439)
potential : -4.336812 (0.014456)
energy : -2.175137 (0.000082)

kinetic : 2.161165 (0.014427)
potential : -4.336310 (0.014444)
energy : -2.175144 (0.000083)

kinetic : 2.160569 (0.014418)
potential : -4.335712 (0.014436)
energy : -2.175143 (0.000083)

kinetic : 2.161158 (0.014409)
potential : -4.336297 (0.014426)
energy : -2.175139 (0.000083)

kinetic : 2.161118 (0.014389)
potential : -4.336258 (0.014406)
energy : -2.175139 (0.000082)

kinetic : 2.160469 (0.014382)
potential : -4.335613 (0.014399)
energy : -2.175145 (0.000082)

kinetic : 2.160559 (0.014362)
potential : -4.335704 (0.014379)
energy : -2.175145 (0.000082)

kinetic : 2.160189 (0.014346)
potential : -4.335333 (0.014363)
energy : -2.175145 (0.000082)

kinetic : 2.159926 (0.014328)
potential : -4.335071 (0.014345)
energy : -2.175145 (0.000082)

kinetic : 2.160357 (0.014314)
potential : -4.335499 (0.014330)
energy : -2.175142 (0.000082)

kinetic : 2.160675 (0.014297)
potential : -4.335820 (0.014314)
energy : -2.175145 (0.000082)

kinetic : 2.160238 (0.014283)
potential : -4.335381 (0.014300)
energy : -2.175143 (0.000082)

kinetic : 2.160353 (0.014263)
potential : -4.335492 (0.014280)
energy : -2.175139 (0.000082)

kinetic : 2.160312 (0.014243)
potential : -4.335450 (0.014259)
energy : -2.175138 (0.000082)

kinetic : 2.159747 (0.014234)
potential : -4.334884 (0.014250)
energy : -2.175137 (0.000082)

kinetic : 2.159398 (0.014218)
potential : -4.334537 (0.014234)
energy : -2.175140 (0.000082)

kinetic : 2.158908 (0.014206)
potential : -4.334048 (0.014222)
energy : -2.175140 (0.000081)

kinetic : 2.158455 (0.014193)
potential : -4.333599 (0.014209)
energy : -2.175144 (0.000081)

kinetic : 2.161649 (0.014528)
potential : -4.336793 (0.014544)
energy : -2.175144 (0.000081)

kinetic : 2.160814 (0.014532)
potential : -4.335953 (0.014548)
energy : -2.175139 (0.000081)

kinetic : 2.160964 (0.014512)
potential : -4.336103 (0.014528)
energy : -2.175139 (0.000081)

kinetic : 2.161384 (0.014498)
potential : -4.336521 (0.014514)
energy : -2.175137 (0.000081)

kinetic : 2.160997 (0.014482)
potential : -4.336129 (0.014499)
energy : -2.175132 (0.000081)

kinetic : 2.160850 (0.014463)
potential : -4.335983 (0.014479)
energy : -2.175133 (0.000081)

kinetic : 2.160583 (0.014445)
potential : -4.335718 (0.014461)
energy : -2.175135 (0.000081)

kinetic : 2.160617 (0.014425)
potential : -4.335750 (0.014441)
energy : -2.175133 (0.000081)

kinetic : 2.160839 (0.014406)
potential : -4.335975 (0.014422)
energy : -2.175136 (0.000081)

kinetic : 2.160408 (0.014392)
potential : -4.335545 (0.014408)
energy : -2.175137 (0.000081)

kinetic : 2.159894 (0.014381)
potential : -4.335029 (0.014398)
energy : -2.175135 (0.000081)

kinetic : 2.160309 (0.014367)
potential : -4.335449 (0.014384)
energy : -2.175140 (0.000081)

kinetic : 2.160538 (0.014349)
potential : -4.335675 (0.014365)
energy : -2.175137 (0.000081)

kinetic : 2.160510 (0.014329)
potential : -4.335648 (0.014345)
energy : -2.175138 (0.000081)

kinetic : 2.160275 (0.014311)
potential : -4.335417 (0.014327)
energy : -2.175143 (0.000081)

kinetic : 2.159985 (0.014294)
potential : -4.335126 (0.014310)
energy : -2.175142 (0.000080)

kinetic : 2.160106 (0.014275)
potential : -4.335246 (0.014291)
energy : -2.175141 (0.000080)

kinetic : 2.159777 (0.014259)
potential : -4.334916 (0.014275)
energy : -2.175139 (0.000080)

kinetic : 2.159719 (0.014239)
potential : -4.334858 (0.014255)
energy : -2.175139 (0.000080)

kinetic : 2.159444 (0.014222)
potential : -4.334590 (0.014238)
energy : -2.175145 (0.000080)

kinetic : 2.158868 (0.014214)
potential : -4.334010 (0.014231)
energy : -2.175142 (0.000080)

kinetic : 2.158755 (0.014195)
potential : -4.333897 (0.014211)
energy : -2.175142 (0.000080)

kinetic : 2.158258 (0.014185)
potential : -4.333397 (0.014201)
energy : -2.175139 (0.000080)

kinetic : 2.158057 (0.014166)
potential : -4.333193 (0.014183)
energy : -2.175136 (0.000080)

kinetic : 2.158163 (0.014147)
potential : -4.333298 (0.014164)
energy : -2.175135 (0.000080)

kinetic : 2.157707 (0.014135)
potential : -4.332842 (0.014152)
energy : -2.175136 (0.000080)

kinetic : 2.157595 (0.014117)
potential : -4.332731 (0.014133)
energy : -2.175136 (0.000080)

kinetic : 2.157636 (0.014097)
potential : -4.332772 (0.014113)
energy : -2.175136 (0.000080)

kinetic : 2.157415 (0.014080)
potential : -4.332551 (0.014096)
energy : -2.175136 (0.000080)

kinetic : 2.158155 (0.014080)
potential : -4.333290 (0.014096)
energy : -2.175135 (0.000079)

kinetic : 2.157682 (0.014069)
potential : -4.332819 (0.014085)
energy : -2.175136 (0.000079)

kinetic : 2.157377 (0.014053)
potential : -4.332508 (0.014069)
energy : -2.175131 (0.000079)

kinetic : 2.157751 (0.014039)
potential : -4.332881 (0.014055)
energy : -2.175130 (0.000079)

kinetic : 2.157283 (0.014028)
potential : -4.332411 (0.014044)
energy : -2.175128 (0.000079)

kinetic : 2.157553 (0.014011)
potential : -4.332678 (0.014027)
energy : -2.175125 (0.000079)

kinetic : 2.156975 (0.014004)
potential : -4.332097 (0.014020)
energy : -2.175121 (0.000079)

kinetic : 2.157126 (0.013986)
potential : -4.332259 (0.014003)
energy : -2.175133 (0.000080)

kinetic : 2.156576 (0.013978)
potential : -4.331708 (0.013994)
energy : -2.175132 (0.000080)

kinetic : 2.156181 (0.013965)
potential : -4.331311 (0.013981)
energy : -2.175130 (0.000080)

kinetic : 2.156318 (0.013947)
potential : -4.331449 (0.013963)
energy : -2.175131 (0.000080)

kinetic : 2.155864 (0.013936)
potential : -4.330992 (0.013952)
energy : -2.175128 (0.000080)

kinetic : 2.155697 (0.013918)
potential : -4.330827 (0.013934)
energy : -2.175129 (0.000080)

kinetic : 2.156007 (0.013903)
potential : -4.331132 (0.013919)
energy : -2.175125 (0.000080)

kinetic : 2.156376 (0.013889)
potential : -4.331499 (0.013905)
energy : -2.175123 (0.000079)

kinetic : 2.156586 (0.013872)
potential : -4.331710 (0.013888)
energy : -2.175125 (0.000079)

kinetic : 2.155870 (0.013872)
potential : -4.330990 (0.013888)
energy : -2.175120 (0.000079)

kinetic : 2.155827 (0.013854)
potential : -4.330948 (0.013870)
energy : -2.175121 (0.000079)

kinetic : 2.155554 (0.013838)
potential : -4.330674 (0.013854)
energy : -2.175120 (0.000079)

kinetic : 2.155316 (0.013822)
potential : -4.330433 (0.013838)
energy : -2.175116 (0.000079)

kinetic : 2.154622 (0.013821)
potential : -4.329741 (0.013837)
energy : -2.175119 (0.000079)

kinetic : 2.154927 (0.013806)
potential : -4.330049 (0.013822)
energy : -2.175122 (0.000079)

kinetic : 2.155055 (0.013788)
potential : -4.330179 (0.013804)
energy : -2.175123 (0.000079)

kinetic : 2.154977 (0.013770)
potential : -4.330098 (0.013787)
energy : -2.175121 (0.000079)

kinetic : 2.155126 (0.013753)
potential : -4.330248 (0.013769)
energy : -2.175122 (0.000079)

kinetic : 2.155036 (0.013735)
potential : -4.330158 (0.013751)
energy : -2.175122 (0.000079)

kinetic : 2.154729 (0.013721)
potential : -4.329852 (0.013737)
energy : -2.175123 (0.000079)

kinetic : 2.155842 (0.013748)
potential : -4.330963 (0.013764)
energy : -2.175121 (0.000079)

kinetic : 2.155608 (0.013732)
potential : -4.330728 (0.013747)
energy : -2.175120 (0.000078)

kinetic : 2.155461 (0.013715)
potential : -4.330580 (0.013730)
energy : -2.175119 (0.000078)

kinetic : 2.155508 (0.013697)
potential : -4.330624 (0.013712)
energy : -2.175116 (0.000078)

kinetic : 2.155116 (0.013684)
potential : -4.330235 (0.013700)
energy : -2.175120 (0.000078)

kinetic : 2.155024 (0.013667)
potential : -4.330149 (0.013682)
energy : -2.175125 (0.000078)

kinetic : 2.155272 (0.013651)
potential : -4.330395 (0.013667)
energy : -2.175123 (0.000078)

kinetic : 2.155883 (0.013647)
potential : -4.331005 (0.013663)
energy : -2.175122 (0.000078)

kinetic : 2.155803 (0.013630)
potential : -4.330930 (0.013645)
energy : -2.175127 (0.000078)

kinetic : 2.155730 (0.013612)
potential : -4.330854 (0.013628)
energy : -2.175124 (0.000078)

kinetic : 2.156036 (0.013598)
potential : -4.331162 (0.013613)
energy : -2.175126 (0.000078)

kinetic : 2.155766 (0.013583)
potential : -4.330892 (0.013598)
energy : -2.175127 (0.000078)

kinetic : 2.155710 (0.013566)
potential : -4.330834 (0.013581)
energy : -2.175125 (0.000078)

kinetic : 2.155058 (0.013564)
potential : -4.330179 (0.013579)
energy : -2.175121 (0.000078)

kinetic : 2.154988 (0.013546)
potential : -4.330110 (0.013562)
energy : -2.175122 (0.000078)

kinetic : 2.155530 (0.013540)
potential : -4.330649 (0.013555)
energy : -2.175120 (0.000078)

kinetic : 2.155226 (0.013526)
potential : -4.330341 (0.013541)
energy : -2.175116 (0.000078)

kinetic : 2.154995 (0.013510)
potential : -4.330109 (0.013526)
energy : -2.175113 (0.000078)

kinetic : 2.154706 (0.013496)
potential : -4.329819 (0.013512)
energy : -2.175113 (0.000078)

kinetic : 2.154759 (0.013479)
potential : -4.329869 (0.013494)
energy : -2.175110 (0.000078)

kinetic : 2.155398 (0.013477)
potential : -4.330506 (0.013492)
energy : -2.175108 (0.000077)

kinetic : 2.155747 (0.013464)
potential : -4.330857 (0.013480)
energy : -2.175110 (0.000077)

kinetic : 2.156169 (0.013454)
potential : -4.331276 (0.013469)
energy : -2.175107 (0.000077)

kinetic : 2.155939 (0.013439)
potential : -4.331046 (0.013454)
energy : -2.175107 (0.000077)

kinetic : 2.155670 (0.013424)
potential : -4.330780 (0.013439)
energy : -2.175110 (0.000077)

kinetic : 2.155572 (0.013407)
potential : -4.330683 (0.013422)
energy : -2.175111 (0.000077)

kinetic : 2.156264 (0.013408)
potential : -4.331378 (0.013423)
energy : -2.175114 (0.000077)

kinetic : 2.156122 (0.013392)
potential : -4.331233 (0.013407)
energy : -2.175111 (0.000077)

kinetic : 2.156464 (0.013379)
potential : -4.331578 (0.013395)
energy : -2.175114 (0.000077)

kinetic : 2.156469 (0.013363)
potential : -4.331584 (0.013378)
energy : -2.175115 (0.000077)

kinetic : 2.156546 (0.013346)
potential : -4.331666 (0.013361)
energy : -2.175120 (0.000077)

kinetic : 2.156746 (0.013330)
potential : -4.331864 (0.013346)
energy : -2.175118 (0.000077)

kinetic : 2.156302 (0.013321)
potential : -4.331415 (0.013336)
energy : -2.175113 (0.000077)

kinetic : 2.155876 (0.013311)
potential : -4.330988 (0.013326)
energy : -2.175113 (0.000077)

kinetic : 2.156090 (0.013296)
potential : -4.331204 (0.013311)
energy : -2.175115 (0.000077)

kinetic : 2.156076 (0.013279)
potential : -4.331193 (0.013295)
energy : -2.175117 (0.000077)

kinetic : 2.155582 (0.013272)
potential : -4.330702 (0.013287)
energy : -2.175120 (0.000077)

kinetic : 2.155043 (0.013266)
potential : -4.330162 (0.013281)
energy : -2.175119 (0.000077)

kinetic : 2.155053 (0.013250)
potential : -4.330173 (0.013265)
energy : -2.175120 (0.000077)

kinetic : 2.155094 (0.013233)
potential : -4.330213 (0.013248)
energy : -2.175119 (0.000076)

kinetic : 2.154580 (0.013227)
potential : -4.329697 (0.013242)
energy : -2.175117 (0.000076)

kinetic : 2.154369 (0.013212)
potential : -4.329482 (0.013227)
energy : -2.175113 (0.000076)

kinetic : 2.154421 (0.013196)
potential : -4.329532 (0.013211)
energy : -2.175110 (0.000076)

kinetic : 2.155328 (0.013210)
potential : -4.330437 (0.013225)
energy : -2.175109 (0.000076)

kinetic : 2.155566 (0.013196)
potential : -4.330671 (0.013211)
energy : -2.175105 (0.000076)

kinetic : 2.155332 (0.013182)
potential : -4.330438 (0.013197)
energy : -2.175106 (0.000076)

kinetic : 2.154887 (0.013173)
potential : -4.329996 (0.013188)
energy : -2.175109 (0.000076)

kinetic : 2.154983 (0.013157)
potential : -4.330093 (0.013172)
energy : -2.175110 (0.000076)

kinetic : 2.155241 (0.013143)
potential : -4.330351 (0.013158)
energy : -2.175111 (0.000076)

kinetic : 2.155042 (0.013129)
potential : -4.330150 (0.013143)
energy : -2.175107 (0.000076)

kinetic : 2.155047 (0.013112)
potential : -4.330155 (0.013127)
energy : -2.175107 (0.000076)

kinetic : 2.154719 (0.013100)
potential : -4.329825 (0.013115)
energy : -2.175106 (0.000076)

kinetic : 2.155733 (0.013124)
potential : -4.330840 (0.013138)
energy : -2.175106 (0.000076)

kinetic : 2.155737 (0.013107)
potential : -4.330848 (0.013122)
energy : -2.175111 (0.000076)

kinetic : 2.155180 (0.013103)
potential : -4.330287 (0.013118)
energy : -2.175107 (0.000076)

kinetic : 2.154918 (0.013090)
potential : -4.330025 (0.013105)
energy : -2.175107 (0.000076)

kinetic : 2.155097 (0.013075)
potential : -4.330203 (0.013090)
energy : -2.175106 (0.000076)

kinetic : 2.154770 (0.013063)
potential : -4.329873 (0.013078)
energy : -2.175102 (0.000076)

kinetic : 2.155423 (0.013063)
potential : -4.330526 (0.013078)
energy : -2.175103 (0.000075)

kinetic : 2.155546 (0.013048)
potential : -4.330656 (0.013063)
energy : -2.175110 (0.000076)

kinetic : 2.155220 (0.013036)
potential : -4.330328 (0.013051)
energy : -2.175108 (0.000076)

kinetic : 2.155828 (0.013035)
potential : -4.330937 (0.013050)
energy : -2.175108 (0.000076)

kinetic : 2.156089 (0.013022)
potential : -4.331193 (0.013036)
energy : -2.175105 (0.000076)

kinetic : 2.156113 (0.013006)
potential : -4.331220 (0.013020)
energy : -2.175107 (0.000075)

kinetic : 2.156527 (0.012997)
potential : -4.331631 (0.013011)
energy : -2.175104 (0.000075)

kinetic : 2.158707 (0.013163)
potential : -4.333810 (0.013177)
energy : -2.175103 (0.000075)

kinetic : 2.158101 (0.013161)
potential : -4.333203 (0.013175)
energy : -2.175101 (0.000075)

kinetic : 2.158196 (0.013145)
potential : -4.333300 (0.013160)
energy : -2.175104 (0.000075)

kinetic : 2.157816 (0.013135)
potential : -4.332918 (0.013149)
energy : -2.175102 (0.000075)

kinetic : 2.158115 (0.013122)
potential : -4.333218 (0.013137)
energy : -2.175103 (0.000075)

kinetic : 2.158049 (0.013107)
potential : -4.333157 (0.013121)
energy : -2.175108 (0.000075)

kinetic : 2.158067 (0.013091)
potential : -4.333175 (0.013105)
energy : -2.175108 (0.000075)

kinetic : 2.159118 (0.013117)
potential : -4.334224 (0.013132)
energy : -2.175106 (0.000075)

kinetic : 2.159274 (0.013103)
potential : -4.334379 (0.013117)
energy : -2.175105 (0.000075)

kinetic : 2.159209 (0.013087)
potential : -4.334319 (0.013101)
energy : -2.175110 (0.000075)

kinetic : 2.159182 (0.013072)
potential : -4.334293 (0.013086)
energy : -2.175110 (0.000075)

kinetic : 2.159463 (0.013059)
potential : -4.334574 (0.013073)
energy : -2.175111 (0.000075)

kinetic : 2.159215 (0.013046)
potential : -4.334324 (0.013060)
energy : -2.175109 (0.000075)

kinetic : 2.159013 (0.013032)
potential : -4.334121 (0.013046)
energy : -2.175108 (0.000075)

kinetic : 2.159553 (0.013027)
potential : -4.334657 (0.013041)
energy : -2.175104 (0.000075)

kinetic : 2.159254 (0.013015)
potential : -4.334363 (0.013029)
energy : -2.175109 (0.000075)

kinetic : 2.159094 (0.013001)
potential : -4.334203 (0.013015)
energy : -2.175109 (0.000075)

kinetic : 2.159120 (0.012986)
potential : -4.334229 (0.012999)
energy : -2.175108 (0.000075)

kinetic : 2.158919 (0.012972)
potential : -4.334029 (0.012985)
energy : -2.175109 (0.000075)

kinetic : 2.158817 (0.012957)
potential : -4.333931 (0.012970)
energy : -2.175113 (0.000075)

kinetic : 2.158722 (0.012942)
potential : -4.333835 (0.012955)
energy : -2.175113 (0.000074)

kinetic : 2.158595 (0.012927)
potential : -4.333704 (0.012941)
energy : -2.175109 (0.000074)

kinetic : 2.158311 (0.012915)
potential : -4.333416 (0.012929)
energy : -2.175106 (0.000074)

kinetic : 2.158155 (0.012901)
potential : -4.333256 (0.012915)
energy : -2.175101 (0.000075)

kinetic : 2.157695 (0.012894)
potential : -4.332798 (0.012908)
energy : -2.175103 (0.000074)

kinetic : 2.157349 (0.012883)
potential : -4.332452 (0.012897)
energy : -2.175103 (0.000074)

kinetic : 2.156973 (0.012874)
potential : -4.332076 (0.012887)
energy : -2.175103 (0.000074)

kinetic : 2.156456 (0.012869)
potential : -4.331555 (0.012883)
energy : -2.175099 (0.000074)

kinetic : 2.156427 (0.012854)
potential : -4.331524 (0.012868)
energy : -2.175097 (0.000074)

kinetic : 2.156328 (0.012839)
potential : -4.331425 (0.012853)
energy : -2.175098 (0.000074)

kinetic : 2.156103 (0.012826)
potential : -4.331199 (0.012840)
energy : -2.175096 (0.000074)

kinetic : 2.155646 (0.012820)
potential : -4.330741 (0.012833)
energy : -2.175095 (0.000074)

kinetic : 2.155290 (0.012810)
potential : -4.330384 (0.012823)
energy : -2.175094 (0.000074)

kinetic : 2.155529 (0.012797)
potential : -4.330626 (0.012811)
energy : -2.175096 (0.000074)

kinetic : 2.156035 (0.012792)
potential : -4.331131 (0.012806)
energy : -2.175095 (0.000074)

kinetic : 2.156651 (0.012792)
potential : -4.331746 (0.012806)
energy : -2.175096 (0.000074)

kinetic : 2.156697 (0.012777)
potential : -4.331791 (0.012791)
energy : -2.175094 (0.000074)

kinetic : 2.156584 (0.012763)
potential : -4.331675 (0.012777)
energy : -2.175091 (0.000074)

kinetic : 2.156422 (0.012749)
potential : -4.331516 (0.012763)
energy : -2.175094 (0.000074)

kinetic : 2.156419 (0.012735)
potential : -4.331518 (0.012748)
energy : -2.175099 (0.000074)

kinetic : 2.156254 (0.012721)
potential : -4.331362 (0.012734)
energy : -2.175108 (0.000074)

kinetic : 2.156645 (0.012712)
potential : -4.331755 (0.012726)
energy : -2.175110 (0.000074)

kinetic : 2.156222 (0.012705)
potential : -4.331330 (0.012718)
energy : -2.175108 (0.000074)

kinetic : 2.156019 (0.012692)
potential : -4.331127 (0.012705)
energy : -2.175108 (0.000074)

kinetic : 2.155822 (0.012679)
potential : -4.330929 (0.012692)
energy : -2.175106 (0.000074)

kinetic : 2.156095 (0.012667)
potential : -4.331204 (0.012681)
energy : -2.175108 (0.000074)

kinetic : 2.156225 (0.012653)
potential : -4.331332 (0.012667)
energy : -2.175107 (0.000074)

kinetic : 2.156565 (0.012643)
potential : -4.331674 (0.012657)
energy : -2.175109 (0.000074)

kinetic : 2.156042 (0.012640)
potential : -4.331148 (0.012653)
energy : -2.175106 (0.000074)

kinetic : 2.155641 (0.012632)
potential : -4.330745 (0.012645)
energy : -2.175104 (0.000074)

kinetic : 2.155482 (0.012618)
potential : -4.330587 (0.012632)
energy : -2.175105 (0.000074)

kinetic : 2.156054 (0.012617)
potential : -4.331161 (0.012630)
energy : -2.175107 (0.000074)

kinetic : 2.155985 (0.012603)
potential : -4.331093 (0.012616)
energy : -2.175108 (0.000073)

kinetic : 2.156025 (0.012588)
potential : -4.331132 (0.012602)
energy : -2.175107 (0.000073)

kinetic : 2.155986 (0.012574)
potential : -4.331092 (0.012588)
energy : -2.175106 (0.000073)

kinetic : 2.155439 (0.012572)
potential : -4.330548 (0.012585)
energy : -2.175108 (0.000073)

kinetic : 2.155388 (0.012558)
potential : -4.330495 (0.012571)
energy : -2.175107 (0.000073)

kinetic : 2.155876 (0.012553)
potential : -4.330981 (0.012566)
energy : -2.175105 (0.000073)

kinetic : 2.155569 (0.012542)
potential : -4.330674 (0.012556)
energy : -2.175105 (0.000073)

kinetic : 2.155855 (0.012531)
potential : -4.330961 (0.012545)
energy : -2.175106 (0.000073)

kinetic : 2.157166 (0.012586)
potential : -4.332271 (0.012599)
energy : -2.175105 (0.000073)

kinetic : 2.156408 (0.012595)
potential : -4.331511 (0.012608)
energy : -2.175102 (0.000073)

kinetic : 2.156452 (0.012580)
potential : -4.331555 (0.012594)
energy : -2.175103 (0.000073)

kinetic : 2.156967 (0.012577)
potential : -4.332070 (0.012590)
energy : -2.175103 (0.000073)

kinetic : 2.156740 (0.012565)
potential : -4.331845 (0.012578)
energy : -2.175105 (0.000073)

kinetic : 2.156512 (0.012553)
potential : -4.331617 (0.012566)
energy : -2.175104 (0.000073)

kinetic : 2.156521 (0.012539)
potential : -4.331621 (0.012552)
energy : -2.175100 (0.000073)

kinetic : 2.156468 (0.012525)
potential : -4.331570 (0.012538)
energy : -2.175102 (0.000073)

kinetic : 2.156565 (0.012511)
potential : -4.331665 (0.012524)
energy : -2.175100 (0.000072)

kinetic : 2.155859 (0.012517)
potential : -4.330957 (0.012530)
energy : -2.175098 (0.000072)

kinetic : 2.155844 (0.012503)
potential : -4.330939 (0.012516)
energy : -2.175095 (0.000072)

kinetic : 2.155866 (0.012489)
potential : -4.330962 (0.012502)
energy : -2.175096 (0.000072)

kinetic : 2.156293 (0.012483)
potential : -4.331385 (0.012496)
energy : -2.175092 (0.000072)

kinetic : 2.156005 (0.012472)
potential : -4.331097 (0.012485)
energy : -2.175092 (0.000072)

kinetic : 2.155952 (0.012458)
potential : -4.331041 (0.012471)
energy : -2.175089 (0.000072)

kinetic : 2.155885 (0.012445)
potential : -4.330976 (0.012458)
energy : -2.175091 (0.000072)

kinetic : 2.155262 (0.012446)
potential : -4.330355 (0.012459)
energy : -2.175093 (0.000072)

kinetic : 2.155586 (0.012437)
potential : -4.330677 (0.012450)
energy : -2.175091 (0.000072)

kinetic : 2.155841 (0.012426)
potential : -4.330930 (0.012439)
energy : -2.175089 (0.000072)

kinetic : 2.155661 (0.012413)
potential : -4.330751 (0.012426)
energy : -2.175090 (0.000072)

kinetic : 2.155814 (0.012401)
potential : -4.330903 (0.012413)
energy : -2.175088 (0.000072)

kinetic : 2.155382 (0.012395)
potential : -4.330468 (0.012407)
energy : -2.175086 (0.000072)

kinetic : 2.155128 (0.012383)
potential : -4.330214 (0.012396)
energy : -2.175087 (0.000072)

kinetic : 2.154569 (0.012382)
potential : -4.329655 (0.012395)
energy : -2.175086 (0.000072)

kinetic : 2.154225 (0.012374)
potential : -4.329310 (0.012386)
energy : -2.175085 (0.000072)

kinetic : 2.154343 (0.012361)
potential : -4.329428 (0.012373)
energy : -2.175085 (0.000072)

kinetic : 2.153897 (0.012355)
potential : -4.328983 (0.012368)
energy : -2.175085 (0.000072)

kinetic : 2.153499 (0.012348)
potential : -4.328581 (0.012361)
energy : -2.175081 (0.000072)

kinetic : 2.153348 (0.012335)
potential : -4.328435 (0.012348)
energy : -2.175086 (0.000072)

kinetic : 2.153852 (0.012332)
potential : -4.328938 (0.012345)
energy : -2.175086 (0.000072)

kinetic : 2.154351 (0.012329)
potential : -4.329438 (0.012342)
energy : -2.175087 (0.000072)

kinetic : 2.154351 (0.012315)
potential : -4.329436 (0.012328)
energy : -2.175085 (0.000072)

kinetic : 2.154228 (0.012303)
potential : -4.329314 (0.012315)
energy : -2.175085 (0.000071)

kinetic : 2.154446 (0.012291)
potential : -4.329529 (0.012304)
energy : -2.175083 (0.000071)

kinetic : 2.154738 (0.012281)
potential : -4.329820 (0.012294)
energy : -2.175081 (0.000071)

kinetic : 2.154923 (0.012269)
potential : -4.330005 (0.012282)
energy : -2.175082 (0.000071)

kinetic : 2.154794 (0.012257)
potential : -4.329875 (0.012269)
energy : -2.175080 (0.000071)

kinetic : 2.154563 (0.012246)
potential : -4.329643 (0.012258)
energy : -2.175080 (0.000071)

kinetic : 2.154444 (0.012233)
potential : -4.329519 (0.012246)
energy : -2.175075 (0.000071)

kinetic : 2.154159 (0.012223)
potential : -4.329236 (0.012236)
energy : -2.175077 (0.000071)

kinetic : 2.154043 (0.012210)
potential : -4.329120 (0.012223)
energy : -2.175077 (0.000071)

kinetic : 2.153557 (0.012207)
potential : -4.328634 (0.012219)
energy : -2.175078 (0.000071)

kinetic : 2.153380 (0.012195)
potential : -4.328456 (0.012208)
energy : -2.175076 (0.000071)

kinetic : 2.154275 (0.012215)
potential : -4.329352 (0.012227)
energy : -2.175077 (0.000071)

kinetic : 2.154580 (0.012206)
potential : -4.329657 (0.012218)
energy : -2.175077 (0.000071)

kinetic : 2.154509 (0.012193)
potential : -4.329584 (0.012205)
energy : -2.175076 (0.000071)

kinetic : 2.153907 (0.012194)
potential : -4.328982 (0.012207)
energy : -2.175075 (0.000071)

kinetic : 2.154274 (0.012187)
potential : -4.329349 (0.012199)
energy : -2.175074 (0.000071)

kinetic : 2.154367 (0.012174)
potential : -4.329441 (0.012187)
energy : -2.175074 (0.000070)

kinetic : 2.154514 (0.012162)
potential : -4.329589 (0.012175)
energy : -2.175075 (0.000070)

kinetic : 2.154246 (0.012152)
potential : -4.329320 (0.012164)
energy : -2.175073 (0.000070)

kinetic : 2.153756 (0.012149)
potential : -4.328827 (0.012161)
energy : -2.175072 (0.000070)

kinetic : 2.153403 (0.012141)
potential : -4.328473 (0.012154)
energy : -2.175071 (0.000070)

kinetic : 2.153653 (0.012131)
potential : -4.328722 (0.012143)
energy : -2.175069 (0.000070)

kinetic : 2.153888 (0.012120)
potential : -4.328954 (0.012133)
energy : -2.175066 (0.000070)

kinetic : 2.153892 (0.012107)
potential : -4.328960 (0.012120)
energy : -2.175069 (0.000070)

kinetic : 2.153746 (0.012095)
potential : -4.328813 (0.012108)
energy : -2.175068 (0.000070)

kinetic : 2.153731 (0.012083)
potential : -4.328800 (0.012095)
energy : -2.175069 (0.000070)

kinetic : 2.153400 (0.012074)
potential : -4.328470 (0.012087)
energy : -2.175070 (0.000070)

kinetic : 2.153555 (0.012063)
potential : -4.328624 (0.012075)
energy : -2.175070 (0.000070)

kinetic : 2.153740 (0.012051)
potential : -4.328811 (0.012064)
energy : -2.175071 (0.000070)

kinetic : 2.153323 (0.012046)
potential : -4.328389 (0.012058)
energy : -2.175066 (0.000070)

kinetic : 2.153009 (0.012037)
potential : -4.328079 (0.012049)
energy : -2.175071 (0.000070)

kinetic : 2.153059 (0.012025)
potential : -4.328127 (0.012037)
energy : -2.175067 (0.000070)

kinetic : 2.153462 (0.012019)
potential : -4.328540 (0.012031)
energy : -2.175078 (0.000071)

kinetic : 2.152982 (0.012016)
potential : -4.328060 (0.012028)
energy : -2.175079 (0.000071)

kinetic : 2.153222 (0.012005)
potential : -4.328300 (0.012018)
energy : -2.175078 (0.000071)

kinetic : 2.153176 (0.011993)
potential : -4.328258 (0.012005)
energy : -2.175082 (0.000071)

kinetic : 2.153363 (0.011982)
potential : -4.328445 (0.011994)
energy : -2.175082 (0.000071)

kinetic : 2.153630 (0.011972)
potential : -4.328710 (0.011985)
energy : -2.175080 (0.000070)

kinetic : 2.154702 (0.012008)
potential : -4.329777 (0.012020)
energy : -2.175075 (0.000071)

kinetic : 2.154515 (0.011997)
potential : -4.329588 (0.012008)
energy : -2.175073 (0.000071)

kinetic : 2.154022 (0.011994)
potential : -4.329091 (0.012006)
energy : -2.175070 (0.000071)

kinetic : 2.153749 (0.011985)
potential : -4.328820 (0.011997)
energy : -2.175070 (0.000070)

kinetic : 2.153859 (0.011973)
potential : -4.328932 (0.011985)
energy : -2.175073 (0.000070)

kinetic : 2.153420 (0.011968)
potential : -4.328494 (0.011980)
energy : -2.175074 (0.000070)

kinetic : 2.153348 (0.011956)
potential : -4.328420 (0.011968)
energy : -2.175072 (0.000070)

kinetic : 2.153159 (0.011945)
potential : -4.328232 (0.011957)
energy : -2.175074 (0.000070)

kinetic : 2.152819 (0.011938)
potential : -4.327891 (0.011950)
energy : -2.175072 (0.000070)

kinetic : 2.152775 (0.011925)
potential : -4.327844 (0.011937)
energy : -2.175069 (0.000070)

kinetic : 2.152491 (0.011916)
potential : -4.327559 (0.011928)
energy : -2.175068 (0.000070)

kinetic : 2.151990 (0.011915)
potential : -4.327058 (0.011927)
energy : -2.175068 (0.000070)

kinetic : 2.152173 (0.011904)
potential : -4.327243 (0.011916)
energy : -2.175070 (0.000070)

kinetic : 2.152245 (0.011892)
potential : -4.327314 (0.011904)
energy : -2.175068 (0.000070)

kinetic : 2.151807 (0.011888)
potential : -4.326871 (0.011900)
energy : -2.175065 (0.000070)

kinetic : 2.152232 (0.011883)
potential : -4.327297 (0.011895)
energy : -2.175065 (0.000070)

kinetic : 2.152544 (0.011875)
potential : -4.327610 (0.011887)
energy : -2.175066 (0.000070)

kinetic : 2.152904 (0.011868)
potential : -4.327966 (0.011880)
energy : -2.175062 (0.000070)

kinetic : 2.153114 (0.011858)
potential : -4.328177 (0.011870)
energy : -2.175063 (0.000070)

kinetic : 2.153190 (0.011846)
potential : -4.328252 (0.011858)
energy : -2.175062 (0.000070)

kinetic : 2.153156 (0.011834)
potential : -4.328217 (0.011846)
energy : -2.175060 (0.000070)

kinetic : 2.153247 (0.011822)
potential : -4.328306 (0.011834)
energy : -2.175059 (0.000070)

kinetic : 2.153663 (0.011817)
potential : -4.328722 (0.011829)
energy : -2.175059 (0.000070)

kinetic : 2.153551 (0.011806)
potential : -4.328611 (0.011818)
energy : -2.175059 (0.000069)

kinetic : 2.153545 (0.011794)
potential : -4.328605 (0.011806)
energy : -2.175060 (0.000069)

kinetic : 2.153619 (0.011782)
potential : -4.328679 (0.011794)
energy : -2.175060 (0.000069)

kinetic : 2.153949 (0.011775)
potential : -4.329006 (0.011786)
energy : -2.175058 (0.000069)

kinetic : 2.154171 (0.011765)
potential : -4.329226 (0.011776)
energy : -2.175055 (0.000069)

kinetic : 2.154057 (0.011753)
potential : -4.329111 (0.011765)
energy : -2.175055 (0.000069)

kinetic : 2.154102 (0.011741)
potential : -4.329154 (0.011753)
energy : -2.175052 (0.000069)

kinetic : 2.153847 (0.011732)
potential : -4.328895 (0.011744)
energy : -2.175049 (0.000069)

kinetic : 2.154552 (0.011742)
potential : -4.329605 (0.011754)
energy : -2.175053 (0.000069)

kinetic : 2.154615 (0.011730)
potential : -4.329667 (0.011742)
energy : -2.175052 (0.000069)

kinetic : 2.154300 (0.011722)
potential : -4.329353 (0.011734)
energy : -2.175053 (0.000069)

kinetic : 2.153968 (0.011715)
potential : -4.329020 (0.011727)
energy : -2.175052 (0.000069)

kinetic : 2.153495 (0.011713)
potential : -4.328548 (0.011725)
energy : -2.175052 (0.000069)

kinetic : 2.153131 (0.011707)
potential : -4.328183 (0.011719)
energy : -2.175052 (0.000069)

kinetic : 2.153120 (0.011695)
potential : -4.328169 (0.011707)
energy : -2.175049 (0.000069)

kinetic : 2.152968 (0.011684)
potential : -4.328016 (0.011696)
energy : -2.175048 (0.000069)

kinetic : 2.153060 (0.011673)
potential : -4.328105 (0.011685)
energy : -2.175046 (0.000069)

kinetic : 2.153277 (0.011663)
potential : -4.328320 (0.011675)
energy : -2.175044 (0.000069)

kinetic : 2.154162 (0.011685)
potential : -4.329204 (0.011697)
energy : -2.175042 (0.000069)

kinetic : 2.154188 (0.011673)
potential : -4.329229 (0.011685)
energy : -2.175041 (0.000069)

kinetic : 2.154177 (0.011662)
potential : -4.329220 (0.011673)
energy : -2.175043 (0.000069)
         kinetic: 2.154(12), Sigma: 3.944, T_corr: 8.7
       potential: -4.329(12), Sigma: 3.948, T_corr: 8.7
          energy: -2.175043(69), Sigma: 0.027, T_corr: 6.3

For tau = 2.50e-01, acceptance ratio = 0.72
Time: 479.68s
