
kinetic : 1.987849 (inf)
potential : -4.163228 (inf)
energy : -2.175379 (inf)

kinetic : 2.197763 (inf)
potential : -4.379250 (inf)
energy : -2.181487 (inf)

kinetic : 2.275808 (0.078045)
potential : -4.453592 (0.074342)
energy : -2.177784 (0.003703)

kinetic : 1.999889 (0.279575)
potential : -4.176233 (0.280660)
energy : -2.176344 (0.002577)

kinetic : 1.983590 (0.198360)
potential : -4.158164 (0.199278)
energy : -2.174574 (0.002541)

kinetic : 2.087281 (0.185364)
potential : -4.263569 (0.186915)
energy : -2.176288 (0.002610)

kinetic : 2.045416 (0.157033)
potential : -4.221450 (0.158321)
energy : -2.176034 (0.002146)

kinetic : 2.167551 (0.180363)
potential : -4.342779 (0.180623)
energy : -2.175228 (0.001985)

kinetic : 2.105896 (0.167928)
potential : -4.281297 (0.168073)
energy : -2.175401 (0.001728)

kinetic : 2.108683 (0.148124)
potential : -4.284779 (0.148268)
energy : -2.176096 (0.001675)

kinetic : 2.061961 (0.140484)
potential : -4.237219 (0.140885)
energy : -2.175258 (0.001716)

kinetic : 2.226110 (0.207586)
potential : -4.401829 (0.208173)
energy : -2.175719 (0.001619)

kinetic : 2.155949 (0.202071)
potential : -4.331314 (0.202696)
energy : -2.175365 (0.001520)

kinetic : 2.120009 (0.189321)
potential : -4.295627 (0.189838)
energy : -2.175618 (0.001421)

kinetic : 2.131140 (0.175630)
potential : -4.306810 (0.176111)
energy : -2.175671 (0.001316)

kinetic : 2.149215 (0.164499)
potential : -4.325066 (0.164964)
energy : -2.175851 (0.001239)

kinetic : 2.143526 (0.153980)
potential : -4.319236 (0.154419)
energy : -2.175711 (0.001167)

kinetic : 2.219876 (0.163554)
potential : -4.395608 (0.163929)
energy : -2.175732 (0.001097)

kinetic : 2.196116 (0.156020)
potential : -4.372198 (0.156316)
energy : -2.176083 (0.001092)

kinetic : 2.174429 (0.149165)
potential : -4.350100 (0.149503)
energy : -2.175671 (0.001112)

kinetic : 2.129557 (0.148454)
potential : -4.305133 (0.148788)
energy : -2.175576 (0.001059)

kinetic : 2.129448 (0.141208)
potential : -4.304853 (0.141526)
energy : -2.175405 (0.001022)

kinetic : 2.137525 (0.134879)
potential : -4.312901 (0.135180)
energy : -2.175377 (0.000975)

kinetic : 2.125039 (0.129484)
potential : -4.300397 (0.129773)
energy : -2.175357 (0.000931)

kinetic : 2.119124 (0.124113)
potential : -4.294595 (0.124383)
energy : -2.175471 (0.000899)

kinetic : 2.087465 (0.123183)
potential : -4.263026 (0.123410)
energy : -2.175561 (0.000867)

kinetic : 2.071811 (0.119381)
potential : -4.247363 (0.119599)
energy : -2.175552 (0.000833)

kinetic : 2.102880 (0.119002)
potential : -4.278487 (0.119218)
energy : -2.175607 (0.000803)

kinetic : 2.110233 (0.114908)
potential : -4.285802 (0.115114)
energy : -2.175569 (0.000775)

kinetic : 2.080381 (0.114823)
potential : -4.256008 (0.115001)
energy : -2.175626 (0.000750)

kinetic : 2.096809 (0.112140)
potential : -4.272382 (0.112301)
energy : -2.175573 (0.000727)

kinetic : 2.084062 (0.109208)
potential : -4.259711 (0.109355)
energy : -2.175649 (0.000707)

kinetic : 2.058049 (0.108893)
potential : -4.233815 (0.109003)
energy : -2.175766 (0.000694)

kinetic : 2.031935 (0.108725)
potential : -4.207666 (0.108836)
energy : -2.175730 (0.000674)

kinetic : 2.042553 (0.106011)
potential : -4.218224 (0.106113)
energy : -2.175671 (0.000657)

kinetic : 2.163233 (0.158618)
potential : -4.338497 (0.158374)
energy : -2.175265 (0.000756)

kinetic : 2.147548 (0.154945)
potential : -4.322722 (0.154718)
energy : -2.175174 (0.000740)

kinetic : 2.170148 (0.152384)
potential : -4.345384 (0.152175)
energy : -2.175237 (0.000723)

kinetic : 2.165396 (0.148396)
potential : -4.340728 (0.148190)
energy : -2.175332 (0.000710)

kinetic : 2.195324 (0.147607)
potential : -4.370729 (0.147425)
energy : -2.175405 (0.000695)

kinetic : 2.217636 (0.145589)
potential : -4.393002 (0.145408)
energy : -2.175366 (0.000679)

kinetic : 2.204856 (0.142568)
potential : -4.380330 (0.142382)
energy : -2.175475 (0.000671)

kinetic : 2.227248 (0.140923)
potential : -4.402615 (0.140726)
energy : -2.175366 (0.000664)

kinetic : 2.215644 (0.138095)
potential : -4.391013 (0.137904)
energy : -2.175369 (0.000648)

kinetic : 2.197805 (0.136094)
potential : -4.373176 (0.135909)
energy : -2.175371 (0.000633)

kinetic : 2.180783 (0.134120)
potential : -4.356230 (0.133930)
energy : -2.175447 (0.000624)

kinetic : 2.157055 (0.133301)
potential : -4.332328 (0.133150)
energy : -2.175272 (0.000635)

kinetic : 2.132925 (0.132647)
potential : -4.308189 (0.132503)
energy : -2.175264 (0.000621)

kinetic : 2.138044 (0.129955)
potential : -4.313260 (0.129812)
energy : -2.175216 (0.000610)

kinetic : 2.161270 (0.129377)
potential : -4.336446 (0.129232)
energy : -2.175176 (0.000599)

kinetic : 2.179617 (0.128084)
potential : -4.354753 (0.127938)
energy : -2.175136 (0.000588)

kinetic : 2.165081 (0.126386)
potential : -4.340233 (0.126242)
energy : -2.175151 (0.000576)

kinetic : 2.180905 (0.124938)
potential : -4.356213 (0.124818)
energy : -2.175308 (0.000586)

kinetic : 2.172420 (0.122851)
potential : -4.347599 (0.122743)
energy : -2.175179 (0.000589)

kinetic : 2.178448 (0.120705)
potential : -4.353585 (0.120597)
energy : -2.175137 (0.000580)

kinetic : 2.175908 (0.118517)
potential : -4.351233 (0.118407)
energy : -2.175325 (0.000600)

kinetic : 2.166019 (0.116801)
potential : -4.341303 (0.116697)
energy : -2.175284 (0.000590)

kinetic : 2.160395 (0.114871)
potential : -4.335745 (0.114766)
energy : -2.175350 (0.000583)

kinetic : 2.161596 (0.112880)
potential : -4.337129 (0.112778)
energy : -2.175533 (0.000602)

kinetic : 2.152737 (0.111303)
potential : -4.328212 (0.111209)
energy : -2.175475 (0.000594)

kinetic : 2.180306 (0.112852)
potential : -4.355721 (0.112747)
energy : -2.175416 (0.000587)

kinetic : 2.195852 (0.112070)
potential : -4.371231 (0.111962)
energy : -2.175378 (0.000579)

kinetic : 2.184575 (0.110823)
potential : -4.359894 (0.110724)
energy : -2.175319 (0.000572)

kinetic : 2.187621 (0.109092)
potential : -4.362995 (0.108996)
energy : -2.175374 (0.000566)

kinetic : 2.194890 (0.107620)
potential : -4.370269 (0.107526)
energy : -2.175380 (0.000557)

kinetic : 2.184933 (0.106418)
potential : -4.360325 (0.106325)
energy : -2.175392 (0.000549)

kinetic : 2.190258 (0.104928)
potential : -4.365709 (0.104840)
energy : -2.175451 (0.000543)

kinetic : 2.191486 (0.103358)
potential : -4.366900 (0.103270)
energy : -2.175415 (0.000536)

kinetic : 2.207594 (0.103093)
potential : -4.383004 (0.103007)
energy : -2.175410 (0.000528)

kinetic : 2.298387 (0.136247)
potential : -4.473963 (0.136295)
energy : -2.175577 (0.000547)

kinetic : 2.284565 (0.134996)
potential : -4.460105 (0.135047)
energy : -2.175540 (0.000540)

kinetic : 2.277336 (0.133277)
potential : -4.452892 (0.133326)
energy : -2.175556 (0.000533)

kinetic : 2.260505 (0.132487)
potential : -4.436064 (0.132534)
energy : -2.175559 (0.000525)

kinetic : 2.251653 (0.130959)
potential : -4.427194 (0.131007)
energy : -2.175541 (0.000518)

kinetic : 2.277577 (0.131752)
potential : -4.453039 (0.131783)
energy : -2.175462 (0.000517)

kinetic : 2.269563 (0.130230)
potential : -4.445049 (0.130260)
energy : -2.175485 (0.000511)

kinetic : 2.266634 (0.128539)
potential : -4.442068 (0.128569)
energy : -2.175434 (0.000507)

kinetic : 2.323779 (0.139135)
potential : -4.499087 (0.139110)
energy : -2.175308 (0.000516)

kinetic : 2.327795 (0.137398)
potential : -4.502943 (0.137370)
energy : -2.175149 (0.000533)

kinetic : 2.337688 (0.136008)
potential : -4.512828 (0.135979)
energy : -2.175140 (0.000527)

kinetic : 2.326448 (0.134767)
potential : -4.501597 (0.134738)
energy : -2.175150 (0.000520)

kinetic : 2.311191 (0.133964)
potential : -4.486324 (0.133938)
energy : -2.175132 (0.000514)

kinetic : 2.297189 (0.133059)
potential : -4.472330 (0.133032)
energy : -2.175142 (0.000508)

kinetic : 2.290816 (0.131601)
potential : -4.466000 (0.131572)
energy : -2.175184 (0.000503)

kinetic : 2.293199 (0.130047)
potential : -4.468406 (0.130018)
energy : -2.175207 (0.000498)

kinetic : 2.294188 (0.128511)
potential : -4.469356 (0.128483)
energy : -2.175169 (0.000493)

kinetic : 2.330945 (0.132220)
potential : -4.506278 (0.132239)
energy : -2.175333 (0.000515)

kinetic : 2.332412 (0.130700)
potential : -4.507758 (0.130719)
energy : -2.175346 (0.000509)

kinetic : 2.322085 (0.129618)
potential : -4.497471 (0.129634)
energy : -2.175386 (0.000505)

kinetic : 2.315661 (0.128314)
potential : -4.491050 (0.128330)
energy : -2.175389 (0.000499)

kinetic : 2.328847 (0.127564)
potential : -4.504252 (0.127581)
energy : -2.175405 (0.000494)

kinetic : 2.325660 (0.126195)
potential : -4.501137 (0.126209)
energy : -2.175477 (0.000493)

kinetic : 2.322685 (0.124851)
potential : -4.498099 (0.124867)
energy : -2.175413 (0.000492)

kinetic : 2.322891 (0.123501)
potential : -4.498432 (0.123517)
energy : -2.175541 (0.000503)

kinetic : 2.328019 (0.122288)
potential : -4.503557 (0.122304)
energy : -2.175538 (0.000498)

kinetic : 2.325005 (0.121031)
potential : -4.500551 (0.121047)
energy : -2.175547 (0.000493)

kinetic : 2.336833 (0.120347)
potential : -4.512389 (0.120363)
energy : -2.175556 (0.000488)

kinetic : 2.342428 (0.119231)
potential : -4.517966 (0.119246)
energy : -2.175538 (0.000483)

kinetic : 2.346883 (0.118092)
potential : -4.522392 (0.118106)
energy : -2.175509 (0.000479)

kinetic : 2.363132 (0.118017)
potential : -4.538722 (0.118042)
energy : -2.175591 (0.000481)

kinetic : 2.359019 (0.116903)
potential : -4.534618 (0.116928)
energy : -2.175598 (0.000476)

kinetic : 2.352444 (0.115927)
potential : -4.528076 (0.115949)
energy : -2.175632 (0.000473)

kinetic : 2.344119 (0.115086)
potential : -4.519744 (0.115108)
energy : -2.175624 (0.000468)

kinetic : 2.338398 (0.114107)
potential : -4.514034 (0.114128)
energy : -2.175636 (0.000464)

kinetic : 2.331389 (0.113221)
potential : -4.507015 (0.113243)
energy : -2.175626 (0.000459)

kinetic : 2.336131 (0.112238)
potential : -4.511806 (0.112262)
energy : -2.175675 (0.000458)

kinetic : 2.339794 (0.111234)
potential : -4.515447 (0.111257)
energy : -2.175653 (0.000454)

kinetic : 2.339805 (0.110190)
potential : -4.515394 (0.110213)
energy : -2.175589 (0.000454)

kinetic : 2.335811 (0.109238)
potential : -4.511358 (0.109262)
energy : -2.175547 (0.000452)

kinetic : 2.334197 (0.108243)
potential : -4.509690 (0.108268)
energy : -2.175493 (0.000451)

kinetic : 2.343718 (0.107676)
potential : -4.519557 (0.107732)
energy : -2.175839 (0.000565)

kinetic : 2.345798 (0.106722)
potential : -4.521607 (0.106776)
energy : -2.175810 (0.000560)

kinetic : 2.344310 (0.105776)
potential : -4.520095 (0.105830)
energy : -2.175785 (0.000556)

kinetic : 2.339845 (0.104930)
potential : -4.515666 (0.104982)
energy : -2.175821 (0.000552)

kinetic : 2.341706 (0.104023)
potential : -4.517456 (0.104073)
energy : -2.175749 (0.000552)

kinetic : 2.345959 (0.103202)
potential : -4.521710 (0.103251)
energy : -2.175751 (0.000547)

kinetic : 2.343625 (0.102335)
potential : -4.519387 (0.102384)
energy : -2.175763 (0.000543)

kinetic : 2.340867 (0.101494)
potential : -4.516602 (0.101543)
energy : -2.175735 (0.000539)

kinetic : 2.332756 (0.100956)
potential : -4.508351 (0.101017)
energy : -2.175595 (0.000552)

kinetic : 2.333732 (0.100109)
potential : -4.509317 (0.100169)
energy : -2.175585 (0.000548)

kinetic : 2.337772 (0.099353)
potential : -4.513313 (0.099411)
energy : -2.175542 (0.000545)

kinetic : 2.340856 (0.098577)
potential : -4.516396 (0.098634)
energy : -2.175540 (0.000540)

kinetic : 2.331524 (0.098210)
potential : -4.507051 (0.098268)
energy : -2.175527 (0.000536)

kinetic : 2.349602 (0.099072)
potential : -4.525106 (0.099124)
energy : -2.175504 (0.000532)

kinetic : 2.442606 (0.135302)
potential : -4.618022 (0.135279)
energy : -2.175416 (0.000535)

kinetic : 2.428016 (0.135006)
potential : -4.603401 (0.134987)
energy : -2.175385 (0.000532)

kinetic : 2.423524 (0.134006)
potential : -4.598991 (0.133984)
energy : -2.175467 (0.000534)

kinetic : 2.416333 (0.133141)
potential : -4.591775 (0.133120)
energy : -2.175442 (0.000530)

kinetic : 2.415960 (0.132097)
potential : -4.591406 (0.132077)
energy : -2.175447 (0.000526)

kinetic : 2.413347 (0.131095)
potential : -4.588764 (0.131075)
energy : -2.175417 (0.000523)

kinetic : 2.434530 (0.131796)
potential : -4.610033 (0.131791)
energy : -2.175502 (0.000526)

kinetic : 2.437749 (0.130826)
potential : -4.613280 (0.130821)
energy : -2.175532 (0.000523)

kinetic : 2.435011 (0.129860)
potential : -4.610495 (0.129856)
energy : -2.175484 (0.000521)

kinetic : 2.430605 (0.128955)
potential : -4.606049 (0.128953)
energy : -2.175445 (0.000518)

kinetic : 2.429410 (0.127995)
potential : -4.604877 (0.127992)
energy : -2.175467 (0.000515)

kinetic : 2.422496 (0.127231)
potential : -4.597931 (0.127230)
energy : -2.175434 (0.000512)

kinetic : 2.416526 (0.126433)
potential : -4.591953 (0.126433)
energy : -2.175427 (0.000508)

kinetic : 2.410106 (0.125671)
potential : -4.585526 (0.125671)
energy : -2.175421 (0.000505)

kinetic : 2.411857 (0.124769)
potential : -4.587297 (0.124769)
energy : -2.175440 (0.000501)

kinetic : 2.414073 (0.123888)
potential : -4.589480 (0.123888)
energy : -2.175407 (0.000499)

kinetic : 2.415008 (0.123004)
potential : -4.590395 (0.123003)
energy : -2.175387 (0.000496)

kinetic : 2.408569 (0.122298)
potential : -4.583914 (0.122299)
energy : -2.175345 (0.000494)

kinetic : 2.404321 (0.121508)
potential : -4.579663 (0.121510)
energy : -2.175342 (0.000490)

kinetic : 2.407523 (0.120698)
potential : -4.582838 (0.120699)
energy : -2.175315 (0.000488)

kinetic : 2.401571 (0.120004)
potential : -4.576845 (0.120007)
energy : -2.175275 (0.000486)

kinetic : 2.398880 (0.119204)
potential : -4.574152 (0.119207)
energy : -2.175272 (0.000483)

kinetic : 2.401600 (0.118416)
potential : -4.576837 (0.118418)
energy : -2.175236 (0.000481)

kinetic : 2.407569 (0.117759)
potential : -4.582782 (0.117760)
energy : -2.175213 (0.000478)

kinetic : 2.409252 (0.116973)
potential : -4.584447 (0.116974)
energy : -2.175195 (0.000475)

kinetic : 2.406201 (0.116225)
potential : -4.581398 (0.116226)
energy : -2.175197 (0.000472)

kinetic : 2.400653 (0.115581)
potential : -4.575818 (0.115583)
energy : -2.175165 (0.000470)

kinetic : 2.393274 (0.115050)
potential : -4.568417 (0.115053)
energy : -2.175143 (0.000467)

kinetic : 2.390356 (0.114328)
potential : -4.565503 (0.114331)
energy : -2.175146 (0.000464)

kinetic : 2.389944 (0.113579)
potential : -4.565085 (0.113582)
energy : -2.175141 (0.000461)

kinetic : 2.383633 (0.113015)
potential : -4.558760 (0.113019)
energy : -2.175127 (0.000458)

kinetic : 2.379693 (0.112353)
potential : -4.554852 (0.112356)
energy : -2.175159 (0.000457)

kinetic : 2.377497 (0.111652)
potential : -4.552713 (0.111654)
energy : -2.175216 (0.000457)

kinetic : 2.373595 (0.111007)
potential : -4.548804 (0.111009)
energy : -2.175209 (0.000454)

kinetic : 2.373615 (0.110302)
potential : -4.548885 (0.110304)
energy : -2.175270 (0.000455)

kinetic : 2.385654 (0.110265)
potential : -4.560970 (0.110273)
energy : -2.175316 (0.000455)

kinetic : 2.392419 (0.109783)
potential : -4.567776 (0.109792)
energy : -2.175356 (0.000454)

kinetic : 2.387366 (0.109216)
potential : -4.562723 (0.109225)
energy : -2.175357 (0.000451)

kinetic : 2.400278 (0.109305)
potential : -4.575617 (0.109312)
energy : -2.175339 (0.000449)

kinetic : 2.397521 (0.108667)
potential : -4.572890 (0.108674)
energy : -2.175369 (0.000447)

kinetic : 2.403287 (0.108156)
potential : -4.578712 (0.108166)
energy : -2.175425 (0.000448)

kinetic : 2.396343 (0.107723)
potential : -4.571754 (0.107733)
energy : -2.175411 (0.000445)

kinetic : 2.394660 (0.107085)
potential : -4.570039 (0.107096)
energy : -2.175378 (0.000444)

kinetic : 2.387857 (0.106659)
potential : -4.563186 (0.106673)
energy : -2.175328 (0.000444)

kinetic : 2.390690 (0.106060)
potential : -4.566053 (0.106075)
energy : -2.175363 (0.000443)

kinetic : 2.384248 (0.105627)
potential : -4.559591 (0.105643)
energy : -2.175343 (0.000440)

kinetic : 2.377631 (0.105212)
potential : -4.552949 (0.105230)
energy : -2.175318 (0.000438)

kinetic : 2.376485 (0.104602)
potential : -4.551822 (0.104619)
energy : -2.175337 (0.000436)

kinetic : 2.371861 (0.104094)
potential : -4.547179 (0.104112)
energy : -2.175318 (0.000434)

kinetic : 2.381999 (0.103986)
potential : -4.557308 (0.104003)
energy : -2.175310 (0.000432)

kinetic : 2.380010 (0.103406)
potential : -4.555340 (0.103422)
energy : -2.175330 (0.000430)

kinetic : 2.382449 (0.102842)
potential : -4.557738 (0.102858)
energy : -2.175289 (0.000429)

kinetic : 2.381816 (0.102258)
potential : -4.557121 (0.102273)
energy : -2.175305 (0.000427)

kinetic : 2.404283 (0.104131)
potential : -4.579586 (0.104145)
energy : -2.175303 (0.000425)

kinetic : 2.402441 (0.103561)
potential : -4.577731 (0.103575)
energy : -2.175290 (0.000423)

kinetic : 2.399744 (0.103016)
potential : -4.575032 (0.103030)
energy : -2.175288 (0.000420)

kinetic : 2.394146 (0.102595)
potential : -4.569446 (0.102609)
energy : -2.175300 (0.000418)

kinetic : 2.390796 (0.102082)
potential : -4.566076 (0.102096)
energy : -2.175279 (0.000416)

kinetic : 2.396318 (0.101669)
potential : -4.571615 (0.101684)
energy : -2.175296 (0.000414)

kinetic : 2.393925 (0.101141)
potential : -4.569259 (0.101155)
energy : -2.175334 (0.000414)

kinetic : 2.391188 (0.100627)
potential : -4.566528 (0.100640)
energy : -2.175340 (0.000411)

kinetic : 2.386322 (0.100200)
potential : -4.561649 (0.100214)
energy : -2.175327 (0.000409)

kinetic : 2.394515 (0.099996)
potential : -4.569847 (0.100010)
energy : -2.175332 (0.000407)

kinetic : 2.389662 (0.099578)
potential : -4.565010 (0.099591)
energy : -2.175348 (0.000405)

kinetic : 2.385785 (0.099123)
potential : -4.561118 (0.099137)
energy : -2.175333 (0.000404)

kinetic : 2.385671 (0.098597)
potential : -4.561004 (0.098611)
energy : -2.175333 (0.000401)

kinetic : 2.385929 (0.098077)
potential : -4.561259 (0.098091)
energy : -2.175330 (0.000399)

kinetic : 2.379310 (0.097786)
potential : -4.554622 (0.097801)
energy : -2.175311 (0.000398)

kinetic : 2.375759 (0.097340)
potential : -4.551067 (0.097355)
energy : -2.175308 (0.000396)

kinetic : 2.384166 (0.097199)
potential : -4.559478 (0.097214)
energy : -2.175312 (0.000394)

kinetic : 2.399982 (0.097982)
potential : -4.575316 (0.098000)
energy : -2.175333 (0.000392)

kinetic : 2.398106 (0.097496)
potential : -4.573430 (0.097514)
energy : -2.175324 (0.000390)

kinetic : 2.394058 (0.097082)
potential : -4.569372 (0.097101)
energy : -2.175314 (0.000388)

kinetic : 2.387661 (0.096799)
potential : -4.562960 (0.096819)
energy : -2.175300 (0.000387)

kinetic : 2.383438 (0.096402)
potential : -4.558734 (0.096421)
energy : -2.175296 (0.000385)

kinetic : 2.378154 (0.096061)
potential : -4.553400 (0.096084)
energy : -2.175246 (0.000386)

kinetic : 2.377726 (0.095581)
potential : -4.553001 (0.095603)
energy : -2.175275 (0.000385)

kinetic : 2.381002 (0.095161)
potential : -4.556289 (0.095183)
energy : -2.175287 (0.000383)

kinetic : 2.374620 (0.094903)
potential : -4.549881 (0.094927)
energy : -2.175260 (0.000382)

kinetic : 2.369755 (0.094560)
potential : -4.545003 (0.094584)
energy : -2.175249 (0.000381)

kinetic : 2.366772 (0.094142)
potential : -4.542041 (0.094166)
energy : -2.175269 (0.000379)

kinetic : 2.372475 (0.093855)
potential : -4.547757 (0.093880)
energy : -2.175281 (0.000378)

kinetic : 2.367280 (0.093543)
potential : -4.542550 (0.093568)
energy : -2.175270 (0.000376)

kinetic : 2.362101 (0.093234)
potential : -4.537330 (0.093261)
energy : -2.175230 (0.000376)

kinetic : 2.363345 (0.092793)
potential : -4.538585 (0.092820)
energy : -2.175240 (0.000375)

kinetic : 2.356951 (0.092569)
potential : -4.532203 (0.092595)
energy : -2.175252 (0.000373)

kinetic : 2.354795 (0.092152)
potential : -4.530057 (0.092178)
energy : -2.175262 (0.000371)

kinetic : 2.355199 (0.091716)
potential : -4.530463 (0.091741)
energy : -2.175264 (0.000370)

kinetic : 2.352294 (0.091328)
potential : -4.527553 (0.091353)
energy : -2.175259 (0.000368)

kinetic : 2.352235 (0.090898)
potential : -4.527487 (0.090924)
energy : -2.175252 (0.000366)

kinetic : 2.347320 (0.090606)
potential : -4.522582 (0.090631)
energy : -2.175261 (0.000365)

kinetic : 2.344058 (0.090243)
potential : -4.519312 (0.090267)
energy : -2.175254 (0.000363)

kinetic : 2.347193 (0.089879)
potential : -4.522512 (0.089905)
energy : -2.175320 (0.000367)

kinetic : 2.343787 (0.089528)
potential : -4.519079 (0.089556)
energy : -2.175292 (0.000367)

kinetic : 2.342568 (0.089125)
potential : -4.517875 (0.089152)
energy : -2.175307 (0.000365)

kinetic : 2.338488 (0.088811)
potential : -4.513786 (0.088838)
energy : -2.175298 (0.000364)

kinetic : 2.337914 (0.088408)
potential : -4.513195 (0.088436)
energy : -2.175280 (0.000362)

kinetic : 2.334749 (0.088064)
potential : -4.509991 (0.088093)
energy : -2.175242 (0.000363)

kinetic : 2.332083 (0.087707)
potential : -4.507348 (0.087735)
energy : -2.175266 (0.000362)

kinetic : 2.329976 (0.087338)
potential : -4.505229 (0.087366)
energy : -2.175253 (0.000361)

kinetic : 2.330465 (0.086949)
potential : -4.505705 (0.086977)
energy : -2.175240 (0.000359)

kinetic : 2.326430 (0.086655)
potential : -4.501668 (0.086683)
energy : -2.175238 (0.000358)

kinetic : 2.323745 (0.086313)
potential : -4.498993 (0.086340)
energy : -2.175248 (0.000356)

kinetic : 2.322516 (0.085941)
potential : -4.497741 (0.085968)
energy : -2.175225 (0.000355)

kinetic : 2.316154 (0.085799)
potential : -4.491378 (0.085827)
energy : -2.175224 (0.000354)

kinetic : 2.312240 (0.085513)
potential : -4.487453 (0.085541)
energy : -2.175213 (0.000352)

kinetic : 2.331218 (0.087230)
potential : -4.506399 (0.087250)
energy : -2.175181 (0.000352)

kinetic : 2.328535 (0.086893)
potential : -4.503710 (0.086913)
energy : -2.175175 (0.000351)

kinetic : 2.328959 (0.086519)
potential : -4.504176 (0.086539)
energy : -2.175216 (0.000352)

kinetic : 2.330919 (0.086169)
potential : -4.506170 (0.086190)
energy : -2.175251 (0.000352)

kinetic : 2.329005 (0.085821)
potential : -4.504227 (0.085843)
energy : -2.175222 (0.000352)

kinetic : 2.324610 (0.085568)
potential : -4.499822 (0.085590)
energy : -2.175212 (0.000350)

kinetic : 2.322753 (0.085225)
potential : -4.497956 (0.085247)
energy : -2.175202 (0.000349)

kinetic : 2.317677 (0.085016)
potential : -4.492883 (0.085038)
energy : -2.175207 (0.000348)

kinetic : 2.316515 (0.084666)
potential : -4.491748 (0.084688)
energy : -2.175233 (0.000347)

kinetic : 2.325181 (0.084756)
potential : -4.500417 (0.084777)
energy : -2.175236 (0.000346)

kinetic : 2.324354 (0.084406)
potential : -4.499570 (0.084427)
energy : -2.175215 (0.000345)

kinetic : 2.324500 (0.084055)
potential : -4.499722 (0.084076)
energy : -2.175223 (0.000343)

kinetic : 2.322504 (0.083731)
potential : -4.497700 (0.083753)
energy : -2.175197 (0.000343)

kinetic : 2.321097 (0.083397)
potential : -4.496291 (0.083419)
energy : -2.175194 (0.000342)

kinetic : 2.318535 (0.083094)
potential : -4.493716 (0.083116)
energy : -2.175181 (0.000340)

kinetic : 2.312523 (0.082973)
potential : -4.487698 (0.082995)
energy : -2.175175 (0.000339)

kinetic : 2.310078 (0.082671)
potential : -4.485244 (0.082693)
energy : -2.175166 (0.000338)

kinetic : 2.306192 (0.082427)
potential : -4.481354 (0.082450)
energy : -2.175162 (0.000337)

kinetic : 2.307449 (0.082104)
potential : -4.482602 (0.082126)
energy : -2.175153 (0.000335)

kinetic : 2.306269 (0.081782)
potential : -4.481428 (0.081804)
energy : -2.175159 (0.000334)

kinetic : 2.301591 (0.081588)
potential : -4.476753 (0.081610)
energy : -2.175162 (0.000333)

kinetic : 2.298393 (0.081325)
potential : -4.473544 (0.081348)
energy : -2.175151 (0.000332)

kinetic : 2.297637 (0.081006)
potential : -4.472772 (0.081028)
energy : -2.175135 (0.000331)

kinetic : 2.294581 (0.080743)
potential : -4.469710 (0.080765)
energy : -2.175129 (0.000329)

kinetic : 2.294489 (0.080424)
potential : -4.469601 (0.080446)
energy : -2.175111 (0.000329)

kinetic : 2.292308 (0.080138)
potential : -4.467427 (0.080160)
energy : -2.175119 (0.000327)

kinetic : 2.295590 (0.079892)
potential : -4.470672 (0.079912)
energy : -2.175081 (0.000328)

kinetic : 2.294499 (0.079588)
potential : -4.469600 (0.079608)
energy : -2.175101 (0.000328)

kinetic : 2.290225 (0.079394)
potential : -4.465320 (0.079414)
energy : -2.175095 (0.000326)

kinetic : 2.287280 (0.079141)
potential : -4.462368 (0.079162)
energy : -2.175088 (0.000325)

kinetic : 2.285174 (0.078865)
potential : -4.460236 (0.078886)
energy : -2.175063 (0.000325)

kinetic : 2.284884 (0.078562)
potential : -4.459932 (0.078583)
energy : -2.175048 (0.000324)

kinetic : 2.280565 (0.078381)
potential : -4.455618 (0.078402)
energy : -2.175053 (0.000323)

kinetic : 2.277671 (0.078136)
potential : -4.452726 (0.078156)
energy : -2.175054 (0.000322)

kinetic : 2.275492 (0.077870)
potential : -4.450531 (0.077891)
energy : -2.175039 (0.000321)

kinetic : 2.272151 (0.077648)
potential : -4.447169 (0.077669)
energy : -2.175019 (0.000320)

kinetic : 2.309503 (0.085901)
potential : -4.484506 (0.085913)
energy : -2.175002 (0.000319)

kinetic : 2.313257 (0.085661)
potential : -4.488260 (0.085673)
energy : -2.175002 (0.000318)

kinetic : 2.311051 (0.085369)
potential : -4.486030 (0.085382)
energy : -2.174979 (0.000318)

kinetic : 2.309652 (0.085063)
potential : -4.484634 (0.085076)
energy : -2.174982 (0.000317)

kinetic : 2.308514 (0.084755)
potential : -4.483519 (0.084767)
energy : -2.175005 (0.000316)

kinetic : 2.303222 (0.084607)
potential : -4.478224 (0.084620)
energy : -2.175002 (0.000315)

kinetic : 2.301770 (0.084308)
potential : -4.476763 (0.084321)
energy : -2.174992 (0.000314)

kinetic : 2.302082 (0.083999)
potential : -4.477062 (0.084012)
energy : -2.174980 (0.000313)

kinetic : 2.298798 (0.083757)
potential : -4.473775 (0.083769)
energy : -2.174977 (0.000312)

kinetic : 2.297041 (0.083470)
potential : -4.472038 (0.083482)
energy : -2.174997 (0.000312)

kinetic : 2.293876 (0.083227)
potential : -4.468873 (0.083239)
energy : -2.174996 (0.000310)

kinetic : 2.293207 (0.082929)
potential : -4.468184 (0.082941)
energy : -2.174977 (0.000310)

kinetic : 2.292384 (0.082634)
potential : -4.467339 (0.082646)
energy : -2.174954 (0.000310)

kinetic : 2.295252 (0.082387)
potential : -4.470191 (0.082399)
energy : -2.174939 (0.000309)

kinetic : 2.295309 (0.082093)
potential : -4.470255 (0.082104)
energy : -2.174946 (0.000308)

kinetic : 2.292500 (0.081848)
potential : -4.467451 (0.081860)
energy : -2.174951 (0.000307)

kinetic : 2.291986 (0.081559)
potential : -4.466938 (0.081570)
energy : -2.174952 (0.000306)

kinetic : 2.300160 (0.081680)
potential : -4.475120 (0.081692)
energy : -2.174960 (0.000305)

kinetic : 2.297521 (0.081435)
potential : -4.472497 (0.081447)
energy : -2.174976 (0.000304)

kinetic : 2.299092 (0.081164)
potential : -4.474077 (0.081176)
energy : -2.174984 (0.000303)

kinetic : 2.297973 (0.080887)
potential : -4.472955 (0.080899)
energy : -2.174982 (0.000302)

kinetic : 2.298417 (0.080606)
potential : -4.473393 (0.080618)
energy : -2.174976 (0.000301)

kinetic : 2.297792 (0.080328)
potential : -4.472760 (0.080340)
energy : -2.174968 (0.000300)

kinetic : 2.293892 (0.080145)
potential : -4.468855 (0.080157)
energy : -2.174963 (0.000299)

kinetic : 2.291599 (0.079901)
potential : -4.466550 (0.079913)
energy : -2.174951 (0.000298)

kinetic : 2.291181 (0.079627)
potential : -4.466139 (0.079639)
energy : -2.174957 (0.000297)

kinetic : 2.289662 (0.079368)
potential : -4.464615 (0.079380)
energy : -2.174953 (0.000296)

kinetic : 2.287034 (0.079141)
potential : -4.462005 (0.079152)
energy : -2.174971 (0.000296)

kinetic : 2.289696 (0.078916)
potential : -4.464657 (0.078927)
energy : -2.174960 (0.000295)

kinetic : 2.287492 (0.078679)
potential : -4.462452 (0.078690)
energy : -2.174960 (0.000294)

kinetic : 2.285289 (0.078444)
potential : -4.460241 (0.078455)
energy : -2.174952 (0.000293)

kinetic : 2.282884 (0.078216)
potential : -4.457831 (0.078227)
energy : -2.174948 (0.000292)

kinetic : 2.282952 (0.077953)
potential : -4.457907 (0.077964)
energy : -2.174955 (0.000291)

kinetic : 2.282507 (0.077693)
potential : -4.457474 (0.077704)
energy : -2.174967 (0.000291)

kinetic : 2.280063 (0.077472)
potential : -4.455030 (0.077483)
energy : -2.174967 (0.000290)

kinetic : 2.278032 (0.077241)
potential : -4.452984 (0.077253)
energy : -2.174952 (0.000289)

kinetic : 2.279695 (0.077003)
potential : -4.454676 (0.077015)
energy : -2.174981 (0.000290)

kinetic : 2.279485 (0.076749)
potential : -4.454463 (0.076761)
energy : -2.174978 (0.000289)

kinetic : 2.278572 (0.076501)
potential : -4.453541 (0.076513)
energy : -2.174969 (0.000288)

kinetic : 2.277096 (0.076264)
potential : -4.452076 (0.076276)
energy : -2.174980 (0.000287)

kinetic : 2.274522 (0.076058)
potential : -4.449495 (0.076070)
energy : -2.174973 (0.000286)

kinetic : 2.274144 (0.075811)
potential : -4.449118 (0.075823)
energy : -2.174974 (0.000285)

kinetic : 2.274596 (0.075566)
potential : -4.449570 (0.075578)
energy : -2.174974 (0.000284)

kinetic : 2.271193 (0.075398)
potential : -4.446156 (0.075410)
energy : -2.174963 (0.000284)

kinetic : 2.268795 (0.075192)
potential : -4.443754 (0.075205)
energy : -2.174959 (0.000283)

kinetic : 2.267447 (0.074962)
potential : -4.442399 (0.074975)
energy : -2.174952 (0.000282)

kinetic : 2.264480 (0.074781)
potential : -4.439431 (0.074793)
energy : -2.174951 (0.000281)

kinetic : 2.262442 (0.074569)
potential : -4.437398 (0.074582)
energy : -2.174957 (0.000280)

kinetic : 2.265026 (0.074376)
potential : -4.440007 (0.074389)
energy : -2.174981 (0.000280)

kinetic : 2.263064 (0.074166)
potential : -4.438042 (0.074179)
energy : -2.174977 (0.000280)

kinetic : 2.269561 (0.074216)
potential : -4.444511 (0.074226)
energy : -2.174950 (0.000280)

kinetic : 2.267273 (0.074016)
potential : -4.442215 (0.074027)
energy : -2.174942 (0.000279)

kinetic : 2.265161 (0.073814)
potential : -4.440108 (0.073824)
energy : -2.174947 (0.000278)

kinetic : 2.263865 (0.073593)
potential : -4.438826 (0.073604)
energy : -2.174962 (0.000278)

kinetic : 2.262041 (0.073385)
potential : -4.437002 (0.073396)
energy : -2.174962 (0.000277)

kinetic : 2.261135 (0.073162)
potential : -4.436092 (0.073173)
energy : -2.174957 (0.000276)

kinetic : 2.259609 (0.072951)
potential : -4.434563 (0.072961)
energy : -2.174953 (0.000275)

kinetic : 2.256827 (0.072778)
potential : -4.431781 (0.072788)
energy : -2.174954 (0.000275)

kinetic : 2.261409 (0.072697)
potential : -4.436358 (0.072707)
energy : -2.174948 (0.000274)

kinetic : 2.259086 (0.072510)
potential : -4.434028 (0.072520)
energy : -2.174942 (0.000273)

kinetic : 2.258189 (0.072293)
potential : -4.433131 (0.072303)
energy : -2.174941 (0.000272)

kinetic : 2.255413 (0.072125)
potential : -4.430354 (0.072135)
energy : -2.174941 (0.000271)

kinetic : 2.255362 (0.071905)
potential : -4.430298 (0.071915)
energy : -2.174936 (0.000271)

kinetic : 2.255088 (0.071687)
potential : -4.430029 (0.071697)
energy : -2.174941 (0.000270)

kinetic : 2.255119 (0.071469)
potential : -4.430062 (0.071479)
energy : -2.174943 (0.000269)

kinetic : 2.252724 (0.071293)
potential : -4.427659 (0.071303)
energy : -2.174935 (0.000268)

kinetic : 2.252661 (0.071078)
potential : -4.427598 (0.071088)
energy : -2.174937 (0.000267)

kinetic : 2.250855 (0.070887)
potential : -4.425795 (0.070897)
energy : -2.174940 (0.000267)

kinetic : 2.248995 (0.070699)
potential : -4.423948 (0.070709)
energy : -2.174953 (0.000266)

kinetic : 2.248143 (0.070493)
potential : -4.423109 (0.070502)
energy : -2.174966 (0.000266)

kinetic : 2.244190 (0.070394)
potential : -4.419152 (0.070404)
energy : -2.174962 (0.000265)

kinetic : 2.243692 (0.070186)
potential : -4.418666 (0.070196)
energy : -2.174974 (0.000264)

kinetic : 2.243401 (0.069979)
potential : -4.418379 (0.069989)
energy : -2.174978 (0.000264)

kinetic : 2.242757 (0.069775)
potential : -4.417736 (0.069785)
energy : -2.174979 (0.000263)

kinetic : 2.240151 (0.069619)
potential : -4.415119 (0.069628)
energy : -2.174968 (0.000262)

kinetic : 2.238021 (0.069447)
potential : -4.412993 (0.069457)
energy : -2.174972 (0.000262)

kinetic : 2.236477 (0.069261)
potential : -4.411449 (0.069270)
energy : -2.174971 (0.000261)

kinetic : 2.236161 (0.069059)
potential : -4.411133 (0.069069)
energy : -2.174972 (0.000260)

kinetic : 2.236203 (0.068858)
potential : -4.411176 (0.068868)
energy : -2.174973 (0.000259)

kinetic : 2.232282 (0.068770)
potential : -4.407244 (0.068780)
energy : -2.174962 (0.000259)

kinetic : 2.232520 (0.068571)
potential : -4.407451 (0.068582)
energy : -2.174931 (0.000260)

kinetic : 2.232129 (0.068375)
potential : -4.407063 (0.068385)
energy : -2.174933 (0.000259)

kinetic : 2.231265 (0.068183)
potential : -4.406166 (0.068194)
energy : -2.174901 (0.000260)

kinetic : 2.229772 (0.068004)
potential : -4.404683 (0.068014)
energy : -2.174911 (0.000260)

kinetic : 2.229307 (0.067811)
potential : -4.404223 (0.067821)
energy : -2.174917 (0.000259)

kinetic : 2.226317 (0.067684)
potential : -4.401210 (0.067695)
energy : -2.174893 (0.000259)

kinetic : 2.225903 (0.067492)
potential : -4.400829 (0.067503)
energy : -2.174925 (0.000261)

kinetic : 2.223921 (0.067330)
potential : -4.398844 (0.067341)
energy : -2.174923 (0.000260)

kinetic : 2.221762 (0.067174)
potential : -4.396701 (0.067185)
energy : -2.174940 (0.000260)

kinetic : 2.235815 (0.068443)
potential : -4.410834 (0.068470)
energy : -2.175019 (0.000271)

kinetic : 2.232462 (0.068333)
potential : -4.407475 (0.068360)
energy : -2.175013 (0.000270)

kinetic : 2.234607 (0.068175)
potential : -4.409618 (0.068202)
energy : -2.175012 (0.000270)

kinetic : 2.233732 (0.067990)
potential : -4.408733 (0.068017)
energy : -2.175001 (0.000269)

kinetic : 2.231461 (0.067838)
potential : -4.406464 (0.067865)
energy : -2.175003 (0.000268)

kinetic : 2.229934 (0.067667)
potential : -4.404928 (0.067694)
energy : -2.174995 (0.000268)

kinetic : 2.229700 (0.067480)
potential : -4.404694 (0.067506)
energy : -2.174994 (0.000267)

kinetic : 2.228848 (0.067298)
potential : -4.403833 (0.067325)
energy : -2.174985 (0.000266)

kinetic : 2.230435 (0.067132)
potential : -4.405396 (0.067157)
energy : -2.174961 (0.000267)

kinetic : 2.231422 (0.066954)
potential : -4.406398 (0.066980)
energy : -2.174977 (0.000266)

kinetic : 2.230045 (0.066785)
potential : -4.405022 (0.066811)
energy : -2.174977 (0.000266)

kinetic : 2.230619 (0.066604)
potential : -4.405598 (0.066630)
energy : -2.174979 (0.000265)

kinetic : 2.230026 (0.066425)
potential : -4.405002 (0.066451)
energy : -2.174976 (0.000264)

kinetic : 2.230274 (0.066245)
potential : -4.405246 (0.066271)
energy : -2.174971 (0.000264)

kinetic : 2.234382 (0.066193)
potential : -4.409369 (0.066219)
energy : -2.174987 (0.000263)

kinetic : 2.231546 (0.066075)
potential : -4.406525 (0.066101)
energy : -2.174979 (0.000263)

kinetic : 2.231202 (0.065897)
potential : -4.406179 (0.065924)
energy : -2.174978 (0.000262)

kinetic : 2.232034 (0.065725)
potential : -4.407016 (0.065752)
energy : -2.174982 (0.000261)

kinetic : 2.233088 (0.065557)
potential : -4.408068 (0.065584)
energy : -2.174980 (0.000261)

kinetic : 2.234031 (0.065388)
potential : -4.409001 (0.065415)
energy : -2.174971 (0.000260)

kinetic : 2.231216 (0.065274)
potential : -4.406183 (0.065301)
energy : -2.174968 (0.000260)

kinetic : 2.234412 (0.065179)
potential : -4.409374 (0.065205)
energy : -2.174962 (0.000259)

kinetic : 2.232767 (0.065027)
potential : -4.407723 (0.065053)
energy : -2.174956 (0.000258)

kinetic : 2.231455 (0.064868)
potential : -4.406413 (0.064894)
energy : -2.174957 (0.000258)

kinetic : 2.227406 (0.064823)
potential : -4.402346 (0.064850)
energy : -2.174940 (0.000257)

kinetic : 2.227247 (0.064652)
potential : -4.402194 (0.064679)
energy : -2.174947 (0.000257)

kinetic : 2.225876 (0.064497)
potential : -4.400810 (0.064524)
energy : -2.174934 (0.000257)

kinetic : 2.223137 (0.064386)
potential : -4.398065 (0.064414)
energy : -2.174927 (0.000256)

kinetic : 2.225636 (0.064267)
potential : -4.400564 (0.064294)
energy : -2.174927 (0.000255)

kinetic : 2.222971 (0.064154)
potential : -4.397896 (0.064182)
energy : -2.174925 (0.000255)

kinetic : 2.229344 (0.064304)
potential : -4.404277 (0.064332)
energy : -2.174932 (0.000254)

kinetic : 2.228520 (0.064143)
potential : -4.403449 (0.064170)
energy : -2.174929 (0.000253)

kinetic : 2.226673 (0.064003)
potential : -4.401605 (0.064031)
energy : -2.174931 (0.000253)

kinetic : 2.226750 (0.063838)
potential : -4.401681 (0.063866)
energy : -2.174930 (0.000252)

kinetic : 2.224651 (0.063708)
potential : -4.399581 (0.063736)
energy : -2.174931 (0.000251)

kinetic : 2.220736 (0.063665)
potential : -4.395661 (0.063693)
energy : -2.174925 (0.000251)

kinetic : 2.221164 (0.063504)
potential : -4.396091 (0.063531)
energy : -2.174927 (0.000250)

kinetic : 2.222404 (0.063354)
potential : -4.397339 (0.063381)
energy : -2.174935 (0.000250)

kinetic : 2.221907 (0.063194)
potential : -4.396848 (0.063222)
energy : -2.174941 (0.000249)

kinetic : 2.221285 (0.063037)
potential : -4.396234 (0.063064)
energy : -2.174949 (0.000249)

kinetic : 2.221307 (0.062877)
potential : -4.396266 (0.062904)
energy : -2.174959 (0.000248)

kinetic : 2.219902 (0.062734)
potential : -4.394870 (0.062761)
energy : -2.174968 (0.000248)

kinetic : 2.221536 (0.062597)
potential : -4.396509 (0.062624)
energy : -2.174973 (0.000247)

kinetic : 2.221121 (0.062441)
potential : -4.396086 (0.062468)
energy : -2.174965 (0.000247)

kinetic : 2.217449 (0.062392)
potential : -4.392417 (0.062419)
energy : -2.174968 (0.000246)

kinetic : 2.217895 (0.062238)
potential : -4.392854 (0.062264)
energy : -2.174958 (0.000246)

kinetic : 2.219605 (0.062106)
potential : -4.394561 (0.062132)
energy : -2.174956 (0.000245)

kinetic : 2.217648 (0.061982)
potential : -4.392594 (0.062009)
energy : -2.174947 (0.000245)

kinetic : 2.218042 (0.061829)
potential : -4.392992 (0.061856)
energy : -2.174950 (0.000244)

kinetic : 2.216708 (0.061690)
potential : -4.391656 (0.061717)
energy : -2.174949 (0.000243)

kinetic : 2.213908 (0.061602)
potential : -4.388855 (0.061628)
energy : -2.174947 (0.000243)

kinetic : 2.210904 (0.061523)
potential : -4.385853 (0.061549)
energy : -2.174949 (0.000242)

kinetic : 2.208606 (0.061415)
potential : -4.383548 (0.061441)
energy : -2.174943 (0.000242)

kinetic : 2.207247 (0.061279)
potential : -4.382184 (0.061306)
energy : -2.174937 (0.000241)

kinetic : 2.205462 (0.061155)
potential : -4.380395 (0.061182)
energy : -2.174933 (0.000241)

kinetic : 2.202804 (0.061064)
potential : -4.377728 (0.061091)
energy : -2.174924 (0.000240)

kinetic : 2.206262 (0.061013)
potential : -4.381199 (0.061041)
energy : -2.174937 (0.000240)

kinetic : 2.211312 (0.061074)
potential : -4.386241 (0.061101)
energy : -2.174929 (0.000240)

kinetic : 2.213110 (0.060952)
potential : -4.388033 (0.060979)
energy : -2.174923 (0.000239)

kinetic : 2.215249 (0.060842)
potential : -4.390239 (0.060871)
energy : -2.174990 (0.000248)

kinetic : 2.214476 (0.060701)
potential : -4.389478 (0.060729)
energy : -2.175002 (0.000247)

kinetic : 2.213632 (0.060560)
potential : -4.388639 (0.060589)
energy : -2.175007 (0.000247)

kinetic : 2.216727 (0.060494)
potential : -4.391753 (0.060523)
energy : -2.175026 (0.000247)

kinetic : 2.217563 (0.060355)
potential : -4.392593 (0.060384)
energy : -2.175030 (0.000246)

kinetic : 2.217316 (0.060211)
potential : -4.392349 (0.060241)
energy : -2.175033 (0.000246)

kinetic : 2.215160 (0.060107)
potential : -4.390180 (0.060136)
energy : -2.175020 (0.000245)

kinetic : 2.214364 (0.059969)
potential : -4.389381 (0.059998)
energy : -2.175017 (0.000245)

kinetic : 2.217830 (0.059927)
potential : -4.392858 (0.059957)
energy : -2.175028 (0.000245)

kinetic : 2.218320 (0.059787)
potential : -4.393340 (0.059817)
energy : -2.175020 (0.000244)

kinetic : 2.214905 (0.059744)
potential : -4.389934 (0.059773)
energy : -2.175030 (0.000244)

kinetic : 2.214058 (0.059609)
potential : -4.389086 (0.059638)
energy : -2.175028 (0.000243)

kinetic : 2.214265 (0.059469)
potential : -4.389285 (0.059498)
energy : -2.175021 (0.000243)

kinetic : 2.214083 (0.059330)
potential : -4.389106 (0.059359)
energy : -2.175023 (0.000242)

kinetic : 2.211534 (0.059246)
potential : -4.386584 (0.059274)
energy : -2.175051 (0.000243)

kinetic : 2.209591 (0.059140)
potential : -4.384644 (0.059167)
energy : -2.175053 (0.000243)

kinetic : 2.208883 (0.059006)
potential : -4.383945 (0.059034)
energy : -2.175062 (0.000242)

kinetic : 2.207387 (0.058888)
potential : -4.382440 (0.058916)
energy : -2.175053 (0.000242)

kinetic : 2.205758 (0.058774)
potential : -4.380805 (0.058802)
energy : -2.175046 (0.000241)

kinetic : 2.210891 (0.058863)
potential : -4.385931 (0.058890)
energy : -2.175041 (0.000241)

kinetic : 2.208856 (0.058762)
potential : -4.383902 (0.058789)
energy : -2.175047 (0.000240)

kinetic : 2.225001 (0.060809)
potential : -4.400056 (0.060837)
energy : -2.175055 (0.000240)

kinetic : 2.226292 (0.060684)
potential : -4.401357 (0.060711)
energy : -2.175065 (0.000240)

kinetic : 2.224419 (0.060574)
potential : -4.399483 (0.060601)
energy : -2.175064 (0.000239)

kinetic : 2.222880 (0.060455)
potential : -4.397935 (0.060483)
energy : -2.175056 (0.000239)

kinetic : 2.220417 (0.060367)
potential : -4.395467 (0.060395)
energy : -2.175050 (0.000238)

kinetic : 2.222136 (0.060254)
potential : -4.397188 (0.060282)
energy : -2.175052 (0.000238)

kinetic : 2.222631 (0.060119)
potential : -4.397710 (0.060148)
energy : -2.175079 (0.000239)

kinetic : 2.222488 (0.059983)
potential : -4.397562 (0.060012)
energy : -2.175074 (0.000238)

kinetic : 2.222988 (0.059850)
potential : -4.398060 (0.059878)
energy : -2.175072 (0.000238)

kinetic : 2.222168 (0.059721)
potential : -4.397246 (0.059749)
energy : -2.175078 (0.000237)

kinetic : 2.219213 (0.059660)
potential : -4.394299 (0.059687)
energy : -2.175086 (0.000237)

kinetic : 2.217146 (0.059562)
potential : -4.392238 (0.059589)
energy : -2.175093 (0.000236)

kinetic : 2.218589 (0.059446)
potential : -4.393699 (0.059473)
energy : -2.175111 (0.000237)

kinetic : 2.221176 (0.059369)
potential : -4.396282 (0.059396)
energy : -2.175106 (0.000236)

kinetic : 2.222151 (0.059245)
potential : -4.397246 (0.059272)
energy : -2.175095 (0.000236)

kinetic : 2.220435 (0.059138)
potential : -4.395530 (0.059165)
energy : -2.175095 (0.000235)

kinetic : 2.222423 (0.059040)
potential : -4.397534 (0.059068)
energy : -2.175111 (0.000235)

kinetic : 2.221193 (0.058922)
potential : -4.396297 (0.058950)
energy : -2.175105 (0.000235)

kinetic : 2.222278 (0.058802)
potential : -4.397414 (0.058830)
energy : -2.175136 (0.000236)

kinetic : 2.220048 (0.058715)
potential : -4.395188 (0.058743)
energy : -2.175140 (0.000236)

kinetic : 2.224638 (0.058765)
potential : -4.399764 (0.058792)
energy : -2.175126 (0.000236)

kinetic : 2.225657 (0.058645)
potential : -4.400789 (0.058672)
energy : -2.175132 (0.000235)

kinetic : 2.224747 (0.058524)
potential : -4.399890 (0.058550)
energy : -2.175143 (0.000235)

kinetic : 2.230411 (0.058670)
potential : -4.405574 (0.058698)
energy : -2.175163 (0.000235)

kinetic : 2.228154 (0.058585)
potential : -4.403312 (0.058613)
energy : -2.175158 (0.000235)

kinetic : 2.228225 (0.058458)
potential : -4.403375 (0.058486)
energy : -2.175150 (0.000235)

kinetic : 2.226550 (0.058355)
potential : -4.401705 (0.058383)
energy : -2.175155 (0.000234)

kinetic : 2.225234 (0.058243)
potential : -4.400384 (0.058271)
energy : -2.175149 (0.000234)

kinetic : 2.225121 (0.058118)
potential : -4.400263 (0.058145)
energy : -2.175142 (0.000233)

kinetic : 2.228977 (0.058120)
potential : -4.404129 (0.058149)
energy : -2.175152 (0.000233)

kinetic : 2.227300 (0.058019)
potential : -4.402454 (0.058048)
energy : -2.175155 (0.000233)

kinetic : 2.227356 (0.057895)
potential : -4.402507 (0.057923)
energy : -2.175151 (0.000232)

kinetic : 2.228117 (0.057776)
potential : -4.403272 (0.057804)
energy : -2.175155 (0.000232)

kinetic : 2.226802 (0.057667)
potential : -4.401945 (0.057696)
energy : -2.175143 (0.000231)

kinetic : 2.223244 (0.057654)
potential : -4.398381 (0.057683)
energy : -2.175136 (0.000231)

kinetic : 2.222000 (0.057545)
potential : -4.397139 (0.057573)
energy : -2.175139 (0.000231)

kinetic : 2.220127 (0.057453)
potential : -4.395259 (0.057482)
energy : -2.175132 (0.000230)

kinetic : 2.220058 (0.057331)
potential : -4.395174 (0.057360)
energy : -2.175117 (0.000230)

kinetic : 2.220588 (0.057212)
potential : -4.395702 (0.057241)
energy : -2.175114 (0.000230)

kinetic : 2.221064 (0.057093)
potential : -4.396171 (0.057122)
energy : -2.175108 (0.000229)

kinetic : 2.220486 (0.056976)
potential : -4.395602 (0.057004)
energy : -2.175117 (0.000229)

kinetic : 2.217897 (0.056915)
potential : -4.393021 (0.056943)
energy : -2.175124 (0.000229)

kinetic : 2.216702 (0.056808)
potential : -4.391818 (0.056836)
energy : -2.175115 (0.000228)

kinetic : 2.215499 (0.056702)
potential : -4.390609 (0.056730)
energy : -2.175109 (0.000228)

kinetic : 2.219314 (0.056712)
potential : -4.394420 (0.056740)
energy : -2.175106 (0.000228)

kinetic : 2.219548 (0.056594)
potential : -4.394653 (0.056622)
energy : -2.175105 (0.000227)

kinetic : 2.225731 (0.056814)
potential : -4.400851 (0.056843)
energy : -2.175120 (0.000227)

kinetic : 2.223370 (0.056745)
potential : -4.398486 (0.056774)
energy : -2.175115 (0.000227)

kinetic : 2.222326 (0.056637)
potential : -4.397439 (0.056666)
energy : -2.175113 (0.000226)

kinetic : 2.220927 (0.056537)
potential : -4.396041 (0.056566)
energy : -2.175114 (0.000226)

kinetic : 2.222977 (0.056458)
potential : -4.398094 (0.056487)
energy : -2.175117 (0.000225)

kinetic : 2.222674 (0.056342)
potential : -4.397794 (0.056371)
energy : -2.175120 (0.000225)

kinetic : 2.221374 (0.056241)
potential : -4.396492 (0.056270)
energy : -2.175118 (0.000224)

kinetic : 2.220988 (0.056127)
potential : -4.396093 (0.056156)
energy : -2.175105 (0.000224)

kinetic : 2.220195 (0.056018)
potential : -4.395304 (0.056047)
energy : -2.175110 (0.000224)

kinetic : 2.218004 (0.055947)
potential : -4.393121 (0.055975)
energy : -2.175118 (0.000224)

kinetic : 2.216450 (0.055854)
potential : -4.391565 (0.055883)
energy : -2.175115 (0.000223)

kinetic : 2.215907 (0.055743)
potential : -4.391030 (0.055771)
energy : -2.175123 (0.000223)

kinetic : 2.217252 (0.055646)
potential : -4.392380 (0.055675)
energy : -2.175128 (0.000223)

kinetic : 2.217093 (0.055534)
potential : -4.392229 (0.055562)
energy : -2.175135 (0.000222)

kinetic : 2.216854 (0.055422)
potential : -4.392006 (0.055450)
energy : -2.175151 (0.000222)

kinetic : 2.219002 (0.055352)
potential : -4.394153 (0.055380)
energy : -2.175151 (0.000222)

kinetic : 2.219350 (0.055241)
potential : -4.394504 (0.055269)
energy : -2.175154 (0.000221)

kinetic : 2.218188 (0.055142)
potential : -4.393353 (0.055170)
energy : -2.175165 (0.000221)

kinetic : 2.219452 (0.055046)
potential : -4.394640 (0.055075)
energy : -2.175188 (0.000222)

kinetic : 2.218359 (0.054947)
potential : -4.393553 (0.054975)
energy : -2.175194 (0.000222)

kinetic : 2.220164 (0.054867)
potential : -4.395356 (0.054895)
energy : -2.175191 (0.000221)

kinetic : 2.222333 (0.054800)
potential : -4.397514 (0.054828)
energy : -2.175181 (0.000221)

kinetic : 2.229343 (0.055139)
potential : -4.404514 (0.055165)
energy : -2.175170 (0.000221)

kinetic : 2.232899 (0.055144)
potential : -4.408069 (0.055170)
energy : -2.175169 (0.000220)

kinetic : 2.231578 (0.055051)
potential : -4.406749 (0.055076)
energy : -2.175171 (0.000220)

kinetic : 2.233517 (0.054976)
potential : -4.408673 (0.055001)
energy : -2.175156 (0.000220)

kinetic : 2.231326 (0.054911)
potential : -4.406475 (0.054936)
energy : -2.175149 (0.000220)

kinetic : 2.231099 (0.054804)
potential : -4.406242 (0.054829)
energy : -2.175143 (0.000219)

kinetic : 2.231805 (0.054700)
potential : -4.406927 (0.054725)
energy : -2.175123 (0.000220)

kinetic : 2.231446 (0.054594)
potential : -4.406579 (0.054619)
energy : -2.175134 (0.000220)

kinetic : 2.234899 (0.054596)
potential : -4.410034 (0.054621)
energy : -2.175136 (0.000219)

kinetic : 2.232796 (0.054530)
potential : -4.407929 (0.054555)
energy : -2.175133 (0.000219)

kinetic : 2.232274 (0.054426)
potential : -4.407399 (0.054451)
energy : -2.175126 (0.000219)

kinetic : 2.229687 (0.054382)
potential : -4.404803 (0.054407)
energy : -2.175116 (0.000218)

kinetic : 2.229231 (0.054278)
potential : -4.404348 (0.054303)
energy : -2.175117 (0.000218)

kinetic : 2.227615 (0.054197)
potential : -4.402740 (0.054222)
energy : -2.175125 (0.000218)

kinetic : 2.227680 (0.054092)
potential : -4.402823 (0.054117)
energy : -2.175144 (0.000218)

kinetic : 2.225007 (0.054054)
potential : -4.400153 (0.054078)
energy : -2.175146 (0.000218)

kinetic : 2.225893 (0.053957)
potential : -4.401029 (0.053981)
energy : -2.175136 (0.000217)

kinetic : 2.223210 (0.053920)
potential : -4.398347 (0.053944)
energy : -2.175137 (0.000217)

kinetic : 2.224744 (0.053838)
potential : -4.399872 (0.053862)
energy : -2.175127 (0.000217)

kinetic : 2.224713 (0.053735)
potential : -4.399831 (0.053758)
energy : -2.175118 (0.000217)

kinetic : 2.224792 (0.053632)
potential : -4.399909 (0.053656)
energy : -2.175117 (0.000216)

kinetic : 2.224323 (0.053532)
potential : -4.399446 (0.053555)
energy : -2.175123 (0.000216)

kinetic : 2.223248 (0.053440)
potential : -4.398375 (0.053464)
energy : -2.175127 (0.000215)

kinetic : 2.221319 (0.053373)
potential : -4.396440 (0.053397)
energy : -2.175122 (0.000215)

kinetic : 2.220144 (0.053285)
potential : -4.395264 (0.053309)
energy : -2.175120 (0.000215)

kinetic : 2.217311 (0.053259)
potential : -4.392411 (0.053284)
energy : -2.175100 (0.000215)

kinetic : 2.219564 (0.053206)
potential : -4.394649 (0.053230)
energy : -2.175085 (0.000215)

kinetic : 2.219006 (0.053109)
potential : -4.394100 (0.053133)
energy : -2.175094 (0.000215)

kinetic : 2.218599 (0.053010)
potential : -4.393690 (0.053034)
energy : -2.175091 (0.000215)

kinetic : 2.220870 (0.052959)
potential : -4.395956 (0.052983)
energy : -2.175086 (0.000214)

kinetic : 2.219343 (0.052882)
potential : -4.394431 (0.052905)
energy : -2.175088 (0.000214)

kinetic : 2.220862 (0.052805)
potential : -4.395946 (0.052828)
energy : -2.175084 (0.000214)

kinetic : 2.221608 (0.052711)
potential : -4.396701 (0.052734)
energy : -2.175093 (0.000214)

kinetic : 2.224480 (0.052691)
potential : -4.399577 (0.052714)
energy : -2.175097 (0.000213)

kinetic : 2.226736 (0.052641)
potential : -4.401834 (0.052664)
energy : -2.175098 (0.000213)

kinetic : 2.227985 (0.052558)
potential : -4.403091 (0.052581)
energy : -2.175106 (0.000213)

kinetic : 2.228849 (0.052467)
potential : -4.403951 (0.052491)
energy : -2.175102 (0.000212)

kinetic : 2.226395 (0.052428)
potential : -4.401484 (0.052452)
energy : -2.175089 (0.000212)

kinetic : 2.227875 (0.052352)
potential : -4.402985 (0.052376)
energy : -2.175109 (0.000213)

kinetic : 2.227987 (0.052255)
potential : -4.403095 (0.052280)
energy : -2.175108 (0.000212)

kinetic : 2.228507 (0.052161)
potential : -4.403604 (0.052186)
energy : -2.175096 (0.000212)

kinetic : 2.226792 (0.052094)
potential : -4.401882 (0.052118)
energy : -2.175090 (0.000212)

kinetic : 2.227214 (0.052000)
potential : -4.402296 (0.052024)
energy : -2.175082 (0.000212)

kinetic : 2.226858 (0.051906)
potential : -4.401925 (0.051930)
energy : -2.175066 (0.000212)

kinetic : 2.226643 (0.051811)
potential : -4.401687 (0.051835)
energy : -2.175044 (0.000213)

kinetic : 2.224711 (0.051752)
potential : -4.399747 (0.051777)
energy : -2.175037 (0.000212)

kinetic : 2.223150 (0.051682)
potential : -4.398181 (0.051706)
energy : -2.175031 (0.000212)

kinetic : 2.221742 (0.051607)
potential : -4.396784 (0.051631)
energy : -2.175041 (0.000212)

kinetic : 2.221223 (0.051516)
potential : -4.396258 (0.051540)
energy : -2.175035 (0.000212)

kinetic : 2.220126 (0.051434)
potential : -4.395166 (0.051458)
energy : -2.175040 (0.000211)

kinetic : 2.218223 (0.051376)
potential : -4.393256 (0.051401)
energy : -2.175033 (0.000211)

kinetic : 2.217427 (0.051290)
potential : -4.392456 (0.051314)
energy : -2.175029 (0.000211)

kinetic : 2.215991 (0.051217)
potential : -4.391023 (0.051242)
energy : -2.175031 (0.000210)

kinetic : 2.217518 (0.051148)
potential : -4.392546 (0.051172)
energy : -2.175028 (0.000210)

kinetic : 2.215448 (0.051098)
potential : -4.390470 (0.051122)
energy : -2.175022 (0.000210)

kinetic : 2.214589 (0.051013)
potential : -4.389622 (0.051038)
energy : -2.175033 (0.000210)

kinetic : 2.213459 (0.050935)
potential : -4.388487 (0.050959)
energy : -2.175028 (0.000210)

kinetic : 2.214447 (0.050853)
potential : -4.389473 (0.050877)
energy : -2.175026 (0.000209)

kinetic : 2.212534 (0.050798)
potential : -4.387559 (0.050823)
energy : -2.175024 (0.000209)

kinetic : 2.211816 (0.050713)
potential : -4.386853 (0.050737)
energy : -2.175037 (0.000209)

kinetic : 2.211429 (0.050624)
potential : -4.386484 (0.050648)
energy : -2.175055 (0.000209)

kinetic : 2.210612 (0.050541)
potential : -4.385663 (0.050565)
energy : -2.175052 (0.000209)

kinetic : 2.209517 (0.050464)
potential : -4.384572 (0.050487)
energy : -2.175055 (0.000209)

kinetic : 2.214511 (0.050621)
potential : -4.389563 (0.050644)
energy : -2.175051 (0.000208)

kinetic : 2.216969 (0.050592)
potential : -4.392018 (0.050614)
energy : -2.175048 (0.000208)

kinetic : 2.217454 (0.050505)
potential : -4.392493 (0.050527)
energy : -2.175039 (0.000208)

kinetic : 2.216636 (0.050423)
potential : -4.391670 (0.050445)
energy : -2.175035 (0.000207)

kinetic : 2.216924 (0.050335)
potential : -4.391966 (0.050358)
energy : -2.175043 (0.000207)

kinetic : 2.215445 (0.050268)
potential : -4.390489 (0.050291)
energy : -2.175044 (0.000207)

kinetic : 2.212531 (0.050265)
potential : -4.387569 (0.050288)
energy : -2.175039 (0.000207)

kinetic : 2.211220 (0.050194)
potential : -4.386256 (0.050217)
energy : -2.175036 (0.000206)

kinetic : 2.210457 (0.050113)
potential : -4.385493 (0.050135)
energy : -2.175036 (0.000206)

kinetic : 2.208836 (0.050052)
potential : -4.383870 (0.050075)
energy : -2.175034 (0.000205)

kinetic : 2.211169 (0.050019)
potential : -4.386200 (0.050042)
energy : -2.175030 (0.000205)

kinetic : 2.211336 (0.049933)
potential : -4.386383 (0.049955)
energy : -2.175047 (0.000205)

kinetic : 2.211612 (0.049847)
potential : -4.386655 (0.049870)
energy : -2.175043 (0.000205)

kinetic : 2.211114 (0.049763)
potential : -4.386151 (0.049786)
energy : -2.175037 (0.000205)

kinetic : 2.215436 (0.049865)
potential : -4.390472 (0.049887)
energy : -2.175036 (0.000204)

kinetic : 2.216915 (0.049801)
potential : -4.391947 (0.049823)
energy : -2.175032 (0.000204)

kinetic : 2.218245 (0.049733)
potential : -4.393275 (0.049755)
energy : -2.175031 (0.000204)

kinetic : 2.218741 (0.049650)
potential : -4.393774 (0.049673)
energy : -2.175033 (0.000203)

kinetic : 2.218497 (0.049566)
potential : -4.393519 (0.049588)
energy : -2.175022 (0.000203)

kinetic : 2.220772 (0.049533)
potential : -4.395818 (0.049557)
energy : -2.175046 (0.000205)

kinetic : 2.221098 (0.049450)
potential : -4.396154 (0.049473)
energy : -2.175056 (0.000204)

kinetic : 2.220689 (0.049367)
potential : -4.395739 (0.049390)
energy : -2.175050 (0.000204)

kinetic : 2.219195 (0.049306)
potential : -4.394246 (0.049329)
energy : -2.175050 (0.000204)

kinetic : 2.217613 (0.049247)
potential : -4.392663 (0.049271)
energy : -2.175050 (0.000203)

kinetic : 2.218481 (0.049171)
potential : -4.393530 (0.049195)
energy : -2.175049 (0.000203)

kinetic : 2.218865 (0.049090)
potential : -4.393928 (0.049113)
energy : -2.175063 (0.000203)

kinetic : 2.219956 (0.049019)
potential : -4.395009 (0.049042)
energy : -2.175053 (0.000203)

kinetic : 2.220388 (0.048938)
potential : -4.395444 (0.048961)
energy : -2.175056 (0.000203)

kinetic : 2.219077 (0.048873)
potential : -4.394127 (0.048896)
energy : -2.175051 (0.000203)

kinetic : 2.217734 (0.048809)
potential : -4.392780 (0.048833)
energy : -2.175046 (0.000202)

kinetic : 2.215621 (0.048773)
potential : -4.390665 (0.048796)
energy : -2.175045 (0.000202)

kinetic : 2.217319 (0.048721)
potential : -4.392370 (0.048744)
energy : -2.175051 (0.000202)

kinetic : 2.216334 (0.048650)
potential : -4.391383 (0.048673)
energy : -2.175049 (0.000201)

kinetic : 2.219487 (0.048670)
potential : -4.394532 (0.048693)
energy : -2.175044 (0.000201)

kinetic : 2.217816 (0.048618)
potential : -4.392860 (0.048641)
energy : -2.175044 (0.000201)

kinetic : 2.217057 (0.048543)
potential : -4.392100 (0.048566)
energy : -2.175044 (0.000200)

kinetic : 2.215112 (0.048501)
potential : -4.390164 (0.048524)
energy : -2.175052 (0.000200)

kinetic : 2.214392 (0.048426)
potential : -4.389438 (0.048449)
energy : -2.175047 (0.000200)

kinetic : 2.213692 (0.048351)
potential : -4.388729 (0.048374)
energy : -2.175037 (0.000200)

kinetic : 2.214148 (0.048273)
potential : -4.389176 (0.048296)
energy : -2.175028 (0.000200)

kinetic : 2.212968 (0.048208)
potential : -4.387997 (0.048230)
energy : -2.175028 (0.000199)

kinetic : 2.212697 (0.048129)
potential : -4.387727 (0.048152)
energy : -2.175030 (0.000199)

kinetic : 2.212926 (0.048050)
potential : -4.387952 (0.048073)
energy : -2.175026 (0.000199)

kinetic : 2.212249 (0.047976)
potential : -4.387277 (0.047999)
energy : -2.175027 (0.000199)

kinetic : 2.212952 (0.047903)
potential : -4.387986 (0.047925)
energy : -2.175034 (0.000198)

kinetic : 2.211822 (0.047838)
potential : -4.386858 (0.047860)
energy : -2.175036 (0.000198)

kinetic : 2.213431 (0.047786)
potential : -4.388466 (0.047809)
energy : -2.175035 (0.000198)

kinetic : 2.212466 (0.047718)
potential : -4.387505 (0.047740)
energy : -2.175038 (0.000197)

kinetic : 2.211760 (0.047646)
potential : -4.386799 (0.047668)
energy : -2.175039 (0.000197)

kinetic : 2.209324 (0.047630)
potential : -4.384360 (0.047653)
energy : -2.175036 (0.000197)

kinetic : 2.207946 (0.047573)
potential : -4.382978 (0.047595)
energy : -2.175032 (0.000197)

kinetic : 2.211412 (0.047622)
potential : -4.386438 (0.047644)
energy : -2.175026 (0.000196)

kinetic : 2.212524 (0.047558)
potential : -4.387540 (0.047579)
energy : -2.175017 (0.000196)

kinetic : 2.212486 (0.047481)
potential : -4.387510 (0.047503)
energy : -2.175024 (0.000196)

kinetic : 2.211112 (0.047424)
potential : -4.386148 (0.047445)
energy : -2.175035 (0.000196)

kinetic : 2.209972 (0.047362)
potential : -4.385013 (0.047383)
energy : -2.175041 (0.000196)

kinetic : 2.212436 (0.047350)
potential : -4.387502 (0.047372)
energy : -2.175066 (0.000197)

kinetic : 2.211593 (0.047281)
potential : -4.386667 (0.047303)
energy : -2.175074 (0.000197)

kinetic : 2.210220 (0.047225)
potential : -4.385293 (0.047247)
energy : -2.175073 (0.000197)

kinetic : 2.209538 (0.047155)
potential : -4.384609 (0.047176)
energy : -2.175071 (0.000196)

kinetic : 2.209190 (0.047080)
potential : -4.384262 (0.047102)
energy : -2.175072 (0.000196)

kinetic : 2.208116 (0.047018)
potential : -4.383197 (0.047039)
energy : -2.175080 (0.000196)

kinetic : 2.206558 (0.046968)
potential : -4.381639 (0.046990)
energy : -2.175081 (0.000196)

kinetic : 2.212906 (0.047321)
potential : -4.388022 (0.047347)
energy : -2.175116 (0.000198)

kinetic : 2.213665 (0.047252)
potential : -4.388791 (0.047279)
energy : -2.175126 (0.000198)

kinetic : 2.211650 (0.047220)
potential : -4.386773 (0.047247)
energy : -2.175123 (0.000198)

kinetic : 2.211667 (0.047146)
potential : -4.386790 (0.047172)
energy : -2.175123 (0.000198)

kinetic : 2.211469 (0.047072)
potential : -4.386587 (0.047098)
energy : -2.175118 (0.000197)

kinetic : 2.210107 (0.047017)
potential : -4.385221 (0.047043)
energy : -2.175114 (0.000197)

kinetic : 2.210813 (0.046948)
potential : -4.385925 (0.046974)
energy : -2.175112 (0.000197)

kinetic : 2.209953 (0.046882)
potential : -4.385064 (0.046908)
energy : -2.175110 (0.000197)

kinetic : 2.208851 (0.046822)
potential : -4.383957 (0.046848)
energy : -2.175107 (0.000196)

kinetic : 2.208024 (0.046755)
potential : -4.383147 (0.046781)
energy : -2.175123 (0.000197)

kinetic : 2.206915 (0.046695)
potential : -4.382027 (0.046721)
energy : -2.175112 (0.000197)

kinetic : 2.207818 (0.046631)
potential : -4.382923 (0.046657)
energy : -2.175105 (0.000197)

kinetic : 2.206594 (0.046574)
potential : -4.381699 (0.046600)
energy : -2.175106 (0.000196)

kinetic : 2.205208 (0.046522)
potential : -4.380312 (0.046548)
energy : -2.175105 (0.000196)

kinetic : 2.209714 (0.046668)
potential : -4.384841 (0.046696)
energy : -2.175127 (0.000197)

kinetic : 2.210611 (0.046604)
potential : -4.385751 (0.046632)
energy : -2.175140 (0.000197)

kinetic : 2.209685 (0.046541)
potential : -4.384823 (0.046569)
energy : -2.175138 (0.000197)

kinetic : 2.210604 (0.046478)
potential : -4.385745 (0.046506)
energy : -2.175141 (0.000196)

kinetic : 2.209677 (0.046415)
potential : -4.384813 (0.046443)
energy : -2.175136 (0.000196)

kinetic : 2.208551 (0.046357)
potential : -4.383690 (0.046385)
energy : -2.175139 (0.000196)

kinetic : 2.212401 (0.046446)
potential : -4.387541 (0.046474)
energy : -2.175140 (0.000196)

kinetic : 2.214246 (0.046411)
potential : -4.389384 (0.046439)
energy : -2.175139 (0.000195)

kinetic : 2.212477 (0.046373)
potential : -4.387617 (0.046401)
energy : -2.175140 (0.000195)

kinetic : 2.217257 (0.046548)
potential : -4.392400 (0.046576)
energy : -2.175142 (0.000195)

kinetic : 2.216884 (0.046479)
potential : -4.392025 (0.046506)
energy : -2.175142 (0.000194)

kinetic : 2.217606 (0.046413)
potential : -4.392752 (0.046441)
energy : -2.175146 (0.000194)

kinetic : 2.216515 (0.046355)
potential : -4.391662 (0.046383)
energy : -2.175147 (0.000194)

kinetic : 2.217606 (0.046297)
potential : -4.392752 (0.046325)
energy : -2.175146 (0.000194)

kinetic : 2.217635 (0.046227)
potential : -4.392779 (0.046254)
energy : -2.175145 (0.000193)

kinetic : 2.225289 (0.046787)
potential : -4.400420 (0.046812)
energy : -2.175131 (0.000193)

kinetic : 2.223636 (0.046745)
potential : -4.398760 (0.046770)
energy : -2.175124 (0.000193)

kinetic : 2.225646 (0.046717)
potential : -4.400769 (0.046742)
energy : -2.175123 (0.000193)

kinetic : 2.224896 (0.046653)
potential : -4.400020 (0.046677)
energy : -2.175124 (0.000193)

kinetic : 2.225613 (0.046588)
potential : -4.400729 (0.046612)
energy : -2.175115 (0.000193)

kinetic : 2.225386 (0.046518)
potential : -4.400499 (0.046542)
energy : -2.175113 (0.000192)

kinetic : 2.226241 (0.046456)
potential : -4.401364 (0.046480)
energy : -2.175124 (0.000192)

kinetic : 2.225287 (0.046395)
potential : -4.400414 (0.046420)
energy : -2.175127 (0.000192)

kinetic : 2.224135 (0.046340)
potential : -4.399260 (0.046365)
energy : -2.175125 (0.000192)

kinetic : 2.223812 (0.046272)
potential : -4.398943 (0.046296)
energy : -2.175131 (0.000192)

kinetic : 2.223893 (0.046202)
potential : -4.399036 (0.046227)
energy : -2.175143 (0.000192)

kinetic : 2.224899 (0.046144)
potential : -4.400044 (0.046169)
energy : -2.175144 (0.000191)

kinetic : 2.222532 (0.046136)
potential : -4.397671 (0.046161)
energy : -2.175139 (0.000191)

kinetic : 2.221631 (0.046076)
potential : -4.396763 (0.046101)
energy : -2.175132 (0.000191)

kinetic : 2.221561 (0.046008)
potential : -4.396696 (0.046032)
energy : -2.175136 (0.000191)

kinetic : 2.220756 (0.045946)
potential : -4.395893 (0.045971)
energy : -2.175138 (0.000191)

kinetic : 2.218467 (0.045935)
potential : -4.393596 (0.045960)
energy : -2.175129 (0.000190)

kinetic : 2.217813 (0.045872)
potential : -4.392932 (0.045897)
energy : -2.175119 (0.000190)

kinetic : 2.218988 (0.045819)
potential : -4.394113 (0.045844)
energy : -2.175125 (0.000190)

kinetic : 2.219455 (0.045753)
potential : -4.394571 (0.045779)
energy : -2.175116 (0.000190)

kinetic : 2.219932 (0.045688)
potential : -4.395056 (0.045714)
energy : -2.175123 (0.000190)

kinetic : 2.220097 (0.045621)
potential : -4.395216 (0.045647)
energy : -2.175119 (0.000190)

kinetic : 2.219675 (0.045556)
potential : -4.394789 (0.045581)
energy : -2.175114 (0.000190)

kinetic : 2.219678 (0.045489)
potential : -4.394806 (0.045514)
energy : -2.175128 (0.000190)

kinetic : 2.218962 (0.045428)
potential : -4.394090 (0.045453)
energy : -2.175128 (0.000190)

kinetic : 2.219040 (0.045362)
potential : -4.394166 (0.045387)
energy : -2.175125 (0.000189)

kinetic : 2.217272 (0.045330)
potential : -4.392403 (0.045355)
energy : -2.175131 (0.000189)

kinetic : 2.216119 (0.045278)
potential : -4.391245 (0.045303)
energy : -2.175126 (0.000189)

kinetic : 2.215924 (0.045213)
potential : -4.391054 (0.045237)
energy : -2.175130 (0.000189)

kinetic : 2.214281 (0.045177)
potential : -4.389411 (0.045201)
energy : -2.175130 (0.000188)

kinetic : 2.214249 (0.045111)
potential : -4.389390 (0.045136)
energy : -2.175141 (0.000189)

kinetic : 2.214288 (0.045045)
potential : -4.389439 (0.045070)
energy : -2.175151 (0.000188)

kinetic : 2.215021 (0.044986)
potential : -4.390177 (0.045011)
energy : -2.175156 (0.000188)

kinetic : 2.216739 (0.044954)
potential : -4.391888 (0.044978)
energy : -2.175149 (0.000188)

kinetic : 2.215333 (0.044911)
potential : -4.390479 (0.044935)
energy : -2.175146 (0.000188)

kinetic : 2.213533 (0.044882)
potential : -4.388667 (0.044907)
energy : -2.175134 (0.000188)

kinetic : 2.212022 (0.044843)
potential : -4.387154 (0.044868)
energy : -2.175132 (0.000188)

kinetic : 2.210914 (0.044792)
potential : -4.386043 (0.044817)
energy : -2.175129 (0.000187)

kinetic : 2.209861 (0.044740)
potential : -4.384986 (0.044765)
energy : -2.175124 (0.000187)

kinetic : 2.209791 (0.044676)
potential : -4.384917 (0.044701)
energy : -2.175126 (0.000187)

kinetic : 2.210667 (0.044620)
potential : -4.385802 (0.044645)
energy : -2.175135 (0.000187)

kinetic : 2.210190 (0.044559)
potential : -4.385325 (0.044584)
energy : -2.175135 (0.000187)

kinetic : 2.209281 (0.044504)
potential : -4.384416 (0.044530)
energy : -2.175135 (0.000186)

kinetic : 2.207535 (0.044475)
potential : -4.382667 (0.044500)
energy : -2.175132 (0.000186)

kinetic : 2.208259 (0.044418)
potential : -4.383388 (0.044443)
energy : -2.175130 (0.000186)

kinetic : 2.207571 (0.044360)
potential : -4.382700 (0.044385)
energy : -2.175128 (0.000186)

kinetic : 2.207294 (0.044298)
potential : -4.382426 (0.044323)
energy : -2.175133 (0.000185)

kinetic : 2.212487 (0.044539)
potential : -4.387610 (0.044562)
energy : -2.175123 (0.000185)

kinetic : 2.211714 (0.044482)
potential : -4.386830 (0.044506)
energy : -2.175116 (0.000185)

kinetic : 2.212915 (0.044435)
potential : -4.388041 (0.044459)
energy : -2.175125 (0.000185)

kinetic : 2.211534 (0.044394)
potential : -4.386654 (0.044418)
energy : -2.175120 (0.000185)

kinetic : 2.210459 (0.044344)
potential : -4.385571 (0.044369)
energy : -2.175113 (0.000185)

kinetic : 2.209737 (0.044288)
potential : -4.384842 (0.044312)
energy : -2.175106 (0.000185)

kinetic : 2.210760 (0.044237)
potential : -4.385867 (0.044262)
energy : -2.175107 (0.000185)

kinetic : 2.216680 (0.044570)
potential : -4.391795 (0.044595)
energy : -2.175114 (0.000184)

kinetic : 2.215449 (0.044525)
potential : -4.390561 (0.044550)
energy : -2.175112 (0.000184)

kinetic : 2.215400 (0.044462)
potential : -4.390513 (0.044487)
energy : -2.175113 (0.000184)

kinetic : 2.215329 (0.044400)
potential : -4.390432 (0.044425)
energy : -2.175103 (0.000184)

kinetic : 2.215512 (0.044338)
potential : -4.390610 (0.044363)
energy : -2.175098 (0.000184)

kinetic : 2.215214 (0.044278)
potential : -4.390317 (0.044302)
energy : -2.175103 (0.000184)

kinetic : 2.216578 (0.044237)
potential : -4.391666 (0.044261)
energy : -2.175088 (0.000184)

kinetic : 2.215262 (0.044195)
potential : -4.390346 (0.044219)
energy : -2.175083 (0.000184)

kinetic : 2.214492 (0.044140)
potential : -4.389576 (0.044165)
energy : -2.175084 (0.000183)

kinetic : 2.214222 (0.044080)
potential : -4.389303 (0.044104)
energy : -2.175082 (0.000183)

kinetic : 2.221270 (0.044579)
potential : -4.396351 (0.044603)
energy : -2.175081 (0.000183)

kinetic : 2.220557 (0.044523)
potential : -4.395636 (0.044547)
energy : -2.175080 (0.000183)

kinetic : 2.220313 (0.044463)
potential : -4.395394 (0.044486)
energy : -2.175081 (0.000182)

kinetic : 2.219317 (0.044412)
potential : -4.394394 (0.044436)
energy : -2.175077 (0.000182)

kinetic : 2.219758 (0.044353)
potential : -4.394846 (0.044377)
energy : -2.175089 (0.000182)

kinetic : 2.218756 (0.044304)
potential : -4.393842 (0.044328)
energy : -2.175086 (0.000182)

kinetic : 2.217233 (0.044269)
potential : -4.392317 (0.044293)
energy : -2.175084 (0.000182)

kinetic : 2.218776 (0.044235)
potential : -4.393860 (0.044259)
energy : -2.175084 (0.000182)

kinetic : 2.219169 (0.044176)
potential : -4.394259 (0.044200)
energy : -2.175090 (0.000181)

kinetic : 2.218359 (0.044123)
potential : -4.393441 (0.044147)
energy : -2.175082 (0.000181)

kinetic : 2.217304 (0.044075)
potential : -4.392380 (0.044100)
energy : -2.175076 (0.000181)

kinetic : 2.217447 (0.044015)
potential : -4.392514 (0.044040)
energy : -2.175067 (0.000181)

kinetic : 2.217323 (0.043956)
potential : -4.392383 (0.043980)
energy : -2.175060 (0.000181)

kinetic : 2.216580 (0.043902)
potential : -4.391635 (0.043926)
energy : -2.175056 (0.000181)

kinetic : 2.216288 (0.043843)
potential : -4.391340 (0.043868)
energy : -2.175052 (0.000181)

kinetic : 2.220367 (0.043973)
potential : -4.395422 (0.043998)
energy : -2.175055 (0.000181)

kinetic : 2.221531 (0.043929)
potential : -4.396592 (0.043954)
energy : -2.175061 (0.000180)

kinetic : 2.224223 (0.043952)
potential : -4.399282 (0.043976)
energy : -2.175059 (0.000180)

kinetic : 2.228754 (0.044126)
potential : -4.403813 (0.044150)
energy : -2.175058 (0.000180)

kinetic : 2.228438 (0.044068)
potential : -4.403500 (0.044092)
energy : -2.175062 (0.000180)

kinetic : 2.226847 (0.044037)
potential : -4.401908 (0.044061)
energy : -2.175060 (0.000179)

kinetic : 2.227029 (0.043978)
potential : -4.402083 (0.044002)
energy : -2.175053 (0.000179)

kinetic : 2.225824 (0.043935)
potential : -4.400878 (0.043959)
energy : -2.175053 (0.000179)

kinetic : 2.224831 (0.043888)
potential : -4.399881 (0.043912)
energy : -2.175049 (0.000179)

kinetic : 2.225000 (0.043829)
potential : -4.400044 (0.043853)
energy : -2.175044 (0.000179)

kinetic : 2.225943 (0.043781)
potential : -4.400989 (0.043804)
energy : -2.175046 (0.000179)

kinetic : 2.225496 (0.043724)
potential : -4.400547 (0.043748)
energy : -2.175050 (0.000178)

kinetic : 2.224466 (0.043678)
potential : -4.399515 (0.043702)
energy : -2.175049 (0.000178)

kinetic : 2.223340 (0.043634)
potential : -4.398383 (0.043658)
energy : -2.175044 (0.000178)

kinetic : 2.223310 (0.043576)
potential : -4.398349 (0.043600)
energy : -2.175038 (0.000178)

kinetic : 2.223010 (0.043519)
potential : -4.398052 (0.043543)
energy : -2.175042 (0.000178)

kinetic : 2.222447 (0.043465)
potential : -4.397490 (0.043489)
energy : -2.175043 (0.000177)

kinetic : 2.221653 (0.043415)
potential : -4.396696 (0.043438)
energy : -2.175043 (0.000177)

kinetic : 2.221315 (0.043358)
potential : -4.396361 (0.043382)
energy : -2.175046 (0.000177)

kinetic : 2.221642 (0.043302)
potential : -4.396697 (0.043326)
energy : -2.175055 (0.000177)

kinetic : 2.222801 (0.043260)
potential : -4.397852 (0.043284)
energy : -2.175051 (0.000177)

kinetic : 2.221390 (0.043226)
potential : -4.396440 (0.043250)
energy : -2.175050 (0.000177)

kinetic : 2.222598 (0.043186)
potential : -4.397637 (0.043210)
energy : -2.175039 (0.000177)

kinetic : 2.221683 (0.043139)
potential : -4.396718 (0.043162)
energy : -2.175035 (0.000176)

kinetic : 2.220817 (0.043091)
potential : -4.395852 (0.043114)
energy : -2.175035 (0.000176)

kinetic : 2.219565 (0.043053)
potential : -4.394587 (0.043076)
energy : -2.175022 (0.000176)

kinetic : 2.219155 (0.042998)
potential : -4.394181 (0.043022)
energy : -2.175025 (0.000176)

kinetic : 2.219267 (0.042942)
potential : -4.394297 (0.042966)
energy : -2.175030 (0.000176)

kinetic : 2.218698 (0.042890)
potential : -4.393721 (0.042913)
energy : -2.175022 (0.000176)

kinetic : 2.217937 (0.042840)
potential : -4.392957 (0.042864)
energy : -2.175020 (0.000176)

kinetic : 2.218581 (0.042789)
potential : -4.393602 (0.042813)
energy : -2.175021 (0.000176)

kinetic : 2.219511 (0.042744)
potential : -4.394542 (0.042767)
energy : -2.175031 (0.000176)

kinetic : 2.218682 (0.042696)
potential : -4.393716 (0.042720)
energy : -2.175034 (0.000175)

kinetic : 2.219170 (0.042643)
potential : -4.394217 (0.042667)
energy : -2.175047 (0.000176)

kinetic : 2.217700 (0.042613)
potential : -4.392745 (0.042637)
energy : -2.175045 (0.000175)

kinetic : 2.217239 (0.042561)
potential : -4.392287 (0.042584)
energy : -2.175047 (0.000175)

kinetic : 2.216999 (0.042506)
potential : -4.392047 (0.042530)
energy : -2.175048 (0.000175)

kinetic : 2.215909 (0.042465)
potential : -4.390959 (0.042489)
energy : -2.175050 (0.000175)

kinetic : 2.215414 (0.042413)
potential : -4.390457 (0.042437)
energy : -2.175043 (0.000175)

kinetic : 2.214084 (0.042380)
potential : -4.389127 (0.042403)
energy : -2.175042 (0.000174)

kinetic : 2.214745 (0.042330)
potential : -4.389790 (0.042354)
energy : -2.175045 (0.000174)

kinetic : 2.214909 (0.042276)
potential : -4.389946 (0.042300)
energy : -2.175037 (0.000174)

kinetic : 2.213566 (0.042243)
potential : -4.388601 (0.042267)
energy : -2.175035 (0.000174)

kinetic : 2.212147 (0.042213)
potential : -4.387174 (0.042237)
energy : -2.175027 (0.000174)

kinetic : 2.210963 (0.042175)
potential : -4.385994 (0.042199)
energy : -2.175031 (0.000174)

kinetic : 2.210240 (0.042128)
potential : -4.385277 (0.042151)
energy : -2.175037 (0.000174)

kinetic : 2.211754 (0.042101)
potential : -4.386783 (0.042124)
energy : -2.175029 (0.000174)

kinetic : 2.211079 (0.042053)
potential : -4.386110 (0.042076)
energy : -2.175031 (0.000173)

kinetic : 2.210025 (0.042012)
potential : -4.385059 (0.042035)
energy : -2.175034 (0.000173)

kinetic : 2.208231 (0.041997)
potential : -4.383266 (0.042020)
energy : -2.175035 (0.000173)

kinetic : 2.208897 (0.041949)
potential : -4.383959 (0.041972)
energy : -2.175062 (0.000175)

kinetic : 2.210047 (0.041911)
potential : -4.385122 (0.041935)
energy : -2.175075 (0.000175)

kinetic : 2.210023 (0.041858)
potential : -4.385091 (0.041882)
energy : -2.175068 (0.000175)

kinetic : 2.209525 (0.041808)
potential : -4.384587 (0.041832)
energy : -2.175062 (0.000175)

kinetic : 2.209995 (0.041758)
potential : -4.385055 (0.041782)
energy : -2.175060 (0.000175)

kinetic : 2.209536 (0.041708)
potential : -4.384596 (0.041731)
energy : -2.175060 (0.000175)

kinetic : 2.210754 (0.041673)
potential : -4.385813 (0.041696)
energy : -2.175060 (0.000174)

kinetic : 2.211171 (0.041622)
potential : -4.386230 (0.041646)
energy : -2.175059 (0.000174)

kinetic : 2.210889 (0.041571)
potential : -4.385951 (0.041595)
energy : -2.175062 (0.000174)

kinetic : 2.209554 (0.041540)
potential : -4.384619 (0.041564)
energy : -2.175064 (0.000174)

kinetic : 2.207912 (0.041521)
potential : -4.382969 (0.041544)
energy : -2.175057 (0.000174)

kinetic : 2.208851 (0.041479)
potential : -4.383904 (0.041503)
energy : -2.175052 (0.000173)

kinetic : 2.208027 (0.041435)
potential : -4.383072 (0.041459)
energy : -2.175045 (0.000173)

kinetic : 2.207673 (0.041385)
potential : -4.382713 (0.041409)
energy : -2.175039 (0.000173)

kinetic : 2.209543 (0.041376)
potential : -4.384591 (0.041400)
energy : -2.175048 (0.000173)

kinetic : 2.208810 (0.041330)
potential : -4.383856 (0.041354)
energy : -2.175046 (0.000173)

kinetic : 2.207300 (0.041307)
potential : -4.382342 (0.041331)
energy : -2.175042 (0.000173)

kinetic : 2.207799 (0.041258)
potential : -4.382833 (0.041282)
energy : -2.175034 (0.000173)

kinetic : 2.207718 (0.041207)
potential : -4.382748 (0.041231)
energy : -2.175029 (0.000173)

kinetic : 2.207565 (0.041156)
potential : -4.382599 (0.041180)
energy : -2.175035 (0.000173)

kinetic : 2.208467 (0.041115)
potential : -4.383496 (0.041139)
energy : -2.175029 (0.000172)

kinetic : 2.206691 (0.041102)
potential : -4.381720 (0.041126)
energy : -2.175029 (0.000172)

kinetic : 2.206152 (0.041055)
potential : -4.381187 (0.041079)
energy : -2.175035 (0.000172)

kinetic : 2.204315 (0.041046)
potential : -4.379350 (0.041069)
energy : -2.175035 (0.000172)

kinetic : 2.203493 (0.041003)
potential : -4.378525 (0.041027)
energy : -2.175032 (0.000172)

kinetic : 2.203669 (0.040953)
potential : -4.378708 (0.040977)
energy : -2.175040 (0.000172)

kinetic : 2.203282 (0.040904)
potential : -4.378321 (0.040928)
energy : -2.175039 (0.000172)

kinetic : 2.202436 (0.040863)
potential : -4.377472 (0.040886)
energy : -2.175036 (0.000171)

kinetic : 2.202909 (0.040816)
potential : -4.377955 (0.040839)
energy : -2.175046 (0.000171)

kinetic : 2.203940 (0.040779)
potential : -4.378991 (0.040802)
energy : -2.175051 (0.000171)

kinetic : 2.201447 (0.040805)
potential : -4.376494 (0.040829)
energy : -2.175047 (0.000171)

kinetic : 2.200790 (0.040760)
potential : -4.375836 (0.040784)
energy : -2.175046 (0.000171)

kinetic : 2.199475 (0.040732)
potential : -4.374527 (0.040755)
energy : -2.175053 (0.000171)

kinetic : 2.198751 (0.040688)
potential : -4.373805 (0.040712)
energy : -2.175054 (0.000171)

kinetic : 2.199491 (0.040645)
potential : -4.374542 (0.040669)
energy : -2.175051 (0.000170)

kinetic : 2.197818 (0.040630)
potential : -4.372862 (0.040654)
energy : -2.175044 (0.000170)

kinetic : 2.199247 (0.040606)
potential : -4.374289 (0.040630)
energy : -2.175043 (0.000170)

kinetic : 2.198626 (0.040562)
potential : -4.373667 (0.040585)
energy : -2.175041 (0.000170)

kinetic : 2.198607 (0.040512)
potential : -4.373645 (0.040536)
energy : -2.175038 (0.000170)

kinetic : 2.198551 (0.040463)
potential : -4.373593 (0.040487)
energy : -2.175041 (0.000170)

kinetic : 2.197822 (0.040421)
potential : -4.372854 (0.040445)
energy : -2.175032 (0.000170)

kinetic : 2.197448 (0.040374)
potential : -4.372487 (0.040397)
energy : -2.175039 (0.000170)

kinetic : 2.197575 (0.040325)
potential : -4.372616 (0.040349)
energy : -2.175040 (0.000169)

kinetic : 2.197832 (0.040278)
potential : -4.372883 (0.040301)
energy : -2.175050 (0.000170)

kinetic : 2.198138 (0.040230)
potential : -4.373192 (0.040254)
energy : -2.175053 (0.000169)

kinetic : 2.196759 (0.040206)
potential : -4.371805 (0.040229)
energy : -2.175046 (0.000169)

kinetic : 2.197939 (0.040175)
potential : -4.372987 (0.040198)
energy : -2.175048 (0.000169)

kinetic : 2.195785 (0.040184)
potential : -4.370833 (0.040208)
energy : -2.175048 (0.000169)

kinetic : 2.194539 (0.040155)
potential : -4.369588 (0.040179)
energy : -2.175049 (0.000169)

kinetic : 2.193509 (0.040120)
potential : -4.368557 (0.040144)
energy : -2.175048 (0.000169)

kinetic : 2.192450 (0.040087)
potential : -4.367496 (0.040110)
energy : -2.175046 (0.000168)

kinetic : 2.192226 (0.040039)
potential : -4.367270 (0.040063)
energy : -2.175045 (0.000168)

kinetic : 2.191672 (0.039995)
potential : -4.366714 (0.040019)
energy : -2.175042 (0.000168)

kinetic : 2.191148 (0.039951)
potential : -4.366191 (0.039975)
energy : -2.175043 (0.000168)

kinetic : 2.190262 (0.039913)
potential : -4.365304 (0.039937)
energy : -2.175042 (0.000168)

kinetic : 2.192716 (0.039941)
potential : -4.367771 (0.039966)
energy : -2.175055 (0.000168)

kinetic : 2.192523 (0.039895)
potential : -4.367571 (0.039919)
energy : -2.175048 (0.000168)

kinetic : 2.192583 (0.039847)
potential : -4.367639 (0.039872)
energy : -2.175056 (0.000168)

kinetic : 2.192165 (0.039802)
potential : -4.367221 (0.039827)
energy : -2.175056 (0.000168)

kinetic : 2.191000 (0.039772)
potential : -4.366059 (0.039796)
energy : -2.175059 (0.000167)

kinetic : 2.193408 (0.039798)
potential : -4.368461 (0.039822)
energy : -2.175052 (0.000167)

kinetic : 2.193005 (0.039753)
potential : -4.368058 (0.039777)
energy : -2.175053 (0.000167)

kinetic : 2.193604 (0.039711)
potential : -4.368669 (0.039735)
energy : -2.175065 (0.000167)

kinetic : 2.195829 (0.039727)
potential : -4.370898 (0.039751)
energy : -2.175069 (0.000167)

kinetic : 2.195532 (0.039681)
potential : -4.370595 (0.039705)
energy : -2.175063 (0.000167)

kinetic : 2.195302 (0.039635)
potential : -4.370380 (0.039659)
energy : -2.175078 (0.000168)

kinetic : 2.194631 (0.039594)
potential : -4.369709 (0.039618)
energy : -2.175078 (0.000167)

kinetic : 2.196192 (0.039579)
potential : -4.371276 (0.039603)
energy : -2.175084 (0.000167)

kinetic : 2.196325 (0.039533)
potential : -4.371418 (0.039557)
energy : -2.175093 (0.000167)

kinetic : 2.194988 (0.039509)
potential : -4.370080 (0.039533)
energy : -2.175092 (0.000167)

kinetic : 2.193506 (0.039491)
potential : -4.368597 (0.039515)
energy : -2.175091 (0.000167)

kinetic : 2.195216 (0.039482)
potential : -4.370300 (0.039505)
energy : -2.175084 (0.000167)

kinetic : 2.196266 (0.039450)
potential : -4.371345 (0.039473)
energy : -2.175079 (0.000167)

kinetic : 2.198405 (0.039462)
potential : -4.373482 (0.039485)
energy : -2.175077 (0.000167)

kinetic : 2.197561 (0.039425)
potential : -4.372643 (0.039448)
energy : -2.175083 (0.000167)

kinetic : 2.198966 (0.039404)
potential : -4.374050 (0.039427)
energy : -2.175084 (0.000166)

kinetic : 2.198486 (0.039362)
potential : -4.373582 (0.039384)
energy : -2.175096 (0.000167)

kinetic : 2.197841 (0.039321)
potential : -4.372939 (0.039344)
energy : -2.175098 (0.000166)

kinetic : 2.197105 (0.039283)
potential : -4.372204 (0.039305)
energy : -2.175099 (0.000166)

kinetic : 2.196399 (0.039244)
potential : -4.371502 (0.039266)
energy : -2.175104 (0.000166)

kinetic : 2.194462 (0.039246)
potential : -4.369563 (0.039269)
energy : -2.175101 (0.000166)

kinetic : 2.193622 (0.039210)
potential : -4.368718 (0.039233)
energy : -2.175096 (0.000166)

kinetic : 2.193454 (0.039165)
potential : -4.368554 (0.039188)
energy : -2.175100 (0.000166)

kinetic : 2.192152 (0.039142)
potential : -4.367252 (0.039164)
energy : -2.175099 (0.000165)

kinetic : 2.191808 (0.039098)
potential : -4.366909 (0.039121)
energy : -2.175101 (0.000165)

kinetic : 2.191620 (0.039054)
potential : -4.366724 (0.039077)
energy : -2.175104 (0.000165)

kinetic : 2.191395 (0.039010)
potential : -4.366499 (0.039032)
energy : -2.175104 (0.000165)

kinetic : 2.190246 (0.038982)
potential : -4.365349 (0.039005)
energy : -2.175104 (0.000165)

kinetic : 2.189323 (0.038948)
potential : -4.364439 (0.038971)
energy : -2.175116 (0.000165)

kinetic : 2.188423 (0.038914)
potential : -4.363534 (0.038937)
energy : -2.175110 (0.000165)

kinetic : 2.188257 (0.038870)
potential : -4.363371 (0.038893)
energy : -2.175114 (0.000165)

kinetic : 2.187808 (0.038829)
potential : -4.362919 (0.038851)
energy : -2.175111 (0.000165)

kinetic : 2.189180 (0.038809)
potential : -4.364292 (0.038831)
energy : -2.175112 (0.000164)

kinetic : 2.187954 (0.038784)
potential : -4.363063 (0.038806)
energy : -2.175109 (0.000164)

kinetic : 2.188417 (0.038743)
potential : -4.363533 (0.038765)
energy : -2.175116 (0.000164)

kinetic : 2.187982 (0.038701)
potential : -4.363100 (0.038723)
energy : -2.175118 (0.000164)

kinetic : 2.187713 (0.038658)
potential : -4.362834 (0.038681)
energy : -2.175121 (0.000164)

kinetic : 2.188298 (0.038619)
potential : -4.363432 (0.038641)
energy : -2.175134 (0.000164)

kinetic : 2.187256 (0.038589)
potential : -4.362385 (0.038612)
energy : -2.175129 (0.000164)

kinetic : 2.187547 (0.038547)
potential : -4.362690 (0.038569)
energy : -2.175143 (0.000165)

kinetic : 2.186809 (0.038510)
potential : -4.361949 (0.038533)
energy : -2.175140 (0.000164)

kinetic : 2.186313 (0.038470)
potential : -4.361462 (0.038493)
energy : -2.175149 (0.000164)

kinetic : 2.185493 (0.038436)
potential : -4.360645 (0.038458)
energy : -2.175152 (0.000164)

kinetic : 2.185275 (0.038393)
potential : -4.360428 (0.038415)
energy : -2.175154 (0.000164)

kinetic : 2.185670 (0.038352)
potential : -4.360825 (0.038374)
energy : -2.175155 (0.000164)

kinetic : 2.185490 (0.038309)
potential : -4.360649 (0.038332)
energy : -2.175159 (0.000164)

kinetic : 2.185797 (0.038268)
potential : -4.360961 (0.038290)
energy : -2.175164 (0.000164)

kinetic : 2.186453 (0.038230)
potential : -4.361622 (0.038253)
energy : -2.175169 (0.000164)

kinetic : 2.186693 (0.038189)
potential : -4.361860 (0.038211)
energy : -2.175167 (0.000163)

kinetic : 2.188000 (0.038168)
potential : -4.363166 (0.038191)
energy : -2.175166 (0.000163)

kinetic : 2.186608 (0.038151)
potential : -4.361774 (0.038173)
energy : -2.175166 (0.000163)

kinetic : 2.186221 (0.038110)
potential : -4.361382 (0.038133)
energy : -2.175161 (0.000163)

kinetic : 2.186202 (0.038068)
potential : -4.361363 (0.038090)
energy : -2.175162 (0.000163)

kinetic : 2.186117 (0.038026)
potential : -4.361276 (0.038048)
energy : -2.175159 (0.000163)

kinetic : 2.185491 (0.037989)
potential : -4.360658 (0.038011)
energy : -2.175167 (0.000163)

kinetic : 2.185211 (0.037948)
potential : -4.360379 (0.037970)
energy : -2.175168 (0.000162)

kinetic : 2.188381 (0.038038)
potential : -4.363544 (0.038060)
energy : -2.175163 (0.000162)

kinetic : 2.187708 (0.038002)
potential : -4.362872 (0.038023)
energy : -2.175164 (0.000162)

kinetic : 2.187167 (0.037964)
potential : -4.362327 (0.037985)
energy : -2.175160 (0.000162)

kinetic : 2.186405 (0.037929)
potential : -4.361562 (0.037951)
energy : -2.175157 (0.000162)

kinetic : 2.186180 (0.037888)
potential : -4.361329 (0.037910)
energy : -2.175150 (0.000162)

kinetic : 2.187992 (0.037890)
potential : -4.363162 (0.037912)
energy : -2.175169 (0.000163)

kinetic : 2.187898 (0.037848)
potential : -4.363078 (0.037871)
energy : -2.175180 (0.000163)

kinetic : 2.188691 (0.037815)
potential : -4.363875 (0.037838)
energy : -2.175184 (0.000163)

kinetic : 2.188607 (0.037774)
potential : -4.363789 (0.037796)
energy : -2.175182 (0.000163)

kinetic : 2.187749 (0.037742)
potential : -4.362926 (0.037764)
energy : -2.175177 (0.000163)

kinetic : 2.187644 (0.037701)
potential : -4.362819 (0.037723)
energy : -2.175176 (0.000162)

kinetic : 2.187374 (0.037660)
potential : -4.362550 (0.037683)
energy : -2.175176 (0.000162)

kinetic : 2.188191 (0.037628)
potential : -4.363362 (0.037650)
energy : -2.175171 (0.000162)

kinetic : 2.186669 (0.037618)
potential : -4.361840 (0.037640)
energy : -2.175171 (0.000162)

kinetic : 2.185587 (0.037592)
potential : -4.360756 (0.037615)
energy : -2.175170 (0.000162)

kinetic : 2.185254 (0.037553)
potential : -4.360428 (0.037575)
energy : -2.175173 (0.000162)

kinetic : 2.184840 (0.037514)
potential : -4.360016 (0.037536)
energy : -2.175176 (0.000162)

kinetic : 2.183873 (0.037486)
potential : -4.359048 (0.037508)
energy : -2.175175 (0.000161)

kinetic : 2.183753 (0.037445)
potential : -4.358928 (0.037468)
energy : -2.175175 (0.000161)

kinetic : 2.183645 (0.037405)
potential : -4.358818 (0.037427)
energy : -2.175173 (0.000161)

kinetic : 2.184291 (0.037370)
potential : -4.359470 (0.037392)
energy : -2.175178 (0.000161)

kinetic : 2.184133 (0.037330)
potential : -4.359314 (0.037352)
energy : -2.175181 (0.000161)

kinetic : 2.184093 (0.037289)
potential : -4.359276 (0.037312)
energy : -2.175183 (0.000161)

kinetic : 2.183970 (0.037249)
potential : -4.359150 (0.037272)
energy : -2.175180 (0.000161)

kinetic : 2.182902 (0.037224)
potential : -4.358080 (0.037247)
energy : -2.175178 (0.000160)

kinetic : 2.182461 (0.037187)
potential : -4.357636 (0.037209)
energy : -2.175175 (0.000160)

kinetic : 2.181554 (0.037158)
potential : -4.356729 (0.037180)
energy : -2.175175 (0.000160)

kinetic : 2.180608 (0.037130)
potential : -4.355786 (0.037152)
energy : -2.175178 (0.000160)

kinetic : 2.179405 (0.037110)
potential : -4.354581 (0.037132)
energy : -2.175176 (0.000160)

kinetic : 2.178485 (0.037081)
potential : -4.353662 (0.037103)
energy : -2.175177 (0.000160)

kinetic : 2.178833 (0.037043)
potential : -4.354009 (0.037065)
energy : -2.175176 (0.000159)

kinetic : 2.179256 (0.037006)
potential : -4.354443 (0.037028)
energy : -2.175186 (0.000160)

kinetic : 2.179757 (0.036970)
potential : -4.354939 (0.036992)
energy : -2.175182 (0.000159)

kinetic : 2.180499 (0.036938)
potential : -4.355690 (0.036960)
energy : -2.175192 (0.000160)

kinetic : 2.180963 (0.036901)
potential : -4.356158 (0.036923)
energy : -2.175195 (0.000159)

kinetic : 2.180742 (0.036862)
potential : -4.355933 (0.036885)
energy : -2.175191 (0.000159)

kinetic : 2.179429 (0.036846)
potential : -4.354612 (0.036869)
energy : -2.175183 (0.000159)

kinetic : 2.178871 (0.036811)
potential : -4.354055 (0.036834)
energy : -2.175184 (0.000159)

kinetic : 2.178446 (0.036775)
potential : -4.353631 (0.036797)
energy : -2.175185 (0.000159)

kinetic : 2.178589 (0.036736)
potential : -4.353777 (0.036758)
energy : -2.175188 (0.000159)

kinetic : 2.178646 (0.036697)
potential : -4.353835 (0.036719)
energy : -2.175190 (0.000159)

kinetic : 2.178491 (0.036658)
potential : -4.353677 (0.036681)
energy : -2.175186 (0.000159)

kinetic : 2.177603 (0.036630)
potential : -4.352788 (0.036653)
energy : -2.175185 (0.000158)

kinetic : 2.176983 (0.036597)
potential : -4.352167 (0.036619)
energy : -2.175184 (0.000158)

kinetic : 2.176740 (0.036559)
potential : -4.351924 (0.036581)
energy : -2.175184 (0.000158)

kinetic : 2.175439 (0.036544)
potential : -4.350618 (0.036566)
energy : -2.175179 (0.000158)

kinetic : 2.175610 (0.036506)
potential : -4.350784 (0.036528)
energy : -2.175174 (0.000158)

kinetic : 2.174482 (0.036485)
potential : -4.349654 (0.036507)
energy : -2.175172 (0.000158)

kinetic : 2.174255 (0.036447)
potential : -4.349422 (0.036469)
energy : -2.175168 (0.000158)

kinetic : 2.174638 (0.036411)
potential : -4.349801 (0.036433)
energy : -2.175163 (0.000158)

kinetic : 2.174255 (0.036374)
potential : -4.349420 (0.036397)
energy : -2.175165 (0.000157)

kinetic : 2.173047 (0.036356)
potential : -4.348211 (0.036379)
energy : -2.175164 (0.000157)

kinetic : 2.172660 (0.036320)
potential : -4.347819 (0.036343)
energy : -2.175159 (0.000157)

kinetic : 2.171314 (0.036307)
potential : -4.346466 (0.036330)
energy : -2.175152 (0.000157)

kinetic : 2.170977 (0.036271)
potential : -4.346129 (0.036293)
energy : -2.175151 (0.000157)

kinetic : 2.170995 (0.036233)
potential : -4.346141 (0.036255)
energy : -2.175147 (0.000157)

kinetic : 2.170819 (0.036196)
potential : -4.345962 (0.036218)
energy : -2.175144 (0.000157)

kinetic : 2.170124 (0.036164)
potential : -4.345263 (0.036187)
energy : -2.175140 (0.000157)

kinetic : 2.170091 (0.036127)
potential : -4.345229 (0.036149)
energy : -2.175138 (0.000156)

kinetic : 2.169521 (0.036094)
potential : -4.344665 (0.036116)
energy : -2.175143 (0.000156)

kinetic : 2.168230 (0.036079)
potential : -4.343368 (0.036102)
energy : -2.175138 (0.000156)

kinetic : 2.168333 (0.036042)
potential : -4.343474 (0.036065)
energy : -2.175140 (0.000156)

kinetic : 2.168281 (0.036005)
potential : -4.343421 (0.036027)
energy : -2.175140 (0.000156)

kinetic : 2.168260 (0.035967)
potential : -4.343400 (0.035990)
energy : -2.175141 (0.000156)

kinetic : 2.167696 (0.035935)
potential : -4.342835 (0.035957)
energy : -2.175139 (0.000156)

kinetic : 2.167350 (0.035899)
potential : -4.342489 (0.035922)
energy : -2.175139 (0.000156)

kinetic : 2.166470 (0.035873)
potential : -4.341606 (0.035895)
energy : -2.175136 (0.000155)

kinetic : 2.165682 (0.035845)
potential : -4.340817 (0.035867)
energy : -2.175135 (0.000155)

kinetic : 2.164571 (0.035825)
potential : -4.339706 (0.035847)
energy : -2.175135 (0.000155)

kinetic : 2.165294 (0.035795)
potential : -4.340433 (0.035818)
energy : -2.175139 (0.000155)

kinetic : 2.165032 (0.035759)
potential : -4.340172 (0.035782)
energy : -2.175140 (0.000155)

kinetic : 2.165528 (0.035726)
potential : -4.340665 (0.035749)
energy : -2.175137 (0.000155)

kinetic : 2.164319 (0.035710)
potential : -4.339455 (0.035732)
energy : -2.175136 (0.000155)

kinetic : 2.164480 (0.035674)
potential : -4.339616 (0.035696)
energy : -2.175136 (0.000154)

kinetic : 2.165461 (0.035651)
potential : -4.340600 (0.035673)
energy : -2.175139 (0.000154)

kinetic : 2.165941 (0.035617)
potential : -4.341081 (0.035640)
energy : -2.175140 (0.000154)

kinetic : 2.165932 (0.035581)
potential : -4.341076 (0.035604)
energy : -2.175144 (0.000154)

kinetic : 2.166151 (0.035545)
potential : -4.341290 (0.035568)
energy : -2.175140 (0.000154)

kinetic : 2.164732 (0.035537)
potential : -4.339871 (0.035560)
energy : -2.175139 (0.000154)

kinetic : 2.164251 (0.035505)
potential : -4.339387 (0.035527)
energy : -2.175136 (0.000154)

kinetic : 2.164140 (0.035469)
potential : -4.339282 (0.035491)
energy : -2.175142 (0.000154)

kinetic : 2.163867 (0.035434)
potential : -4.339009 (0.035456)
energy : -2.175143 (0.000153)

kinetic : 2.164758 (0.035409)
potential : -4.339905 (0.035431)
energy : -2.175147 (0.000153)

kinetic : 2.164190 (0.035377)
potential : -4.339332 (0.035400)
energy : -2.175142 (0.000153)

kinetic : 2.164099 (0.035342)
potential : -4.339239 (0.035364)
energy : -2.175141 (0.000153)

kinetic : 2.163715 (0.035308)
potential : -4.338855 (0.035330)
energy : -2.175141 (0.000153)

kinetic : 2.163929 (0.035273)
potential : -4.339067 (0.035295)
energy : -2.175138 (0.000153)

kinetic : 2.163774 (0.035238)
potential : -4.338913 (0.035260)
energy : -2.175139 (0.000153)

kinetic : 2.163887 (0.035202)
potential : -4.339029 (0.035225)
energy : -2.175142 (0.000152)

kinetic : 2.164073 (0.035167)
potential : -4.339218 (0.035190)
energy : -2.175145 (0.000152)

kinetic : 2.165479 (0.035160)
potential : -4.340631 (0.035183)
energy : -2.175152 (0.000152)

kinetic : 2.165036 (0.035127)
potential : -4.340190 (0.035150)
energy : -2.175154 (0.000152)

kinetic : 2.165801 (0.035100)
potential : -4.340954 (0.035123)
energy : -2.175153 (0.000152)

kinetic : 2.165033 (0.035074)
potential : -4.340175 (0.035096)
energy : -2.175142 (0.000152)

kinetic : 2.165387 (0.035040)
potential : -4.340523 (0.035063)
energy : -2.175136 (0.000152)

kinetic : 2.164990 (0.035007)
potential : -4.340124 (0.035030)
energy : -2.175133 (0.000152)

kinetic : 2.165457 (0.034975)
potential : -4.340598 (0.034998)
energy : -2.175141 (0.000152)

kinetic : 2.165008 (0.034943)
potential : -4.340148 (0.034966)
energy : -2.175140 (0.000152)
         kinetic: 2.165(35), Sigma: 3.833, T_corr: 8.3
       potential: -4.340(35), Sigma: 3.835, T_corr: 8.3
          energy: -2.17514(15), Sigma: 0.023, T_corr: 4.5

For tau = 2.50e-01, acceptance ratio = 0.72
Time: 48.13s
