
kinetic : 5.480710 (inf)
potential : -7.654003 (inf)
energy : -2.173293 (inf)

kinetic : 1.282424 (inf)
potential : -3.452325 (inf)
energy : -2.169901 (inf)

kinetic : 1.680766 (0.398342)
potential : -3.854293 (0.401968)
energy : -2.173527 (0.003626)

kinetic : 1.624166 (0.236845)
potential : -3.795421 (0.239427)
energy : -2.171254 (0.003090)

kinetic : 2.164709 (0.565893)
potential : -4.340679 (0.570938)
energy : -2.175970 (0.005197)

kinetic : 2.310798 (0.462042)
potential : -4.489846 (0.466725)
energy : -2.179048 (0.005068)

kinetic : 2.756277 (0.583758)
potential : -4.932401 (0.584017)
energy : -2.176124 (0.005067)

kinetic : 2.924645 (0.521303)
potential : -5.100204 (0.521329)
energy : -2.175559 (0.004319)

kinetic : 3.112841 (0.489117)
potential : -5.287903 (0.488947)
energy : -2.175062 (0.003773)

kinetic : 3.243424 (0.450693)
potential : -5.417647 (0.450306)
energy : -2.174223 (0.003432)

kinetic : 3.026422 (0.457809)
potential : -5.199866 (0.457875)
energy : -2.173444 (0.003167)

kinetic : 3.208574 (0.452396)
potential : -5.381531 (0.452254)
energy : -2.172957 (0.002906)

kinetic : 3.108043 (0.425039)
potential : -5.280683 (0.424988)
energy : -2.172640 (0.002671)

kinetic : 3.071827 (0.392653)
potential : -5.244308 (0.392621)
energy : -2.172481 (0.002463)

kinetic : 2.953723 (0.382230)
potential : -5.126632 (0.382070)
energy : -2.172908 (0.002320)

kinetic : 2.947115 (0.355898)
potential : -5.120558 (0.355740)
energy : -2.173443 (0.002225)

kinetic : 2.841869 (0.349152)
potential : -5.015602 (0.348924)
energy : -2.173733 (0.002101)

kinetic : 2.877690 (0.329921)
potential : -5.051842 (0.329754)
energy : -2.174152 (0.002018)

kinetic : 2.828627 (0.314899)
potential : -5.002286 (0.314820)
energy : -2.173660 (0.001965)

kinetic : 2.771972 (0.303204)
potential : -4.945740 (0.303111)
energy : -2.173768 (0.001862)

kinetic : 2.661982 (0.307957)
potential : -4.835667 (0.307904)
energy : -2.173685 (0.001768)

kinetic : 2.591611 (0.301259)
potential : -4.765230 (0.301226)
energy : -2.173619 (0.001683)

kinetic : 2.560718 (0.288896)
potential : -4.734783 (0.288817)
energy : -2.174066 (0.001666)

kinetic : 2.523388 (0.278562)
potential : -4.697454 (0.278487)
energy : -2.174066 (0.001592)

kinetic : 2.520298 (0.266721)
potential : -4.694727 (0.266645)
energy : -2.174430 (0.001567)

kinetic : 2.471510 (0.260440)
potential : -4.645902 (0.260376)
energy : -2.174392 (0.001503)

kinetic : 2.441714 (0.251991)
potential : -4.616240 (0.251913)
energy : -2.174526 (0.001450)

kinetic : 2.524910 (0.256354)
potential : -4.699547 (0.256320)
energy : -2.174637 (0.001400)

kinetic : 2.504198 (0.247895)
potential : -4.678587 (0.247884)
energy : -2.174389 (0.001372)

kinetic : 2.468590 (0.241831)
potential : -4.643010 (0.241815)
energy : -2.174420 (0.001324)

kinetic : 2.445855 (0.234734)
potential : -4.620137 (0.234732)
energy : -2.174282 (0.001287)

kinetic : 2.390560 (0.233672)
potential : -4.564556 (0.233738)
energy : -2.173996 (0.001277)

kinetic : 2.361468 (0.228115)
potential : -4.535482 (0.228176)
energy : -2.174014 (0.001237)

kinetic : 2.351970 (0.221298)
potential : -4.526229 (0.221347)
energy : -2.174259 (0.001223)

kinetic : 2.311144 (0.218538)
potential : -4.485537 (0.218560)
energy : -2.174393 (0.001194)

kinetic : 2.308902 (0.212214)
potential : -4.483401 (0.212234)
energy : -2.174499 (0.001164)

kinetic : 2.397258 (0.224365)
potential : -4.571964 (0.224465)
energy : -2.174706 (0.001150)

kinetic : 2.365554 (0.220508)
potential : -4.540148 (0.220620)
energy : -2.174594 (0.001125)

kinetic : 2.338728 (0.216297)
potential : -4.513423 (0.216392)
energy : -2.174695 (0.001099)

kinetic : 2.329851 (0.210865)
potential : -4.504474 (0.210961)
energy : -2.174623 (0.001073)

kinetic : 2.294390 (0.208562)
potential : -4.468955 (0.208664)
energy : -2.174565 (0.001047)

kinetic : 2.288614 (0.203494)
potential : -4.463544 (0.203583)
energy : -2.174930 (0.001085)

kinetic : 2.264922 (0.199998)
potential : -4.439940 (0.200074)
energy : -2.175018 (0.001062)

kinetic : 2.283203 (0.196145)
potential : -4.458042 (0.196203)
energy : -2.174839 (0.001053)

kinetic : 2.251371 (0.194261)
potential : -4.426234 (0.194313)
energy : -2.174864 (0.001029)

kinetic : 2.250541 (0.189897)
potential : -4.425569 (0.189947)
energy : -2.175028 (0.001019)

kinetic : 2.238457 (0.186116)
potential : -4.413534 (0.186161)
energy : -2.175077 (0.000998)

kinetic : 2.235249 (0.182141)
potential : -4.410245 (0.182187)
energy : -2.174996 (0.000980)

kinetic : 2.239278 (0.178352)
potential : -4.414283 (0.178397)
energy : -2.175004 (0.000959)

kinetic : 2.210838 (0.176974)
potential : -4.385863 (0.177014)
energy : -2.175025 (0.000940)

kinetic : 2.210789 (0.173398)
potential : -4.385648 (0.173438)
energy : -2.174858 (0.000936)

kinetic : 2.194722 (0.170722)
potential : -4.369451 (0.170773)
energy : -2.174728 (0.000926)

kinetic : 2.167504 (0.169605)
potential : -4.342284 (0.169646)
energy : -2.174780 (0.000910)

kinetic : 2.168336 (0.166376)
potential : -4.343197 (0.166417)
energy : -2.174861 (0.000896)

kinetic : 2.154533 (0.163849)
potential : -4.329400 (0.163888)
energy : -2.174868 (0.000880)

kinetic : 2.201664 (0.167605)
potential : -4.376261 (0.167566)
energy : -2.174596 (0.000905)

kinetic : 2.175577 (0.166640)
potential : -4.350154 (0.166605)
energy : -2.174576 (0.000889)

kinetic : 2.143939 (0.166720)
potential : -4.318578 (0.166674)
energy : -2.174639 (0.000875)

kinetic : 2.171226 (0.166077)
potential : -4.345886 (0.166036)
energy : -2.174661 (0.000860)

kinetic : 2.169298 (0.163249)
potential : -4.344075 (0.163208)
energy : -2.174777 (0.000854)

kinetic : 2.192817 (0.162219)
potential : -4.367790 (0.162208)
energy : -2.174973 (0.000862)

kinetic : 2.181408 (0.159945)
potential : -4.356306 (0.159939)
energy : -2.174898 (0.000851)

kinetic : 2.158268 (0.159037)
potential : -4.333140 (0.159035)
energy : -2.174872 (0.000837)

kinetic : 2.143569 (0.157181)
potential : -4.318349 (0.157187)
energy : -2.174779 (0.000829)

kinetic : 2.124672 (0.155855)
potential : -4.299388 (0.155869)
energy : -2.174716 (0.000819)

kinetic : 2.132716 (0.153649)
potential : -4.307381 (0.153661)
energy : -2.174664 (0.000808)

kinetic : 2.136644 (0.151355)
potential : -4.311358 (0.151367)
energy : -2.174715 (0.000797)

kinetic : 2.119020 (0.150117)
potential : -4.293758 (0.150126)
energy : -2.174738 (0.000785)

kinetic : 2.112946 (0.148017)
potential : -4.287621 (0.148029)
energy : -2.174675 (0.000776)

kinetic : 2.092412 (0.147294)
potential : -4.267107 (0.147303)
energy : -2.174695 (0.000765)

kinetic : 2.194067 (0.177227)
potential : -4.368975 (0.177357)
energy : -2.174908 (0.000784)

kinetic : 2.169877 (0.176380)
potential : -4.344722 (0.176515)
energy : -2.174846 (0.000775)

kinetic : 2.156257 (0.174445)
potential : -4.331054 (0.174582)
energy : -2.174797 (0.000766)

kinetic : 2.145473 (0.172377)
potential : -4.320259 (0.172512)
energy : -2.174786 (0.000755)

kinetic : 2.127090 (0.171022)
potential : -4.301900 (0.171152)
energy : -2.174810 (0.000745)

kinetic : 2.118524 (0.168944)
potential : -4.293283 (0.169074)
energy : -2.174758 (0.000737)

kinetic : 2.101653 (0.167558)
potential : -4.276349 (0.167692)
energy : -2.174696 (0.000730)

kinetic : 2.090453 (0.165746)
potential : -4.265187 (0.165876)
energy : -2.174734 (0.000722)

kinetic : 2.079816 (0.163953)
potential : -4.254537 (0.164082)
energy : -2.174721 (0.000712)

kinetic : 2.069738 (0.162178)
potential : -4.244427 (0.162306)
energy : -2.174690 (0.000704)

kinetic : 2.062017 (0.160323)
potential : -4.236681 (0.160452)
energy : -2.174664 (0.000696)

kinetic : 2.055990 (0.158447)
potential : -4.230662 (0.158573)
energy : -2.174673 (0.000687)

kinetic : 2.039555 (0.157363)
potential : -4.214188 (0.157491)
energy : -2.174632 (0.000680)

kinetic : 2.038265 (0.155461)
potential : -4.212866 (0.155588)
energy : -2.174601 (0.000672)

kinetic : 2.038672 (0.153599)
potential : -4.213362 (0.153725)
energy : -2.174690 (0.000670)

kinetic : 2.027360 (0.152202)
potential : -4.201933 (0.152335)
energy : -2.174572 (0.000673)

kinetic : 2.019482 (0.150628)
potential : -4.194030 (0.150761)
energy : -2.174548 (0.000665)

kinetic : 2.014010 (0.148988)
potential : -4.188535 (0.149119)
energy : -2.174524 (0.000658)

kinetic : 2.008548 (0.147386)
potential : -4.183094 (0.147515)
energy : -2.174546 (0.000651)

kinetic : 2.008547 (0.145721)
potential : -4.183084 (0.145848)
energy : -2.174537 (0.000643)

kinetic : 1.993860 (0.144839)
potential : -4.168354 (0.144969)
energy : -2.174494 (0.000638)

kinetic : 2.009941 (0.144138)
potential : -4.184303 (0.144251)
energy : -2.174363 (0.000644)

kinetic : 1.995594 (0.143283)
potential : -4.169960 (0.143394)
energy : -2.174366 (0.000637)

kinetic : 1.996727 (0.141738)
potential : -4.171315 (0.141850)
energy : -2.174589 (0.000669)

kinetic : 2.075005 (0.160592)
potential : -4.249475 (0.160631)
energy : -2.174471 (0.000672)

kinetic : 2.110854 (0.162887)
potential : -4.285376 (0.162935)
energy : -2.174521 (0.000667)

kinetic : 2.098927 (0.161622)
potential : -4.273412 (0.161673)
energy : -2.174484 (0.000661)

kinetic : 2.119593 (0.161276)
potential : -4.294307 (0.161356)
energy : -2.174714 (0.000693)

kinetic : 2.185642 (0.172747)
potential : -4.360377 (0.172828)
energy : -2.174735 (0.000686)

kinetic : 2.199595 (0.171562)
potential : -4.374467 (0.171653)
energy : -2.174872 (0.000693)

kinetic : 2.193737 (0.169939)
potential : -4.368547 (0.170031)
energy : -2.174810 (0.000689)

kinetic : 2.200226 (0.168373)
potential : -4.375000 (0.168462)
energy : -2.174773 (0.000683)

kinetic : 2.264855 (0.178803)
potential : -4.439702 (0.178912)
energy : -2.174846 (0.000680)

kinetic : 2.265101 (0.177058)
potential : -4.440051 (0.177167)
energy : -2.174951 (0.000682)

kinetic : 2.254425 (0.175672)
potential : -4.429361 (0.175780)
energy : -2.174936 (0.000675)

kinetic : 2.241022 (0.174507)
potential : -4.415935 (0.174615)
energy : -2.174913 (0.000669)

kinetic : 2.234621 (0.172971)
potential : -4.409514 (0.173079)
energy : -2.174893 (0.000663)

kinetic : 2.229163 (0.171434)
potential : -4.404110 (0.171539)
energy : -2.174947 (0.000659)

kinetic : 2.219500 (0.170114)
potential : -4.394540 (0.170212)
energy : -2.175040 (0.000659)

kinetic : 2.211732 (0.168725)
potential : -4.386779 (0.168822)
energy : -2.175047 (0.000653)

kinetic : 2.203194 (0.167401)
potential : -4.378212 (0.167500)
energy : -2.175018 (0.000648)

kinetic : 2.190720 (0.166355)
potential : -4.365697 (0.166455)
energy : -2.174977 (0.000643)

kinetic : 2.181739 (0.165107)
potential : -4.356645 (0.165210)
energy : -2.174906 (0.000642)

kinetic : 2.173421 (0.163851)
potential : -4.348311 (0.163953)
energy : -2.174890 (0.000636)

kinetic : 2.168739 (0.162475)
potential : -4.343556 (0.162578)
energy : -2.174817 (0.000635)

kinetic : 2.163495 (0.161141)
potential : -4.338342 (0.161243)
energy : -2.174846 (0.000630)

kinetic : 2.165614 (0.159760)
potential : -4.340516 (0.159862)
energy : -2.174902 (0.000627)

kinetic : 2.154501 (0.158778)
potential : -4.329328 (0.158884)
energy : -2.174827 (0.000626)

kinetic : 2.147740 (0.157572)
potential : -4.322515 (0.157679)
energy : -2.174775 (0.000623)

kinetic : 2.150029 (0.156259)
potential : -4.324837 (0.156365)
energy : -2.174808 (0.000618)

kinetic : 2.139461 (0.155311)
potential : -4.314241 (0.155418)
energy : -2.174780 (0.000614)

kinetic : 2.135036 (0.154086)
potential : -4.309867 (0.154191)
energy : -2.174831 (0.000611)

kinetic : 2.164855 (0.155700)
potential : -4.339813 (0.155826)
energy : -2.174959 (0.000619)

kinetic : 2.159451 (0.154523)
potential : -4.334414 (0.154648)
energy : -2.174964 (0.000614)

kinetic : 2.155024 (0.153336)
potential : -4.329948 (0.153461)
energy : -2.174924 (0.000610)

kinetic : 2.144902 (0.152441)
potential : -4.319818 (0.152565)
energy : -2.174916 (0.000606)

kinetic : 2.143217 (0.151235)
potential : -4.318135 (0.151359)
energy : -2.174918 (0.000601)

kinetic : 2.138613 (0.150110)
potential : -4.313511 (0.150234)
energy : -2.174898 (0.000596)

kinetic : 2.130334 (0.149163)
potential : -4.305145 (0.149290)
energy : -2.174811 (0.000598)

kinetic : 2.124304 (0.148125)
potential : -4.299100 (0.148251)
energy : -2.174796 (0.000593)

kinetic : 2.113475 (0.147379)
potential : -4.288242 (0.147507)
energy : -2.174767 (0.000590)

kinetic : 2.156083 (0.152330)
potential : -4.330854 (0.152453)
energy : -2.174771 (0.000585)

kinetic : 2.147661 (0.151406)
potential : -4.322418 (0.151528)
energy : -2.174757 (0.000581)

kinetic : 2.151174 (0.150305)
potential : -4.325970 (0.150427)
energy : -2.174795 (0.000578)

kinetic : 2.139617 (0.149626)
potential : -4.314406 (0.149747)
energy : -2.174789 (0.000573)

kinetic : 2.140332 (0.148515)
potential : -4.315082 (0.148635)
energy : -2.174750 (0.000570)

kinetic : 2.147904 (0.147613)
potential : -4.322761 (0.147738)
energy : -2.174857 (0.000576)

kinetic : 2.146582 (0.146538)
potential : -4.321431 (0.146662)
energy : -2.174849 (0.000572)

kinetic : 2.146903 (0.145473)
potential : -4.321664 (0.145595)
energy : -2.174761 (0.000575)

kinetic : 2.151677 (0.144501)
potential : -4.326370 (0.144620)
energy : -2.174693 (0.000575)

kinetic : 2.138942 (0.144029)
potential : -4.313619 (0.144149)
energy : -2.174677 (0.000571)

kinetic : 2.156035 (0.144022)
potential : -4.330699 (0.144138)
energy : -2.174664 (0.000567)

kinetic : 2.157627 (0.143013)
potential : -4.332237 (0.143128)
energy : -2.174610 (0.000565)

kinetic : 2.154509 (0.142044)
potential : -4.329096 (0.142158)
energy : -2.174587 (0.000562)

kinetic : 2.150291 (0.141117)
potential : -4.324895 (0.141230)
energy : -2.174604 (0.000558)

kinetic : 2.161827 (0.140614)
potential : -4.336333 (0.140718)
energy : -2.174506 (0.000563)

kinetic : 2.158014 (0.139700)
potential : -4.332511 (0.139804)
energy : -2.174496 (0.000559)

kinetic : 2.153860 (0.138809)
potential : -4.328369 (0.138911)
energy : -2.174509 (0.000556)

kinetic : 2.149853 (0.137926)
potential : -4.324329 (0.138028)
energy : -2.174476 (0.000553)

kinetic : 2.145872 (0.137055)
potential : -4.320321 (0.137157)
energy : -2.174449 (0.000550)

kinetic : 2.139403 (0.136292)
potential : -4.313884 (0.136392)
energy : -2.174481 (0.000547)

kinetic : 2.130453 (0.135682)
potential : -4.304873 (0.135785)
energy : -2.174421 (0.000547)

kinetic : 2.152638 (0.136600)
potential : -4.327066 (0.136702)
energy : -2.174428 (0.000543)

kinetic : 2.151717 (0.135707)
potential : -4.326100 (0.135809)
energy : -2.174383 (0.000541)

kinetic : 2.144564 (0.135012)
potential : -4.318909 (0.135116)
energy : -2.174345 (0.000539)

kinetic : 2.144778 (0.134139)
potential : -4.319146 (0.134242)
energy : -2.174368 (0.000536)

kinetic : 2.147013 (0.133295)
potential : -4.321370 (0.133397)
energy : -2.174357 (0.000533)

kinetic : 2.141038 (0.132578)
potential : -4.315377 (0.132680)
energy : -2.174339 (0.000530)

kinetic : 2.135896 (0.131836)
potential : -4.310250 (0.131937)
energy : -2.174354 (0.000527)

kinetic : 2.132870 (0.131040)
potential : -4.307157 (0.131141)
energy : -2.174287 (0.000528)

kinetic : 2.137255 (0.130292)
potential : -4.311513 (0.130392)
energy : -2.174258 (0.000525)

kinetic : 2.138091 (0.129483)
potential : -4.312318 (0.129582)
energy : -2.174226 (0.000523)

kinetic : 2.136479 (0.128691)
potential : -4.310705 (0.128790)
energy : -2.174226 (0.000520)

kinetic : 2.130141 (0.128056)
potential : -4.304366 (0.128154)
energy : -2.174226 (0.000516)

kinetic : 2.125145 (0.127371)
potential : -4.299386 (0.127467)
energy : -2.174241 (0.000513)

kinetic : 2.125340 (0.126597)
potential : -4.299572 (0.126693)
energy : -2.174232 (0.000510)

kinetic : 2.120206 (0.125936)
potential : -4.294427 (0.126032)
energy : -2.174221 (0.000507)

kinetic : 2.116699 (0.125229)
potential : -4.290916 (0.125324)
energy : -2.174217 (0.000504)

kinetic : 2.113304 (0.124528)
potential : -4.287519 (0.124622)
energy : -2.174215 (0.000501)

kinetic : 2.116803 (0.123838)
potential : -4.291020 (0.123932)
energy : -2.174217 (0.000498)

kinetic : 2.111064 (0.123241)
potential : -4.285321 (0.123333)
energy : -2.174257 (0.000497)

kinetic : 2.107216 (0.122579)
potential : -4.281491 (0.122669)
energy : -2.174275 (0.000495)

kinetic : 2.104351 (0.121898)
potential : -4.278620 (0.121988)
energy : -2.174269 (0.000492)

kinetic : 2.096924 (0.121418)
potential : -4.271188 (0.121508)
energy : -2.174264 (0.000489)

kinetic : 2.096721 (0.120719)
potential : -4.270968 (0.120808)
energy : -2.174247 (0.000486)

kinetic : 2.094993 (0.120039)
potential : -4.269238 (0.120128)
energy : -2.174246 (0.000484)

kinetic : 2.100461 (0.119481)
potential : -4.274904 (0.119578)
energy : -2.174443 (0.000520)

kinetic : 2.108320 (0.119063)
potential : -4.282780 (0.119161)
energy : -2.174460 (0.000517)

kinetic : 2.100251 (0.118667)
potential : -4.274710 (0.118764)
energy : -2.174460 (0.000514)

kinetic : 2.096014 (0.118079)
potential : -4.270525 (0.118173)
energy : -2.174511 (0.000514)

kinetic : 2.103685 (0.117671)
potential : -4.278202 (0.117765)
energy : -2.174516 (0.000511)

kinetic : 2.102008 (0.117031)
potential : -4.276564 (0.117124)
energy : -2.174557 (0.000510)

kinetic : 2.103983 (0.116403)
potential : -4.278598 (0.116497)
energy : -2.174615 (0.000510)

kinetic : 2.098854 (0.115879)
potential : -4.273456 (0.115972)
energy : -2.174602 (0.000508)

kinetic : 2.091330 (0.115493)
potential : -4.265913 (0.115587)
energy : -2.174583 (0.000505)

kinetic : 2.108531 (0.116148)
potential : -4.283280 (0.116265)
energy : -2.174749 (0.000529)

kinetic : 2.104742 (0.115584)
potential : -4.279454 (0.115701)
energy : -2.174712 (0.000528)

kinetic : 2.099790 (0.115070)
potential : -4.274496 (0.115187)
energy : -2.174706 (0.000525)

kinetic : 2.100864 (0.114462)
potential : -4.275576 (0.114578)
energy : -2.174712 (0.000522)

kinetic : 2.097311 (0.113910)
potential : -4.272020 (0.114026)
energy : -2.174709 (0.000519)

kinetic : 2.095088 (0.113331)
potential : -4.269821 (0.113445)
energy : -2.174733 (0.000517)

kinetic : 2.097206 (0.112756)
potential : -4.271995 (0.112871)
energy : -2.174789 (0.000517)

kinetic : 2.127806 (0.116266)
potential : -4.302655 (0.116392)
energy : -2.174849 (0.000518)

kinetic : 2.135830 (0.115940)
potential : -4.310636 (0.116062)
energy : -2.174806 (0.000517)

kinetic : 2.138089 (0.115363)
potential : -4.312929 (0.115485)
energy : -2.174840 (0.000516)

kinetic : 2.147822 (0.115182)
potential : -4.322640 (0.115301)
energy : -2.174818 (0.000514)

kinetic : 2.143309 (0.114681)
potential : -4.318099 (0.114801)
energy : -2.174790 (0.000512)

kinetic : 2.147876 (0.114189)
potential : -4.322614 (0.114306)
energy : -2.174738 (0.000512)

kinetic : 2.159794 (0.114234)
potential : -4.334546 (0.114352)
energy : -2.174752 (0.000509)

kinetic : 2.165565 (0.113805)
potential : -4.340331 (0.113923)
energy : -2.174766 (0.000507)

kinetic : 2.159993 (0.113372)
potential : -4.334745 (0.113489)
energy : -2.174751 (0.000505)

kinetic : 2.160694 (0.112808)
potential : -4.335422 (0.112925)
energy : -2.174728 (0.000503)

kinetic : 2.162737 (0.112267)
potential : -4.337471 (0.112383)
energy : -2.174734 (0.000500)

kinetic : 2.162465 (0.111713)
potential : -4.337189 (0.111829)
energy : -2.174723 (0.000498)

kinetic : 2.162462 (0.111164)
potential : -4.337225 (0.111279)
energy : -2.174763 (0.000497)

kinetic : 2.159050 (0.110673)
potential : -4.333834 (0.110787)
energy : -2.174784 (0.000495)

kinetic : 2.153196 (0.110290)
potential : -4.327981 (0.110403)
energy : -2.174785 (0.000493)

kinetic : 2.148380 (0.109861)
potential : -4.323159 (0.109974)
energy : -2.174779 (0.000490)

kinetic : 2.142524 (0.109489)
potential : -4.317313 (0.109600)
energy : -2.174789 (0.000488)

kinetic : 2.145688 (0.109009)
potential : -4.320442 (0.109119)
energy : -2.174754 (0.000487)

kinetic : 2.149823 (0.108568)
potential : -4.324600 (0.108678)
energy : -2.174777 (0.000485)

kinetic : 2.150797 (0.108057)
potential : -4.325580 (0.108166)
energy : -2.174783 (0.000483)

kinetic : 2.148973 (0.107561)
potential : -4.323778 (0.107670)
energy : -2.174805 (0.000481)

kinetic : 2.145675 (0.107106)
potential : -4.320460 (0.107215)
energy : -2.174785 (0.000479)

kinetic : 2.145625 (0.106604)
potential : -4.320406 (0.106712)
energy : -2.174781 (0.000477)

kinetic : 2.156446 (0.106657)
potential : -4.331239 (0.106766)
energy : -2.174793 (0.000475)

kinetic : 2.150873 (0.106309)
potential : -4.325659 (0.106417)
energy : -2.174786 (0.000473)

kinetic : 2.147286 (0.105878)
potential : -4.322051 (0.105987)
energy : -2.174765 (0.000471)

kinetic : 2.143307 (0.105467)
potential : -4.318075 (0.105574)
energy : -2.174768 (0.000469)

kinetic : 2.139148 (0.105066)
potential : -4.313900 (0.105174)
energy : -2.174752 (0.000467)

kinetic : 2.136178 (0.104630)
potential : -4.310942 (0.104737)
energy : -2.174764 (0.000465)

kinetic : 2.134663 (0.104166)
potential : -4.309435 (0.104273)
energy : -2.174773 (0.000463)

kinetic : 2.131217 (0.103753)
potential : -4.306011 (0.103858)
energy : -2.174794 (0.000462)

kinetic : 2.132114 (0.103291)
potential : -4.306913 (0.103396)
energy : -2.174799 (0.000459)

kinetic : 2.132017 (0.102829)
potential : -4.306790 (0.102933)
energy : -2.174773 (0.000458)

kinetic : 2.128929 (0.102417)
potential : -4.303692 (0.102521)
energy : -2.174763 (0.000456)

kinetic : 2.126659 (0.101988)
potential : -4.301406 (0.102092)
energy : -2.174747 (0.000454)

kinetic : 2.125816 (0.101542)
potential : -4.300545 (0.101645)
energy : -2.174729 (0.000453)

kinetic : 2.121038 (0.101208)
potential : -4.295756 (0.101312)
energy : -2.174718 (0.000451)

kinetic : 2.122661 (0.100778)
potential : -4.297370 (0.100881)
energy : -2.174709 (0.000449)

kinetic : 2.122660 (0.100339)
potential : -4.297345 (0.100442)
energy : -2.174685 (0.000448)

kinetic : 2.119584 (0.099951)
potential : -4.294261 (0.100053)
energy : -2.174677 (0.000446)

kinetic : 2.126635 (0.099769)
potential : -4.301249 (0.099866)
energy : -2.174613 (0.000449)

kinetic : 2.121163 (0.099490)
potential : -4.295765 (0.099587)
energy : -2.174602 (0.000447)

kinetic : 2.115702 (0.099215)
potential : -4.290302 (0.099311)
energy : -2.174600 (0.000445)

kinetic : 2.114222 (0.098803)
potential : -4.288776 (0.098900)
energy : -2.174555 (0.000445)

kinetic : 2.110793 (0.098443)
potential : -4.285340 (0.098540)
energy : -2.174547 (0.000443)

kinetic : 2.110078 (0.098029)
potential : -4.284580 (0.098126)
energy : -2.174502 (0.000444)

kinetic : 2.109400 (0.097619)
potential : -4.283924 (0.097715)
energy : -2.174524 (0.000443)

kinetic : 2.132249 (0.099859)
potential : -4.306718 (0.099939)
energy : -2.174469 (0.000444)

kinetic : 2.133057 (0.099445)
potential : -4.307541 (0.099526)
energy : -2.174484 (0.000443)

kinetic : 2.134103 (0.099037)
potential : -4.308590 (0.099117)
energy : -2.174487 (0.000441)

kinetic : 2.167552 (0.104145)
potential : -4.342022 (0.104215)
energy : -2.174470 (0.000439)

kinetic : 2.165394 (0.103738)
potential : -4.339889 (0.103807)
energy : -2.174495 (0.000438)

kinetic : 2.167984 (0.103344)
potential : -4.342481 (0.103413)
energy : -2.174497 (0.000436)

kinetic : 2.161211 (0.103144)
potential : -4.335702 (0.103213)
energy : -2.174491 (0.000435)

kinetic : 2.161419 (0.102724)
potential : -4.335905 (0.102793)
energy : -2.174486 (0.000433)

kinetic : 2.156721 (0.102415)
potential : -4.331189 (0.102484)
energy : -2.174468 (0.000431)

kinetic : 2.148261 (0.102352)
potential : -4.322732 (0.102420)
energy : -2.174470 (0.000430)

kinetic : 2.141049 (0.102195)
potential : -4.315494 (0.102264)
energy : -2.174445 (0.000429)

kinetic : 2.149532 (0.102138)
potential : -4.324001 (0.102209)
energy : -2.174469 (0.000428)

kinetic : 2.146692 (0.101770)
potential : -4.321162 (0.101841)
energy : -2.174470 (0.000426)

kinetic : 2.146765 (0.101365)
potential : -4.321292 (0.101436)
energy : -2.174526 (0.000428)

kinetic : 2.148874 (0.100986)
potential : -4.323413 (0.101057)
energy : -2.174539 (0.000427)

kinetic : 2.145907 (0.100631)
potential : -4.320434 (0.100702)
energy : -2.174527 (0.000425)

kinetic : 2.141265 (0.100343)
potential : -4.315786 (0.100414)
energy : -2.174521 (0.000423)

kinetic : 2.147482 (0.100144)
potential : -4.322032 (0.100216)
energy : -2.174550 (0.000423)

kinetic : 2.144706 (0.099792)
potential : -4.319264 (0.099863)
energy : -2.174558 (0.000421)

kinetic : 2.139873 (0.099522)
potential : -4.314443 (0.099592)
energy : -2.174570 (0.000420)

kinetic : 2.138280 (0.099150)
potential : -4.312810 (0.099220)
energy : -2.174530 (0.000420)

kinetic : 2.135645 (0.098803)
potential : -4.310154 (0.098874)
energy : -2.174509 (0.000419)

kinetic : 2.131329 (0.098518)
potential : -4.305808 (0.098590)
energy : -2.174479 (0.000418)

kinetic : 2.126872 (0.098242)
potential : -4.301343 (0.098315)
energy : -2.174471 (0.000417)

kinetic : 2.125782 (0.097874)
potential : -4.300245 (0.097946)
energy : -2.174463 (0.000415)

kinetic : 2.127843 (0.097524)
potential : -4.302295 (0.097596)
energy : -2.174452 (0.000414)

kinetic : 2.124607 (0.097210)
potential : -4.299057 (0.097281)
energy : -2.174450 (0.000412)

kinetic : 2.122846 (0.096859)
potential : -4.297285 (0.096931)
energy : -2.174439 (0.000411)

kinetic : 2.121554 (0.096505)
potential : -4.295980 (0.096576)
energy : -2.174426 (0.000410)

kinetic : 2.117921 (0.096213)
potential : -4.292325 (0.096284)
energy : -2.174403 (0.000409)

kinetic : 2.112927 (0.095984)
potential : -4.287313 (0.096056)
energy : -2.174387 (0.000408)

kinetic : 2.110869 (0.095650)
potential : -4.285239 (0.095722)
energy : -2.174370 (0.000406)

kinetic : 2.107798 (0.095346)
potential : -4.282148 (0.095419)
energy : -2.174350 (0.000405)

kinetic : 2.103965 (0.095072)
potential : -4.278298 (0.095145)
energy : -2.174332 (0.000404)

kinetic : 2.107941 (0.094807)
potential : -4.282321 (0.094881)
energy : -2.174380 (0.000406)

kinetic : 2.110223 (0.094488)
potential : -4.284601 (0.094562)
energy : -2.174378 (0.000404)

kinetic : 2.118682 (0.094523)
potential : -4.293083 (0.094598)
energy : -2.174402 (0.000403)

kinetic : 2.116944 (0.094196)
potential : -4.291340 (0.094271)
energy : -2.174395 (0.000402)

kinetic : 2.112208 (0.093974)
potential : -4.286602 (0.094050)
energy : -2.174395 (0.000400)

kinetic : 2.117370 (0.093778)
potential : -4.291739 (0.093851)
energy : -2.174368 (0.000400)

kinetic : 2.114619 (0.093482)
potential : -4.288974 (0.093555)
energy : -2.174355 (0.000399)

kinetic : 2.123453 (0.093565)
potential : -4.297820 (0.093639)
energy : -2.174368 (0.000397)

kinetic : 2.129441 (0.093424)
potential : -4.303846 (0.093500)
energy : -2.174405 (0.000398)

kinetic : 2.127427 (0.093114)
potential : -4.301838 (0.093189)
energy : -2.174411 (0.000396)

kinetic : 2.125307 (0.092808)
potential : -4.299719 (0.092884)
energy : -2.174411 (0.000395)

kinetic : 2.122340 (0.092528)
potential : -4.296741 (0.092604)
energy : -2.174401 (0.000394)

kinetic : 2.121581 (0.092206)
potential : -4.296022 (0.092281)
energy : -2.174441 (0.000394)

kinetic : 2.129790 (0.092249)
potential : -4.304241 (0.092325)
energy : -2.174452 (0.000393)

kinetic : 2.129129 (0.091930)
potential : -4.303558 (0.092005)
energy : -2.174429 (0.000392)

kinetic : 2.128549 (0.091612)
potential : -4.303011 (0.091686)
energy : -2.174462 (0.000392)

kinetic : 2.122446 (0.091498)
potential : -4.296902 (0.091573)
energy : -2.174456 (0.000391)

kinetic : 2.117156 (0.091335)
potential : -4.291577 (0.091412)
energy : -2.174421 (0.000391)

kinetic : 2.117257 (0.091021)
potential : -4.291712 (0.091097)
energy : -2.174454 (0.000391)

kinetic : 2.118581 (0.090718)
potential : -4.293049 (0.090794)
energy : -2.174468 (0.000390)

kinetic : 2.116314 (0.090437)
potential : -4.290785 (0.090512)
energy : -2.174471 (0.000389)

kinetic : 2.114215 (0.090153)
potential : -4.288694 (0.090228)
energy : -2.174479 (0.000388)

kinetic : 2.111697 (0.089882)
potential : -4.286182 (0.089957)
energy : -2.174485 (0.000386)

kinetic : 2.112377 (0.089580)
potential : -4.286892 (0.089655)
energy : -2.174515 (0.000386)

kinetic : 2.114952 (0.089315)
potential : -4.289488 (0.089390)
energy : -2.174536 (0.000385)

kinetic : 2.117428 (0.089050)
potential : -4.291990 (0.089125)
energy : -2.174562 (0.000385)

kinetic : 2.114717 (0.088793)
potential : -4.289289 (0.088868)
energy : -2.174572 (0.000384)

kinetic : 2.116782 (0.088520)
potential : -4.291368 (0.088595)
energy : -2.174586 (0.000383)

kinetic : 2.120514 (0.088305)
potential : -4.295141 (0.088381)
energy : -2.174626 (0.000384)

kinetic : 2.116391 (0.088108)
potential : -4.291024 (0.088184)
energy : -2.174632 (0.000383)

kinetic : 2.114101 (0.087847)
potential : -4.288729 (0.087922)
energy : -2.174628 (0.000381)

kinetic : 2.110475 (0.087632)
potential : -4.285102 (0.087708)
energy : -2.174627 (0.000380)

kinetic : 2.108407 (0.087369)
potential : -4.283049 (0.087444)
energy : -2.174642 (0.000379)

kinetic : 2.104192 (0.087185)
potential : -4.278828 (0.087260)
energy : -2.174637 (0.000378)

kinetic : 2.104576 (0.086902)
potential : -4.279205 (0.086976)
energy : -2.174629 (0.000377)

kinetic : 2.101648 (0.086668)
potential : -4.276270 (0.086743)
energy : -2.174622 (0.000376)

kinetic : 2.102521 (0.086392)
potential : -4.277128 (0.086466)
energy : -2.174607 (0.000375)

kinetic : 2.099029 (0.086183)
potential : -4.273637 (0.086257)
energy : -2.174608 (0.000373)

kinetic : 2.100616 (0.085921)
potential : -4.275236 (0.085994)
energy : -2.174621 (0.000372)

kinetic : 2.099016 (0.085660)
potential : -4.273632 (0.085733)
energy : -2.174616 (0.000371)

kinetic : 2.099218 (0.085386)
potential : -4.273836 (0.085459)
energy : -2.174618 (0.000370)

kinetic : 2.097088 (0.085140)
potential : -4.271705 (0.085213)
energy : -2.174617 (0.000369)

kinetic : 2.095482 (0.084885)
potential : -4.270127 (0.084957)
energy : -2.174645 (0.000369)

kinetic : 2.120126 (0.088131)
potential : -4.294741 (0.088192)
energy : -2.174615 (0.000369)

kinetic : 2.125817 (0.088037)
potential : -4.300447 (0.088098)
energy : -2.174630 (0.000368)

kinetic : 2.122375 (0.087827)
potential : -4.297000 (0.087888)
energy : -2.174625 (0.000367)

kinetic : 2.121017 (0.087562)
potential : -4.295618 (0.087623)
energy : -2.174601 (0.000366)

kinetic : 2.125013 (0.087379)
potential : -4.299617 (0.087440)
energy : -2.174603 (0.000365)

kinetic : 2.120998 (0.087199)
potential : -4.295597 (0.087260)
energy : -2.174599 (0.000364)

kinetic : 2.118592 (0.086961)
potential : -4.293203 (0.087022)
energy : -2.174611 (0.000363)

kinetic : 2.118936 (0.086692)
potential : -4.293551 (0.086753)
energy : -2.174615 (0.000362)

kinetic : 2.117317 (0.086439)
potential : -4.291933 (0.086499)
energy : -2.174616 (0.000361)

kinetic : 2.122339 (0.086319)
potential : -4.296955 (0.086379)
energy : -2.174616 (0.000360)

kinetic : 2.120655 (0.086070)
potential : -4.295252 (0.086131)
energy : -2.174597 (0.000359)

kinetic : 2.119802 (0.085811)
potential : -4.294406 (0.085871)
energy : -2.174604 (0.000358)

kinetic : 2.119643 (0.085549)
potential : -4.294226 (0.085609)
energy : -2.174583 (0.000358)

kinetic : 2.123417 (0.085372)
potential : -4.297992 (0.085431)
energy : -2.174575 (0.000357)

kinetic : 2.125031 (0.085128)
potential : -4.299587 (0.085187)
energy : -2.174556 (0.000356)

kinetic : 2.121306 (0.084952)
potential : -4.295852 (0.085011)
energy : -2.174546 (0.000355)

kinetic : 2.123275 (0.084719)
potential : -4.297849 (0.084778)
energy : -2.174574 (0.000355)

kinetic : 2.122720 (0.084466)
potential : -4.297318 (0.084525)
energy : -2.174598 (0.000355)

kinetic : 2.124141 (0.084225)
potential : -4.298751 (0.084284)
energy : -2.174609 (0.000354)

kinetic : 2.132890 (0.084428)
potential : -4.307498 (0.084486)
energy : -2.174608 (0.000353)

kinetic : 2.129752 (0.084234)
potential : -4.304371 (0.084292)
energy : -2.174619 (0.000352)

kinetic : 2.129254 (0.083986)
potential : -4.303907 (0.084043)
energy : -2.174653 (0.000353)

kinetic : 2.133342 (0.083836)
potential : -4.307989 (0.083893)
energy : -2.174647 (0.000352)

kinetic : 2.131487 (0.083609)
potential : -4.306113 (0.083666)
energy : -2.174626 (0.000351)

kinetic : 2.128834 (0.083405)
potential : -4.303456 (0.083462)
energy : -2.174623 (0.000350)

kinetic : 2.125839 (0.083214)
potential : -4.300461 (0.083271)
energy : -2.174622 (0.000349)

kinetic : 2.121871 (0.083065)
potential : -4.296481 (0.083122)
energy : -2.174610 (0.000349)

kinetic : 2.119363 (0.082861)
potential : -4.293975 (0.082918)
energy : -2.174612 (0.000348)

kinetic : 2.115555 (0.082707)
potential : -4.290155 (0.082764)
energy : -2.174600 (0.000347)

kinetic : 2.115047 (0.082469)
potential : -4.289640 (0.082526)
energy : -2.174593 (0.000346)

kinetic : 2.113065 (0.082254)
potential : -4.287657 (0.082311)
energy : -2.174592 (0.000345)

kinetic : 2.110363 (0.082061)
potential : -4.284944 (0.082118)
energy : -2.174581 (0.000344)

kinetic : 2.114329 (0.081921)
potential : -4.288898 (0.081977)
energy : -2.174568 (0.000343)

kinetic : 2.117012 (0.081730)
potential : -4.291579 (0.081786)
energy : -2.174567 (0.000342)

kinetic : 2.116175 (0.081500)
potential : -4.290736 (0.081556)
energy : -2.174561 (0.000341)

kinetic : 2.113098 (0.081326)
potential : -4.287659 (0.081382)
energy : -2.174560 (0.000340)

kinetic : 2.115069 (0.081119)
potential : -4.289628 (0.081174)
energy : -2.174559 (0.000339)

kinetic : 2.114937 (0.080889)
potential : -4.289477 (0.080944)
energy : -2.174540 (0.000339)

kinetic : 2.113701 (0.080669)
potential : -4.288239 (0.080725)
energy : -2.174538 (0.000338)

kinetic : 2.110698 (0.080498)
potential : -4.285235 (0.080553)
energy : -2.174537 (0.000337)

kinetic : 2.108031 (0.080316)
potential : -4.282585 (0.080370)
energy : -2.174554 (0.000337)

kinetic : 2.105315 (0.080136)
potential : -4.279864 (0.080191)
energy : -2.174549 (0.000336)

kinetic : 2.108250 (0.079966)
potential : -4.282896 (0.080024)
energy : -2.174646 (0.000349)

kinetic : 2.105559 (0.079788)
potential : -4.280195 (0.079846)
energy : -2.174637 (0.000348)

kinetic : 2.102036 (0.079644)
potential : -4.276681 (0.079702)
energy : -2.174645 (0.000347)

kinetic : 2.101137 (0.079429)
potential : -4.275771 (0.079486)
energy : -2.174635 (0.000346)

kinetic : 2.100498 (0.079211)
potential : -4.275133 (0.079269)
energy : -2.174636 (0.000345)

kinetic : 2.096399 (0.079099)
potential : -4.271019 (0.079157)
energy : -2.174619 (0.000345)

kinetic : 2.092887 (0.078960)
potential : -4.267506 (0.079017)
energy : -2.174619 (0.000344)

kinetic : 2.094545 (0.078761)
potential : -4.269212 (0.078819)
energy : -2.174666 (0.000346)

kinetic : 2.091738 (0.078595)
potential : -4.266406 (0.078653)
energy : -2.174669 (0.000345)

kinetic : 2.089425 (0.078415)
potential : -4.264101 (0.078473)
energy : -2.174676 (0.000344)

kinetic : 2.091484 (0.078229)
potential : -4.266170 (0.078286)
energy : -2.174685 (0.000343)

kinetic : 2.090673 (0.078021)
potential : -4.265351 (0.078078)
energy : -2.174678 (0.000343)

kinetic : 2.089583 (0.077817)
potential : -4.264255 (0.077875)
energy : -2.174672 (0.000342)

kinetic : 2.091849 (0.077640)
potential : -4.266535 (0.077698)
energy : -2.174686 (0.000341)

kinetic : 2.096750 (0.077586)
potential : -4.271416 (0.077642)
energy : -2.174666 (0.000341)

kinetic : 2.095871 (0.077383)
potential : -4.270540 (0.077439)
energy : -2.174669 (0.000340)

kinetic : 2.094234 (0.077193)
potential : -4.268896 (0.077249)
energy : -2.174662 (0.000339)

kinetic : 2.091205 (0.077046)
potential : -4.265857 (0.077103)
energy : -2.174652 (0.000338)

kinetic : 2.087373 (0.076937)
potential : -4.262019 (0.076993)
energy : -2.174646 (0.000337)

kinetic : 2.084880 (0.076773)
potential : -4.259522 (0.076829)
energy : -2.174642 (0.000336)

kinetic : 2.084095 (0.076574)
potential : -4.258737 (0.076630)
energy : -2.174643 (0.000336)

kinetic : 2.083484 (0.076374)
potential : -4.258137 (0.076430)
energy : -2.174654 (0.000335)

kinetic : 2.080417 (0.076234)
potential : -4.255055 (0.076291)
energy : -2.174638 (0.000334)

kinetic : 2.079334 (0.076041)
potential : -4.253970 (0.076098)
energy : -2.174636 (0.000334)

kinetic : 2.079868 (0.075844)
potential : -4.254477 (0.075900)
energy : -2.174609 (0.000334)

kinetic : 2.081077 (0.075655)
potential : -4.255696 (0.075711)
energy : -2.174619 (0.000333)

kinetic : 2.088782 (0.075850)
potential : -4.263446 (0.075911)
energy : -2.174665 (0.000335)

kinetic : 2.089794 (0.075660)
potential : -4.264450 (0.075720)
energy : -2.174656 (0.000334)

kinetic : 2.090946 (0.075472)
potential : -4.265575 (0.075532)
energy : -2.174629 (0.000335)

kinetic : 2.103830 (0.076372)
potential : -4.278437 (0.076426)
energy : -2.174607 (0.000335)

kinetic : 2.100505 (0.076247)
potential : -4.275107 (0.076302)
energy : -2.174601 (0.000334)

kinetic : 2.106132 (0.076259)
potential : -4.280761 (0.076315)
energy : -2.174630 (0.000334)

kinetic : 2.106917 (0.076067)
potential : -4.281546 (0.076123)
energy : -2.174629 (0.000333)

kinetic : 2.107763 (0.075877)
potential : -4.282373 (0.075933)
energy : -2.174609 (0.000333)

kinetic : 2.110001 (0.075716)
potential : -4.284617 (0.075772)
energy : -2.174615 (0.000332)

kinetic : 2.107925 (0.075552)
potential : -4.282532 (0.075608)
energy : -2.174607 (0.000331)

kinetic : 2.105197 (0.075409)
potential : -4.279799 (0.075465)
energy : -2.174602 (0.000331)

kinetic : 2.110397 (0.075398)
potential : -4.284990 (0.075453)
energy : -2.174593 (0.000330)

kinetic : 2.106866 (0.075290)
potential : -4.281456 (0.075345)
energy : -2.174590 (0.000329)

kinetic : 2.108496 (0.075117)
potential : -4.283072 (0.075172)
energy : -2.174576 (0.000329)

kinetic : 2.112469 (0.075034)
potential : -4.287061 (0.075089)
energy : -2.174592 (0.000328)

kinetic : 2.109006 (0.074926)
potential : -4.283592 (0.074981)
energy : -2.174586 (0.000327)

kinetic : 2.107151 (0.074761)
potential : -4.281738 (0.074816)
energy : -2.174587 (0.000327)

kinetic : 2.109318 (0.074606)
potential : -4.283921 (0.074661)
energy : -2.174602 (0.000326)

kinetic : 2.108007 (0.074432)
potential : -4.282611 (0.074487)
energy : -2.174604 (0.000325)

kinetic : 2.104442 (0.074332)
potential : -4.279044 (0.074387)
energy : -2.174602 (0.000324)

kinetic : 2.102867 (0.074165)
potential : -4.277466 (0.074220)
energy : -2.174598 (0.000324)

kinetic : 2.100879 (0.074008)
potential : -4.275465 (0.074063)
energy : -2.174586 (0.000323)

kinetic : 2.099785 (0.073834)
potential : -4.274354 (0.073889)
energy : -2.174569 (0.000323)

kinetic : 2.097705 (0.073681)
potential : -4.272278 (0.073737)
energy : -2.174573 (0.000322)

kinetic : 2.096701 (0.073507)
potential : -4.271262 (0.073563)
energy : -2.174561 (0.000321)

kinetic : 2.093738 (0.073387)
potential : -4.268300 (0.073442)
energy : -2.174562 (0.000321)

kinetic : 2.091509 (0.073242)
potential : -4.266066 (0.073297)
energy : -2.174557 (0.000320)

kinetic : 2.098648 (0.073412)
potential : -4.273184 (0.073464)
energy : -2.174536 (0.000320)

kinetic : 2.100217 (0.073250)
potential : -4.274743 (0.073302)
energy : -2.174526 (0.000319)

kinetic : 2.098272 (0.073098)
potential : -4.272798 (0.073150)
energy : -2.174526 (0.000318)

kinetic : 2.096290 (0.072949)
potential : -4.270812 (0.073001)
energy : -2.174522 (0.000318)

kinetic : 2.093713 (0.072818)
potential : -4.268249 (0.072869)
energy : -2.174537 (0.000317)

kinetic : 2.097083 (0.072721)
potential : -4.271623 (0.072772)
energy : -2.174541 (0.000317)

kinetic : 2.094049 (0.072610)
potential : -4.268598 (0.072661)
energy : -2.174550 (0.000316)

kinetic : 2.090330 (0.072531)
potential : -4.264878 (0.072582)
energy : -2.174549 (0.000315)

kinetic : 2.088074 (0.072393)
potential : -4.262630 (0.072443)
energy : -2.174556 (0.000315)

kinetic : 2.086466 (0.072239)
potential : -4.261043 (0.072288)
energy : -2.174578 (0.000315)

kinetic : 2.086692 (0.072067)
potential : -4.261314 (0.072117)
energy : -2.174621 (0.000317)

kinetic : 2.086058 (0.071899)
potential : -4.260689 (0.071948)
energy : -2.174631 (0.000316)

kinetic : 2.084117 (0.071755)
potential : -4.258734 (0.071805)
energy : -2.174616 (0.000316)

kinetic : 2.081274 (0.071642)
potential : -4.255883 (0.071692)
energy : -2.174609 (0.000315)

kinetic : 2.083936 (0.071523)
potential : -4.258551 (0.071573)
energy : -2.174615 (0.000314)

kinetic : 2.088927 (0.071529)
potential : -4.263556 (0.071580)
energy : -2.174629 (0.000314)

kinetic : 2.088981 (0.071361)
potential : -4.263602 (0.071412)
energy : -2.174621 (0.000313)

kinetic : 2.086785 (0.071228)
potential : -4.261408 (0.071279)
energy : -2.174622 (0.000313)

kinetic : 2.084849 (0.071088)
potential : -4.259468 (0.071139)
energy : -2.174619 (0.000312)

kinetic : 2.082367 (0.070966)
potential : -4.256991 (0.071016)
energy : -2.174624 (0.000311)

kinetic : 2.082193 (0.070802)
potential : -4.256802 (0.070852)
energy : -2.174609 (0.000311)

kinetic : 2.079847 (0.070677)
potential : -4.254453 (0.070726)
energy : -2.174606 (0.000310)

kinetic : 2.077773 (0.070544)
potential : -4.252367 (0.070594)
energy : -2.174594 (0.000310)

kinetic : 2.075428 (0.070420)
potential : -4.250015 (0.070470)
energy : -2.174587 (0.000309)

kinetic : 2.074433 (0.070265)
potential : -4.249025 (0.070315)
energy : -2.174592 (0.000308)

kinetic : 2.075132 (0.070107)
potential : -4.249716 (0.070157)
energy : -2.174584 (0.000308)

kinetic : 2.071962 (0.070018)
potential : -4.246547 (0.070068)
energy : -2.174584 (0.000307)

kinetic : 2.070034 (0.069885)
potential : -4.244620 (0.069934)
energy : -2.174587 (0.000306)

kinetic : 2.067214 (0.069782)
potential : -4.241791 (0.069832)
energy : -2.174577 (0.000306)

kinetic : 2.069023 (0.069647)
potential : -4.243618 (0.069697)
energy : -2.174595 (0.000306)

kinetic : 2.068085 (0.069495)
potential : -4.242676 (0.069545)
energy : -2.174592 (0.000305)

kinetic : 2.065665 (0.069380)
potential : -4.240269 (0.069429)
energy : -2.174604 (0.000305)

kinetic : 2.064608 (0.069231)
potential : -4.239223 (0.069280)
energy : -2.174614 (0.000304)

kinetic : 2.072041 (0.069474)
potential : -4.246638 (0.069521)
energy : -2.174598 (0.000304)

kinetic : 2.072387 (0.069319)
potential : -4.246975 (0.069365)
energy : -2.174588 (0.000303)

kinetic : 2.069054 (0.069243)
potential : -4.243637 (0.069290)
energy : -2.174583 (0.000303)

kinetic : 2.072339 (0.069166)
potential : -4.246909 (0.069212)
energy : -2.174570 (0.000302)

kinetic : 2.075275 (0.069074)
potential : -4.249846 (0.069120)
energy : -2.174571 (0.000302)

kinetic : 2.079689 (0.069061)
potential : -4.254276 (0.069108)
energy : -2.174587 (0.000301)

kinetic : 2.080080 (0.068909)
potential : -4.254686 (0.068955)
energy : -2.174606 (0.000301)

kinetic : 2.079694 (0.068757)
potential : -4.254299 (0.068803)
energy : -2.174604 (0.000301)

kinetic : 2.076825 (0.068665)
potential : -4.251425 (0.068711)
energy : -2.174599 (0.000300)

kinetic : 2.074727 (0.068545)
potential : -4.249335 (0.068591)
energy : -2.174608 (0.000299)

kinetic : 2.076053 (0.068407)
potential : -4.250707 (0.068454)
energy : -2.174654 (0.000302)

kinetic : 2.074758 (0.068268)
potential : -4.249414 (0.068315)
energy : -2.174655 (0.000302)

kinetic : 2.073356 (0.068133)
potential : -4.248021 (0.068180)
energy : -2.174665 (0.000301)

kinetic : 2.071935 (0.067999)
potential : -4.246585 (0.068045)
energy : -2.174650 (0.000301)

kinetic : 2.072487 (0.067852)
potential : -4.247119 (0.067899)
energy : -2.174632 (0.000301)

kinetic : 2.074050 (0.067722)
potential : -4.248692 (0.067769)
energy : -2.174642 (0.000300)

kinetic : 2.095809 (0.070992)
potential : -4.270448 (0.071035)
energy : -2.174639 (0.000300)

kinetic : 2.102015 (0.071109)
potential : -4.276648 (0.071152)
energy : -2.174633 (0.000299)

kinetic : 2.099647 (0.070994)
potential : -4.274284 (0.071037)
energy : -2.174637 (0.000298)

kinetic : 2.096647 (0.070904)
potential : -4.271293 (0.070946)
energy : -2.174647 (0.000298)

kinetic : 2.094775 (0.070776)
potential : -4.269407 (0.070818)
energy : -2.174632 (0.000298)

kinetic : 2.093624 (0.070633)
potential : -4.268246 (0.070675)
energy : -2.174622 (0.000297)

kinetic : 2.091401 (0.070516)
potential : -4.266023 (0.070558)
energy : -2.174623 (0.000296)

kinetic : 2.088419 (0.070428)
potential : -4.263044 (0.070470)
energy : -2.174625 (0.000296)

kinetic : 2.087086 (0.070290)
potential : -4.261748 (0.070331)
energy : -2.174662 (0.000297)

kinetic : 2.084125 (0.070203)
potential : -4.258786 (0.070244)
energy : -2.174661 (0.000297)

kinetic : 2.083605 (0.070055)
potential : -4.258270 (0.070096)
energy : -2.174665 (0.000296)

kinetic : 2.082983 (0.069909)
potential : -4.257653 (0.069950)
energy : -2.174669 (0.000296)

kinetic : 2.082479 (0.069763)
potential : -4.257134 (0.069803)
energy : -2.174655 (0.000295)

kinetic : 2.081825 (0.069618)
potential : -4.256480 (0.069659)
energy : -2.174655 (0.000295)

kinetic : 2.098880 (0.071534)
potential : -4.273570 (0.071582)
energy : -2.174690 (0.000296)

kinetic : 2.107224 (0.071869)
potential : -4.281915 (0.071917)
energy : -2.174691 (0.000295)

kinetic : 2.109403 (0.071751)
potential : -4.284092 (0.071798)
energy : -2.174689 (0.000295)

kinetic : 2.109823 (0.071602)
potential : -4.284522 (0.071649)
energy : -2.174699 (0.000294)

kinetic : 2.107918 (0.071477)
potential : -4.282617 (0.071524)
energy : -2.174699 (0.000294)

kinetic : 2.107155 (0.071332)
potential : -4.281846 (0.071379)
energy : -2.174690 (0.000293)

kinetic : 2.105277 (0.071208)
potential : -4.279973 (0.071255)
energy : -2.174696 (0.000293)

kinetic : 2.110615 (0.071260)
potential : -4.285306 (0.071306)
energy : -2.174691 (0.000292)

kinetic : 2.108725 (0.071137)
potential : -4.283415 (0.071183)
energy : -2.174690 (0.000292)

kinetic : 2.107259 (0.071005)
potential : -4.281952 (0.071051)
energy : -2.174692 (0.000291)

kinetic : 2.113271 (0.071112)
potential : -4.287965 (0.071158)
energy : -2.174694 (0.000290)

kinetic : 2.118023 (0.071125)
potential : -4.292718 (0.071170)
energy : -2.174695 (0.000290)

kinetic : 2.116555 (0.070993)
potential : -4.291243 (0.071039)
energy : -2.174688 (0.000289)

kinetic : 2.114356 (0.070881)
potential : -4.289044 (0.070927)
energy : -2.174689 (0.000289)

kinetic : 2.137218 (0.074339)
potential : -4.311919 (0.074386)
energy : -2.174701 (0.000288)

kinetic : 2.135601 (0.074204)
potential : -4.310289 (0.074252)
energy : -2.174688 (0.000288)

kinetic : 2.133154 (0.074093)
potential : -4.307846 (0.074140)
energy : -2.174692 (0.000288)

kinetic : 2.136069 (0.074000)
potential : -4.310769 (0.074047)
energy : -2.174699 (0.000287)

kinetic : 2.133483 (0.073894)
potential : -4.308190 (0.073941)
energy : -2.174707 (0.000287)

kinetic : 2.133631 (0.073744)
potential : -4.308318 (0.073791)
energy : -2.174687 (0.000287)

kinetic : 2.132437 (0.073605)
potential : -4.307109 (0.073651)
energy : -2.174672 (0.000286)

kinetic : 2.133031 (0.073458)
potential : -4.307693 (0.073505)
energy : -2.174662 (0.000286)

kinetic : 2.131777 (0.073321)
potential : -4.306452 (0.073367)
energy : -2.174675 (0.000286)

kinetic : 2.134610 (0.073228)
potential : -4.309290 (0.073274)
energy : -2.174680 (0.000285)

kinetic : 2.133983 (0.073083)
potential : -4.308660 (0.073130)
energy : -2.174677 (0.000285)

kinetic : 2.133769 (0.072937)
potential : -4.308460 (0.072983)
energy : -2.174691 (0.000285)

kinetic : 2.132954 (0.072796)
potential : -4.307631 (0.072842)
energy : -2.174677 (0.000284)

kinetic : 2.132856 (0.072650)
potential : -4.307535 (0.072696)
energy : -2.174678 (0.000284)

kinetic : 2.140008 (0.072857)
potential : -4.314697 (0.072904)
energy : -2.174689 (0.000283)

kinetic : 2.139879 (0.072712)
potential : -4.314566 (0.072759)
energy : -2.174687 (0.000283)

kinetic : 2.141653 (0.072590)
potential : -4.316340 (0.072636)
energy : -2.174688 (0.000282)

kinetic : 2.140239 (0.072459)
potential : -4.314922 (0.072506)
energy : -2.174683 (0.000282)

kinetic : 2.142157 (0.072342)
potential : -4.316862 (0.072389)
energy : -2.174705 (0.000282)

kinetic : 2.140591 (0.072216)
potential : -4.315297 (0.072263)
energy : -2.174706 (0.000281)

kinetic : 2.137885 (0.072124)
potential : -4.312585 (0.072171)
energy : -2.174700 (0.000281)

kinetic : 2.138862 (0.071989)
potential : -4.313569 (0.072036)
energy : -2.174707 (0.000280)

kinetic : 2.137186 (0.071867)
potential : -4.311888 (0.071914)
energy : -2.174702 (0.000280)

kinetic : 2.143411 (0.071996)
potential : -4.318156 (0.072047)
energy : -2.174745 (0.000283)

kinetic : 2.145944 (0.071900)
potential : -4.320707 (0.071951)
energy : -2.174763 (0.000283)

kinetic : 2.144940 (0.071767)
potential : -4.319696 (0.071818)
energy : -2.174756 (0.000282)

kinetic : 2.143086 (0.071651)
potential : -4.317842 (0.071702)
energy : -2.174756 (0.000282)

kinetic : 2.142360 (0.071515)
potential : -4.317111 (0.071566)
energy : -2.174751 (0.000281)

kinetic : 2.145083 (0.071429)
potential : -4.319833 (0.071479)
energy : -2.174750 (0.000281)

kinetic : 2.142627 (0.071333)
potential : -4.317379 (0.071383)
energy : -2.174752 (0.000280)

kinetic : 2.149359 (0.071512)
potential : -4.324109 (0.071562)
energy : -2.174750 (0.000280)

kinetic : 2.150485 (0.071383)
potential : -4.325233 (0.071433)
energy : -2.174748 (0.000279)

kinetic : 2.148845 (0.071265)
potential : -4.323592 (0.071314)
energy : -2.174747 (0.000278)

kinetic : 2.147254 (0.071146)
potential : -4.322000 (0.071195)
energy : -2.174746 (0.000278)

kinetic : 2.151669 (0.071146)
potential : -4.326408 (0.071195)
energy : -2.174739 (0.000277)

kinetic : 2.149462 (0.071044)
potential : -4.324218 (0.071093)
energy : -2.174756 (0.000277)

kinetic : 2.148473 (0.070916)
potential : -4.323228 (0.070964)
energy : -2.174755 (0.000277)

kinetic : 2.170324 (0.074077)
potential : -4.345178 (0.074152)
energy : -2.174854 (0.000294)

kinetic : 2.171893 (0.073952)
potential : -4.346760 (0.074028)
energy : -2.174867 (0.000293)

kinetic : 2.170458 (0.073826)
potential : -4.345331 (0.073901)
energy : -2.174873 (0.000293)

kinetic : 2.169221 (0.073696)
potential : -4.344083 (0.073771)
energy : -2.174862 (0.000292)

kinetic : 2.171542 (0.073593)
potential : -4.346409 (0.073669)
energy : -2.174868 (0.000292)

kinetic : 2.171608 (0.073454)
potential : -4.346485 (0.073529)
energy : -2.174877 (0.000292)

kinetic : 2.172593 (0.073323)
potential : -4.347482 (0.073398)
energy : -2.174889 (0.000291)

kinetic : 2.174856 (0.073220)
potential : -4.349735 (0.073294)
energy : -2.174879 (0.000291)

kinetic : 2.175743 (0.073087)
potential : -4.350627 (0.073162)
energy : -2.174884 (0.000290)

kinetic : 2.174993 (0.072954)
potential : -4.349890 (0.073029)
energy : -2.174897 (0.000290)

kinetic : 2.173941 (0.072825)
potential : -4.348830 (0.072900)
energy : -2.174889 (0.000290)

kinetic : 2.172835 (0.072698)
potential : -4.347726 (0.072772)
energy : -2.174891 (0.000289)

kinetic : 2.171236 (0.072580)
potential : -4.346120 (0.072654)
energy : -2.174885 (0.000289)

kinetic : 2.178834 (0.072842)
potential : -4.353712 (0.072915)
energy : -2.174879 (0.000288)

kinetic : 2.178479 (0.072708)
potential : -4.353372 (0.072780)
energy : -2.174893 (0.000288)

kinetic : 2.187501 (0.073132)
potential : -4.362416 (0.073206)
energy : -2.174915 (0.000288)

kinetic : 2.186377 (0.073005)
potential : -4.361288 (0.073080)
energy : -2.174911 (0.000288)

kinetic : 2.185109 (0.072881)
potential : -4.360025 (0.072956)
energy : -2.174915 (0.000287)

kinetic : 2.183886 (0.072757)
potential : -4.358797 (0.072831)
energy : -2.174910 (0.000287)

kinetic : 2.182627 (0.072634)
potential : -4.357529 (0.072708)
energy : -2.174901 (0.000286)

kinetic : 2.179849 (0.072554)
potential : -4.354748 (0.072628)
energy : -2.174899 (0.000286)

kinetic : 2.183416 (0.072509)
potential : -4.358304 (0.072582)
energy : -2.174889 (0.000286)

kinetic : 2.181883 (0.072392)
potential : -4.356771 (0.072466)
energy : -2.174888 (0.000285)

kinetic : 2.181769 (0.072260)
potential : -4.356649 (0.072333)
energy : -2.174880 (0.000285)

kinetic : 2.181184 (0.072131)
potential : -4.356063 (0.072204)
energy : -2.174879 (0.000284)

kinetic : 2.180551 (0.072002)
potential : -4.355425 (0.072075)
energy : -2.174874 (0.000284)

kinetic : 2.186660 (0.072131)
potential : -4.361538 (0.072204)
energy : -2.174878 (0.000283)

kinetic : 2.184063 (0.072047)
potential : -4.358937 (0.072120)
energy : -2.174874 (0.000283)

kinetic : 2.191114 (0.072261)
potential : -4.365980 (0.072333)
energy : -2.174866 (0.000282)

kinetic : 2.189116 (0.072158)
potential : -4.363984 (0.072230)
energy : -2.174869 (0.000282)

kinetic : 2.188009 (0.072037)
potential : -4.362872 (0.072108)
energy : -2.174863 (0.000281)

kinetic : 2.185643 (0.071946)
potential : -4.360501 (0.072017)
energy : -2.174858 (0.000281)

kinetic : 2.187464 (0.071840)
potential : -4.362314 (0.071911)
energy : -2.174850 (0.000281)

kinetic : 2.185810 (0.071730)
potential : -4.360659 (0.071801)
energy : -2.174849 (0.000280)

kinetic : 2.197023 (0.072474)
potential : -4.371871 (0.072544)
energy : -2.174848 (0.000280)

kinetic : 2.196025 (0.072351)
potential : -4.370875 (0.072421)
energy : -2.174851 (0.000279)

kinetic : 2.194911 (0.072231)
potential : -4.369771 (0.072300)
energy : -2.174860 (0.000279)

kinetic : 2.194214 (0.072106)
potential : -4.369073 (0.072175)
energy : -2.174860 (0.000278)

kinetic : 2.194155 (0.071977)
potential : -4.369010 (0.072047)
energy : -2.174855 (0.000278)

kinetic : 2.191176 (0.071911)
potential : -4.366027 (0.071981)
energy : -2.174851 (0.000277)

kinetic : 2.189687 (0.071799)
potential : -4.364535 (0.071869)
energy : -2.174848 (0.000277)

kinetic : 2.189079 (0.071675)
potential : -4.363924 (0.071744)
energy : -2.174844 (0.000276)

kinetic : 2.188776 (0.071549)
potential : -4.363633 (0.071618)
energy : -2.174856 (0.000276)

kinetic : 2.188909 (0.071423)
potential : -4.363766 (0.071492)
energy : -2.174857 (0.000276)

kinetic : 2.190619 (0.071318)
potential : -4.365455 (0.071386)
energy : -2.174836 (0.000276)

kinetic : 2.191329 (0.071196)
potential : -4.366157 (0.071264)
energy : -2.174829 (0.000276)

kinetic : 2.190120 (0.071082)
potential : -4.364947 (0.071150)
energy : -2.174827 (0.000275)

kinetic : 2.187474 (0.071007)
potential : -4.362304 (0.071074)
energy : -2.174830 (0.000275)

kinetic : 2.185342 (0.070915)
potential : -4.360170 (0.070982)
energy : -2.174827 (0.000274)

kinetic : 2.186942 (0.070809)
potential : -4.361764 (0.070876)
energy : -2.174822 (0.000274)

kinetic : 2.184774 (0.070719)
potential : -4.359590 (0.070786)
energy : -2.174817 (0.000273)

kinetic : 2.185028 (0.070597)
potential : -4.359848 (0.070664)
energy : -2.174820 (0.000273)

kinetic : 2.183380 (0.070494)
potential : -4.358201 (0.070561)
energy : -2.174820 (0.000272)

kinetic : 2.182389 (0.070379)
potential : -4.357201 (0.070445)
energy : -2.174812 (0.000272)

kinetic : 2.184674 (0.070294)
potential : -4.359481 (0.070361)
energy : -2.174807 (0.000272)

kinetic : 2.183150 (0.070189)
potential : -4.357954 (0.070256)
energy : -2.174804 (0.000271)

kinetic : 2.181277 (0.070093)
potential : -4.356076 (0.070160)
energy : -2.174799 (0.000271)

kinetic : 2.183479 (0.070007)
potential : -4.358297 (0.070074)
energy : -2.174818 (0.000271)

kinetic : 2.185123 (0.069907)
potential : -4.359958 (0.069974)
energy : -2.174835 (0.000271)

kinetic : 2.187334 (0.069822)
potential : -4.362170 (0.069889)
energy : -2.174836 (0.000270)

kinetic : 2.186685 (0.069705)
potential : -4.361512 (0.069772)
energy : -2.174828 (0.000270)

kinetic : 2.184640 (0.069616)
potential : -4.359464 (0.069683)
energy : -2.174824 (0.000270)

kinetic : 2.186608 (0.069526)
potential : -4.361444 (0.069593)
energy : -2.174836 (0.000270)

kinetic : 2.184618 (0.069436)
potential : -4.359450 (0.069503)
energy : -2.174832 (0.000269)

kinetic : 2.187147 (0.069364)
potential : -4.362008 (0.069432)
energy : -2.174861 (0.000270)

kinetic : 2.188997 (0.069271)
potential : -4.363858 (0.069339)
energy : -2.174860 (0.000270)

kinetic : 2.187515 (0.069169)
potential : -4.362374 (0.069237)
energy : -2.174859 (0.000269)

kinetic : 2.192198 (0.069211)
potential : -4.367074 (0.069280)
energy : -2.174876 (0.000269)

kinetic : 2.191234 (0.069101)
potential : -4.366119 (0.069170)
energy : -2.174885 (0.000269)

kinetic : 2.188733 (0.069030)
potential : -4.363605 (0.069099)
energy : -2.174871 (0.000269)

kinetic : 2.186785 (0.068941)
potential : -4.361653 (0.069010)
energy : -2.174867 (0.000269)

kinetic : 2.186896 (0.068826)
potential : -4.361758 (0.068894)
energy : -2.174861 (0.000268)

kinetic : 2.189443 (0.068757)
potential : -4.364319 (0.068827)
energy : -2.174876 (0.000268)

kinetic : 2.188228 (0.068653)
potential : -4.363103 (0.068722)
energy : -2.174876 (0.000268)

kinetic : 2.185431 (0.068595)
potential : -4.360298 (0.068665)
energy : -2.174866 (0.000267)

kinetic : 2.183720 (0.068502)
potential : -4.358586 (0.068571)
energy : -2.174866 (0.000267)

kinetic : 2.183992 (0.068389)
potential : -4.358868 (0.068458)
energy : -2.174876 (0.000267)

kinetic : 2.182170 (0.068300)
potential : -4.357044 (0.068368)
energy : -2.174874 (0.000266)

kinetic : 2.180054 (0.068219)
potential : -4.354929 (0.068288)
energy : -2.174875 (0.000266)

kinetic : 2.177315 (0.068161)
potential : -4.352178 (0.068230)
energy : -2.174863 (0.000266)

kinetic : 2.177008 (0.068049)
potential : -4.351856 (0.068118)
energy : -2.174847 (0.000266)

kinetic : 2.175716 (0.067949)
potential : -4.350571 (0.068018)
energy : -2.174855 (0.000265)

kinetic : 2.173653 (0.067868)
potential : -4.348510 (0.067937)
energy : -2.174858 (0.000265)

kinetic : 2.171997 (0.067777)
potential : -4.346849 (0.067845)
energy : -2.174852 (0.000265)

kinetic : 2.173539 (0.067683)
potential : -4.348378 (0.067751)
energy : -2.174840 (0.000265)

kinetic : 2.178078 (0.067724)
potential : -4.352901 (0.067791)
energy : -2.174823 (0.000265)

kinetic : 2.176617 (0.067629)
potential : -4.351448 (0.067695)
energy : -2.174831 (0.000264)

kinetic : 2.174695 (0.067546)
potential : -4.349521 (0.067612)
energy : -2.174826 (0.000264)

kinetic : 2.175738 (0.067444)
potential : -4.350563 (0.067510)
energy : -2.174825 (0.000263)

kinetic : 2.175621 (0.067334)
potential : -4.350445 (0.067400)
energy : -2.174824 (0.000263)

kinetic : 2.173934 (0.067245)
potential : -4.348752 (0.067311)
energy : -2.174818 (0.000263)

kinetic : 2.172224 (0.067158)
potential : -4.347039 (0.067224)
energy : -2.174815 (0.000262)

kinetic : 2.176983 (0.067218)
potential : -4.351786 (0.067283)
energy : -2.174803 (0.000262)

kinetic : 2.174867 (0.067142)
potential : -4.349666 (0.067207)
energy : -2.174799 (0.000262)

kinetic : 2.173450 (0.067048)
potential : -4.348254 (0.067113)
energy : -2.174804 (0.000261)

kinetic : 2.173228 (0.066941)
potential : -4.348042 (0.067005)
energy : -2.174815 (0.000261)

kinetic : 2.175188 (0.066861)
potential : -4.350039 (0.066927)
energy : -2.174851 (0.000263)

kinetic : 2.173939 (0.066766)
potential : -4.348787 (0.066831)
energy : -2.174848 (0.000263)

kinetic : 2.172506 (0.066674)
potential : -4.347358 (0.066739)
energy : -2.174851 (0.000262)

kinetic : 2.172924 (0.066568)
potential : -4.347772 (0.066633)
energy : -2.174848 (0.000262)

kinetic : 2.174224 (0.066474)
potential : -4.349074 (0.066539)
energy : -2.174850 (0.000262)

kinetic : 2.178422 (0.066501)
potential : -4.353276 (0.066566)
energy : -2.174854 (0.000261)

kinetic : 2.178426 (0.066394)
potential : -4.353278 (0.066459)
energy : -2.174852 (0.000261)

kinetic : 2.177225 (0.066299)
potential : -4.352071 (0.066365)
energy : -2.174846 (0.000260)

kinetic : 2.176290 (0.066201)
potential : -4.351135 (0.066266)
energy : -2.174845 (0.000260)

kinetic : 2.175875 (0.066097)
potential : -4.350712 (0.066162)
energy : -2.174837 (0.000260)

kinetic : 2.174673 (0.066003)
potential : -4.349506 (0.066068)
energy : -2.174833 (0.000259)

kinetic : 2.179189 (0.066053)
potential : -4.354023 (0.066118)
energy : -2.174835 (0.000259)

kinetic : 2.179296 (0.065949)
potential : -4.354135 (0.066013)
energy : -2.174838 (0.000258)

kinetic : 2.177341 (0.065873)
potential : -4.352176 (0.065938)
energy : -2.174835 (0.000258)

kinetic : 2.176147 (0.065780)
potential : -4.350980 (0.065845)
energy : -2.174833 (0.000258)

kinetic : 2.174659 (0.065694)
potential : -4.349492 (0.065758)
energy : -2.174833 (0.000257)

kinetic : 2.174154 (0.065593)
potential : -4.348975 (0.065657)
energy : -2.174822 (0.000257)

kinetic : 2.175522 (0.065504)
potential : -4.350364 (0.065569)
energy : -2.174841 (0.000257)

kinetic : 2.175821 (0.065402)
potential : -4.350660 (0.065467)
energy : -2.174839 (0.000257)

kinetic : 2.174304 (0.065317)
potential : -4.349143 (0.065382)
energy : -2.174839 (0.000257)

kinetic : 2.173508 (0.065220)
potential : -4.348349 (0.065285)
energy : -2.174841 (0.000256)

kinetic : 2.173221 (0.065119)
potential : -4.348055 (0.065183)
energy : -2.174834 (0.000256)

kinetic : 2.174397 (0.065029)
potential : -4.349219 (0.065092)
energy : -2.174822 (0.000256)

kinetic : 2.173081 (0.064941)
potential : -4.347906 (0.065005)
energy : -2.174824 (0.000256)

kinetic : 2.172705 (0.064841)
potential : -4.347521 (0.064905)
energy : -2.174816 (0.000255)

kinetic : 2.173405 (0.064744)
potential : -4.348224 (0.064808)
energy : -2.174819 (0.000255)

kinetic : 2.173371 (0.064644)
potential : -4.348211 (0.064708)
energy : -2.174840 (0.000255)

kinetic : 2.171408 (0.064574)
potential : -4.346249 (0.064638)
energy : -2.174841 (0.000255)

kinetic : 2.169115 (0.064516)
potential : -4.343954 (0.064579)
energy : -2.174840 (0.000255)

kinetic : 2.169624 (0.064418)
potential : -4.344460 (0.064481)
energy : -2.174836 (0.000254)

kinetic : 2.169855 (0.064320)
potential : -4.344689 (0.064383)
energy : -2.174834 (0.000254)

kinetic : 2.168568 (0.064234)
potential : -4.343402 (0.064297)
energy : -2.174834 (0.000253)

kinetic : 2.167698 (0.064141)
potential : -4.342527 (0.064204)
energy : -2.174829 (0.000253)

kinetic : 2.166320 (0.064058)
potential : -4.341150 (0.064121)
energy : -2.174830 (0.000253)

kinetic : 2.165606 (0.063964)
potential : -4.340436 (0.064027)
energy : -2.174830 (0.000252)

kinetic : 2.164816 (0.063871)
potential : -4.339629 (0.063934)
energy : -2.174813 (0.000252)

kinetic : 2.165485 (0.063778)
potential : -4.340297 (0.063840)
energy : -2.174812 (0.000252)

kinetic : 2.166884 (0.063696)
potential : -4.341693 (0.063758)
energy : -2.174809 (0.000252)

kinetic : 2.175782 (0.064219)
potential : -4.350605 (0.064282)
energy : -2.174823 (0.000252)

kinetic : 2.185784 (0.064897)
potential : -4.360601 (0.064959)
energy : -2.174817 (0.000251)

kinetic : 2.185789 (0.064798)
potential : -4.360619 (0.064860)
energy : -2.174830 (0.000251)

kinetic : 2.184990 (0.064705)
potential : -4.359821 (0.064767)
energy : -2.174830 (0.000251)

kinetic : 2.184183 (0.064613)
potential : -4.359018 (0.064674)
energy : -2.174835 (0.000251)

kinetic : 2.183756 (0.064517)
potential : -4.358611 (0.064578)
energy : -2.174855 (0.000251)

kinetic : 2.182451 (0.064433)
potential : -4.357305 (0.064494)
energy : -2.174855 (0.000251)

kinetic : 2.180993 (0.064353)
potential : -4.355853 (0.064414)
energy : -2.174860 (0.000250)

kinetic : 2.178939 (0.064289)
potential : -4.353804 (0.064350)
energy : -2.174864 (0.000250)

kinetic : 2.177157 (0.064217)
potential : -4.352021 (0.064278)
energy : -2.174865 (0.000250)

kinetic : 2.178251 (0.064131)
potential : -4.353104 (0.064191)
energy : -2.174853 (0.000250)

kinetic : 2.179245 (0.064042)
potential : -4.354098 (0.064103)
energy : -2.174853 (0.000249)

kinetic : 2.178219 (0.063955)
potential : -4.353067 (0.064015)
energy : -2.174847 (0.000249)

kinetic : 2.178645 (0.063861)
potential : -4.353501 (0.063922)
energy : -2.174856 (0.000249)

kinetic : 2.179935 (0.063779)
potential : -4.354783 (0.063839)
energy : -2.174849 (0.000248)

kinetic : 2.179362 (0.063687)
potential : -4.354210 (0.063747)
energy : -2.174848 (0.000248)

kinetic : 2.178106 (0.063605)
potential : -4.352954 (0.063665)
energy : -2.174848 (0.000248)

kinetic : 2.177880 (0.063511)
potential : -4.352721 (0.063571)
energy : -2.174842 (0.000247)

kinetic : 2.176912 (0.063425)
potential : -4.351752 (0.063485)
energy : -2.174839 (0.000247)

kinetic : 2.176926 (0.063331)
potential : -4.351756 (0.063391)
energy : -2.174830 (0.000247)

kinetic : 2.180197 (0.063323)
potential : -4.355025 (0.063382)
energy : -2.174828 (0.000246)

kinetic : 2.179399 (0.063234)
potential : -4.354209 (0.063294)
energy : -2.174810 (0.000247)

kinetic : 2.180631 (0.063154)
potential : -4.355456 (0.063213)
energy : -2.174825 (0.000247)

kinetic : 2.179195 (0.063077)
potential : -4.354015 (0.063137)
energy : -2.174819 (0.000247)

kinetic : 2.178316 (0.062991)
potential : -4.353133 (0.063050)
energy : -2.174817 (0.000246)

kinetic : 2.176321 (0.062930)
potential : -4.351137 (0.062990)
energy : -2.174816 (0.000246)

kinetic : 2.174404 (0.062868)
potential : -4.349211 (0.062927)
energy : -2.174807 (0.000246)

kinetic : 2.175442 (0.062785)
potential : -4.350253 (0.062844)
energy : -2.174811 (0.000245)

kinetic : 2.174817 (0.062696)
potential : -4.349628 (0.062756)
energy : -2.174812 (0.000245)

kinetic : 2.176521 (0.062628)
potential : -4.351339 (0.062688)
energy : -2.174818 (0.000245)

kinetic : 2.175566 (0.062545)
potential : -4.350384 (0.062604)
energy : -2.174818 (0.000244)

kinetic : 2.175381 (0.062454)
potential : -4.350204 (0.062513)
energy : -2.174824 (0.000244)

kinetic : 2.174603 (0.062368)
potential : -4.349428 (0.062428)
energy : -2.174825 (0.000244)

kinetic : 2.175499 (0.062285)
potential : -4.350319 (0.062344)
energy : -2.174820 (0.000243)

kinetic : 2.174903 (0.062198)
potential : -4.349727 (0.062257)
energy : -2.174824 (0.000243)

kinetic : 2.173493 (0.062124)
potential : -4.348322 (0.062183)
energy : -2.174829 (0.000243)

kinetic : 2.174132 (0.062038)
potential : -4.348959 (0.062096)
energy : -2.174828 (0.000242)

kinetic : 2.175809 (0.061971)
potential : -4.350634 (0.062030)
energy : -2.174825 (0.000242)

kinetic : 2.175002 (0.061888)
potential : -4.349837 (0.061946)
energy : -2.174835 (0.000242)

kinetic : 2.173403 (0.061820)
potential : -4.348238 (0.061878)
energy : -2.174835 (0.000242)

kinetic : 2.173297 (0.061731)
potential : -4.348127 (0.061789)
energy : -2.174830 (0.000241)

kinetic : 2.172261 (0.061652)
potential : -4.347094 (0.061710)
energy : -2.174833 (0.000241)

kinetic : 2.175973 (0.061675)
potential : -4.350802 (0.061733)
energy : -2.174829 (0.000241)

kinetic : 2.174572 (0.061603)
potential : -4.349400 (0.061661)
energy : -2.174827 (0.000240)

kinetic : 2.173432 (0.061526)
potential : -4.348254 (0.061584)
energy : -2.174822 (0.000240)

kinetic : 2.171937 (0.061457)
potential : -4.346751 (0.061515)
energy : -2.174814 (0.000240)

kinetic : 2.170365 (0.061390)
potential : -4.345173 (0.061448)
energy : -2.174809 (0.000240)

kinetic : 2.172180 (0.061330)
potential : -4.346983 (0.061387)
energy : -2.174802 (0.000239)

kinetic : 2.170555 (0.061265)
potential : -4.345359 (0.061322)
energy : -2.174804 (0.000239)

kinetic : 2.169923 (0.061181)
potential : -4.344718 (0.061238)
energy : -2.174795 (0.000239)

kinetic : 2.167809 (0.061131)
potential : -4.342610 (0.061188)
energy : -2.174801 (0.000239)

kinetic : 2.171022 (0.061130)
potential : -4.345809 (0.061186)
energy : -2.174787 (0.000239)

kinetic : 2.170568 (0.061045)
potential : -4.345336 (0.061101)
energy : -2.174768 (0.000239)

kinetic : 2.170243 (0.060961)
potential : -4.345016 (0.061016)
energy : -2.174774 (0.000239)

kinetic : 2.171001 (0.060880)
potential : -4.345776 (0.060936)
energy : -2.174775 (0.000238)

kinetic : 2.169760 (0.060807)
potential : -4.344536 (0.060863)
energy : -2.174776 (0.000238)

kinetic : 2.168599 (0.060733)
potential : -4.343373 (0.060789)
energy : -2.174774 (0.000238)

kinetic : 2.166991 (0.060669)
potential : -4.341771 (0.060725)
energy : -2.174780 (0.000238)

kinetic : 2.166364 (0.060588)
potential : -4.341159 (0.060643)
energy : -2.174795 (0.000238)

kinetic : 2.166807 (0.060505)
potential : -4.341621 (0.060560)
energy : -2.174814 (0.000238)

kinetic : 2.165511 (0.060435)
potential : -4.340323 (0.060490)
energy : -2.174812 (0.000238)

kinetic : 2.163545 (0.060383)
potential : -4.338354 (0.060438)
energy : -2.174809 (0.000237)

kinetic : 2.162346 (0.060311)
potential : -4.337160 (0.060366)
energy : -2.174813 (0.000237)

kinetic : 2.160361 (0.060260)
potential : -4.335177 (0.060315)
energy : -2.174816 (0.000237)

kinetic : 2.159466 (0.060183)
potential : -4.334285 (0.060238)
energy : -2.174819 (0.000237)

kinetic : 2.163044 (0.060207)
potential : -4.337865 (0.060261)
energy : -2.174821 (0.000236)

kinetic : 2.167607 (0.060296)
potential : -4.342432 (0.060351)
energy : -2.174825 (0.000236)

kinetic : 2.166796 (0.060219)
potential : -4.341622 (0.060273)
energy : -2.174825 (0.000236)

kinetic : 2.165615 (0.060147)
potential : -4.340435 (0.060202)
energy : -2.174820 (0.000235)

kinetic : 2.164039 (0.060085)
potential : -4.338853 (0.060140)
energy : -2.174814 (0.000235)

kinetic : 2.163802 (0.060003)
potential : -4.338617 (0.060058)
energy : -2.174815 (0.000235)

kinetic : 2.162958 (0.059927)
potential : -4.337769 (0.059982)
energy : -2.174812 (0.000235)

kinetic : 2.160613 (0.059891)
potential : -4.335419 (0.059946)
energy : -2.174807 (0.000234)

kinetic : 2.158417 (0.059849)
potential : -4.333217 (0.059904)
energy : -2.174800 (0.000234)

kinetic : 2.159352 (0.059775)
potential : -4.334164 (0.059830)
energy : -2.174812 (0.000234)

kinetic : 2.160195 (0.059699)
potential : -4.335010 (0.059754)
energy : -2.174816 (0.000234)

kinetic : 2.165149 (0.059824)
potential : -4.339978 (0.059880)
energy : -2.174829 (0.000234)

kinetic : 2.164241 (0.059749)
potential : -4.339063 (0.059805)
energy : -2.174822 (0.000234)

kinetic : 2.164150 (0.059668)
potential : -4.338964 (0.059724)
energy : -2.174814 (0.000233)

kinetic : 2.162625 (0.059607)
potential : -4.337436 (0.059663)
energy : -2.174811 (0.000233)

kinetic : 2.162070 (0.059529)
potential : -4.336881 (0.059584)
energy : -2.174810 (0.000233)

kinetic : 2.160031 (0.059483)
potential : -4.334838 (0.059539)
energy : -2.174807 (0.000233)

kinetic : 2.160298 (0.059403)
potential : -4.335101 (0.059459)
energy : -2.174803 (0.000232)

kinetic : 2.158798 (0.059342)
potential : -4.333597 (0.059398)
energy : -2.174800 (0.000232)

kinetic : 2.157365 (0.059280)
potential : -4.332155 (0.059335)
energy : -2.174790 (0.000232)

kinetic : 2.155733 (0.059222)
potential : -4.330524 (0.059278)
energy : -2.174791 (0.000232)

kinetic : 2.154112 (0.059165)
potential : -4.328905 (0.059221)
energy : -2.174793 (0.000231)

kinetic : 2.153654 (0.059088)
potential : -4.328438 (0.059143)
energy : -2.174784 (0.000231)

kinetic : 2.153879 (0.059009)
potential : -4.328659 (0.059064)
energy : -2.174780 (0.000231)

kinetic : 2.153226 (0.058933)
potential : -4.328002 (0.058989)
energy : -2.174776 (0.000231)

kinetic : 2.152242 (0.058863)
potential : -4.327021 (0.058918)
energy : -2.174779 (0.000230)

kinetic : 2.150406 (0.058813)
potential : -4.325187 (0.058868)
energy : -2.174781 (0.000230)

kinetic : 2.149500 (0.058742)
potential : -4.324264 (0.058797)
energy : -2.174765 (0.000230)

kinetic : 2.147765 (0.058689)
potential : -4.322527 (0.058744)
energy : -2.174762 (0.000230)

kinetic : 2.147568 (0.058612)
potential : -4.322331 (0.058667)
energy : -2.174763 (0.000230)

kinetic : 2.147061 (0.058536)
potential : -4.321826 (0.058591)
energy : -2.174766 (0.000229)

kinetic : 2.145178 (0.058489)
potential : -4.319942 (0.058544)
energy : -2.174764 (0.000229)

kinetic : 2.143976 (0.058424)
potential : -4.318741 (0.058478)
energy : -2.174766 (0.000229)

kinetic : 2.143692 (0.058347)
potential : -4.318461 (0.058402)
energy : -2.174769 (0.000228)

kinetic : 2.143666 (0.058270)
potential : -4.318433 (0.058325)
energy : -2.174767 (0.000228)

kinetic : 2.144240 (0.058196)
potential : -4.319009 (0.058251)
energy : -2.174769 (0.000228)

kinetic : 2.143757 (0.058121)
potential : -4.318526 (0.058176)
energy : -2.174768 (0.000228)

kinetic : 2.142393 (0.058061)
potential : -4.317155 (0.058116)
energy : -2.174763 (0.000227)

kinetic : 2.141040 (0.058001)
potential : -4.315797 (0.058055)
energy : -2.174757 (0.000227)

kinetic : 2.140330 (0.057929)
potential : -4.315089 (0.057983)
energy : -2.174758 (0.000227)

kinetic : 2.142133 (0.057881)
potential : -4.316877 (0.057935)
energy : -2.174744 (0.000227)

kinetic : 2.142862 (0.057810)
potential : -4.317594 (0.057864)
energy : -2.174732 (0.000227)

kinetic : 2.141220 (0.057758)
potential : -4.315943 (0.057812)
energy : -2.174723 (0.000227)

kinetic : 2.139690 (0.057703)
potential : -4.314412 (0.057757)
energy : -2.174723 (0.000227)

kinetic : 2.138986 (0.057632)
potential : -4.313709 (0.057686)
energy : -2.174723 (0.000226)

kinetic : 2.138235 (0.057562)
potential : -4.312952 (0.057616)
energy : -2.174717 (0.000226)

kinetic : 2.140035 (0.057515)
potential : -4.314780 (0.057570)
energy : -2.174746 (0.000228)

kinetic : 2.139210 (0.057446)
potential : -4.313965 (0.057501)
energy : -2.174755 (0.000227)

kinetic : 2.138007 (0.057385)
potential : -4.312770 (0.057439)
energy : -2.174763 (0.000227)

kinetic : 2.137606 (0.057312)
potential : -4.312372 (0.057366)
energy : -2.174766 (0.000227)

kinetic : 2.136329 (0.057252)
potential : -4.311098 (0.057306)
energy : -2.174769 (0.000227)

kinetic : 2.136108 (0.057178)
potential : -4.310892 (0.057232)
energy : -2.174784 (0.000227)

kinetic : 2.135137 (0.057113)
potential : -4.309919 (0.057167)
energy : -2.174781 (0.000227)

kinetic : 2.134974 (0.057040)
potential : -4.309760 (0.057093)
energy : -2.174786 (0.000226)

kinetic : 2.137207 (0.057010)
potential : -4.312040 (0.057065)
energy : -2.174833 (0.000231)

kinetic : 2.136879 (0.056938)
potential : -4.311707 (0.056993)
energy : -2.174828 (0.000231)

kinetic : 2.134675 (0.056907)
potential : -4.309504 (0.056962)
energy : -2.174829 (0.000230)

kinetic : 2.133523 (0.056846)
potential : -4.308345 (0.056901)
energy : -2.174822 (0.000230)

kinetic : 2.131896 (0.056797)
potential : -4.306721 (0.056852)
energy : -2.174825 (0.000230)

kinetic : 2.131662 (0.056725)
potential : -4.306496 (0.056780)
energy : -2.174834 (0.000230)

kinetic : 2.131348 (0.056653)
potential : -4.306180 (0.056708)
energy : -2.174832 (0.000229)

kinetic : 2.131444 (0.056581)
potential : -4.306274 (0.056636)
energy : -2.174830 (0.000229)

kinetic : 2.130074 (0.056525)
potential : -4.304904 (0.056580)
energy : -2.174830 (0.000229)

kinetic : 2.128287 (0.056482)
potential : -4.303123 (0.056536)
energy : -2.174836 (0.000229)

kinetic : 2.127014 (0.056424)
potential : -4.301847 (0.056479)
energy : -2.174832 (0.000228)

kinetic : 2.135229 (0.056948)
potential : -4.310059 (0.057002)
energy : -2.174831 (0.000228)

kinetic : 2.133579 (0.056900)
potential : -4.308406 (0.056954)
energy : -2.174827 (0.000228)

kinetic : 2.134897 (0.056844)
potential : -4.309727 (0.056897)
energy : -2.174831 (0.000228)

kinetic : 2.133133 (0.056799)
potential : -4.307961 (0.056853)
energy : -2.174829 (0.000227)

kinetic : 2.133662 (0.056730)
potential : -4.308491 (0.056783)
energy : -2.174829 (0.000227)

kinetic : 2.133665 (0.056658)
potential : -4.308493 (0.056712)
energy : -2.174828 (0.000227)

kinetic : 2.141998 (0.057197)
potential : -4.316852 (0.057254)
energy : -2.174855 (0.000228)

kinetic : 2.146265 (0.057285)
potential : -4.321103 (0.057340)
energy : -2.174838 (0.000228)

kinetic : 2.144860 (0.057230)
potential : -4.319695 (0.057285)
energy : -2.174835 (0.000228)

kinetic : 2.148070 (0.057248)
potential : -4.322921 (0.057304)
energy : -2.174851 (0.000228)

kinetic : 2.146103 (0.057210)
potential : -4.320950 (0.057266)
energy : -2.174847 (0.000228)

kinetic : 2.145790 (0.057140)
potential : -4.320637 (0.057196)
energy : -2.174847 (0.000228)

kinetic : 2.145284 (0.057070)
potential : -4.320121 (0.057127)
energy : -2.174837 (0.000228)

kinetic : 2.143870 (0.057017)
potential : -4.318712 (0.057073)
energy : -2.174842 (0.000228)

kinetic : 2.143250 (0.056949)
potential : -4.318098 (0.057005)
energy : -2.174848 (0.000227)

kinetic : 2.143298 (0.056878)
potential : -4.318143 (0.056934)
energy : -2.174845 (0.000227)

kinetic : 2.145324 (0.056844)
potential : -4.320160 (0.056899)
energy : -2.174836 (0.000227)

kinetic : 2.145764 (0.056775)
potential : -4.320591 (0.056830)
energy : -2.174827 (0.000227)

kinetic : 2.145559 (0.056705)
potential : -4.320382 (0.056760)
energy : -2.174823 (0.000227)

kinetic : 2.145590 (0.056635)
potential : -4.320417 (0.056690)
energy : -2.174827 (0.000226)

kinetic : 2.144824 (0.056570)
potential : -4.319648 (0.056625)
energy : -2.174825 (0.000226)

kinetic : 2.144274 (0.056503)
potential : -4.319093 (0.056557)
energy : -2.174819 (0.000226)

kinetic : 2.143245 (0.056442)
potential : -4.318067 (0.056497)
energy : -2.174822 (0.000226)

kinetic : 2.143014 (0.056373)
potential : -4.317842 (0.056428)
energy : -2.174828 (0.000225)

kinetic : 2.142684 (0.056305)
potential : -4.317508 (0.056359)
energy : -2.174824 (0.000225)

kinetic : 2.143233 (0.056238)
potential : -4.318043 (0.056293)
energy : -2.174810 (0.000225)

kinetic : 2.142638 (0.056172)
potential : -4.317452 (0.056227)
energy : -2.174814 (0.000225)

kinetic : 2.148445 (0.056403)
potential : -4.323267 (0.056458)
energy : -2.174822 (0.000225)

kinetic : 2.146702 (0.056361)
potential : -4.321524 (0.056416)
energy : -2.174822 (0.000225)

kinetic : 2.148310 (0.056315)
potential : -4.323175 (0.056371)
energy : -2.174866 (0.000229)

kinetic : 2.146720 (0.056269)
potential : -4.321592 (0.056324)
energy : -2.174871 (0.000228)

kinetic : 2.144885 (0.056230)
potential : -4.319759 (0.056285)
energy : -2.174874 (0.000228)

kinetic : 2.143626 (0.056176)
potential : -4.318494 (0.056231)
energy : -2.174868 (0.000228)

kinetic : 2.141969 (0.056132)
potential : -4.316835 (0.056187)
energy : -2.174866 (0.000228)

kinetic : 2.141370 (0.056067)
potential : -4.316238 (0.056122)
energy : -2.174868 (0.000227)

kinetic : 2.139822 (0.056020)
potential : -4.314684 (0.056075)
energy : -2.174862 (0.000227)

kinetic : 2.139100 (0.055957)
potential : -4.313969 (0.056012)
energy : -2.174869 (0.000227)

kinetic : 2.137553 (0.055910)
potential : -4.312420 (0.055966)
energy : -2.174867 (0.000227)

kinetic : 2.137684 (0.055843)
potential : -4.312551 (0.055898)
energy : -2.174867 (0.000226)

kinetic : 2.138966 (0.055790)
potential : -4.313839 (0.055845)
energy : -2.174873 (0.000226)

kinetic : 2.140395 (0.055741)
potential : -4.315270 (0.055796)
energy : -2.174875 (0.000226)

kinetic : 2.140150 (0.055674)
potential : -4.315028 (0.055729)
energy : -2.174878 (0.000226)

kinetic : 2.138471 (0.055633)
potential : -4.313346 (0.055688)
energy : -2.174875 (0.000225)

kinetic : 2.137028 (0.055584)
potential : -4.311903 (0.055640)
energy : -2.174875 (0.000225)

kinetic : 2.137978 (0.055526)
potential : -4.312851 (0.055581)
energy : -2.174874 (0.000225)

kinetic : 2.137562 (0.055461)
potential : -4.312429 (0.055516)
energy : -2.174867 (0.000225)

kinetic : 2.139038 (0.055414)
potential : -4.313899 (0.055469)
energy : -2.174860 (0.000225)

kinetic : 2.139044 (0.055348)
potential : -4.313899 (0.055402)
energy : -2.174855 (0.000224)

kinetic : 2.136948 (0.055321)
potential : -4.311802 (0.055376)
energy : -2.174854 (0.000224)

kinetic : 2.136925 (0.055255)
potential : -4.311778 (0.055310)
energy : -2.174852 (0.000224)

kinetic : 2.136875 (0.055189)
potential : -4.311722 (0.055244)
energy : -2.174848 (0.000224)

kinetic : 2.135716 (0.055136)
potential : -4.310562 (0.055190)
energy : -2.174846 (0.000223)

kinetic : 2.136665 (0.055078)
potential : -4.311501 (0.055132)
energy : -2.174836 (0.000223)

kinetic : 2.135118 (0.055035)
potential : -4.309952 (0.055089)
energy : -2.174833 (0.000223)

kinetic : 2.133788 (0.054985)
potential : -4.308623 (0.055039)
energy : -2.174834 (0.000223)

kinetic : 2.132946 (0.054927)
potential : -4.307786 (0.054981)
energy : -2.174840 (0.000223)

kinetic : 2.131970 (0.054870)
potential : -4.306808 (0.054924)
energy : -2.174838 (0.000222)

kinetic : 2.132531 (0.054808)
potential : -4.307362 (0.054862)
energy : -2.174831 (0.000222)

kinetic : 2.132884 (0.054745)
potential : -4.307710 (0.054798)
energy : -2.174825 (0.000222)

kinetic : 2.133522 (0.054684)
potential : -4.308343 (0.054737)
energy : -2.174820 (0.000222)

kinetic : 2.135094 (0.054642)
potential : -4.309918 (0.054695)
energy : -2.174824 (0.000222)

kinetic : 2.135095 (0.054578)
potential : -4.309933 (0.054631)
energy : -2.174838 (0.000222)

kinetic : 2.134379 (0.054518)
potential : -4.309211 (0.054572)
energy : -2.174832 (0.000222)

kinetic : 2.133609 (0.054460)
potential : -4.308440 (0.054513)
energy : -2.174831 (0.000221)

kinetic : 2.132238 (0.054413)
potential : -4.307061 (0.054466)
energy : -2.174824 (0.000221)

kinetic : 2.131600 (0.054353)
potential : -4.306426 (0.054406)
energy : -2.174826 (0.000221)

kinetic : 2.130709 (0.054297)
potential : -4.305537 (0.054350)
energy : -2.174828 (0.000221)

kinetic : 2.131418 (0.054238)
potential : -4.306244 (0.054291)
energy : -2.174826 (0.000220)

kinetic : 2.130069 (0.054191)
potential : -4.304897 (0.054244)
energy : -2.174828 (0.000220)

kinetic : 2.130502 (0.054130)
potential : -4.305325 (0.054183)
energy : -2.174823 (0.000220)

kinetic : 2.128833 (0.054093)
potential : -4.303654 (0.054145)
energy : -2.174822 (0.000220)

kinetic : 2.128280 (0.054032)
potential : -4.303096 (0.054085)
energy : -2.174816 (0.000220)

kinetic : 2.127286 (0.053979)
potential : -4.302107 (0.054032)
energy : -2.174820 (0.000219)

kinetic : 2.127679 (0.053918)
potential : -4.302499 (0.053970)
energy : -2.174820 (0.000219)

kinetic : 2.139293 (0.055093)
potential : -4.314107 (0.055143)
energy : -2.174814 (0.000219)

kinetic : 2.140007 (0.055034)
potential : -4.314874 (0.055085)
energy : -2.174867 (0.000225)

kinetic : 2.138031 (0.055006)
potential : -4.312894 (0.055057)
energy : -2.174863 (0.000225)

kinetic : 2.137793 (0.054943)
potential : -4.312655 (0.054994)
energy : -2.174862 (0.000225)

kinetic : 2.137081 (0.054884)
potential : -4.311944 (0.054935)
energy : -2.174863 (0.000224)

kinetic : 2.136011 (0.054831)
potential : -4.310873 (0.054882)
energy : -2.174862 (0.000224)

kinetic : 2.134950 (0.054778)
potential : -4.309807 (0.054829)
energy : -2.174856 (0.000224)

kinetic : 2.135314 (0.054716)
potential : -4.310172 (0.054767)
energy : -2.174858 (0.000224)

kinetic : 2.135614 (0.054654)
potential : -4.310483 (0.054705)
energy : -2.174868 (0.000224)

kinetic : 2.136299 (0.054596)
potential : -4.311181 (0.054647)
energy : -2.174883 (0.000224)

kinetic : 2.136248 (0.054533)
potential : -4.311141 (0.054584)
energy : -2.174893 (0.000224)

kinetic : 2.136640 (0.054472)
potential : -4.311535 (0.054523)
energy : -2.174895 (0.000224)

kinetic : 2.135300 (0.054427)
potential : -4.310195 (0.054477)
energy : -2.174895 (0.000223)

kinetic : 2.134168 (0.054376)
potential : -4.309059 (0.054427)
energy : -2.174892 (0.000223)

kinetic : 2.132677 (0.054335)
potential : -4.307562 (0.054385)
energy : -2.174885 (0.000223)

kinetic : 2.132312 (0.054274)
potential : -4.307190 (0.054325)
energy : -2.174878 (0.000223)

kinetic : 2.131897 (0.054214)
potential : -4.306785 (0.054264)
energy : -2.174889 (0.000223)

kinetic : 2.134168 (0.054200)
potential : -4.309068 (0.054251)
energy : -2.174900 (0.000223)

kinetic : 2.133454 (0.054143)
potential : -4.308358 (0.054194)
energy : -2.174904 (0.000223)

kinetic : 2.133507 (0.054081)
potential : -4.308405 (0.054132)
energy : -2.174898 (0.000222)

kinetic : 2.133099 (0.054022)
potential : -4.307998 (0.054073)
energy : -2.174899 (0.000222)

kinetic : 2.133078 (0.053961)
potential : -4.307978 (0.054011)
energy : -2.174900 (0.000222)

kinetic : 2.132344 (0.053904)
potential : -4.307239 (0.053955)
energy : -2.174895 (0.000222)

kinetic : 2.134667 (0.053894)
potential : -4.309562 (0.053944)
energy : -2.174895 (0.000221)

kinetic : 2.135003 (0.053834)
potential : -4.309907 (0.053885)
energy : -2.174904 (0.000221)

kinetic : 2.134258 (0.053778)
potential : -4.309155 (0.053829)
energy : -2.174897 (0.000221)

kinetic : 2.133734 (0.053721)
potential : -4.308637 (0.053771)
energy : -2.174903 (0.000221)

kinetic : 2.132775 (0.053669)
potential : -4.307675 (0.053719)
energy : -2.174900 (0.000221)

kinetic : 2.131588 (0.053622)
potential : -4.306486 (0.053672)
energy : -2.174898 (0.000221)

kinetic : 2.132748 (0.053574)
potential : -4.307652 (0.053625)
energy : -2.174904 (0.000220)

kinetic : 2.132139 (0.053517)
potential : -4.307045 (0.053568)
energy : -2.174906 (0.000220)

kinetic : 2.131124 (0.053467)
potential : -4.306027 (0.053518)
energy : -2.174903 (0.000220)

kinetic : 2.130160 (0.053416)
potential : -4.305059 (0.053467)
energy : -2.174899 (0.000220)

kinetic : 2.129045 (0.053368)
potential : -4.303937 (0.053419)
energy : -2.174893 (0.000220)

kinetic : 2.133231 (0.053473)
potential : -4.308118 (0.053523)
energy : -2.174887 (0.000219)

kinetic : 2.132199 (0.053423)
potential : -4.307084 (0.053473)
energy : -2.174885 (0.000219)

kinetic : 2.131333 (0.053371)
potential : -4.306212 (0.053421)
energy : -2.174880 (0.000219)

kinetic : 2.131424 (0.053311)
potential : -4.306308 (0.053361)
energy : -2.174884 (0.000219)

kinetic : 2.132425 (0.053262)
potential : -4.307315 (0.053312)
energy : -2.174889 (0.000219)

kinetic : 2.134347 (0.053237)
potential : -4.309250 (0.053288)
energy : -2.174903 (0.000219)

kinetic : 2.134587 (0.053179)
potential : -4.309486 (0.053229)
energy : -2.174899 (0.000219)

kinetic : 2.134262 (0.053121)
potential : -4.309162 (0.053171)
energy : -2.174900 (0.000218)

kinetic : 2.133580 (0.053067)
potential : -4.308480 (0.053117)
energy : -2.174900 (0.000218)

kinetic : 2.132341 (0.053022)
potential : -4.307240 (0.053073)
energy : -2.174899 (0.000218)

kinetic : 2.131897 (0.052966)
potential : -4.306799 (0.053016)
energy : -2.174902 (0.000218)

kinetic : 2.131438 (0.052909)
potential : -4.306336 (0.052959)
energy : -2.174898 (0.000218)

kinetic : 2.130229 (0.052865)
potential : -4.305127 (0.052915)
energy : -2.174898 (0.000217)

kinetic : 2.129228 (0.052816)
potential : -4.304124 (0.052866)
energy : -2.174897 (0.000217)

kinetic : 2.128655 (0.052761)
potential : -4.303553 (0.052811)
energy : -2.174898 (0.000217)

kinetic : 2.127921 (0.052709)
potential : -4.302818 (0.052758)
energy : -2.174897 (0.000217)

kinetic : 2.127128 (0.052657)
potential : -4.302023 (0.052707)
energy : -2.174895 (0.000216)

kinetic : 2.127759 (0.052603)
potential : -4.302647 (0.052653)
energy : -2.174888 (0.000216)

kinetic : 2.130824 (0.052635)
potential : -4.305725 (0.052685)
energy : -2.174901 (0.000216)

kinetic : 2.130176 (0.052581)
potential : -4.305076 (0.052632)
energy : -2.174901 (0.000216)

kinetic : 2.128791 (0.052542)
potential : -4.303693 (0.052592)
energy : -2.174902 (0.000216)

kinetic : 2.128253 (0.052488)
potential : -4.303153 (0.052538)
energy : -2.174900 (0.000216)

kinetic : 2.126538 (0.052459)
potential : -4.301434 (0.052509)
energy : -2.174895 (0.000215)

kinetic : 2.128322 (0.052432)
potential : -4.303226 (0.052482)
energy : -2.174904 (0.000215)

kinetic : 2.129279 (0.052384)
potential : -4.304186 (0.052434)
energy : -2.174907 (0.000215)

kinetic : 2.128919 (0.052328)
potential : -4.303822 (0.052378)
energy : -2.174903 (0.000215)

kinetic : 2.128332 (0.052275)
potential : -4.303233 (0.052325)
energy : -2.174901 (0.000215)

kinetic : 2.127385 (0.052227)
potential : -4.302285 (0.052277)
energy : -2.174899 (0.000215)

kinetic : 2.126402 (0.052179)
potential : -4.301293 (0.052230)
energy : -2.174891 (0.000214)

kinetic : 2.125780 (0.052127)
potential : -4.300674 (0.052177)
energy : -2.174894 (0.000214)

kinetic : 2.124609 (0.052084)
potential : -4.299503 (0.052134)
energy : -2.174894 (0.000214)

kinetic : 2.124927 (0.052028)
potential : -4.299821 (0.052079)
energy : -2.174894 (0.000214)

kinetic : 2.126630 (0.052000)
potential : -4.301516 (0.052050)
energy : -2.174886 (0.000214)

kinetic : 2.128305 (0.051971)
potential : -4.303190 (0.052021)
energy : -2.174885 (0.000214)

kinetic : 2.127398 (0.051923)
potential : -4.302288 (0.051973)
energy : -2.174890 (0.000213)

kinetic : 2.126149 (0.051883)
potential : -4.301038 (0.051932)
energy : -2.174889 (0.000213)

kinetic : 2.126699 (0.051830)
potential : -4.301591 (0.051879)
energy : -2.174891 (0.000213)

kinetic : 2.126884 (0.051775)
potential : -4.301772 (0.051824)
energy : -2.174889 (0.000213)

kinetic : 2.127632 (0.051725)
potential : -4.302511 (0.051774)
energy : -2.174879 (0.000213)

kinetic : 2.127633 (0.051670)
potential : -4.302518 (0.051719)
energy : -2.174885 (0.000213)

kinetic : 2.126236 (0.051633)
potential : -4.301115 (0.051682)
energy : -2.174879 (0.000212)

kinetic : 2.126372 (0.051578)
potential : -4.301247 (0.051627)
energy : -2.174875 (0.000212)

kinetic : 2.125477 (0.051531)
potential : -4.300353 (0.051580)
energy : -2.174877 (0.000212)

kinetic : 2.124857 (0.051480)
potential : -4.299736 (0.051529)
energy : -2.174878 (0.000212)

kinetic : 2.124267 (0.051429)
potential : -4.299148 (0.051478)
energy : -2.174881 (0.000212)

kinetic : 2.122836 (0.051394)
potential : -4.297718 (0.051443)
energy : -2.174882 (0.000211)

kinetic : 2.122952 (0.051340)
potential : -4.297836 (0.051388)
energy : -2.174884 (0.000211)

kinetic : 2.125270 (0.051338)
potential : -4.300154 (0.051386)
energy : -2.174884 (0.000211)

kinetic : 2.124690 (0.051286)
potential : -4.299570 (0.051335)
energy : -2.174880 (0.000211)

kinetic : 2.127478 (0.051308)
potential : -4.302369 (0.051357)
energy : -2.174891 (0.000211)

kinetic : 2.126499 (0.051263)
potential : -4.301397 (0.051312)
energy : -2.174898 (0.000211)

kinetic : 2.127760 (0.051225)
potential : -4.302653 (0.051273)
energy : -2.174893 (0.000211)

kinetic : 2.130864 (0.051265)
potential : -4.305775 (0.051314)
energy : -2.174912 (0.000211)

kinetic : 2.129546 (0.051228)
potential : -4.304458 (0.051277)
energy : -2.174912 (0.000211)

kinetic : 2.128323 (0.051188)
potential : -4.303234 (0.051238)
energy : -2.174910 (0.000211)

kinetic : 2.127531 (0.051141)
potential : -4.302433 (0.051190)
energy : -2.174902 (0.000211)

kinetic : 2.127076 (0.051089)
potential : -4.301969 (0.051139)
energy : -2.174892 (0.000211)

kinetic : 2.125890 (0.051049)
potential : -4.300778 (0.051099)
energy : -2.174888 (0.000210)

kinetic : 2.125741 (0.050996)
potential : -4.300628 (0.051046)
energy : -2.174886 (0.000210)

kinetic : 2.125268 (0.050945)
potential : -4.300157 (0.050994)
energy : -2.174889 (0.000210)

kinetic : 2.125111 (0.050892)
potential : -4.299995 (0.050941)
energy : -2.174885 (0.000210)

kinetic : 2.123686 (0.050859)
potential : -4.298570 (0.050908)
energy : -2.174884 (0.000210)

kinetic : 2.122960 (0.050811)
potential : -4.297833 (0.050860)
energy : -2.174873 (0.000210)

kinetic : 2.122952 (0.050758)
potential : -4.297834 (0.050807)
energy : -2.174881 (0.000210)

kinetic : 2.121601 (0.050723)
potential : -4.296478 (0.050772)
energy : -2.174877 (0.000210)

kinetic : 2.120963 (0.050674)
potential : -4.295839 (0.050724)
energy : -2.174876 (0.000209)

kinetic : 2.125235 (0.050801)
potential : -4.300101 (0.050850)
energy : -2.174866 (0.000209)

kinetic : 2.126299 (0.050760)
potential : -4.301190 (0.050809)
energy : -2.174891 (0.000211)

kinetic : 2.129311 (0.050797)
potential : -4.304197 (0.050845)
energy : -2.174886 (0.000211)

kinetic : 2.136371 (0.051233)
potential : -4.311263 (0.051282)
energy : -2.174891 (0.000210)

kinetic : 2.136500 (0.051180)
potential : -4.311396 (0.051229)
energy : -2.174896 (0.000210)

kinetic : 2.135435 (0.051138)
potential : -4.310329 (0.051187)
energy : -2.174895 (0.000210)

kinetic : 2.134559 (0.051093)
potential : -4.309451 (0.051142)
energy : -2.174892 (0.000210)

kinetic : 2.133506 (0.051051)
potential : -4.308392 (0.051100)
energy : -2.174886 (0.000210)

kinetic : 2.133742 (0.050999)
potential : -4.308617 (0.051048)
energy : -2.174875 (0.000210)

kinetic : 2.133369 (0.050948)
potential : -4.308240 (0.050996)
energy : -2.174871 (0.000210)

kinetic : 2.132881 (0.050898)
potential : -4.307747 (0.050946)
energy : -2.174866 (0.000209)

kinetic : 2.131825 (0.050857)
potential : -4.306695 (0.050905)
energy : -2.174870 (0.000209)

kinetic : 2.130449 (0.050823)
potential : -4.305318 (0.050871)
energy : -2.174869 (0.000209)

kinetic : 2.129305 (0.050784)
potential : -4.304172 (0.050832)
energy : -2.174867 (0.000209)

kinetic : 2.129075 (0.050732)
potential : -4.303944 (0.050781)
energy : -2.174870 (0.000209)

kinetic : 2.128252 (0.050687)
potential : -4.303125 (0.050735)
energy : -2.174873 (0.000208)

kinetic : 2.127376 (0.050643)
potential : -4.302249 (0.050691)
energy : -2.174872 (0.000208)

kinetic : 2.126166 (0.050606)
potential : -4.301030 (0.050654)
energy : -2.174864 (0.000208)

kinetic : 2.124554 (0.050580)
potential : -4.299417 (0.050628)
energy : -2.174863 (0.000208)

kinetic : 2.124093 (0.050530)
potential : -4.298953 (0.050578)
energy : -2.174860 (0.000208)

kinetic : 2.124228 (0.050479)
potential : -4.299080 (0.050527)
energy : -2.174852 (0.000208)

kinetic : 2.123140 (0.050439)
potential : -4.297990 (0.050488)
energy : -2.174850 (0.000208)

kinetic : 2.122594 (0.050391)
potential : -4.297444 (0.050439)
energy : -2.174850 (0.000207)

kinetic : 2.121923 (0.050344)
potential : -4.296775 (0.050392)
energy : -2.174852 (0.000207)

kinetic : 2.121190 (0.050299)
potential : -4.296037 (0.050347)
energy : -2.174848 (0.000207)

kinetic : 2.122575 (0.050267)
potential : -4.297433 (0.050315)
energy : -2.174858 (0.000207)

kinetic : 2.122070 (0.050219)
potential : -4.296932 (0.050267)
energy : -2.174862 (0.000207)

kinetic : 2.121760 (0.050169)
potential : -4.296620 (0.050217)
energy : -2.174860 (0.000207)

kinetic : 2.121493 (0.050119)
potential : -4.296356 (0.050167)
energy : -2.174862 (0.000206)

kinetic : 2.121133 (0.050070)
potential : -4.296000 (0.050118)
energy : -2.174867 (0.000206)

kinetic : 2.120181 (0.050028)
potential : -4.295046 (0.050076)
energy : -2.174865 (0.000206)

kinetic : 2.120301 (0.049978)
potential : -4.295165 (0.050026)
energy : -2.174863 (0.000206)

kinetic : 2.120398 (0.049928)
potential : -4.295271 (0.049976)
energy : -2.174873 (0.000206)

kinetic : 2.120989 (0.049881)
potential : -4.295859 (0.049929)
energy : -2.174870 (0.000206)

kinetic : 2.120910 (0.049831)
potential : -4.295779 (0.049879)
energy : -2.174869 (0.000206)

kinetic : 2.122258 (0.049799)
potential : -4.297127 (0.049847)
energy : -2.174870 (0.000205)

kinetic : 2.121067 (0.049764)
potential : -4.295938 (0.049811)
energy : -2.174871 (0.000205)

kinetic : 2.120085 (0.049724)
potential : -4.294955 (0.049771)
energy : -2.174870 (0.000205)
         kinetic: 2.120(50), Sigma: 3.594, T_corr: 19.1
       potential: -4.295(50), Sigma: 3.596, T_corr: 19.2
          energy: -2.17487(20), Sigma: 0.022, T_corr: 8.7

For tau = 6.00e-01, acceptance ratio = 0.40
Time: 47.36s
