
kinetic : 2.324174 (inf)
potential : -4.495654 (inf)
energy : -2.171480 (inf)

kinetic : 2.647017 (inf)
potential : -4.817027 (inf)
energy : -2.170010 (inf)

kinetic : 1.873242 (0.773775)
potential : -4.047261 (0.769766)
energy : -2.174019 (0.004009)

kinetic : 1.299048 (0.727512)
potential : -3.473837 (0.725485)
energy : -2.174789 (0.002439)

kinetic : 1.102128 (0.550831)
potential : -3.277541 (0.549269)
energy : -2.175413 (0.001834)

kinetic : 1.623724 (0.673878)
potential : -3.797976 (0.672213)
energy : -2.174253 (0.001835)

kinetic : 1.652707 (0.550982)
potential : -3.827155 (0.549635)
energy : -2.174447 (0.001511)

kinetic : 1.567722 (0.473356)
potential : -3.741222 (0.472408)
energy : -2.173500 (0.001590)

kinetic : 1.494169 (0.416485)
potential : -3.668990 (0.415445)
energy : -2.174821 (0.001908)

kinetic : 2.987676 (1.538010)
potential : -5.160367 (1.535723)
energy : -2.172692 (0.002714)

kinetic : 3.369260 (1.427581)
potential : -5.541307 (1.425437)
energy : -2.172047 (0.002512)

kinetic : 3.184158 (1.304495)
potential : -5.357316 (1.302418)
energy : -2.173157 (0.002529)

kinetic : 3.632151 (1.272316)
potential : -5.806505 (1.270964)
energy : -2.174354 (0.002600)

kinetic : 3.536726 (1.174244)
potential : -5.711029 (1.173009)
energy : -2.174303 (0.002393)

kinetic : 3.339403 (1.104901)
potential : -5.513705 (1.103776)
energy : -2.174302 (0.002215)

kinetic : 4.487959 (1.541821)
potential : -6.662908 (1.541605)
energy : -2.174949 (0.002161)

kinetic : 4.475733 (1.442294)
potential : -6.651422 (1.442086)
energy : -2.175689 (0.002153)

kinetic : 4.268409 (1.370570)
potential : -6.444372 (1.370336)
energy : -2.175963 (0.002041)

kinetic : 4.063963 (1.308260)
potential : -6.239630 (1.308088)
energy : -2.175667 (0.001947)

kinetic : 3.960406 (1.241815)
potential : -6.135717 (1.241683)
energy : -2.175312 (0.001875)

kinetic : 3.825957 (1.185736)
potential : -6.001300 (1.185608)
energy : -2.175342 (0.001779)

kinetic : 3.738108 (1.131276)
potential : -5.913644 (1.131140)
energy : -2.175536 (0.001704)

kinetic : 3.591919 (1.088491)
potential : -5.767054 (1.088416)
energy : -2.175136 (0.001673)

kinetic : 3.508218 (1.043452)
potential : -5.683443 (1.043373)
energy : -2.175225 (0.001601)

kinetic : 3.420612 (1.002863)
potential : -5.595607 (1.002808)
energy : -2.174994 (0.001550)

kinetic : 3.353078 (0.964280)
potential : -5.528273 (0.964213)
energy : -2.175195 (0.001500)

kinetic : 3.260174 (0.931097)
potential : -5.435185 (0.931051)
energy : -2.175012 (0.001453)

kinetic : 3.191383 (0.898586)
potential : -5.366313 (0.898548)
energy : -2.174930 (0.001401)

kinetic : 3.162028 (0.866396)
potential : -5.336719 (0.866368)
energy : -2.174691 (0.001371)

kinetic : 3.133354 (0.836478)
potential : -5.308100 (0.836450)
energy : -2.174746 (0.001324)

kinetic : 3.092721 (0.809136)
potential : -5.267322 (0.809115)
energy : -2.174601 (0.001287)

kinetic : 3.011589 (0.786794)
potential : -5.186101 (0.786783)
energy : -2.174512 (0.001248)

kinetic : 2.990654 (0.762097)
potential : -5.165011 (0.762091)
energy : -2.174357 (0.001218)

kinetic : 2.943912 (0.740120)
potential : -5.118682 (0.740088)
energy : -2.174770 (0.001251)

kinetic : 2.945132 (0.718023)
potential : -5.120378 (0.717993)
energy : -2.175247 (0.001304)

kinetic : 3.004567 (0.699735)
potential : -5.180590 (0.699772)
energy : -2.176022 (0.001485)

kinetic : 2.939084 (0.683166)
potential : -5.114979 (0.683214)
energy : -2.175895 (0.001449)

kinetic : 2.907178 (0.665211)
potential : -5.082935 (0.665265)
energy : -2.175757 (0.001416)

kinetic : 2.855849 (0.649500)
potential : -5.031595 (0.649553)
energy : -2.175746 (0.001378)

kinetic : 2.800458 (0.635048)
potential : -4.976431 (0.635079)
energy : -2.175973 (0.001361)

kinetic : 2.738276 (0.622083)
potential : -4.914087 (0.622130)
energy : -2.175811 (0.001337)

kinetic : 2.701277 (0.607848)
potential : -4.876910 (0.607904)
energy : -2.175634 (0.001316)

kinetic : 2.653930 (0.595085)
potential : -4.829410 (0.595153)
energy : -2.175479 (0.001293)

kinetic : 2.611652 (0.582617)
potential : -4.786946 (0.582696)
energy : -2.175295 (0.001276)

kinetic : 2.580679 (0.570064)
potential : -4.756160 (0.570131)
energy : -2.175481 (0.001261)

kinetic : 2.549169 (0.558142)
potential : -4.724772 (0.558201)
energy : -2.175603 (0.001238)

kinetic : 2.632087 (0.552136)
potential : -4.808108 (0.552255)
energy : -2.176021 (0.001281)

kinetic : 2.583766 (0.542417)
potential : -4.759785 (0.542533)
energy : -2.176019 (0.001254)

kinetic : 2.635397 (0.533501)
potential : -4.811872 (0.533658)
energy : -2.176475 (0.001309)

kinetic : 2.680757 (0.524465)
potential : -4.856993 (0.524598)
energy : -2.176237 (0.001304)

kinetic : 2.659066 (0.514326)
potential : -4.835456 (0.514450)
energy : -2.176390 (0.001287)

kinetic : 2.623874 (0.505367)
potential : -4.800262 (0.505488)
energy : -2.176388 (0.001261)

kinetic : 2.580012 (0.497490)
potential : -4.756371 (0.497612)
energy : -2.176358 (0.001237)

kinetic : 2.549705 (0.488954)
potential : -4.725955 (0.489079)
energy : -2.176250 (0.001218)

kinetic : 2.512514 (0.481253)
potential : -4.688621 (0.481387)
energy : -2.176107 (0.001204)

kinetic : 2.510515 (0.472426)
potential : -4.686597 (0.472558)
energy : -2.176082 (0.001182)

kinetic : 2.481374 (0.464828)
potential : -4.657431 (0.464958)
energy : -2.176057 (0.001161)

kinetic : 2.458329 (0.457181)
potential : -4.634669 (0.457295)
energy : -2.176340 (0.001175)

kinetic : 2.421193 (0.450762)
potential : -4.597483 (0.450877)
energy : -2.176291 (0.001156)

kinetic : 2.390205 (0.444138)
potential : -4.566330 (0.444263)
energy : -2.176126 (0.001148)

kinetic : 2.358744 (0.437805)
potential : -4.534833 (0.437930)
energy : -2.176090 (0.001129)

kinetic : 2.337744 (0.431080)
potential : -4.513788 (0.431205)
energy : -2.176044 (0.001112)

kinetic : 2.319477 (0.424463)
potential : -4.495430 (0.424590)
energy : -2.175953 (0.001097)

kinetic : 2.308631 (0.417812)
potential : -4.484433 (0.417941)
energy : -2.175803 (0.001090)

kinetic : 2.294775 (0.411465)
potential : -4.470557 (0.411593)
energy : -2.175783 (0.001073)

kinetic : 2.313596 (0.405523)
potential : -4.489361 (0.405647)
energy : -2.175765 (0.001057)

kinetic : 2.293674 (0.399828)
potential : -4.469344 (0.399955)
energy : -2.175670 (0.001045)

kinetic : 2.278573 (0.394105)
potential : -4.454339 (0.394226)
energy : -2.175766 (0.001034)

kinetic : 2.248978 (0.389392)
potential : -4.424704 (0.389514)
energy : -2.175726 (0.001019)

kinetic : 2.232392 (0.384065)
potential : -4.408093 (0.384187)
energy : -2.175701 (0.001004)

kinetic : 2.215305 (0.378924)
potential : -4.391059 (0.379041)
energy : -2.175754 (0.000991)

kinetic : 2.293407 (0.381627)
potential : -4.469193 (0.381746)
energy : -2.175786 (0.000978)

kinetic : 2.291777 (0.376292)
potential : -4.467984 (0.376409)
energy : -2.176207 (0.001052)

kinetic : 2.269613 (0.371763)
potential : -4.445680 (0.371886)
energy : -2.176068 (0.001047)

kinetic : 2.291799 (0.367375)
potential : -4.467820 (0.367494)
energy : -2.176021 (0.001034)

kinetic : 2.288399 (0.362460)
potential : -4.464339 (0.362577)
energy : -2.175940 (0.001023)

kinetic : 2.274069 (0.357946)
potential : -4.449989 (0.358062)
energy : -2.175920 (0.001010)

kinetic : 2.287284 (0.353514)
potential : -4.463066 (0.353624)
energy : -2.175782 (0.001006)

kinetic : 2.270225 (0.349369)
potential : -4.445983 (0.349478)
energy : -2.175758 (0.000993)

kinetic : 2.267987 (0.344925)
potential : -4.443677 (0.345034)
energy : -2.175690 (0.000983)

kinetic : 2.253993 (0.340874)
potential : -4.429549 (0.340986)
energy : -2.175556 (0.000980)

kinetic : 2.245471 (0.336747)
potential : -4.420872 (0.336862)
energy : -2.175401 (0.000980)

kinetic : 2.225441 (0.333218)
potential : -4.400872 (0.333329)
energy : -2.175431 (0.000968)

kinetic : 2.221692 (0.329200)
potential : -4.397007 (0.329311)
energy : -2.175315 (0.000964)

kinetic : 2.209310 (0.325493)
potential : -4.384684 (0.325601)
energy : -2.175374 (0.000954)

kinetic : 2.191563 (0.322130)
potential : -4.366910 (0.322238)
energy : -2.175347 (0.000943)

kinetic : 2.173188 (0.318892)
potential : -4.348509 (0.319000)
energy : -2.175321 (0.000932)

kinetic : 2.153838 (0.315799)
potential : -4.329161 (0.315905)
energy : -2.175323 (0.000922)

kinetic : 2.223790 (0.319931)
potential : -4.399271 (0.320068)
energy : -2.175481 (0.000925)

kinetic : 2.242867 (0.316890)
potential : -4.418404 (0.317029)
energy : -2.175537 (0.000916)

kinetic : 2.230083 (0.313610)
potential : -4.405740 (0.313742)
energy : -2.175657 (0.000914)

kinetic : 2.205688 (0.311103)
potential : -4.381181 (0.311246)
energy : -2.175493 (0.000918)

kinetic : 2.193866 (0.307930)
potential : -4.369455 (0.308067)
energy : -2.175589 (0.000913)

kinetic : 2.193214 (0.304601)
potential : -4.369229 (0.304737)
energy : -2.176015 (0.000998)

kinetic : 2.186113 (0.301427)
potential : -4.362118 (0.301561)
energy : -2.176006 (0.000988)

kinetic : 2.181466 (0.298273)
potential : -4.357404 (0.298407)
energy : -2.175938 (0.000980)

kinetic : 2.166972 (0.295506)
potential : -4.342877 (0.295640)
energy : -2.175905 (0.000970)

kinetic : 2.163117 (0.292469)
potential : -4.339049 (0.292601)
energy : -2.175932 (0.000960)

kinetic : 2.140624 (0.290342)
potential : -4.316543 (0.290473)
energy : -2.175920 (0.000950)

kinetic : 2.133676 (0.287478)
potential : -4.309616 (0.287608)
energy : -2.175939 (0.000941)

kinetic : 2.134093 (0.284589)
potential : -4.310051 (0.284717)
energy : -2.175958 (0.000932)

kinetic : 2.120244 (0.282097)
potential : -4.296159 (0.282226)
energy : -2.175915 (0.000923)

kinetic : 2.121238 (0.279320)
potential : -4.297105 (0.279447)
energy : -2.175867 (0.000916)

kinetic : 2.120854 (0.276595)
potential : -4.296788 (0.276721)
energy : -2.175934 (0.000909)

kinetic : 2.131993 (0.274149)
potential : -4.308132 (0.274282)
energy : -2.176139 (0.000923)

kinetic : 2.124847 (0.271619)
potential : -4.301023 (0.271750)
energy : -2.176176 (0.000915)

kinetic : 2.118280 (0.269125)
potential : -4.294407 (0.269256)
energy : -2.176127 (0.000908)

kinetic : 2.122362 (0.266629)
potential : -4.298390 (0.266757)
energy : -2.176028 (0.000905)

kinetic : 2.132190 (0.264331)
potential : -4.308255 (0.264460)
energy : -2.176064 (0.000897)

kinetic : 2.121720 (0.262104)
potential : -4.297733 (0.262233)
energy : -2.176013 (0.000890)

kinetic : 2.104622 (0.260273)
potential : -4.280614 (0.260402)
energy : -2.175993 (0.000883)

kinetic : 2.093139 (0.258173)
potential : -4.269090 (0.258302)
energy : -2.175951 (0.000876)

kinetic : 2.079051 (0.256245)
potential : -4.254999 (0.256373)
energy : -2.175948 (0.000868)

kinetic : 2.073187 (0.254035)
potential : -4.249043 (0.254164)
energy : -2.175856 (0.000865)

kinetic : 2.062935 (0.252005)
potential : -4.238696 (0.252137)
energy : -2.175762 (0.000862)

kinetic : 2.062779 (0.249804)
potential : -4.238510 (0.249935)
energy : -2.175730 (0.000856)

kinetic : 2.062195 (0.247642)
potential : -4.237993 (0.247772)
energy : -2.175798 (0.000851)

kinetic : 2.058341 (0.245547)
potential : -4.234124 (0.245675)
energy : -2.175783 (0.000844)

kinetic : 2.047471 (0.243700)
potential : -4.223150 (0.243832)
energy : -2.175679 (0.000843)

kinetic : 2.036510 (0.241891)
potential : -4.212187 (0.242022)
energy : -2.175676 (0.000836)

kinetic : 2.031294 (0.239924)
potential : -4.207008 (0.240053)
energy : -2.175714 (0.000830)

kinetic : 2.025491 (0.238004)
potential : -4.201118 (0.238134)
energy : -2.175627 (0.000827)

kinetic : 2.027694 (0.236055)
potential : -4.203293 (0.236184)
energy : -2.175599 (0.000821)

kinetic : 2.025384 (0.234139)
potential : -4.200978 (0.234267)
energy : -2.175594 (0.000814)

kinetic : 2.016945 (0.232397)
potential : -4.192556 (0.232523)
energy : -2.175611 (0.000808)

kinetic : 2.016968 (0.230530)
potential : -4.192616 (0.230655)
energy : -2.175648 (0.000802)

kinetic : 2.016167 (0.228695)
potential : -4.191769 (0.228819)
energy : -2.175602 (0.000797)

kinetic : 2.055458 (0.230264)
potential : -4.230960 (0.230368)
energy : -2.175501 (0.000797)

kinetic : 2.045232 (0.228686)
potential : -4.220680 (0.228792)
energy : -2.175447 (0.000793)

kinetic : 2.067755 (0.228022)
potential : -4.243236 (0.228129)
energy : -2.175481 (0.000787)

kinetic : 2.054973 (0.226622)
potential : -4.230454 (0.226728)
energy : -2.175481 (0.000781)

kinetic : 2.048500 (0.224978)
potential : -4.223941 (0.225085)
energy : -2.175441 (0.000776)

kinetic : 2.045444 (0.223288)
potential : -4.220866 (0.223395)
energy : -2.175423 (0.000771)

kinetic : 2.036912 (0.221767)
potential : -4.212320 (0.221873)
energy : -2.175409 (0.000765)

kinetic : 2.022195 (0.220597)
potential : -4.197571 (0.220705)
energy : -2.175376 (0.000760)

kinetic : 2.013700 (0.219122)
potential : -4.189057 (0.219229)
energy : -2.175357 (0.000755)

kinetic : 2.044004 (0.219606)
potential : -4.219371 (0.219712)
energy : -2.175367 (0.000749)

kinetic : 2.037740 (0.218087)
potential : -4.213186 (0.218190)
energy : -2.175446 (0.000748)

kinetic : 2.034682 (0.216522)
potential : -4.210185 (0.216624)
energy : -2.175503 (0.000745)

kinetic : 2.040632 (0.215041)
potential : -4.216206 (0.215144)
energy : -2.175574 (0.000743)

kinetic : 2.037429 (0.213524)
potential : -4.212996 (0.213626)
energy : -2.175567 (0.000737)

kinetic : 2.043308 (0.212086)
potential : -4.218911 (0.212188)
energy : -2.175604 (0.000733)

kinetic : 2.040155 (0.210610)
potential : -4.215751 (0.210712)
energy : -2.175596 (0.000728)

kinetic : 2.027951 (0.209488)
potential : -4.203565 (0.209588)
energy : -2.175614 (0.000723)

kinetic : 2.023739 (0.208071)
potential : -4.199416 (0.208169)
energy : -2.175677 (0.000721)

kinetic : 2.012845 (0.206918)
potential : -4.188517 (0.207016)
energy : -2.175672 (0.000716)

kinetic : 2.005710 (0.205620)
potential : -4.181401 (0.205716)
energy : -2.175691 (0.000711)

kinetic : 2.000770 (0.204276)
potential : -4.176452 (0.204372)
energy : -2.175682 (0.000706)

kinetic : 2.006609 (0.202975)
potential : -4.182167 (0.203066)
energy : -2.175557 (0.000713)

kinetic : 1.998306 (0.201779)
potential : -4.173874 (0.201869)
energy : -2.175568 (0.000708)

kinetic : 1.992132 (0.200524)
potential : -4.167681 (0.200615)
energy : -2.175549 (0.000703)

kinetic : 1.987744 (0.199240)
potential : -4.163265 (0.199331)
energy : -2.175521 (0.000699)

kinetic : 1.990268 (0.197941)
potential : -4.165927 (0.198033)
energy : -2.175659 (0.000708)

kinetic : 1.982329 (0.196803)
potential : -4.157968 (0.196895)
energy : -2.175639 (0.000704)

kinetic : 1.974409 (0.195682)
potential : -4.149985 (0.195775)
energy : -2.175576 (0.000702)

kinetic : 1.979614 (0.194485)
potential : -4.155216 (0.194578)
energy : -2.175602 (0.000698)

kinetic : 1.986611 (0.193361)
potential : -4.162191 (0.193453)
energy : -2.175581 (0.000694)

kinetic : 1.984728 (0.192134)
potential : -4.160240 (0.192227)
energy : -2.175512 (0.000693)

kinetic : 1.976192 (0.191105)
potential : -4.151661 (0.191199)
energy : -2.175469 (0.000690)

kinetic : 1.970163 (0.189995)
potential : -4.145593 (0.190089)
energy : -2.175430 (0.000686)

kinetic : 1.971953 (0.188812)
potential : -4.147402 (0.188906)
energy : -2.175448 (0.000682)

kinetic : 1.963698 (0.187817)
potential : -4.139138 (0.187911)
energy : -2.175440 (0.000678)

kinetic : 1.956230 (0.186804)
potential : -4.131666 (0.186897)
energy : -2.175436 (0.000674)

kinetic : 1.946796 (0.185894)
potential : -4.122222 (0.185986)
energy : -2.175426 (0.000670)

kinetic : 1.937640 (0.184984)
potential : -4.113059 (0.185076)
energy : -2.175418 (0.000666)

kinetic : 1.945163 (0.184013)
potential : -4.120620 (0.184106)
energy : -2.175457 (0.000663)

kinetic : 1.955273 (0.183180)
potential : -4.130777 (0.183275)
energy : -2.175504 (0.000661)

kinetic : 1.956297 (0.182083)
potential : -4.131775 (0.182177)
energy : -2.175479 (0.000657)

kinetic : 1.959353 (0.181022)
potential : -4.134825 (0.181115)
energy : -2.175472 (0.000653)

kinetic : 1.965243 (0.180044)
potential : -4.140677 (0.180136)
energy : -2.175434 (0.000650)

kinetic : 1.955675 (0.179237)
potential : -4.131074 (0.179330)
energy : -2.175399 (0.000648)

kinetic : 1.949888 (0.178280)
potential : -4.125278 (0.178373)
energy : -2.175390 (0.000644)

kinetic : 1.956550 (0.177365)
potential : -4.131860 (0.177455)
energy : -2.175310 (0.000645)

kinetic : 1.951094 (0.176421)
potential : -4.126368 (0.176511)
energy : -2.175274 (0.000642)

kinetic : 1.952505 (0.175410)
potential : -4.127847 (0.175500)
energy : -2.175342 (0.000642)

kinetic : 1.989049 (0.178192)
potential : -4.164394 (0.178281)
energy : -2.175345 (0.000639)

kinetic : 1.981418 (0.177341)
potential : -4.156742 (0.177430)
energy : -2.175324 (0.000635)

kinetic : 1.978034 (0.176369)
potential : -4.153417 (0.176456)
energy : -2.175383 (0.000634)

kinetic : 1.977789 (0.175376)
potential : -4.153143 (0.175462)
energy : -2.175354 (0.000632)

kinetic : 1.980698 (0.174417)
potential : -4.156033 (0.174503)
energy : -2.175335 (0.000628)

kinetic : 1.979953 (0.173447)
potential : -4.155219 (0.173533)
energy : -2.175267 (0.000629)

kinetic : 1.979666 (0.172486)
potential : -4.154894 (0.172572)
energy : -2.175228 (0.000626)

kinetic : 1.974985 (0.171600)
potential : -4.150244 (0.171684)
energy : -2.175259 (0.000623)

kinetic : 2.005329 (0.173336)
potential : -4.180670 (0.173433)
energy : -2.175340 (0.000625)

kinetic : 2.017647 (0.172831)
potential : -4.193017 (0.172929)
energy : -2.175370 (0.000623)

kinetic : 2.011424 (0.172007)
potential : -4.186753 (0.172106)
energy : -2.175329 (0.000621)

kinetic : 2.005096 (0.171197)
potential : -4.180375 (0.171297)
energy : -2.175279 (0.000619)

kinetic : 2.003882 (0.170283)
potential : -4.179113 (0.170383)
energy : -2.175231 (0.000618)

kinetic : 2.002800 (0.169379)
potential : -4.177950 (0.169478)
energy : -2.175151 (0.000620)

kinetic : 1.998815 (0.168527)
potential : -4.173926 (0.168627)
energy : -2.175110 (0.000618)

kinetic : 1.995479 (0.167671)
potential : -4.170563 (0.167771)
energy : -2.175083 (0.000615)

kinetic : 2.004889 (0.167056)
potential : -4.179923 (0.167152)
energy : -2.175034 (0.000614)

kinetic : 2.001362 (0.166221)
potential : -4.176383 (0.166317)
energy : -2.175021 (0.000611)

kinetic : 1.993236 (0.165557)
potential : -4.168234 (0.165654)
energy : -2.174997 (0.000608)

kinetic : 2.003901 (0.165046)
potential : -4.179016 (0.165150)
energy : -2.175115 (0.000616)

kinetic : 2.011841 (0.164390)
potential : -4.186878 (0.164489)
energy : -2.175037 (0.000618)

kinetic : 2.023381 (0.163955)
potential : -4.198361 (0.164050)
energy : -2.174980 (0.000618)

kinetic : 2.051126 (0.165464)
potential : -4.225976 (0.165535)
energy : -2.174850 (0.000628)

kinetic : 2.049567 (0.164633)
potential : -4.224424 (0.164704)
energy : -2.174857 (0.000625)

kinetic : 2.062305 (0.164298)
potential : -4.237172 (0.164369)
energy : -2.174867 (0.000622)

kinetic : 2.052331 (0.163779)
potential : -4.227172 (0.163851)
energy : -2.174841 (0.000619)

kinetic : 2.050330 (0.162974)
potential : -4.225185 (0.163046)
energy : -2.174855 (0.000616)

kinetic : 2.047297 (0.162194)
potential : -4.222168 (0.162265)
energy : -2.174871 (0.000613)

kinetic : 2.043807 (0.161431)
potential : -4.218680 (0.161501)
energy : -2.174873 (0.000610)

kinetic : 2.044411 (0.160638)
potential : -4.219263 (0.160708)
energy : -2.174853 (0.000608)

kinetic : 2.066030 (0.161308)
potential : -4.240830 (0.161370)
energy : -2.174800 (0.000607)

kinetic : 2.126077 (0.171387)
potential : -4.300662 (0.171369)
energy : -2.174585 (0.000641)

kinetic : 2.148975 (0.172087)
potential : -4.323441 (0.172054)
energy : -2.174466 (0.000649)

kinetic : 2.142056 (0.171397)
potential : -4.316546 (0.171363)
energy : -2.174490 (0.000646)

kinetic : 2.136289 (0.170673)
potential : -4.310802 (0.170638)
energy : -2.174513 (0.000644)

kinetic : 2.132948 (0.169891)
potential : -4.307490 (0.169856)
energy : -2.174542 (0.000641)

kinetic : 2.130196 (0.169106)
potential : -4.304727 (0.169072)
energy : -2.174531 (0.000638)

kinetic : 2.139428 (0.168559)
potential : -4.313906 (0.168522)
energy : -2.174478 (0.000637)

kinetic : 2.131514 (0.167953)
potential : -4.305945 (0.167918)
energy : -2.174431 (0.000636)

kinetic : 2.126878 (0.167230)
potential : -4.301265 (0.167197)
energy : -2.174387 (0.000635)

kinetic : 2.119378 (0.166620)
potential : -4.293706 (0.166589)
energy : -2.174327 (0.000635)

kinetic : 2.116311 (0.165875)
potential : -4.290640 (0.165845)
energy : -2.174329 (0.000632)

kinetic : 2.115973 (0.165109)
potential : -4.290306 (0.165079)
energy : -2.174333 (0.000629)

kinetic : 2.106913 (0.164599)
potential : -4.281237 (0.164570)
energy : -2.174324 (0.000626)

kinetic : 2.100484 (0.163972)
potential : -4.274774 (0.163944)
energy : -2.174291 (0.000624)

kinetic : 2.096112 (0.163284)
potential : -4.270374 (0.163257)
energy : -2.174262 (0.000622)

kinetic : 2.096637 (0.162544)
potential : -4.270915 (0.162517)
energy : -2.174278 (0.000619)

kinetic : 2.101328 (0.161878)
potential : -4.275654 (0.161853)
energy : -2.174325 (0.000618)

kinetic : 2.098932 (0.161168)
potential : -4.273248 (0.161143)
energy : -2.174316 (0.000615)

kinetic : 2.097941 (0.160450)
potential : -4.272292 (0.160425)
energy : -2.174352 (0.000614)

kinetic : 2.116796 (0.160845)
potential : -4.291157 (0.160821)
energy : -2.174361 (0.000611)

kinetic : 2.112240 (0.160196)
potential : -4.286584 (0.160173)
energy : -2.174344 (0.000609)

kinetic : 2.106251 (0.159601)
potential : -4.280577 (0.159579)
energy : -2.174326 (0.000606)

kinetic : 2.098957 (0.159067)
potential : -4.273289 (0.159044)
energy : -2.174333 (0.000604)

kinetic : 2.092711 (0.158494)
potential : -4.267013 (0.158473)
energy : -2.174301 (0.000602)

kinetic : 2.088593 (0.157857)
potential : -4.262913 (0.157836)
energy : -2.174320 (0.000599)

kinetic : 2.113676 (0.159161)
potential : -4.288014 (0.159143)
energy : -2.174338 (0.000597)

kinetic : 2.121359 (0.158660)
potential : -4.295901 (0.158652)
energy : -2.174542 (0.000628)

kinetic : 2.118363 (0.158006)
potential : -4.292909 (0.157997)
energy : -2.174546 (0.000626)

kinetic : 2.115183 (0.157361)
potential : -4.289724 (0.157353)
energy : -2.174541 (0.000623)

kinetic : 2.110238 (0.156768)
potential : -4.284802 (0.156759)
energy : -2.174565 (0.000621)

kinetic : 2.109543 (0.156104)
potential : -4.284096 (0.156095)
energy : -2.174553 (0.000618)

kinetic : 2.122972 (0.156023)
potential : -4.297530 (0.156015)
energy : -2.174558 (0.000616)

kinetic : 2.131019 (0.155574)
potential : -4.305587 (0.155567)
energy : -2.174568 (0.000613)

kinetic : 2.140391 (0.155205)
potential : -4.314989 (0.155199)
energy : -2.174597 (0.000611)

kinetic : 2.139407 (0.154560)
potential : -4.314016 (0.154554)
energy : -2.174609 (0.000609)

kinetic : 2.141478 (0.153932)
potential : -4.316271 (0.153928)
energy : -2.174793 (0.000634)

kinetic : 2.134062 (0.153474)
potential : -4.308872 (0.153469)
energy : -2.174810 (0.000631)

kinetic : 2.129906 (0.152897)
potential : -4.304691 (0.152894)
energy : -2.174785 (0.000629)

kinetic : 2.126656 (0.152304)
potential : -4.301427 (0.152301)
energy : -2.174771 (0.000627)

kinetic : 2.122501 (0.151738)
potential : -4.297275 (0.151735)
energy : -2.174774 (0.000624)

kinetic : 2.130910 (0.151354)
potential : -4.305698 (0.151351)
energy : -2.174787 (0.000622)

kinetic : 2.124159 (0.150891)
potential : -4.298924 (0.150889)
energy : -2.174765 (0.000620)

kinetic : 2.114918 (0.150565)
potential : -4.289678 (0.150564)
energy : -2.174760 (0.000617)

kinetic : 2.135886 (0.151418)
potential : -4.310609 (0.151412)
energy : -2.174723 (0.000616)

kinetic : 2.134737 (0.150815)
potential : -4.309483 (0.150809)
energy : -2.174745 (0.000614)

kinetic : 2.134992 (0.150213)
potential : -4.309712 (0.150207)
energy : -2.174720 (0.000612)

kinetic : 2.130211 (0.149693)
potential : -4.304957 (0.149685)
energy : -2.174746 (0.000610)

kinetic : 2.126162 (0.149155)
potential : -4.300886 (0.149148)
energy : -2.174724 (0.000608)

kinetic : 2.131575 (0.148665)
potential : -4.306252 (0.148657)
energy : -2.174677 (0.000607)

kinetic : 2.127859 (0.148127)
potential : -4.302446 (0.148121)
energy : -2.174587 (0.000612)

kinetic : 2.121911 (0.147667)
potential : -4.296468 (0.147663)
energy : -2.174557 (0.000610)

kinetic : 2.119739 (0.147108)
potential : -4.294301 (0.147103)
energy : -2.174562 (0.000608)

kinetic : 2.133599 (0.147190)
potential : -4.308195 (0.147189)
energy : -2.174596 (0.000606)

kinetic : 2.143901 (0.146983)
potential : -4.318482 (0.146980)
energy : -2.174581 (0.000604)

kinetic : 2.140873 (0.146447)
potential : -4.315515 (0.146444)
energy : -2.174642 (0.000605)

kinetic : 2.135208 (0.145995)
potential : -4.309849 (0.145992)
energy : -2.174642 (0.000603)

kinetic : 2.130157 (0.145525)
potential : -4.304775 (0.145522)
energy : -2.174618 (0.000601)

kinetic : 2.125207 (0.145055)
potential : -4.299817 (0.145052)
energy : -2.174610 (0.000598)

kinetic : 2.129508 (0.144568)
potential : -4.304082 (0.144565)
energy : -2.174573 (0.000597)

kinetic : 2.136496 (0.144191)
potential : -4.311095 (0.144189)
energy : -2.174600 (0.000596)

kinetic : 2.138416 (0.143661)
potential : -4.313038 (0.143659)
energy : -2.174622 (0.000594)

kinetic : 2.178943 (0.148749)
potential : -4.353683 (0.148779)
energy : -2.174740 (0.000603)

kinetic : 2.206815 (0.150791)
potential : -4.381471 (0.150805)
energy : -2.174656 (0.000607)

kinetic : 2.202526 (0.150291)
potential : -4.377172 (0.150305)
energy : -2.174647 (0.000605)

kinetic : 2.212386 (0.150057)
potential : -4.387154 (0.150080)
energy : -2.174768 (0.000615)

kinetic : 2.206678 (0.149612)
potential : -4.381451 (0.149634)
energy : -2.174774 (0.000612)

kinetic : 2.200953 (0.149170)
potential : -4.375740 (0.149192)
energy : -2.174787 (0.000610)

kinetic : 2.194322 (0.148771)
potential : -4.368993 (0.148797)
energy : -2.174671 (0.000619)

kinetic : 2.208213 (0.148876)
potential : -4.382872 (0.148902)
energy : -2.174659 (0.000617)

kinetic : 2.207355 (0.148336)
potential : -4.381996 (0.148362)
energy : -2.174642 (0.000615)

kinetic : 2.201224 (0.147925)
potential : -4.375832 (0.147952)
energy : -2.174608 (0.000614)

kinetic : 2.195365 (0.147507)
potential : -4.369945 (0.147534)
energy : -2.174580 (0.000612)

kinetic : 2.193034 (0.146993)
potential : -4.367625 (0.147021)
energy : -2.174591 (0.000610)

kinetic : 2.191178 (0.146477)
potential : -4.365780 (0.146505)
energy : -2.174601 (0.000608)

kinetic : 2.189016 (0.145969)
potential : -4.363611 (0.145996)
energy : -2.174595 (0.000606)

kinetic : 2.181745 (0.145631)
potential : -4.356352 (0.145657)
energy : -2.174607 (0.000604)

kinetic : 2.185429 (0.145160)
potential : -4.360150 (0.145189)
energy : -2.174722 (0.000612)

kinetic : 2.181745 (0.144693)
potential : -4.356457 (0.144722)
energy : -2.174712 (0.000610)

kinetic : 2.174689 (0.144355)
potential : -4.349391 (0.144385)
energy : -2.174702 (0.000608)

kinetic : 2.174614 (0.143848)
potential : -4.349336 (0.143877)
energy : -2.174722 (0.000606)

kinetic : 2.175335 (0.143346)
potential : -4.350097 (0.143375)
energy : -2.174762 (0.000606)

kinetic : 2.172205 (0.142880)
potential : -4.346976 (0.142909)
energy : -2.174772 (0.000604)

kinetic : 2.164885 (0.142571)
potential : -4.339652 (0.142600)
energy : -2.174767 (0.000601)

kinetic : 2.160442 (0.142146)
potential : -4.335182 (0.142176)
energy : -2.174740 (0.000600)

kinetic : 2.156204 (0.141718)
potential : -4.330930 (0.141749)
energy : -2.174726 (0.000598)

kinetic : 2.151013 (0.141326)
potential : -4.325721 (0.141357)
energy : -2.174708 (0.000596)

kinetic : 2.145598 (0.140945)
potential : -4.320301 (0.140976)
energy : -2.174703 (0.000594)

kinetic : 2.146063 (0.140464)
potential : -4.320774 (0.140495)
energy : -2.174711 (0.000592)

kinetic : 2.143180 (0.140015)
potential : -4.317861 (0.140047)
energy : -2.174681 (0.000591)

kinetic : 2.135907 (0.139729)
potential : -4.310579 (0.139761)
energy : -2.174673 (0.000589)

kinetic : 2.139250 (0.139296)
potential : -4.313872 (0.139327)
energy : -2.174622 (0.000589)

kinetic : 2.155890 (0.139820)
potential : -4.330618 (0.139863)
energy : -2.174728 (0.000597)

kinetic : 2.157989 (0.139366)
potential : -4.332792 (0.139410)
energy : -2.174803 (0.000600)

kinetic : 2.152345 (0.139014)
potential : -4.327169 (0.139057)
energy : -2.174824 (0.000598)

kinetic : 2.149555 (0.138578)
potential : -4.324408 (0.138620)
energy : -2.174853 (0.000597)

kinetic : 2.148640 (0.138120)
potential : -4.323516 (0.138162)
energy : -2.174875 (0.000595)

kinetic : 2.169889 (0.139292)
potential : -4.344758 (0.139332)
energy : -2.174870 (0.000593)

kinetic : 2.164514 (0.138935)
potential : -4.339380 (0.138976)
energy : -2.174866 (0.000591)

kinetic : 2.158123 (0.138625)
potential : -4.332979 (0.138666)
energy : -2.174856 (0.000589)

kinetic : 2.152583 (0.138281)
potential : -4.327452 (0.138321)
energy : -2.174869 (0.000588)

kinetic : 2.148895 (0.137877)
potential : -4.323719 (0.137918)
energy : -2.174824 (0.000587)

kinetic : 2.150217 (0.137434)
potential : -4.324980 (0.137474)
energy : -2.174763 (0.000589)

kinetic : 2.151561 (0.136994)
potential : -4.326285 (0.137033)
energy : -2.174724 (0.000588)

kinetic : 2.149947 (0.136559)
potential : -4.324649 (0.136599)
energy : -2.174702 (0.000586)

kinetic : 2.147564 (0.136139)
potential : -4.322273 (0.136178)
energy : -2.174709 (0.000585)

kinetic : 2.143109 (0.135773)
potential : -4.317801 (0.135813)
energy : -2.174692 (0.000583)

kinetic : 2.142101 (0.135341)
potential : -4.316780 (0.135381)
energy : -2.174679 (0.000581)

kinetic : 2.137484 (0.134987)
potential : -4.312156 (0.135027)
energy : -2.174672 (0.000579)

kinetic : 2.132939 (0.134633)
potential : -4.307609 (0.134673)
energy : -2.174670 (0.000578)

kinetic : 2.137009 (0.134267)
potential : -4.311655 (0.134306)
energy : -2.174646 (0.000576)

kinetic : 2.132433 (0.133920)
potential : -4.307069 (0.133959)
energy : -2.174636 (0.000575)

kinetic : 2.127897 (0.133573)
potential : -4.302520 (0.133613)
energy : -2.174622 (0.000573)

kinetic : 2.124808 (0.133189)
potential : -4.299425 (0.133228)
energy : -2.174617 (0.000571)

kinetic : 2.121316 (0.132816)
potential : -4.295925 (0.132856)
energy : -2.174609 (0.000569)

kinetic : 2.119834 (0.132409)
potential : -4.294436 (0.132449)
energy : -2.174602 (0.000568)

kinetic : 2.114913 (0.132087)
potential : -4.289502 (0.132127)
energy : -2.174588 (0.000566)

kinetic : 2.117161 (0.131696)
potential : -4.291758 (0.131736)
energy : -2.174597 (0.000564)

kinetic : 2.114590 (0.131313)
potential : -4.289174 (0.131353)
energy : -2.174584 (0.000563)

kinetic : 2.128129 (0.131605)
potential : -4.302670 (0.131640)
energy : -2.174540 (0.000563)

kinetic : 2.128338 (0.131200)
potential : -4.302867 (0.131235)
energy : -2.174528 (0.000561)

kinetic : 2.126124 (0.130815)
potential : -4.300651 (0.130850)
energy : -2.174527 (0.000559)

kinetic : 2.135229 (0.130732)
potential : -4.309787 (0.130769)
energy : -2.174558 (0.000558)

kinetic : 2.131776 (0.130379)
potential : -4.306342 (0.130415)
energy : -2.174566 (0.000557)

kinetic : 2.130397 (0.129989)
potential : -4.304958 (0.130026)
energy : -2.174561 (0.000555)

kinetic : 2.132057 (0.129605)
potential : -4.306596 (0.129641)
energy : -2.174539 (0.000554)

kinetic : 2.133457 (0.129221)
potential : -4.307972 (0.129256)
energy : -2.174516 (0.000553)

kinetic : 2.130088 (0.128875)
potential : -4.304502 (0.128913)
energy : -2.174414 (0.000560)

kinetic : 2.127430 (0.128515)
potential : -4.301857 (0.128553)
energy : -2.174427 (0.000559)

kinetic : 2.125202 (0.128149)
potential : -4.299637 (0.128187)
energy : -2.174435 (0.000557)

kinetic : 2.121750 (0.127812)
potential : -4.296193 (0.127850)
energy : -2.174443 (0.000556)

kinetic : 2.123508 (0.127443)
potential : -4.298004 (0.127482)
energy : -2.174496 (0.000556)

kinetic : 2.123158 (0.127065)
potential : -4.297677 (0.127103)
energy : -2.174519 (0.000555)

kinetic : 2.121577 (0.126698)
potential : -4.296081 (0.126737)
energy : -2.174504 (0.000554)

kinetic : 2.122309 (0.126326)
potential : -4.296815 (0.126364)
energy : -2.174506 (0.000552)

kinetic : 2.153061 (0.129654)
potential : -4.327525 (0.129681)
energy : -2.174465 (0.000552)

kinetic : 2.155159 (0.129290)
potential : -4.329667 (0.129318)
energy : -2.174508 (0.000552)

kinetic : 2.153524 (0.128922)
potential : -4.328033 (0.128949)
energy : -2.174509 (0.000550)

kinetic : 2.156054 (0.128570)
potential : -4.330540 (0.128597)
energy : -2.174485 (0.000549)

kinetic : 2.158324 (0.128216)
potential : -4.332805 (0.128243)
energy : -2.174482 (0.000548)

kinetic : 2.157857 (0.127845)
potential : -4.332353 (0.127872)
energy : -2.174495 (0.000546)

kinetic : 2.154821 (0.127511)
potential : -4.329336 (0.127537)
energy : -2.174516 (0.000545)

kinetic : 2.150722 (0.127209)
potential : -4.325204 (0.127236)
energy : -2.174483 (0.000545)

kinetic : 2.148517 (0.126862)
potential : -4.322997 (0.126889)
energy : -2.174480 (0.000543)

kinetic : 2.145978 (0.126524)
potential : -4.320453 (0.126551)
energy : -2.174475 (0.000542)

kinetic : 2.141823 (0.126230)
potential : -4.316276 (0.126258)
energy : -2.174453 (0.000540)

kinetic : 2.139660 (0.125888)
potential : -4.314102 (0.125916)
energy : -2.174442 (0.000539)

kinetic : 2.137900 (0.125543)
potential : -4.312336 (0.125570)
energy : -2.174436 (0.000538)

kinetic : 2.133146 (0.125277)
potential : -4.307567 (0.125305)
energy : -2.174421 (0.000536)

kinetic : 2.129454 (0.124977)
potential : -4.303853 (0.125006)
energy : -2.174399 (0.000535)

kinetic : 2.129354 (0.124624)
potential : -4.303830 (0.124653)
energy : -2.174476 (0.000539)

kinetic : 2.127490 (0.124288)
potential : -4.301995 (0.124316)
energy : -2.174505 (0.000538)

kinetic : 2.125304 (0.123958)
potential : -4.299783 (0.123987)
energy : -2.174478 (0.000538)

kinetic : 2.120558 (0.123703)
potential : -4.295024 (0.123732)
energy : -2.174466 (0.000536)

kinetic : 2.120669 (0.123358)
potential : -4.295123 (0.123387)
energy : -2.174455 (0.000535)

kinetic : 2.119950 (0.123017)
potential : -4.294453 (0.123045)
energy : -2.174502 (0.000535)

kinetic : 2.121745 (0.122689)
potential : -4.296215 (0.122717)
energy : -2.174469 (0.000535)

kinetic : 2.119936 (0.122363)
potential : -4.294402 (0.122390)
energy : -2.174466 (0.000533)

kinetic : 2.119352 (0.122026)
potential : -4.293809 (0.122054)
energy : -2.174457 (0.000532)

kinetic : 2.120486 (0.121696)
potential : -4.294927 (0.121724)
energy : -2.174442 (0.000531)

kinetic : 2.115853 (0.121451)
potential : -4.290303 (0.121478)
energy : -2.174449 (0.000529)

kinetic : 2.113123 (0.121149)
potential : -4.287557 (0.121177)
energy : -2.174434 (0.000528)

kinetic : 2.109715 (0.120866)
potential : -4.284106 (0.120895)
energy : -2.174391 (0.000529)

kinetic : 2.104795 (0.120638)
potential : -4.279179 (0.120667)
energy : -2.174385 (0.000527)

kinetic : 2.099651 (0.120421)
potential : -4.274035 (0.120449)
energy : -2.174384 (0.000526)

kinetic : 2.107513 (0.120352)
potential : -4.281921 (0.120382)
energy : -2.174408 (0.000525)

kinetic : 2.106224 (0.120034)
potential : -4.280603 (0.120064)
energy : -2.174379 (0.000524)

kinetic : 2.107702 (0.119720)
potential : -4.282114 (0.119751)
energy : -2.174412 (0.000524)

kinetic : 2.117226 (0.119778)
potential : -4.291659 (0.119810)
energy : -2.174433 (0.000523)

kinetic : 2.133601 (0.120574)
potential : -4.308044 (0.120607)
energy : -2.174442 (0.000522)

kinetic : 2.130404 (0.120295)
potential : -4.304859 (0.120327)
energy : -2.174455 (0.000520)

kinetic : 2.126604 (0.120034)
potential : -4.301045 (0.120067)
energy : -2.174442 (0.000519)

kinetic : 2.123539 (0.119755)
potential : -4.297964 (0.119788)
energy : -2.174425 (0.000518)

kinetic : 2.119442 (0.119508)
potential : -4.293878 (0.119541)
energy : -2.174436 (0.000517)

kinetic : 2.116013 (0.119241)
potential : -4.290471 (0.119274)
energy : -2.174458 (0.000516)

kinetic : 2.113959 (0.118945)
potential : -4.288433 (0.118977)
energy : -2.174473 (0.000515)

kinetic : 2.112230 (0.118645)
potential : -4.286726 (0.118676)
energy : -2.174496 (0.000514)

kinetic : 2.118375 (0.118493)
potential : -4.292888 (0.118526)
energy : -2.174513 (0.000513)

kinetic : 2.125065 (0.118373)
potential : -4.299527 (0.118402)
energy : -2.174461 (0.000514)

kinetic : 2.120906 (0.118137)
potential : -4.295368 (0.118166)
energy : -2.174462 (0.000513)

kinetic : 2.119550 (0.117838)
potential : -4.293987 (0.117867)
energy : -2.174438 (0.000512)

kinetic : 2.114640 (0.117635)
potential : -4.289068 (0.117664)
energy : -2.174428 (0.000511)

kinetic : 2.109819 (0.117429)
potential : -4.284232 (0.117459)
energy : -2.174414 (0.000510)

kinetic : 2.105687 (0.117199)
potential : -4.280085 (0.117230)
energy : -2.174398 (0.000509)

kinetic : 2.102225 (0.116949)
potential : -4.276625 (0.116979)
energy : -2.174400 (0.000507)

kinetic : 2.108176 (0.116800)
potential : -4.282586 (0.116831)
energy : -2.174410 (0.000506)

kinetic : 2.112771 (0.116592)
potential : -4.287238 (0.116625)
energy : -2.174466 (0.000508)

kinetic : 2.115623 (0.116329)
potential : -4.290077 (0.116361)
energy : -2.174454 (0.000507)

kinetic : 2.115735 (0.116033)
potential : -4.290168 (0.116065)
energy : -2.174433 (0.000506)

kinetic : 2.116690 (0.115742)
potential : -4.291110 (0.115774)
energy : -2.174421 (0.000505)

kinetic : 2.113483 (0.115493)
potential : -4.287903 (0.115525)
energy : -2.174420 (0.000504)

kinetic : 2.113418 (0.115201)
potential : -4.287828 (0.115233)
energy : -2.174410 (0.000502)

kinetic : 2.114675 (0.114917)
potential : -4.289098 (0.114949)
energy : -2.174423 (0.000501)

kinetic : 2.114722 (0.114628)
potential : -4.289163 (0.114660)
energy : -2.174441 (0.000500)

kinetic : 2.116723 (0.114358)
potential : -4.291201 (0.114390)
energy : -2.174479 (0.000501)

kinetic : 2.122623 (0.114224)
potential : -4.297154 (0.114259)
energy : -2.174531 (0.000502)

kinetic : 2.119385 (0.113985)
potential : -4.293923 (0.114020)
energy : -2.174538 (0.000501)

kinetic : 2.122152 (0.113735)
potential : -4.296706 (0.113770)
energy : -2.174554 (0.000500)

kinetic : 2.118700 (0.113505)
potential : -4.293246 (0.113540)
energy : -2.174545 (0.000499)

kinetic : 2.118452 (0.113224)
potential : -4.293024 (0.113259)
energy : -2.174572 (0.000498)

kinetic : 2.119163 (0.112946)
potential : -4.293746 (0.112981)
energy : -2.174583 (0.000497)

kinetic : 2.118665 (0.112669)
potential : -4.293264 (0.112703)
energy : -2.174599 (0.000496)

kinetic : 2.114527 (0.112468)
potential : -4.289117 (0.112503)
energy : -2.174590 (0.000495)

kinetic : 2.110791 (0.112254)
potential : -4.285381 (0.112289)
energy : -2.174590 (0.000494)

kinetic : 2.111801 (0.111983)
potential : -4.286398 (0.112018)
energy : -2.174597 (0.000493)

kinetic : 2.109315 (0.111738)
potential : -4.283898 (0.111773)
energy : -2.174583 (0.000491)

kinetic : 2.106437 (0.111503)
potential : -4.281001 (0.111538)
energy : -2.174564 (0.000491)

kinetic : 2.104298 (0.111252)
potential : -4.278866 (0.111288)
energy : -2.174568 (0.000489)

kinetic : 2.103370 (0.110986)
potential : -4.277943 (0.111022)
energy : -2.174573 (0.000488)

kinetic : 2.101598 (0.110732)
potential : -4.276165 (0.110767)
energy : -2.174567 (0.000487)

kinetic : 2.099644 (0.110482)
potential : -4.274175 (0.110518)
energy : -2.174531 (0.000487)

kinetic : 2.101855 (0.110239)
potential : -4.276362 (0.110274)
energy : -2.174508 (0.000487)

kinetic : 2.097803 (0.110048)
potential : -4.272292 (0.110084)
energy : -2.174489 (0.000486)

kinetic : 2.096095 (0.109798)
potential : -4.270606 (0.109834)
energy : -2.174511 (0.000485)

kinetic : 2.095538 (0.109537)
potential : -4.270067 (0.109573)
energy : -2.174529 (0.000484)

kinetic : 2.094383 (0.109282)
potential : -4.268902 (0.109318)
energy : -2.174519 (0.000483)

kinetic : 2.095770 (0.109031)
potential : -4.270289 (0.109066)
energy : -2.174519 (0.000482)

kinetic : 2.091744 (0.108847)
potential : -4.266252 (0.108883)
energy : -2.174508 (0.000481)

kinetic : 2.087575 (0.108669)
potential : -4.262071 (0.108705)
energy : -2.174496 (0.000480)

kinetic : 2.085796 (0.108427)
potential : -4.260285 (0.108463)
energy : -2.174490 (0.000479)

kinetic : 2.083750 (0.108191)
potential : -4.258251 (0.108227)
energy : -2.174502 (0.000478)

kinetic : 2.090981 (0.108179)
potential : -4.265534 (0.108218)
energy : -2.174553 (0.000480)

kinetic : 2.094590 (0.107986)
potential : -4.269168 (0.108025)
energy : -2.174578 (0.000479)

kinetic : 2.096003 (0.107742)
potential : -4.270615 (0.107782)
energy : -2.174612 (0.000479)

kinetic : 2.095532 (0.107492)
potential : -4.270133 (0.107532)
energy : -2.174601 (0.000478)

kinetic : 2.092371 (0.107288)
potential : -4.266959 (0.107328)
energy : -2.174588 (0.000477)

kinetic : 2.088273 (0.107117)
potential : -4.262862 (0.107157)
energy : -2.174590 (0.000476)

kinetic : 2.086243 (0.106888)
potential : -4.260823 (0.106928)
energy : -2.174580 (0.000475)

kinetic : 2.084454 (0.106656)
potential : -4.259036 (0.106696)
energy : -2.174582 (0.000474)

kinetic : 2.081146 (0.106462)
potential : -4.255748 (0.106501)
energy : -2.174602 (0.000474)

kinetic : 2.079275 (0.106233)
potential : -4.253873 (0.106272)
energy : -2.174598 (0.000473)

kinetic : 2.076781 (0.106019)
potential : -4.251379 (0.106058)
energy : -2.174598 (0.000471)

kinetic : 2.073797 (0.105818)
potential : -4.248402 (0.105856)
energy : -2.174605 (0.000470)

kinetic : 2.075038 (0.105583)
potential : -4.249635 (0.105622)
energy : -2.174598 (0.000469)

kinetic : 2.071119 (0.105415)
potential : -4.245713 (0.105454)
energy : -2.174595 (0.000468)

kinetic : 2.069183 (0.105193)
potential : -4.243778 (0.105232)
energy : -2.174595 (0.000467)

kinetic : 2.069591 (0.104955)
potential : -4.244204 (0.104994)
energy : -2.174613 (0.000467)

kinetic : 2.070588 (0.104722)
potential : -4.245209 (0.104761)
energy : -2.174621 (0.000466)

kinetic : 2.097332 (0.107854)
potential : -4.272004 (0.107904)
energy : -2.174672 (0.000467)

kinetic : 2.158126 (0.123596)
potential : -4.332882 (0.123681)
energy : -2.174757 (0.000474)

kinetic : 2.218646 (0.137368)
potential : -4.393487 (0.137481)
energy : -2.174841 (0.000480)

kinetic : 2.247727 (0.140111)
potential : -4.422613 (0.140231)
energy : -2.174886 (0.000481)

kinetic : 2.247017 (0.139799)
potential : -4.421963 (0.139918)
energy : -2.174946 (0.000484)

kinetic : 2.243517 (0.139531)
potential : -4.418462 (0.139649)
energy : -2.174945 (0.000483)

kinetic : 2.244155 (0.139221)
potential : -4.419175 (0.139340)
energy : -2.175020 (0.000488)

kinetic : 2.240829 (0.138951)
potential : -4.415851 (0.139070)
energy : -2.175023 (0.000487)

kinetic : 2.239074 (0.138654)
potential : -4.414085 (0.138772)
energy : -2.175011 (0.000486)

kinetic : 2.237397 (0.138357)
potential : -4.412402 (0.138475)
energy : -2.175005 (0.000485)

kinetic : 2.239689 (0.138070)
potential : -4.414675 (0.138188)
energy : -2.174986 (0.000484)

kinetic : 2.234605 (0.137859)
potential : -4.409590 (0.137977)
energy : -2.174985 (0.000483)

kinetic : 2.232380 (0.137574)
potential : -4.407354 (0.137691)
energy : -2.174974 (0.000482)

kinetic : 2.230939 (0.137280)
potential : -4.405925 (0.137396)
energy : -2.174985 (0.000481)

kinetic : 2.228906 (0.136994)
potential : -4.403887 (0.137111)
energy : -2.174982 (0.000480)

kinetic : 2.224860 (0.136754)
potential : -4.399844 (0.136871)
energy : -2.174984 (0.000479)

kinetic : 2.225103 (0.136456)
potential : -4.400084 (0.136572)
energy : -2.174981 (0.000478)

kinetic : 2.220995 (0.136221)
potential : -4.395970 (0.136337)
energy : -2.174976 (0.000477)

kinetic : 2.219038 (0.135940)
potential : -4.394025 (0.136055)
energy : -2.174988 (0.000476)

kinetic : 2.217700 (0.135652)
potential : -4.392680 (0.135767)
energy : -2.174980 (0.000475)

kinetic : 2.215427 (0.135377)
potential : -4.390403 (0.135493)
energy : -2.174976 (0.000474)

kinetic : 2.215600 (0.135085)
potential : -4.390566 (0.135200)
energy : -2.174966 (0.000473)

kinetic : 2.216818 (0.134800)
potential : -4.391777 (0.134915)
energy : -2.174959 (0.000472)

kinetic : 2.220574 (0.134563)
potential : -4.395547 (0.134678)
energy : -2.174972 (0.000471)

kinetic : 2.220899 (0.134275)
potential : -4.395861 (0.134389)
energy : -2.174962 (0.000470)

kinetic : 2.219706 (0.133993)
potential : -4.394653 (0.134107)
energy : -2.174946 (0.000470)

kinetic : 2.219662 (0.133707)
potential : -4.394589 (0.133821)
energy : -2.174927 (0.000469)

kinetic : 2.217522 (0.133439)
potential : -4.392443 (0.133553)
energy : -2.174921 (0.000468)

kinetic : 2.215631 (0.133169)
potential : -4.390549 (0.133283)
energy : -2.174918 (0.000467)

kinetic : 2.212024 (0.132936)
potential : -4.386919 (0.133050)
energy : -2.174895 (0.000467)

kinetic : 2.213656 (0.132664)
potential : -4.388540 (0.132778)
energy : -2.174885 (0.000466)

kinetic : 2.230253 (0.133421)
potential : -4.405085 (0.133527)
energy : -2.174833 (0.000468)

kinetic : 2.226405 (0.133195)
potential : -4.401235 (0.133301)
energy : -2.174829 (0.000467)

kinetic : 2.223192 (0.132954)
potential : -4.398010 (0.133060)
energy : -2.174818 (0.000466)

kinetic : 2.220789 (0.132696)
potential : -4.395591 (0.132802)
energy : -2.174802 (0.000465)

kinetic : 2.221184 (0.132419)
potential : -4.395977 (0.132525)
energy : -2.174793 (0.000464)

kinetic : 2.230036 (0.132439)
potential : -4.404775 (0.132540)
energy : -2.174739 (0.000466)

kinetic : 2.228533 (0.132171)
potential : -4.403270 (0.132272)
energy : -2.174736 (0.000465)

kinetic : 2.226730 (0.131908)
potential : -4.401491 (0.132009)
energy : -2.174761 (0.000465)

kinetic : 2.226143 (0.131636)
potential : -4.400912 (0.131736)
energy : -2.174769 (0.000464)

kinetic : 2.240958 (0.132195)
potential : -4.415750 (0.132298)
energy : -2.174792 (0.000464)

kinetic : 2.245869 (0.132013)
potential : -4.420704 (0.132117)
energy : -2.174834 (0.000465)

kinetic : 2.265561 (0.133205)
potential : -4.440352 (0.133300)
energy : -2.174791 (0.000466)

kinetic : 2.306578 (0.139114)
potential : -4.481317 (0.139190)
energy : -2.174739 (0.000468)

kinetic : 2.324765 (0.140015)
potential : -4.499491 (0.140088)
energy : -2.174726 (0.000467)

kinetic : 2.321331 (0.139770)
potential : -4.496051 (0.139843)
energy : -2.174721 (0.000466)

kinetic : 2.320997 (0.139484)
potential : -4.495700 (0.139557)
energy : -2.174703 (0.000466)

kinetic : 2.317719 (0.139238)
potential : -4.492438 (0.139310)
energy : -2.174719 (0.000465)

kinetic : 2.316332 (0.138961)
potential : -4.491065 (0.139033)
energy : -2.174734 (0.000464)

kinetic : 2.314316 (0.138693)
potential : -4.489053 (0.138765)
energy : -2.174737 (0.000463)

kinetic : 2.312202 (0.138427)
potential : -4.486961 (0.138499)
energy : -2.174759 (0.000463)

kinetic : 2.310980 (0.138152)
potential : -4.485761 (0.138223)
energy : -2.174780 (0.000462)

kinetic : 2.308440 (0.137896)
potential : -4.483225 (0.137967)
energy : -2.174785 (0.000461)

kinetic : 2.306942 (0.137626)
potential : -4.481754 (0.137697)
energy : -2.174812 (0.000461)

kinetic : 2.307014 (0.137349)
potential : -4.481870 (0.137419)
energy : -2.174856 (0.000462)

kinetic : 2.303485 (0.137118)
potential : -4.478341 (0.137189)
energy : -2.174856 (0.000461)

kinetic : 2.305154 (0.136853)
potential : -4.480036 (0.136924)
energy : -2.174882 (0.000461)

kinetic : 2.302534 (0.136604)
potential : -4.477415 (0.136675)
energy : -2.174881 (0.000460)

kinetic : 2.308078 (0.136444)
potential : -4.483021 (0.136517)
energy : -2.174943 (0.000464)

kinetic : 2.305818 (0.136191)
potential : -4.480771 (0.136263)
energy : -2.174954 (0.000463)

kinetic : 2.305449 (0.135920)
potential : -4.480390 (0.135993)
energy : -2.174941 (0.000462)

kinetic : 2.301669 (0.135703)
potential : -4.476610 (0.135775)
energy : -2.174941 (0.000461)

kinetic : 2.298029 (0.135483)
potential : -4.472958 (0.135555)
energy : -2.174930 (0.000460)

kinetic : 2.294536 (0.135260)
potential : -4.469465 (0.135332)
energy : -2.174929 (0.000459)

kinetic : 2.291384 (0.135030)
potential : -4.466313 (0.135102)
energy : -2.174929 (0.000459)

kinetic : 2.288908 (0.134786)
potential : -4.463835 (0.134858)
energy : -2.174927 (0.000458)

kinetic : 2.285728 (0.134559)
potential : -4.460636 (0.134631)
energy : -2.174908 (0.000457)

kinetic : 2.282775 (0.134327)
potential : -4.457685 (0.134399)
energy : -2.174910 (0.000456)

kinetic : 2.280788 (0.134079)
potential : -4.455686 (0.134151)
energy : -2.174898 (0.000455)

kinetic : 2.278035 (0.133845)
potential : -4.452931 (0.133917)
energy : -2.174896 (0.000455)

kinetic : 2.273922 (0.133647)
potential : -4.448815 (0.133719)
energy : -2.174893 (0.000454)

kinetic : 2.272031 (0.133400)
potential : -4.446917 (0.133472)
energy : -2.174886 (0.000453)

kinetic : 2.270825 (0.133146)
potential : -4.445702 (0.133218)
energy : -2.174877 (0.000452)

kinetic : 2.272470 (0.132898)
potential : -4.447334 (0.132970)
energy : -2.174864 (0.000451)

kinetic : 2.273042 (0.132642)
potential : -4.447888 (0.132714)
energy : -2.174846 (0.000451)

kinetic : 2.270740 (0.132406)
potential : -4.445583 (0.132477)
energy : -2.174843 (0.000450)

kinetic : 2.270888 (0.132151)
potential : -4.445727 (0.132222)
energy : -2.174838 (0.000449)

kinetic : 2.269018 (0.131910)
potential : -4.443842 (0.131981)
energy : -2.174824 (0.000449)

kinetic : 2.268438 (0.131657)
potential : -4.443245 (0.131728)
energy : -2.174807 (0.000448)

kinetic : 2.265287 (0.131443)
potential : -4.440084 (0.131514)
energy : -2.174797 (0.000447)

kinetic : 2.263118 (0.131209)
potential : -4.437905 (0.131280)
energy : -2.174787 (0.000447)

kinetic : 2.260070 (0.130994)
potential : -4.434858 (0.131065)
energy : -2.174787 (0.000446)

kinetic : 2.258460 (0.130754)
potential : -4.433234 (0.130825)
energy : -2.174774 (0.000445)

kinetic : 2.256146 (0.130526)
potential : -4.430918 (0.130597)
energy : -2.174772 (0.000444)

kinetic : 2.257792 (0.130288)
potential : -4.432535 (0.130359)
energy : -2.174743 (0.000444)

kinetic : 2.257072 (0.130043)
potential : -4.431801 (0.130114)
energy : -2.174729 (0.000444)

kinetic : 2.258570 (0.129806)
potential : -4.433269 (0.129876)
energy : -2.174700 (0.000444)

kinetic : 2.257248 (0.129567)
potential : -4.431935 (0.129637)
energy : -2.174687 (0.000443)

kinetic : 2.257817 (0.129324)
potential : -4.432526 (0.129394)
energy : -2.174709 (0.000443)

kinetic : 2.254943 (0.129113)
potential : -4.429637 (0.129183)
energy : -2.174695 (0.000442)

kinetic : 2.255435 (0.128872)
potential : -4.430124 (0.128941)
energy : -2.174689 (0.000441)

kinetic : 2.255655 (0.128630)
potential : -4.430328 (0.128700)
energy : -2.174673 (0.000441)

kinetic : 2.258470 (0.128420)
potential : -4.433131 (0.128490)
energy : -2.174661 (0.000440)

kinetic : 2.255072 (0.128226)
potential : -4.429729 (0.128295)
energy : -2.174657 (0.000439)

kinetic : 2.252099 (0.128021)
potential : -4.426747 (0.128090)
energy : -2.174648 (0.000439)

kinetic : 2.250856 (0.127789)
potential : -4.425522 (0.127858)
energy : -2.174667 (0.000438)

kinetic : 2.248334 (0.127577)
potential : -4.423003 (0.127645)
energy : -2.174668 (0.000437)

kinetic : 2.253020 (0.127426)
potential : -4.427671 (0.127494)
energy : -2.174651 (0.000437)

kinetic : 2.255154 (0.127208)
potential : -4.429791 (0.127276)
energy : -2.174637 (0.000436)

kinetic : 2.270546 (0.127903)
potential : -4.445144 (0.127965)
energy : -2.174598 (0.000437)

kinetic : 2.266669 (0.127726)
potential : -4.441258 (0.127789)
energy : -2.174589 (0.000437)

kinetic : 2.265003 (0.127502)
potential : -4.439599 (0.127564)
energy : -2.174596 (0.000436)

kinetic : 2.261568 (0.127314)
potential : -4.436161 (0.127376)
energy : -2.174593 (0.000435)

kinetic : 2.258686 (0.127114)
potential : -4.433270 (0.127176)
energy : -2.174583 (0.000434)

kinetic : 2.257438 (0.126887)
potential : -4.432019 (0.126949)
energy : -2.174581 (0.000434)

kinetic : 2.255196 (0.126675)
potential : -4.429778 (0.126737)
energy : -2.174582 (0.000433)

kinetic : 2.251503 (0.126498)
potential : -4.426081 (0.126560)
energy : -2.174578 (0.000432)

kinetic : 2.249879 (0.126278)
potential : -4.424455 (0.126340)
energy : -2.174575 (0.000431)

kinetic : 2.255492 (0.126174)
potential : -4.430119 (0.126238)
energy : -2.174626 (0.000433)

kinetic : 2.253482 (0.125961)
potential : -4.428115 (0.126025)
energy : -2.174633 (0.000433)

kinetic : 2.252430 (0.125738)
potential : -4.427062 (0.125801)
energy : -2.174632 (0.000432)

kinetic : 2.250221 (0.125530)
potential : -4.424850 (0.125593)
energy : -2.174629 (0.000431)

kinetic : 2.248163 (0.125320)
potential : -4.422794 (0.125384)
energy : -2.174632 (0.000430)

kinetic : 2.245877 (0.125116)
potential : -4.420512 (0.125179)
energy : -2.174635 (0.000430)

kinetic : 2.244507 (0.124898)
potential : -4.419126 (0.124962)
energy : -2.174619 (0.000429)

kinetic : 2.245276 (0.124677)
potential : -4.419900 (0.124740)
energy : -2.174625 (0.000428)

kinetic : 2.248754 (0.124502)
potential : -4.423379 (0.124565)
energy : -2.174625 (0.000428)

kinetic : 2.282341 (0.128738)
potential : -4.456957 (0.128797)
energy : -2.174616 (0.000427)

kinetic : 2.294561 (0.129088)
potential : -4.469167 (0.129145)
energy : -2.174606 (0.000426)

kinetic : 2.291980 (0.128884)
potential : -4.466589 (0.128941)
energy : -2.174609 (0.000426)

kinetic : 2.289933 (0.128671)
potential : -4.464539 (0.128728)
energy : -2.174606 (0.000425)

kinetic : 2.286636 (0.128485)
potential : -4.461241 (0.128542)
energy : -2.174605 (0.000424)

kinetic : 2.283631 (0.128293)
potential : -4.458222 (0.128350)
energy : -2.174591 (0.000424)

kinetic : 2.285276 (0.128077)
potential : -4.459858 (0.128133)
energy : -2.174583 (0.000423)

kinetic : 2.282231 (0.127887)
potential : -4.456813 (0.127943)
energy : -2.174582 (0.000422)

kinetic : 2.278550 (0.127714)
potential : -4.453127 (0.127771)
energy : -2.174577 (0.000422)

kinetic : 2.277716 (0.127493)
potential : -4.452312 (0.127549)
energy : -2.174596 (0.000421)

kinetic : 2.276169 (0.127278)
potential : -4.450768 (0.127334)
energy : -2.174599 (0.000420)

kinetic : 2.276271 (0.127055)
potential : -4.450857 (0.127111)
energy : -2.174587 (0.000420)

kinetic : 2.273054 (0.126873)
potential : -4.447640 (0.126930)
energy : -2.174586 (0.000419)

kinetic : 2.269718 (0.126696)
potential : -4.444301 (0.126752)
energy : -2.174583 (0.000418)

kinetic : 2.267602 (0.126493)
potential : -4.442179 (0.126549)
energy : -2.174577 (0.000418)

kinetic : 2.264150 (0.126320)
potential : -4.438722 (0.126376)
energy : -2.174572 (0.000417)

kinetic : 2.261409 (0.126130)
potential : -4.435985 (0.126186)
energy : -2.174576 (0.000416)

kinetic : 2.259642 (0.125923)
potential : -4.434208 (0.125979)
energy : -2.174566 (0.000416)

kinetic : 2.256798 (0.125738)
potential : -4.431359 (0.125793)
energy : -2.174561 (0.000415)

kinetic : 2.256267 (0.125521)
potential : -4.430810 (0.125577)
energy : -2.174543 (0.000415)

kinetic : 2.252906 (0.125350)
potential : -4.427439 (0.125406)
energy : -2.174534 (0.000414)

kinetic : 2.252705 (0.125134)
potential : -4.427238 (0.125190)
energy : -2.174533 (0.000413)

kinetic : 2.263291 (0.125367)
potential : -4.437849 (0.125424)
energy : -2.174558 (0.000413)

kinetic : 2.260480 (0.125183)
potential : -4.435042 (0.125240)
energy : -2.174562 (0.000413)

kinetic : 2.260342 (0.124968)
potential : -4.434887 (0.125026)
energy : -2.174545 (0.000412)

kinetic : 2.257251 (0.124793)
potential : -4.431766 (0.124851)
energy : -2.174516 (0.000413)

kinetic : 2.258145 (0.124583)
potential : -4.432669 (0.124641)
energy : -2.174525 (0.000412)

kinetic : 2.260405 (0.124391)
potential : -4.434928 (0.124449)
energy : -2.174524 (0.000411)

kinetic : 2.260546 (0.124179)
potential : -4.435048 (0.124237)
energy : -2.174502 (0.000411)

kinetic : 2.257713 (0.124001)
potential : -4.432205 (0.124059)
energy : -2.174492 (0.000411)

kinetic : 2.255830 (0.123805)
potential : -4.430314 (0.123863)
energy : -2.174484 (0.000410)

kinetic : 2.256825 (0.123599)
potential : -4.431324 (0.123657)
energy : -2.174499 (0.000410)

kinetic : 2.254687 (0.123409)
potential : -4.429188 (0.123467)
energy : -2.174500 (0.000409)

kinetic : 2.252158 (0.123226)
potential : -4.426657 (0.123284)
energy : -2.174498 (0.000408)

kinetic : 2.253391 (0.123025)
potential : -4.427914 (0.123083)
energy : -2.174523 (0.000408)

kinetic : 2.250702 (0.122847)
potential : -4.425230 (0.122905)
energy : -2.174528 (0.000408)

kinetic : 2.250168 (0.122642)
potential : -4.424687 (0.122700)
energy : -2.174519 (0.000407)

kinetic : 2.248263 (0.122452)
potential : -4.422780 (0.122509)
energy : -2.174517 (0.000407)

kinetic : 2.250640 (0.122270)
potential : -4.425171 (0.122327)
energy : -2.174531 (0.000406)

kinetic : 2.249602 (0.122070)
potential : -4.424136 (0.122127)
energy : -2.174534 (0.000405)

kinetic : 2.247192 (0.121890)
potential : -4.421720 (0.121948)
energy : -2.174528 (0.000405)

kinetic : 2.245733 (0.121696)
potential : -4.420253 (0.121753)
energy : -2.174520 (0.000404)

kinetic : 2.246917 (0.121499)
potential : -4.421441 (0.121557)
energy : -2.174525 (0.000404)

kinetic : 2.248674 (0.121310)
potential : -4.423198 (0.121368)
energy : -2.174524 (0.000403)

kinetic : 2.248237 (0.121110)
potential : -4.422752 (0.121167)
energy : -2.174516 (0.000402)

kinetic : 2.246721 (0.120919)
potential : -4.421235 (0.120977)
energy : -2.174514 (0.000402)

kinetic : 2.243996 (0.120750)
potential : -4.418508 (0.120808)
energy : -2.174512 (0.000401)

kinetic : 2.243182 (0.120554)
potential : -4.417704 (0.120611)
energy : -2.174522 (0.000400)

kinetic : 2.241035 (0.120375)
potential : -4.415555 (0.120432)
energy : -2.174520 (0.000400)

kinetic : 2.240265 (0.120179)
potential : -4.414790 (0.120236)
energy : -2.174525 (0.000399)

kinetic : 2.239745 (0.119983)
potential : -4.414266 (0.120040)
energy : -2.174521 (0.000399)

kinetic : 2.240852 (0.119792)
potential : -4.415395 (0.119849)
energy : -2.174543 (0.000398)

kinetic : 2.238290 (0.119623)
potential : -4.412841 (0.119680)
energy : -2.174551 (0.000398)

kinetic : 2.236325 (0.119444)
potential : -4.410871 (0.119501)
energy : -2.174546 (0.000397)

kinetic : 2.235107 (0.119256)
potential : -4.409649 (0.119312)
energy : -2.174542 (0.000397)

kinetic : 2.233990 (0.119067)
potential : -4.408530 (0.119123)
energy : -2.174540 (0.000396)

kinetic : 2.233358 (0.118875)
potential : -4.407918 (0.118931)
energy : -2.174560 (0.000396)

kinetic : 2.233630 (0.118683)
potential : -4.408170 (0.118739)
energy : -2.174540 (0.000396)

kinetic : 2.232628 (0.118495)
potential : -4.407160 (0.118551)
energy : -2.174532 (0.000395)

kinetic : 2.231979 (0.118305)
potential : -4.406516 (0.118361)
energy : -2.174537 (0.000395)

kinetic : 2.229479 (0.118140)
potential : -4.404012 (0.118196)
energy : -2.174533 (0.000394)

kinetic : 2.227415 (0.117968)
potential : -4.401953 (0.118024)
energy : -2.174537 (0.000393)

kinetic : 2.226307 (0.117783)
potential : -4.400837 (0.117839)
energy : -2.174531 (0.000393)

kinetic : 2.224964 (0.117602)
potential : -4.399499 (0.117658)
energy : -2.174534 (0.000392)

kinetic : 2.226080 (0.117419)
potential : -4.400639 (0.117474)
energy : -2.174558 (0.000392)

kinetic : 2.223670 (0.117255)
potential : -4.398210 (0.117311)
energy : -2.174541 (0.000392)

kinetic : 2.221563 (0.117087)
potential : -4.396111 (0.117143)
energy : -2.174548 (0.000391)

kinetic : 2.219566 (0.116917)
potential : -4.394121 (0.116973)
energy : -2.174555 (0.000391)

kinetic : 2.217299 (0.116753)
potential : -4.391841 (0.116808)
energy : -2.174543 (0.000390)

kinetic : 2.213818 (0.116619)
potential : -4.388362 (0.116674)
energy : -2.174544 (0.000390)

kinetic : 2.212287 (0.116444)
potential : -4.386829 (0.116499)
energy : -2.174543 (0.000389)

kinetic : 2.212053 (0.116259)
potential : -4.386595 (0.116315)
energy : -2.174542 (0.000389)

kinetic : 2.215572 (0.116128)
potential : -4.390108 (0.116184)
energy : -2.174536 (0.000388)

kinetic : 2.214584 (0.115949)
potential : -4.389118 (0.116004)
energy : -2.174534 (0.000387)

kinetic : 2.211498 (0.115807)
potential : -4.386049 (0.115862)
energy : -2.174551 (0.000387)

kinetic : 2.211014 (0.115626)
potential : -4.385566 (0.115680)
energy : -2.174552 (0.000387)

kinetic : 2.208912 (0.115463)
potential : -4.383471 (0.115517)
energy : -2.174559 (0.000386)

kinetic : 2.207599 (0.115289)
potential : -4.382144 (0.115343)
energy : -2.174545 (0.000386)

kinetic : 2.207578 (0.115108)
potential : -4.382130 (0.115162)
energy : -2.174552 (0.000385)

kinetic : 2.206072 (0.114938)
potential : -4.380616 (0.114992)
energy : -2.174544 (0.000385)

kinetic : 2.208323 (0.114780)
potential : -4.382844 (0.114834)
energy : -2.174521 (0.000385)

kinetic : 2.206728 (0.114612)
potential : -4.381245 (0.114666)
energy : -2.174518 (0.000384)

kinetic : 2.207188 (0.114434)
potential : -4.381714 (0.114488)
energy : -2.174527 (0.000384)

kinetic : 2.205551 (0.114268)
potential : -4.380073 (0.114321)
energy : -2.174522 (0.000383)

kinetic : 2.203764 (0.114104)
potential : -4.378278 (0.114158)
energy : -2.174514 (0.000382)

kinetic : 2.205290 (0.113937)
potential : -4.379809 (0.113991)
energy : -2.174519 (0.000382)

kinetic : 2.204456 (0.113764)
potential : -4.378991 (0.113817)
energy : -2.174536 (0.000382)

kinetic : 2.202044 (0.113614)
potential : -4.376575 (0.113667)
energy : -2.174531 (0.000381)

kinetic : 2.205493 (0.113491)
potential : -4.380091 (0.113546)
energy : -2.174598 (0.000386)

kinetic : 2.204759 (0.113318)
potential : -4.379356 (0.113373)
energy : -2.174597 (0.000386)

kinetic : 2.205662 (0.113147)
potential : -4.380268 (0.113202)
energy : -2.174606 (0.000385)

kinetic : 2.206869 (0.112980)
potential : -4.381491 (0.113035)
energy : -2.174622 (0.000385)

kinetic : 2.207197 (0.112807)
potential : -4.381834 (0.112862)
energy : -2.174637 (0.000385)

kinetic : 2.205019 (0.112655)
potential : -4.379651 (0.112710)
energy : -2.174632 (0.000384)

kinetic : 2.202894 (0.112502)
potential : -4.377530 (0.112558)
energy : -2.174636 (0.000384)

kinetic : 2.199948 (0.112369)
potential : -4.374581 (0.112424)
energy : -2.174633 (0.000383)

kinetic : 2.201038 (0.112203)
potential : -4.375655 (0.112258)
energy : -2.174618 (0.000383)

kinetic : 2.199130 (0.112048)
potential : -4.373748 (0.112103)
energy : -2.174618 (0.000382)

kinetic : 2.197614 (0.111888)
potential : -4.372225 (0.111943)
energy : -2.174610 (0.000382)

kinetic : 2.195421 (0.111740)
potential : -4.370026 (0.111795)
energy : -2.174605 (0.000381)

kinetic : 2.194337 (0.111576)
potential : -4.368953 (0.111630)
energy : -2.174616 (0.000381)

kinetic : 2.199684 (0.111535)
potential : -4.374385 (0.111594)
energy : -2.174701 (0.000390)

kinetic : 2.200780 (0.111372)
potential : -4.375504 (0.111430)
energy : -2.174725 (0.000390)

kinetic : 2.200003 (0.111206)
potential : -4.374731 (0.111265)
energy : -2.174728 (0.000389)

kinetic : 2.199952 (0.111039)
potential : -4.374677 (0.111097)
energy : -2.174724 (0.000389)

kinetic : 2.198346 (0.110883)
potential : -4.373074 (0.110942)
energy : -2.174728 (0.000388)

kinetic : 2.197470 (0.110720)
potential : -4.372174 (0.110779)
energy : -2.174704 (0.000388)

kinetic : 2.198116 (0.110556)
potential : -4.372806 (0.110614)
energy : -2.174690 (0.000388)

kinetic : 2.201012 (0.110428)
potential : -4.375765 (0.110488)
energy : -2.174753 (0.000392)

kinetic : 2.202833 (0.110278)
potential : -4.377606 (0.110338)
energy : -2.174773 (0.000392)

kinetic : 2.210453 (0.110377)
potential : -4.385256 (0.110439)
energy : -2.174803 (0.000393)

kinetic : 2.211644 (0.110219)
potential : -4.386473 (0.110281)
energy : -2.174829 (0.000393)

kinetic : 2.209139 (0.110083)
potential : -4.383964 (0.110145)
energy : -2.174825 (0.000393)

kinetic : 2.207818 (0.109927)
potential : -4.382622 (0.109989)
energy : -2.174804 (0.000393)

kinetic : 2.206313 (0.109774)
potential : -4.381113 (0.109836)
energy : -2.174800 (0.000392)

kinetic : 2.204647 (0.109624)
potential : -4.379444 (0.109686)
energy : -2.174796 (0.000391)

kinetic : 2.202765 (0.109478)
potential : -4.377566 (0.109540)
energy : -2.174800 (0.000391)

kinetic : 2.200344 (0.109343)
potential : -4.375144 (0.109405)
energy : -2.174800 (0.000390)

kinetic : 2.204686 (0.109268)
potential : -4.379481 (0.109330)
energy : -2.174795 (0.000390)

kinetic : 2.206059 (0.109116)
potential : -4.380862 (0.109177)
energy : -2.174804 (0.000389)

kinetic : 2.208309 (0.108978)
potential : -4.383104 (0.109040)
energy : -2.174796 (0.000389)

kinetic : 2.208941 (0.108820)
potential : -4.383743 (0.108881)
energy : -2.174802 (0.000388)

kinetic : 2.207410 (0.108671)
potential : -4.382226 (0.108732)
energy : -2.174815 (0.000388)

kinetic : 2.204525 (0.108550)
potential : -4.379307 (0.108612)
energy : -2.174782 (0.000389)

kinetic : 2.201940 (0.108422)
potential : -4.376724 (0.108484)
energy : -2.174784 (0.000388)

kinetic : 2.199617 (0.108289)
potential : -4.374397 (0.108350)
energy : -2.174780 (0.000388)

kinetic : 2.198031 (0.108142)
potential : -4.372811 (0.108204)
energy : -2.174780 (0.000387)

kinetic : 2.196372 (0.107998)
potential : -4.371171 (0.108059)
energy : -2.174799 (0.000387)

kinetic : 2.193781 (0.107872)
potential : -4.368560 (0.107933)
energy : -2.174779 (0.000387)

kinetic : 2.193013 (0.107718)
potential : -4.367808 (0.107779)
energy : -2.174795 (0.000387)

kinetic : 2.194425 (0.107571)
potential : -4.369219 (0.107632)
energy : -2.174794 (0.000386)

kinetic : 2.197589 (0.107462)
potential : -4.372383 (0.107523)
energy : -2.174794 (0.000386)

kinetic : 2.200925 (0.107358)
potential : -4.375712 (0.107419)
energy : -2.174787 (0.000385)

kinetic : 2.202151 (0.107210)
potential : -4.376936 (0.107271)
energy : -2.174785 (0.000385)

kinetic : 2.202300 (0.107055)
potential : -4.377101 (0.107116)
energy : -2.174801 (0.000384)

kinetic : 2.201147 (0.106908)
potential : -4.375954 (0.106968)
energy : -2.174806 (0.000384)

kinetic : 2.200292 (0.106757)
potential : -4.375095 (0.106818)
energy : -2.174803 (0.000383)

kinetic : 2.201691 (0.106613)
potential : -4.376485 (0.106673)
energy : -2.174794 (0.000383)

kinetic : 2.200663 (0.106465)
potential : -4.375449 (0.106525)
energy : -2.174787 (0.000382)

kinetic : 2.203342 (0.106347)
potential : -4.378136 (0.106407)
energy : -2.174794 (0.000382)

kinetic : 2.204188 (0.106198)
potential : -4.378982 (0.106258)
energy : -2.174793 (0.000381)

kinetic : 2.201851 (0.106072)
potential : -4.376639 (0.106132)
energy : -2.174787 (0.000381)

kinetic : 2.199211 (0.105954)
potential : -4.374002 (0.106014)
energy : -2.174791 (0.000380)

kinetic : 2.197963 (0.105810)
potential : -4.372754 (0.105870)
energy : -2.174791 (0.000380)

kinetic : 2.196013 (0.105678)
potential : -4.370807 (0.105738)
energy : -2.174794 (0.000379)

kinetic : 2.195080 (0.105532)
potential : -4.369870 (0.105592)
energy : -2.174790 (0.000379)

kinetic : 2.196527 (0.105392)
potential : -4.371323 (0.105452)
energy : -2.174796 (0.000378)

kinetic : 2.198063 (0.105254)
potential : -4.372858 (0.105314)
energy : -2.174795 (0.000378)

kinetic : 2.196785 (0.105113)
potential : -4.371582 (0.105173)
energy : -2.174797 (0.000377)

kinetic : 2.199036 (0.104989)
potential : -4.373845 (0.105049)
energy : -2.174809 (0.000377)

kinetic : 2.198551 (0.104842)
potential : -4.373360 (0.104902)
energy : -2.174809 (0.000376)

kinetic : 2.199236 (0.104697)
potential : -4.374044 (0.104756)
energy : -2.174808 (0.000376)

kinetic : 2.197826 (0.104559)
potential : -4.372629 (0.104619)
energy : -2.174804 (0.000375)

kinetic : 2.196981 (0.104416)
potential : -4.371788 (0.104475)
energy : -2.174807 (0.000375)

kinetic : 2.195186 (0.104285)
potential : -4.369998 (0.104344)
energy : -2.174812 (0.000374)

kinetic : 2.196669 (0.104150)
potential : -4.371462 (0.104208)
energy : -2.174793 (0.000374)

kinetic : 2.197504 (0.104008)
potential : -4.372297 (0.104066)
energy : -2.174793 (0.000374)

kinetic : 2.210301 (0.104648)
potential : -4.385091 (0.104706)
energy : -2.174791 (0.000373)

kinetic : 2.208601 (0.104516)
potential : -4.383388 (0.104573)
energy : -2.174787 (0.000373)

kinetic : 2.208431 (0.104370)
potential : -4.383209 (0.104428)
energy : -2.174779 (0.000372)

kinetic : 2.206316 (0.104247)
potential : -4.381092 (0.104304)
energy : -2.174776 (0.000372)

kinetic : 2.204080 (0.104126)
potential : -4.378855 (0.104184)
energy : -2.174775 (0.000371)

kinetic : 2.203097 (0.103986)
potential : -4.377882 (0.104044)
energy : -2.174785 (0.000371)

kinetic : 2.201787 (0.103851)
potential : -4.376571 (0.103908)
energy : -2.174784 (0.000370)

kinetic : 2.200405 (0.103716)
potential : -4.375196 (0.103774)
energy : -2.174791 (0.000370)

kinetic : 2.198464 (0.103591)
potential : -4.373247 (0.103649)
energy : -2.174783 (0.000370)

kinetic : 2.197201 (0.103456)
potential : -4.371988 (0.103513)
energy : -2.174788 (0.000369)

kinetic : 2.196598 (0.103316)
potential : -4.371383 (0.103373)
energy : -2.174786 (0.000369)

kinetic : 2.196939 (0.103174)
potential : -4.371735 (0.103231)
energy : -2.174796 (0.000368)

kinetic : 2.197636 (0.103035)
potential : -4.372437 (0.103092)
energy : -2.174801 (0.000368)

kinetic : 2.197752 (0.102894)
potential : -4.372563 (0.102951)
energy : -2.174811 (0.000367)

kinetic : 2.195642 (0.102775)
potential : -4.370446 (0.102832)
energy : -2.174805 (0.000367)

kinetic : 2.196426 (0.102637)
potential : -4.371215 (0.102694)
energy : -2.174789 (0.000367)

kinetic : 2.195441 (0.102502)
potential : -4.370243 (0.102558)
energy : -2.174802 (0.000366)

kinetic : 2.195762 (0.102363)
potential : -4.370562 (0.102419)
energy : -2.174799 (0.000366)

kinetic : 2.193561 (0.102247)
potential : -4.368362 (0.102303)
energy : -2.174801 (0.000365)

kinetic : 2.194511 (0.102112)
potential : -4.369291 (0.102168)
energy : -2.174779 (0.000366)

kinetic : 2.194891 (0.101974)
potential : -4.369653 (0.102030)
energy : -2.174763 (0.000365)

kinetic : 2.196931 (0.101857)
potential : -4.371733 (0.101913)
energy : -2.174802 (0.000367)

kinetic : 2.196430 (0.101720)
potential : -4.371252 (0.101776)
energy : -2.174822 (0.000367)

kinetic : 2.194484 (0.101601)
potential : -4.369304 (0.101657)
energy : -2.174819 (0.000367)

kinetic : 2.191798 (0.101499)
potential : -4.366627 (0.101555)
energy : -2.174829 (0.000366)

kinetic : 2.189799 (0.101382)
potential : -4.364624 (0.101438)
energy : -2.174825 (0.000366)

kinetic : 2.188635 (0.101252)
potential : -4.363453 (0.101308)
energy : -2.174818 (0.000365)

kinetic : 2.190732 (0.101138)
potential : -4.365554 (0.101194)
energy : -2.174822 (0.000365)

kinetic : 2.189512 (0.101009)
potential : -4.364336 (0.101065)
energy : -2.174825 (0.000364)

kinetic : 2.187756 (0.100889)
potential : -4.362578 (0.100945)
energy : -2.174822 (0.000364)

kinetic : 2.186786 (0.100759)
potential : -4.361613 (0.100814)
energy : -2.174827 (0.000364)

kinetic : 2.186347 (0.100625)
potential : -4.361180 (0.100680)
energy : -2.174833 (0.000363)

kinetic : 2.186289 (0.100490)
potential : -4.361119 (0.100546)
energy : -2.174830 (0.000363)

kinetic : 2.184295 (0.100376)
potential : -4.359113 (0.100432)
energy : -2.174818 (0.000362)

kinetic : 2.182433 (0.100260)
potential : -4.357248 (0.100315)
energy : -2.174815 (0.000362)

kinetic : 2.180410 (0.100147)
potential : -4.355233 (0.100202)
energy : -2.174823 (0.000361)

kinetic : 2.178571 (0.100030)
potential : -4.353392 (0.100086)
energy : -2.174821 (0.000361)

kinetic : 2.175965 (0.099932)
potential : -4.350791 (0.099987)
energy : -2.174827 (0.000361)

kinetic : 2.176787 (0.099803)
potential : -4.351622 (0.099858)
energy : -2.174835 (0.000360)

kinetic : 2.176977 (0.099671)
potential : -4.351824 (0.099726)
energy : -2.174847 (0.000360)

kinetic : 2.175485 (0.099550)
potential : -4.350334 (0.099605)
energy : -2.174849 (0.000359)

kinetic : 2.173136 (0.099446)
potential : -4.347980 (0.099502)
energy : -2.174844 (0.000359)

kinetic : 2.171583 (0.099328)
potential : -4.346426 (0.099382)
energy : -2.174843 (0.000359)

kinetic : 2.168997 (0.099230)
potential : -4.343837 (0.099285)
energy : -2.174840 (0.000358)

kinetic : 2.167403 (0.099113)
potential : -4.342238 (0.099168)
energy : -2.174835 (0.000358)

kinetic : 2.165015 (0.099011)
potential : -4.339853 (0.099066)
energy : -2.174838 (0.000357)

kinetic : 2.162615 (0.098911)
potential : -4.337448 (0.098966)
energy : -2.174833 (0.000357)

kinetic : 2.162242 (0.098782)
potential : -4.337069 (0.098837)
energy : -2.174827 (0.000356)

kinetic : 2.160328 (0.098671)
potential : -4.335154 (0.098726)
energy : -2.174826 (0.000356)

kinetic : 2.157969 (0.098571)
potential : -4.332795 (0.098625)
energy : -2.174826 (0.000355)

kinetic : 2.157313 (0.098444)
potential : -4.332139 (0.098499)
energy : -2.174827 (0.000355)

kinetic : 2.156196 (0.098322)
potential : -4.331031 (0.098377)
energy : -2.174834 (0.000355)

kinetic : 2.154467 (0.098210)
potential : -4.329298 (0.098264)
energy : -2.174831 (0.000354)

kinetic : 2.160552 (0.098270)
potential : -4.335391 (0.098325)
energy : -2.174838 (0.000354)

kinetic : 2.172463 (0.098863)
potential : -4.347320 (0.098919)
energy : -2.174858 (0.000354)

kinetic : 2.176109 (0.098802)
potential : -4.350993 (0.098860)
energy : -2.174884 (0.000354)

kinetic : 2.174388 (0.098689)
potential : -4.349267 (0.098747)
energy : -2.174879 (0.000354)

kinetic : 2.172269 (0.098584)
potential : -4.347147 (0.098642)
energy : -2.174878 (0.000353)

kinetic : 2.171887 (0.098458)
potential : -4.346756 (0.098515)
energy : -2.174870 (0.000353)

kinetic : 2.170730 (0.098338)
potential : -4.345590 (0.098395)
energy : -2.174861 (0.000353)

kinetic : 2.169741 (0.098216)
potential : -4.344605 (0.098273)
energy : -2.174864 (0.000352)

kinetic : 2.167357 (0.098119)
potential : -4.342214 (0.098176)
energy : -2.174857 (0.000352)

kinetic : 2.168893 (0.098005)
potential : -4.343759 (0.098062)
energy : -2.174865 (0.000352)

kinetic : 2.167638 (0.097887)
potential : -4.342496 (0.097944)
energy : -2.174859 (0.000351)

kinetic : 2.167244 (0.097762)
potential : -4.342096 (0.097820)
energy : -2.174852 (0.000351)

kinetic : 2.167940 (0.097640)
potential : -4.342778 (0.097697)
energy : -2.174838 (0.000351)

kinetic : 2.167055 (0.097519)
potential : -4.341893 (0.097576)
energy : -2.174838 (0.000350)

kinetic : 2.168597 (0.097407)
potential : -4.343431 (0.097464)
energy : -2.174834 (0.000350)

kinetic : 2.167313 (0.097291)
potential : -4.342141 (0.097348)
energy : -2.174828 (0.000349)

kinetic : 2.166227 (0.097173)
potential : -4.341062 (0.097230)
energy : -2.174835 (0.000349)

kinetic : 2.164879 (0.097059)
potential : -4.339721 (0.097116)
energy : -2.174842 (0.000349)

kinetic : 2.163203 (0.096950)
potential : -4.338049 (0.097007)
energy : -2.174846 (0.000348)

kinetic : 2.160846 (0.096856)
potential : -4.335687 (0.096913)
energy : -2.174841 (0.000348)

kinetic : 2.159597 (0.096741)
potential : -4.334438 (0.096798)
energy : -2.174841 (0.000347)

kinetic : 2.162703 (0.096669)
potential : -4.337518 (0.096724)
energy : -2.174815 (0.000348)

kinetic : 2.166068 (0.096605)
potential : -4.340855 (0.096660)
energy : -2.174787 (0.000349)

kinetic : 2.167186 (0.096490)
potential : -4.341967 (0.096544)
energy : -2.174781 (0.000348)

kinetic : 2.165203 (0.096389)
potential : -4.339990 (0.096443)
energy : -2.174786 (0.000348)

kinetic : 2.163020 (0.096292)
potential : -4.337810 (0.096346)
energy : -2.174790 (0.000347)

kinetic : 2.163710 (0.096174)
potential : -4.338515 (0.096228)
energy : -2.174805 (0.000347)

kinetic : 2.164036 (0.096054)
potential : -4.338857 (0.096107)
energy : -2.174820 (0.000347)

kinetic : 2.163922 (0.095933)
potential : -4.338743 (0.095987)
energy : -2.174821 (0.000347)

kinetic : 2.162299 (0.095827)
potential : -4.337115 (0.095881)
energy : -2.174816 (0.000346)

kinetic : 2.162524 (0.095707)
potential : -4.337346 (0.095761)
energy : -2.174822 (0.000346)

kinetic : 2.165098 (0.095622)
potential : -4.339919 (0.095676)
energy : -2.174821 (0.000345)

kinetic : 2.165638 (0.095504)
potential : -4.340472 (0.095558)
energy : -2.174834 (0.000345)

kinetic : 2.168074 (0.095417)
potential : -4.342908 (0.095470)
energy : -2.174834 (0.000345)

kinetic : 2.174557 (0.095518)
potential : -4.349389 (0.095571)
energy : -2.174832 (0.000344)

kinetic : 2.173166 (0.095409)
potential : -4.348001 (0.095463)
energy : -2.174835 (0.000344)

kinetic : 2.172018 (0.095298)
potential : -4.346840 (0.095351)
energy : -2.174822 (0.000344)

kinetic : 2.174586 (0.095214)
potential : -4.349399 (0.095267)
energy : -2.174814 (0.000344)

kinetic : 2.173035 (0.095109)
potential : -4.347849 (0.095162)
energy : -2.174815 (0.000343)

kinetic : 2.171735 (0.095000)
potential : -4.346551 (0.095053)
energy : -2.174816 (0.000343)

kinetic : 2.171827 (0.094883)
potential : -4.346654 (0.094936)
energy : -2.174828 (0.000342)

kinetic : 2.176252 (0.094869)
potential : -4.351084 (0.094922)
energy : -2.174832 (0.000342)

kinetic : 2.174461 (0.094769)
potential : -4.349294 (0.094822)
energy : -2.174833 (0.000342)

kinetic : 2.173832 (0.094655)
potential : -4.348642 (0.094708)
energy : -2.174810 (0.000342)

kinetic : 2.173644 (0.094539)
potential : -4.348453 (0.094591)
energy : -2.174809 (0.000342)

kinetic : 2.172240 (0.094433)
potential : -4.347035 (0.094486)
energy : -2.174795 (0.000341)

kinetic : 2.176233 (0.094402)
potential : -4.351029 (0.094454)
energy : -2.174796 (0.000341)

kinetic : 2.181520 (0.094434)
potential : -4.356315 (0.094487)
energy : -2.174795 (0.000341)

kinetic : 2.181272 (0.094319)
potential : -4.356075 (0.094371)
energy : -2.174803 (0.000340)

kinetic : 2.179822 (0.094215)
potential : -4.354622 (0.094267)
energy : -2.174800 (0.000340)

kinetic : 2.179297 (0.094101)
potential : -4.354096 (0.094154)
energy : -2.174798 (0.000339)

kinetic : 2.177667 (0.094001)
potential : -4.352466 (0.094053)
energy : -2.174799 (0.000339)

kinetic : 2.176341 (0.093896)
potential : -4.351136 (0.093948)
energy : -2.174794 (0.000339)

kinetic : 2.177125 (0.093785)
potential : -4.351931 (0.093837)
energy : -2.174806 (0.000338)

kinetic : 2.175314 (0.093688)
potential : -4.350128 (0.093741)
energy : -2.174814 (0.000338)

kinetic : 2.174442 (0.093579)
potential : -4.349241 (0.093631)
energy : -2.174799 (0.000338)

kinetic : 2.172368 (0.093489)
potential : -4.347171 (0.093541)
energy : -2.174803 (0.000338)

kinetic : 2.170156 (0.093402)
potential : -4.344950 (0.093454)
energy : -2.174794 (0.000337)

kinetic : 2.169217 (0.093293)
potential : -4.344005 (0.093346)
energy : -2.174788 (0.000337)

kinetic : 2.168230 (0.093186)
potential : -4.343015 (0.093238)
energy : -2.174785 (0.000337)

kinetic : 2.168299 (0.093074)
potential : -4.343085 (0.093126)
energy : -2.174786 (0.000336)

kinetic : 2.166093 (0.092988)
potential : -4.340880 (0.093040)
energy : -2.174787 (0.000336)

kinetic : 2.164896 (0.092884)
potential : -4.339681 (0.092936)
energy : -2.174784 (0.000335)

kinetic : 2.168822 (0.092855)
potential : -4.343598 (0.092907)
energy : -2.174776 (0.000335)

kinetic : 2.175290 (0.092969)
potential : -4.350039 (0.093019)
energy : -2.174750 (0.000336)

kinetic : 2.175881 (0.092860)
potential : -4.350643 (0.092909)
energy : -2.174763 (0.000336)

kinetic : 2.174626 (0.092757)
potential : -4.349392 (0.092806)
energy : -2.174767 (0.000335)

kinetic : 2.172536 (0.092670)
potential : -4.347301 (0.092719)
energy : -2.174765 (0.000335)

kinetic : 2.173417 (0.092563)
potential : -4.348170 (0.092612)
energy : -2.174753 (0.000335)

kinetic : 2.178588 (0.092597)
potential : -4.353375 (0.092648)
energy : -2.174787 (0.000336)

kinetic : 2.180230 (0.092501)
potential : -4.355005 (0.092552)
energy : -2.174775 (0.000336)

kinetic : 2.178948 (0.092400)
potential : -4.353722 (0.092451)
energy : -2.174774 (0.000335)

kinetic : 2.177910 (0.092296)
potential : -4.352675 (0.092347)
energy : -2.174766 (0.000335)

kinetic : 2.176037 (0.092206)
potential : -4.350798 (0.092256)
energy : -2.174761 (0.000335)

kinetic : 2.174102 (0.092117)
potential : -4.348859 (0.092167)
energy : -2.174757 (0.000334)

kinetic : 2.173460 (0.092010)
potential : -4.348219 (0.092061)
energy : -2.174758 (0.000334)

kinetic : 2.174330 (0.091905)
potential : -4.349093 (0.091956)
energy : -2.174762 (0.000334)

kinetic : 2.172079 (0.091824)
potential : -4.346839 (0.091875)
energy : -2.174760 (0.000333)

kinetic : 2.171174 (0.091720)
potential : -4.345938 (0.091771)
energy : -2.174764 (0.000333)

kinetic : 2.172004 (0.091616)
potential : -4.346770 (0.091666)
energy : -2.174766 (0.000332)

kinetic : 2.170696 (0.091518)
potential : -4.345461 (0.091568)
energy : -2.174765 (0.000332)

kinetic : 2.169313 (0.091420)
potential : -4.344073 (0.091471)
energy : -2.174761 (0.000332)

kinetic : 2.169478 (0.091313)
potential : -4.344253 (0.091364)
energy : -2.174775 (0.000332)

kinetic : 2.167530 (0.091227)
potential : -4.342297 (0.091277)
energy : -2.174767 (0.000331)

kinetic : 2.167163 (0.091121)
potential : -4.341927 (0.091171)
energy : -2.174765 (0.000331)

kinetic : 2.166234 (0.091019)
potential : -4.340990 (0.091069)
energy : -2.174756 (0.000331)

kinetic : 2.170943 (0.091034)
potential : -4.345674 (0.091083)
energy : -2.174731 (0.000331)

kinetic : 2.170347 (0.090930)
potential : -4.345083 (0.090979)
energy : -2.174735 (0.000331)

kinetic : 2.171995 (0.090839)
potential : -4.346751 (0.090888)
energy : -2.174755 (0.000331)

kinetic : 2.171424 (0.090735)
potential : -4.346181 (0.090784)
energy : -2.174756 (0.000331)

kinetic : 2.169712 (0.090645)
potential : -4.344469 (0.090695)
energy : -2.174757 (0.000330)

kinetic : 2.172423 (0.090581)
potential : -4.347253 (0.090632)
energy : -2.174830 (0.000338)

kinetic : 2.171431 (0.090481)
potential : -4.346257 (0.090532)
energy : -2.174826 (0.000338)

kinetic : 2.172045 (0.090378)
potential : -4.346872 (0.090429)
energy : -2.174827 (0.000337)

kinetic : 2.177386 (0.090431)
potential : -4.352191 (0.090481)
energy : -2.174805 (0.000337)

kinetic : 2.181572 (0.090424)
potential : -4.356357 (0.090472)
energy : -2.174785 (0.000338)

kinetic : 2.179511 (0.090343)
potential : -4.354283 (0.090392)
energy : -2.174772 (0.000338)

kinetic : 2.177068 (0.090272)
potential : -4.351838 (0.090320)
energy : -2.174769 (0.000337)

kinetic : 2.177376 (0.090168)
potential : -4.352154 (0.090217)
energy : -2.174778 (0.000337)

kinetic : 2.175776 (0.090078)
potential : -4.350552 (0.090127)
energy : -2.174776 (0.000337)

kinetic : 2.174790 (0.089980)
potential : -4.349577 (0.090029)
energy : -2.174787 (0.000336)

kinetic : 2.172614 (0.089903)
potential : -4.347401 (0.089952)
energy : -2.174788 (0.000336)

kinetic : 2.171286 (0.089810)
potential : -4.346072 (0.089858)
energy : -2.174787 (0.000336)

kinetic : 2.169438 (0.089726)
potential : -4.344222 (0.089774)
energy : -2.174784 (0.000335)

kinetic : 2.167915 (0.089636)
potential : -4.342700 (0.089685)
energy : -2.174784 (0.000335)

kinetic : 2.166350 (0.089547)
potential : -4.341133 (0.089596)
energy : -2.174782 (0.000334)

kinetic : 2.168173 (0.089464)
potential : -4.342958 (0.089512)
energy : -2.174784 (0.000334)

kinetic : 2.171302 (0.089416)
potential : -4.346081 (0.089464)
energy : -2.174778 (0.000334)

kinetic : 2.171176 (0.089314)
potential : -4.345951 (0.089363)
energy : -2.174774 (0.000333)

kinetic : 2.172188 (0.089219)
potential : -4.346955 (0.089266)
energy : -2.174767 (0.000333)

kinetic : 2.170670 (0.089130)
potential : -4.345436 (0.089178)
energy : -2.174766 (0.000333)

kinetic : 2.170399 (0.089029)
potential : -4.345162 (0.089077)
energy : -2.174762 (0.000332)

kinetic : 2.168950 (0.088940)
potential : -4.343705 (0.088988)
energy : -2.174755 (0.000332)

kinetic : 2.168260 (0.088842)
potential : -4.343017 (0.088890)
energy : -2.174757 (0.000332)

kinetic : 2.168759 (0.088743)
potential : -4.343498 (0.088790)
energy : -2.174739 (0.000332)

kinetic : 2.168506 (0.088643)
potential : -4.343241 (0.088690)
energy : -2.174734 (0.000331)

kinetic : 2.168439 (0.088543)
potential : -4.343164 (0.088590)
energy : -2.174725 (0.000331)

kinetic : 2.168536 (0.088443)
potential : -4.343258 (0.088490)
energy : -2.174721 (0.000331)

kinetic : 2.166555 (0.088365)
potential : -4.341276 (0.088413)
energy : -2.174721 (0.000330)

kinetic : 2.164420 (0.088292)
potential : -4.339143 (0.088339)
energy : -2.174724 (0.000330)

kinetic : 2.163313 (0.088200)
potential : -4.338046 (0.088247)
energy : -2.174733 (0.000330)

kinetic : 2.161758 (0.088114)
potential : -4.336491 (0.088161)
energy : -2.174733 (0.000329)

kinetic : 2.160842 (0.088020)
potential : -4.335569 (0.088067)
energy : -2.174727 (0.000329)

kinetic : 2.159336 (0.087934)
potential : -4.334065 (0.087981)
energy : -2.174729 (0.000329)

kinetic : 2.158693 (0.087838)
potential : -4.333416 (0.087885)
energy : -2.174723 (0.000328)

kinetic : 2.160222 (0.087753)
potential : -4.334923 (0.087800)
energy : -2.174702 (0.000329)

kinetic : 2.162199 (0.087678)
potential : -4.336884 (0.087724)
energy : -2.174685 (0.000329)

kinetic : 2.160957 (0.087589)
potential : -4.335639 (0.087635)
energy : -2.174682 (0.000328)

kinetic : 2.162603 (0.087507)
potential : -4.337281 (0.087553)
energy : -2.174677 (0.000328)

kinetic : 2.161819 (0.087413)
potential : -4.336502 (0.087459)
energy : -2.174683 (0.000328)

kinetic : 2.161604 (0.087316)
potential : -4.336277 (0.087362)
energy : -2.174673 (0.000328)

kinetic : 2.160025 (0.087233)
potential : -4.334696 (0.087279)
energy : -2.174671 (0.000327)

kinetic : 2.158595 (0.087148)
potential : -4.333257 (0.087194)
energy : -2.174662 (0.000327)

kinetic : 2.158181 (0.087053)
potential : -4.332835 (0.087098)
energy : -2.174654 (0.000327)

kinetic : 2.157469 (0.086959)
potential : -4.332125 (0.087005)
energy : -2.174655 (0.000326)

kinetic : 2.156443 (0.086869)
potential : -4.331103 (0.086915)
energy : -2.174660 (0.000326)

kinetic : 2.154942 (0.086786)
potential : -4.329594 (0.086832)
energy : -2.174652 (0.000326)

kinetic : 2.153496 (0.086702)
potential : -4.328154 (0.086748)
energy : -2.174658 (0.000325)

kinetic : 2.152064 (0.086619)
potential : -4.326719 (0.086664)
energy : -2.174655 (0.000325)

kinetic : 2.150488 (0.086538)
potential : -4.325138 (0.086583)
energy : -2.174650 (0.000325)

kinetic : 2.149157 (0.086453)
potential : -4.323802 (0.086499)
energy : -2.174646 (0.000324)

kinetic : 2.150634 (0.086371)
potential : -4.325284 (0.086416)
energy : -2.174650 (0.000324)

kinetic : 2.149178 (0.086288)
potential : -4.323821 (0.086334)
energy : -2.174642 (0.000324)

kinetic : 2.148169 (0.086199)
potential : -4.322810 (0.086245)
energy : -2.174641 (0.000323)

kinetic : 2.146431 (0.086123)
potential : -4.321067 (0.086168)
energy : -2.174636 (0.000323)

kinetic : 2.145642 (0.086032)
potential : -4.320275 (0.086078)
energy : -2.174633 (0.000323)

kinetic : 2.146188 (0.085940)
potential : -4.320823 (0.085985)
energy : -2.174636 (0.000322)

kinetic : 2.145755 (0.085847)
potential : -4.320384 (0.085893)
energy : -2.174630 (0.000322)

kinetic : 2.145097 (0.085756)
potential : -4.319724 (0.085802)
energy : -2.174627 (0.000322)

kinetic : 2.143552 (0.085677)
potential : -4.318175 (0.085722)
energy : -2.174623 (0.000322)

kinetic : 2.142086 (0.085596)
potential : -4.316704 (0.085642)
energy : -2.174618 (0.000321)

kinetic : 2.141124 (0.085508)
potential : -4.315744 (0.085554)
energy : -2.174621 (0.000321)

kinetic : 2.140572 (0.085417)
potential : -4.315183 (0.085463)
energy : -2.174611 (0.000321)

kinetic : 2.138711 (0.085345)
potential : -4.313322 (0.085391)
energy : -2.174611 (0.000320)

kinetic : 2.137213 (0.085266)
potential : -4.311827 (0.085311)
energy : -2.174613 (0.000320)

kinetic : 2.135277 (0.085196)
potential : -4.309886 (0.085241)
energy : -2.174609 (0.000320)

kinetic : 2.133865 (0.085115)
potential : -4.308471 (0.085161)
energy : -2.174606 (0.000319)

kinetic : 2.133072 (0.085027)
potential : -4.307675 (0.085073)
energy : -2.174602 (0.000319)

kinetic : 2.131002 (0.084961)
potential : -4.305602 (0.085006)
energy : -2.174600 (0.000319)

kinetic : 2.130997 (0.084869)
potential : -4.305602 (0.084915)
energy : -2.174605 (0.000318)

kinetic : 2.131347 (0.084779)
potential : -4.305964 (0.084824)
energy : -2.174617 (0.000318)

kinetic : 2.129754 (0.084702)
potential : -4.304374 (0.084748)
energy : -2.174620 (0.000318)

kinetic : 2.131205 (0.084624)
potential : -4.305844 (0.084670)
energy : -2.174639 (0.000318)

kinetic : 2.131836 (0.084536)
potential : -4.306449 (0.084581)
energy : -2.174614 (0.000319)

kinetic : 2.131484 (0.084446)
potential : -4.306094 (0.084491)
energy : -2.174610 (0.000319)

kinetic : 2.130006 (0.084368)
potential : -4.304606 (0.084414)
energy : -2.174600 (0.000318)

kinetic : 2.129579 (0.084279)
potential : -4.304173 (0.084325)
energy : -2.174594 (0.000318)

kinetic : 2.127831 (0.084207)
potential : -4.302428 (0.084253)
energy : -2.174597 (0.000318)

kinetic : 2.125965 (0.084138)
potential : -4.300560 (0.084184)
energy : -2.174594 (0.000317)

kinetic : 2.124836 (0.084056)
potential : -4.299426 (0.084101)
energy : -2.174590 (0.000317)

kinetic : 2.125082 (0.083967)
potential : -4.299678 (0.084012)
energy : -2.174596 (0.000317)

kinetic : 2.123530 (0.083892)
potential : -4.298118 (0.083938)
energy : -2.174588 (0.000317)

kinetic : 2.121828 (0.083820)
potential : -4.296391 (0.083866)
energy : -2.174563 (0.000317)

kinetic : 2.120380 (0.083744)
potential : -4.294946 (0.083790)
energy : -2.174566 (0.000317)

kinetic : 2.119871 (0.083657)
potential : -4.294430 (0.083702)
energy : -2.174558 (0.000317)

kinetic : 2.120721 (0.083572)
potential : -4.295295 (0.083618)
energy : -2.174574 (0.000317)

kinetic : 2.120678 (0.083484)
potential : -4.295253 (0.083530)
energy : -2.174576 (0.000316)

kinetic : 2.119761 (0.083401)
potential : -4.294343 (0.083447)
energy : -2.174582 (0.000316)

kinetic : 2.122148 (0.083347)
potential : -4.296702 (0.083392)
energy : -2.174554 (0.000317)

kinetic : 2.122430 (0.083260)
potential : -4.296970 (0.083304)
energy : -2.174539 (0.000317)

kinetic : 2.121487 (0.083177)
potential : -4.296021 (0.083222)
energy : -2.174534 (0.000317)

kinetic : 2.122374 (0.083095)
potential : -4.296928 (0.083139)
energy : -2.174553 (0.000317)

kinetic : 2.121707 (0.083010)
potential : -4.296266 (0.083055)
energy : -2.174559 (0.000317)

kinetic : 2.123138 (0.082935)
potential : -4.297695 (0.082980)
energy : -2.174557 (0.000316)

kinetic : 2.128208 (0.083003)
potential : -4.302771 (0.083048)
energy : -2.174563 (0.000316)

kinetic : 2.126402 (0.082936)
potential : -4.300959 (0.082981)
energy : -2.174557 (0.000316)

kinetic : 2.127500 (0.082856)
potential : -4.302082 (0.082902)
energy : -2.174582 (0.000316)

kinetic : 2.127420 (0.082770)
potential : -4.301992 (0.082815)
energy : -2.174571 (0.000316)

kinetic : 2.127098 (0.082684)
potential : -4.301665 (0.082729)
energy : -2.174567 (0.000316)

kinetic : 2.128343 (0.082607)
potential : -4.302890 (0.082652)
energy : -2.174547 (0.000316)

kinetic : 2.127850 (0.082522)
potential : -4.302391 (0.082567)
energy : -2.174541 (0.000316)

kinetic : 2.126669 (0.082445)
potential : -4.301209 (0.082490)
energy : -2.174540 (0.000316)

kinetic : 2.129416 (0.082405)
potential : -4.303981 (0.082451)
energy : -2.174565 (0.000316)

kinetic : 2.128783 (0.082322)
potential : -4.303349 (0.082367)
energy : -2.174566 (0.000316)

kinetic : 2.130351 (0.082251)
potential : -4.304917 (0.082297)
energy : -2.174567 (0.000316)

kinetic : 2.130674 (0.082167)
potential : -4.305226 (0.082212)
energy : -2.174552 (0.000316)

kinetic : 2.132582 (0.082104)
potential : -4.307155 (0.082150)
energy : -2.174574 (0.000316)

kinetic : 2.133470 (0.082024)
potential : -4.308051 (0.082069)
energy : -2.174581 (0.000316)

kinetic : 2.131984 (0.081952)
potential : -4.306575 (0.081998)
energy : -2.174591 (0.000316)

kinetic : 2.134383 (0.081903)
potential : -4.308998 (0.081949)
energy : -2.174614 (0.000316)

kinetic : 2.133261 (0.081826)
potential : -4.307883 (0.081872)
energy : -2.174622 (0.000316)

kinetic : 2.136147 (0.081793)
potential : -4.310763 (0.081838)
energy : -2.174616 (0.000316)

kinetic : 2.134992 (0.081717)
potential : -4.309612 (0.081762)
energy : -2.174620 (0.000315)

kinetic : 2.134662 (0.081633)
potential : -4.309278 (0.081679)
energy : -2.174616 (0.000315)

kinetic : 2.134336 (0.081550)
potential : -4.308947 (0.081596)
energy : -2.174611 (0.000315)

kinetic : 2.133922 (0.081467)
potential : -4.308538 (0.081513)
energy : -2.174617 (0.000315)

kinetic : 2.132789 (0.081392)
potential : -4.307422 (0.081437)
energy : -2.174633 (0.000315)

kinetic : 2.131843 (0.081314)
potential : -4.306473 (0.081359)
energy : -2.174630 (0.000314)

kinetic : 2.131414 (0.081232)
potential : -4.306033 (0.081277)
energy : -2.174619 (0.000314)

kinetic : 2.131898 (0.081150)
potential : -4.306512 (0.081196)
energy : -2.174614 (0.000314)

kinetic : 2.131553 (0.081068)
potential : -4.306159 (0.081113)
energy : -2.174606 (0.000314)

kinetic : 2.129725 (0.081006)
potential : -4.304328 (0.081051)
energy : -2.174603 (0.000313)

kinetic : 2.129543 (0.080924)
potential : -4.304159 (0.080969)
energy : -2.174615 (0.000313)

kinetic : 2.130920 (0.080853)
potential : -4.305521 (0.080898)
energy : -2.174602 (0.000313)

kinetic : 2.134346 (0.080844)
potential : -4.308971 (0.080889)
energy : -2.174625 (0.000314)

kinetic : 2.135604 (0.080771)
potential : -4.310246 (0.080817)
energy : -2.174642 (0.000314)

kinetic : 2.135332 (0.080690)
potential : -4.309970 (0.080736)
energy : -2.174638 (0.000314)

kinetic : 2.136700 (0.080620)
potential : -4.311338 (0.080666)
energy : -2.174639 (0.000313)

kinetic : 2.135318 (0.080550)
potential : -4.309955 (0.080596)
energy : -2.174637 (0.000313)

kinetic : 2.134040 (0.080478)
potential : -4.308677 (0.080524)
energy : -2.174638 (0.000313)

kinetic : 2.132981 (0.080404)
potential : -4.307619 (0.080450)
energy : -2.174638 (0.000313)

kinetic : 2.132705 (0.080323)
potential : -4.307367 (0.080369)
energy : -2.174663 (0.000313)

kinetic : 2.134730 (0.080268)
potential : -4.309389 (0.080313)
energy : -2.174658 (0.000313)

kinetic : 2.135888 (0.080195)
potential : -4.310530 (0.080241)
energy : -2.174642 (0.000313)

kinetic : 2.135555 (0.080115)
potential : -4.310192 (0.080161)
energy : -2.174636 (0.000313)

kinetic : 2.134170 (0.080047)
potential : -4.308811 (0.080092)
energy : -2.174641 (0.000312)

kinetic : 2.132412 (0.079986)
potential : -4.307054 (0.080031)
energy : -2.174641 (0.000312)

kinetic : 2.132753 (0.079906)
potential : -4.307384 (0.079951)
energy : -2.174631 (0.000312)

kinetic : 2.131561 (0.079835)
potential : -4.306205 (0.079880)
energy : -2.174644 (0.000312)

kinetic : 2.131139 (0.079756)
potential : -4.305786 (0.079801)
energy : -2.174647 (0.000312)

kinetic : 2.129515 (0.079693)
potential : -4.304159 (0.079738)
energy : -2.174643 (0.000311)
         kinetic: 2.130(80), Sigma: 3.430, T_corr: 54.0
       potential: -4.304(80), Sigma: 3.432, T_corr: 54.0
          energy: -2.17464(31), Sigma: 0.021, T_corr: 21.1

For tau = 1.00e+00, acceptance ratio = 0.18
Time: 48.20s
