
kinetic : 1.999363 (inf)
potential : -4.171383 (inf)
energy : -2.172020 (inf)

kinetic : 2.089088 (inf)
potential : -4.265436 (inf)
energy : -2.176348 (inf)

kinetic : 2.147422 (0.058333)
potential : -4.322375 (0.056938)
energy : -2.174953 (0.001395)

kinetic : 2.072733 (0.081931)
potential : -4.246091 (0.083065)
energy : -2.173358 (0.001786)

kinetic : 1.951148 (0.134682)
potential : -4.124743 (0.134816)
energy : -2.173594 (0.001285)

kinetic : 1.972866 (0.106561)
potential : -4.145997 (0.106569)
energy : -2.173130 (0.001098)

kinetic : 1.907843 (0.108620)
potential : -4.080383 (0.108979)
energy : -2.172540 (0.001073)

kinetic : 1.928996 (0.094206)
potential : -4.101731 (0.094546)
energy : -2.172735 (0.000928)

kinetic : 1.944262 (0.083001)
potential : -4.117084 (0.083306)
energy : -2.172822 (0.000808)

kinetic : 1.943094 (0.073209)
potential : -4.115677 (0.073483)
energy : -2.172583 (0.000752)

kinetic : 1.952437 (0.066143)
potential : -4.124615 (0.066330)
energy : -2.172178 (0.000785)

kinetic : 1.953888 (0.059847)
potential : -4.126135 (0.060017)
energy : -2.172247 (0.000713)

kinetic : 1.932048 (0.058836)
potential : -4.104189 (0.059020)
energy : -2.172141 (0.000660)

kinetic : 1.935823 (0.054253)
potential : -4.108384 (0.054452)
energy : -2.172561 (0.000738)

kinetic : 1.985952 (0.070963)
potential : -4.158912 (0.071376)
energy : -2.172959 (0.000791)

kinetic : 2.001251 (0.067812)
potential : -4.174813 (0.068323)
energy : -2.173562 (0.000951)

kinetic : 1.994551 (0.063785)
potential : -4.168309 (0.064241)
energy : -2.173759 (0.000911)

kinetic : 1.989976 (0.060090)
potential : -4.163873 (0.060506)
energy : -2.173897 (0.000867)

kinetic : 2.037839 (0.074165)
potential : -4.211793 (0.074502)
energy : -2.173953 (0.000820)

kinetic : 2.110282 (0.100843)
potential : -4.284378 (0.101167)
energy : -2.174096 (0.000788)

kinetic : 2.120396 (0.096202)
potential : -4.294747 (0.096534)
energy : -2.174351 (0.000790)

kinetic : 2.115138 (0.091657)
potential : -4.289503 (0.091972)
energy : -2.174364 (0.000752)

kinetic : 2.106873 (0.087781)
potential : -4.281193 (0.088085)
energy : -2.174320 (0.000718)

kinetic : 2.146876 (0.092929)
potential : -4.321098 (0.093149)
energy : -2.174222 (0.000693)

kinetic : 2.147722 (0.088977)
potential : -4.322231 (0.089190)
energy : -2.174509 (0.000723)

kinetic : 2.126885 (0.087850)
potential : -4.301259 (0.088081)
energy : -2.174374 (0.000707)

kinetic : 2.118595 (0.084810)
potential : -4.292884 (0.085039)
energy : -2.174289 (0.000684)

kinetic : 2.119830 (0.081618)
potential : -4.294015 (0.081837)
energy : -2.174185 (0.000666)

kinetic : 2.111279 (0.079112)
potential : -4.285401 (0.079329)
energy : -2.174122 (0.000645)

kinetic : 2.109767 (0.076351)
potential : -4.283821 (0.076561)
energy : -2.174055 (0.000626)

kinetic : 2.104410 (0.073956)
potential : -4.278468 (0.074158)
energy : -2.174058 (0.000605)

kinetic : 2.095583 (0.072073)
potential : -4.269684 (0.072262)
energy : -2.174101 (0.000587)

kinetic : 2.099820 (0.069913)
potential : -4.273897 (0.070094)
energy : -2.174077 (0.000569)

kinetic : 2.098287 (0.067779)
potential : -4.272329 (0.067955)
energy : -2.174042 (0.000552)

kinetic : 2.090114 (0.066261)
potential : -4.264208 (0.066424)
energy : -2.174094 (0.000538)

kinetic : 2.087694 (0.064385)
potential : -4.261994 (0.064536)
energy : -2.174300 (0.000562)

kinetic : 2.078381 (0.063261)
potential : -4.252678 (0.063406)
energy : -2.174296 (0.000546)

kinetic : 2.081339 (0.061598)
potential : -4.255525 (0.061735)
energy : -2.174187 (0.000542)

kinetic : 2.081696 (0.059956)
potential : -4.255864 (0.060089)
energy : -2.174168 (0.000528)

kinetic : 2.080784 (0.058406)
potential : -4.254892 (0.058536)
energy : -2.174108 (0.000518)

kinetic : 2.077528 (0.057020)
potential : -4.251724 (0.057142)
energy : -2.174196 (0.000513)

kinetic : 2.066184 (0.056757)
potential : -4.240324 (0.056885)
energy : -2.174140 (0.000503)

kinetic : 2.079812 (0.057041)
potential : -4.254023 (0.057179)
energy : -2.174211 (0.000496)

kinetic : 2.078805 (0.055708)
potential : -4.253029 (0.055842)
energy : -2.174224 (0.000484)

kinetic : 2.087969 (0.055193)
potential : -4.262174 (0.055319)
energy : -2.174205 (0.000474)

kinetic : 2.089995 (0.053991)
potential : -4.264273 (0.054117)
energy : -2.174278 (0.000469)

kinetic : 2.099674 (0.053684)
potential : -4.274133 (0.053838)
energy : -2.174459 (0.000493)

kinetic : 2.096803 (0.052608)
potential : -4.271194 (0.052762)
energy : -2.174391 (0.000487)

kinetic : 2.096033 (0.051506)
potential : -4.270420 (0.051657)
energy : -2.174387 (0.000477)

kinetic : 2.090287 (0.050770)
potential : -4.264657 (0.050919)
energy : -2.174369 (0.000467)

kinetic : 2.090741 (0.049746)
potential : -4.265236 (0.049893)
energy : -2.174495 (0.000475)

kinetic : 2.100835 (0.049795)
potential : -4.275201 (0.049910)
energy : -2.174367 (0.000483)

kinetic : 2.093970 (0.049308)
potential : -4.268354 (0.049418)
energy : -2.174384 (0.000474)

kinetic : 2.093310 (0.048373)
potential : -4.267620 (0.048482)
energy : -2.174310 (0.000471)

kinetic : 2.101089 (0.048102)
potential : -4.275417 (0.048210)
energy : -2.174328 (0.000462)

kinetic : 2.099478 (0.047247)
potential : -4.273847 (0.047352)
energy : -2.174369 (0.000456)

kinetic : 2.093699 (0.046754)
potential : -4.268083 (0.046854)
energy : -2.174384 (0.000448)

kinetic : 2.097182 (0.046058)
potential : -4.271584 (0.046158)
energy : -2.174402 (0.000440)

kinetic : 2.096876 (0.045258)
potential : -4.271216 (0.045357)
energy : -2.174340 (0.000437)

kinetic : 2.100589 (0.044639)
potential : -4.274938 (0.044736)
energy : -2.174349 (0.000429)

kinetic : 2.101068 (0.043892)
potential : -4.275444 (0.043987)
energy : -2.174376 (0.000423)

kinetic : 2.098823 (0.043224)
potential : -4.273135 (0.043322)
energy : -2.174312 (0.000421)

kinetic : 2.098801 (0.042521)
potential : -4.273066 (0.042617)
energy : -2.174265 (0.000417)

kinetic : 2.098543 (0.041842)
potential : -4.272868 (0.041936)
energy : -2.174326 (0.000415)

kinetic : 2.094270 (0.041404)
potential : -4.268587 (0.041497)
energy : -2.174317 (0.000408)

kinetic : 2.104602 (0.042051)
potential : -4.278891 (0.042133)
energy : -2.174289 (0.000403)

kinetic : 2.112665 (0.042187)
potential : -4.286883 (0.042252)
energy : -2.174218 (0.000403)

kinetic : 2.114291 (0.041584)
potential : -4.288575 (0.041651)
energy : -2.174284 (0.000402)

kinetic : 2.113546 (0.040975)
potential : -4.287867 (0.041040)
energy : -2.174320 (0.000398)

kinetic : 2.109319 (0.040597)
potential : -4.283662 (0.040659)
energy : -2.174343 (0.000393)

kinetic : 2.115412 (0.040474)
potential : -4.289794 (0.040540)
energy : -2.174382 (0.000389)

kinetic : 2.111661 (0.040076)
potential : -4.286092 (0.040136)
energy : -2.174430 (0.000387)

kinetic : 2.110279 (0.039540)
potential : -4.284700 (0.039600)
energy : -2.174422 (0.000381)

kinetic : 2.131822 (0.044549)
potential : -4.306262 (0.044610)
energy : -2.174441 (0.000377)

kinetic : 2.140306 (0.044755)
potential : -4.314693 (0.044804)
energy : -2.174387 (0.000375)

kinetic : 2.136965 (0.044280)
potential : -4.311334 (0.044330)
energy : -2.174370 (0.000371)

kinetic : 2.135503 (0.043718)
potential : -4.309854 (0.043768)
energy : -2.174350 (0.000366)

kinetic : 2.133724 (0.043183)
potential : -4.308115 (0.043230)
energy : -2.174391 (0.000364)

kinetic : 2.139166 (0.042972)
potential : -4.313608 (0.043025)
energy : -2.174443 (0.000363)

kinetic : 2.144595 (0.042771)
potential : -4.318964 (0.042813)
energy : -2.174369 (0.000366)

kinetic : 2.151300 (0.042762)
potential : -4.325628 (0.042796)
energy : -2.174328 (0.000363)

kinetic : 2.146187 (0.042539)
potential : -4.320508 (0.042574)
energy : -2.174321 (0.000359)

kinetic : 2.143747 (0.042088)
potential : -4.318060 (0.042123)
energy : -2.174313 (0.000355)

kinetic : 2.146469 (0.041666)
potential : -4.320753 (0.041699)
energy : -2.174284 (0.000351)

kinetic : 2.144767 (0.041203)
potential : -4.319023 (0.041236)
energy : -2.174256 (0.000348)

kinetic : 2.139773 (0.041020)
potential : -4.314001 (0.041056)
energy : -2.174228 (0.000345)

kinetic : 2.144365 (0.040800)
potential : -4.318573 (0.040833)
energy : -2.174208 (0.000342)

kinetic : 2.146302 (0.040374)
potential : -4.320542 (0.040409)
energy : -2.174240 (0.000340)

kinetic : 2.144032 (0.039977)
potential : -4.318259 (0.040012)
energy : -2.174227 (0.000336)

kinetic : 2.142985 (0.039540)
potential : -4.317151 (0.039575)
energy : -2.174166 (0.000338)

kinetic : 2.140636 (0.039168)
potential : -4.314742 (0.039207)
energy : -2.174106 (0.000339)

kinetic : 2.142398 (0.038776)
potential : -4.316515 (0.038815)
energy : -2.174117 (0.000336)

kinetic : 2.138535 (0.038546)
potential : -4.312632 (0.038586)
energy : -2.174097 (0.000333)

kinetic : 2.135537 (0.038247)
potential : -4.309625 (0.038287)
energy : -2.174088 (0.000329)

kinetic : 2.137740 (0.037902)
potential : -4.311860 (0.037944)
energy : -2.174120 (0.000327)

kinetic : 2.136378 (0.037525)
potential : -4.310473 (0.037568)
energy : -2.174095 (0.000325)

kinetic : 2.135947 (0.037135)
potential : -4.310015 (0.037177)
energy : -2.174068 (0.000322)

kinetic : 2.137806 (0.036797)
potential : -4.311945 (0.036843)
energy : -2.174140 (0.000327)

kinetic : 2.138549 (0.036427)
potential : -4.312697 (0.036472)
energy : -2.174148 (0.000324)

kinetic : 2.144382 (0.036526)
potential : -4.318602 (0.036582)
energy : -2.174221 (0.000328)

kinetic : 2.145138 (0.036167)
potential : -4.319383 (0.036223)
energy : -2.174245 (0.000326)

kinetic : 2.145907 (0.035815)
potential : -4.320176 (0.035871)
energy : -2.174269 (0.000324)

kinetic : 2.140365 (0.035893)
potential : -4.314611 (0.035951)
energy : -2.174246 (0.000321)

kinetic : 2.143049 (0.035644)
potential : -4.317288 (0.035701)
energy : -2.174239 (0.000318)

kinetic : 2.137341 (0.035758)
potential : -4.311564 (0.035816)
energy : -2.174223 (0.000316)

kinetic : 2.136101 (0.035438)
potential : -4.310376 (0.035493)
energy : -2.174275 (0.000317)

kinetic : 2.132559 (0.035280)
potential : -4.306821 (0.035336)
energy : -2.174262 (0.000314)

kinetic : 2.133378 (0.034958)
potential : -4.307688 (0.035015)
energy : -2.174310 (0.000315)

kinetic : 2.130105 (0.034787)
potential : -4.304403 (0.034844)
energy : -2.174298 (0.000312)

kinetic : 2.130163 (0.034467)
potential : -4.304463 (0.034523)
energy : -2.174300 (0.000309)

kinetic : 2.128255 (0.034205)
potential : -4.302562 (0.034261)
energy : -2.174307 (0.000307)

kinetic : 2.124987 (0.034053)
potential : -4.299372 (0.034100)
energy : -2.174384 (0.000314)

kinetic : 2.123617 (0.033775)
potential : -4.298033 (0.033821)
energy : -2.174416 (0.000312)

kinetic : 2.127198 (0.033666)
potential : -4.301678 (0.033718)
energy : -2.174479 (0.000316)

kinetic : 2.125793 (0.033399)
potential : -4.300272 (0.033450)
energy : -2.174479 (0.000313)

kinetic : 2.125852 (0.033107)
potential : -4.300335 (0.033158)
energy : -2.174483 (0.000311)

kinetic : 2.125994 (0.032821)
potential : -4.300489 (0.032872)
energy : -2.174495 (0.000308)

kinetic : 2.132153 (0.033117)
potential : -4.306641 (0.033165)
energy : -2.174487 (0.000306)

kinetic : 2.126539 (0.033312)
potential : -4.301025 (0.033359)
energy : -2.174486 (0.000303)

kinetic : 2.128896 (0.033115)
potential : -4.303350 (0.033159)
energy : -2.174454 (0.000302)

kinetic : 2.124490 (0.033132)
potential : -4.298950 (0.033175)
energy : -2.174460 (0.000300)

kinetic : 2.124008 (0.032860)
potential : -4.298479 (0.032903)
energy : -2.174471 (0.000297)

kinetic : 2.125744 (0.032636)
potential : -4.300272 (0.032681)
energy : -2.174528 (0.000300)

kinetic : 2.122964 (0.032489)
potential : -4.297483 (0.032534)
energy : -2.174518 (0.000298)

kinetic : 2.123782 (0.032236)
potential : -4.298302 (0.032281)
energy : -2.174520 (0.000296)

kinetic : 2.123954 (0.031978)
potential : -4.298480 (0.032022)
energy : -2.174527 (0.000293)

kinetic : 2.123823 (0.031723)
potential : -4.298338 (0.031767)
energy : -2.174514 (0.000291)

kinetic : 2.121069 (0.031593)
potential : -4.295584 (0.031636)
energy : -2.174515 (0.000289)

kinetic : 2.124505 (0.031533)
potential : -4.299025 (0.031576)
energy : -2.174520 (0.000287)

kinetic : 2.128811 (0.031582)
potential : -4.303294 (0.031620)
energy : -2.174483 (0.000287)

kinetic : 2.127413 (0.031370)
potential : -4.301896 (0.031407)
energy : -2.174483 (0.000285)

kinetic : 2.127984 (0.031134)
potential : -4.302456 (0.031171)
energy : -2.174473 (0.000283)

kinetic : 2.124809 (0.031060)
potential : -4.299281 (0.031097)
energy : -2.174472 (0.000281)

kinetic : 2.123560 (0.030851)
potential : -4.298028 (0.030888)
energy : -2.174468 (0.000278)

kinetic : 2.123718 (0.030620)
potential : -4.298177 (0.030657)
energy : -2.174459 (0.000277)

kinetic : 2.126176 (0.030492)
potential : -4.300685 (0.030532)
energy : -2.174509 (0.000279)

kinetic : 2.125910 (0.030268)
potential : -4.300408 (0.030308)
energy : -2.174498 (0.000277)

kinetic : 2.125400 (0.030051)
potential : -4.299863 (0.030091)
energy : -2.174463 (0.000277)

kinetic : 2.123654 (0.029883)
potential : -4.298100 (0.029924)
energy : -2.174447 (0.000276)

kinetic : 2.125617 (0.029732)
potential : -4.300070 (0.029773)
energy : -2.174452 (0.000274)

kinetic : 2.124983 (0.029526)
potential : -4.299428 (0.029566)
energy : -2.174445 (0.000272)

kinetic : 2.126199 (0.029341)
potential : -4.300666 (0.029382)
energy : -2.174467 (0.000271)

kinetic : 2.125092 (0.029155)
potential : -4.299566 (0.029195)
energy : -2.174474 (0.000269)

kinetic : 2.124980 (0.028950)
potential : -4.299466 (0.028991)
energy : -2.174486 (0.000268)

kinetic : 2.129805 (0.029150)
potential : -4.304259 (0.029185)
energy : -2.174454 (0.000268)

kinetic : 2.129465 (0.028951)
potential : -4.303917 (0.028985)
energy : -2.174452 (0.000266)

kinetic : 2.128465 (0.028769)
potential : -4.302883 (0.028804)
energy : -2.174418 (0.000266)

kinetic : 2.125889 (0.028689)
potential : -4.300332 (0.028721)
energy : -2.174444 (0.000266)

kinetic : 2.123898 (0.028564)
potential : -4.298348 (0.028595)
energy : -2.174450 (0.000264)

kinetic : 2.125218 (0.028402)
potential : -4.299658 (0.028433)
energy : -2.174440 (0.000262)

kinetic : 2.123888 (0.028243)
potential : -4.298341 (0.028273)
energy : -2.174454 (0.000261)

kinetic : 2.125451 (0.028099)
potential : -4.299911 (0.028129)
energy : -2.174460 (0.000259)

kinetic : 2.124575 (0.027927)
potential : -4.299034 (0.027957)
energy : -2.174460 (0.000257)

kinetic : 2.124779 (0.027745)
potential : -4.299261 (0.027775)
energy : -2.174481 (0.000257)

kinetic : 2.122284 (0.027677)
potential : -4.296743 (0.027709)
energy : -2.174459 (0.000256)

kinetic : 2.123965 (0.027549)
potential : -4.298454 (0.027582)
energy : -2.174489 (0.000256)

kinetic : 2.121501 (0.027483)
potential : -4.296005 (0.027514)
energy : -2.174504 (0.000255)

kinetic : 2.120028 (0.027347)
potential : -4.294523 (0.027378)
energy : -2.174495 (0.000253)

kinetic : 2.120074 (0.027173)
potential : -4.294581 (0.027205)
energy : -2.174507 (0.000252)

kinetic : 2.124195 (0.027314)
potential : -4.298685 (0.027343)
energy : -2.174490 (0.000251)

kinetic : 2.122240 (0.027214)
potential : -4.296722 (0.027242)
energy : -2.174482 (0.000250)

kinetic : 2.122264 (0.027044)
potential : -4.296740 (0.027072)
energy : -2.174475 (0.000248)

kinetic : 2.122412 (0.026877)
potential : -4.296870 (0.026905)
energy : -2.174457 (0.000247)

kinetic : 2.121967 (0.026715)
potential : -4.296442 (0.026743)
energy : -2.174475 (0.000246)

kinetic : 2.122100 (0.026552)
potential : -4.296573 (0.026580)
energy : -2.174472 (0.000245)

kinetic : 2.122002 (0.026391)
potential : -4.296459 (0.026418)
energy : -2.174457 (0.000244)

kinetic : 2.123402 (0.026269)
potential : -4.297867 (0.026297)
energy : -2.174465 (0.000243)

kinetic : 2.121954 (0.026151)
potential : -4.296380 (0.026181)
energy : -2.174426 (0.000244)

kinetic : 2.118566 (0.026215)
potential : -4.292978 (0.026246)
energy : -2.174412 (0.000243)

kinetic : 2.116363 (0.026152)
potential : -4.290768 (0.026184)
energy : -2.174405 (0.000242)

kinetic : 2.117090 (0.026008)
potential : -4.291569 (0.026041)
energy : -2.174479 (0.000252)

kinetic : 2.116449 (0.025863)
potential : -4.290905 (0.025897)
energy : -2.174456 (0.000251)

kinetic : 2.117633 (0.025740)
potential : -4.292134 (0.025775)
energy : -2.174502 (0.000254)

kinetic : 2.119150 (0.025636)
potential : -4.293646 (0.025671)
energy : -2.174496 (0.000252)

kinetic : 2.119772 (0.025495)
potential : -4.294255 (0.025530)
energy : -2.174483 (0.000251)

kinetic : 2.120135 (0.025352)
potential : -4.294616 (0.025386)
energy : -2.174481 (0.000250)

kinetic : 2.122606 (0.025328)
potential : -4.297124 (0.025366)
energy : -2.174518 (0.000251)

kinetic : 2.122827 (0.025186)
potential : -4.297331 (0.025223)
energy : -2.174504 (0.000250)

kinetic : 2.124167 (0.025080)
potential : -4.298652 (0.025116)
energy : -2.174485 (0.000249)

kinetic : 2.122918 (0.024970)
potential : -4.297395 (0.025007)
energy : -2.174477 (0.000248)

kinetic : 2.128143 (0.025375)
potential : -4.302601 (0.025406)
energy : -2.174458 (0.000247)

kinetic : 2.128719 (0.025241)
potential : -4.303182 (0.025272)
energy : -2.174462 (0.000246)

kinetic : 2.129602 (0.025117)
potential : -4.304076 (0.025149)
energy : -2.174474 (0.000245)

kinetic : 2.128803 (0.024993)
potential : -4.303259 (0.025025)
energy : -2.174456 (0.000244)

kinetic : 2.129962 (0.024883)
potential : -4.304448 (0.024917)
energy : -2.174485 (0.000245)

kinetic : 2.132973 (0.024931)
potential : -4.307472 (0.024965)
energy : -2.174499 (0.000244)

kinetic : 2.131737 (0.024827)
potential : -4.306214 (0.024863)
energy : -2.174478 (0.000244)

kinetic : 2.133957 (0.024794)
potential : -4.308436 (0.024829)
energy : -2.174479 (0.000242)

kinetic : 2.133144 (0.024675)
potential : -4.307650 (0.024709)
energy : -2.174506 (0.000242)

kinetic : 2.132948 (0.024545)
potential : -4.307465 (0.024579)
energy : -2.174517 (0.000241)

kinetic : 2.133948 (0.024436)
potential : -4.308506 (0.024471)
energy : -2.174558 (0.000244)

kinetic : 2.132714 (0.024339)
potential : -4.307272 (0.024374)
energy : -2.174558 (0.000242)

kinetic : 2.131535 (0.024241)
potential : -4.306119 (0.024274)
energy : -2.174585 (0.000242)

kinetic : 2.128872 (0.024261)
potential : -4.303457 (0.024294)
energy : -2.174585 (0.000241)

kinetic : 2.128230 (0.024144)
potential : -4.302818 (0.024177)
energy : -2.174589 (0.000240)

kinetic : 2.126557 (0.024078)
potential : -4.301120 (0.024113)
energy : -2.174562 (0.000240)

kinetic : 2.126225 (0.023958)
potential : -4.300773 (0.023992)
energy : -2.174548 (0.000239)

kinetic : 2.126410 (0.023836)
potential : -4.300944 (0.023870)
energy : -2.174534 (0.000239)

kinetic : 2.125626 (0.023729)
potential : -4.300142 (0.023763)
energy : -2.174515 (0.000238)

kinetic : 2.125414 (0.023610)
potential : -4.299950 (0.023644)
energy : -2.174536 (0.000238)

kinetic : 2.125106 (0.023494)
potential : -4.299627 (0.023528)
energy : -2.174522 (0.000237)

kinetic : 2.125015 (0.023377)
potential : -4.299533 (0.023411)
energy : -2.174518 (0.000236)

kinetic : 2.123111 (0.023338)
potential : -4.297631 (0.023372)
energy : -2.174520 (0.000235)

kinetic : 2.122888 (0.023224)
potential : -4.297384 (0.023258)
energy : -2.174496 (0.000235)

kinetic : 2.122470 (0.023114)
potential : -4.296966 (0.023147)
energy : -2.174497 (0.000234)

kinetic : 2.122402 (0.023001)
potential : -4.296899 (0.023034)
energy : -2.174497 (0.000233)

kinetic : 2.121970 (0.022893)
potential : -4.296471 (0.022926)
energy : -2.174502 (0.000231)

kinetic : 2.121756 (0.022783)
potential : -4.296262 (0.022816)
energy : -2.174505 (0.000230)

kinetic : 2.125362 (0.022958)
potential : -4.299852 (0.022988)
energy : -2.174490 (0.000230)

kinetic : 2.126572 (0.022880)
potential : -4.301057 (0.022910)
energy : -2.174485 (0.000229)

kinetic : 2.125938 (0.022780)
potential : -4.300434 (0.022809)
energy : -2.174496 (0.000228)

kinetic : 2.124335 (0.022728)
potential : -4.298832 (0.022757)
energy : -2.174498 (0.000227)

kinetic : 2.123914 (0.022625)
potential : -4.298407 (0.022653)
energy : -2.174493 (0.000226)

kinetic : 2.126836 (0.022707)
potential : -4.301318 (0.022734)
energy : -2.174482 (0.000225)

kinetic : 2.127608 (0.022614)
potential : -4.302131 (0.022642)
energy : -2.174523 (0.000228)

kinetic : 2.128175 (0.022516)
potential : -4.302692 (0.022543)
energy : -2.174517 (0.000227)

kinetic : 2.127818 (0.022414)
potential : -4.302314 (0.022442)
energy : -2.174496 (0.000227)

kinetic : 2.127829 (0.022310)
potential : -4.302329 (0.022338)
energy : -2.174500 (0.000226)

kinetic : 2.129000 (0.022239)
potential : -4.303496 (0.022266)
energy : -2.174497 (0.000225)

kinetic : 2.129091 (0.022137)
potential : -4.303602 (0.022165)
energy : -2.174511 (0.000224)

kinetic : 2.127647 (0.022084)
potential : -4.302163 (0.022110)
energy : -2.174516 (0.000223)

kinetic : 2.127238 (0.021987)
potential : -4.301748 (0.022014)
energy : -2.174509 (0.000222)

kinetic : 2.136661 (0.023830)
potential : -4.311194 (0.023864)
energy : -2.174533 (0.000222)

kinetic : 2.135853 (0.023736)
potential : -4.310373 (0.023771)
energy : -2.174520 (0.000222)

kinetic : 2.137502 (0.023688)
potential : -4.312036 (0.023723)
energy : -2.174534 (0.000221)

kinetic : 2.135858 (0.023639)
potential : -4.310395 (0.023674)
energy : -2.174537 (0.000220)

kinetic : 2.134755 (0.023560)
potential : -4.309304 (0.023594)
energy : -2.174548 (0.000220)

kinetic : 2.134490 (0.023458)
potential : -4.309064 (0.023491)
energy : -2.174574 (0.000220)

kinetic : 2.134387 (0.023355)
potential : -4.308972 (0.023388)
energy : -2.174586 (0.000220)

kinetic : 2.133535 (0.023268)
potential : -4.308140 (0.023301)
energy : -2.174605 (0.000219)

kinetic : 2.131089 (0.023296)
potential : -4.305696 (0.023328)
energy : -2.174607 (0.000219)

kinetic : 2.130699 (0.023198)
potential : -4.305311 (0.023230)
energy : -2.174612 (0.000218)

kinetic : 2.138359 (0.024335)
potential : -4.312984 (0.024369)
energy : -2.174625 (0.000217)

kinetic : 2.138513 (0.024231)
potential : -4.313153 (0.024265)
energy : -2.174639 (0.000217)

kinetic : 2.138223 (0.024129)
potential : -4.312853 (0.024163)
energy : -2.174630 (0.000216)

kinetic : 2.135964 (0.024132)
potential : -4.310584 (0.024166)
energy : -2.174620 (0.000215)

kinetic : 2.135387 (0.024036)
potential : -4.310019 (0.024070)
energy : -2.174632 (0.000215)

kinetic : 2.134076 (0.023970)
potential : -4.308705 (0.024005)
energy : -2.174629 (0.000214)

kinetic : 2.134905 (0.023884)
potential : -4.309535 (0.023918)
energy : -2.174630 (0.000213)

kinetic : 2.133325 (0.023836)
potential : -4.307938 (0.023871)
energy : -2.174613 (0.000213)

kinetic : 2.131280 (0.023824)
potential : -4.305888 (0.023860)
energy : -2.174608 (0.000212)

kinetic : 2.131475 (0.023726)
potential : -4.306079 (0.023761)
energy : -2.174605 (0.000211)

kinetic : 2.130416 (0.023652)
potential : -4.305021 (0.023686)
energy : -2.174605 (0.000210)

kinetic : 2.130797 (0.023557)
potential : -4.305433 (0.023592)
energy : -2.174636 (0.000212)

kinetic : 2.130287 (0.023466)
potential : -4.304910 (0.023501)
energy : -2.174623 (0.000211)

kinetic : 2.133150 (0.023545)
potential : -4.307777 (0.023580)
energy : -2.174628 (0.000210)

kinetic : 2.133008 (0.023449)
potential : -4.307627 (0.023485)
energy : -2.174618 (0.000210)

kinetic : 2.131638 (0.023394)
potential : -4.306269 (0.023429)
energy : -2.174631 (0.000209)

kinetic : 2.132162 (0.023306)
potential : -4.306783 (0.023340)
energy : -2.174621 (0.000209)

kinetic : 2.132524 (0.023215)
potential : -4.307140 (0.023249)
energy : -2.174616 (0.000208)

kinetic : 2.133386 (0.023138)
potential : -4.307991 (0.023171)
energy : -2.174605 (0.000207)

kinetic : 2.133870 (0.023050)
potential : -4.308469 (0.023083)
energy : -2.174598 (0.000207)

kinetic : 2.134683 (0.022973)
potential : -4.309296 (0.023007)
energy : -2.174613 (0.000206)

kinetic : 2.134942 (0.022884)
potential : -4.309557 (0.022917)
energy : -2.174615 (0.000205)

kinetic : 2.133907 (0.022817)
potential : -4.308500 (0.022851)
energy : -2.174593 (0.000206)

kinetic : 2.134128 (0.022728)
potential : -4.308733 (0.022762)
energy : -2.174606 (0.000205)

kinetic : 2.133591 (0.022646)
potential : -4.308180 (0.022680)
energy : -2.174589 (0.000205)

kinetic : 2.132393 (0.022589)
potential : -4.306977 (0.022624)
energy : -2.174584 (0.000205)

kinetic : 2.134209 (0.022575)
potential : -4.308790 (0.022609)
energy : -2.174581 (0.000204)

kinetic : 2.133053 (0.022517)
potential : -4.307624 (0.022551)
energy : -2.174572 (0.000203)

kinetic : 2.133435 (0.022433)
potential : -4.307991 (0.022467)
energy : -2.174557 (0.000203)

kinetic : 2.133186 (0.022349)
potential : -4.307736 (0.022383)
energy : -2.174550 (0.000202)

kinetic : 2.137405 (0.022659)
potential : -4.311933 (0.022688)
energy : -2.174528 (0.000203)

kinetic : 2.137066 (0.022576)
potential : -4.311587 (0.022605)
energy : -2.174521 (0.000202)

kinetic : 2.136562 (0.022496)
potential : -4.311086 (0.022524)
energy : -2.174523 (0.000201)

kinetic : 2.135619 (0.022430)
potential : -4.310123 (0.022460)
energy : -2.174504 (0.000202)

kinetic : 2.134675 (0.022366)
potential : -4.309177 (0.022395)
energy : -2.174501 (0.000201)

kinetic : 2.136259 (0.022338)
potential : -4.310769 (0.022368)
energy : -2.174510 (0.000200)

kinetic : 2.137167 (0.022273)
potential : -4.311703 (0.022304)
energy : -2.174537 (0.000201)

kinetic : 2.137067 (0.022190)
potential : -4.311591 (0.022221)
energy : -2.174525 (0.000201)

kinetic : 2.136663 (0.022112)
potential : -4.311185 (0.022143)
energy : -2.174522 (0.000200)

kinetic : 2.135138 (0.022083)
potential : -4.309665 (0.022113)
energy : -2.174527 (0.000199)

kinetic : 2.136885 (0.022071)
potential : -4.311423 (0.022102)
energy : -2.174538 (0.000199)

kinetic : 2.136633 (0.021991)
potential : -4.311166 (0.022022)
energy : -2.174533 (0.000198)

kinetic : 2.137409 (0.021924)
potential : -4.311941 (0.021955)
energy : -2.174532 (0.000198)

kinetic : 2.140755 (0.022099)
potential : -4.315299 (0.022131)
energy : -2.174544 (0.000197)

kinetic : 2.138326 (0.022153)
potential : -4.312858 (0.022186)
energy : -2.174532 (0.000197)

kinetic : 2.138013 (0.022075)
potential : -4.312558 (0.022108)
energy : -2.174545 (0.000197)

kinetic : 2.137443 (0.022003)
potential : -4.311982 (0.022035)
energy : -2.174540 (0.000196)

kinetic : 2.137343 (0.021924)
potential : -4.311889 (0.021956)
energy : -2.174546 (0.000195)

kinetic : 2.137720 (0.021849)
potential : -4.312258 (0.021881)
energy : -2.174538 (0.000195)

kinetic : 2.136480 (0.021806)
potential : -4.311008 (0.021839)
energy : -2.174528 (0.000194)

kinetic : 2.138560 (0.021828)
potential : -4.313110 (0.021863)
energy : -2.174550 (0.000195)

kinetic : 2.138391 (0.021751)
potential : -4.312937 (0.021786)
energy : -2.174546 (0.000194)

kinetic : 2.138956 (0.021682)
potential : -4.313521 (0.021717)
energy : -2.174565 (0.000194)

kinetic : 2.139252 (0.021608)
potential : -4.313812 (0.021643)
energy : -2.174560 (0.000194)

kinetic : 2.139132 (0.021532)
potential : -4.313686 (0.021567)
energy : -2.174554 (0.000193)

kinetic : 2.139033 (0.021458)
potential : -4.313590 (0.021492)
energy : -2.174556 (0.000193)

kinetic : 2.137393 (0.021446)
potential : -4.311946 (0.021480)
energy : -2.174553 (0.000192)

kinetic : 2.136919 (0.021377)
potential : -4.311467 (0.021411)
energy : -2.174548 (0.000191)

kinetic : 2.138455 (0.021358)
potential : -4.312988 (0.021391)
energy : -2.174533 (0.000191)

kinetic : 2.137476 (0.021307)
potential : -4.311998 (0.021341)
energy : -2.174521 (0.000191)

kinetic : 2.138039 (0.021241)
potential : -4.312561 (0.021275)
energy : -2.174521 (0.000190)

kinetic : 2.137318 (0.021181)
potential : -4.311838 (0.021214)
energy : -2.174519 (0.000190)

kinetic : 2.136802 (0.021115)
potential : -4.311318 (0.021149)
energy : -2.174516 (0.000189)

kinetic : 2.136320 (0.021049)
potential : -4.310837 (0.021082)
energy : -2.174516 (0.000188)

kinetic : 2.135879 (0.020982)
potential : -4.310376 (0.021016)
energy : -2.174497 (0.000189)

kinetic : 2.135983 (0.020912)
potential : -4.310489 (0.020945)
energy : -2.174505 (0.000188)

kinetic : 2.134893 (0.020870)
potential : -4.309409 (0.020903)
energy : -2.174515 (0.000188)

kinetic : 2.133374 (0.020856)
potential : -4.307892 (0.020888)
energy : -2.174518 (0.000187)

kinetic : 2.132957 (0.020790)
potential : -4.307476 (0.020822)
energy : -2.174519 (0.000187)

kinetic : 2.133694 (0.020734)
potential : -4.308218 (0.020766)
energy : -2.174524 (0.000186)

kinetic : 2.133926 (0.020667)
potential : -4.308463 (0.020699)
energy : -2.174537 (0.000186)

kinetic : 2.135038 (0.020628)
potential : -4.309591 (0.020661)
energy : -2.174553 (0.000186)

kinetic : 2.134979 (0.020560)
potential : -4.309562 (0.020593)
energy : -2.174582 (0.000188)

kinetic : 2.136438 (0.020545)
potential : -4.311014 (0.020577)
energy : -2.174576 (0.000187)

kinetic : 2.137615 (0.020511)
potential : -4.312186 (0.020543)
energy : -2.174570 (0.000187)

kinetic : 2.138753 (0.020476)
potential : -4.313342 (0.020509)
energy : -2.174590 (0.000187)

kinetic : 2.139217 (0.020415)
potential : -4.313797 (0.020447)
energy : -2.174580 (0.000187)

kinetic : 2.138905 (0.020351)
potential : -4.313484 (0.020383)
energy : -2.174579 (0.000186)

kinetic : 2.138429 (0.020291)
potential : -4.313008 (0.020323)
energy : -2.174578 (0.000186)

kinetic : 2.137403 (0.020251)
potential : -4.311974 (0.020284)
energy : -2.174572 (0.000185)

kinetic : 2.136494 (0.020207)
potential : -4.311069 (0.020239)
energy : -2.174575 (0.000185)

kinetic : 2.135010 (0.020197)
potential : -4.309592 (0.020228)
energy : -2.174582 (0.000184)

kinetic : 2.134664 (0.020135)
potential : -4.309235 (0.020167)
energy : -2.174572 (0.000184)

kinetic : 2.133786 (0.020090)
potential : -4.308372 (0.020121)
energy : -2.174585 (0.000184)

kinetic : 2.133164 (0.020036)
potential : -4.307746 (0.020067)
energy : -2.174582 (0.000183)

kinetic : 2.131912 (0.020012)
potential : -4.306501 (0.020042)
energy : -2.174589 (0.000183)

kinetic : 2.131134 (0.019965)
potential : -4.305722 (0.019995)
energy : -2.174589 (0.000182)

kinetic : 2.132450 (0.019945)
potential : -4.307042 (0.019975)
energy : -2.174593 (0.000182)

kinetic : 2.132495 (0.019883)
potential : -4.307084 (0.019913)
energy : -2.174589 (0.000181)

kinetic : 2.131799 (0.019833)
potential : -4.306374 (0.019864)
energy : -2.174575 (0.000181)

kinetic : 2.130698 (0.019802)
potential : -4.305285 (0.019832)
energy : -2.174587 (0.000181)

kinetic : 2.132019 (0.019785)
potential : -4.306597 (0.019814)
energy : -2.174578 (0.000181)

kinetic : 2.131349 (0.019735)
potential : -4.305933 (0.019764)
energy : -2.174584 (0.000180)

kinetic : 2.131647 (0.019676)
potential : -4.306227 (0.019705)
energy : -2.174580 (0.000180)

kinetic : 2.131921 (0.019618)
potential : -4.306496 (0.019646)
energy : -2.174576 (0.000179)

kinetic : 2.130976 (0.019581)
potential : -4.305557 (0.019609)
energy : -2.174580 (0.000179)

kinetic : 2.131548 (0.019529)
potential : -4.306127 (0.019557)
energy : -2.174579 (0.000178)

kinetic : 2.130956 (0.019479)
potential : -4.305530 (0.019507)
energy : -2.174574 (0.000178)

kinetic : 2.131580 (0.019430)
potential : -4.306178 (0.019458)
energy : -2.174598 (0.000179)

kinetic : 2.134124 (0.019537)
potential : -4.308728 (0.019566)
energy : -2.174603 (0.000178)

kinetic : 2.133840 (0.019480)
potential : -4.308442 (0.019509)
energy : -2.174602 (0.000178)

kinetic : 2.133714 (0.019422)
potential : -4.308314 (0.019451)
energy : -2.174600 (0.000177)

kinetic : 2.132853 (0.019383)
potential : -4.307444 (0.019412)
energy : -2.174591 (0.000177)

kinetic : 2.132093 (0.019340)
potential : -4.306672 (0.019369)
energy : -2.174579 (0.000177)

kinetic : 2.133159 (0.019312)
potential : -4.307741 (0.019341)
energy : -2.174582 (0.000176)

kinetic : 2.132743 (0.019259)
potential : -4.307352 (0.019288)
energy : -2.174609 (0.000178)

kinetic : 2.130917 (0.019288)
potential : -4.305519 (0.019318)
energy : -2.174601 (0.000177)

kinetic : 2.131272 (0.019235)
potential : -4.305884 (0.019264)
energy : -2.174612 (0.000177)

kinetic : 2.131657 (0.019182)
potential : -4.306285 (0.019212)
energy : -2.174629 (0.000177)

kinetic : 2.131420 (0.019127)
potential : -4.306041 (0.019157)
energy : -2.174621 (0.000177)

kinetic : 2.131692 (0.019073)
potential : -4.306318 (0.019103)
energy : -2.174626 (0.000177)

kinetic : 2.130787 (0.019039)
potential : -4.305403 (0.019069)
energy : -2.174616 (0.000176)

kinetic : 2.131188 (0.018988)
potential : -4.305811 (0.019018)
energy : -2.174623 (0.000176)

kinetic : 2.130456 (0.018947)
potential : -4.305092 (0.018976)
energy : -2.174636 (0.000176)

kinetic : 2.131005 (0.018900)
potential : -4.305638 (0.018929)
energy : -2.174633 (0.000176)

kinetic : 2.132429 (0.018899)
potential : -4.307058 (0.018928)
energy : -2.174629 (0.000175)

kinetic : 2.132247 (0.018846)
potential : -4.306872 (0.018874)
energy : -2.174626 (0.000175)

kinetic : 2.131696 (0.018800)
potential : -4.306329 (0.018828)
energy : -2.174633 (0.000174)

kinetic : 2.132513 (0.018764)
potential : -4.307138 (0.018792)
energy : -2.174625 (0.000174)

kinetic : 2.132120 (0.018714)
potential : -4.306753 (0.018742)
energy : -2.174633 (0.000174)

kinetic : 2.132936 (0.018679)
potential : -4.307560 (0.018706)
energy : -2.174624 (0.000173)

kinetic : 2.134282 (0.018674)
potential : -4.308901 (0.018701)
energy : -2.174620 (0.000173)

kinetic : 2.134162 (0.018622)
potential : -4.308782 (0.018649)
energy : -2.174620 (0.000172)

kinetic : 2.135255 (0.018601)
potential : -4.309882 (0.018629)
energy : -2.174627 (0.000172)

kinetic : 2.134090 (0.018586)
potential : -4.308711 (0.018613)
energy : -2.174621 (0.000172)

kinetic : 2.132756 (0.018582)
potential : -4.307370 (0.018609)
energy : -2.174615 (0.000171)

kinetic : 2.132699 (0.018530)
potential : -4.307319 (0.018557)
energy : -2.174620 (0.000171)

kinetic : 2.133151 (0.018483)
potential : -4.307758 (0.018511)
energy : -2.174606 (0.000171)

kinetic : 2.132638 (0.018439)
potential : -4.307249 (0.018466)
energy : -2.174610 (0.000171)

kinetic : 2.132248 (0.018392)
potential : -4.306853 (0.018419)
energy : -2.174605 (0.000170)

kinetic : 2.131789 (0.018347)
potential : -4.306402 (0.018374)
energy : -2.174612 (0.000170)

kinetic : 2.132959 (0.018334)
potential : -4.307562 (0.018360)
energy : -2.174603 (0.000170)

kinetic : 2.132812 (0.018284)
potential : -4.307405 (0.018310)
energy : -2.174593 (0.000169)

kinetic : 2.131544 (0.018278)
potential : -4.306130 (0.018304)
energy : -2.174586 (0.000169)

kinetic : 2.131637 (0.018228)
potential : -4.306224 (0.018254)
energy : -2.174587 (0.000169)

kinetic : 2.131665 (0.018178)
potential : -4.306258 (0.018204)
energy : -2.174593 (0.000168)

kinetic : 2.132273 (0.018139)
potential : -4.306867 (0.018165)
energy : -2.174594 (0.000168)

kinetic : 2.132698 (0.018095)
potential : -4.307318 (0.018121)
energy : -2.174619 (0.000169)

kinetic : 2.133217 (0.018053)
potential : -4.307824 (0.018079)
energy : -2.174607 (0.000169)

kinetic : 2.135226 (0.018116)
potential : -4.309838 (0.018143)
energy : -2.174612 (0.000169)

kinetic : 2.136074 (0.018087)
potential : -4.310687 (0.018114)
energy : -2.174613 (0.000169)

kinetic : 2.136079 (0.018039)
potential : -4.310688 (0.018065)
energy : -2.174608 (0.000168)

kinetic : 2.135518 (0.017999)
potential : -4.310131 (0.018026)
energy : -2.174612 (0.000168)

kinetic : 2.136973 (0.018010)
potential : -4.311592 (0.018037)
energy : -2.174619 (0.000167)

kinetic : 2.135874 (0.017996)
potential : -4.310492 (0.018022)
energy : -2.174618 (0.000167)

kinetic : 2.135377 (0.017955)
potential : -4.309990 (0.017981)
energy : -2.174614 (0.000167)

kinetic : 2.134935 (0.017913)
potential : -4.309539 (0.017939)
energy : -2.174604 (0.000166)

kinetic : 2.136550 (0.017938)
potential : -4.311147 (0.017964)
energy : -2.174597 (0.000166)

kinetic : 2.136651 (0.017891)
potential : -4.311247 (0.017917)
energy : -2.174596 (0.000166)

kinetic : 2.137333 (0.017857)
potential : -4.311934 (0.017883)
energy : -2.174600 (0.000165)

kinetic : 2.136910 (0.017816)
potential : -4.311505 (0.017842)
energy : -2.174595 (0.000165)

kinetic : 2.136910 (0.017769)
potential : -4.311514 (0.017795)
energy : -2.174604 (0.000165)

kinetic : 2.136952 (0.017723)
potential : -4.311548 (0.017749)
energy : -2.174596 (0.000165)

kinetic : 2.137329 (0.017681)
potential : -4.311938 (0.017707)
energy : -2.174609 (0.000165)

kinetic : 2.136240 (0.017668)
potential : -4.310845 (0.017695)
energy : -2.174605 (0.000164)

kinetic : 2.137160 (0.017647)
potential : -4.311766 (0.017673)
energy : -2.174607 (0.000164)

kinetic : 2.136826 (0.017604)
potential : -4.311442 (0.017630)
energy : -2.174616 (0.000164)

kinetic : 2.137076 (0.017561)
potential : -4.311688 (0.017587)
energy : -2.174612 (0.000163)

kinetic : 2.136885 (0.017517)
potential : -4.311503 (0.017542)
energy : -2.174617 (0.000163)

kinetic : 2.136966 (0.017472)
potential : -4.311578 (0.017498)
energy : -2.174612 (0.000163)

kinetic : 2.138087 (0.017463)
potential : -4.312697 (0.017489)
energy : -2.174611 (0.000162)

kinetic : 2.137233 (0.017440)
potential : -4.311859 (0.017464)
energy : -2.174626 (0.000163)

kinetic : 2.136547 (0.017409)
potential : -4.311191 (0.017433)
energy : -2.174644 (0.000163)

kinetic : 2.136839 (0.017367)
potential : -4.311492 (0.017391)
energy : -2.174653 (0.000163)

kinetic : 2.135772 (0.017356)
potential : -4.310422 (0.017380)
energy : -2.174650 (0.000163)

kinetic : 2.136064 (0.017315)
potential : -4.310723 (0.017339)
energy : -2.174660 (0.000163)

kinetic : 2.135835 (0.017273)
potential : -4.310504 (0.017297)
energy : -2.174669 (0.000162)

kinetic : 2.135307 (0.017238)
potential : -4.309970 (0.017262)
energy : -2.174663 (0.000162)

kinetic : 2.134595 (0.017209)
potential : -4.309253 (0.017233)
energy : -2.174658 (0.000162)

kinetic : 2.134181 (0.017171)
potential : -4.308843 (0.017195)
energy : -2.174662 (0.000161)

kinetic : 2.134456 (0.017131)
potential : -4.309121 (0.017155)
energy : -2.174665 (0.000161)

kinetic : 2.133825 (0.017100)
potential : -4.308485 (0.017124)
energy : -2.174659 (0.000161)

kinetic : 2.134346 (0.017065)
potential : -4.308991 (0.017089)
energy : -2.174645 (0.000161)

kinetic : 2.137450 (0.017304)
potential : -4.312083 (0.017325)
energy : -2.174632 (0.000161)

kinetic : 2.136820 (0.017273)
potential : -4.311457 (0.017293)
energy : -2.174637 (0.000161)

kinetic : 2.135637 (0.017271)
potential : -4.310267 (0.017292)
energy : -2.174630 (0.000161)

kinetic : 2.134259 (0.017283)
potential : -4.308893 (0.017304)
energy : -2.174634 (0.000160)

kinetic : 2.136424 (0.017376)
potential : -4.311060 (0.017397)
energy : -2.174636 (0.000160)

kinetic : 2.140862 (0.017893)
potential : -4.315488 (0.017911)
energy : -2.174626 (0.000160)

kinetic : 2.140891 (0.017850)
potential : -4.315529 (0.017867)
energy : -2.174639 (0.000160)

kinetic : 2.141581 (0.017820)
potential : -4.316222 (0.017837)
energy : -2.174641 (0.000159)

kinetic : 2.141055 (0.017784)
potential : -4.315702 (0.017802)
energy : -2.174646 (0.000159)

kinetic : 2.141307 (0.017743)
potential : -4.315947 (0.017760)
energy : -2.174640 (0.000159)

kinetic : 2.142136 (0.017720)
potential : -4.316774 (0.017737)
energy : -2.174638 (0.000158)

kinetic : 2.141645 (0.017684)
potential : -4.316277 (0.017701)
energy : -2.174631 (0.000158)

kinetic : 2.140634 (0.017670)
potential : -4.315268 (0.017687)
energy : -2.174634 (0.000158)

kinetic : 2.140401 (0.017629)
potential : -4.315036 (0.017646)
energy : -2.174635 (0.000157)

kinetic : 2.140443 (0.017587)
potential : -4.315060 (0.017604)
energy : -2.174617 (0.000158)

kinetic : 2.139891 (0.017554)
potential : -4.314511 (0.017571)
energy : -2.174620 (0.000158)

kinetic : 2.139135 (0.017529)
potential : -4.313756 (0.017545)
energy : -2.174621 (0.000157)

kinetic : 2.138929 (0.017488)
potential : -4.313553 (0.017505)
energy : -2.174624 (0.000157)

kinetic : 2.139100 (0.017448)
potential : -4.313723 (0.017464)
energy : -2.174623 (0.000157)

kinetic : 2.139937 (0.017427)
potential : -4.314564 (0.017443)
energy : -2.174627 (0.000156)

kinetic : 2.140083 (0.017386)
potential : -4.314714 (0.017403)
energy : -2.174631 (0.000156)

kinetic : 2.140237 (0.017346)
potential : -4.314867 (0.017363)
energy : -2.174630 (0.000156)

kinetic : 2.140324 (0.017306)
potential : -4.314940 (0.017322)
energy : -2.174616 (0.000156)

kinetic : 2.140375 (0.017265)
potential : -4.314997 (0.017282)
energy : -2.174622 (0.000156)

kinetic : 2.142827 (0.017398)
potential : -4.317458 (0.017416)
energy : -2.174632 (0.000156)

kinetic : 2.146225 (0.017688)
potential : -4.320856 (0.017705)
energy : -2.174631 (0.000155)

kinetic : 2.145679 (0.017655)
potential : -4.320309 (0.017672)
energy : -2.174631 (0.000155)

kinetic : 2.149372 (0.017997)
potential : -4.323992 (0.018012)
energy : -2.174620 (0.000155)

kinetic : 2.150158 (0.017973)
potential : -4.324779 (0.017987)
energy : -2.174621 (0.000155)

kinetic : 2.150173 (0.017931)
potential : -4.324789 (0.017946)
energy : -2.174616 (0.000154)

kinetic : 2.150377 (0.017891)
potential : -4.324990 (0.017906)
energy : -2.174613 (0.000154)

kinetic : 2.149585 (0.017868)
potential : -4.324182 (0.017883)
energy : -2.174598 (0.000154)

kinetic : 2.149233 (0.017830)
potential : -4.323821 (0.017845)
energy : -2.174587 (0.000154)

kinetic : 2.148701 (0.017797)
potential : -4.323286 (0.017813)
energy : -2.174585 (0.000154)

kinetic : 2.149217 (0.017764)
potential : -4.323804 (0.017780)
energy : -2.174588 (0.000154)

kinetic : 2.149517 (0.017726)
potential : -4.324115 (0.017742)
energy : -2.174599 (0.000154)

kinetic : 2.150569 (0.017717)
potential : -4.325179 (0.017734)
energy : -2.174611 (0.000154)

kinetic : 2.150565 (0.017677)
potential : -4.325180 (0.017693)
energy : -2.174615 (0.000154)

kinetic : 2.150338 (0.017639)
potential : -4.324953 (0.017655)
energy : -2.174615 (0.000153)

kinetic : 2.149959 (0.017603)
potential : -4.324573 (0.017619)
energy : -2.174613 (0.000153)

kinetic : 2.150011 (0.017564)
potential : -4.324629 (0.017580)
energy : -2.174619 (0.000153)

kinetic : 2.148856 (0.017562)
potential : -4.323493 (0.017577)
energy : -2.174637 (0.000154)

kinetic : 2.147920 (0.017548)
potential : -4.322560 (0.017562)
energy : -2.174640 (0.000153)

kinetic : 2.149025 (0.017543)
potential : -4.323662 (0.017558)
energy : -2.174637 (0.000153)

kinetic : 2.148131 (0.017527)
potential : -4.322773 (0.017541)
energy : -2.174642 (0.000153)

kinetic : 2.148044 (0.017488)
potential : -4.322672 (0.017502)
energy : -2.174629 (0.000153)

kinetic : 2.148578 (0.017458)
potential : -4.323200 (0.017471)
energy : -2.174622 (0.000153)

kinetic : 2.148919 (0.017422)
potential : -4.323546 (0.017436)
energy : -2.174627 (0.000152)

kinetic : 2.149075 (0.017385)
potential : -4.323701 (0.017398)
energy : -2.174626 (0.000152)

kinetic : 2.148126 (0.017372)
potential : -4.322751 (0.017386)
energy : -2.174625 (0.000152)

kinetic : 2.147967 (0.017335)
potential : -4.322595 (0.017348)
energy : -2.174628 (0.000151)

kinetic : 2.147256 (0.017311)
potential : -4.321869 (0.017326)
energy : -2.174613 (0.000152)

kinetic : 2.147482 (0.017275)
potential : -4.322104 (0.017289)
energy : -2.174622 (0.000152)

kinetic : 2.147020 (0.017243)
potential : -4.321638 (0.017258)
energy : -2.174618 (0.000152)

kinetic : 2.146867 (0.017206)
potential : -4.321487 (0.017221)
energy : -2.174620 (0.000151)

kinetic : 2.147629 (0.017186)
potential : -4.322245 (0.017200)
energy : -2.174616 (0.000151)

kinetic : 2.146589 (0.017180)
potential : -4.321201 (0.017194)
energy : -2.174613 (0.000151)

kinetic : 2.146327 (0.017145)
potential : -4.320941 (0.017159)
energy : -2.174614 (0.000150)

kinetic : 2.146288 (0.017108)
potential : -4.320896 (0.017122)
energy : -2.174608 (0.000150)

kinetic : 2.145684 (0.017082)
potential : -4.320281 (0.017096)
energy : -2.174597 (0.000150)

kinetic : 2.145173 (0.017052)
potential : -4.319770 (0.017067)
energy : -2.174597 (0.000150)

kinetic : 2.144215 (0.017043)
potential : -4.318809 (0.017057)
energy : -2.174594 (0.000150)

kinetic : 2.144170 (0.017006)
potential : -4.318762 (0.017021)
energy : -2.174592 (0.000149)

kinetic : 2.143603 (0.016979)
potential : -4.318185 (0.016994)
energy : -2.174582 (0.000149)

kinetic : 2.143762 (0.016944)
potential : -4.318334 (0.016959)
energy : -2.174572 (0.000149)

kinetic : 2.144763 (0.016937)
potential : -4.319329 (0.016952)
energy : -2.174567 (0.000149)

kinetic : 2.144343 (0.016907)
potential : -4.318916 (0.016921)
energy : -2.174572 (0.000149)

kinetic : 2.144114 (0.016872)
potential : -4.318699 (0.016886)
energy : -2.174585 (0.000149)

kinetic : 2.143078 (0.016868)
potential : -4.317661 (0.016883)
energy : -2.174583 (0.000149)

kinetic : 2.142744 (0.016836)
potential : -4.317320 (0.016850)
energy : -2.174577 (0.000149)

kinetic : 2.142757 (0.016801)
potential : -4.317337 (0.016815)
energy : -2.174580 (0.000148)

kinetic : 2.141329 (0.016826)
potential : -4.315897 (0.016841)
energy : -2.174568 (0.000149)

kinetic : 2.143793 (0.016971)
potential : -4.318382 (0.016989)
energy : -2.174589 (0.000150)

kinetic : 2.144288 (0.016942)
potential : -4.318882 (0.016961)
energy : -2.174595 (0.000150)

kinetic : 2.145999 (0.016993)
potential : -4.320580 (0.017010)
energy : -2.174581 (0.000150)

kinetic : 2.146406 (0.016963)
potential : -4.320990 (0.016979)
energy : -2.174584 (0.000150)

kinetic : 2.145138 (0.016975)
potential : -4.319721 (0.016992)
energy : -2.174584 (0.000149)

kinetic : 2.145980 (0.016961)
potential : -4.320567 (0.016977)
energy : -2.174587 (0.000149)

kinetic : 2.145572 (0.016930)
potential : -4.320150 (0.016947)
energy : -2.174577 (0.000149)

kinetic : 2.146377 (0.016914)
potential : -4.320955 (0.016931)
energy : -2.174578 (0.000149)

kinetic : 2.145958 (0.016885)
potential : -4.320535 (0.016902)
energy : -2.174577 (0.000148)

kinetic : 2.146183 (0.016851)
potential : -4.320758 (0.016868)
energy : -2.174575 (0.000148)

kinetic : 2.146207 (0.016817)
potential : -4.320788 (0.016834)
energy : -2.174581 (0.000148)

kinetic : 2.145509 (0.016797)
potential : -4.320084 (0.016814)
energy : -2.174575 (0.000148)

kinetic : 2.145265 (0.016764)
potential : -4.319841 (0.016781)
energy : -2.174576 (0.000148)

kinetic : 2.145135 (0.016730)
potential : -4.319716 (0.016747)
energy : -2.174580 (0.000147)

kinetic : 2.145455 (0.016699)
potential : -4.320026 (0.016716)
energy : -2.174571 (0.000147)

kinetic : 2.145034 (0.016671)
potential : -4.319609 (0.016687)
energy : -2.174575 (0.000147)

kinetic : 2.144682 (0.016641)
potential : -4.319262 (0.016657)
energy : -2.174581 (0.000147)

kinetic : 2.145429 (0.016624)
potential : -4.320008 (0.016640)
energy : -2.174579 (0.000147)

kinetic : 2.145301 (0.016591)
potential : -4.319882 (0.016607)
energy : -2.174580 (0.000146)

kinetic : 2.144560 (0.016574)
potential : -4.319133 (0.016590)
energy : -2.174573 (0.000146)

kinetic : 2.143954 (0.016551)
potential : -4.318532 (0.016568)
energy : -2.174578 (0.000146)

kinetic : 2.143479 (0.016525)
potential : -4.318062 (0.016541)
energy : -2.174583 (0.000146)

kinetic : 2.143166 (0.016495)
potential : -4.317749 (0.016511)
energy : -2.174583 (0.000145)

kinetic : 2.142581 (0.016472)
potential : -4.317170 (0.016488)
energy : -2.174590 (0.000145)

kinetic : 2.142249 (0.016443)
potential : -4.316840 (0.016458)
energy : -2.174590 (0.000145)

kinetic : 2.141258 (0.016440)
potential : -4.315852 (0.016455)
energy : -2.174594 (0.000145)

kinetic : 2.141547 (0.016410)
potential : -4.316127 (0.016425)
energy : -2.174580 (0.000145)

kinetic : 2.142102 (0.016386)
potential : -4.316684 (0.016402)
energy : -2.174582 (0.000145)

kinetic : 2.142263 (0.016355)
potential : -4.316851 (0.016370)
energy : -2.174587 (0.000145)

kinetic : 2.141922 (0.016326)
potential : -4.316516 (0.016341)
energy : -2.174595 (0.000145)

kinetic : 2.141275 (0.016307)
potential : -4.315871 (0.016321)
energy : -2.174596 (0.000144)

kinetic : 2.141147 (0.016275)
potential : -4.315737 (0.016290)
energy : -2.174590 (0.000144)

kinetic : 2.140958 (0.016244)
potential : -4.315547 (0.016259)
energy : -2.174589 (0.000144)

kinetic : 2.141033 (0.016212)
potential : -4.315630 (0.016227)
energy : -2.174597 (0.000144)

kinetic : 2.140275 (0.016198)
potential : -4.314872 (0.016213)
energy : -2.174597 (0.000143)

kinetic : 2.139210 (0.016202)
potential : -4.313798 (0.016217)
energy : -2.174589 (0.000143)

kinetic : 2.138571 (0.016183)
potential : -4.313159 (0.016198)
energy : -2.174588 (0.000143)

kinetic : 2.139348 (0.016170)
potential : -4.313940 (0.016185)
energy : -2.174592 (0.000143)

kinetic : 2.139057 (0.016141)
potential : -4.313648 (0.016157)
energy : -2.174591 (0.000143)

kinetic : 2.139176 (0.016110)
potential : -4.313766 (0.016126)
energy : -2.174590 (0.000142)

kinetic : 2.138795 (0.016083)
potential : -4.313389 (0.016099)
energy : -2.174594 (0.000142)

kinetic : 2.138240 (0.016062)
potential : -4.312830 (0.016077)
energy : -2.174591 (0.000142)

kinetic : 2.138976 (0.016048)
potential : -4.313559 (0.016063)
energy : -2.174582 (0.000142)

kinetic : 2.138879 (0.016017)
potential : -4.313462 (0.016032)
energy : -2.174583 (0.000142)

kinetic : 2.138726 (0.015987)
potential : -4.313321 (0.016002)
energy : -2.174595 (0.000142)

kinetic : 2.138794 (0.015957)
potential : -4.313384 (0.015972)
energy : -2.174591 (0.000142)

kinetic : 2.138242 (0.015936)
potential : -4.312828 (0.015951)
energy : -2.174587 (0.000141)

kinetic : 2.139228 (0.015936)
potential : -4.313821 (0.015951)
energy : -2.174593 (0.000141)

kinetic : 2.138707 (0.015914)
potential : -4.313299 (0.015929)
energy : -2.174592 (0.000141)

kinetic : 2.138047 (0.015898)
potential : -4.312636 (0.015913)
energy : -2.174590 (0.000141)

kinetic : 2.137963 (0.015868)
potential : -4.312554 (0.015883)
energy : -2.174591 (0.000141)

kinetic : 2.137707 (0.015840)
potential : -4.312295 (0.015855)
energy : -2.174588 (0.000140)

kinetic : 2.138022 (0.015813)
potential : -4.312613 (0.015828)
energy : -2.174591 (0.000140)

kinetic : 2.138468 (0.015789)
potential : -4.313061 (0.015804)
energy : -2.174593 (0.000140)

kinetic : 2.138682 (0.015761)
potential : -4.313270 (0.015776)
energy : -2.174587 (0.000140)

kinetic : 2.138044 (0.015744)
potential : -4.312625 (0.015760)
energy : -2.174580 (0.000140)

kinetic : 2.137254 (0.015734)
potential : -4.311826 (0.015750)
energy : -2.174572 (0.000140)

kinetic : 2.137170 (0.015705)
potential : -4.311746 (0.015721)
energy : -2.174576 (0.000139)

kinetic : 2.136927 (0.015678)
potential : -4.311507 (0.015693)
energy : -2.174580 (0.000139)

kinetic : 2.136376 (0.015658)
potential : -4.310955 (0.015674)
energy : -2.174579 (0.000139)

kinetic : 2.136723 (0.015633)
potential : -4.311300 (0.015648)
energy : -2.174577 (0.000139)

kinetic : 2.136728 (0.015604)
potential : -4.311310 (0.015619)
energy : -2.174582 (0.000139)

kinetic : 2.136173 (0.015585)
potential : -4.310751 (0.015600)
energy : -2.174578 (0.000138)

kinetic : 2.138967 (0.015805)
potential : -4.313549 (0.015821)
energy : -2.174582 (0.000138)

kinetic : 2.138301 (0.015789)
potential : -4.312884 (0.015806)
energy : -2.174583 (0.000138)

kinetic : 2.137971 (0.015764)
potential : -4.312561 (0.015780)
energy : -2.174590 (0.000138)

kinetic : 2.137928 (0.015735)
potential : -4.312505 (0.015751)
energy : -2.174577 (0.000138)

kinetic : 2.138286 (0.015710)
potential : -4.312862 (0.015726)
energy : -2.174576 (0.000138)

kinetic : 2.139036 (0.015699)
potential : -4.313609 (0.015715)
energy : -2.174573 (0.000138)

kinetic : 2.137910 (0.015711)
potential : -4.312476 (0.015727)
energy : -2.174567 (0.000138)

kinetic : 2.138699 (0.015702)
potential : -4.313258 (0.015717)
energy : -2.174559 (0.000137)

kinetic : 2.138840 (0.015674)
potential : -4.313393 (0.015689)
energy : -2.174554 (0.000137)

kinetic : 2.138376 (0.015652)
potential : -4.312924 (0.015668)
energy : -2.174548 (0.000137)

kinetic : 2.138795 (0.015629)
potential : -4.313341 (0.015645)
energy : -2.174546 (0.000137)

kinetic : 2.138938 (0.015601)
potential : -4.313484 (0.015617)
energy : -2.174546 (0.000137)

kinetic : 2.138962 (0.015573)
potential : -4.313500 (0.015589)
energy : -2.174538 (0.000137)

kinetic : 2.139067 (0.015545)
potential : -4.313609 (0.015561)
energy : -2.174542 (0.000137)

kinetic : 2.138819 (0.015519)
potential : -4.313373 (0.015535)
energy : -2.174554 (0.000137)

kinetic : 2.139377 (0.015501)
potential : -4.313929 (0.015517)
energy : -2.174552 (0.000137)

kinetic : 2.140368 (0.015505)
potential : -4.314916 (0.015520)
energy : -2.174548 (0.000136)

kinetic : 2.139902 (0.015484)
potential : -4.314446 (0.015499)
energy : -2.174544 (0.000136)

kinetic : 2.139844 (0.015456)
potential : -4.314396 (0.015471)
energy : -2.174551 (0.000136)

kinetic : 2.139136 (0.015445)
potential : -4.313690 (0.015460)
energy : -2.174554 (0.000136)

kinetic : 2.138965 (0.015418)
potential : -4.313534 (0.015433)
energy : -2.174570 (0.000137)

kinetic : 2.140249 (0.015444)
potential : -4.314818 (0.015459)
energy : -2.174569 (0.000136)

kinetic : 2.139569 (0.015432)
potential : -4.314132 (0.015447)
energy : -2.174562 (0.000136)

kinetic : 2.139871 (0.015407)
potential : -4.314435 (0.015422)
energy : -2.174563 (0.000136)

kinetic : 2.140472 (0.015392)
potential : -4.315036 (0.015406)
energy : -2.174564 (0.000136)

kinetic : 2.140016 (0.015371)
potential : -4.314576 (0.015386)
energy : -2.174559 (0.000136)

kinetic : 2.141031 (0.015378)
potential : -4.315598 (0.015393)
energy : -2.174568 (0.000136)

kinetic : 2.140236 (0.015371)
potential : -4.314799 (0.015386)
energy : -2.174562 (0.000135)

kinetic : 2.140888 (0.015358)
potential : -4.315448 (0.015373)
energy : -2.174560 (0.000135)

kinetic : 2.140525 (0.015335)
potential : -4.315086 (0.015350)
energy : -2.174560 (0.000135)

kinetic : 2.140976 (0.015315)
potential : -4.315547 (0.015330)
energy : -2.174571 (0.000135)

kinetic : 2.140622 (0.015292)
potential : -4.315196 (0.015307)
energy : -2.174574 (0.000135)

kinetic : 2.139786 (0.015288)
potential : -4.314360 (0.015304)
energy : -2.174573 (0.000135)

kinetic : 2.140094 (0.015264)
potential : -4.314674 (0.015280)
energy : -2.174579 (0.000135)

kinetic : 2.139715 (0.015243)
potential : -4.314294 (0.015258)
energy : -2.174578 (0.000134)

kinetic : 2.142207 (0.015419)
potential : -4.316787 (0.015434)
energy : -2.174580 (0.000134)

kinetic : 2.142024 (0.015393)
potential : -4.316607 (0.015409)
energy : -2.174583 (0.000134)

kinetic : 2.142824 (0.015387)
potential : -4.317407 (0.015403)
energy : -2.174583 (0.000134)

kinetic : 2.142115 (0.015377)
potential : -4.316697 (0.015392)
energy : -2.174582 (0.000134)

kinetic : 2.142042 (0.015350)
potential : -4.316626 (0.015366)
energy : -2.174584 (0.000133)

kinetic : 2.142208 (0.015325)
potential : -4.316797 (0.015340)
energy : -2.174588 (0.000133)

kinetic : 2.141737 (0.015306)
potential : -4.316323 (0.015321)
energy : -2.174586 (0.000133)

kinetic : 2.141717 (0.015279)
potential : -4.316295 (0.015295)
energy : -2.174578 (0.000133)

kinetic : 2.142246 (0.015262)
potential : -4.316819 (0.015278)
energy : -2.174573 (0.000133)

kinetic : 2.141752 (0.015244)
potential : -4.316324 (0.015259)
energy : -2.174572 (0.000133)

kinetic : 2.142467 (0.015235)
potential : -4.317034 (0.015250)
energy : -2.174566 (0.000132)

kinetic : 2.142522 (0.015209)
potential : -4.317085 (0.015224)
energy : -2.174563 (0.000132)

kinetic : 2.141927 (0.015195)
potential : -4.316500 (0.015209)
energy : -2.174573 (0.000132)

kinetic : 2.141931 (0.015169)
potential : -4.316507 (0.015183)
energy : -2.174575 (0.000132)

kinetic : 2.141277 (0.015157)
potential : -4.315852 (0.015172)
energy : -2.174575 (0.000132)

kinetic : 2.141206 (0.015132)
potential : -4.315797 (0.015146)
energy : -2.174591 (0.000133)

kinetic : 2.140941 (0.015108)
potential : -4.315531 (0.015123)
energy : -2.174590 (0.000133)

kinetic : 2.141648 (0.015099)
potential : -4.316237 (0.015114)
energy : -2.174588 (0.000132)

kinetic : 2.142971 (0.015132)
potential : -4.317558 (0.015146)
energy : -2.174587 (0.000132)

kinetic : 2.142339 (0.015119)
potential : -4.316927 (0.015133)
energy : -2.174588 (0.000132)

kinetic : 2.141619 (0.015111)
potential : -4.316197 (0.015126)
energy : -2.174578 (0.000132)

kinetic : 2.141535 (0.015086)
potential : -4.316105 (0.015100)
energy : -2.174571 (0.000132)

kinetic : 2.140838 (0.015077)
potential : -4.315404 (0.015091)
energy : -2.174566 (0.000132)

kinetic : 2.140497 (0.015055)
potential : -4.315062 (0.015070)
energy : -2.174565 (0.000132)

kinetic : 2.140026 (0.015038)
potential : -4.314590 (0.015052)
energy : -2.174564 (0.000131)

kinetic : 2.140010 (0.015013)
potential : -4.314568 (0.015027)
energy : -2.174558 (0.000131)

kinetic : 2.140571 (0.014998)
potential : -4.315138 (0.015013)
energy : -2.174567 (0.000132)

kinetic : 2.140510 (0.014973)
potential : -4.315078 (0.014988)
energy : -2.174568 (0.000131)

kinetic : 2.140137 (0.014953)
potential : -4.314704 (0.014968)
energy : -2.174567 (0.000131)

kinetic : 2.140289 (0.014929)
potential : -4.314853 (0.014944)
energy : -2.174564 (0.000131)

kinetic : 2.140540 (0.014906)
potential : -4.315102 (0.014921)
energy : -2.174562 (0.000131)

kinetic : 2.141084 (0.014892)
potential : -4.315653 (0.014907)
energy : -2.174569 (0.000131)

kinetic : 2.140952 (0.014868)
potential : -4.315518 (0.014883)
energy : -2.174566 (0.000131)

kinetic : 2.141152 (0.014845)
potential : -4.315712 (0.014860)
energy : -2.174560 (0.000130)

kinetic : 2.141451 (0.014823)
potential : -4.316002 (0.014838)
energy : -2.174551 (0.000131)

kinetic : 2.141177 (0.014802)
potential : -4.315728 (0.014816)
energy : -2.174551 (0.000130)

kinetic : 2.140598 (0.014789)
potential : -4.315149 (0.014803)
energy : -2.174551 (0.000130)

kinetic : 2.141019 (0.014770)
potential : -4.315575 (0.014785)
energy : -2.174557 (0.000130)

kinetic : 2.141145 (0.014747)
potential : -4.315709 (0.014762)
energy : -2.174563 (0.000130)

kinetic : 2.141161 (0.014723)
potential : -4.315730 (0.014738)
energy : -2.174569 (0.000130)

kinetic : 2.141203 (0.014699)
potential : -4.315774 (0.014714)
energy : -2.174571 (0.000130)

kinetic : 2.141272 (0.014675)
potential : -4.315843 (0.014690)
energy : -2.174570 (0.000129)

kinetic : 2.141263 (0.014651)
potential : -4.315829 (0.014666)
energy : -2.174566 (0.000129)

kinetic : 2.140617 (0.014642)
potential : -4.315178 (0.014657)
energy : -2.174561 (0.000129)

kinetic : 2.140848 (0.014620)
potential : -4.315412 (0.014635)
energy : -2.174564 (0.000129)

kinetic : 2.140466 (0.014601)
potential : -4.315023 (0.014617)
energy : -2.174557 (0.000129)

kinetic : 2.140054 (0.014584)
potential : -4.314606 (0.014599)
energy : -2.174552 (0.000129)

kinetic : 2.139658 (0.014566)
potential : -4.314216 (0.014581)
energy : -2.174558 (0.000129)

kinetic : 2.139076 (0.014554)
potential : -4.313630 (0.014569)
energy : -2.174554 (0.000129)

kinetic : 2.139003 (0.014531)
potential : -4.313559 (0.014546)
energy : -2.174556 (0.000129)

kinetic : 2.140206 (0.014557)
potential : -4.314764 (0.014573)
energy : -2.174558 (0.000128)

kinetic : 2.139537 (0.014549)
potential : -4.314099 (0.014564)
energy : -2.174562 (0.000128)

kinetic : 2.140021 (0.014534)
potential : -4.314587 (0.014549)
energy : -2.174566 (0.000128)

kinetic : 2.140558 (0.014521)
potential : -4.315122 (0.014536)
energy : -2.174564 (0.000128)

kinetic : 2.140549 (0.014498)
potential : -4.315108 (0.014513)
energy : -2.174559 (0.000128)

kinetic : 2.140493 (0.014475)
potential : -4.315051 (0.014490)
energy : -2.174558 (0.000128)

kinetic : 2.139734 (0.014472)
potential : -4.314297 (0.014487)
energy : -2.174563 (0.000127)

kinetic : 2.139389 (0.014453)
potential : -4.313944 (0.014468)
energy : -2.174554 (0.000128)

kinetic : 2.139098 (0.014433)
potential : -4.313646 (0.014448)
energy : -2.174548 (0.000127)

kinetic : 2.139696 (0.014423)
potential : -4.314244 (0.014438)
energy : -2.174548 (0.000127)

kinetic : 2.140438 (0.014419)
potential : -4.314995 (0.014435)
energy : -2.174557 (0.000127)

kinetic : 2.142995 (0.014622)
potential : -4.317552 (0.014637)
energy : -2.174558 (0.000127)

kinetic : 2.143418 (0.014605)
potential : -4.317975 (0.014620)
energy : -2.174558 (0.000127)

kinetic : 2.142836 (0.014594)
potential : -4.317403 (0.014608)
energy : -2.174566 (0.000127)

kinetic : 2.142633 (0.014572)
potential : -4.317200 (0.014587)
energy : -2.174567 (0.000127)

kinetic : 2.143087 (0.014556)
potential : -4.317652 (0.014571)
energy : -2.174566 (0.000127)

kinetic : 2.142733 (0.014538)
potential : -4.317298 (0.014553)
energy : -2.174565 (0.000127)

kinetic : 2.142563 (0.014516)
potential : -4.317138 (0.014531)
energy : -2.174574 (0.000127)

kinetic : 2.143736 (0.014541)
potential : -4.318312 (0.014556)
energy : -2.174576 (0.000127)

kinetic : 2.143927 (0.014520)
potential : -4.318499 (0.014534)
energy : -2.174573 (0.000126)

kinetic : 2.143289 (0.014511)
potential : -4.317866 (0.014526)
energy : -2.174576 (0.000126)

kinetic : 2.143050 (0.014491)
potential : -4.317623 (0.014505)
energy : -2.174574 (0.000126)

kinetic : 2.142757 (0.014471)
potential : -4.317329 (0.014486)
energy : -2.174572 (0.000126)

kinetic : 2.142783 (0.014449)
potential : -4.317357 (0.014463)
energy : -2.174574 (0.000126)

kinetic : 2.142274 (0.014436)
potential : -4.316854 (0.014450)
energy : -2.174580 (0.000126)

kinetic : 2.141660 (0.014427)
potential : -4.316242 (0.014441)
energy : -2.174581 (0.000125)

kinetic : 2.141984 (0.014408)
potential : -4.316557 (0.014422)
energy : -2.174573 (0.000125)

kinetic : 2.141959 (0.014386)
potential : -4.316528 (0.014400)
energy : -2.174570 (0.000125)

kinetic : 2.141427 (0.014374)
potential : -4.315990 (0.014388)
energy : -2.174563 (0.000125)

kinetic : 2.142427 (0.014386)
potential : -4.316992 (0.014401)
energy : -2.174566 (0.000125)

kinetic : 2.142402 (0.014365)
potential : -4.316967 (0.014379)
energy : -2.174565 (0.000125)

kinetic : 2.143082 (0.014359)
potential : -4.317648 (0.014373)
energy : -2.174566 (0.000125)

kinetic : 2.143566 (0.014345)
potential : -4.318132 (0.014359)
energy : -2.174566 (0.000125)

kinetic : 2.143153 (0.014329)
potential : -4.317714 (0.014343)
energy : -2.174562 (0.000124)

kinetic : 2.143629 (0.014315)
potential : -4.318192 (0.014330)
energy : -2.174563 (0.000124)

kinetic : 2.143159 (0.014301)
potential : -4.317726 (0.014315)
energy : -2.174568 (0.000124)

kinetic : 2.142514 (0.014294)
potential : -4.317076 (0.014309)
energy : -2.174562 (0.000124)

kinetic : 2.142715 (0.014274)
potential : -4.317276 (0.014288)
energy : -2.174560 (0.000124)

kinetic : 2.142604 (0.014253)
potential : -4.317158 (0.014267)
energy : -2.174553 (0.000124)

kinetic : 2.142559 (0.014232)
potential : -4.317118 (0.014246)
energy : -2.174559 (0.000124)

kinetic : 2.141822 (0.014229)
potential : -4.316381 (0.014243)
energy : -2.174559 (0.000124)

kinetic : 2.141434 (0.014213)
potential : -4.315990 (0.014227)
energy : -2.174556 (0.000124)

kinetic : 2.141277 (0.014193)
potential : -4.315839 (0.014207)
energy : -2.174563 (0.000124)

kinetic : 2.141030 (0.014174)
potential : -4.315598 (0.014188)
energy : -2.174568 (0.000123)

kinetic : 2.141278 (0.014155)
potential : -4.315859 (0.014169)
energy : -2.174581 (0.000124)

kinetic : 2.141027 (0.014136)
potential : -4.315608 (0.014150)
energy : -2.174581 (0.000124)

kinetic : 2.140752 (0.014117)
potential : -4.315326 (0.014132)
energy : -2.174574 (0.000124)

kinetic : 2.141054 (0.014099)
potential : -4.315631 (0.014114)
energy : -2.174577 (0.000124)

kinetic : 2.141775 (0.014097)
potential : -4.316355 (0.014111)
energy : -2.174580 (0.000124)

kinetic : 2.141349 (0.014082)
potential : -4.315935 (0.014097)
energy : -2.174586 (0.000124)

kinetic : 2.141493 (0.014062)
potential : -4.316091 (0.014077)
energy : -2.174598 (0.000124)

kinetic : 2.142594 (0.014085)
potential : -4.317198 (0.014099)
energy : -2.174605 (0.000124)

kinetic : 2.142753 (0.014065)
potential : -4.317354 (0.014079)
energy : -2.174601 (0.000124)

kinetic : 2.142286 (0.014052)
potential : -4.316887 (0.014066)
energy : -2.174601 (0.000124)

kinetic : 2.142045 (0.014033)
potential : -4.316638 (0.014048)
energy : -2.174594 (0.000124)

kinetic : 2.141592 (0.014020)
potential : -4.316185 (0.014035)
energy : -2.174592 (0.000123)

kinetic : 2.142361 (0.014020)
potential : -4.316950 (0.014035)
energy : -2.174589 (0.000123)

kinetic : 2.142314 (0.014000)
potential : -4.316906 (0.014014)
energy : -2.174592 (0.000123)

kinetic : 2.142384 (0.013979)
potential : -4.316976 (0.013994)
energy : -2.174591 (0.000123)

kinetic : 2.141765 (0.013973)
potential : -4.316349 (0.013987)
energy : -2.174585 (0.000123)

kinetic : 2.141544 (0.013954)
potential : -4.316133 (0.013969)
energy : -2.174589 (0.000123)

kinetic : 2.141313 (0.013936)
potential : -4.315905 (0.013950)
energy : -2.174592 (0.000123)

kinetic : 2.141208 (0.013916)
potential : -4.315798 (0.013930)
energy : -2.174590 (0.000123)

kinetic : 2.142177 (0.013929)
potential : -4.316767 (0.013944)
energy : -2.174591 (0.000122)

kinetic : 2.142153 (0.013909)
potential : -4.316741 (0.013924)
energy : -2.174588 (0.000122)

kinetic : 2.142152 (0.013889)
potential : -4.316735 (0.013903)
energy : -2.174584 (0.000122)

kinetic : 2.142460 (0.013872)
potential : -4.317049 (0.013887)
energy : -2.174589 (0.000122)

kinetic : 2.142097 (0.013857)
potential : -4.316683 (0.013872)
energy : -2.174587 (0.000122)

kinetic : 2.142041 (0.013837)
potential : -4.316625 (0.013852)
energy : -2.174585 (0.000122)

kinetic : 2.141761 (0.013820)
potential : -4.316349 (0.013834)
energy : -2.174588 (0.000122)

kinetic : 2.141278 (0.013808)
potential : -4.315858 (0.013823)
energy : -2.174580 (0.000122)

kinetic : 2.141092 (0.013790)
potential : -4.315681 (0.013804)
energy : -2.174589 (0.000122)

kinetic : 2.140500 (0.013783)
potential : -4.315089 (0.013797)
energy : -2.174589 (0.000122)

kinetic : 2.141472 (0.013797)
potential : -4.316065 (0.013812)
energy : -2.174592 (0.000122)

kinetic : 2.141824 (0.013782)
potential : -4.316420 (0.013797)
energy : -2.174596 (0.000122)

kinetic : 2.142680 (0.013789)
potential : -4.317277 (0.013804)
energy : -2.174597 (0.000121)

kinetic : 2.142354 (0.013773)
potential : -4.316949 (0.013788)
energy : -2.174595 (0.000121)

kinetic : 2.141849 (0.013763)
potential : -4.316444 (0.013778)
energy : -2.174596 (0.000121)

kinetic : 2.142890 (0.013782)
potential : -4.317485 (0.013797)
energy : -2.174595 (0.000121)

kinetic : 2.142362 (0.013773)
potential : -4.316957 (0.013788)
energy : -2.174595 (0.000121)

kinetic : 2.141794 (0.013765)
potential : -4.316387 (0.013780)
energy : -2.174593 (0.000121)

kinetic : 2.141456 (0.013750)
potential : -4.316047 (0.013765)
energy : -2.174590 (0.000120)

kinetic : 2.140954 (0.013739)
potential : -4.315542 (0.013754)
energy : -2.174587 (0.000120)

kinetic : 2.141164 (0.013722)
potential : -4.315751 (0.013737)
energy : -2.174587 (0.000120)

kinetic : 2.141391 (0.013704)
potential : -4.315976 (0.013719)
energy : -2.174585 (0.000120)

kinetic : 2.140760 (0.013699)
potential : -4.315354 (0.013714)
energy : -2.174594 (0.000120)

kinetic : 2.140658 (0.013681)
potential : -4.315252 (0.013695)
energy : -2.174594 (0.000120)

kinetic : 2.140607 (0.013661)
potential : -4.315201 (0.013676)
energy : -2.174595 (0.000120)

kinetic : 2.140875 (0.013645)
potential : -4.315475 (0.013659)
energy : -2.174600 (0.000120)

kinetic : 2.140934 (0.013626)
potential : -4.315533 (0.013640)
energy : -2.174600 (0.000120)

kinetic : 2.140819 (0.013607)
potential : -4.315416 (0.013622)
energy : -2.174597 (0.000119)

kinetic : 2.140702 (0.013589)
potential : -4.315299 (0.013603)
energy : -2.174597 (0.000119)

kinetic : 2.140207 (0.013579)
potential : -4.314812 (0.013593)
energy : -2.174605 (0.000119)

kinetic : 2.141113 (0.013590)
potential : -4.315716 (0.013604)
energy : -2.174604 (0.000119)

kinetic : 2.141441 (0.013575)
potential : -4.316043 (0.013589)
energy : -2.174602 (0.000119)

kinetic : 2.141099 (0.013561)
potential : -4.315709 (0.013574)
energy : -2.174610 (0.000119)

kinetic : 2.140725 (0.013547)
potential : -4.315330 (0.013561)
energy : -2.174605 (0.000119)

kinetic : 2.140029 (0.013546)
potential : -4.314624 (0.013560)
energy : -2.174595 (0.000119)

kinetic : 2.139399 (0.013542)
potential : -4.313996 (0.013556)
energy : -2.174597 (0.000119)

kinetic : 2.138846 (0.013534)
potential : -4.313432 (0.013549)
energy : -2.174586 (0.000119)

kinetic : 2.138903 (0.013516)
potential : -4.313488 (0.013531)
energy : -2.174585 (0.000119)

kinetic : 2.138628 (0.013500)
potential : -4.313207 (0.013515)
energy : -2.174579 (0.000119)

kinetic : 2.138711 (0.013482)
potential : -4.313289 (0.013496)
energy : -2.174579 (0.000119)

kinetic : 2.138236 (0.013472)
potential : -4.312809 (0.013486)
energy : -2.174573 (0.000119)

kinetic : 2.138097 (0.013454)
potential : -4.312668 (0.013469)
energy : -2.174571 (0.000119)

kinetic : 2.138401 (0.013439)
potential : -4.312970 (0.013454)
energy : -2.174569 (0.000119)

kinetic : 2.137933 (0.013429)
potential : -4.312503 (0.013443)
energy : -2.174570 (0.000119)

kinetic : 2.137769 (0.013411)
potential : -4.312337 (0.013426)
energy : -2.174569 (0.000118)

kinetic : 2.137837 (0.013393)
potential : -4.312405 (0.013408)
energy : -2.174568 (0.000118)

kinetic : 2.137648 (0.013376)
potential : -4.312216 (0.013391)
energy : -2.174568 (0.000118)

kinetic : 2.138188 (0.013369)
potential : -4.312757 (0.013384)
energy : -2.174568 (0.000118)

kinetic : 2.137647 (0.013362)
potential : -4.312215 (0.013376)
energy : -2.174568 (0.000118)

kinetic : 2.137334 (0.013347)
potential : -4.311897 (0.013362)
energy : -2.174563 (0.000118)

kinetic : 2.137806 (0.013337)
potential : -4.312365 (0.013352)
energy : -2.174560 (0.000118)

kinetic : 2.137359 (0.013327)
potential : -4.311916 (0.013342)
energy : -2.174557 (0.000118)

kinetic : 2.137560 (0.013310)
potential : -4.312114 (0.013325)
energy : -2.174554 (0.000117)

kinetic : 2.137012 (0.013304)
potential : -4.311559 (0.013319)
energy : -2.174547 (0.000117)

kinetic : 2.137073 (0.013286)
potential : -4.311627 (0.013301)
energy : -2.174554 (0.000118)

kinetic : 2.136689 (0.013274)
potential : -4.311243 (0.013288)
energy : -2.174555 (0.000117)

kinetic : 2.136318 (0.013261)
potential : -4.310870 (0.013276)
energy : -2.174551 (0.000117)

kinetic : 2.136264 (0.013243)
potential : -4.310819 (0.013258)
energy : -2.174555 (0.000117)

kinetic : 2.135882 (0.013231)
potential : -4.310436 (0.013246)
energy : -2.174554 (0.000117)

kinetic : 2.135881 (0.013213)
potential : -4.310438 (0.013228)
energy : -2.174556 (0.000117)

kinetic : 2.136052 (0.013197)
potential : -4.310607 (0.013211)
energy : -2.174555 (0.000117)

kinetic : 2.136134 (0.013179)
potential : -4.310684 (0.013194)
energy : -2.174549 (0.000117)

kinetic : 2.136235 (0.013162)
potential : -4.310786 (0.013177)
energy : -2.174551 (0.000117)

kinetic : 2.135519 (0.013164)
potential : -4.310063 (0.013179)
energy : -2.174544 (0.000117)

kinetic : 2.135559 (0.013147)
potential : -4.310101 (0.013162)
energy : -2.174542 (0.000116)

kinetic : 2.135295 (0.013132)
potential : -4.309835 (0.013147)
energy : -2.174540 (0.000116)

kinetic : 2.135087 (0.013116)
potential : -4.309619 (0.013131)
energy : -2.174532 (0.000116)

kinetic : 2.134369 (0.013118)
potential : -4.308910 (0.013133)
energy : -2.174541 (0.000117)

kinetic : 2.134196 (0.013102)
potential : -4.308737 (0.013117)
energy : -2.174540 (0.000116)

kinetic : 2.134324 (0.013085)
potential : -4.308866 (0.013100)
energy : -2.174542 (0.000116)

kinetic : 2.134296 (0.013068)
potential : -4.308833 (0.013083)
energy : -2.174537 (0.000116)

kinetic : 2.134429 (0.013052)
potential : -4.308970 (0.013066)
energy : -2.174542 (0.000116)

kinetic : 2.134327 (0.013035)
potential : -4.308868 (0.013049)
energy : -2.174541 (0.000116)

kinetic : 2.134013 (0.013021)
potential : -4.308555 (0.013036)
energy : -2.174542 (0.000116)

kinetic : 2.134753 (0.013025)
potential : -4.309295 (0.013040)
energy : -2.174542 (0.000116)

kinetic : 2.134532 (0.013010)
potential : -4.309070 (0.013025)
energy : -2.174538 (0.000116)

kinetic : 2.134441 (0.012993)
potential : -4.308977 (0.013008)
energy : -2.174537 (0.000115)

kinetic : 2.134410 (0.012977)
potential : -4.308944 (0.012991)
energy : -2.174534 (0.000115)

kinetic : 2.134239 (0.012961)
potential : -4.308775 (0.012975)
energy : -2.174536 (0.000115)

kinetic : 2.135324 (0.012989)
potential : -4.309860 (0.013004)
energy : -2.174536 (0.000115)

kinetic : 2.135702 (0.012978)
potential : -4.310231 (0.012992)
energy : -2.174529 (0.000115)

kinetic : 2.135442 (0.012963)
potential : -4.309970 (0.012978)
energy : -2.174528 (0.000115)

kinetic : 2.135557 (0.012947)
potential : -4.310083 (0.012961)
energy : -2.174526 (0.000115)

kinetic : 2.135613 (0.012930)
potential : -4.310139 (0.012945)
energy : -2.174527 (0.000115)

kinetic : 2.136179 (0.012926)
potential : -4.310706 (0.012940)
energy : -2.174527 (0.000115)

kinetic : 2.136829 (0.012926)
potential : -4.311351 (0.012940)
energy : -2.174522 (0.000115)

kinetic : 2.137231 (0.012915)
potential : -4.311748 (0.012929)
energy : -2.174517 (0.000114)

kinetic : 2.137140 (0.012899)
potential : -4.311651 (0.012913)
energy : -2.174511 (0.000114)

kinetic : 2.137340 (0.012884)
potential : -4.311856 (0.012898)
energy : -2.174517 (0.000114)

kinetic : 2.138084 (0.012889)
potential : -4.312603 (0.012903)
energy : -2.174519 (0.000114)

kinetic : 2.137590 (0.012882)
potential : -4.312108 (0.012895)
energy : -2.174519 (0.000114)

kinetic : 2.137440 (0.012866)
potential : -4.311954 (0.012880)
energy : -2.174514 (0.000114)

kinetic : 2.137522 (0.012850)
potential : -4.312036 (0.012864)
energy : -2.174513 (0.000114)

kinetic : 2.137268 (0.012836)
potential : -4.311777 (0.012850)
energy : -2.174510 (0.000114)

kinetic : 2.137260 (0.012819)
potential : -4.311778 (0.012833)
energy : -2.174518 (0.000114)

kinetic : 2.137009 (0.012805)
potential : -4.311529 (0.012819)
energy : -2.174520 (0.000114)

kinetic : 2.137006 (0.012789)
potential : -4.311531 (0.012803)
energy : -2.174526 (0.000114)

kinetic : 2.137054 (0.012773)
potential : -4.311584 (0.012787)
energy : -2.174530 (0.000114)

kinetic : 2.136972 (0.012757)
potential : -4.311503 (0.012771)
energy : -2.174531 (0.000114)

kinetic : 2.136595 (0.012746)
potential : -4.311125 (0.012760)
energy : -2.174530 (0.000114)

kinetic : 2.136293 (0.012734)
potential : -4.310823 (0.012747)
energy : -2.174531 (0.000113)

kinetic : 2.135660 (0.012733)
potential : -4.310191 (0.012747)
energy : -2.174531 (0.000113)

kinetic : 2.136001 (0.012722)
potential : -4.310530 (0.012735)
energy : -2.174529 (0.000113)

kinetic : 2.136095 (0.012706)
potential : -4.310625 (0.012720)
energy : -2.174530 (0.000113)

kinetic : 2.136521 (0.012697)
potential : -4.311048 (0.012710)
energy : -2.174528 (0.000113)

kinetic : 2.136067 (0.012689)
potential : -4.310596 (0.012703)
energy : -2.174530 (0.000113)

kinetic : 2.135791 (0.012676)
potential : -4.310317 (0.012690)
energy : -2.174526 (0.000113)

kinetic : 2.135749 (0.012660)
potential : -4.310271 (0.012674)
energy : -2.174521 (0.000113)

kinetic : 2.135769 (0.012644)
potential : -4.310292 (0.012658)
energy : -2.174523 (0.000113)

kinetic : 2.135390 (0.012634)
potential : -4.309906 (0.012648)
energy : -2.174516 (0.000113)

kinetic : 2.134669 (0.012639)
potential : -4.309185 (0.012652)
energy : -2.174516 (0.000112)

kinetic : 2.134179 (0.012633)
potential : -4.308690 (0.012646)
energy : -2.174510 (0.000112)

kinetic : 2.134230 (0.012617)
potential : -4.308743 (0.012631)
energy : -2.174513 (0.000112)

kinetic : 2.134099 (0.012602)
potential : -4.308611 (0.012616)
energy : -2.174512 (0.000112)

kinetic : 2.133627 (0.012595)
potential : -4.308130 (0.012609)
energy : -2.174504 (0.000112)

kinetic : 2.133326 (0.012583)
potential : -4.307829 (0.012597)
energy : -2.174503 (0.000112)

kinetic : 2.133233 (0.012568)
potential : -4.307728 (0.012582)
energy : -2.174495 (0.000112)

kinetic : 2.134646 (0.012631)
potential : -4.309139 (0.012645)
energy : -2.174492 (0.000112)

kinetic : 2.134824 (0.012617)
potential : -4.309311 (0.012630)
energy : -2.174487 (0.000112)

kinetic : 2.134614 (0.012603)
potential : -4.309102 (0.012616)
energy : -2.174488 (0.000112)

kinetic : 2.134250 (0.012593)
potential : -4.308743 (0.012606)
energy : -2.174493 (0.000112)

kinetic : 2.134285 (0.012577)
potential : -4.308783 (0.012590)
energy : -2.174498 (0.000112)

kinetic : 2.134574 (0.012565)
potential : -4.309075 (0.012578)
energy : -2.174501 (0.000112)

kinetic : 2.134449 (0.012550)
potential : -4.308944 (0.012563)
energy : -2.174496 (0.000112)

kinetic : 2.134456 (0.012534)
potential : -4.308951 (0.012548)
energy : -2.174495 (0.000112)

kinetic : 2.134135 (0.012523)
potential : -4.308628 (0.012537)
energy : -2.174493 (0.000112)

kinetic : 2.133772 (0.012513)
potential : -4.308260 (0.012527)
energy : -2.174488 (0.000112)

kinetic : 2.133386 (0.012504)
potential : -4.307872 (0.012517)
energy : -2.174485 (0.000112)

kinetic : 2.132898 (0.012498)
potential : -4.307378 (0.012512)
energy : -2.174480 (0.000112)

kinetic : 2.132687 (0.012484)
potential : -4.307170 (0.012498)
energy : -2.174483 (0.000112)

kinetic : 2.132745 (0.012469)
potential : -4.307227 (0.012483)
energy : -2.174482 (0.000111)

kinetic : 2.132568 (0.012455)
potential : -4.307043 (0.012469)
energy : -2.174475 (0.000111)

kinetic : 2.133225 (0.012457)
potential : -4.307703 (0.012471)
energy : -2.174478 (0.000111)

kinetic : 2.133533 (0.012446)
potential : -4.308020 (0.012460)
energy : -2.174486 (0.000112)

kinetic : 2.133449 (0.012431)
potential : -4.307936 (0.012445)
energy : -2.174487 (0.000111)

kinetic : 2.133759 (0.012420)
potential : -4.308247 (0.012434)
energy : -2.174489 (0.000111)

kinetic : 2.133503 (0.012407)
potential : -4.307987 (0.012422)
energy : -2.174485 (0.000111)

kinetic : 2.133588 (0.012393)
potential : -4.308076 (0.012407)
energy : -2.174488 (0.000111)

kinetic : 2.133947 (0.012383)
potential : -4.308430 (0.012397)
energy : -2.174484 (0.000111)

kinetic : 2.135078 (0.012419)
potential : -4.309566 (0.012434)
energy : -2.174488 (0.000111)

kinetic : 2.134730 (0.012409)
potential : -4.309219 (0.012424)
energy : -2.174489 (0.000111)

kinetic : 2.134834 (0.012395)
potential : -4.309325 (0.012409)
energy : -2.174491 (0.000111)

kinetic : 2.134446 (0.012386)
potential : -4.308933 (0.012400)
energy : -2.174487 (0.000111)

kinetic : 2.134682 (0.012373)
potential : -4.309169 (0.012388)
energy : -2.174487 (0.000111)

kinetic : 2.134725 (0.012358)
potential : -4.309221 (0.012373)
energy : -2.174496 (0.000111)

kinetic : 2.134825 (0.012344)
potential : -4.309323 (0.012359)
energy : -2.174499 (0.000111)

kinetic : 2.135379 (0.012342)
potential : -4.309882 (0.012356)
energy : -2.174503 (0.000111)

kinetic : 2.135894 (0.012338)
potential : -4.310397 (0.012352)
energy : -2.174504 (0.000111)

kinetic : 2.136016 (0.012323)
potential : -4.310510 (0.012338)
energy : -2.174493 (0.000111)

kinetic : 2.135641 (0.012314)
potential : -4.310130 (0.012329)
energy : -2.174489 (0.000111)

kinetic : 2.135953 (0.012304)
potential : -4.310445 (0.012318)
energy : -2.174493 (0.000111)

kinetic : 2.135645 (0.012293)
potential : -4.310131 (0.012308)
energy : -2.174486 (0.000111)

kinetic : 2.135380 (0.012281)
potential : -4.309865 (0.012296)
energy : -2.174485 (0.000111)

kinetic : 2.135804 (0.012274)
potential : -4.310283 (0.012288)
energy : -2.174480 (0.000111)

kinetic : 2.135680 (0.012260)
potential : -4.310168 (0.012274)
energy : -2.174488 (0.000111)

kinetic : 2.135462 (0.012247)
potential : -4.309950 (0.012262)
energy : -2.174487 (0.000111)

kinetic : 2.135569 (0.012233)
potential : -4.310054 (0.012248)
energy : -2.174485 (0.000111)

kinetic : 2.135296 (0.012222)
potential : -4.309782 (0.012236)
energy : -2.174486 (0.000111)

kinetic : 2.135112 (0.012209)
potential : -4.309605 (0.012223)
energy : -2.174493 (0.000111)

kinetic : 2.135041 (0.012194)
potential : -4.309534 (0.012209)
energy : -2.174493 (0.000111)

kinetic : 2.135016 (0.012180)
potential : -4.309502 (0.012194)
energy : -2.174485 (0.000111)

kinetic : 2.134826 (0.012167)
potential : -4.309304 (0.012182)
energy : -2.174478 (0.000111)

kinetic : 2.134682 (0.012154)
potential : -4.309152 (0.012168)
energy : -2.174470 (0.000111)

kinetic : 2.134346 (0.012144)
potential : -4.308822 (0.012158)
energy : -2.174475 (0.000111)

kinetic : 2.134164 (0.012131)
potential : -4.308638 (0.012146)
energy : -2.174474 (0.000111)

kinetic : 2.134007 (0.012118)
potential : -4.308483 (0.012132)
energy : -2.174476 (0.000111)

kinetic : 2.133634 (0.012109)
potential : -4.308102 (0.012124)
energy : -2.174468 (0.000111)

kinetic : 2.133560 (0.012096)
potential : -4.308027 (0.012110)
energy : -2.174468 (0.000111)

kinetic : 2.133554 (0.012081)
potential : -4.308021 (0.012096)
energy : -2.174467 (0.000111)

kinetic : 2.133347 (0.012069)
potential : -4.307814 (0.012084)
energy : -2.174467 (0.000110)

kinetic : 2.133082 (0.012058)
potential : -4.307549 (0.012072)
energy : -2.174467 (0.000110)

kinetic : 2.132748 (0.012048)
potential : -4.307211 (0.012063)
energy : -2.174463 (0.000110)

kinetic : 2.132944 (0.012036)
potential : -4.307413 (0.012051)
energy : -2.174469 (0.000110)

kinetic : 2.133648 (0.012043)
potential : -4.308122 (0.012058)
energy : -2.174473 (0.000110)

kinetic : 2.134012 (0.012034)
potential : -4.308484 (0.012049)
energy : -2.174472 (0.000110)

kinetic : 2.133934 (0.012020)
potential : -4.308403 (0.012035)
energy : -2.174469 (0.000110)

kinetic : 2.133870 (0.012007)
potential : -4.308336 (0.012022)
energy : -2.174466 (0.000110)

kinetic : 2.133417 (0.012001)
potential : -4.307881 (0.012016)
energy : -2.174464 (0.000110)

kinetic : 2.133469 (0.011988)
potential : -4.307935 (0.012003)
energy : -2.174465 (0.000110)

kinetic : 2.133616 (0.011975)
potential : -4.308078 (0.011990)
energy : -2.174462 (0.000110)

kinetic : 2.133863 (0.011963)
potential : -4.308327 (0.011978)
energy : -2.174464 (0.000110)

kinetic : 2.133611 (0.011952)
potential : -4.308076 (0.011967)
energy : -2.174464 (0.000109)

kinetic : 2.134287 (0.011958)
potential : -4.308756 (0.011973)
energy : -2.174469 (0.000109)

kinetic : 2.134310 (0.011944)
potential : -4.308774 (0.011959)
energy : -2.174464 (0.000109)

kinetic : 2.134362 (0.011930)
potential : -4.308826 (0.011945)
energy : -2.174464 (0.000109)

kinetic : 2.134277 (0.011917)
potential : -4.308745 (0.011932)
energy : -2.174468 (0.000109)

kinetic : 2.134455 (0.011905)
potential : -4.308919 (0.011920)
energy : -2.174463 (0.000109)

kinetic : 2.134433 (0.011891)
potential : -4.308896 (0.011906)
energy : -2.174463 (0.000109)

kinetic : 2.133955 (0.011887)
potential : -4.308416 (0.011902)
energy : -2.174462 (0.000109)

kinetic : 2.134394 (0.011882)
potential : -4.308858 (0.011897)
energy : -2.174463 (0.000109)

kinetic : 2.134850 (0.011877)
potential : -4.309317 (0.011892)
energy : -2.174467 (0.000109)

kinetic : 2.134470 (0.011869)
potential : -4.308937 (0.011884)
energy : -2.174467 (0.000109)

kinetic : 2.135021 (0.011869)
potential : -4.309489 (0.011884)
energy : -2.174468 (0.000108)

kinetic : 2.134822 (0.011857)
potential : -4.309286 (0.011872)
energy : -2.174465 (0.000108)

kinetic : 2.134663 (0.011845)
potential : -4.309123 (0.011860)
energy : -2.174460 (0.000108)

kinetic : 2.134651 (0.011831)
potential : -4.309109 (0.011846)
energy : -2.174457 (0.000108)

kinetic : 2.135510 (0.011849)
potential : -4.309965 (0.011864)
energy : -2.174455 (0.000108)

kinetic : 2.135221 (0.011839)
potential : -4.309675 (0.011854)
energy : -2.174454 (0.000108)

kinetic : 2.135566 (0.011831)
potential : -4.310021 (0.011846)
energy : -2.174456 (0.000108)

kinetic : 2.136144 (0.011832)
potential : -4.310596 (0.011846)
energy : -2.174453 (0.000108)

kinetic : 2.135529 (0.011834)
potential : -4.309979 (0.011849)
energy : -2.174450 (0.000108)

kinetic : 2.135544 (0.011821)
potential : -4.309994 (0.011836)
energy : -2.174451 (0.000108)

kinetic : 2.136130 (0.011822)
potential : -4.310580 (0.011837)
energy : -2.174450 (0.000108)

kinetic : 2.135675 (0.011818)
potential : -4.310128 (0.011832)
energy : -2.174453 (0.000107)

kinetic : 2.135780 (0.011805)
potential : -4.310233 (0.011819)
energy : -2.174453 (0.000107)

kinetic : 2.135757 (0.011792)
potential : -4.310213 (0.011806)
energy : -2.174456 (0.000107)

kinetic : 2.135824 (0.011779)
potential : -4.310277 (0.011793)
energy : -2.174453 (0.000107)

kinetic : 2.136049 (0.011768)
potential : -4.310506 (0.011782)
energy : -2.174456 (0.000107)

kinetic : 2.136041 (0.011754)
potential : -4.310493 (0.011769)
energy : -2.174452 (0.000107)

kinetic : 2.136106 (0.011742)
potential : -4.310554 (0.011756)
energy : -2.174449 (0.000107)

kinetic : 2.136109 (0.011728)
potential : -4.310562 (0.011743)
energy : -2.174453 (0.000107)

kinetic : 2.136317 (0.011717)
potential : -4.310764 (0.011732)
energy : -2.174447 (0.000107)

kinetic : 2.136100 (0.011706)
potential : -4.310549 (0.011721)
energy : -2.174449 (0.000107)

kinetic : 2.135996 (0.011694)
potential : -4.310439 (0.011708)
energy : -2.174443 (0.000107)

kinetic : 2.135952 (0.011681)
potential : -4.310401 (0.011695)
energy : -2.174449 (0.000107)

kinetic : 2.135465 (0.011678)
potential : -4.309919 (0.011692)
energy : -2.174454 (0.000107)

kinetic : 2.135486 (0.011665)
potential : -4.309936 (0.011679)
energy : -2.174450 (0.000107)

kinetic : 2.135736 (0.011655)
potential : -4.310183 (0.011669)
energy : -2.174447 (0.000107)

kinetic : 2.135583 (0.011643)
potential : -4.310034 (0.011657)
energy : -2.174452 (0.000107)

kinetic : 2.136139 (0.011643)
potential : -4.310582 (0.011657)
energy : -2.174443 (0.000107)

kinetic : 2.135967 (0.011632)
potential : -4.310414 (0.011645)
energy : -2.174448 (0.000107)

kinetic : 2.136103 (0.011620)
potential : -4.310552 (0.011633)
energy : -2.174448 (0.000107)

kinetic : 2.136080 (0.011607)
potential : -4.310528 (0.011621)
energy : -2.174447 (0.000107)

kinetic : 2.135732 (0.011600)
potential : -4.310178 (0.011613)
energy : -2.174446 (0.000107)

kinetic : 2.137118 (0.011669)
potential : -4.311562 (0.011683)
energy : -2.174444 (0.000107)

kinetic : 2.137235 (0.011657)
potential : -4.311682 (0.011670)
energy : -2.174447 (0.000106)

kinetic : 2.137149 (0.011645)
potential : -4.311593 (0.011658)
energy : -2.174444 (0.000106)

kinetic : 2.137094 (0.011632)
potential : -4.311542 (0.011645)
energy : -2.174448 (0.000106)

kinetic : 2.137032 (0.011620)
potential : -4.311485 (0.011633)
energy : -2.174453 (0.000106)

kinetic : 2.136951 (0.011607)
potential : -4.311406 (0.011620)
energy : -2.174455 (0.000106)

kinetic : 2.137257 (0.011599)
potential : -4.311722 (0.011612)
energy : -2.174465 (0.000107)

kinetic : 2.138343 (0.011637)
potential : -4.312807 (0.011650)
energy : -2.174464 (0.000107)

kinetic : 2.138397 (0.011624)
potential : -4.312856 (0.011637)
energy : -2.174458 (0.000107)

kinetic : 2.138311 (0.011612)
potential : -4.312768 (0.011625)
energy : -2.174457 (0.000106)

kinetic : 2.138114 (0.011601)
potential : -4.312574 (0.011614)
energy : -2.174460 (0.000106)

kinetic : 2.139707 (0.011697)
potential : -4.314164 (0.011710)
energy : -2.174456 (0.000106)

kinetic : 2.139509 (0.011687)
potential : -4.313961 (0.011699)
energy : -2.174452 (0.000106)

kinetic : 2.139844 (0.011679)
potential : -4.314298 (0.011691)
energy : -2.174454 (0.000106)

kinetic : 2.139591 (0.011669)
potential : -4.314039 (0.011681)
energy : -2.174448 (0.000106)

kinetic : 2.139939 (0.011661)
potential : -4.314393 (0.011674)
energy : -2.174454 (0.000106)

kinetic : 2.139797 (0.011650)
potential : -4.314253 (0.011662)
energy : -2.174457 (0.000106)

kinetic : 2.139560 (0.011640)
potential : -4.314015 (0.011652)
energy : -2.174454 (0.000106)

kinetic : 2.139979 (0.011635)
potential : -4.314435 (0.011647)
energy : -2.174456 (0.000106)

kinetic : 2.140427 (0.011631)
potential : -4.314883 (0.011643)
energy : -2.174456 (0.000106)

kinetic : 2.140385 (0.011618)
potential : -4.314836 (0.011631)
energy : -2.174452 (0.000106)

kinetic : 2.139841 (0.011619)
potential : -4.314291 (0.011631)
energy : -2.174451 (0.000106)

kinetic : 2.140229 (0.011613)
potential : -4.314678 (0.011625)
energy : -2.174449 (0.000106)

kinetic : 2.140327 (0.011601)
potential : -4.314774 (0.011613)
energy : -2.174447 (0.000106)

kinetic : 2.140387 (0.011588)
potential : -4.314836 (0.011601)
energy : -2.174449 (0.000106)

kinetic : 2.140229 (0.011577)
potential : -4.314675 (0.011590)
energy : -2.174446 (0.000105)

kinetic : 2.139684 (0.011578)
potential : -4.314129 (0.011590)
energy : -2.174445 (0.000105)

kinetic : 2.139687 (0.011565)
potential : -4.314136 (0.011578)
energy : -2.174449 (0.000105)

kinetic : 2.139416 (0.011556)
potential : -4.313863 (0.011569)
energy : -2.174448 (0.000105)

kinetic : 2.139129 (0.011547)
potential : -4.313576 (0.011560)
energy : -2.174447 (0.000105)

kinetic : 2.139607 (0.011545)
potential : -4.314057 (0.011558)
energy : -2.174450 (0.000105)

kinetic : 2.139192 (0.011540)
potential : -4.313637 (0.011553)
energy : -2.174445 (0.000105)

kinetic : 2.139883 (0.011549)
potential : -4.314338 (0.011562)
energy : -2.174455 (0.000105)

kinetic : 2.140028 (0.011537)
potential : -4.314483 (0.011551)
energy : -2.174455 (0.000105)

kinetic : 2.139551 (0.011535)
potential : -4.314005 (0.011549)
energy : -2.174454 (0.000105)

kinetic : 2.139509 (0.011523)
potential : -4.313959 (0.011537)
energy : -2.174450 (0.000105)

kinetic : 2.139133 (0.011517)
potential : -4.313582 (0.011531)
energy : -2.174449 (0.000105)

kinetic : 2.139111 (0.011505)
potential : -4.313553 (0.011518)
energy : -2.174441 (0.000105)

kinetic : 2.138768 (0.011498)
potential : -4.313210 (0.011511)
energy : -2.174442 (0.000105)

kinetic : 2.138488 (0.011489)
potential : -4.312934 (0.011503)
energy : -2.174446 (0.000105)

kinetic : 2.137855 (0.011494)
potential : -4.312301 (0.011508)
energy : -2.174447 (0.000105)

kinetic : 2.137718 (0.011483)
potential : -4.312161 (0.011497)
energy : -2.174443 (0.000105)

kinetic : 2.138424 (0.011493)
potential : -4.312863 (0.011506)
energy : -2.174440 (0.000105)

kinetic : 2.138407 (0.011481)
potential : -4.312843 (0.011494)
energy : -2.174436 (0.000105)

kinetic : 2.138405 (0.011469)
potential : -4.312842 (0.011482)
energy : -2.174438 (0.000105)

kinetic : 2.138509 (0.011457)
potential : -4.312944 (0.011470)
energy : -2.174435 (0.000105)

kinetic : 2.138440 (0.011446)
potential : -4.312874 (0.011459)
energy : -2.174435 (0.000104)

kinetic : 2.138525 (0.011434)
potential : -4.312965 (0.011447)
energy : -2.174440 (0.000104)

kinetic : 2.138633 (0.011423)
potential : -4.313068 (0.011436)
energy : -2.174435 (0.000104)

kinetic : 2.138257 (0.011417)
potential : -4.312690 (0.011430)
energy : -2.174433 (0.000104)

kinetic : 2.138133 (0.011406)
potential : -4.312567 (0.011419)
energy : -2.174434 (0.000104)

kinetic : 2.138725 (0.011409)
potential : -4.313160 (0.011422)
energy : -2.174435 (0.000104)

kinetic : 2.138670 (0.011397)
potential : -4.313098 (0.011411)
energy : -2.174428 (0.000104)

kinetic : 2.138309 (0.011391)
potential : -4.312735 (0.011405)
energy : -2.174425 (0.000104)

kinetic : 2.138042 (0.011383)
potential : -4.312462 (0.011396)
energy : -2.174420 (0.000104)

kinetic : 2.137639 (0.011378)
potential : -4.312055 (0.011392)
energy : -2.174416 (0.000104)

kinetic : 2.138488 (0.011398)
potential : -4.312902 (0.011411)
energy : -2.174414 (0.000104)

kinetic : 2.138299 (0.011388)
potential : -4.312717 (0.011401)
energy : -2.174417 (0.000104)

kinetic : 2.138420 (0.011377)
potential : -4.312837 (0.011390)
energy : -2.174417 (0.000104)

kinetic : 2.138134 (0.011369)
potential : -4.312550 (0.011382)
energy : -2.174416 (0.000104)

kinetic : 2.138063 (0.011357)
potential : -4.312479 (0.011370)
energy : -2.174416 (0.000104)

kinetic : 2.137742 (0.011350)
potential : -4.312151 (0.011363)
energy : -2.174409 (0.000104)

kinetic : 2.137319 (0.011346)
potential : -4.311725 (0.011360)
energy : -2.174405 (0.000104)

kinetic : 2.137412 (0.011335)
potential : -4.311821 (0.011348)
energy : -2.174409 (0.000104)

kinetic : 2.137084 (0.011328)
potential : -4.311486 (0.011342)
energy : -2.174402 (0.000104)

kinetic : 2.137197 (0.011317)
potential : -4.311600 (0.011331)
energy : -2.174403 (0.000104)

kinetic : 2.137657 (0.011315)
potential : -4.312064 (0.011329)
energy : -2.174407 (0.000104)

kinetic : 2.137737 (0.011303)
potential : -4.312144 (0.011317)
energy : -2.174406 (0.000104)

kinetic : 2.137663 (0.011292)
potential : -4.312072 (0.011306)
energy : -2.174409 (0.000104)

kinetic : 2.137573 (0.011281)
potential : -4.311980 (0.011295)
energy : -2.174407 (0.000104)

kinetic : 2.137776 (0.011271)
potential : -4.312189 (0.011285)
energy : -2.174413 (0.000104)

kinetic : 2.137492 (0.011263)
potential : -4.311908 (0.011277)
energy : -2.174416 (0.000104)

kinetic : 2.137388 (0.011252)
potential : -4.311807 (0.011266)
energy : -2.174420 (0.000104)

kinetic : 2.137901 (0.011253)
potential : -4.312322 (0.011267)
energy : -2.174421 (0.000103)

kinetic : 2.137733 (0.011243)
potential : -4.312152 (0.011256)
energy : -2.174419 (0.000103)

kinetic : 2.137729 (0.011231)
potential : -4.312144 (0.011245)
energy : -2.174416 (0.000103)

kinetic : 2.138092 (0.011226)
potential : -4.312513 (0.011240)
energy : -2.174420 (0.000103)

kinetic : 2.138218 (0.011215)
potential : -4.312638 (0.011229)
energy : -2.174419 (0.000103)

kinetic : 2.137855 (0.011210)
potential : -4.312278 (0.011223)
energy : -2.174422 (0.000103)

kinetic : 2.137472 (0.011205)
potential : -4.311896 (0.011219)
energy : -2.174424 (0.000103)

kinetic : 2.136872 (0.011210)
potential : -4.311296 (0.011223)
energy : -2.174424 (0.000103)

kinetic : 2.136523 (0.011204)
potential : -4.310946 (0.011217)
energy : -2.174423 (0.000103)

kinetic : 2.136565 (0.011193)
potential : -4.310983 (0.011206)
energy : -2.174419 (0.000103)

kinetic : 2.136351 (0.011183)
potential : -4.310767 (0.011197)
energy : -2.174416 (0.000103)

kinetic : 2.136526 (0.011174)
potential : -4.310941 (0.011187)
energy : -2.174416 (0.000103)

kinetic : 2.136955 (0.011171)
potential : -4.311369 (0.011184)
energy : -2.174414 (0.000103)

kinetic : 2.137773 (0.011189)
potential : -4.312184 (0.011203)
energy : -2.174411 (0.000103)

kinetic : 2.137870 (0.011178)
potential : -4.312280 (0.011192)
energy : -2.174410 (0.000102)

kinetic : 2.137802 (0.011167)
potential : -4.312214 (0.011181)
energy : -2.174411 (0.000102)
         kinetic: 2.138(11), Sigma: 3.826, T_corr: 8.5
       potential: -4.312(11), Sigma: 3.830, T_corr: 8.5
          energy: -2.17441(10), Sigma: 0.041, T_corr: 6.2

For tau = 2.50e-01, acceptance ratio = 0.72
Time: 484.98s
