
kinetic : 2.411131 (inf)
potential : -4.586429 (inf)
energy : -2.175298 (inf)

kinetic : 2.049316 (inf)
potential : -4.228821 (inf)
energy : -2.179505 (inf)

kinetic : 1.969675 (0.079641)
potential : -4.144438 (0.084383)
energy : -2.174763 (0.004742)

kinetic : 1.858286 (0.120506)
potential : -4.032527 (0.122055)
energy : -2.174241 (0.002787)

kinetic : 1.867202 (0.085676)
potential : -4.040581 (0.086681)
energy : -2.173379 (0.002151)

kinetic : 1.894566 (0.071785)
potential : -4.069807 (0.073228)
energy : -2.175241 (0.002498)

kinetic : 1.920718 (0.064181)
potential : -4.096477 (0.065469)
energy : -2.175759 (0.002105)

kinetic : 1.885187 (0.064844)
potential : -4.060393 (0.066057)
energy : -2.175207 (0.001863)

kinetic : 1.892122 (0.056584)
potential : -4.067349 (0.057629)
energy : -2.175226 (0.001613)

kinetic : 1.944698 (0.072488)
potential : -4.121336 (0.074146)
energy : -2.176637 (0.002004)

kinetic : 1.899413 (0.079084)
potential : -4.075039 (0.080879)
energy : -2.175627 (0.002057)

kinetic : 2.085379 (0.199250)
potential : -4.261410 (0.200216)
energy : -2.176032 (0.001905)

kinetic : 2.018070 (0.193944)
potential : -4.193744 (0.194895)
energy : -2.175673 (0.001775)

kinetic : 1.980095 (0.182399)
potential : -4.155770 (0.183255)
energy : -2.175675 (0.001633)

kinetic : 1.997315 (0.169745)
potential : -4.173361 (0.170570)
energy : -2.176046 (0.001557)

kinetic : 2.028302 (0.161033)
potential : -4.204344 (0.161787)
energy : -2.176043 (0.001449)

kinetic : 2.018500 (0.150951)
potential : -4.194383 (0.151665)
energy : -2.175883 (0.001365)

kinetic : 2.051880 (0.145670)
potential : -4.227649 (0.146297)
energy : -2.175769 (0.001287)

kinetic : 2.006980 (0.144492)
potential : -4.182823 (0.145032)
energy : -2.175842 (0.001216)

kinetic : 1.988324 (0.137943)
potential : -4.163687 (0.138514)
energy : -2.175364 (0.001246)

kinetic : 1.949514 (0.136498)
potential : -4.124861 (0.137022)
energy : -2.175346 (0.001182)

kinetic : 1.963134 (0.130548)
potential : -4.138395 (0.131035)
energy : -2.175261 (0.001127)

kinetic : 1.945584 (0.125704)
potential : -4.120851 (0.126163)
energy : -2.175267 (0.001075)

kinetic : 1.941574 (0.120181)
potential : -4.116595 (0.120628)
energy : -2.175021 (0.001056)

kinetic : 1.920901 (0.116907)
potential : -4.095761 (0.117357)
energy : -2.174860 (0.001024)

kinetic : 1.893966 (0.115323)
potential : -4.068917 (0.115721)
energy : -2.174951 (0.000987)

kinetic : 1.912230 (0.112294)
potential : -4.087236 (0.112680)
energy : -2.175006 (0.000949)

kinetic : 1.908905 (0.108106)
potential : -4.083925 (0.108477)
energy : -2.175019 (0.000914)

kinetic : 1.892434 (0.105468)
potential : -4.067411 (0.105828)
energy : -2.174977 (0.000882)

kinetic : 1.877623 (0.102838)
potential : -4.052643 (0.103176)
energy : -2.175020 (0.000852)

kinetic : 1.965758 (0.132810)
potential : -4.140765 (0.133045)
energy : -2.175007 (0.000823)

kinetic : 1.967627 (0.128468)
potential : -4.142729 (0.128697)
energy : -2.175102 (0.000802)

kinetic : 2.028827 (0.138628)
potential : -4.204158 (0.138928)
energy : -2.175331 (0.000809)

kinetic : 2.010076 (0.135664)
potential : -4.185415 (0.135951)
energy : -2.175338 (0.000784)

kinetic : 2.007290 (0.131643)
potential : -4.182776 (0.131918)
energy : -2.175486 (0.000775)

kinetic : 1.999975 (0.128035)
potential : -4.175346 (0.128309)
energy : -2.175371 (0.000761)

kinetic : 1.980170 (0.125994)
potential : -4.155594 (0.126249)
energy : -2.175424 (0.000742)

kinetic : 2.005377 (0.125108)
potential : -4.180837 (0.125357)
energy : -2.175460 (0.000722)

kinetic : 1.989329 (0.122824)
potential : -4.165006 (0.123036)
energy : -2.175677 (0.000736)

kinetic : 1.985576 (0.119692)
potential : -4.161102 (0.119903)
energy : -2.175526 (0.000733)

kinetic : 1.979352 (0.116827)
potential : -4.154841 (0.117035)
energy : -2.175489 (0.000715)

kinetic : 2.020161 (0.121030)
potential : -4.195830 (0.121281)
energy : -2.175669 (0.000721)

kinetic : 1.991477 (0.121546)
potential : -4.167126 (0.121789)
energy : -2.175649 (0.000703)

kinetic : 1.992172 (0.118688)
potential : -4.167731 (0.118925)
energy : -2.175559 (0.000693)

kinetic : 1.991200 (0.115963)
potential : -4.166749 (0.116195)
energy : -2.175549 (0.000677)

kinetic : 1.971824 (0.115001)
potential : -4.147466 (0.115208)
energy : -2.175642 (0.000668)

kinetic : 1.966334 (0.112607)
potential : -4.141852 (0.112816)
energy : -2.175518 (0.000665)

kinetic : 1.968262 (0.110202)
potential : -4.143772 (0.110406)
energy : -2.175509 (0.000651)

kinetic : 1.991377 (0.110330)
potential : -4.166898 (0.110528)
energy : -2.175521 (0.000637)

kinetic : 2.414215 (0.436426)
potential : -4.589793 (0.436530)
energy : -2.175578 (0.000627)

kinetic : 2.431963 (0.427977)
potential : -4.607530 (0.428078)
energy : -2.175567 (0.000614)

kinetic : 2.432959 (0.419502)
potential : -4.608547 (0.419601)
energy : -2.175588 (0.000602)

kinetic : 2.422781 (0.411482)
potential : -4.598361 (0.411579)
energy : -2.175580 (0.000591)

kinetic : 2.415142 (0.403716)
potential : -4.590597 (0.403813)
energy : -2.175455 (0.000593)

kinetic : 2.409428 (0.396210)
potential : -4.584826 (0.396307)
energy : -2.175398 (0.000585)

kinetic : 2.403623 (0.388983)
potential : -4.579041 (0.389077)
energy : -2.175418 (0.000574)

kinetic : 2.383038 (0.382528)
potential : -4.558417 (0.382623)
energy : -2.175379 (0.000565)

kinetic : 2.364768 (0.376201)
potential : -4.540103 (0.376296)
energy : -2.175334 (0.000557)

kinetic : 2.343127 (0.370291)
potential : -4.518478 (0.370383)
energy : -2.175351 (0.000548)

kinetic : 2.342819 (0.363960)
potential : -4.518167 (0.364051)
energy : -2.175348 (0.000538)

kinetic : 2.340107 (0.357853)
potential : -4.515357 (0.357943)
energy : -2.175250 (0.000538)

kinetic : 2.330508 (0.352069)
potential : -4.505748 (0.352158)
energy : -2.175240 (0.000530)

kinetic : 2.316629 (0.346622)
potential : -4.491848 (0.346710)
energy : -2.175219 (0.000521)

kinetic : 2.312645 (0.341099)
potential : -4.487928 (0.341185)
energy : -2.175284 (0.000517)

kinetic : 2.310833 (0.335732)
potential : -4.486121 (0.335816)
energy : -2.175288 (0.000509)

kinetic : 2.308476 (0.330535)
potential : -4.483811 (0.330618)
energy : -2.175335 (0.000503)

kinetic : 2.305536 (0.325501)
potential : -4.480895 (0.325583)
energy : -2.175359 (0.000496)

kinetic : 2.314571 (0.320734)
potential : -4.489891 (0.320813)
energy : -2.175321 (0.000490)

kinetic : 2.315878 (0.315984)
potential : -4.491158 (0.316062)
energy : -2.175280 (0.000485)

kinetic : 2.296896 (0.311949)
potential : -4.472179 (0.312026)
energy : -2.175284 (0.000478)

kinetic : 2.282283 (0.307808)
potential : -4.457548 (0.307884)
energy : -2.175265 (0.000471)

kinetic : 2.369076 (0.315610)
potential : -4.544378 (0.315692)
energy : -2.175302 (0.000466)

kinetic : 2.352997 (0.311611)
potential : -4.528326 (0.311690)
energy : -2.175328 (0.000460)

kinetic : 2.349841 (0.307329)
potential : -4.525159 (0.307407)
energy : -2.175318 (0.000454)

kinetic : 2.349370 (0.303148)
potential : -4.524632 (0.303225)
energy : -2.175262 (0.000451)

kinetic : 2.342416 (0.299159)
potential : -4.517768 (0.299234)
energy : -2.175352 (0.000454)

kinetic : 2.337522 (0.295237)
potential : -4.512819 (0.295311)
energy : -2.175297 (0.000451)

kinetic : 2.368210 (0.292989)
potential : -4.543349 (0.293046)
energy : -2.175138 (0.000473)

kinetic : 2.369520 (0.289212)
potential : -4.544600 (0.289267)
energy : -2.175080 (0.000470)

kinetic : 2.371030 (0.285531)
potential : -4.546113 (0.285586)
energy : -2.175083 (0.000464)

kinetic : 2.364043 (0.282026)
potential : -4.539112 (0.282080)
energy : -2.175069 (0.000459)

kinetic : 2.349455 (0.278904)
potential : -4.524528 (0.278958)
energy : -2.175073 (0.000453)

kinetic : 2.339500 (0.275662)
potential : -4.514598 (0.275714)
energy : -2.175098 (0.000448)

kinetic : 2.341155 (0.272325)
potential : -4.516301 (0.272377)
energy : -2.175146 (0.000445)

kinetic : 2.335394 (0.269125)
potential : -4.510551 (0.269176)
energy : -2.175157 (0.000440)

kinetic : 2.343117 (0.266053)
potential : -4.518222 (0.266101)
energy : -2.175105 (0.000438)

kinetic : 2.344948 (0.262947)
potential : -4.520012 (0.262995)
energy : -2.175063 (0.000435)

kinetic : 2.342941 (0.259915)
potential : -4.518011 (0.259962)
energy : -2.175070 (0.000430)

kinetic : 2.332103 (0.257173)
potential : -4.507189 (0.257219)
energy : -2.175086 (0.000425)

kinetic : 2.322476 (0.254449)
potential : -4.497520 (0.254496)
energy : -2.175044 (0.000423)

kinetic : 2.332084 (0.251789)
potential : -4.507186 (0.251838)
energy : -2.175102 (0.000422)

kinetic : 2.329303 (0.249023)
potential : -4.504535 (0.249069)
energy : -2.175232 (0.000437)

kinetic : 2.325359 (0.246332)
potential : -4.500554 (0.246379)
energy : -2.175195 (0.000434)

kinetic : 2.324226 (0.243672)
potential : -4.499568 (0.243717)
energy : -2.175342 (0.000454)

kinetic : 2.330017 (0.241135)
potential : -4.505320 (0.241179)
energy : -2.175303 (0.000450)

kinetic : 2.321503 (0.238735)
potential : -4.496818 (0.238779)
energy : -2.175314 (0.000446)

kinetic : 2.344035 (0.237308)
potential : -4.519363 (0.237351)
energy : -2.175327 (0.000441)

kinetic : 2.346217 (0.234859)
potential : -4.521528 (0.234902)
energy : -2.175310 (0.000437)

kinetic : 2.347941 (0.232456)
potential : -4.523218 (0.232499)
energy : -2.175277 (0.000434)

kinetic : 2.363908 (0.230649)
potential : -4.539234 (0.230695)
energy : -2.175326 (0.000432)

kinetic : 2.359394 (0.228376)
potential : -4.534716 (0.228421)
energy : -2.175322 (0.000428)

kinetic : 2.350682 (0.226271)
potential : -4.526060 (0.226313)
energy : -2.175378 (0.000427)

kinetic : 2.343342 (0.224162)
potential : -4.518773 (0.224202)
energy : -2.175431 (0.000427)

kinetic : 2.337029 (0.222065)
potential : -4.512470 (0.222104)
energy : -2.175441 (0.000423)

kinetic : 2.327839 (0.220111)
potential : -4.503254 (0.220151)
energy : -2.175416 (0.000419)

kinetic : 2.329529 (0.218011)
potential : -4.504914 (0.218051)
energy : -2.175385 (0.000416)

kinetic : 2.331636 (0.215955)
potential : -4.506995 (0.215994)
energy : -2.175359 (0.000413)

kinetic : 2.333361 (0.213934)
potential : -4.508658 (0.213972)
energy : -2.175297 (0.000414)

kinetic : 2.330014 (0.211970)
potential : -4.505301 (0.212008)
energy : -2.175286 (0.000410)

kinetic : 2.333728 (0.210050)
potential : -4.509022 (0.210087)
energy : -2.175294 (0.000407)

kinetic : 2.339421 (0.208209)
potential : -4.514729 (0.208247)
energy : -2.175308 (0.000403)

kinetic : 2.329285 (0.206574)
potential : -4.504557 (0.206613)
energy : -2.175272 (0.000401)

kinetic : 2.331945 (0.204738)
potential : -4.507201 (0.204777)
energy : -2.175256 (0.000398)

kinetic : 2.326617 (0.202988)
potential : -4.501858 (0.203027)
energy : -2.175241 (0.000394)

kinetic : 2.320999 (0.201278)
potential : -4.496233 (0.201317)
energy : -2.175233 (0.000391)

kinetic : 2.313913 (0.199646)
potential : -4.489130 (0.199685)
energy : -2.175217 (0.000388)

kinetic : 2.312881 (0.197920)
potential : -4.488107 (0.197958)
energy : -2.175226 (0.000385)

kinetic : 2.313872 (0.196224)
potential : -4.489059 (0.196261)
energy : -2.175187 (0.000384)

kinetic : 2.313504 (0.194554)
potential : -4.488741 (0.194591)
energy : -2.175237 (0.000384)

kinetic : 2.309806 (0.192948)
potential : -4.484994 (0.192986)
energy : -2.175187 (0.000383)

kinetic : 2.306431 (0.191363)
potential : -4.481567 (0.191401)
energy : -2.175136 (0.000384)

kinetic : 2.301981 (0.189827)
potential : -4.477096 (0.189866)
energy : -2.175116 (0.000381)

kinetic : 2.291637 (0.188548)
potential : -4.466748 (0.188587)
energy : -2.175110 (0.000378)

kinetic : 2.306129 (0.187570)
potential : -4.481255 (0.187609)
energy : -2.175125 (0.000375)

kinetic : 2.315071 (0.186266)
potential : -4.490224 (0.186306)
energy : -2.175152 (0.000373)

kinetic : 2.306409 (0.184973)
potential : -4.481539 (0.185014)
energy : -2.175130 (0.000371)

kinetic : 2.306985 (0.183500)
potential : -4.482220 (0.183541)
energy : -2.175235 (0.000383)

kinetic : 2.303895 (0.182075)
potential : -4.479116 (0.182116)
energy : -2.175221 (0.000380)

kinetic : 2.300175 (0.180686)
potential : -4.475411 (0.180726)
energy : -2.175236 (0.000377)

kinetic : 2.301337 (0.179283)
potential : -4.476543 (0.179323)
energy : -2.175207 (0.000375)

kinetic : 2.312685 (0.178260)
potential : -4.487937 (0.178302)
energy : -2.175252 (0.000375)

kinetic : 2.310568 (0.176907)
potential : -4.485761 (0.176950)
energy : -2.175194 (0.000377)

kinetic : 2.307933 (0.175581)
potential : -4.483090 (0.175624)
energy : -2.175157 (0.000376)

kinetic : 2.303524 (0.174312)
potential : -4.478622 (0.174356)
energy : -2.175099 (0.000377)

kinetic : 2.300143 (0.173039)
potential : -4.475208 (0.173084)
energy : -2.175065 (0.000376)

kinetic : 2.294204 (0.171855)
potential : -4.469185 (0.171902)
energy : -2.174981 (0.000383)

kinetic : 2.288350 (0.170688)
potential : -4.463329 (0.170734)
energy : -2.174980 (0.000380)

kinetic : 2.280198 (0.169633)
potential : -4.455177 (0.169679)
energy : -2.174979 (0.000377)

kinetic : 2.275398 (0.168468)
potential : -4.450381 (0.168513)
energy : -2.174983 (0.000374)

kinetic : 2.270587 (0.167321)
potential : -4.445530 (0.167367)
energy : -2.174943 (0.000374)

kinetic : 2.268801 (0.166131)
potential : -4.443815 (0.166176)
energy : -2.175015 (0.000378)

kinetic : 2.267055 (0.164957)
potential : -4.442072 (0.165002)
energy : -2.175017 (0.000375)

kinetic : 2.259718 (0.163956)
potential : -4.434725 (0.164001)
energy : -2.175007 (0.000373)

kinetic : 2.257834 (0.162816)
potential : -4.432893 (0.162860)
energy : -2.175060 (0.000374)

kinetic : 2.252966 (0.161755)
potential : -4.427982 (0.161800)
energy : -2.175016 (0.000374)

kinetic : 2.265975 (0.161161)
potential : -4.441014 (0.161208)
energy : -2.175038 (0.000372)

kinetic : 2.267095 (0.160058)
potential : -4.442111 (0.160104)
energy : -2.175015 (0.000370)

kinetic : 2.267252 (0.158965)
potential : -4.442248 (0.159011)
energy : -2.174996 (0.000368)

kinetic : 2.267609 (0.157888)
potential : -4.442580 (0.157933)
energy : -2.174971 (0.000366)

kinetic : 2.259427 (0.157038)
potential : -4.434408 (0.157082)
energy : -2.174980 (0.000364)

kinetic : 2.257515 (0.155999)
potential : -4.432513 (0.156043)
energy : -2.174998 (0.000362)

kinetic : 2.263034 (0.155061)
potential : -4.438036 (0.155105)
energy : -2.175001 (0.000360)

kinetic : 2.263529 (0.154038)
potential : -4.438515 (0.154082)
energy : -2.174985 (0.000358)

kinetic : 2.259459 (0.153082)
potential : -4.434466 (0.153125)
energy : -2.175007 (0.000356)

kinetic : 2.259955 (0.152086)
potential : -4.434978 (0.152128)
energy : -2.175023 (0.000354)

kinetic : 2.274989 (0.151848)
potential : -4.449962 (0.151884)
energy : -2.174972 (0.000355)

kinetic : 2.270971 (0.150924)
potential : -4.445890 (0.150962)
energy : -2.174919 (0.000357)

kinetic : 2.267646 (0.149997)
potential : -4.442551 (0.150035)
energy : -2.174904 (0.000355)

kinetic : 2.271163 (0.149086)
potential : -4.446058 (0.149124)
energy : -2.174895 (0.000353)

kinetic : 2.274888 (0.148192)
potential : -4.449820 (0.148231)
energy : -2.174933 (0.000353)

kinetic : 2.271547 (0.147301)
potential : -4.446482 (0.147339)
energy : -2.174935 (0.000350)

kinetic : 2.264361 (0.146560)
potential : -4.439298 (0.146597)
energy : -2.174938 (0.000348)

kinetic : 2.254017 (0.146019)
potential : -4.428951 (0.146056)
energy : -2.174933 (0.000346)

kinetic : 2.258127 (0.145178)
potential : -4.433029 (0.145215)
energy : -2.174902 (0.000345)

kinetic : 2.262106 (0.144345)
potential : -4.437018 (0.144382)
energy : -2.174912 (0.000344)

kinetic : 2.267876 (0.143584)
potential : -4.442780 (0.143620)
energy : -2.174904 (0.000342)

kinetic : 2.265440 (0.142737)
potential : -4.440301 (0.142773)
energy : -2.174861 (0.000342)

kinetic : 2.260223 (0.141976)
potential : -4.435080 (0.142012)
energy : -2.174857 (0.000340)

kinetic : 2.256912 (0.141167)
potential : -4.431796 (0.141202)
energy : -2.174883 (0.000339)

kinetic : 2.252301 (0.140405)
potential : -4.427166 (0.140441)
energy : -2.174865 (0.000338)

kinetic : 2.246069 (0.139716)
potential : -4.420917 (0.139752)
energy : -2.174848 (0.000336)

kinetic : 2.250807 (0.138977)
potential : -4.425651 (0.139013)
energy : -2.174843 (0.000334)

kinetic : 2.249393 (0.138174)
potential : -4.424235 (0.138209)
energy : -2.174843 (0.000332)

kinetic : 2.251538 (0.137389)
potential : -4.426382 (0.137425)
energy : -2.174844 (0.000330)

kinetic : 2.254738 (0.136635)
potential : -4.429597 (0.136671)
energy : -2.174859 (0.000329)

kinetic : 2.255642 (0.135855)
potential : -4.430530 (0.135891)
energy : -2.174888 (0.000328)

kinetic : 2.251300 (0.135151)
potential : -4.426227 (0.135185)
energy : -2.174927 (0.000328)

kinetic : 2.269485 (0.135610)
potential : -4.444405 (0.135643)
energy : -2.174921 (0.000327)

kinetic : 2.296945 (0.137613)
potential : -4.471817 (0.137636)
energy : -2.174872 (0.000329)

kinetic : 2.294109 (0.136872)
potential : -4.469013 (0.136893)
energy : -2.174904 (0.000328)

kinetic : 2.292902 (0.136115)
potential : -4.467821 (0.136136)
energy : -2.174920 (0.000327)

kinetic : 2.291617 (0.135367)
potential : -4.466518 (0.135388)
energy : -2.174900 (0.000326)

kinetic : 2.293929 (0.134641)
potential : -4.468828 (0.134662)
energy : -2.174899 (0.000324)

kinetic : 2.291106 (0.133933)
potential : -4.466027 (0.133953)
energy : -2.174922 (0.000323)

kinetic : 2.289583 (0.133211)
potential : -4.464494 (0.133232)
energy : -2.174912 (0.000321)

kinetic : 2.289945 (0.132490)
potential : -4.464871 (0.132510)
energy : -2.174926 (0.000320)

kinetic : 2.295587 (0.131896)
potential : -4.470531 (0.131918)
energy : -2.174945 (0.000319)

kinetic : 2.290309 (0.131295)
potential : -4.465249 (0.131316)
energy : -2.174940 (0.000317)

kinetic : 2.284740 (0.130714)
potential : -4.459677 (0.130735)
energy : -2.174937 (0.000315)

kinetic : 2.282174 (0.130046)
potential : -4.457108 (0.130067)
energy : -2.174934 (0.000314)

kinetic : 2.283205 (0.129363)
potential : -4.458121 (0.129384)
energy : -2.174916 (0.000312)

kinetic : 2.277512 (0.128810)
potential : -4.452398 (0.128832)
energy : -2.174886 (0.000312)

kinetic : 2.274820 (0.128166)
potential : -4.449708 (0.128188)
energy : -2.174888 (0.000311)

kinetic : 2.271924 (0.127533)
potential : -4.446834 (0.127554)
energy : -2.174911 (0.000310)

kinetic : 2.273204 (0.126880)
potential : -4.448116 (0.126901)
energy : -2.174912 (0.000308)

kinetic : 2.283046 (0.126611)
potential : -4.457997 (0.126635)
energy : -2.174950 (0.000309)

kinetic : 2.281273 (0.125976)
potential : -4.456220 (0.126000)
energy : -2.174947 (0.000308)

kinetic : 2.277061 (0.125406)
potential : -4.451992 (0.125430)
energy : -2.174931 (0.000306)

kinetic : 2.275603 (0.124779)
potential : -4.450535 (0.124803)
energy : -2.174932 (0.000305)

kinetic : 2.273943 (0.124162)
potential : -4.448905 (0.124185)
energy : -2.174962 (0.000305)

kinetic : 2.276019 (0.123557)
potential : -4.450978 (0.123580)
energy : -2.174959 (0.000303)

kinetic : 2.280645 (0.123027)
potential : -4.455617 (0.123051)
energy : -2.174972 (0.000302)

kinetic : 2.278277 (0.122440)
potential : -4.453249 (0.122464)
energy : -2.174973 (0.000301)

kinetic : 2.283223 (0.121936)
potential : -4.458200 (0.121959)
energy : -2.174976 (0.000299)

kinetic : 2.284138 (0.121340)
potential : -4.459107 (0.121363)
energy : -2.174969 (0.000298)

kinetic : 2.279489 (0.120836)
potential : -4.454460 (0.120859)
energy : -2.174972 (0.000296)

kinetic : 2.279220 (0.120248)
potential : -4.454211 (0.120271)
energy : -2.174990 (0.000295)

kinetic : 2.275906 (0.119712)
potential : -4.450885 (0.119735)
energy : -2.174979 (0.000294)

kinetic : 2.279983 (0.119205)
potential : -4.454997 (0.119229)
energy : -2.175014 (0.000295)

kinetic : 2.276848 (0.118674)
potential : -4.451860 (0.118699)
energy : -2.175012 (0.000294)

kinetic : 2.275536 (0.118115)
potential : -4.450535 (0.118140)
energy : -2.174999 (0.000292)

kinetic : 2.269380 (0.117715)
potential : -4.444407 (0.117738)
energy : -2.175027 (0.000292)

kinetic : 2.267187 (0.117179)
potential : -4.442255 (0.117201)
energy : -2.175068 (0.000294)

kinetic : 2.262647 (0.116716)
potential : -4.437715 (0.116738)
energy : -2.175068 (0.000293)

kinetic : 2.261869 (0.116172)
potential : -4.436929 (0.116194)
energy : -2.175060 (0.000291)

kinetic : 2.266136 (0.115709)
potential : -4.441165 (0.115729)
energy : -2.175030 (0.000292)

kinetic : 2.262708 (0.115223)
potential : -4.437748 (0.115243)
energy : -2.175041 (0.000290)

kinetic : 2.263845 (0.114696)
potential : -4.438878 (0.114716)
energy : -2.175033 (0.000289)

kinetic : 2.263080 (0.114172)
potential : -4.438118 (0.114191)
energy : -2.175038 (0.000288)

kinetic : 2.261483 (0.113660)
potential : -4.436522 (0.113680)
energy : -2.175039 (0.000287)

kinetic : 2.289985 (0.116677)
potential : -4.464930 (0.116673)
energy : -2.174945 (0.000301)

kinetic : 2.285536 (0.116233)
potential : -4.460449 (0.116230)
energy : -2.174913 (0.000301)

kinetic : 2.289704 (0.115784)
potential : -4.464618 (0.115781)
energy : -2.174914 (0.000299)

kinetic : 2.293672 (0.115331)
potential : -4.468628 (0.115330)
energy : -2.174956 (0.000301)

kinetic : 2.290554 (0.114858)
potential : -4.465502 (0.114857)
energy : -2.174948 (0.000300)

kinetic : 2.284423 (0.114510)
potential : -4.459319 (0.114512)
energy : -2.174897 (0.000303)

kinetic : 2.281109 (0.114051)
potential : -4.456005 (0.114052)
energy : -2.174897 (0.000301)

kinetic : 2.282977 (0.113563)
potential : -4.457889 (0.113564)
energy : -2.174912 (0.000301)

kinetic : 2.280185 (0.113098)
potential : -4.455096 (0.113100)
energy : -2.174911 (0.000299)

kinetic : 2.283688 (0.112657)
potential : -4.458570 (0.112658)
energy : -2.174882 (0.000299)

kinetic : 2.284125 (0.112167)
potential : -4.459001 (0.112168)
energy : -2.174876 (0.000298)

kinetic : 2.283466 (0.111683)
potential : -4.458346 (0.111684)
energy : -2.174880 (0.000297)

kinetic : 2.284336 (0.111204)
potential : -4.459259 (0.111205)
energy : -2.174923 (0.000299)

kinetic : 2.286210 (0.110741)
potential : -4.461140 (0.110743)
energy : -2.174930 (0.000297)

kinetic : 2.290026 (0.110333)
potential : -4.464973 (0.110335)
energy : -2.174947 (0.000297)

kinetic : 2.286117 (0.109932)
potential : -4.461044 (0.109935)
energy : -2.174926 (0.000296)

kinetic : 2.282822 (0.109515)
potential : -4.457771 (0.109517)
energy : -2.174949 (0.000296)

kinetic : 2.286734 (0.109122)
potential : -4.461679 (0.109124)
energy : -2.174946 (0.000295)

kinetic : 2.299779 (0.109443)
potential : -4.474698 (0.109441)
energy : -2.174920 (0.000294)

kinetic : 2.299430 (0.108984)
potential : -4.474373 (0.108983)
energy : -2.174942 (0.000294)

kinetic : 2.301095 (0.108542)
potential : -4.476053 (0.108541)
energy : -2.174958 (0.000293)

kinetic : 2.300790 (0.108091)
potential : -4.475735 (0.108090)
energy : -2.174945 (0.000292)

kinetic : 2.293926 (0.107862)
potential : -4.468855 (0.107862)
energy : -2.174929 (0.000292)

kinetic : 2.294069 (0.107417)
potential : -4.469007 (0.107417)
energy : -2.174938 (0.000291)

kinetic : 2.294097 (0.106976)
potential : -4.469043 (0.106976)
energy : -2.174946 (0.000290)

kinetic : 2.291608 (0.106568)
potential : -4.466552 (0.106568)
energy : -2.174944 (0.000288)

kinetic : 2.291085 (0.106135)
potential : -4.466040 (0.106135)
energy : -2.174955 (0.000287)

kinetic : 2.288674 (0.105732)
potential : -4.463629 (0.105732)
energy : -2.174955 (0.000286)

kinetic : 2.284964 (0.105370)
potential : -4.459896 (0.105371)
energy : -2.174932 (0.000286)

kinetic : 2.295582 (0.105482)
potential : -4.470523 (0.105483)
energy : -2.174941 (0.000285)

kinetic : 2.292109 (0.105116)
potential : -4.467037 (0.105119)
energy : -2.174928 (0.000284)

kinetic : 2.289039 (0.104742)
potential : -4.464019 (0.104742)
energy : -2.174981 (0.000288)

kinetic : 2.289856 (0.104329)
potential : -4.464851 (0.104329)
energy : -2.174995 (0.000287)

kinetic : 2.283922 (0.104085)
potential : -4.458898 (0.104086)
energy : -2.174975 (0.000287)

kinetic : 2.281880 (0.103694)
potential : -4.456867 (0.103696)
energy : -2.174987 (0.000286)

kinetic : 2.280722 (0.103293)
potential : -4.455708 (0.103295)
energy : -2.174986 (0.000285)

kinetic : 2.282476 (0.102904)
potential : -4.457456 (0.102905)
energy : -2.174980 (0.000284)

kinetic : 2.281938 (0.102504)
potential : -4.456913 (0.102506)
energy : -2.174975 (0.000282)

kinetic : 2.279999 (0.102124)
potential : -4.454971 (0.102126)
energy : -2.174972 (0.000281)

kinetic : 2.280044 (0.101729)
potential : -4.454973 (0.101731)
energy : -2.174929 (0.000284)

kinetic : 2.281700 (0.101351)
potential : -4.456646 (0.101353)
energy : -2.174945 (0.000283)

kinetic : 2.286930 (0.101097)
potential : -4.461859 (0.101098)
energy : -2.174929 (0.000282)

kinetic : 2.298389 (0.101360)
potential : -4.473292 (0.101358)
energy : -2.174903 (0.000283)

kinetic : 2.308680 (0.101497)
potential : -4.483610 (0.101498)
energy : -2.174930 (0.000283)

kinetic : 2.304981 (0.101180)
potential : -4.479903 (0.101181)
energy : -2.174922 (0.000282)

kinetic : 2.301962 (0.100842)
potential : -4.476893 (0.100843)
energy : -2.174931 (0.000281)

kinetic : 2.300592 (0.100472)
potential : -4.475524 (0.100473)
energy : -2.174931 (0.000280)

kinetic : 2.300686 (0.100095)
potential : -4.475626 (0.100096)
energy : -2.174941 (0.000279)

kinetic : 2.299769 (0.099725)
potential : -4.474699 (0.099726)
energy : -2.174931 (0.000278)

kinetic : 2.301257 (0.099365)
potential : -4.476231 (0.099366)
energy : -2.174975 (0.000281)

kinetic : 2.301946 (0.098998)
potential : -4.476925 (0.099000)
energy : -2.174978 (0.000280)

kinetic : 2.300767 (0.098639)
potential : -4.475738 (0.098641)
energy : -2.174971 (0.000279)

kinetic : 2.299920 (0.098280)
potential : -4.474878 (0.098282)
energy : -2.174958 (0.000278)

kinetic : 2.296897 (0.097966)
potential : -4.471844 (0.097968)
energy : -2.174947 (0.000277)

kinetic : 2.296538 (0.097608)
potential : -4.471502 (0.097610)
energy : -2.174964 (0.000277)

kinetic : 2.296568 (0.097253)
potential : -4.471541 (0.097255)
energy : -2.174973 (0.000276)

kinetic : 2.292407 (0.096989)
potential : -4.467388 (0.096991)
energy : -2.174981 (0.000275)

kinetic : 2.291510 (0.096642)
potential : -4.466485 (0.096644)
energy : -2.174975 (0.000274)

kinetic : 2.290052 (0.096305)
potential : -4.465017 (0.096307)
energy : -2.174965 (0.000273)

kinetic : 2.291116 (0.095965)
potential : -4.466109 (0.095967)
energy : -2.174993 (0.000273)

kinetic : 2.294174 (0.095671)
potential : -4.469156 (0.095673)
energy : -2.174982 (0.000273)

kinetic : 2.295954 (0.095346)
potential : -4.470966 (0.095349)
energy : -2.175011 (0.000273)

kinetic : 2.292456 (0.095072)
potential : -4.467467 (0.095074)
energy : -2.175010 (0.000272)

kinetic : 2.291874 (0.094737)
potential : -4.466896 (0.094740)
energy : -2.175022 (0.000272)

kinetic : 2.291957 (0.094403)
potential : -4.466997 (0.094405)
energy : -2.175041 (0.000271)

kinetic : 2.289648 (0.094100)
potential : -4.464689 (0.094102)
energy : -2.175040 (0.000270)

kinetic : 2.294614 (0.093901)
potential : -4.469673 (0.093905)
energy : -2.175058 (0.000270)

kinetic : 2.295762 (0.093581)
potential : -4.470831 (0.093584)
energy : -2.175069 (0.000269)

kinetic : 2.293519 (0.093282)
potential : -4.468594 (0.093285)
energy : -2.175075 (0.000268)

kinetic : 2.289168 (0.093061)
potential : -4.464243 (0.093064)
energy : -2.175075 (0.000267)

kinetic : 2.284985 (0.092833)
potential : -4.460049 (0.092837)
energy : -2.175064 (0.000267)

kinetic : 2.289279 (0.092613)
potential : -4.464330 (0.092617)
energy : -2.175051 (0.000266)

kinetic : 2.289176 (0.092296)
potential : -4.464245 (0.092299)
energy : -2.175069 (0.000266)

kinetic : 2.287459 (0.091996)
potential : -4.462523 (0.091999)
energy : -2.175064 (0.000265)

kinetic : 2.285853 (0.091697)
potential : -4.460911 (0.091700)
energy : -2.175058 (0.000264)

kinetic : 2.288053 (0.091412)
potential : -4.463129 (0.091416)
energy : -2.175076 (0.000264)

kinetic : 2.288711 (0.091105)
potential : -4.463814 (0.091109)
energy : -2.175104 (0.000264)

kinetic : 2.284527 (0.090894)
potential : -4.459610 (0.090899)
energy : -2.175083 (0.000264)

kinetic : 2.283933 (0.090591)
potential : -4.459019 (0.090595)
energy : -2.175086 (0.000264)

kinetic : 2.282842 (0.090294)
potential : -4.457924 (0.090298)
energy : -2.175082 (0.000263)

kinetic : 2.283105 (0.089993)
potential : -4.458179 (0.089997)
energy : -2.175074 (0.000262)

kinetic : 2.282940 (0.089693)
potential : -4.458014 (0.089698)
energy : -2.175074 (0.000261)

kinetic : 2.280583 (0.089427)
potential : -4.455642 (0.089432)
energy : -2.175059 (0.000261)

kinetic : 2.276201 (0.089239)
potential : -4.451264 (0.089244)
energy : -2.175062 (0.000260)

kinetic : 2.277444 (0.088953)
potential : -4.452485 (0.088958)
energy : -2.175041 (0.000260)

kinetic : 2.277251 (0.088662)
potential : -4.452290 (0.088666)
energy : -2.175039 (0.000259)

kinetic : 2.274573 (0.088412)
potential : -4.449589 (0.088417)
energy : -2.175016 (0.000259)

kinetic : 2.274404 (0.088124)
potential : -4.449424 (0.088129)
energy : -2.175020 (0.000258)

kinetic : 2.274301 (0.087837)
potential : -4.449317 (0.087842)
energy : -2.175016 (0.000257)

kinetic : 2.272446 (0.087572)
potential : -4.447450 (0.087577)
energy : -2.175004 (0.000257)

kinetic : 2.273756 (0.087299)
potential : -4.448751 (0.087304)
energy : -2.174995 (0.000256)

kinetic : 2.271420 (0.087049)
potential : -4.446411 (0.087054)
energy : -2.174991 (0.000255)

kinetic : 2.270404 (0.086776)
potential : -4.445393 (0.086781)
energy : -2.174989 (0.000255)

kinetic : 2.270331 (0.086498)
potential : -4.445339 (0.086503)
energy : -2.175008 (0.000255)

kinetic : 2.272031 (0.086239)
potential : -4.447037 (0.086244)
energy : -2.175006 (0.000254)

kinetic : 2.270885 (0.085972)
potential : -4.445889 (0.085977)
energy : -2.175004 (0.000253)

kinetic : 2.276254 (0.085868)
potential : -4.451250 (0.085872)
energy : -2.174996 (0.000252)

kinetic : 2.274256 (0.085620)
potential : -4.449238 (0.085625)
energy : -2.174982 (0.000252)

kinetic : 2.272317 (0.085372)
potential : -4.447316 (0.085377)
energy : -2.174999 (0.000252)

kinetic : 2.271026 (0.085114)
potential : -4.446027 (0.085118)
energy : -2.175001 (0.000251)

kinetic : 2.269072 (0.084870)
potential : -4.444069 (0.084875)
energy : -2.174997 (0.000250)

kinetic : 2.267657 (0.084617)
potential : -4.442652 (0.084622)
energy : -2.174994 (0.000249)

kinetic : 2.266882 (0.084357)
potential : -4.441873 (0.084362)
energy : -2.174992 (0.000249)

kinetic : 2.263584 (0.084160)
potential : -4.438572 (0.084165)
energy : -2.174988 (0.000248)

kinetic : 2.262469 (0.083908)
potential : -4.437454 (0.083913)
energy : -2.174986 (0.000247)

kinetic : 2.259745 (0.083693)
potential : -4.434724 (0.083698)
energy : -2.174979 (0.000246)

kinetic : 2.257562 (0.083465)
potential : -4.432538 (0.083470)
energy : -2.174975 (0.000246)

kinetic : 2.254612 (0.083261)
potential : -4.429587 (0.083267)
energy : -2.174975 (0.000245)

kinetic : 2.253355 (0.083017)
potential : -4.428326 (0.083022)
energy : -2.174972 (0.000244)

kinetic : 2.252738 (0.082766)
potential : -4.427714 (0.082771)
energy : -2.174976 (0.000243)

kinetic : 2.254913 (0.082544)
potential : -4.429887 (0.082549)
energy : -2.174974 (0.000243)

kinetic : 2.253208 (0.082312)
potential : -4.428181 (0.082317)
energy : -2.174973 (0.000242)

kinetic : 2.253441 (0.082064)
potential : -4.428414 (0.082069)
energy : -2.174973 (0.000241)

kinetic : 2.256553 (0.081876)
potential : -4.431520 (0.081881)
energy : -2.174967 (0.000241)

kinetic : 2.254104 (0.081667)
potential : -4.429080 (0.081672)
energy : -2.174976 (0.000240)

kinetic : 2.252371 (0.081442)
potential : -4.427340 (0.081446)
energy : -2.174969 (0.000239)

kinetic : 2.248898 (0.081273)
potential : -4.423856 (0.081278)
energy : -2.174958 (0.000239)

kinetic : 2.249154 (0.081032)
potential : -4.424118 (0.081037)
energy : -2.174964 (0.000238)

kinetic : 2.247024 (0.080820)
potential : -4.421984 (0.080825)
energy : -2.174959 (0.000238)

kinetic : 2.248476 (0.080594)
potential : -4.423452 (0.080600)
energy : -2.174977 (0.000238)

kinetic : 2.247328 (0.080365)
potential : -4.422316 (0.080370)
energy : -2.174988 (0.000237)

kinetic : 2.244876 (0.080167)
potential : -4.419865 (0.080172)
energy : -2.174989 (0.000236)

kinetic : 2.244195 (0.079935)
potential : -4.419177 (0.079940)
energy : -2.174982 (0.000236)

kinetic : 2.245253 (0.079708)
potential : -4.420226 (0.079714)
energy : -2.174973 (0.000235)

kinetic : 2.247011 (0.079496)
potential : -4.421989 (0.079501)
energy : -2.174978 (0.000235)

kinetic : 2.243366 (0.079349)
potential : -4.418331 (0.079355)
energy : -2.174966 (0.000234)

kinetic : 2.243110 (0.079119)
potential : -4.418055 (0.079125)
energy : -2.174944 (0.000235)

kinetic : 2.245256 (0.078920)
potential : -4.420201 (0.078926)
energy : -2.174945 (0.000234)

kinetic : 2.243253 (0.078719)
potential : -4.418172 (0.078725)
energy : -2.174918 (0.000235)

kinetic : 2.242767 (0.078494)
potential : -4.417686 (0.078501)
energy : -2.174919 (0.000234)

kinetic : 2.241487 (0.078280)
potential : -4.416421 (0.078286)
energy : -2.174934 (0.000234)

kinetic : 2.238147 (0.078128)
potential : -4.413050 (0.078136)
energy : -2.174903 (0.000235)

kinetic : 2.239446 (0.077917)
potential : -4.414387 (0.077925)
energy : -2.174941 (0.000238)

kinetic : 2.237189 (0.077729)
potential : -4.412113 (0.077737)
energy : -2.174924 (0.000238)

kinetic : 2.235869 (0.077520)
potential : -4.410795 (0.077529)
energy : -2.174926 (0.000237)

kinetic : 2.237177 (0.077312)
potential : -4.412097 (0.077321)
energy : -2.174921 (0.000236)

kinetic : 2.234865 (0.077129)
potential : -4.409782 (0.077138)
energy : -2.174917 (0.000236)

kinetic : 2.236375 (0.076928)
potential : -4.411285 (0.076936)
energy : -2.174910 (0.000235)

kinetic : 2.235906 (0.076714)
potential : -4.410802 (0.076723)
energy : -2.174896 (0.000235)

kinetic : 2.231198 (0.076645)
potential : -4.406104 (0.076653)
energy : -2.174906 (0.000235)

kinetic : 2.227970 (0.076500)
potential : -4.402870 (0.076508)
energy : -2.174900 (0.000234)

kinetic : 2.227059 (0.076293)
potential : -4.401950 (0.076301)
energy : -2.174891 (0.000233)

kinetic : 2.224152 (0.076138)
potential : -4.399044 (0.076146)
energy : -2.174892 (0.000233)

kinetic : 2.226702 (0.075970)
potential : -4.401576 (0.075978)
energy : -2.174874 (0.000233)

kinetic : 2.227157 (0.075763)
potential : -4.402035 (0.075770)
energy : -2.174878 (0.000232)

kinetic : 2.225016 (0.075585)
potential : -4.399888 (0.075593)
energy : -2.174872 (0.000232)

kinetic : 2.224691 (0.075379)
potential : -4.399564 (0.075387)
energy : -2.174872 (0.000231)

kinetic : 2.226608 (0.075198)
potential : -4.401491 (0.075206)
energy : -2.174884 (0.000231)

kinetic : 2.225863 (0.074997)
potential : -4.400770 (0.075005)
energy : -2.174907 (0.000231)

kinetic : 2.227811 (0.074819)
potential : -4.402749 (0.074827)
energy : -2.174938 (0.000233)

kinetic : 2.224999 (0.074669)
potential : -4.399932 (0.074678)
energy : -2.174933 (0.000232)

kinetic : 2.225086 (0.074468)
potential : -4.400007 (0.074476)
energy : -2.174920 (0.000232)

kinetic : 2.222943 (0.074298)
potential : -4.397861 (0.074307)
energy : -2.174918 (0.000231)

kinetic : 2.226171 (0.074169)
potential : -4.401088 (0.074178)
energy : -2.174917 (0.000231)

kinetic : 2.225960 (0.073971)
potential : -4.400874 (0.073979)
energy : -2.174913 (0.000230)

kinetic : 2.223124 (0.073828)
potential : -4.398035 (0.073836)
energy : -2.174911 (0.000230)

kinetic : 2.227131 (0.073740)
potential : -4.402027 (0.073748)
energy : -2.174896 (0.000229)

kinetic : 2.226611 (0.073546)
potential : -4.401512 (0.073554)
energy : -2.174901 (0.000229)

kinetic : 2.226745 (0.073351)
potential : -4.401650 (0.073359)
energy : -2.174905 (0.000228)

kinetic : 2.222974 (0.073255)
potential : -4.397870 (0.073263)
energy : -2.174897 (0.000228)

kinetic : 2.222914 (0.073062)
potential : -4.397813 (0.073070)
energy : -2.174899 (0.000227)

kinetic : 2.221808 (0.072878)
potential : -4.396685 (0.072887)
energy : -2.174877 (0.000228)

kinetic : 2.220043 (0.072708)
potential : -4.394912 (0.072717)
energy : -2.174868 (0.000227)

kinetic : 2.220127 (0.072518)
potential : -4.395006 (0.072527)
energy : -2.174879 (0.000227)

kinetic : 2.217654 (0.072372)
potential : -4.392535 (0.072380)
energy : -2.174881 (0.000226)

kinetic : 2.218161 (0.072185)
potential : -4.393039 (0.072194)
energy : -2.174877 (0.000226)

kinetic : 2.216843 (0.072010)
potential : -4.391720 (0.072018)
energy : -2.174876 (0.000225)

kinetic : 2.214695 (0.071856)
potential : -4.389579 (0.071864)
energy : -2.174884 (0.000225)

kinetic : 2.219012 (0.071800)
potential : -4.393891 (0.071808)
energy : -2.174879 (0.000224)

kinetic : 2.219198 (0.071616)
potential : -4.394080 (0.071624)
energy : -2.174881 (0.000224)

kinetic : 2.215446 (0.071530)
potential : -4.390321 (0.071538)
energy : -2.174875 (0.000223)

kinetic : 2.215920 (0.071349)
potential : -4.390798 (0.071357)
energy : -2.174878 (0.000223)

kinetic : 2.214927 (0.071173)
potential : -4.389814 (0.071181)
energy : -2.174887 (0.000222)

kinetic : 2.214177 (0.070996)
potential : -4.389084 (0.071004)
energy : -2.174907 (0.000223)

kinetic : 2.211952 (0.070851)
potential : -4.386865 (0.070858)
energy : -2.174913 (0.000222)

kinetic : 2.211205 (0.070675)
potential : -4.386132 (0.070682)
energy : -2.174928 (0.000222)

kinetic : 2.210041 (0.070506)
potential : -4.384988 (0.070513)
energy : -2.174947 (0.000222)

kinetic : 2.221289 (0.071222)
potential : -4.396234 (0.071228)
energy : -2.174945 (0.000222)

kinetic : 2.220851 (0.071044)
potential : -4.395785 (0.071051)
energy : -2.174934 (0.000221)

kinetic : 2.217221 (0.070959)
potential : -4.392160 (0.070965)
energy : -2.174938 (0.000221)

kinetic : 2.217190 (0.070781)
potential : -4.392128 (0.070787)
energy : -2.174938 (0.000220)

kinetic : 2.218104 (0.070610)
potential : -4.393042 (0.070617)
energy : -2.174938 (0.000220)

kinetic : 2.216426 (0.070454)
potential : -4.391348 (0.070461)
energy : -2.174923 (0.000220)

kinetic : 2.220416 (0.070392)
potential : -4.395350 (0.070400)
energy : -2.174935 (0.000220)

kinetic : 2.219447 (0.070225)
potential : -4.394382 (0.070232)
energy : -2.174935 (0.000219)

kinetic : 2.218161 (0.070063)
potential : -4.393093 (0.070070)
energy : -2.174932 (0.000219)

kinetic : 2.215629 (0.069936)
potential : -4.390559 (0.069943)
energy : -2.174931 (0.000218)

kinetic : 2.212900 (0.069817)
potential : -4.387824 (0.069825)
energy : -2.174924 (0.000218)

kinetic : 2.211158 (0.069668)
potential : -4.386077 (0.069675)
energy : -2.174919 (0.000217)

kinetic : 2.208026 (0.069568)
potential : -4.382945 (0.069575)
energy : -2.174919 (0.000217)

kinetic : 2.205180 (0.069456)
potential : -4.380089 (0.069464)
energy : -2.174909 (0.000216)

kinetic : 2.206654 (0.069303)
potential : -4.381563 (0.069311)
energy : -2.174909 (0.000216)

kinetic : 2.212477 (0.069379)
potential : -4.387357 (0.069385)
energy : -2.174880 (0.000217)

kinetic : 2.214186 (0.069232)
potential : -4.389080 (0.069238)
energy : -2.174894 (0.000217)

kinetic : 2.214559 (0.069065)
potential : -4.389452 (0.069071)
energy : -2.174893 (0.000217)

kinetic : 2.214881 (0.068900)
potential : -4.389771 (0.068905)
energy : -2.174890 (0.000216)

kinetic : 2.214108 (0.068738)
potential : -4.389008 (0.068744)
energy : -2.174901 (0.000216)

kinetic : 2.213987 (0.068573)
potential : -4.388895 (0.068579)
energy : -2.174908 (0.000215)

kinetic : 2.214979 (0.068416)
potential : -4.389871 (0.068422)
energy : -2.174892 (0.000216)

kinetic : 2.213855 (0.068262)
potential : -4.388750 (0.068267)
energy : -2.174895 (0.000215)

kinetic : 2.215911 (0.068130)
potential : -4.390810 (0.068136)
energy : -2.174899 (0.000215)

kinetic : 2.214471 (0.067983)
potential : -4.389368 (0.067989)
energy : -2.174896 (0.000214)

kinetic : 2.216788 (0.067862)
potential : -4.391683 (0.067867)
energy : -2.174895 (0.000214)

kinetic : 2.217861 (0.067710)
potential : -4.392754 (0.067715)
energy : -2.174893 (0.000213)

kinetic : 2.215553 (0.067589)
potential : -4.390454 (0.067594)
energy : -2.174901 (0.000213)

kinetic : 2.214857 (0.067433)
potential : -4.389754 (0.067439)
energy : -2.174898 (0.000212)

kinetic : 2.214623 (0.067275)
potential : -4.389526 (0.067281)
energy : -2.174903 (0.000212)

kinetic : 2.214384 (0.067118)
potential : -4.389290 (0.067123)
energy : -2.174906 (0.000211)

kinetic : 2.211672 (0.067016)
potential : -4.386593 (0.067020)
energy : -2.174921 (0.000211)

kinetic : 2.212588 (0.066866)
potential : -4.387539 (0.066871)
energy : -2.174951 (0.000213)

kinetic : 2.211346 (0.066722)
potential : -4.386311 (0.066726)
energy : -2.174966 (0.000213)

kinetic : 2.209064 (0.066606)
potential : -4.384021 (0.066611)
energy : -2.174957 (0.000213)

kinetic : 2.206971 (0.066484)
potential : -4.381928 (0.066489)
energy : -2.174957 (0.000212)

kinetic : 2.209111 (0.066365)
potential : -4.384071 (0.066370)
energy : -2.174959 (0.000212)

kinetic : 2.208318 (0.066217)
potential : -4.383279 (0.066222)
energy : -2.174962 (0.000211)

kinetic : 2.208989 (0.066068)
potential : -4.383951 (0.066073)
energy : -2.174962 (0.000211)

kinetic : 2.210144 (0.065926)
potential : -4.385109 (0.065931)
energy : -2.174966 (0.000210)

kinetic : 2.209148 (0.065783)
potential : -4.384116 (0.065788)
energy : -2.174968 (0.000210)

kinetic : 2.207442 (0.065655)
potential : -4.382419 (0.065659)
energy : -2.174977 (0.000210)

kinetic : 2.205647 (0.065529)
potential : -4.380617 (0.065534)
energy : -2.174970 (0.000209)

kinetic : 2.206010 (0.065381)
potential : -4.380978 (0.065386)
energy : -2.174967 (0.000209)

kinetic : 2.205552 (0.065235)
potential : -4.380542 (0.065239)
energy : -2.174990 (0.000209)

kinetic : 2.207871 (0.065128)
potential : -4.382877 (0.065133)
energy : -2.175006 (0.000210)

kinetic : 2.210161 (0.065021)
potential : -4.385164 (0.065026)
energy : -2.175004 (0.000209)

kinetic : 2.210547 (0.064876)
potential : -4.385549 (0.064881)
energy : -2.175002 (0.000209)

kinetic : 2.208459 (0.064764)
potential : -4.383464 (0.064769)
energy : -2.175006 (0.000208)

kinetic : 2.206559 (0.064646)
potential : -4.381571 (0.064651)
energy : -2.175012 (0.000208)

kinetic : 2.206820 (0.064502)
potential : -4.381832 (0.064507)
energy : -2.175011 (0.000207)

kinetic : 2.207946 (0.064368)
potential : -4.382958 (0.064372)
energy : -2.175012 (0.000207)

kinetic : 2.206869 (0.064233)
potential : -4.381875 (0.064238)
energy : -2.175006 (0.000207)

kinetic : 2.204849 (0.064122)
potential : -4.379856 (0.064127)
energy : -2.175006 (0.000206)

kinetic : 2.210771 (0.064253)
potential : -4.385794 (0.064259)
energy : -2.175023 (0.000206)

kinetic : 2.208734 (0.064143)
potential : -4.383751 (0.064150)
energy : -2.175017 (0.000206)

kinetic : 2.208779 (0.064001)
potential : -4.383812 (0.064008)
energy : -2.175034 (0.000206)

kinetic : 2.206973 (0.063886)
potential : -4.382009 (0.063892)
energy : -2.175036 (0.000206)

kinetic : 2.208107 (0.063755)
potential : -4.383154 (0.063762)
energy : -2.175046 (0.000206)

kinetic : 2.210322 (0.063654)
potential : -4.385383 (0.063661)
energy : -2.175061 (0.000206)

kinetic : 2.209783 (0.063517)
potential : -4.384843 (0.063524)
energy : -2.175060 (0.000205)

kinetic : 2.209247 (0.063380)
potential : -4.384309 (0.063387)
energy : -2.175062 (0.000205)

kinetic : 2.209410 (0.063242)
potential : -4.384462 (0.063249)
energy : -2.175052 (0.000205)

kinetic : 2.209622 (0.063105)
potential : -4.384672 (0.063112)
energy : -2.175051 (0.000204)

kinetic : 2.208439 (0.062979)
potential : -4.383506 (0.062986)
energy : -2.175067 (0.000204)

kinetic : 2.216662 (0.063378)
potential : -4.391725 (0.063384)
energy : -2.175063 (0.000204)

kinetic : 2.216352 (0.063242)
potential : -4.391417 (0.063248)
energy : -2.175065 (0.000203)

kinetic : 2.217178 (0.063111)
potential : -4.392244 (0.063117)
energy : -2.175066 (0.000203)

kinetic : 2.216266 (0.062982)
potential : -4.391335 (0.062988)
energy : -2.175068 (0.000203)

kinetic : 2.215109 (0.062857)
potential : -4.390170 (0.062863)
energy : -2.175062 (0.000202)

kinetic : 2.214551 (0.062725)
potential : -4.389622 (0.062731)
energy : -2.175070 (0.000202)

kinetic : 2.213245 (0.062604)
potential : -4.388325 (0.062610)
energy : -2.175080 (0.000202)

kinetic : 2.217509 (0.062616)
potential : -4.392603 (0.062623)
energy : -2.175095 (0.000202)

kinetic : 2.216321 (0.062494)
potential : -4.391418 (0.062501)
energy : -2.175097 (0.000201)

kinetic : 2.215436 (0.062367)
potential : -4.390526 (0.062374)
energy : -2.175090 (0.000201)

kinetic : 2.213686 (0.062259)
potential : -4.388773 (0.062266)
energy : -2.175086 (0.000201)

kinetic : 2.214741 (0.062137)
potential : -4.389829 (0.062144)
energy : -2.175088 (0.000200)

kinetic : 2.212740 (0.062038)
potential : -4.387823 (0.062045)
energy : -2.175083 (0.000200)

kinetic : 2.211510 (0.061919)
potential : -4.386590 (0.061926)
energy : -2.175080 (0.000200)

kinetic : 2.215478 (0.061916)
potential : -4.390547 (0.061923)
energy : -2.175069 (0.000199)

kinetic : 2.214164 (0.061800)
potential : -4.389231 (0.061807)
energy : -2.175067 (0.000199)

kinetic : 2.214045 (0.061671)
potential : -4.389109 (0.061678)
energy : -2.175063 (0.000199)

kinetic : 2.214021 (0.061542)
potential : -4.389084 (0.061549)
energy : -2.175063 (0.000198)

kinetic : 2.215374 (0.061429)
potential : -4.390449 (0.061435)
energy : -2.175075 (0.000198)

kinetic : 2.213774 (0.061322)
potential : -4.388854 (0.061328)
energy : -2.175081 (0.000198)

kinetic : 2.211443 (0.061239)
potential : -4.386528 (0.061245)
energy : -2.175085 (0.000198)

kinetic : 2.210625 (0.061117)
potential : -4.385691 (0.061124)
energy : -2.175066 (0.000198)

kinetic : 2.208236 (0.061038)
potential : -4.383296 (0.061045)
energy : -2.175059 (0.000198)

kinetic : 2.207456 (0.060917)
potential : -4.382515 (0.060924)
energy : -2.175059 (0.000197)

kinetic : 2.208715 (0.060804)
potential : -4.383771 (0.060811)
energy : -2.175055 (0.000197)

kinetic : 2.207601 (0.060689)
potential : -4.382654 (0.060696)
energy : -2.175053 (0.000197)

kinetic : 2.204990 (0.060621)
potential : -4.380036 (0.060628)
energy : -2.175046 (0.000196)

kinetic : 2.202324 (0.060556)
potential : -4.377372 (0.060563)
energy : -2.175048 (0.000196)

kinetic : 2.200361 (0.060464)
potential : -4.375416 (0.060471)
energy : -2.175055 (0.000196)

kinetic : 2.199458 (0.060348)
potential : -4.374510 (0.060354)
energy : -2.175052 (0.000195)

kinetic : 2.199885 (0.060226)
potential : -4.374930 (0.060233)
energy : -2.175045 (0.000195)

kinetic : 2.200024 (0.060104)
potential : -4.375094 (0.060111)
energy : -2.175069 (0.000196)

kinetic : 2.198614 (0.059999)
potential : -4.373686 (0.060006)
energy : -2.175072 (0.000196)

kinetic : 2.200544 (0.059909)
potential : -4.375620 (0.059915)
energy : -2.175077 (0.000195)

kinetic : 2.200650 (0.059788)
potential : -4.375716 (0.059795)
energy : -2.175066 (0.000195)

kinetic : 2.199361 (0.059681)
potential : -4.374430 (0.059688)
energy : -2.175069 (0.000195)

kinetic : 2.197925 (0.059579)
potential : -4.372993 (0.059585)
energy : -2.175068 (0.000194)

kinetic : 2.196170 (0.059485)
potential : -4.371227 (0.059492)
energy : -2.175056 (0.000194)

kinetic : 2.194695 (0.059384)
potential : -4.369760 (0.059391)
energy : -2.175064 (0.000194)

kinetic : 2.200878 (0.059587)
potential : -4.375939 (0.059594)
energy : -2.175060 (0.000194)

kinetic : 2.201074 (0.059469)
potential : -4.376144 (0.059475)
energy : -2.175071 (0.000194)

kinetic : 2.199754 (0.059365)
potential : -4.374825 (0.059371)
energy : -2.175071 (0.000193)

kinetic : 2.199468 (0.059248)
potential : -4.374546 (0.059254)
energy : -2.175077 (0.000193)

kinetic : 2.199995 (0.059133)
potential : -4.375086 (0.059139)
energy : -2.175091 (0.000193)

kinetic : 2.200730 (0.059020)
potential : -4.375809 (0.059027)
energy : -2.175079 (0.000193)

kinetic : 2.200914 (0.058904)
potential : -4.375996 (0.058910)
energy : -2.175081 (0.000193)

kinetic : 2.204994 (0.058930)
potential : -4.380081 (0.058936)
energy : -2.175087 (0.000193)

kinetic : 2.205066 (0.058814)
potential : -4.380165 (0.058820)
energy : -2.175099 (0.000193)

kinetic : 2.203708 (0.058714)
potential : -4.378805 (0.058721)
energy : -2.175097 (0.000192)

kinetic : 2.205044 (0.058614)
potential : -4.380150 (0.058621)
energy : -2.175107 (0.000192)

kinetic : 2.206434 (0.058516)
potential : -4.381552 (0.058523)
energy : -2.175118 (0.000192)

kinetic : 2.207866 (0.058419)
potential : -4.382987 (0.058427)
energy : -2.175121 (0.000192)

kinetic : 2.208922 (0.058315)
potential : -4.384035 (0.058322)
energy : -2.175113 (0.000191)

kinetic : 2.207011 (0.058233)
potential : -4.382129 (0.058240)
energy : -2.175118 (0.000191)

kinetic : 2.206389 (0.058124)
potential : -4.381515 (0.058130)
energy : -2.175127 (0.000191)

kinetic : 2.205921 (0.058013)
potential : -4.381051 (0.058020)
energy : -2.175131 (0.000191)

kinetic : 2.205166 (0.057906)
potential : -4.380300 (0.057912)
energy : -2.175134 (0.000190)

kinetic : 2.206365 (0.057807)
potential : -4.381498 (0.057813)
energy : -2.175133 (0.000190)

kinetic : 2.207321 (0.057703)
potential : -4.382455 (0.057710)
energy : -2.175133 (0.000190)

kinetic : 2.210588 (0.057685)
potential : -4.385709 (0.057691)
energy : -2.175121 (0.000190)

kinetic : 2.207693 (0.057647)
potential : -4.382811 (0.057653)
energy : -2.175118 (0.000189)

kinetic : 2.205452 (0.057580)
potential : -4.380577 (0.057586)
energy : -2.175125 (0.000189)

kinetic : 2.206357 (0.057477)
potential : -4.381481 (0.057483)
energy : -2.175124 (0.000189)

kinetic : 2.207120 (0.057373)
potential : -4.382237 (0.057379)
energy : -2.175117 (0.000188)

kinetic : 2.206997 (0.057264)
potential : -4.382112 (0.057269)
energy : -2.175116 (0.000188)

kinetic : 2.207039 (0.057155)
potential : -4.382167 (0.057161)
energy : -2.175128 (0.000188)

kinetic : 2.207993 (0.057055)
potential : -4.383114 (0.057060)
energy : -2.175121 (0.000188)

kinetic : 2.209085 (0.056957)
potential : -4.384212 (0.056963)
energy : -2.175127 (0.000188)

kinetic : 2.208249 (0.056856)
potential : -4.383379 (0.056861)
energy : -2.175130 (0.000187)

kinetic : 2.208012 (0.056749)
potential : -4.383146 (0.056755)
energy : -2.175134 (0.000187)

kinetic : 2.208315 (0.056643)
potential : -4.383449 (0.056649)
energy : -2.175134 (0.000187)

kinetic : 2.209227 (0.056544)
potential : -4.384367 (0.056550)
energy : -2.175140 (0.000186)

kinetic : 2.207468 (0.056466)
potential : -4.382584 (0.056472)
energy : -2.175116 (0.000188)

kinetic : 2.207331 (0.056360)
potential : -4.382455 (0.056366)
energy : -2.175125 (0.000187)

kinetic : 2.208154 (0.056261)
potential : -4.383287 (0.056267)
energy : -2.175133 (0.000187)

kinetic : 2.208041 (0.056156)
potential : -4.383181 (0.056163)
energy : -2.175140 (0.000187)

kinetic : 2.208064 (0.056052)
potential : -4.383205 (0.056058)
energy : -2.175141 (0.000187)

kinetic : 2.209235 (0.055960)
potential : -4.384386 (0.055966)
energy : -2.175151 (0.000187)

kinetic : 2.208518 (0.055861)
potential : -4.383665 (0.055867)
energy : -2.175147 (0.000186)

kinetic : 2.209217 (0.055762)
potential : -4.384374 (0.055768)
energy : -2.175157 (0.000186)

kinetic : 2.208163 (0.055669)
potential : -4.383324 (0.055675)
energy : -2.175161 (0.000186)

kinetic : 2.208928 (0.055571)
potential : -4.384108 (0.055578)
energy : -2.175180 (0.000187)

kinetic : 2.208704 (0.055470)
potential : -4.383881 (0.055476)
energy : -2.175178 (0.000186)

kinetic : 2.207922 (0.055373)
potential : -4.383104 (0.055380)
energy : -2.175182 (0.000186)

kinetic : 2.205973 (0.055306)
potential : -4.381155 (0.055313)
energy : -2.175182 (0.000186)

kinetic : 2.205734 (0.055205)
potential : -4.380913 (0.055212)
energy : -2.175179 (0.000185)

kinetic : 2.204545 (0.055117)
potential : -4.379722 (0.055124)
energy : -2.175177 (0.000185)

kinetic : 2.205603 (0.055027)
potential : -4.380783 (0.055034)
energy : -2.175180 (0.000185)

kinetic : 2.205482 (0.054927)
potential : -4.380668 (0.054934)
energy : -2.175186 (0.000184)

kinetic : 2.206169 (0.054832)
potential : -4.381367 (0.054839)
energy : -2.175199 (0.000185)

kinetic : 2.206760 (0.054735)
potential : -4.381944 (0.054742)
energy : -2.175185 (0.000185)

kinetic : 2.205485 (0.054651)
potential : -4.380667 (0.054658)
energy : -2.175182 (0.000184)

kinetic : 2.204263 (0.054566)
potential : -4.379448 (0.054573)
energy : -2.175185 (0.000184)

kinetic : 2.203070 (0.054481)
potential : -4.378250 (0.054488)
energy : -2.175180 (0.000184)

kinetic : 2.203931 (0.054390)
potential : -4.379121 (0.054397)
energy : -2.175190 (0.000184)

kinetic : 2.204334 (0.054293)
potential : -4.379531 (0.054300)
energy : -2.175196 (0.000184)

kinetic : 2.205249 (0.054204)
potential : -4.380428 (0.054210)
energy : -2.175178 (0.000184)

kinetic : 2.205204 (0.054107)
potential : -4.380384 (0.054113)
energy : -2.175180 (0.000184)

kinetic : 2.204311 (0.054017)
potential : -4.379487 (0.054024)
energy : -2.175176 (0.000183)

kinetic : 2.203229 (0.053932)
potential : -4.378398 (0.053939)
energy : -2.175169 (0.000183)

kinetic : 2.203893 (0.053840)
potential : -4.379065 (0.053847)
energy : -2.175172 (0.000183)

kinetic : 2.203684 (0.053745)
potential : -4.378858 (0.053751)
energy : -2.175174 (0.000183)

kinetic : 2.203089 (0.053652)
potential : -4.378255 (0.053659)
energy : -2.175166 (0.000182)

kinetic : 2.202956 (0.053558)
potential : -4.378116 (0.053565)
energy : -2.175160 (0.000182)

kinetic : 2.203380 (0.053465)
potential : -4.378532 (0.053471)
energy : -2.175152 (0.000182)

kinetic : 2.204509 (0.053382)
potential : -4.379690 (0.053390)
energy : -2.175181 (0.000184)

kinetic : 2.203602 (0.053296)
potential : -4.378780 (0.053303)
energy : -2.175178 (0.000184)

kinetic : 2.202845 (0.053207)
potential : -4.378016 (0.053215)
energy : -2.175170 (0.000184)

kinetic : 2.202226 (0.053118)
potential : -4.377401 (0.053125)
energy : -2.175175 (0.000184)

kinetic : 2.203656 (0.053044)
potential : -4.378824 (0.053051)
energy : -2.175168 (0.000183)

kinetic : 2.202067 (0.052975)
potential : -4.377234 (0.052982)
energy : -2.175167 (0.000183)

kinetic : 2.200763 (0.052898)
potential : -4.375930 (0.052906)
energy : -2.175167 (0.000183)

kinetic : 2.200725 (0.052806)
potential : -4.375866 (0.052813)
energy : -2.175141 (0.000184)

kinetic : 2.200838 (0.052714)
potential : -4.375977 (0.052722)
energy : -2.175139 (0.000184)

kinetic : 2.201102 (0.052623)
potential : -4.376250 (0.052631)
energy : -2.175147 (0.000184)

kinetic : 2.202654 (0.052555)
potential : -4.377805 (0.052562)
energy : -2.175150 (0.000184)

kinetic : 2.202469 (0.052464)
potential : -4.377608 (0.052472)
energy : -2.175140 (0.000184)

kinetic : 2.212456 (0.053317)
potential : -4.387580 (0.053322)
energy : -2.175124 (0.000184)

kinetic : 2.219677 (0.053713)
potential : -4.394790 (0.053716)
energy : -2.175112 (0.000184)

kinetic : 2.216713 (0.053702)
potential : -4.391818 (0.053706)
energy : -2.175105 (0.000184)

kinetic : 2.215764 (0.053618)
potential : -4.390872 (0.053622)
energy : -2.175108 (0.000184)

kinetic : 2.214534 (0.053541)
potential : -4.389634 (0.053544)
energy : -2.175100 (0.000183)

kinetic : 2.213105 (0.053468)
potential : -4.388202 (0.053471)
energy : -2.175097 (0.000183)

kinetic : 2.215322 (0.053422)
potential : -4.390429 (0.053426)
energy : -2.175107 (0.000183)

kinetic : 2.214153 (0.053344)
potential : -4.389258 (0.053348)
energy : -2.175104 (0.000183)

kinetic : 2.214643 (0.053255)
potential : -4.389739 (0.053259)
energy : -2.175096 (0.000183)

kinetic : 2.213127 (0.053186)
potential : -4.388215 (0.053190)
energy : -2.175088 (0.000183)

kinetic : 2.212699 (0.053098)
potential : -4.387778 (0.053102)
energy : -2.175079 (0.000182)

kinetic : 2.211110 (0.053031)
potential : -4.386189 (0.053035)
energy : -2.175080 (0.000182)

kinetic : 2.209063 (0.052981)
potential : -4.384141 (0.052985)
energy : -2.175077 (0.000182)

kinetic : 2.208131 (0.052900)
potential : -4.383202 (0.052904)
energy : -2.175071 (0.000182)

kinetic : 2.207076 (0.052821)
potential : -4.382140 (0.052825)
energy : -2.175064 (0.000181)

kinetic : 2.206592 (0.052734)
potential : -4.381652 (0.052739)
energy : -2.175060 (0.000181)

kinetic : 2.205878 (0.052650)
potential : -4.380941 (0.052655)
energy : -2.175063 (0.000181)

kinetic : 2.203748 (0.052605)
potential : -4.378806 (0.052610)
energy : -2.175057 (0.000181)

kinetic : 2.204308 (0.052520)
potential : -4.379383 (0.052525)
energy : -2.175075 (0.000181)

kinetic : 2.203485 (0.052438)
potential : -4.378554 (0.052443)
energy : -2.175069 (0.000181)

kinetic : 2.204192 (0.052356)
potential : -4.379261 (0.052360)
energy : -2.175069 (0.000181)

kinetic : 2.203568 (0.052272)
potential : -4.378635 (0.052277)
energy : -2.175066 (0.000181)

kinetic : 2.204939 (0.052203)
potential : -4.380002 (0.052208)
energy : -2.175063 (0.000180)

kinetic : 2.204151 (0.052122)
potential : -4.379205 (0.052127)
energy : -2.175054 (0.000180)

kinetic : 2.203374 (0.052041)
potential : -4.378429 (0.052046)
energy : -2.175056 (0.000180)

kinetic : 2.202089 (0.051971)
potential : -4.377136 (0.051976)
energy : -2.175047 (0.000180)

kinetic : 2.202255 (0.051885)
potential : -4.377300 (0.051890)
energy : -2.175045 (0.000180)

kinetic : 2.202105 (0.051800)
potential : -4.377139 (0.051805)
energy : -2.175035 (0.000179)

kinetic : 2.203657 (0.051738)
potential : -4.378700 (0.051743)
energy : -2.175044 (0.000179)

kinetic : 2.203432 (0.051653)
potential : -4.378472 (0.051658)
energy : -2.175040 (0.000179)

kinetic : 2.204118 (0.051573)
potential : -4.379160 (0.051578)
energy : -2.175042 (0.000179)

kinetic : 2.204522 (0.051490)
potential : -4.379561 (0.051495)
energy : -2.175039 (0.000179)

kinetic : 2.202853 (0.051432)
potential : -4.377883 (0.051438)
energy : -2.175029 (0.000179)

kinetic : 2.203834 (0.051358)
potential : -4.378863 (0.051363)
energy : -2.175029 (0.000178)

kinetic : 2.203734 (0.051274)
potential : -4.378763 (0.051279)
energy : -2.175029 (0.000178)

kinetic : 2.204113 (0.051192)
potential : -4.379153 (0.051197)
energy : -2.175039 (0.000178)

kinetic : 2.203214 (0.051116)
potential : -4.378259 (0.051122)
energy : -2.175044 (0.000178)

kinetic : 2.202321 (0.051041)
potential : -4.377360 (0.051047)
energy : -2.175039 (0.000178)

kinetic : 2.203754 (0.050978)
potential : -4.378795 (0.050984)
energy : -2.175041 (0.000177)

kinetic : 2.203888 (0.050896)
potential : -4.378938 (0.050902)
energy : -2.175050 (0.000177)

kinetic : 2.202737 (0.050827)
potential : -4.377783 (0.050832)
energy : -2.175046 (0.000177)

kinetic : 2.202744 (0.050745)
potential : -4.377791 (0.050750)
energy : -2.175047 (0.000177)

kinetic : 2.202291 (0.050665)
potential : -4.377350 (0.050671)
energy : -2.175059 (0.000177)

kinetic : 2.204004 (0.050613)
potential : -4.379058 (0.050618)
energy : -2.175054 (0.000177)

kinetic : 2.203350 (0.050535)
potential : -4.378403 (0.050541)
energy : -2.175053 (0.000176)

kinetic : 2.204288 (0.050463)
potential : -4.379346 (0.050469)
energy : -2.175057 (0.000176)

kinetic : 2.202654 (0.050409)
potential : -4.377708 (0.050414)
energy : -2.175054 (0.000176)

kinetic : 2.207310 (0.050543)
potential : -4.382366 (0.050549)
energy : -2.175056 (0.000176)

kinetic : 2.206961 (0.050464)
potential : -4.382013 (0.050469)
energy : -2.175052 (0.000175)

kinetic : 2.206891 (0.050383)
potential : -4.381943 (0.050389)
energy : -2.175052 (0.000175)

kinetic : 2.207328 (0.050305)
potential : -4.382374 (0.050311)
energy : -2.175046 (0.000175)

kinetic : 2.206854 (0.050227)
potential : -4.381895 (0.050233)
energy : -2.175041 (0.000175)

kinetic : 2.207935 (0.050159)
potential : -4.382974 (0.050165)
energy : -2.175038 (0.000174)

kinetic : 2.208851 (0.050088)
potential : -4.383890 (0.050094)
energy : -2.175038 (0.000174)

kinetic : 2.209157 (0.050010)
potential : -4.384192 (0.050015)
energy : -2.175034 (0.000174)

kinetic : 2.209558 (0.049933)
potential : -4.384600 (0.049938)
energy : -2.175042 (0.000174)

kinetic : 2.209723 (0.049854)
potential : -4.384762 (0.049860)
energy : -2.175040 (0.000174)

kinetic : 2.208149 (0.049801)
potential : -4.383186 (0.049806)
energy : -2.175037 (0.000173)

kinetic : 2.208159 (0.049722)
potential : -4.383187 (0.049728)
energy : -2.175028 (0.000173)

kinetic : 2.206559 (0.049670)
potential : -4.381584 (0.049676)
energy : -2.175025 (0.000173)

kinetic : 2.204564 (0.049633)
potential : -4.379592 (0.049638)
energy : -2.175028 (0.000173)

kinetic : 2.205281 (0.049560)
potential : -4.380309 (0.049566)
energy : -2.175028 (0.000172)

kinetic : 2.203071 (0.049532)
potential : -4.378094 (0.049538)
energy : -2.175023 (0.000172)

kinetic : 2.203073 (0.049455)
potential : -4.378095 (0.049461)
energy : -2.175022 (0.000172)

kinetic : 2.201056 (0.049419)
potential : -4.376063 (0.049425)
energy : -2.175007 (0.000172)

kinetic : 2.200933 (0.049342)
potential : -4.375930 (0.049349)
energy : -2.174997 (0.000172)

kinetic : 2.198939 (0.049306)
potential : -4.373933 (0.049313)
energy : -2.174994 (0.000172)

kinetic : 2.198946 (0.049230)
potential : -4.373939 (0.049236)
energy : -2.174993 (0.000172)

kinetic : 2.199230 (0.049155)
potential : -4.374211 (0.049161)
energy : -2.174981 (0.000172)

kinetic : 2.198412 (0.049085)
potential : -4.373391 (0.049092)
energy : -2.174979 (0.000172)

kinetic : 2.197153 (0.049026)
potential : -4.372129 (0.049032)
energy : -2.174976 (0.000172)

kinetic : 2.196985 (0.048951)
potential : -4.371963 (0.048957)
energy : -2.174978 (0.000171)

kinetic : 2.196433 (0.048879)
potential : -4.371410 (0.048885)
energy : -2.174977 (0.000171)

kinetic : 2.197389 (0.048813)
potential : -4.372360 (0.048819)
energy : -2.174971 (0.000171)

kinetic : 2.198480 (0.048750)
potential : -4.373459 (0.048757)
energy : -2.174979 (0.000171)

kinetic : 2.199214 (0.048681)
potential : -4.374203 (0.048688)
energy : -2.174989 (0.000171)

kinetic : 2.202358 (0.048708)
potential : -4.377342 (0.048715)
energy : -2.174984 (0.000171)

kinetic : 2.204890 (0.048700)
potential : -4.379882 (0.048707)
energy : -2.174992 (0.000171)

kinetic : 2.204611 (0.048627)
potential : -4.379613 (0.048633)
energy : -2.175001 (0.000171)

kinetic : 2.205244 (0.048557)
potential : -4.380243 (0.048563)
energy : -2.174999 (0.000170)

kinetic : 2.204527 (0.048488)
potential : -4.379531 (0.048495)
energy : -2.175004 (0.000170)

kinetic : 2.203737 (0.048421)
potential : -4.378741 (0.048428)
energy : -2.175004 (0.000170)

kinetic : 2.204541 (0.048355)
potential : -4.379543 (0.048361)
energy : -2.175002 (0.000170)

kinetic : 2.204166 (0.048283)
potential : -4.379165 (0.048289)
energy : -2.174998 (0.000169)

kinetic : 2.203948 (0.048211)
potential : -4.378955 (0.048217)
energy : -2.175008 (0.000169)

kinetic : 2.203877 (0.048138)
potential : -4.378879 (0.048144)
energy : -2.175001 (0.000169)

kinetic : 2.204671 (0.048072)
potential : -4.379684 (0.048079)
energy : -2.175013 (0.000170)

kinetic : 2.203534 (0.048013)
potential : -4.378552 (0.048020)
energy : -2.175018 (0.000169)

kinetic : 2.204925 (0.047961)
potential : -4.379942 (0.047968)
energy : -2.175018 (0.000169)

kinetic : 2.206066 (0.047903)
potential : -4.381092 (0.047910)
energy : -2.175027 (0.000169)

kinetic : 2.206184 (0.047832)
potential : -4.381216 (0.047838)
energy : -2.175032 (0.000169)

kinetic : 2.206518 (0.047761)
potential : -4.381548 (0.047768)
energy : -2.175029 (0.000169)

kinetic : 2.205796 (0.047696)
potential : -4.380816 (0.047702)
energy : -2.175020 (0.000169)

kinetic : 2.206112 (0.047626)
potential : -4.381125 (0.047632)
energy : -2.175013 (0.000169)

kinetic : 2.205535 (0.047558)
potential : -4.380551 (0.047565)
energy : -2.175017 (0.000168)

kinetic : 2.204821 (0.047493)
potential : -4.379842 (0.047500)
energy : -2.175021 (0.000168)

kinetic : 2.207339 (0.047490)
potential : -4.382374 (0.047497)
energy : -2.175035 (0.000168)

kinetic : 2.207206 (0.047419)
potential : -4.382227 (0.047427)
energy : -2.175021 (0.000169)

kinetic : 2.208426 (0.047365)
potential : -4.383472 (0.047373)
energy : -2.175046 (0.000170)

kinetic : 2.207541 (0.047303)
potential : -4.382582 (0.047311)
energy : -2.175040 (0.000170)

kinetic : 2.207443 (0.047234)
potential : -4.382483 (0.047242)
energy : -2.175040 (0.000170)

kinetic : 2.206702 (0.047170)
potential : -4.381741 (0.047178)
energy : -2.175039 (0.000170)

kinetic : 2.206012 (0.047106)
potential : -4.381045 (0.047114)
energy : -2.175032 (0.000170)

kinetic : 2.204717 (0.047054)
potential : -4.379744 (0.047063)
energy : -2.175027 (0.000169)

kinetic : 2.203316 (0.047006)
potential : -4.378341 (0.047015)
energy : -2.175025 (0.000169)

kinetic : 2.204411 (0.046950)
potential : -4.379434 (0.046959)
energy : -2.175023 (0.000169)

kinetic : 2.204463 (0.046882)
potential : -4.379484 (0.046890)
energy : -2.175022 (0.000169)

kinetic : 2.203186 (0.046831)
potential : -4.378212 (0.046839)
energy : -2.175026 (0.000168)

kinetic : 2.205642 (0.046827)
potential : -4.380682 (0.046836)
energy : -2.175040 (0.000169)

kinetic : 2.205167 (0.046761)
potential : -4.380207 (0.046770)
energy : -2.175040 (0.000168)

kinetic : 2.205024 (0.046694)
potential : -4.380075 (0.046702)
energy : -2.175051 (0.000169)

kinetic : 2.205917 (0.046635)
potential : -4.381000 (0.046644)
energy : -2.175083 (0.000171)

kinetic : 2.204901 (0.046578)
potential : -4.379979 (0.046588)
energy : -2.175078 (0.000171)

kinetic : 2.205086 (0.046511)
potential : -4.380164 (0.046521)
energy : -2.175078 (0.000171)

kinetic : 2.203687 (0.046465)
potential : -4.378759 (0.046475)
energy : -2.175072 (0.000171)

kinetic : 2.202481 (0.046414)
potential : -4.377553 (0.046423)
energy : -2.175072 (0.000171)

kinetic : 2.201415 (0.046359)
potential : -4.376485 (0.046369)
energy : -2.175069 (0.000170)

kinetic : 2.200926 (0.046295)
potential : -4.375991 (0.046305)
energy : -2.175065 (0.000170)

kinetic : 2.200530 (0.046230)
potential : -4.375597 (0.046240)
energy : -2.175068 (0.000170)

kinetic : 2.203253 (0.046244)
potential : -4.378333 (0.046255)
energy : -2.175080 (0.000170)

kinetic : 2.203271 (0.046178)
potential : -4.378355 (0.046188)
energy : -2.175083 (0.000170)

kinetic : 2.202738 (0.046115)
potential : -4.377819 (0.046125)
energy : -2.175081 (0.000170)

kinetic : 2.201507 (0.046066)
potential : -4.376582 (0.046076)
energy : -2.175076 (0.000170)

kinetic : 2.201590 (0.046000)
potential : -4.376661 (0.046011)
energy : -2.175071 (0.000169)

kinetic : 2.200172 (0.045957)
potential : -4.375241 (0.045967)
energy : -2.175068 (0.000169)

kinetic : 2.199662 (0.045894)
potential : -4.374734 (0.045904)
energy : -2.175072 (0.000169)

kinetic : 2.202825 (0.045938)
potential : -4.377894 (0.045948)
energy : -2.175069 (0.000169)

kinetic : 2.201880 (0.045883)
potential : -4.376944 (0.045893)
energy : -2.175064 (0.000168)

kinetic : 2.203947 (0.045864)
potential : -4.379020 (0.045875)
energy : -2.175073 (0.000169)

kinetic : 2.202291 (0.045829)
potential : -4.377365 (0.045840)
energy : -2.175074 (0.000168)

kinetic : 2.201893 (0.045766)
potential : -4.376971 (0.045777)
energy : -2.175078 (0.000168)

kinetic : 2.200338 (0.045728)
potential : -4.375413 (0.045739)
energy : -2.175075 (0.000168)

kinetic : 2.202411 (0.045711)
potential : -4.377485 (0.045722)
energy : -2.175074 (0.000168)

kinetic : 2.202408 (0.045647)
potential : -4.377494 (0.045657)
energy : -2.175086 (0.000168)

kinetic : 2.202123 (0.045583)
potential : -4.377206 (0.045594)
energy : -2.175082 (0.000168)

kinetic : 2.202300 (0.045520)
potential : -4.377381 (0.045531)
energy : -2.175081 (0.000167)

kinetic : 2.201419 (0.045465)
potential : -4.376491 (0.045475)
energy : -2.175072 (0.000167)

kinetic : 2.200299 (0.045415)
potential : -4.375367 (0.045426)
energy : -2.175068 (0.000167)

kinetic : 2.199936 (0.045353)
potential : -4.375004 (0.045364)
energy : -2.175068 (0.000167)

kinetic : 2.200247 (0.045291)
potential : -4.375318 (0.045302)
energy : -2.175071 (0.000167)

kinetic : 2.199509 (0.045234)
potential : -4.374578 (0.045245)
energy : -2.175070 (0.000167)

kinetic : 2.198884 (0.045175)
potential : -4.373954 (0.045186)
energy : -2.175070 (0.000166)

kinetic : 2.198525 (0.045114)
potential : -4.373587 (0.045125)
energy : -2.175063 (0.000166)

kinetic : 2.199745 (0.045068)
potential : -4.374804 (0.045079)
energy : -2.175058 (0.000166)

kinetic : 2.199845 (0.045006)
potential : -4.374901 (0.045017)
energy : -2.175056 (0.000166)

kinetic : 2.200260 (0.044946)
potential : -4.375321 (0.044956)
energy : -2.175061 (0.000166)

kinetic : 2.200165 (0.044884)
potential : -4.375232 (0.044894)
energy : -2.175068 (0.000166)

kinetic : 2.201426 (0.044840)
potential : -4.376499 (0.044850)
energy : -2.175073 (0.000165)

kinetic : 2.200550 (0.044786)
potential : -4.375621 (0.044797)
energy : -2.175071 (0.000165)

kinetic : 2.199020 (0.044751)
potential : -4.374089 (0.044762)
energy : -2.175069 (0.000165)

kinetic : 2.198699 (0.044691)
potential : -4.373769 (0.044702)
energy : -2.175071 (0.000165)

kinetic : 2.198821 (0.044630)
potential : -4.373898 (0.044640)
energy : -2.175077 (0.000165)

kinetic : 2.198547 (0.044569)
potential : -4.373617 (0.044580)
energy : -2.175070 (0.000165)

kinetic : 2.197916 (0.044513)
potential : -4.372983 (0.044524)
energy : -2.175067 (0.000164)

kinetic : 2.198893 (0.044463)
potential : -4.373954 (0.044474)
energy : -2.175061 (0.000164)

kinetic : 2.198527 (0.044404)
potential : -4.373584 (0.044415)
energy : -2.175057 (0.000164)

kinetic : 2.198698 (0.044344)
potential : -4.373750 (0.044354)
energy : -2.175052 (0.000164)

kinetic : 2.198871 (0.044284)
potential : -4.373915 (0.044294)
energy : -2.175044 (0.000164)

kinetic : 2.198280 (0.044228)
potential : -4.373326 (0.044238)
energy : -2.175046 (0.000164)

kinetic : 2.198781 (0.044170)
potential : -4.373842 (0.044181)
energy : -2.175061 (0.000164)

kinetic : 2.203307 (0.044342)
potential : -4.378361 (0.044352)
energy : -2.175054 (0.000164)

kinetic : 2.205522 (0.044338)
potential : -4.380575 (0.044348)
energy : -2.175054 (0.000164)

kinetic : 2.204560 (0.044288)
potential : -4.379611 (0.044298)
energy : -2.175052 (0.000164)

kinetic : 2.203484 (0.044242)
potential : -4.378533 (0.044252)
energy : -2.175049 (0.000164)

kinetic : 2.203022 (0.044184)
potential : -4.378066 (0.044194)
energy : -2.175043 (0.000163)

kinetic : 2.201702 (0.044145)
potential : -4.376742 (0.044155)
energy : -2.175040 (0.000163)

kinetic : 2.202148 (0.044088)
potential : -4.377183 (0.044098)
energy : -2.175035 (0.000163)

kinetic : 2.202160 (0.044028)
potential : -4.377195 (0.044039)
energy : -2.175035 (0.000163)

kinetic : 2.204759 (0.044046)
potential : -4.379790 (0.044056)
energy : -2.175031 (0.000163)

kinetic : 2.204004 (0.043994)
potential : -4.379039 (0.044004)
energy : -2.175035 (0.000162)

kinetic : 2.202489 (0.043961)
potential : -4.377519 (0.043971)
energy : -2.175031 (0.000162)

kinetic : 2.201590 (0.043912)
potential : -4.376619 (0.043922)
energy : -2.175029 (0.000162)

kinetic : 2.201531 (0.043853)
potential : -4.376556 (0.043863)
energy : -2.175025 (0.000162)

kinetic : 2.202584 (0.043808)
potential : -4.377613 (0.043818)
energy : -2.175028 (0.000162)

kinetic : 2.202576 (0.043749)
potential : -4.377611 (0.043759)
energy : -2.175035 (0.000162)

kinetic : 2.200923 (0.043723)
potential : -4.375957 (0.043733)
energy : -2.175034 (0.000161)

kinetic : 2.200810 (0.043665)
potential : -4.375851 (0.043675)
energy : -2.175041 (0.000161)

kinetic : 2.200709 (0.043607)
potential : -4.375755 (0.043617)
energy : -2.175046 (0.000161)

kinetic : 2.201106 (0.043551)
potential : -4.376150 (0.043561)
energy : -2.175044 (0.000161)

kinetic : 2.201355 (0.043494)
potential : -4.376399 (0.043504)
energy : -2.175044 (0.000161)

kinetic : 2.201755 (0.043439)
potential : -4.376789 (0.043449)
energy : -2.175034 (0.000161)

kinetic : 2.201557 (0.043382)
potential : -4.376587 (0.043392)
energy : -2.175030 (0.000161)

kinetic : 2.202551 (0.043337)
potential : -4.377586 (0.043347)
energy : -2.175035 (0.000161)

kinetic : 2.201261 (0.043299)
potential : -4.376299 (0.043309)
energy : -2.175038 (0.000160)

kinetic : 2.200917 (0.043244)
potential : -4.375957 (0.043253)
energy : -2.175040 (0.000160)

kinetic : 2.200584 (0.043188)
potential : -4.375627 (0.043198)
energy : -2.175044 (0.000160)

kinetic : 2.200102 (0.043134)
potential : -4.375141 (0.043144)
energy : -2.175039 (0.000160)

kinetic : 2.199920 (0.043078)
potential : -4.374956 (0.043088)
energy : -2.175037 (0.000160)

kinetic : 2.200110 (0.043023)
potential : -4.375145 (0.043032)
energy : -2.175035 (0.000160)

kinetic : 2.201555 (0.042991)
potential : -4.376603 (0.043001)
energy : -2.175048 (0.000160)

kinetic : 2.200924 (0.042940)
potential : -4.375972 (0.042950)
energy : -2.175048 (0.000160)

kinetic : 2.202156 (0.042901)
potential : -4.377225 (0.042912)
energy : -2.175068 (0.000161)

kinetic : 2.200466 (0.042879)
potential : -4.375532 (0.042890)
energy : -2.175066 (0.000161)

kinetic : 2.200617 (0.042824)
potential : -4.375688 (0.042835)
energy : -2.175072 (0.000161)

kinetic : 2.201781 (0.042784)
potential : -4.376853 (0.042795)
energy : -2.175071 (0.000160)

kinetic : 2.201477 (0.042730)
potential : -4.376550 (0.042741)
energy : -2.175073 (0.000160)

kinetic : 2.202385 (0.042684)
potential : -4.377459 (0.042695)
energy : -2.175074 (0.000160)

kinetic : 2.202418 (0.042629)
potential : -4.377492 (0.042640)
energy : -2.175074 (0.000160)

kinetic : 2.202407 (0.042575)
potential : -4.377485 (0.042585)
energy : -2.175078 (0.000160)

kinetic : 2.201147 (0.042538)
potential : -4.376215 (0.042550)
energy : -2.175068 (0.000160)

kinetic : 2.201395 (0.042485)
potential : -4.376468 (0.042496)
energy : -2.175073 (0.000160)

kinetic : 2.199230 (0.042485)
potential : -4.374302 (0.042496)
energy : -2.175072 (0.000159)

kinetic : 2.197849 (0.042453)
potential : -4.372920 (0.042464)
energy : -2.175071 (0.000159)

kinetic : 2.197478 (0.042401)
potential : -4.372548 (0.042412)
energy : -2.175070 (0.000159)

kinetic : 2.199219 (0.042382)
potential : -4.374285 (0.042393)
energy : -2.175067 (0.000159)

kinetic : 2.198138 (0.042342)
potential : -4.373206 (0.042353)
energy : -2.175067 (0.000159)

kinetic : 2.198646 (0.042291)
potential : -4.373721 (0.042302)
energy : -2.175074 (0.000159)

kinetic : 2.196824 (0.042276)
potential : -4.371904 (0.042287)
energy : -2.175080 (0.000158)

kinetic : 2.197760 (0.042233)
potential : -4.372861 (0.042244)
energy : -2.175101 (0.000160)

kinetic : 2.198845 (0.042193)
potential : -4.373958 (0.042205)
energy : -2.175113 (0.000160)

kinetic : 2.198933 (0.042140)
potential : -4.374037 (0.042151)
energy : -2.175104 (0.000160)

kinetic : 2.198718 (0.042087)
potential : -4.373817 (0.042099)
energy : -2.175099 (0.000160)

kinetic : 2.198206 (0.042037)
potential : -4.373304 (0.042048)
energy : -2.175098 (0.000160)

kinetic : 2.197097 (0.041998)
potential : -4.372189 (0.042010)
energy : -2.175093 (0.000160)

kinetic : 2.197217 (0.041946)
potential : -4.372311 (0.041957)
energy : -2.175093 (0.000159)

kinetic : 2.197189 (0.041893)
potential : -4.372279 (0.041904)
energy : -2.175090 (0.000159)

kinetic : 2.197119 (0.041840)
potential : -4.372216 (0.041852)
energy : -2.175098 (0.000159)

kinetic : 2.194891 (0.041847)
potential : -4.369987 (0.041858)
energy : -2.175096 (0.000159)

kinetic : 2.193882 (0.041806)
potential : -4.368971 (0.041818)
energy : -2.175090 (0.000159)

kinetic : 2.193757 (0.041754)
potential : -4.368846 (0.041766)
energy : -2.175089 (0.000159)

kinetic : 2.192877 (0.041711)
potential : -4.367959 (0.041723)
energy : -2.175083 (0.000159)

kinetic : 2.192175 (0.041665)
potential : -4.367253 (0.041677)
energy : -2.175078 (0.000158)

kinetic : 2.191349 (0.041621)
potential : -4.366424 (0.041633)
energy : -2.175075 (0.000158)

kinetic : 2.190188 (0.041585)
potential : -4.365261 (0.041597)
energy : -2.175073 (0.000158)

kinetic : 2.189001 (0.041551)
potential : -4.364070 (0.041563)
energy : -2.175069 (0.000158)

kinetic : 2.190684 (0.041533)
potential : -4.365746 (0.041545)
energy : -2.175063 (0.000158)

kinetic : 2.191055 (0.041483)
potential : -4.366117 (0.041495)
energy : -2.175062 (0.000158)

kinetic : 2.191430 (0.041433)
potential : -4.366495 (0.041445)
energy : -2.175065 (0.000158)

kinetic : 2.191984 (0.041386)
potential : -4.367051 (0.041397)
energy : -2.175066 (0.000157)

kinetic : 2.190438 (0.041363)
potential : -4.365506 (0.041375)
energy : -2.175069 (0.000157)

kinetic : 2.190062 (0.041314)
potential : -4.365133 (0.041325)
energy : -2.175071 (0.000157)

kinetic : 2.188543 (0.041291)
potential : -4.363615 (0.041302)
energy : -2.175071 (0.000157)

kinetic : 2.188279 (0.041241)
potential : -4.363347 (0.041252)
energy : -2.175068 (0.000157)

kinetic : 2.188046 (0.041190)
potential : -4.363121 (0.041202)
energy : -2.175075 (0.000157)

kinetic : 2.187340 (0.041146)
potential : -4.362415 (0.041157)
energy : -2.175074 (0.000156)

kinetic : 2.185825 (0.041123)
potential : -4.360895 (0.041135)
energy : -2.175070 (0.000156)

kinetic : 2.184943 (0.041082)
potential : -4.360022 (0.041094)
energy : -2.175079 (0.000156)

kinetic : 2.185008 (0.041032)
potential : -4.360090 (0.041043)
energy : -2.175082 (0.000156)

kinetic : 2.183136 (0.041024)
potential : -4.358214 (0.041036)
energy : -2.175078 (0.000156)

kinetic : 2.181974 (0.040991)
potential : -4.357050 (0.041002)
energy : -2.175076 (0.000156)

kinetic : 2.181313 (0.040946)
potential : -4.356401 (0.040957)
energy : -2.175089 (0.000156)

kinetic : 2.181468 (0.040896)
potential : -4.356558 (0.040908)
energy : -2.175090 (0.000156)

kinetic : 2.182364 (0.040856)
potential : -4.357447 (0.040867)
energy : -2.175084 (0.000156)

kinetic : 2.180312 (0.040858)
potential : -4.355387 (0.040870)
energy : -2.175075 (0.000156)

kinetic : 2.183794 (0.040956)
potential : -4.358864 (0.040968)
energy : -2.175070 (0.000156)

kinetic : 2.183263 (0.040910)
potential : -4.358336 (0.040921)
energy : -2.175072 (0.000156)

kinetic : 2.182751 (0.040864)
potential : -4.357819 (0.040875)
energy : -2.175068 (0.000156)

kinetic : 2.182990 (0.040815)
potential : -4.358061 (0.040826)
energy : -2.175071 (0.000155)

kinetic : 2.183038 (0.040766)
potential : -4.358093 (0.040777)
energy : -2.175055 (0.000156)

kinetic : 2.182992 (0.040716)
potential : -4.358052 (0.040728)
energy : -2.175060 (0.000156)

kinetic : 2.183602 (0.040672)
potential : -4.358664 (0.040683)
energy : -2.175062 (0.000156)

kinetic : 2.184125 (0.040626)
potential : -4.359196 (0.040637)
energy : -2.175071 (0.000156)

kinetic : 2.183828 (0.040578)
potential : -4.358895 (0.040590)
energy : -2.175067 (0.000156)

kinetic : 2.183022 (0.040538)
potential : -4.358082 (0.040549)
energy : -2.175061 (0.000156)

kinetic : 2.184518 (0.040516)
potential : -4.359578 (0.040528)
energy : -2.175061 (0.000155)

kinetic : 2.182848 (0.040502)
potential : -4.357907 (0.040514)
energy : -2.175059 (0.000155)

kinetic : 2.181878 (0.040465)
potential : -4.356934 (0.040477)
energy : -2.175056 (0.000155)

kinetic : 2.181147 (0.040424)
potential : -4.356205 (0.040435)
energy : -2.175058 (0.000155)

kinetic : 2.180544 (0.040380)
potential : -4.355605 (0.040391)
energy : -2.175061 (0.000155)

kinetic : 2.181231 (0.040337)
potential : -4.356289 (0.040349)
energy : -2.175058 (0.000155)

kinetic : 2.181088 (0.040290)
potential : -4.356144 (0.040301)
energy : -2.175056 (0.000154)

kinetic : 2.181277 (0.040242)
potential : -4.356334 (0.040253)
energy : -2.175057 (0.000154)

kinetic : 2.180034 (0.040213)
potential : -4.355089 (0.040225)
energy : -2.175054 (0.000154)

kinetic : 2.180960 (0.040176)
potential : -4.356026 (0.040188)
energy : -2.175066 (0.000154)

kinetic : 2.184491 (0.040284)
potential : -4.359552 (0.040295)
energy : -2.175060 (0.000154)

kinetic : 2.183927 (0.040240)
potential : -4.358992 (0.040251)
energy : -2.175065 (0.000154)

kinetic : 2.183885 (0.040192)
potential : -4.358950 (0.040203)
energy : -2.175064 (0.000154)

kinetic : 2.182662 (0.040163)
potential : -4.357726 (0.040174)
energy : -2.175063 (0.000154)

kinetic : 2.183427 (0.040123)
potential : -4.358487 (0.040134)
energy : -2.175060 (0.000154)

kinetic : 2.183388 (0.040076)
potential : -4.358445 (0.040087)
energy : -2.175057 (0.000154)

kinetic : 2.183429 (0.040029)
potential : -4.358486 (0.040039)
energy : -2.175057 (0.000153)

kinetic : 2.184679 (0.040001)
potential : -4.359745 (0.040012)
energy : -2.175066 (0.000153)

kinetic : 2.185402 (0.039960)
potential : -4.360464 (0.039972)
energy : -2.175062 (0.000153)

kinetic : 2.185038 (0.039915)
potential : -4.360113 (0.039926)
energy : -2.175075 (0.000154)

kinetic : 2.185118 (0.039868)
potential : -4.360191 (0.039879)
energy : -2.175073 (0.000154)

kinetic : 2.186550 (0.039847)
potential : -4.361643 (0.039859)
energy : -2.175094 (0.000155)

kinetic : 2.187015 (0.039804)
potential : -4.362117 (0.039815)
energy : -2.175102 (0.000155)

kinetic : 2.185830 (0.039775)
potential : -4.360933 (0.039786)
energy : -2.175103 (0.000155)

kinetic : 2.184766 (0.039742)
potential : -4.359869 (0.039754)
energy : -2.175103 (0.000154)

kinetic : 2.184064 (0.039702)
potential : -4.359171 (0.039714)
energy : -2.175106 (0.000154)

kinetic : 2.183694 (0.039658)
potential : -4.358803 (0.039669)
energy : -2.175109 (0.000154)

kinetic : 2.185306 (0.039644)
potential : -4.360411 (0.039656)
energy : -2.175104 (0.000154)

kinetic : 2.183503 (0.039639)
potential : -4.358611 (0.039651)
energy : -2.175108 (0.000154)

kinetic : 2.185716 (0.039655)
potential : -4.360819 (0.039666)
energy : -2.175102 (0.000154)

kinetic : 2.185032 (0.039615)
potential : -4.360137 (0.039626)
energy : -2.175105 (0.000154)

kinetic : 2.184343 (0.039575)
potential : -4.359447 (0.039586)
energy : -2.175104 (0.000153)

kinetic : 2.184117 (0.039530)
potential : -4.359220 (0.039541)
energy : -2.175103 (0.000153)

kinetic : 2.183419 (0.039491)
potential : -4.358526 (0.039501)
energy : -2.175106 (0.000153)

kinetic : 2.182318 (0.039460)
potential : -4.357419 (0.039471)
energy : -2.175102 (0.000153)

kinetic : 2.181608 (0.039421)
potential : -4.356707 (0.039432)
energy : -2.175099 (0.000153)

kinetic : 2.181371 (0.039377)
potential : -4.356477 (0.039387)
energy : -2.175106 (0.000153)

kinetic : 2.180375 (0.039344)
potential : -4.355484 (0.039355)
energy : -2.175109 (0.000153)

kinetic : 2.180147 (0.039299)
potential : -4.355261 (0.039310)
energy : -2.175114 (0.000153)

kinetic : 2.179612 (0.039258)
potential : -4.354724 (0.039269)
energy : -2.175112 (0.000152)

kinetic : 2.179675 (0.039213)
potential : -4.354783 (0.039224)
energy : -2.175108 (0.000152)

kinetic : 2.178421 (0.039188)
potential : -4.353527 (0.039199)
energy : -2.175106 (0.000152)

kinetic : 2.177871 (0.039147)
potential : -4.352990 (0.039158)
energy : -2.175119 (0.000153)

kinetic : 2.177408 (0.039105)
potential : -4.352518 (0.039116)
energy : -2.175110 (0.000153)

kinetic : 2.177987 (0.039065)
potential : -4.353098 (0.039076)
energy : -2.175112 (0.000152)

kinetic : 2.177694 (0.039022)
potential : -4.352803 (0.039032)
energy : -2.175109 (0.000152)

kinetic : 2.177725 (0.038977)
potential : -4.352833 (0.038988)
energy : -2.175108 (0.000152)

kinetic : 2.176481 (0.038953)
potential : -4.351582 (0.038963)
energy : -2.175101 (0.000152)

kinetic : 2.176920 (0.038911)
potential : -4.352022 (0.038922)
energy : -2.175102 (0.000152)

kinetic : 2.178007 (0.038882)
potential : -4.353114 (0.038893)
energy : -2.175107 (0.000152)

kinetic : 2.178534 (0.038841)
potential : -4.353642 (0.038852)
energy : -2.175108 (0.000152)

kinetic : 2.179610 (0.038812)
potential : -4.354739 (0.038824)
energy : -2.175129 (0.000153)

kinetic : 2.178627 (0.038781)
potential : -4.353756 (0.038792)
energy : -2.175129 (0.000153)

kinetic : 2.178590 (0.038737)
potential : -4.353717 (0.038749)
energy : -2.175127 (0.000153)

kinetic : 2.178244 (0.038695)
potential : -4.353371 (0.038706)
energy : -2.175127 (0.000152)

kinetic : 2.177774 (0.038654)
potential : -4.352906 (0.038666)
energy : -2.175132 (0.000152)

kinetic : 2.177044 (0.038618)
potential : -4.352172 (0.038629)
energy : -2.175128 (0.000152)

kinetic : 2.177299 (0.038575)
potential : -4.352431 (0.038587)
energy : -2.175132 (0.000152)

kinetic : 2.181185 (0.038727)
potential : -4.356316 (0.038739)
energy : -2.175131 (0.000152)

kinetic : 2.180152 (0.038698)
potential : -4.355290 (0.038709)
energy : -2.175138 (0.000152)

kinetic : 2.180136 (0.038654)
potential : -4.355277 (0.038665)
energy : -2.175141 (0.000152)

kinetic : 2.180435 (0.038612)
potential : -4.355569 (0.038623)
energy : -2.175134 (0.000152)

kinetic : 2.180757 (0.038570)
potential : -4.355892 (0.038581)
energy : -2.175134 (0.000152)

kinetic : 2.181071 (0.038529)
potential : -4.356203 (0.038539)
energy : -2.175132 (0.000151)

kinetic : 2.179911 (0.038503)
potential : -4.355046 (0.038514)
energy : -2.175135 (0.000151)

kinetic : 2.180021 (0.038460)
potential : -4.355158 (0.038471)
energy : -2.175137 (0.000151)

kinetic : 2.179959 (0.038418)
potential : -4.355095 (0.038428)
energy : -2.175136 (0.000151)

kinetic : 2.179907 (0.038375)
potential : -4.355046 (0.038386)
energy : -2.175139 (0.000151)

kinetic : 2.180068 (0.038333)
potential : -4.355212 (0.038343)
energy : -2.175144 (0.000151)

kinetic : 2.178924 (0.038307)
potential : -4.354066 (0.038318)
energy : -2.175142 (0.000151)

kinetic : 2.181868 (0.038378)
potential : -4.357005 (0.038388)
energy : -2.175137 (0.000151)

kinetic : 2.181100 (0.038343)
potential : -4.356236 (0.038354)
energy : -2.175136 (0.000150)

kinetic : 2.181279 (0.038301)
potential : -4.356417 (0.038312)
energy : -2.175137 (0.000150)

kinetic : 2.180726 (0.038263)
potential : -4.355860 (0.038273)
energy : -2.175135 (0.000150)

kinetic : 2.180432 (0.038222)
potential : -4.355564 (0.038232)
energy : -2.175131 (0.000150)

kinetic : 2.180511 (0.038180)
potential : -4.355645 (0.038190)
energy : -2.175134 (0.000150)

kinetic : 2.181050 (0.038141)
potential : -4.356186 (0.038152)
energy : -2.175136 (0.000150)

kinetic : 2.181602 (0.038103)
potential : -4.356743 (0.038114)
energy : -2.175141 (0.000150)

kinetic : 2.182999 (0.038087)
potential : -4.358138 (0.038098)
energy : -2.175139 (0.000149)

kinetic : 2.182584 (0.038048)
potential : -4.357719 (0.038058)
energy : -2.175135 (0.000149)

kinetic : 2.182752 (0.038006)
potential : -4.357883 (0.038017)
energy : -2.175131 (0.000149)

kinetic : 2.183278 (0.037968)
potential : -4.358413 (0.037979)
energy : -2.175135 (0.000149)

kinetic : 2.182390 (0.037937)
potential : -4.357526 (0.037948)
energy : -2.175136 (0.000149)

kinetic : 2.181488 (0.037907)
potential : -4.356626 (0.037917)
energy : -2.175138 (0.000149)

kinetic : 2.180450 (0.037879)
potential : -4.355586 (0.037890)
energy : -2.175136 (0.000149)

kinetic : 2.180235 (0.037839)
potential : -4.355367 (0.037849)
energy : -2.175131 (0.000149)

kinetic : 2.179645 (0.037802)
potential : -4.354776 (0.037813)
energy : -2.175131 (0.000148)

kinetic : 2.179767 (0.037761)
potential : -4.354894 (0.037772)
energy : -2.175127 (0.000148)

kinetic : 2.178553 (0.037740)
potential : -4.353682 (0.037750)
energy : -2.175129 (0.000148)

kinetic : 2.181036 (0.037781)
potential : -4.356174 (0.037791)
energy : -2.175138 (0.000148)

kinetic : 2.180754 (0.037741)
potential : -4.355891 (0.037752)
energy : -2.175136 (0.000148)

kinetic : 2.180145 (0.037705)
potential : -4.355279 (0.037716)
energy : -2.175135 (0.000148)

kinetic : 2.179267 (0.037674)
potential : -4.354402 (0.037685)
energy : -2.175134 (0.000148)

kinetic : 2.178594 (0.037639)
potential : -4.353732 (0.037650)
energy : -2.175138 (0.000148)

kinetic : 2.177266 (0.037622)
potential : -4.352394 (0.037633)
energy : -2.175128 (0.000148)

kinetic : 2.177234 (0.037582)
potential : -4.352367 (0.037593)
energy : -2.175133 (0.000148)

kinetic : 2.179746 (0.037625)
potential : -4.354877 (0.037636)
energy : -2.175131 (0.000148)

kinetic : 2.179471 (0.037586)
potential : -4.354604 (0.037597)
energy : -2.175133 (0.000148)

kinetic : 2.180357 (0.037556)
potential : -4.355490 (0.037567)
energy : -2.175132 (0.000147)

kinetic : 2.180221 (0.037516)
potential : -4.355350 (0.037527)
energy : -2.175129 (0.000147)

kinetic : 2.181713 (0.037505)
potential : -4.356846 (0.037516)
energy : -2.175134 (0.000147)

kinetic : 2.180804 (0.037476)
potential : -4.355936 (0.037487)
energy : -2.175132 (0.000147)

kinetic : 2.180328 (0.037439)
potential : -4.355462 (0.037450)
energy : -2.175134 (0.000147)

kinetic : 2.179804 (0.037403)
potential : -4.354926 (0.037414)
energy : -2.175122 (0.000147)

kinetic : 2.179848 (0.037363)
potential : -4.354974 (0.037374)
energy : -2.175127 (0.000147)

kinetic : 2.184695 (0.037636)
potential : -4.359809 (0.037646)
energy : -2.175115 (0.000147)

kinetic : 2.183819 (0.037606)
potential : -4.358929 (0.037616)
energy : -2.175110 (0.000147)

kinetic : 2.183709 (0.037566)
potential : -4.358819 (0.037576)
energy : -2.175111 (0.000147)

kinetic : 2.183341 (0.037528)
potential : -4.358444 (0.037538)
energy : -2.175103 (0.000147)

kinetic : 2.183647 (0.037490)
potential : -4.358768 (0.037500)
energy : -2.175120 (0.000148)

kinetic : 2.184176 (0.037454)
potential : -4.359299 (0.037464)
energy : -2.175123 (0.000148)

kinetic : 2.184823 (0.037419)
potential : -4.359948 (0.037430)
energy : -2.175125 (0.000148)

kinetic : 2.184069 (0.037387)
potential : -4.359193 (0.037398)
energy : -2.175125 (0.000148)

kinetic : 2.183841 (0.037349)
potential : -4.358964 (0.037359)
energy : -2.175123 (0.000148)

kinetic : 2.184185 (0.037311)
potential : -4.359307 (0.037321)
energy : -2.175122 (0.000147)

kinetic : 2.182964 (0.037291)
potential : -4.358079 (0.037302)
energy : -2.175116 (0.000147)

kinetic : 2.181832 (0.037269)
potential : -4.356948 (0.037279)
energy : -2.175116 (0.000147)

kinetic : 2.180664 (0.037248)
potential : -4.355778 (0.037259)
energy : -2.175114 (0.000147)

kinetic : 2.180717 (0.037209)
potential : -4.355828 (0.037219)
energy : -2.175111 (0.000147)

kinetic : 2.181493 (0.037178)
potential : -4.356601 (0.037188)
energy : -2.175107 (0.000147)

kinetic : 2.181555 (0.037139)
potential : -4.356661 (0.037149)
energy : -2.175106 (0.000147)

kinetic : 2.180167 (0.037126)
potential : -4.355270 (0.037136)
energy : -2.175102 (0.000147)

kinetic : 2.179060 (0.037104)
potential : -4.354159 (0.037114)
energy : -2.175099 (0.000147)

kinetic : 2.178133 (0.037077)
potential : -4.353222 (0.037087)
energy : -2.175089 (0.000147)

kinetic : 2.177950 (0.037038)
potential : -4.353037 (0.037049)
energy : -2.175087 (0.000147)

kinetic : 2.177514 (0.037002)
potential : -4.352596 (0.037013)
energy : -2.175082 (0.000146)

kinetic : 2.177771 (0.036964)
potential : -4.352852 (0.036975)
energy : -2.175081 (0.000146)

kinetic : 2.177378 (0.036928)
potential : -4.352461 (0.036939)
energy : -2.175083 (0.000146)

kinetic : 2.177154 (0.036890)
potential : -4.352234 (0.036901)
energy : -2.175080 (0.000146)

kinetic : 2.176996 (0.036852)
potential : -4.352076 (0.036863)
energy : -2.175080 (0.000146)

kinetic : 2.176236 (0.036822)
potential : -4.351314 (0.036832)
energy : -2.175078 (0.000146)

kinetic : 2.177461 (0.036804)
potential : -4.352540 (0.036815)
energy : -2.175080 (0.000146)

kinetic : 2.177619 (0.036766)
potential : -4.352697 (0.036777)
energy : -2.175078 (0.000146)

kinetic : 2.177081 (0.036732)
potential : -4.352158 (0.036743)
energy : -2.175077 (0.000145)

kinetic : 2.176939 (0.036694)
potential : -4.352017 (0.036705)
energy : -2.175077 (0.000145)

kinetic : 2.176621 (0.036658)
potential : -4.351700 (0.036668)
energy : -2.175078 (0.000145)

kinetic : 2.175840 (0.036628)
potential : -4.350919 (0.036639)
energy : -2.175079 (0.000145)

kinetic : 2.175011 (0.036600)
potential : -4.350080 (0.036611)
energy : -2.175069 (0.000145)

kinetic : 2.174435 (0.036567)
potential : -4.349503 (0.036577)
energy : -2.175068 (0.000145)

kinetic : 2.174026 (0.036531)
potential : -4.349095 (0.036542)
energy : -2.175069 (0.000145)

kinetic : 2.174314 (0.036495)
potential : -4.349392 (0.036506)
energy : -2.175078 (0.000145)

kinetic : 2.174640 (0.036459)
potential : -4.349717 (0.036470)
energy : -2.175076 (0.000145)

kinetic : 2.173577 (0.036437)
potential : -4.348651 (0.036448)
energy : -2.175074 (0.000145)

kinetic : 2.173339 (0.036400)
potential : -4.348412 (0.036411)
energy : -2.175072 (0.000145)

kinetic : 2.174403 (0.036379)
potential : -4.349475 (0.036389)
energy : -2.175072 (0.000144)

kinetic : 2.174952 (0.036346)
potential : -4.350024 (0.036356)
energy : -2.175072 (0.000144)

kinetic : 2.176965 (0.036364)
potential : -4.352057 (0.036376)
energy : -2.175092 (0.000145)

kinetic : 2.176983 (0.036327)
potential : -4.352081 (0.036339)
energy : -2.175098 (0.000145)

kinetic : 2.177788 (0.036299)
potential : -4.352880 (0.036311)
energy : -2.175092 (0.000145)

kinetic : 2.178255 (0.036265)
potential : -4.353349 (0.036277)
energy : -2.175094 (0.000145)

kinetic : 2.179599 (0.036253)
potential : -4.354696 (0.036265)
energy : -2.175097 (0.000145)

kinetic : 2.179358 (0.036217)
potential : -4.354455 (0.036229)
energy : -2.175097 (0.000145)

kinetic : 2.179006 (0.036182)
potential : -4.354103 (0.036194)
energy : -2.175097 (0.000145)

kinetic : 2.179997 (0.036159)
potential : -4.355098 (0.036171)
energy : -2.175101 (0.000145)

kinetic : 2.180206 (0.036123)
potential : -4.355303 (0.036135)
energy : -2.175098 (0.000145)

kinetic : 2.179907 (0.036087)
potential : -4.355002 (0.036099)
energy : -2.175096 (0.000145)

kinetic : 2.180771 (0.036061)
potential : -4.355877 (0.036073)
energy : -2.175105 (0.000145)

kinetic : 2.180408 (0.036027)
potential : -4.355509 (0.036039)
energy : -2.175101 (0.000145)

kinetic : 2.180475 (0.035990)
potential : -4.355574 (0.036002)
energy : -2.175099 (0.000144)

kinetic : 2.180511 (0.035954)
potential : -4.355607 (0.035966)
energy : -2.175096 (0.000144)

kinetic : 2.180219 (0.035919)
potential : -4.355311 (0.035931)
energy : -2.175092 (0.000144)

kinetic : 2.180381 (0.035883)
potential : -4.355467 (0.035895)
energy : -2.175086 (0.000144)

kinetic : 2.180465 (0.035847)
potential : -4.355552 (0.035859)
energy : -2.175086 (0.000144)

kinetic : 2.179821 (0.035817)
potential : -4.354906 (0.035829)
energy : -2.175085 (0.000144)

kinetic : 2.180874 (0.035797)
potential : -4.355958 (0.035809)
energy : -2.175084 (0.000144)

kinetic : 2.180659 (0.035761)
potential : -4.355743 (0.035773)
energy : -2.175084 (0.000144)

kinetic : 2.183067 (0.035807)
potential : -4.358149 (0.035818)
energy : -2.175082 (0.000144)

kinetic : 2.182376 (0.035777)
potential : -4.357456 (0.035789)
energy : -2.175080 (0.000143)
         kinetic: 2.182(36), Sigma: 4.174, T_corr: 7.3
       potential: -4.357(36), Sigma: 4.177, T_corr: 7.3
          energy: -2.17508(14), Sigma: 0.023, T_corr: 4.0

For tau = 2.00e-01, acceptance ratio = 0.78
Time: 49.26s
