
kinetic : 2.236979 (inf)
potential : -4.411012 (inf)
energy : -2.174033 (inf)

kinetic : 2.547473 (inf)
potential : -4.723908 (inf)
energy : -2.176435 (inf)

kinetic : 2.477465 (0.070009)
potential : -4.653355 (0.070553)
energy : -2.175890 (0.000544)

kinetic : 2.311177 (0.171130)
potential : -4.487614 (0.170673)
energy : -2.176437 (0.000631)

kinetic : 2.292804 (0.122394)
potential : -4.468210 (0.122234)
energy : -2.175405 (0.001124)

kinetic : 2.138924 (0.180741)
potential : -4.315674 (0.179532)
energy : -2.176750 (0.001602)

kinetic : 2.152666 (0.148213)
potential : -4.328961 (0.147188)
energy : -2.176295 (0.001385)

kinetic : 2.085506 (0.142131)
potential : -4.261191 (0.141659)
energy : -2.175685 (0.001320)

kinetic : 2.038427 (0.131785)
potential : -4.214333 (0.131324)
energy : -2.175906 (0.001164)

kinetic : 2.034956 (0.116275)
potential : -4.210961 (0.115866)
energy : -2.176005 (0.001032)

kinetic : 1.994529 (0.111581)
potential : -4.170531 (0.111241)
energy : -2.176002 (0.000923)

kinetic : 2.120871 (0.161706)
potential : -4.297192 (0.161764)
energy : -2.176321 (0.000893)

kinetic : 2.042128 (0.167306)
potential : -4.217920 (0.167602)
energy : -2.175792 (0.000972)

kinetic : 2.039102 (0.153929)
potential : -4.215485 (0.154190)
energy : -2.176383 (0.001072)

kinetic : 2.042180 (0.142543)
potential : -4.218302 (0.142780)
energy : -2.176122 (0.001026)

kinetic : 2.052635 (0.133112)
potential : -4.228888 (0.133342)
energy : -2.176253 (0.000964)

kinetic : 2.028866 (0.126763)
potential : -4.205131 (0.126972)
energy : -2.176265 (0.000902)

kinetic : 2.156580 (0.174612)
potential : -4.333009 (0.174866)
energy : -2.176429 (0.000863)

kinetic : 2.138519 (0.165613)
potential : -4.315501 (0.165792)
energy : -2.176981 (0.000983)

kinetic : 2.117853 (0.158012)
potential : -4.294750 (0.158191)
energy : -2.176898 (0.000934)

kinetic : 2.126227 (0.150137)
potential : -4.303504 (0.150328)
energy : -2.177278 (0.000964)

kinetic : 2.112484 (0.143468)
potential : -4.289692 (0.143656)
energy : -2.177208 (0.000919)

kinetic : 2.088925 (0.138806)
potential : -4.266219 (0.138967)
energy : -2.177294 (0.000881)

kinetic : 2.054488 (0.137031)
potential : -4.231736 (0.137192)
energy : -2.177248 (0.000843)

kinetic : 2.065180 (0.131632)
potential : -4.242320 (0.131777)
energy : -2.177140 (0.000814)

kinetic : 2.044041 (0.128014)
potential : -4.221096 (0.128166)
energy : -2.177055 (0.000786)

kinetic : 2.010952 (0.127366)
potential : -4.187776 (0.127566)
energy : -2.176825 (0.000789)

kinetic : 2.011947 (0.122562)
potential : -4.188644 (0.122754)
energy : -2.176698 (0.000770)

kinetic : 1.997065 (0.119037)
potential : -4.173811 (0.119215)
energy : -2.176745 (0.000743)

kinetic : 1.965407 (0.119142)
potential : -4.142099 (0.119322)
energy : -2.176692 (0.000719)

kinetic : 2.042933 (0.138776)
potential : -4.219294 (0.138736)
energy : -2.176361 (0.000770)

kinetic : 2.025065 (0.135409)
potential : -4.201454 (0.135367)
energy : -2.176390 (0.000745)

kinetic : 2.015054 (0.131491)
potential : -4.191635 (0.131435)
energy : -2.176581 (0.000746)

kinetic : 1.993113 (0.129319)
potential : -4.169638 (0.129276)
energy : -2.176524 (0.000725)

kinetic : 2.024538 (0.129334)
potential : -4.200921 (0.129258)
energy : -2.176383 (0.000718)

kinetic : 2.096290 (0.144637)
potential : -4.272609 (0.144541)
energy : -2.176319 (0.000700)

kinetic : 2.076698 (0.141920)
potential : -4.252856 (0.141851)
energy : -2.176158 (0.000699)

kinetic : 2.150115 (0.156342)
potential : -4.326516 (0.156396)
energy : -2.176400 (0.000721)

kinetic : 2.144123 (0.152290)
potential : -4.320557 (0.152341)
energy : -2.176434 (0.000703)

kinetic : 2.186236 (0.154196)
potential : -4.362819 (0.154285)
energy : -2.176583 (0.000701)

kinetic : 2.176324 (0.150618)
potential : -4.352811 (0.150711)
energy : -2.176486 (0.000690)

kinetic : 2.166598 (0.147220)
potential : -4.343097 (0.147310)
energy : -2.176499 (0.000673)

kinetic : 2.162843 (0.143721)
potential : -4.339176 (0.143813)
energy : -2.176333 (0.000678)

kinetic : 2.150309 (0.140898)
potential : -4.326600 (0.140991)
energy : -2.176291 (0.000663)

kinetic : 2.133427 (0.138690)
potential : -4.309767 (0.138774)
energy : -2.176340 (0.000650)

kinetic : 2.120947 (0.136146)
potential : -4.297273 (0.136229)
energy : -2.176326 (0.000635)

kinetic : 2.106036 (0.133986)
potential : -4.282295 (0.134074)
energy : -2.176259 (0.000625)

kinetic : 2.089143 (0.132188)
potential : -4.265357 (0.132279)
energy : -2.176214 (0.000613)

kinetic : 2.103985 (0.130253)
potential : -4.280063 (0.130326)
energy : -2.176078 (0.000615)

kinetic : 2.131094 (0.130416)
potential : -4.307067 (0.130464)
energy : -2.175973 (0.000612)

kinetic : 2.167185 (0.132780)
potential : -4.343145 (0.132822)
energy : -2.175960 (0.000600)

kinetic : 2.165960 (0.130156)
potential : -4.341889 (0.130198)
energy : -2.175929 (0.000589)

kinetic : 2.156238 (0.127998)
potential : -4.332255 (0.128032)
energy : -2.176017 (0.000584)

kinetic : 2.152434 (0.125618)
potential : -4.328353 (0.125654)
energy : -2.175919 (0.000581)

kinetic : 2.171158 (0.124683)
potential : -4.347121 (0.124725)
energy : -2.175963 (0.000572)

kinetic : 2.169053 (0.122413)
potential : -4.345080 (0.122454)
energy : -2.176027 (0.000565)

kinetic : 2.159143 (0.120615)
potential : -4.335119 (0.120659)
energy : -2.175976 (0.000557)

kinetic : 2.148759 (0.118935)
potential : -4.324679 (0.118982)
energy : -2.175920 (0.000550)

kinetic : 2.148338 (0.116867)
potential : -4.324436 (0.116913)
energy : -2.176098 (0.000569)

kinetic : 2.134972 (0.115644)
potential : -4.311057 (0.115691)
energy : -2.176085 (0.000560)

kinetic : 2.146311 (0.114264)
potential : -4.322376 (0.114308)
energy : -2.176065 (0.000551)

kinetic : 2.135691 (0.112876)
potential : -4.311712 (0.112923)
energy : -2.176021 (0.000543)

kinetic : 2.130762 (0.111150)
potential : -4.306715 (0.111199)
energy : -2.175953 (0.000539)

kinetic : 2.123480 (0.109614)
potential : -4.299366 (0.109666)
energy : -2.175886 (0.000534)

kinetic : 2.117038 (0.108079)
potential : -4.292882 (0.108134)
energy : -2.175843 (0.000528)

kinetic : 2.103379 (0.107277)
potential : -4.279230 (0.107329)
energy : -2.175851 (0.000519)

kinetic : 2.105841 (0.105668)
potential : -4.281690 (0.105719)
energy : -2.175849 (0.000512)

kinetic : 2.134752 (0.108019)
potential : -4.310588 (0.108065)
energy : -2.175837 (0.000504)

kinetic : 2.133409 (0.106427)
potential : -4.309278 (0.106472)
energy : -2.175869 (0.000498)

kinetic : 2.121502 (0.105547)
potential : -4.297326 (0.105596)
energy : -2.175824 (0.000492)

kinetic : 2.117892 (0.104091)
potential : -4.293632 (0.104142)
energy : -2.175740 (0.000493)

kinetic : 2.111281 (0.102827)
potential : -4.287209 (0.102865)
energy : -2.175928 (0.000521)

kinetic : 2.106962 (0.101481)
potential : -4.282895 (0.101518)
energy : -2.175933 (0.000513)

kinetic : 2.096901 (0.100586)
potential : -4.272797 (0.100626)
energy : -2.175895 (0.000508)

kinetic : 2.121343 (0.102183)
potential : -4.297221 (0.102218)
energy : -2.175877 (0.000501)

kinetic : 2.110302 (0.101415)
potential : -4.286158 (0.101450)
energy : -2.175856 (0.000495)

kinetic : 2.109419 (0.100075)
potential : -4.285187 (0.100111)
energy : -2.175767 (0.000496)

kinetic : 2.174701 (0.118392)
potential : -4.350344 (0.118353)
energy : -2.175643 (0.000505)

kinetic : 2.176657 (0.116881)
potential : -4.352160 (0.116840)
energy : -2.175503 (0.000518)

kinetic : 2.180772 (0.115465)
potential : -4.356226 (0.115423)
energy : -2.175454 (0.000514)

kinetic : 2.168784 (0.114641)
potential : -4.344240 (0.114600)
energy : -2.175456 (0.000507)

kinetic : 2.154390 (0.114128)
potential : -4.329800 (0.114094)
energy : -2.175410 (0.000503)

kinetic : 2.140879 (0.113535)
potential : -4.316277 (0.113502)
energy : -2.175398 (0.000497)

kinetic : 2.142917 (0.112177)
potential : -4.318354 (0.112146)
energy : -2.175437 (0.000493)

kinetic : 2.140109 (0.110869)
potential : -4.315566 (0.110838)
energy : -2.175456 (0.000487)

kinetic : 2.144209 (0.109634)
potential : -4.319633 (0.109601)
energy : -2.175424 (0.000483)

kinetic : 2.137302 (0.108571)
potential : -4.312731 (0.108539)
energy : -2.175430 (0.000477)

kinetic : 2.146995 (0.107753)
potential : -4.322428 (0.107722)
energy : -2.175432 (0.000471)

kinetic : 2.141542 (0.106661)
potential : -4.317062 (0.106625)
energy : -2.175520 (0.000474)

kinetic : 2.136224 (0.105590)
potential : -4.311726 (0.105556)
energy : -2.175502 (0.000469)

kinetic : 2.147971 (0.105069)
potential : -4.323524 (0.105041)
energy : -2.175552 (0.000467)

kinetic : 2.152603 (0.104011)
potential : -4.328200 (0.103985)
energy : -2.175597 (0.000464)

kinetic : 2.141598 (0.103461)
potential : -4.317185 (0.103437)
energy : -2.175586 (0.000459)

kinetic : 2.141753 (0.102343)
potential : -4.317425 (0.102319)
energy : -2.175671 (0.000462)

kinetic : 2.150733 (0.101645)
potential : -4.326376 (0.101620)
energy : -2.175643 (0.000458)

kinetic : 2.151761 (0.100575)
potential : -4.327410 (0.100550)
energy : -2.175649 (0.000453)

kinetic : 2.157839 (0.099707)
potential : -4.333509 (0.099683)
energy : -2.175670 (0.000449)

kinetic : 2.153318 (0.098777)
potential : -4.328947 (0.098756)
energy : -2.175629 (0.000446)

kinetic : 2.152742 (0.097766)
potential : -4.328310 (0.097745)
energy : -2.175568 (0.000446)

kinetic : 2.168823 (0.098101)
potential : -4.344381 (0.098078)
energy : -2.175558 (0.000441)

kinetic : 2.163648 (0.097252)
potential : -4.339177 (0.097232)
energy : -2.175529 (0.000438)

kinetic : 2.158292 (0.096433)
potential : -4.333838 (0.096412)
energy : -2.175546 (0.000434)

kinetic : 2.164810 (0.095706)
potential : -4.340357 (0.095685)
energy : -2.175547 (0.000429)

kinetic : 2.160537 (0.094868)
potential : -4.336074 (0.094848)
energy : -2.175537 (0.000425)

kinetic : 2.153424 (0.094220)
potential : -4.328946 (0.094202)
energy : -2.175523 (0.000421)

kinetic : 2.158055 (0.093434)
potential : -4.333630 (0.093418)
energy : -2.175575 (0.000421)

kinetic : 2.159037 (0.092553)
potential : -4.334596 (0.092537)
energy : -2.175558 (0.000417)

kinetic : 2.158994 (0.091684)
potential : -4.334516 (0.091668)
energy : -2.175522 (0.000415)

kinetic : 2.156582 (0.090863)
potential : -4.332062 (0.090849)
energy : -2.175480 (0.000413)

kinetic : 2.157287 (0.090029)
potential : -4.332722 (0.090014)
energy : -2.175435 (0.000412)

kinetic : 2.169952 (0.090101)
potential : -4.345357 (0.090082)
energy : -2.175406 (0.000409)

kinetic : 2.160764 (0.089757)
potential : -4.336140 (0.089742)
energy : -2.175376 (0.000406)

kinetic : 2.157691 (0.089005)
potential : -4.333045 (0.088991)
energy : -2.175354 (0.000403)

kinetic : 2.150288 (0.088524)
potential : -4.325661 (0.088508)
energy : -2.175373 (0.000400)

kinetic : 2.159582 (0.088235)
potential : -4.334918 (0.088215)
energy : -2.175336 (0.000398)

kinetic : 2.167450 (0.087817)
potential : -4.342825 (0.087802)
energy : -2.175375 (0.000397)

kinetic : 2.162206 (0.087215)
potential : -4.337559 (0.087201)
energy : -2.175352 (0.000394)

kinetic : 2.159099 (0.086522)
potential : -4.334444 (0.086508)
energy : -2.175345 (0.000391)

kinetic : 2.152012 (0.086078)
potential : -4.327311 (0.086068)
energy : -2.175299 (0.000390)

kinetic : 2.144513 (0.085680)
potential : -4.319782 (0.085673)
energy : -2.175269 (0.000388)

kinetic : 2.146707 (0.084991)
potential : -4.321922 (0.084983)
energy : -2.175215 (0.000388)

kinetic : 2.164940 (0.086236)
potential : -4.340200 (0.086237)
energy : -2.175260 (0.000388)

kinetic : 2.157254 (0.085871)
potential : -4.332480 (0.085875)
energy : -2.175226 (0.000386)

kinetic : 2.161828 (0.085292)
potential : -4.337058 (0.085297)
energy : -2.175231 (0.000383)

kinetic : 2.163930 (0.084628)
potential : -4.339145 (0.084632)
energy : -2.175214 (0.000380)

kinetic : 2.152275 (0.084753)
potential : -4.327482 (0.084758)
energy : -2.175207 (0.000377)

kinetic : 2.154108 (0.084098)
potential : -4.329316 (0.084103)
energy : -2.175208 (0.000374)

kinetic : 2.151040 (0.083490)
potential : -4.326254 (0.083494)
energy : -2.175214 (0.000371)

kinetic : 2.154437 (0.082904)
potential : -4.329640 (0.082909)
energy : -2.175204 (0.000369)

kinetic : 2.152483 (0.082282)
potential : -4.327661 (0.082287)
energy : -2.175178 (0.000367)

kinetic : 2.166496 (0.082841)
potential : -4.341699 (0.082850)
energy : -2.175203 (0.000365)

kinetic : 2.167895 (0.082218)
potential : -4.343128 (0.082227)
energy : -2.175233 (0.000363)

kinetic : 2.178096 (0.082228)
potential : -4.353338 (0.082238)
energy : -2.175242 (0.000360)

kinetic : 2.222636 (0.092971)
potential : -4.397977 (0.093027)
energy : -2.175341 (0.000371)

kinetic : 2.218838 (0.092353)
potential : -4.394181 (0.092409)
energy : -2.175343 (0.000368)

kinetic : 2.214198 (0.091783)
potential : -4.389502 (0.091841)
energy : -2.175304 (0.000368)

kinetic : 2.223010 (0.091531)
potential : -4.398336 (0.091590)
energy : -2.175326 (0.000366)

kinetic : 2.234284 (0.091557)
potential : -4.409640 (0.091619)
energy : -2.175356 (0.000364)

kinetic : 2.228189 (0.091096)
potential : -4.403546 (0.091157)
energy : -2.175357 (0.000361)

kinetic : 2.224821 (0.090501)
potential : -4.400171 (0.090561)
energy : -2.175350 (0.000359)

kinetic : 2.219939 (0.089984)
potential : -4.395259 (0.090046)
energy : -2.175321 (0.000357)

kinetic : 2.225057 (0.089490)
potential : -4.400422 (0.089554)
energy : -2.175365 (0.000358)

kinetic : 2.219774 (0.089015)
potential : -4.395095 (0.089081)
energy : -2.175321 (0.000358)

kinetic : 2.221525 (0.088408)
potential : -4.396821 (0.088472)
energy : -2.175296 (0.000356)

kinetic : 2.222732 (0.087800)
potential : -4.398072 (0.087865)
energy : -2.175340 (0.000356)

kinetic : 2.222306 (0.087193)
potential : -4.397657 (0.087258)
energy : -2.175351 (0.000354)

kinetic : 2.217567 (0.086724)
potential : -4.392899 (0.086789)
energy : -2.175332 (0.000352)

kinetic : 2.220582 (0.086184)
potential : -4.395928 (0.086249)
energy : -2.175346 (0.000350)

kinetic : 2.225357 (0.085733)
potential : -4.400678 (0.085796)
energy : -2.175321 (0.000349)

kinetic : 2.228014 (0.085197)
potential : -4.403332 (0.085260)
energy : -2.175318 (0.000346)

kinetic : 2.220676 (0.084945)
potential : -4.395957 (0.085010)
energy : -2.175280 (0.000346)

kinetic : 2.219990 (0.084383)
potential : -4.395266 (0.084448)
energy : -2.175276 (0.000344)

kinetic : 2.220540 (0.083828)
potential : -4.395788 (0.083892)
energy : -2.175249 (0.000342)

kinetic : 2.219924 (0.083281)
potential : -4.395138 (0.083345)
energy : -2.175214 (0.000342)

kinetic : 2.212534 (0.083067)
potential : -4.387738 (0.083132)
energy : -2.175204 (0.000340)

kinetic : 2.211395 (0.082538)
potential : -4.386625 (0.082601)
energy : -2.175229 (0.000339)

kinetic : 2.210083 (0.082017)
potential : -4.385317 (0.082080)
energy : -2.175234 (0.000337)

kinetic : 2.205307 (0.081633)
potential : -4.380557 (0.081695)
energy : -2.175249 (0.000335)

kinetic : 2.205968 (0.081117)
potential : -4.381257 (0.081179)
energy : -2.175289 (0.000335)

kinetic : 2.210684 (0.080744)
potential : -4.385985 (0.080805)
energy : -2.175301 (0.000333)

kinetic : 2.216432 (0.080443)
potential : -4.391752 (0.080505)
energy : -2.175320 (0.000332)

kinetic : 2.209991 (0.080201)
potential : -4.385305 (0.080263)
energy : -2.175314 (0.000330)

kinetic : 2.206214 (0.079794)
potential : -4.381499 (0.079857)
energy : -2.175286 (0.000329)

kinetic : 2.210039 (0.079395)
potential : -4.385324 (0.079457)
energy : -2.175285 (0.000327)

kinetic : 2.207221 (0.078959)
potential : -4.382470 (0.079023)
energy : -2.175249 (0.000327)

kinetic : 2.204756 (0.078518)
potential : -4.379982 (0.078582)
energy : -2.175225 (0.000326)

kinetic : 2.200760 (0.078146)
potential : -4.375962 (0.078211)
energy : -2.175202 (0.000324)

kinetic : 2.198420 (0.077712)
potential : -4.373629 (0.077776)
energy : -2.175209 (0.000323)

kinetic : 2.201308 (0.077302)
potential : -4.376547 (0.077367)
energy : -2.175239 (0.000322)

kinetic : 2.203785 (0.076883)
potential : -4.378992 (0.076946)
energy : -2.175207 (0.000322)

kinetic : 2.199770 (0.076535)
potential : -4.375007 (0.076596)
energy : -2.175237 (0.000321)

kinetic : 2.217415 (0.078105)
potential : -4.392729 (0.078182)
energy : -2.175314 (0.000329)

kinetic : 2.217113 (0.077650)
potential : -4.392532 (0.077726)
energy : -2.175419 (0.000343)

kinetic : 2.218481 (0.077212)
potential : -4.393878 (0.077287)
energy : -2.175397 (0.000342)

kinetic : 2.225594 (0.077096)
potential : -4.401015 (0.077173)
energy : -2.175421 (0.000341)

kinetic : 2.234289 (0.077146)
potential : -4.409786 (0.077230)
energy : -2.175497 (0.000347)

kinetic : 2.237165 (0.076760)
potential : -4.412724 (0.076846)
energy : -2.175559 (0.000351)

kinetic : 2.237107 (0.076325)
potential : -4.412682 (0.076411)
energy : -2.175575 (0.000349)

kinetic : 2.232638 (0.076027)
potential : -4.408212 (0.076112)
energy : -2.175575 (0.000347)

kinetic : 2.232862 (0.075601)
potential : -4.408449 (0.075686)
energy : -2.175587 (0.000346)

kinetic : 2.234218 (0.075192)
potential : -4.409809 (0.075276)
energy : -2.175592 (0.000344)

kinetic : 2.234562 (0.074776)
potential : -4.410113 (0.074860)
energy : -2.175551 (0.000344)

kinetic : 2.238329 (0.074460)
potential : -4.413899 (0.074544)
energy : -2.175570 (0.000343)

kinetic : 2.241865 (0.074136)
potential : -4.417408 (0.074218)
energy : -2.175543 (0.000342)

kinetic : 2.236658 (0.073916)
potential : -4.412205 (0.073997)
energy : -2.175547 (0.000340)

kinetic : 2.237415 (0.073519)
potential : -4.412982 (0.073600)
energy : -2.175567 (0.000339)

kinetic : 2.234567 (0.073178)
potential : -4.410140 (0.073258)
energy : -2.175574 (0.000337)

kinetic : 2.234821 (0.072786)
potential : -4.410431 (0.072866)
energy : -2.175610 (0.000337)

kinetic : 2.233114 (0.072418)
potential : -4.408713 (0.072498)
energy : -2.175599 (0.000336)

kinetic : 2.229665 (0.072117)
potential : -4.405243 (0.072197)
energy : -2.175578 (0.000334)

kinetic : 2.225742 (0.071843)
potential : -4.401280 (0.071925)
energy : -2.175538 (0.000335)

kinetic : 2.221003 (0.071623)
potential : -4.396551 (0.071703)
energy : -2.175548 (0.000333)

kinetic : 2.218899 (0.071280)
potential : -4.394441 (0.071360)
energy : -2.175542 (0.000332)

kinetic : 2.220705 (0.070933)
potential : -4.396248 (0.071012)
energy : -2.175543 (0.000330)

kinetic : 2.219030 (0.070586)
potential : -4.394591 (0.070665)
energy : -2.175561 (0.000329)

kinetic : 2.221294 (0.070260)
potential : -4.396890 (0.070339)
energy : -2.175596 (0.000329)

kinetic : 2.221877 (0.069903)
potential : -4.397457 (0.069982)
energy : -2.175580 (0.000328)

kinetic : 2.221484 (0.069548)
potential : -4.397043 (0.069627)
energy : -2.175559 (0.000327)

kinetic : 2.231405 (0.069904)
potential : -4.406967 (0.069981)
energy : -2.175561 (0.000325)

kinetic : 2.226158 (0.069749)
potential : -4.401696 (0.069828)
energy : -2.175538 (0.000324)

kinetic : 2.221151 (0.069580)
potential : -4.396685 (0.069658)
energy : -2.175534 (0.000323)

kinetic : 2.216526 (0.069387)
potential : -4.392061 (0.069465)
energy : -2.175535 (0.000321)

kinetic : 2.217528 (0.069050)
potential : -4.393068 (0.069128)
energy : -2.175540 (0.000320)

kinetic : 2.218420 (0.068715)
potential : -4.393939 (0.068792)
energy : -2.175519 (0.000319)

kinetic : 2.213607 (0.068546)
potential : -4.389119 (0.068623)
energy : -2.175512 (0.000317)

kinetic : 2.211154 (0.068255)
potential : -4.386663 (0.068332)
energy : -2.175509 (0.000316)

kinetic : 2.211147 (0.067923)
potential : -4.386622 (0.067999)
energy : -2.175475 (0.000316)

kinetic : 2.208558 (0.067644)
potential : -4.384036 (0.067719)
energy : -2.175478 (0.000314)

kinetic : 2.205510 (0.067387)
potential : -4.380962 (0.067463)
energy : -2.175451 (0.000314)

kinetic : 2.202971 (0.067111)
potential : -4.378415 (0.067188)
energy : -2.175445 (0.000313)

kinetic : 2.202506 (0.066793)
potential : -4.377968 (0.066869)
energy : -2.175462 (0.000312)

kinetic : 2.198683 (0.066585)
potential : -4.374172 (0.066659)
energy : -2.175489 (0.000311)

kinetic : 2.205650 (0.066636)
potential : -4.381167 (0.066712)
energy : -2.175517 (0.000311)

kinetic : 2.204227 (0.066337)
potential : -4.379764 (0.066413)
energy : -2.175537 (0.000310)

kinetic : 2.206619 (0.066070)
potential : -4.382147 (0.066145)
energy : -2.175528 (0.000309)

kinetic : 2.209032 (0.065806)
potential : -4.384538 (0.065880)
energy : -2.175506 (0.000308)

kinetic : 2.208016 (0.065509)
potential : -4.383529 (0.065582)
energy : -2.175512 (0.000307)

kinetic : 2.205152 (0.065269)
potential : -4.380644 (0.065342)
energy : -2.175492 (0.000306)

kinetic : 2.203239 (0.064997)
potential : -4.378734 (0.065070)
energy : -2.175494 (0.000305)

kinetic : 2.203319 (0.064700)
potential : -4.378811 (0.064772)
energy : -2.175492 (0.000303)

kinetic : 2.199231 (0.064534)
potential : -4.374706 (0.064608)
energy : -2.175475 (0.000302)

kinetic : 2.194771 (0.064396)
potential : -4.370250 (0.064469)
energy : -2.175478 (0.000301)

kinetic : 2.213251 (0.066716)
potential : -4.388731 (0.066786)
energy : -2.175480 (0.000300)

kinetic : 2.216729 (0.066507)
potential : -4.392192 (0.066576)
energy : -2.175463 (0.000299)

kinetic : 2.260794 (0.079533)
potential : -4.436279 (0.079601)
energy : -2.175484 (0.000298)

kinetic : 2.261692 (0.079184)
potential : -4.437192 (0.079252)
energy : -2.175500 (0.000297)

kinetic : 2.258795 (0.078886)
potential : -4.434288 (0.078954)
energy : -2.175493 (0.000296)

kinetic : 2.252939 (0.078755)
potential : -4.428411 (0.078825)
energy : -2.175471 (0.000296)

kinetic : 2.246117 (0.078706)
potential : -4.421579 (0.078775)
energy : -2.175463 (0.000294)

kinetic : 2.242995 (0.078423)
potential : -4.418449 (0.078493)
energy : -2.175454 (0.000293)

kinetic : 2.247159 (0.078192)
potential : -4.422608 (0.078261)
energy : -2.175450 (0.000292)

kinetic : 2.246515 (0.077856)
potential : -4.422053 (0.077924)
energy : -2.175538 (0.000304)

kinetic : 2.243727 (0.077570)
potential : -4.419244 (0.077638)
energy : -2.175517 (0.000303)

kinetic : 2.244955 (0.077246)
potential : -4.420470 (0.077314)
energy : -2.175515 (0.000302)

kinetic : 2.242956 (0.076941)
potential : -4.418436 (0.077010)
energy : -2.175480 (0.000303)

kinetic : 2.237621 (0.076798)
potential : -4.413087 (0.076868)
energy : -2.175466 (0.000302)

kinetic : 2.236949 (0.076475)
potential : -4.412388 (0.076544)
energy : -2.175439 (0.000302)

kinetic : 2.232139 (0.076304)
potential : -4.407597 (0.076371)
energy : -2.175458 (0.000301)

kinetic : 2.232087 (0.075982)
potential : -4.407550 (0.076050)
energy : -2.175463 (0.000300)

kinetic : 2.232991 (0.075669)
potential : -4.408443 (0.075736)
energy : -2.175452 (0.000299)

kinetic : 2.229821 (0.075420)
potential : -4.405276 (0.075486)
energy : -2.175455 (0.000297)

kinetic : 2.226635 (0.075174)
potential : -4.402048 (0.075242)
energy : -2.175413 (0.000299)

kinetic : 2.223869 (0.074914)
potential : -4.399247 (0.074982)
energy : -2.175378 (0.000300)

kinetic : 2.220908 (0.074663)
potential : -4.396282 (0.074732)
energy : -2.175374 (0.000299)

kinetic : 2.218430 (0.074398)
potential : -4.393791 (0.074467)
energy : -2.175360 (0.000298)

kinetic : 2.212379 (0.074341)
potential : -4.387736 (0.074409)
energy : -2.175357 (0.000297)

kinetic : 2.209190 (0.074106)
potential : -4.384544 (0.074175)
energy : -2.175354 (0.000295)

kinetic : 2.207579 (0.073823)
potential : -4.382937 (0.073891)
energy : -2.175358 (0.000294)

kinetic : 2.203807 (0.073622)
potential : -4.379159 (0.073689)
energy : -2.175352 (0.000293)

kinetic : 2.201104 (0.073375)
potential : -4.376461 (0.073443)
energy : -2.175357 (0.000292)

kinetic : 2.198506 (0.073127)
potential : -4.373873 (0.073194)
energy : -2.175367 (0.000291)

kinetic : 2.195595 (0.072894)
potential : -4.370955 (0.072960)
energy : -2.175360 (0.000290)

kinetic : 2.196133 (0.072606)
potential : -4.371483 (0.072672)
energy : -2.175350 (0.000289)

kinetic : 2.200420 (0.072445)
potential : -4.375764 (0.072511)
energy : -2.175344 (0.000288)

kinetic : 2.204343 (0.072266)
potential : -4.379696 (0.072332)
energy : -2.175353 (0.000287)

kinetic : 2.209179 (0.072144)
potential : -4.384546 (0.072210)
energy : -2.175367 (0.000286)

kinetic : 2.204547 (0.072011)
potential : -4.379872 (0.072080)
energy : -2.175325 (0.000288)

kinetic : 2.209885 (0.071929)
potential : -4.385260 (0.072000)
energy : -2.175375 (0.000291)

kinetic : 2.207696 (0.071683)
potential : -4.383066 (0.071754)
energy : -2.175370 (0.000290)

kinetic : 2.207274 (0.071407)
potential : -4.382651 (0.071478)
energy : -2.175377 (0.000289)

kinetic : 2.210838 (0.071221)
potential : -4.386233 (0.071293)
energy : -2.175394 (0.000289)

kinetic : 2.210537 (0.070948)
potential : -4.385932 (0.071020)
energy : -2.175395 (0.000287)

kinetic : 2.207340 (0.070749)
potential : -4.382745 (0.070820)
energy : -2.175406 (0.000286)

kinetic : 2.219934 (0.071596)
potential : -4.395332 (0.071664)
energy : -2.175398 (0.000285)

kinetic : 2.220275 (0.071325)
potential : -4.395657 (0.071393)
energy : -2.175382 (0.000285)

kinetic : 2.215958 (0.071186)
potential : -4.391320 (0.071255)
energy : -2.175362 (0.000285)

kinetic : 2.213965 (0.070946)
potential : -4.389316 (0.071015)
energy : -2.175351 (0.000284)

kinetic : 2.209540 (0.070818)
potential : -4.384872 (0.070888)
energy : -2.175333 (0.000283)

kinetic : 2.207976 (0.070571)
potential : -4.383295 (0.070640)
energy : -2.175319 (0.000282)

kinetic : 2.207750 (0.070308)
potential : -4.383056 (0.070378)
energy : -2.175305 (0.000282)

kinetic : 2.214249 (0.070348)
potential : -4.389556 (0.070417)
energy : -2.175307 (0.000281)

kinetic : 2.210012 (0.070216)
potential : -4.385311 (0.070285)
energy : -2.175300 (0.000280)

kinetic : 2.207951 (0.069988)
potential : -4.383242 (0.070057)
energy : -2.175291 (0.000279)

kinetic : 2.206979 (0.069738)
potential : -4.382268 (0.069807)
energy : -2.175289 (0.000278)

kinetic : 2.203470 (0.069571)
potential : -4.378753 (0.069640)
energy : -2.175282 (0.000277)

kinetic : 2.201735 (0.069340)
potential : -4.377021 (0.069408)
energy : -2.175286 (0.000276)

kinetic : 2.199715 (0.069118)
potential : -4.375000 (0.069186)
energy : -2.175285 (0.000275)

kinetic : 2.197447 (0.068905)
potential : -4.372747 (0.068972)
energy : -2.175299 (0.000274)

kinetic : 2.196236 (0.068667)
potential : -4.371513 (0.068735)
energy : -2.175277 (0.000274)

kinetic : 2.200573 (0.068558)
potential : -4.375853 (0.068625)
energy : -2.175280 (0.000273)

kinetic : 2.199310 (0.068324)
potential : -4.374581 (0.068391)
energy : -2.175271 (0.000272)

kinetic : 2.200365 (0.068089)
potential : -4.375648 (0.068156)
energy : -2.175284 (0.000272)

kinetic : 2.198197 (0.067882)
potential : -4.373478 (0.067949)
energy : -2.175281 (0.000271)

kinetic : 2.197508 (0.067645)
potential : -4.372776 (0.067712)
energy : -2.175268 (0.000270)

kinetic : 2.206186 (0.067963)
potential : -4.381494 (0.068034)
energy : -2.175308 (0.000272)

kinetic : 2.203087 (0.067795)
potential : -4.378411 (0.067865)
energy : -2.175324 (0.000272)

kinetic : 2.204127 (0.067565)
potential : -4.379462 (0.067635)
energy : -2.175335 (0.000271)

kinetic : 2.216498 (0.068456)
potential : -4.391814 (0.068522)
energy : -2.175316 (0.000271)

kinetic : 2.213908 (0.068268)
potential : -4.389220 (0.068332)
energy : -2.175312 (0.000270)

kinetic : 2.208868 (0.068217)
potential : -4.384184 (0.068282)
energy : -2.175317 (0.000269)

kinetic : 2.204344 (0.068132)
potential : -4.379649 (0.068197)
energy : -2.175304 (0.000268)

kinetic : 2.202448 (0.067924)
potential : -4.377746 (0.067989)
energy : -2.175298 (0.000267)

kinetic : 2.200749 (0.067712)
potential : -4.376050 (0.067777)
energy : -2.175301 (0.000266)

kinetic : 2.202078 (0.067494)
potential : -4.377369 (0.067558)
energy : -2.175291 (0.000266)

kinetic : 2.199046 (0.067332)
potential : -4.374334 (0.067396)
energy : -2.175288 (0.000265)

kinetic : 2.202718 (0.067204)
potential : -4.378006 (0.067267)
energy : -2.175288 (0.000264)

kinetic : 2.204481 (0.067000)
potential : -4.379830 (0.067065)
energy : -2.175349 (0.000270)

kinetic : 2.203647 (0.066779)
potential : -4.379012 (0.066843)
energy : -2.175364 (0.000269)

kinetic : 2.208419 (0.066725)
potential : -4.383797 (0.066790)
energy : -2.175378 (0.000269)

kinetic : 2.205971 (0.066547)
potential : -4.381349 (0.066612)
energy : -2.175379 (0.000268)

kinetic : 2.206336 (0.066326)
potential : -4.381735 (0.066390)
energy : -2.175400 (0.000268)

kinetic : 2.204283 (0.066137)
potential : -4.379685 (0.066201)
energy : -2.175402 (0.000267)

kinetic : 2.201972 (0.065958)
potential : -4.377354 (0.066023)
energy : -2.175382 (0.000267)

kinetic : 2.201686 (0.065741)
potential : -4.377059 (0.065805)
energy : -2.175373 (0.000266)

kinetic : 2.201004 (0.065528)
potential : -4.376357 (0.065592)
energy : -2.175352 (0.000266)

kinetic : 2.199214 (0.065337)
potential : -4.374578 (0.065401)
energy : -2.175364 (0.000265)

kinetic : 2.196694 (0.065172)
potential : -4.372059 (0.065235)
energy : -2.175365 (0.000265)

kinetic : 2.198454 (0.064983)
potential : -4.373819 (0.065046)
energy : -2.175364 (0.000264)

kinetic : 2.199293 (0.064777)
potential : -4.374657 (0.064840)
energy : -2.175365 (0.000263)

kinetic : 2.195603 (0.064672)
potential : -4.370954 (0.064736)
energy : -2.175351 (0.000262)

kinetic : 2.197669 (0.064497)
potential : -4.373020 (0.064560)
energy : -2.175351 (0.000262)

kinetic : 2.198741 (0.064298)
potential : -4.374081 (0.064361)
energy : -2.175340 (0.000261)

kinetic : 2.195822 (0.064158)
potential : -4.371149 (0.064221)
energy : -2.175327 (0.000260)

kinetic : 2.193956 (0.063980)
potential : -4.369296 (0.064042)
energy : -2.175340 (0.000260)

kinetic : 2.200014 (0.064063)
potential : -4.375370 (0.064126)
energy : -2.175355 (0.000259)

kinetic : 2.197637 (0.063903)
potential : -4.372999 (0.063967)
energy : -2.175362 (0.000259)

kinetic : 2.199055 (0.063717)
potential : -4.374412 (0.063779)
energy : -2.175358 (0.000258)

kinetic : 2.196917 (0.063551)
potential : -4.372264 (0.063614)
energy : -2.175347 (0.000257)

kinetic : 2.195553 (0.063366)
potential : -4.370899 (0.063429)
energy : -2.175346 (0.000257)

kinetic : 2.195344 (0.063167)
potential : -4.370696 (0.063230)
energy : -2.175352 (0.000256)

kinetic : 2.192570 (0.063031)
potential : -4.367915 (0.063093)
energy : -2.175345 (0.000255)

kinetic : 2.190797 (0.062859)
potential : -4.366132 (0.062922)
energy : -2.175335 (0.000254)

kinetic : 2.189018 (0.062689)
potential : -4.364342 (0.062751)
energy : -2.175324 (0.000254)

kinetic : 2.190331 (0.062508)
potential : -4.365649 (0.062570)
energy : -2.175318 (0.000253)

kinetic : 2.191612 (0.062328)
potential : -4.366923 (0.062390)
energy : -2.175310 (0.000253)

kinetic : 2.191356 (0.062136)
potential : -4.366664 (0.062198)
energy : -2.175308 (0.000252)

kinetic : 2.190746 (0.061948)
potential : -4.366054 (0.062010)
energy : -2.175308 (0.000251)

kinetic : 2.188684 (0.061793)
potential : -4.363992 (0.061855)
energy : -2.175308 (0.000250)

kinetic : 2.187657 (0.061613)
potential : -4.362955 (0.061674)
energy : -2.175298 (0.000250)

kinetic : 2.186995 (0.061429)
potential : -4.362292 (0.061490)
energy : -2.175297 (0.000249)

kinetic : 2.186150 (0.061248)
potential : -4.361437 (0.061310)
energy : -2.175288 (0.000248)

kinetic : 2.183813 (0.061108)
potential : -4.359085 (0.061169)
energy : -2.175272 (0.000248)

kinetic : 2.184535 (0.060928)
potential : -4.359815 (0.060989)
energy : -2.175280 (0.000247)

kinetic : 2.185163 (0.060748)
potential : -4.360459 (0.060809)
energy : -2.175297 (0.000247)

kinetic : 2.183751 (0.060582)
potential : -4.359067 (0.060643)
energy : -2.175316 (0.000247)

kinetic : 2.183305 (0.060403)
potential : -4.358619 (0.060463)
energy : -2.175314 (0.000247)

kinetic : 2.179634 (0.060334)
potential : -4.354940 (0.060395)
energy : -2.175306 (0.000246)

kinetic : 2.181997 (0.060201)
potential : -4.357304 (0.060262)
energy : -2.175308 (0.000245)

kinetic : 2.183476 (0.060041)
potential : -4.358785 (0.060102)
energy : -2.175309 (0.000244)

kinetic : 2.187282 (0.059985)
potential : -4.362570 (0.060044)
energy : -2.175288 (0.000245)

kinetic : 2.185427 (0.059837)
potential : -4.360714 (0.059896)
energy : -2.175288 (0.000244)

kinetic : 2.186466 (0.059670)
potential : -4.361748 (0.059729)
energy : -2.175282 (0.000243)

kinetic : 2.184022 (0.059546)
potential : -4.359308 (0.059604)
energy : -2.175286 (0.000243)

kinetic : 2.188511 (0.059541)
potential : -4.363824 (0.059601)
energy : -2.175313 (0.000243)

kinetic : 2.190970 (0.059419)
potential : -4.366280 (0.059478)
energy : -2.175310 (0.000243)

kinetic : 2.192232 (0.059260)
potential : -4.367539 (0.059319)
energy : -2.175307 (0.000242)

kinetic : 2.190365 (0.059118)
potential : -4.365653 (0.059177)
energy : -2.175288 (0.000242)

kinetic : 2.190088 (0.058948)
potential : -4.365376 (0.059007)
energy : -2.175289 (0.000241)

kinetic : 2.191281 (0.058790)
potential : -4.366551 (0.058849)
energy : -2.175270 (0.000241)

kinetic : 2.190158 (0.058632)
potential : -4.365425 (0.058691)
energy : -2.175267 (0.000241)

kinetic : 2.189857 (0.058465)
potential : -4.365123 (0.058524)
energy : -2.175266 (0.000240)

kinetic : 2.186705 (0.058384)
potential : -4.361950 (0.058443)
energy : -2.175245 (0.000240)

kinetic : 2.188447 (0.058244)
potential : -4.363718 (0.058304)
energy : -2.175271 (0.000241)

kinetic : 2.185722 (0.058142)
potential : -4.360969 (0.058203)
energy : -2.175247 (0.000241)

kinetic : 2.183349 (0.058026)
potential : -4.358602 (0.058087)
energy : -2.175253 (0.000241)

kinetic : 2.182665 (0.057867)
potential : -4.357921 (0.057927)
energy : -2.175256 (0.000240)

kinetic : 2.181263 (0.057721)
potential : -4.356514 (0.057781)
energy : -2.175252 (0.000240)

kinetic : 2.180999 (0.057560)
potential : -4.356252 (0.057620)
energy : -2.175253 (0.000239)

kinetic : 2.179422 (0.057420)
potential : -4.354664 (0.057481)
energy : -2.175242 (0.000238)

kinetic : 2.176511 (0.057334)
potential : -4.351751 (0.057394)
energy : -2.175239 (0.000238)

kinetic : 2.174546 (0.057208)
potential : -4.349778 (0.057268)
energy : -2.175232 (0.000237)

kinetic : 2.175233 (0.057054)
potential : -4.350454 (0.057114)
energy : -2.175221 (0.000237)

kinetic : 2.173296 (0.056929)
potential : -4.348510 (0.056989)
energy : -2.175214 (0.000236)

kinetic : 2.176223 (0.056847)
potential : -4.351423 (0.056906)
energy : -2.175201 (0.000236)

kinetic : 2.174092 (0.056731)
potential : -4.349294 (0.056790)
energy : -2.175202 (0.000235)

kinetic : 2.176082 (0.056610)
potential : -4.351278 (0.056669)
energy : -2.175196 (0.000235)

kinetic : 2.177003 (0.056463)
potential : -4.352211 (0.056521)
energy : -2.175208 (0.000234)

kinetic : 2.174212 (0.056378)
potential : -4.349416 (0.056436)
energy : -2.175204 (0.000234)

kinetic : 2.177137 (0.056301)
potential : -4.352330 (0.056358)
energy : -2.175193 (0.000233)

kinetic : 2.181171 (0.056293)
potential : -4.356362 (0.056350)
energy : -2.175191 (0.000233)

kinetic : 2.178019 (0.056229)
potential : -4.353208 (0.056286)
energy : -2.175189 (0.000232)

kinetic : 2.177795 (0.056077)
potential : -4.352981 (0.056134)
energy : -2.175186 (0.000232)

kinetic : 2.176296 (0.055947)
potential : -4.351487 (0.056003)
energy : -2.175191 (0.000231)

kinetic : 2.179119 (0.055868)
potential : -4.354313 (0.055924)
energy : -2.175194 (0.000230)

kinetic : 2.180974 (0.055749)
potential : -4.356157 (0.055805)
energy : -2.175183 (0.000230)

kinetic : 2.180523 (0.055602)
potential : -4.355694 (0.055658)
energy : -2.175171 (0.000230)

kinetic : 2.184370 (0.055587)
potential : -4.359518 (0.055641)
energy : -2.175148 (0.000230)

kinetic : 2.186245 (0.055471)
potential : -4.361383 (0.055525)
energy : -2.175138 (0.000230)

kinetic : 2.183813 (0.055378)
potential : -4.358946 (0.055431)
energy : -2.175133 (0.000229)

kinetic : 2.179798 (0.055377)
potential : -4.354920 (0.055431)
energy : -2.175122 (0.000229)

kinetic : 2.178937 (0.055238)
potential : -4.354060 (0.055292)
energy : -2.175123 (0.000228)

kinetic : 2.177366 (0.055115)
potential : -4.352478 (0.055169)
energy : -2.175112 (0.000228)

kinetic : 2.174568 (0.055042)
potential : -4.349676 (0.055096)
energy : -2.175108 (0.000228)

kinetic : 2.174229 (0.054899)
potential : -4.349340 (0.054953)
energy : -2.175111 (0.000227)

kinetic : 2.171297 (0.054834)
potential : -4.346407 (0.054888)
energy : -2.175110 (0.000226)

kinetic : 2.170708 (0.054695)
potential : -4.345806 (0.054748)
energy : -2.175098 (0.000226)

kinetic : 2.171447 (0.054558)
potential : -4.346560 (0.054612)
energy : -2.175113 (0.000226)

kinetic : 2.170014 (0.054436)
potential : -4.345124 (0.054489)
energy : -2.175110 (0.000225)

kinetic : 2.170540 (0.054298)
potential : -4.345650 (0.054351)
energy : -2.175111 (0.000225)

kinetic : 2.168050 (0.054215)
potential : -4.343158 (0.054269)
energy : -2.175107 (0.000224)

kinetic : 2.164596 (0.054186)
potential : -4.339700 (0.054240)
energy : -2.175103 (0.000224)

kinetic : 2.163727 (0.054054)
potential : -4.338830 (0.054108)
energy : -2.175102 (0.000223)

kinetic : 2.163112 (0.053920)
potential : -4.338232 (0.053973)
energy : -2.175119 (0.000223)

kinetic : 2.164243 (0.053794)
potential : -4.339352 (0.053847)
energy : -2.175109 (0.000223)

kinetic : 2.161682 (0.053719)
potential : -4.336795 (0.053771)
energy : -2.175113 (0.000222)

kinetic : 2.161913 (0.053583)
potential : -4.337034 (0.053635)
energy : -2.175121 (0.000222)

kinetic : 2.159466 (0.053504)
potential : -4.334578 (0.053556)
energy : -2.175112 (0.000221)

kinetic : 2.161192 (0.053397)
potential : -4.336295 (0.053448)
energy : -2.175102 (0.000221)

kinetic : 2.160813 (0.053264)
potential : -4.335906 (0.053315)
energy : -2.175092 (0.000221)

kinetic : 2.157198 (0.053253)
potential : -4.332291 (0.053304)
energy : -2.175094 (0.000220)

kinetic : 2.156128 (0.053130)
potential : -4.331210 (0.053182)
energy : -2.175082 (0.000220)

kinetic : 2.155326 (0.053004)
potential : -4.330404 (0.053055)
energy : -2.175078 (0.000220)

kinetic : 2.152987 (0.052923)
potential : -4.328064 (0.052975)
energy : -2.175078 (0.000219)

kinetic : 2.152611 (0.052793)
potential : -4.327689 (0.052844)
energy : -2.175078 (0.000218)

kinetic : 2.151798 (0.052669)
potential : -4.326874 (0.052720)
energy : -2.175076 (0.000218)

kinetic : 2.151027 (0.052544)
potential : -4.326102 (0.052595)
energy : -2.175076 (0.000217)

kinetic : 2.147517 (0.052532)
potential : -4.322594 (0.052583)
energy : -2.175077 (0.000217)

kinetic : 2.144644 (0.052481)
potential : -4.319716 (0.052532)
energy : -2.175073 (0.000216)

kinetic : 2.144127 (0.052355)
potential : -4.319194 (0.052406)
energy : -2.175067 (0.000216)

kinetic : 2.141945 (0.052273)
potential : -4.317009 (0.052323)
energy : -2.175064 (0.000215)

kinetic : 2.138551 (0.052255)
potential : -4.313603 (0.052306)
energy : -2.175052 (0.000215)

kinetic : 2.144303 (0.052444)
potential : -4.319352 (0.052495)
energy : -2.175049 (0.000215)

kinetic : 2.144839 (0.052320)
potential : -4.319868 (0.052370)
energy : -2.175029 (0.000215)

kinetic : 2.145852 (0.052203)
potential : -4.320876 (0.052252)
energy : -2.175023 (0.000215)

kinetic : 2.145376 (0.052078)
potential : -4.320397 (0.052128)
energy : -2.175022 (0.000214)

kinetic : 2.144544 (0.051959)
potential : -4.319573 (0.052009)
energy : -2.175029 (0.000214)

kinetic : 2.143230 (0.051851)
potential : -4.318266 (0.051900)
energy : -2.175036 (0.000213)

kinetic : 2.146263 (0.051815)
potential : -4.321302 (0.051864)
energy : -2.175039 (0.000213)

kinetic : 2.146382 (0.051691)
potential : -4.321416 (0.051740)
energy : -2.175034 (0.000212)

kinetic : 2.145416 (0.051577)
potential : -4.320446 (0.051626)
energy : -2.175029 (0.000212)

kinetic : 2.143679 (0.051483)
potential : -4.318695 (0.051533)
energy : -2.175016 (0.000212)

kinetic : 2.145296 (0.051386)
potential : -4.320312 (0.051435)
energy : -2.175016 (0.000211)

kinetic : 2.146591 (0.051281)
potential : -4.321612 (0.051330)
energy : -2.175021 (0.000211)

kinetic : 2.147314 (0.051165)
potential : -4.322338 (0.051214)
energy : -2.175024 (0.000210)

kinetic : 2.144181 (0.051140)
potential : -4.319210 (0.051188)
energy : -2.175028 (0.000210)

kinetic : 2.142830 (0.051037)
potential : -4.317862 (0.051085)
energy : -2.175032 (0.000210)

kinetic : 2.141755 (0.050929)
potential : -4.316790 (0.050977)
energy : -2.175035 (0.000209)

kinetic : 2.141481 (0.050810)
potential : -4.316508 (0.050858)
energy : -2.175028 (0.000209)

kinetic : 2.138723 (0.050766)
potential : -4.313767 (0.050813)
energy : -2.175043 (0.000209)

kinetic : 2.136628 (0.050691)
potential : -4.311674 (0.050738)
energy : -2.175047 (0.000208)

kinetic : 2.138821 (0.050620)
potential : -4.313889 (0.050668)
energy : -2.175067 (0.000209)

kinetic : 2.137743 (0.050514)
potential : -4.312783 (0.050562)
energy : -2.175040 (0.000210)

kinetic : 2.136587 (0.050410)
potential : -4.311618 (0.050459)
energy : -2.175031 (0.000210)

kinetic : 2.141563 (0.050539)
potential : -4.316600 (0.050588)
energy : -2.175037 (0.000210)

kinetic : 2.141030 (0.050426)
potential : -4.316074 (0.050474)
energy : -2.175045 (0.000209)

kinetic : 2.144395 (0.050422)
potential : -4.319445 (0.050470)
energy : -2.175049 (0.000209)

kinetic : 2.145407 (0.050316)
potential : -4.320462 (0.050365)
energy : -2.175055 (0.000208)

kinetic : 2.142508 (0.050285)
potential : -4.317560 (0.050333)
energy : -2.175052 (0.000208)

kinetic : 2.149695 (0.050682)
potential : -4.324728 (0.050727)
energy : -2.175034 (0.000208)

kinetic : 2.147354 (0.050620)
potential : -4.322382 (0.050666)
energy : -2.175028 (0.000208)

kinetic : 2.148127 (0.050511)
potential : -4.323162 (0.050556)
energy : -2.175034 (0.000207)

kinetic : 2.146809 (0.050414)
potential : -4.321865 (0.050458)
energy : -2.175056 (0.000208)

kinetic : 2.146857 (0.050300)
potential : -4.321905 (0.050344)
energy : -2.175048 (0.000208)

kinetic : 2.149047 (0.050234)
potential : -4.324085 (0.050278)
energy : -2.175039 (0.000208)

kinetic : 2.149689 (0.050125)
potential : -4.324733 (0.050168)
energy : -2.175043 (0.000207)

kinetic : 2.146652 (0.050104)
potential : -4.321703 (0.050147)
energy : -2.175051 (0.000207)

kinetic : 2.147149 (0.049994)
potential : -4.322193 (0.050037)
energy : -2.175044 (0.000206)

kinetic : 2.146287 (0.049889)
potential : -4.321320 (0.049933)
energy : -2.175033 (0.000206)

kinetic : 2.146577 (0.049779)
potential : -4.321614 (0.049822)
energy : -2.175037 (0.000206)

kinetic : 2.145598 (0.049677)
potential : -4.320622 (0.049721)
energy : -2.175024 (0.000206)

kinetic : 2.143615 (0.049607)
potential : -4.318639 (0.049650)
energy : -2.175024 (0.000205)

kinetic : 2.144555 (0.049505)
potential : -4.319588 (0.049548)
energy : -2.175033 (0.000205)

kinetic : 2.142670 (0.049432)
potential : -4.317700 (0.049475)
energy : -2.175030 (0.000205)

kinetic : 2.143422 (0.049328)
potential : -4.318487 (0.049372)
energy : -2.175065 (0.000207)

kinetic : 2.141076 (0.049275)
potential : -4.316129 (0.049319)
energy : -2.175053 (0.000207)

kinetic : 2.143349 (0.049219)
potential : -4.318411 (0.049264)
energy : -2.175062 (0.000207)

kinetic : 2.143988 (0.049115)
potential : -4.319057 (0.049160)
energy : -2.175069 (0.000206)

kinetic : 2.145077 (0.049020)
potential : -4.320156 (0.049064)
energy : -2.175079 (0.000206)

kinetic : 2.152646 (0.049495)
potential : -4.327713 (0.049537)
energy : -2.175067 (0.000206)

kinetic : 2.150154 (0.049450)
potential : -4.325217 (0.049492)
energy : -2.175063 (0.000206)

kinetic : 2.148959 (0.049357)
potential : -4.324015 (0.049399)
energy : -2.175056 (0.000205)

kinetic : 2.156321 (0.049797)
potential : -4.331363 (0.049836)
energy : -2.175043 (0.000205)

kinetic : 2.157694 (0.049708)
potential : -4.332735 (0.049747)
energy : -2.175041 (0.000205)

kinetic : 2.156851 (0.049607)
potential : -4.331906 (0.049646)
energy : -2.175055 (0.000205)

kinetic : 2.156581 (0.049501)
potential : -4.331636 (0.049540)
energy : -2.175055 (0.000204)

kinetic : 2.154955 (0.049421)
potential : -4.329997 (0.049461)
energy : -2.175043 (0.000204)

kinetic : 2.153361 (0.049341)
potential : -4.328391 (0.049381)
energy : -2.175030 (0.000204)

kinetic : 2.152062 (0.049252)
potential : -4.327102 (0.049292)
energy : -2.175039 (0.000204)

kinetic : 2.151524 (0.049150)
potential : -4.326554 (0.049189)
energy : -2.175030 (0.000204)

kinetic : 2.152636 (0.049058)
potential : -4.327672 (0.049097)
energy : -2.175035 (0.000204)

kinetic : 2.150603 (0.048995)
potential : -4.325642 (0.049034)
energy : -2.175039 (0.000203)

kinetic : 2.149857 (0.048897)
potential : -4.324893 (0.048936)
energy : -2.175036 (0.000203)

kinetic : 2.152185 (0.048849)
potential : -4.327217 (0.048887)
energy : -2.175032 (0.000202)

kinetic : 2.154607 (0.048805)
potential : -4.329637 (0.048844)
energy : -2.175030 (0.000202)

kinetic : 2.153040 (0.048728)
potential : -4.328066 (0.048766)
energy : -2.175026 (0.000202)

kinetic : 2.151819 (0.048640)
potential : -4.326845 (0.048679)
energy : -2.175026 (0.000201)

kinetic : 2.153025 (0.048553)
potential : -4.328045 (0.048591)
energy : -2.175020 (0.000201)

kinetic : 2.154514 (0.048474)
potential : -4.329521 (0.048512)
energy : -2.175007 (0.000201)

kinetic : 2.155212 (0.048377)
potential : -4.330205 (0.048415)
energy : -2.174994 (0.000201)

kinetic : 2.155290 (0.048276)
potential : -4.330278 (0.048314)
energy : -2.174988 (0.000200)

kinetic : 2.156320 (0.048187)
potential : -4.331310 (0.048224)
energy : -2.174989 (0.000200)

kinetic : 2.153103 (0.048194)
potential : -4.328093 (0.048231)
energy : -2.174990 (0.000200)

kinetic : 2.151878 (0.048109)
potential : -4.326862 (0.048147)
energy : -2.174983 (0.000199)

kinetic : 2.152159 (0.048011)
potential : -4.327154 (0.048048)
energy : -2.174994 (0.000199)

kinetic : 2.149249 (0.048000)
potential : -4.324251 (0.048036)
energy : -2.175001 (0.000199)

kinetic : 2.148694 (0.047904)
potential : -4.323697 (0.047940)
energy : -2.175003 (0.000199)

kinetic : 2.150375 (0.047835)
potential : -4.325382 (0.047871)
energy : -2.175007 (0.000198)

kinetic : 2.149903 (0.047739)
potential : -4.324904 (0.047775)
energy : -2.175001 (0.000198)

kinetic : 2.147299 (0.047712)
potential : -4.322288 (0.047749)
energy : -2.174989 (0.000198)

kinetic : 2.148471 (0.047629)
potential : -4.323448 (0.047665)
energy : -2.174977 (0.000198)

kinetic : 2.147099 (0.047551)
potential : -4.322074 (0.047588)
energy : -2.174975 (0.000197)

kinetic : 2.144864 (0.047507)
potential : -4.319834 (0.047543)
energy : -2.174970 (0.000197)

kinetic : 2.143799 (0.047422)
potential : -4.318774 (0.047459)
energy : -2.174975 (0.000197)

kinetic : 2.142611 (0.047341)
potential : -4.317592 (0.047377)
energy : -2.174981 (0.000196)

kinetic : 2.140154 (0.047309)
potential : -4.315135 (0.047345)
energy : -2.174980 (0.000196)

kinetic : 2.144500 (0.047412)
potential : -4.319483 (0.047449)
energy : -2.174984 (0.000196)

kinetic : 2.144083 (0.047319)
potential : -4.319060 (0.047355)
energy : -2.174977 (0.000195)

kinetic : 2.142622 (0.047246)
potential : -4.317605 (0.047282)
energy : -2.174983 (0.000195)

kinetic : 2.141432 (0.047166)
potential : -4.316422 (0.047202)
energy : -2.174990 (0.000195)

kinetic : 2.140231 (0.047087)
potential : -4.315215 (0.047122)
energy : -2.174983 (0.000195)

kinetic : 2.138985 (0.047009)
potential : -4.313974 (0.047044)
energy : -2.174989 (0.000194)

kinetic : 2.140656 (0.046945)
potential : -4.315644 (0.046980)
energy : -2.174988 (0.000194)

kinetic : 2.139390 (0.046868)
potential : -4.314376 (0.046904)
energy : -2.174986 (0.000193)

kinetic : 2.137064 (0.046833)
potential : -4.312045 (0.046868)
energy : -2.174981 (0.000193)

kinetic : 2.134756 (0.046797)
potential : -4.309746 (0.046832)
energy : -2.174990 (0.000193)

kinetic : 2.132682 (0.046750)
potential : -4.307661 (0.046785)
energy : -2.174980 (0.000193)

kinetic : 2.131349 (0.046676)
potential : -4.306333 (0.046712)
energy : -2.174984 (0.000193)

kinetic : 2.132087 (0.046590)
potential : -4.307073 (0.046625)
energy : -2.174986 (0.000192)

kinetic : 2.133827 (0.046531)
potential : -4.308805 (0.046566)
energy : -2.174978 (0.000192)

kinetic : 2.133471 (0.046441)
potential : -4.308458 (0.046475)
energy : -2.174987 (0.000192)

kinetic : 2.132224 (0.046366)
potential : -4.307216 (0.046401)
energy : -2.174992 (0.000191)

kinetic : 2.131162 (0.046288)
potential : -4.306171 (0.046322)
energy : -2.175008 (0.000192)

kinetic : 2.130831 (0.046198)
potential : -4.305830 (0.046232)
energy : -2.174999 (0.000192)

kinetic : 2.130991 (0.046109)
potential : -4.305985 (0.046142)
energy : -2.174994 (0.000191)

kinetic : 2.131873 (0.046027)
potential : -4.306863 (0.046061)
energy : -2.174990 (0.000191)

kinetic : 2.130826 (0.045950)
potential : -4.305819 (0.045983)
energy : -2.174992 (0.000191)

kinetic : 2.131665 (0.045868)
potential : -4.306670 (0.045902)
energy : -2.175004 (0.000191)

kinetic : 2.130889 (0.045786)
potential : -4.305891 (0.045820)
energy : -2.175002 (0.000190)

kinetic : 2.130719 (0.045698)
potential : -4.305722 (0.045731)
energy : -2.175003 (0.000190)

kinetic : 2.131574 (0.045618)
potential : -4.306575 (0.045651)
energy : -2.175001 (0.000189)

kinetic : 2.131036 (0.045533)
potential : -4.306035 (0.045566)
energy : -2.174999 (0.000189)

kinetic : 2.129944 (0.045459)
potential : -4.304937 (0.045492)
energy : -2.174993 (0.000189)

kinetic : 2.129832 (0.045372)
potential : -4.304807 (0.045405)
energy : -2.174974 (0.000189)

kinetic : 2.127898 (0.045326)
potential : -4.302887 (0.045359)
energy : -2.174989 (0.000190)

kinetic : 2.128417 (0.045242)
potential : -4.303397 (0.045275)
energy : -2.174979 (0.000190)

kinetic : 2.131450 (0.045258)
potential : -4.306423 (0.045290)
energy : -2.174973 (0.000189)

kinetic : 2.130915 (0.045175)
potential : -4.305884 (0.045207)
energy : -2.174969 (0.000189)

kinetic : 2.130941 (0.045089)
potential : -4.305916 (0.045121)
energy : -2.174975 (0.000189)

kinetic : 2.132445 (0.045029)
potential : -4.307424 (0.045061)
energy : -2.174979 (0.000188)

kinetic : 2.137881 (0.045271)
potential : -4.312861 (0.045303)
energy : -2.174980 (0.000188)

kinetic : 2.136012 (0.045224)
potential : -4.310991 (0.045256)
energy : -2.174979 (0.000188)

kinetic : 2.135402 (0.045143)
potential : -4.310378 (0.045175)
energy : -2.174976 (0.000187)

kinetic : 2.135882 (0.045061)
potential : -4.310857 (0.045093)
energy : -2.174975 (0.000187)

kinetic : 2.138029 (0.045028)
potential : -4.313018 (0.045060)
energy : -2.174989 (0.000187)

kinetic : 2.137735 (0.044944)
potential : -4.312721 (0.044976)
energy : -2.174987 (0.000187)

kinetic : 2.138536 (0.044867)
potential : -4.313503 (0.044899)
energy : -2.174967 (0.000188)

kinetic : 2.138712 (0.044784)
potential : -4.313694 (0.044816)
energy : -2.174982 (0.000188)

kinetic : 2.140560 (0.044738)
potential : -4.315583 (0.044772)
energy : -2.175023 (0.000192)

kinetic : 2.139672 (0.044664)
potential : -4.314697 (0.044697)
energy : -2.175025 (0.000191)

kinetic : 2.140568 (0.044590)
potential : -4.315592 (0.044623)
energy : -2.175024 (0.000191)

kinetic : 2.140558 (0.044507)
potential : -4.315574 (0.044541)
energy : -2.175017 (0.000191)

kinetic : 2.140403 (0.044425)
potential : -4.315421 (0.044458)
energy : -2.175018 (0.000191)

kinetic : 2.142793 (0.044408)
potential : -4.317807 (0.044440)
energy : -2.175014 (0.000190)

kinetic : 2.141443 (0.044346)
potential : -4.316465 (0.044379)
energy : -2.175021 (0.000190)

kinetic : 2.142348 (0.044274)
potential : -4.317366 (0.044306)
energy : -2.175018 (0.000190)

kinetic : 2.140394 (0.044236)
potential : -4.315417 (0.044268)
energy : -2.175023 (0.000189)

kinetic : 2.139056 (0.044175)
potential : -4.314092 (0.044207)
energy : -2.175036 (0.000189)

kinetic : 2.140419 (0.044115)
potential : -4.315472 (0.044147)
energy : -2.175053 (0.000190)

kinetic : 2.139799 (0.044039)
potential : -4.314849 (0.044071)
energy : -2.175050 (0.000190)

kinetic : 2.138083 (0.043992)
potential : -4.313123 (0.044025)
energy : -2.175040 (0.000189)

kinetic : 2.136123 (0.043956)
potential : -4.311158 (0.043988)
energy : -2.175035 (0.000189)

kinetic : 2.134799 (0.043896)
potential : -4.309826 (0.043929)
energy : -2.175027 (0.000189)

kinetic : 2.133474 (0.043836)
potential : -4.308503 (0.043869)
energy : -2.175029 (0.000189)

kinetic : 2.131486 (0.043802)
potential : -4.306512 (0.043835)
energy : -2.175026 (0.000188)

kinetic : 2.130431 (0.043736)
potential : -4.305453 (0.043768)
energy : -2.175022 (0.000188)

kinetic : 2.130021 (0.043659)
potential : -4.305040 (0.043691)
energy : -2.175019 (0.000188)

kinetic : 2.129848 (0.043581)
potential : -4.304858 (0.043613)
energy : -2.175010 (0.000188)

kinetic : 2.127638 (0.043558)
potential : -4.302642 (0.043591)
energy : -2.175005 (0.000187)

kinetic : 2.126194 (0.043504)
potential : -4.301210 (0.043537)
energy : -2.175016 (0.000187)

kinetic : 2.125883 (0.043427)
potential : -4.300892 (0.043460)
energy : -2.175008 (0.000187)

kinetic : 2.127384 (0.043376)
potential : -4.302395 (0.043408)
energy : -2.175011 (0.000187)

kinetic : 2.125809 (0.043327)
potential : -4.300816 (0.043359)
energy : -2.175008 (0.000187)

kinetic : 2.125515 (0.043251)
potential : -4.300535 (0.043283)
energy : -2.175019 (0.000187)

kinetic : 2.124928 (0.043178)
potential : -4.299956 (0.043210)
energy : -2.175028 (0.000186)

kinetic : 2.125562 (0.043106)
potential : -4.300585 (0.043138)
energy : -2.175023 (0.000186)

kinetic : 2.127448 (0.043071)
potential : -4.302494 (0.043104)
energy : -2.175047 (0.000187)

kinetic : 2.130081 (0.043075)
potential : -4.305127 (0.043108)
energy : -2.175046 (0.000187)

kinetic : 2.133096 (0.043105)
potential : -4.308144 (0.043138)
energy : -2.175048 (0.000187)

kinetic : 2.132556 (0.043032)
potential : -4.307597 (0.043065)
energy : -2.175041 (0.000187)

kinetic : 2.131850 (0.042962)
potential : -4.306886 (0.042995)
energy : -2.175036 (0.000186)

kinetic : 2.131433 (0.042889)
potential : -4.306475 (0.042922)
energy : -2.175041 (0.000186)

kinetic : 2.129979 (0.042839)
potential : -4.305017 (0.042871)
energy : -2.175038 (0.000186)

kinetic : 2.127358 (0.042844)
potential : -4.302381 (0.042877)
energy : -2.175022 (0.000186)

kinetic : 2.126656 (0.042775)
potential : -4.301695 (0.042808)
energy : -2.175038 (0.000186)

kinetic : 2.128461 (0.042738)
potential : -4.303502 (0.042772)
energy : -2.175042 (0.000186)

kinetic : 2.127523 (0.042674)
potential : -4.302563 (0.042707)
energy : -2.175040 (0.000186)

kinetic : 2.126653 (0.042609)
potential : -4.301690 (0.042642)
energy : -2.175037 (0.000186)

kinetic : 2.127309 (0.042540)
potential : -4.302365 (0.042574)
energy : -2.175057 (0.000186)

kinetic : 2.128628 (0.042487)
potential : -4.303679 (0.042520)
energy : -2.175051 (0.000186)

kinetic : 2.127710 (0.042423)
potential : -4.302755 (0.042457)
energy : -2.175045 (0.000186)

kinetic : 2.132952 (0.042673)
potential : -4.308007 (0.042707)
energy : -2.175054 (0.000186)

kinetic : 2.133995 (0.042613)
potential : -4.309047 (0.042647)
energy : -2.175052 (0.000185)

kinetic : 2.133042 (0.042550)
potential : -4.308090 (0.042584)
energy : -2.175049 (0.000185)

kinetic : 2.131990 (0.042490)
potential : -4.307057 (0.042523)
energy : -2.175067 (0.000186)

kinetic : 2.131174 (0.042425)
potential : -4.306231 (0.042459)
energy : -2.175058 (0.000186)

kinetic : 2.133579 (0.042421)
potential : -4.308660 (0.042455)
energy : -2.175081 (0.000187)

kinetic : 2.134147 (0.042352)
potential : -4.309233 (0.042387)
energy : -2.175086 (0.000186)

kinetic : 2.133730 (0.042282)
potential : -4.308815 (0.042317)
energy : -2.175086 (0.000186)

kinetic : 2.132074 (0.042242)
potential : -4.307154 (0.042277)
energy : -2.175081 (0.000186)

kinetic : 2.132565 (0.042174)
potential : -4.307644 (0.042208)
energy : -2.175079 (0.000186)

kinetic : 2.134587 (0.042150)
potential : -4.309663 (0.042185)
energy : -2.175076 (0.000185)

kinetic : 2.140711 (0.042523)
potential : -4.315805 (0.042559)
energy : -2.175094 (0.000186)

kinetic : 2.144345 (0.042606)
potential : -4.319433 (0.042642)
energy : -2.175089 (0.000186)

kinetic : 2.144251 (0.042534)
potential : -4.319348 (0.042570)
energy : -2.175097 (0.000185)

kinetic : 2.142746 (0.042489)
potential : -4.317840 (0.042525)
energy : -2.175095 (0.000185)

kinetic : 2.143399 (0.042423)
potential : -4.318487 (0.042458)
energy : -2.175087 (0.000185)

kinetic : 2.142771 (0.042356)
potential : -4.317850 (0.042392)
energy : -2.175079 (0.000185)

kinetic : 2.142609 (0.042285)
potential : -4.317688 (0.042321)
energy : -2.175079 (0.000185)

kinetic : 2.142057 (0.042218)
potential : -4.317125 (0.042254)
energy : -2.175068 (0.000185)

kinetic : 2.147989 (0.042563)
potential : -4.323051 (0.042598)
energy : -2.175061 (0.000184)

kinetic : 2.146990 (0.042504)
potential : -4.322048 (0.042538)
energy : -2.175058 (0.000184)

kinetic : 2.146157 (0.042441)
potential : -4.321221 (0.042476)
energy : -2.175065 (0.000184)

kinetic : 2.145256 (0.042380)
potential : -4.320319 (0.042415)
energy : -2.175063 (0.000184)

kinetic : 2.144226 (0.042322)
potential : -4.319295 (0.042356)
energy : -2.175070 (0.000183)

kinetic : 2.143102 (0.042267)
potential : -4.318157 (0.042302)
energy : -2.175055 (0.000184)

kinetic : 2.144439 (0.042219)
potential : -4.319480 (0.042252)
energy : -2.175041 (0.000184)

kinetic : 2.142814 (0.042180)
potential : -4.317853 (0.042214)
energy : -2.175039 (0.000184)

kinetic : 2.141526 (0.042130)
potential : -4.316566 (0.042164)
energy : -2.175040 (0.000183)

kinetic : 2.141405 (0.042061)
potential : -4.316437 (0.042095)
energy : -2.175033 (0.000183)

kinetic : 2.141420 (0.041992)
potential : -4.316455 (0.042026)
energy : -2.175035 (0.000183)

kinetic : 2.141208 (0.041924)
potential : -4.316245 (0.041957)
energy : -2.175037 (0.000183)

kinetic : 2.139960 (0.041874)
potential : -4.314994 (0.041907)
energy : -2.175034 (0.000182)

kinetic : 2.139903 (0.041805)
potential : -4.314934 (0.041839)
energy : -2.175031 (0.000182)

kinetic : 2.139415 (0.041740)
potential : -4.314456 (0.041773)
energy : -2.175042 (0.000182)

kinetic : 2.138197 (0.041689)
potential : -4.313237 (0.041723)
energy : -2.175041 (0.000182)

kinetic : 2.136359 (0.041662)
potential : -4.311397 (0.041696)
energy : -2.175038 (0.000182)

kinetic : 2.139188 (0.041691)
potential : -4.314220 (0.041723)
energy : -2.175032 (0.000181)

kinetic : 2.139469 (0.041624)
potential : -4.314497 (0.041657)
energy : -2.175028 (0.000181)

kinetic : 2.138999 (0.041559)
potential : -4.314021 (0.041592)
energy : -2.175021 (0.000181)

kinetic : 2.138747 (0.041493)
potential : -4.313777 (0.041525)
energy : -2.175031 (0.000181)

kinetic : 2.140342 (0.041456)
potential : -4.315374 (0.041489)
energy : -2.175032 (0.000181)

kinetic : 2.138847 (0.041417)
potential : -4.313881 (0.041449)
energy : -2.175033 (0.000180)

kinetic : 2.138468 (0.041352)
potential : -4.313513 (0.041384)
energy : -2.175045 (0.000180)

kinetic : 2.139789 (0.041306)
potential : -4.314834 (0.041339)
energy : -2.175045 (0.000180)

kinetic : 2.139168 (0.041245)
potential : -4.314210 (0.041277)
energy : -2.175042 (0.000180)

kinetic : 2.138734 (0.041181)
potential : -4.313770 (0.041213)
energy : -2.175036 (0.000180)

kinetic : 2.138871 (0.041115)
potential : -4.313913 (0.041148)
energy : -2.175042 (0.000179)

kinetic : 2.138543 (0.041051)
potential : -4.313582 (0.041083)
energy : -2.175039 (0.000179)

kinetic : 2.137932 (0.040990)
potential : -4.312960 (0.041023)
energy : -2.175028 (0.000179)

kinetic : 2.140062 (0.040980)
potential : -4.315089 (0.041013)
energy : -2.175027 (0.000179)

kinetic : 2.139449 (0.040920)
potential : -4.314487 (0.040952)
energy : -2.175039 (0.000179)

kinetic : 2.137514 (0.040901)
potential : -4.312549 (0.040933)
energy : -2.175036 (0.000179)

kinetic : 2.137160 (0.040838)
potential : -4.312194 (0.040870)
energy : -2.175034 (0.000178)

kinetic : 2.136808 (0.040775)
potential : -4.311847 (0.040806)
energy : -2.175039 (0.000178)

kinetic : 2.136019 (0.040718)
potential : -4.311058 (0.040750)
energy : -2.175039 (0.000178)

kinetic : 2.136100 (0.040654)
potential : -4.311136 (0.040686)
energy : -2.175036 (0.000178)

kinetic : 2.134342 (0.040628)
potential : -4.309374 (0.040660)
energy : -2.175032 (0.000177)

kinetic : 2.137106 (0.040658)
potential : -4.312137 (0.040690)
energy : -2.175031 (0.000177)

kinetic : 2.136924 (0.040595)
potential : -4.311962 (0.040626)
energy : -2.175037 (0.000177)

kinetic : 2.136700 (0.040532)
potential : -4.311759 (0.040563)
energy : -2.175059 (0.000178)

kinetic : 2.137325 (0.040473)
potential : -4.312394 (0.040505)
energy : -2.175069 (0.000178)

kinetic : 2.136332 (0.040422)
potential : -4.311398 (0.040454)
energy : -2.175066 (0.000178)

kinetic : 2.135940 (0.040361)
potential : -4.311007 (0.040393)
energy : -2.175068 (0.000178)

kinetic : 2.134364 (0.040329)
potential : -4.309431 (0.040360)
energy : -2.175067 (0.000177)

kinetic : 2.134485 (0.040266)
potential : -4.309548 (0.040298)
energy : -2.175063 (0.000177)

kinetic : 2.132613 (0.040248)
potential : -4.307671 (0.040279)
energy : -2.175058 (0.000177)

kinetic : 2.132942 (0.040187)
potential : -4.308001 (0.040218)
energy : -2.175059 (0.000177)

kinetic : 2.132686 (0.040125)
potential : -4.307744 (0.040157)
energy : -2.175058 (0.000176)

kinetic : 2.132224 (0.040066)
potential : -4.307283 (0.040097)
energy : -2.175059 (0.000176)

kinetic : 2.131442 (0.040012)
potential : -4.306502 (0.040043)
energy : -2.175060 (0.000176)

kinetic : 2.132115 (0.039956)
potential : -4.307176 (0.039987)
energy : -2.175062 (0.000175)

kinetic : 2.130060 (0.039947)
potential : -4.305118 (0.039979)
energy : -2.175059 (0.000175)

kinetic : 2.131202 (0.039902)
potential : -4.306252 (0.039933)
energy : -2.175050 (0.000175)

kinetic : 2.130509 (0.039847)
potential : -4.305554 (0.039878)
energy : -2.175045 (0.000175)

kinetic : 2.129521 (0.039798)
potential : -4.304568 (0.039829)
energy : -2.175048 (0.000175)

kinetic : 2.128401 (0.039753)
potential : -4.303452 (0.039784)
energy : -2.175051 (0.000174)

kinetic : 2.128041 (0.039694)
potential : -4.303095 (0.039725)
energy : -2.175054 (0.000174)

kinetic : 2.128172 (0.039634)
potential : -4.303224 (0.039665)
energy : -2.175052 (0.000174)

kinetic : 2.127377 (0.039582)
potential : -4.302424 (0.039613)
energy : -2.175046 (0.000174)

kinetic : 2.125907 (0.039549)
potential : -4.300954 (0.039580)
energy : -2.175047 (0.000174)

kinetic : 2.124487 (0.039515)
potential : -4.299532 (0.039545)
energy : -2.175045 (0.000173)

kinetic : 2.125218 (0.039462)
potential : -4.300261 (0.039492)
energy : -2.175044 (0.000173)

kinetic : 2.124449 (0.039409)
potential : -4.299488 (0.039440)
energy : -2.175039 (0.000173)

kinetic : 2.126419 (0.039399)
potential : -4.301450 (0.039429)
energy : -2.175031 (0.000173)

kinetic : 2.125851 (0.039344)
potential : -4.300869 (0.039374)
energy : -2.175018 (0.000173)

kinetic : 2.126556 (0.039291)
potential : -4.301582 (0.039322)
energy : -2.175026 (0.000173)

kinetic : 2.127615 (0.039246)
potential : -4.302644 (0.039277)
energy : -2.175029 (0.000173)

kinetic : 2.129410 (0.039229)
potential : -4.304448 (0.039259)
energy : -2.175038 (0.000173)

kinetic : 2.129000 (0.039172)
potential : -4.304043 (0.039203)
energy : -2.175043 (0.000172)

kinetic : 2.129943 (0.039125)
potential : -4.304992 (0.039155)
energy : -2.175050 (0.000172)

kinetic : 2.129618 (0.039068)
potential : -4.304667 (0.039098)
energy : -2.175049 (0.000172)

kinetic : 2.129195 (0.039012)
potential : -4.304243 (0.039042)
energy : -2.175048 (0.000172)

kinetic : 2.128852 (0.038955)
potential : -4.303894 (0.038986)
energy : -2.175042 (0.000172)

kinetic : 2.128303 (0.038901)
potential : -4.303338 (0.038932)
energy : -2.175035 (0.000172)

kinetic : 2.127170 (0.038860)
potential : -4.302213 (0.038890)
energy : -2.175043 (0.000171)

kinetic : 2.127272 (0.038802)
potential : -4.302310 (0.038833)
energy : -2.175038 (0.000171)

kinetic : 2.128736 (0.038773)
potential : -4.303764 (0.038802)
energy : -2.175027 (0.000171)

kinetic : 2.127303 (0.038742)
potential : -4.302339 (0.038771)
energy : -2.175035 (0.000171)

kinetic : 2.125789 (0.038714)
potential : -4.300823 (0.038744)
energy : -2.175034 (0.000171)

kinetic : 2.129139 (0.038802)
potential : -4.304173 (0.038831)
energy : -2.175034 (0.000171)

kinetic : 2.128593 (0.038749)
potential : -4.303623 (0.038778)
energy : -2.175030 (0.000171)

kinetic : 2.127061 (0.038722)
potential : -4.302081 (0.038752)
energy : -2.175020 (0.000171)

kinetic : 2.125524 (0.038696)
potential : -4.300540 (0.038726)
energy : -2.175017 (0.000170)

kinetic : 2.124499 (0.038653)
potential : -4.299510 (0.038683)
energy : -2.175011 (0.000170)

kinetic : 2.124223 (0.038597)
potential : -4.299230 (0.038627)
energy : -2.175008 (0.000170)

kinetic : 2.126797 (0.038627)
potential : -4.301793 (0.038656)
energy : -2.174996 (0.000170)

kinetic : 2.125382 (0.038596)
potential : -4.300377 (0.038625)
energy : -2.174994 (0.000170)

kinetic : 2.125544 (0.038540)
potential : -4.300547 (0.038569)
energy : -2.175004 (0.000170)

kinetic : 2.125961 (0.038487)
potential : -4.300969 (0.038516)
energy : -2.175008 (0.000170)

kinetic : 2.125805 (0.038431)
potential : -4.300815 (0.038460)
energy : -2.175010 (0.000170)

kinetic : 2.125876 (0.038375)
potential : -4.300895 (0.038404)
energy : -2.175020 (0.000170)

kinetic : 2.125628 (0.038321)
potential : -4.300640 (0.038349)
energy : -2.175012 (0.000169)

kinetic : 2.124688 (0.038277)
potential : -4.299697 (0.038306)
energy : -2.175009 (0.000169)

kinetic : 2.122905 (0.038263)
potential : -4.297905 (0.038292)
energy : -2.175000 (0.000169)

kinetic : 2.122629 (0.038209)
potential : -4.297633 (0.038238)
energy : -2.175004 (0.000169)

kinetic : 2.121267 (0.038178)
potential : -4.296268 (0.038207)
energy : -2.175001 (0.000169)

kinetic : 2.120046 (0.038143)
potential : -4.295044 (0.038172)
energy : -2.174998 (0.000169)

kinetic : 2.119164 (0.038098)
potential : -4.294153 (0.038128)
energy : -2.174989 (0.000169)

kinetic : 2.119146 (0.038044)
potential : -4.294139 (0.038073)
energy : -2.174992 (0.000168)

kinetic : 2.118462 (0.037995)
potential : -4.293458 (0.038025)
energy : -2.174996 (0.000168)

kinetic : 2.117859 (0.037946)
potential : -4.292852 (0.037975)
energy : -2.174993 (0.000168)

kinetic : 2.116002 (0.037937)
potential : -4.290994 (0.037966)
energy : -2.174992 (0.000168)

kinetic : 2.117520 (0.037913)
potential : -4.292511 (0.037943)
energy : -2.174991 (0.000168)

kinetic : 2.116530 (0.037872)
potential : -4.291521 (0.037901)
energy : -2.174992 (0.000167)

kinetic : 2.116180 (0.037820)
potential : -4.291173 (0.037849)
energy : -2.174993 (0.000167)

kinetic : 2.118460 (0.037835)
potential : -4.293447 (0.037864)
energy : -2.174987 (0.000167)

kinetic : 2.117500 (0.037794)
potential : -4.292473 (0.037823)
energy : -2.174974 (0.000167)

kinetic : 2.117428 (0.037740)
potential : -4.292411 (0.037769)
energy : -2.174983 (0.000167)

kinetic : 2.117388 (0.037687)
potential : -4.292370 (0.037716)
energy : -2.174981 (0.000167)

kinetic : 2.116142 (0.037654)
potential : -4.291114 (0.037684)
energy : -2.174972 (0.000167)

kinetic : 2.115533 (0.037606)
potential : -4.290499 (0.037635)
energy : -2.174966 (0.000167)

kinetic : 2.118189 (0.037647)
potential : -4.293167 (0.037677)
energy : -2.174978 (0.000167)

kinetic : 2.122951 (0.037895)
potential : -4.297920 (0.037923)
energy : -2.174969 (0.000167)

kinetic : 2.121775 (0.037860)
potential : -4.296743 (0.037888)
energy : -2.174968 (0.000167)

kinetic : 2.121410 (0.037808)
potential : -4.296373 (0.037837)
energy : -2.174963 (0.000167)

kinetic : 2.120527 (0.037766)
potential : -4.295477 (0.037795)
energy : -2.174950 (0.000167)

kinetic : 2.121292 (0.037721)
potential : -4.296237 (0.037749)
energy : -2.174945 (0.000167)

kinetic : 2.121805 (0.037672)
potential : -4.296752 (0.037700)
energy : -2.174947 (0.000167)

kinetic : 2.122588 (0.037627)
potential : -4.297542 (0.037656)
energy : -2.174954 (0.000166)

kinetic : 2.122559 (0.037575)
potential : -4.297515 (0.037604)
energy : -2.174956 (0.000166)

kinetic : 2.121549 (0.037536)
potential : -4.296509 (0.037565)
energy : -2.174960 (0.000166)

kinetic : 2.121530 (0.037484)
potential : -4.296497 (0.037513)
energy : -2.174967 (0.000166)

kinetic : 2.125976 (0.037695)
potential : -4.300931 (0.037722)
energy : -2.174955 (0.000166)

kinetic : 2.125116 (0.037653)
potential : -4.300066 (0.037680)
energy : -2.174950 (0.000166)

kinetic : 2.124518 (0.037606)
potential : -4.299468 (0.037633)
energy : -2.174950 (0.000166)

kinetic : 2.123630 (0.037564)
potential : -4.298574 (0.037591)
energy : -2.174944 (0.000166)

kinetic : 2.127662 (0.037729)
potential : -4.302606 (0.037755)
energy : -2.174945 (0.000165)

kinetic : 2.127213 (0.037679)
potential : -4.302167 (0.037706)
energy : -2.174954 (0.000165)

kinetic : 2.126007 (0.037647)
potential : -4.300959 (0.037674)
energy : -2.174952 (0.000165)

kinetic : 2.126665 (0.037601)
potential : -4.301619 (0.037628)
energy : -2.174953 (0.000165)

kinetic : 2.126396 (0.037550)
potential : -4.301356 (0.037577)
energy : -2.174960 (0.000165)

kinetic : 2.125461 (0.037511)
potential : -4.300412 (0.037537)
energy : -2.174951 (0.000165)

kinetic : 2.125576 (0.037459)
potential : -4.300520 (0.037486)
energy : -2.174944 (0.000165)

kinetic : 2.126482 (0.037419)
potential : -4.301418 (0.037446)
energy : -2.174936 (0.000165)

kinetic : 2.125922 (0.037372)
potential : -4.300856 (0.037399)
energy : -2.174934 (0.000165)

kinetic : 2.125213 (0.037328)
potential : -4.300146 (0.037355)
energy : -2.174932 (0.000164)

kinetic : 2.125142 (0.037278)
potential : -4.300070 (0.037304)
energy : -2.174928 (0.000164)

kinetic : 2.127198 (0.037284)
potential : -4.302125 (0.037310)
energy : -2.174927 (0.000164)

kinetic : 2.127702 (0.037237)
potential : -4.302625 (0.037263)
energy : -2.174923 (0.000164)

kinetic : 2.129873 (0.037249)
potential : -4.304802 (0.037276)
energy : -2.174929 (0.000164)

kinetic : 2.132091 (0.037265)
potential : -4.307017 (0.037292)
energy : -2.174927 (0.000164)

kinetic : 2.132279 (0.037215)
potential : -4.307214 (0.037242)
energy : -2.174935 (0.000164)

kinetic : 2.133539 (0.037186)
potential : -4.308471 (0.037213)
energy : -2.174932 (0.000163)

kinetic : 2.132967 (0.037141)
potential : -4.307894 (0.037167)
energy : -2.174926 (0.000163)

kinetic : 2.132169 (0.037099)
potential : -4.307095 (0.037126)
energy : -2.174926 (0.000163)

kinetic : 2.136295 (0.037279)
potential : -4.311218 (0.037304)
energy : -2.174923 (0.000163)

kinetic : 2.135797 (0.037232)
potential : -4.310713 (0.037258)
energy : -2.174916 (0.000163)

kinetic : 2.138457 (0.037277)
potential : -4.313379 (0.037303)
energy : -2.174922 (0.000163)

kinetic : 2.138740 (0.037228)
potential : -4.313671 (0.037254)
energy : -2.174931 (0.000163)

kinetic : 2.138040 (0.037185)
potential : -4.312964 (0.037211)
energy : -2.174924 (0.000163)

kinetic : 2.137278 (0.037143)
potential : -4.312215 (0.037169)
energy : -2.174937 (0.000163)

kinetic : 2.136933 (0.037095)
potential : -4.311863 (0.037121)
energy : -2.174930 (0.000163)

kinetic : 2.135331 (0.037081)
potential : -4.310255 (0.037107)
energy : -2.174924 (0.000163)

kinetic : 2.135553 (0.037032)
potential : -4.310481 (0.037058)
energy : -2.174929 (0.000163)

kinetic : 2.134075 (0.037013)
potential : -4.309000 (0.037039)
energy : -2.174926 (0.000162)

kinetic : 2.134111 (0.036963)
potential : -4.309024 (0.036990)
energy : -2.174913 (0.000163)

kinetic : 2.133243 (0.036925)
potential : -4.308158 (0.036951)
energy : -2.174915 (0.000162)

kinetic : 2.133286 (0.036876)
potential : -4.308209 (0.036902)
energy : -2.174924 (0.000162)

kinetic : 2.133160 (0.036827)
potential : -4.308081 (0.036853)
energy : -2.174921 (0.000162)

kinetic : 2.132498 (0.036785)
potential : -4.307416 (0.036811)
energy : -2.174918 (0.000162)

kinetic : 2.132196 (0.036738)
potential : -4.307108 (0.036764)
energy : -2.174912 (0.000162)

kinetic : 2.130687 (0.036720)
potential : -4.305601 (0.036746)
energy : -2.174915 (0.000162)

kinetic : 2.129634 (0.036687)
potential : -4.304546 (0.036713)
energy : -2.174912 (0.000162)

kinetic : 2.131209 (0.036673)
potential : -4.306120 (0.036699)
energy : -2.174911 (0.000161)

kinetic : 2.130433 (0.036633)
potential : -4.305341 (0.036659)
energy : -2.174907 (0.000161)

kinetic : 2.130935 (0.036589)
potential : -4.305867 (0.036615)
energy : -2.174932 (0.000163)

kinetic : 2.129964 (0.036554)
potential : -4.304903 (0.036580)
energy : -2.174938 (0.000163)

kinetic : 2.130370 (0.036508)
potential : -4.305318 (0.036534)
energy : -2.174949 (0.000163)

kinetic : 2.129342 (0.036475)
potential : -4.304286 (0.036501)
energy : -2.174944 (0.000163)

kinetic : 2.130111 (0.036436)
potential : -4.305052 (0.036462)
energy : -2.174941 (0.000163)

kinetic : 2.129634 (0.036392)
potential : -4.304577 (0.036418)
energy : -2.174943 (0.000162)

kinetic : 2.128796 (0.036354)
potential : -4.303730 (0.036380)
energy : -2.174933 (0.000162)

kinetic : 2.128880 (0.036307)
potential : -4.303810 (0.036333)
energy : -2.174930 (0.000162)

kinetic : 2.128528 (0.036262)
potential : -4.303459 (0.036288)
energy : -2.174931 (0.000162)

kinetic : 2.127794 (0.036222)
potential : -4.302721 (0.036248)
energy : -2.174927 (0.000162)

kinetic : 2.126699 (0.036192)
potential : -4.301623 (0.036218)
energy : -2.174924 (0.000162)

kinetic : 2.126252 (0.036148)
potential : -4.301171 (0.036174)
energy : -2.174919 (0.000162)

kinetic : 2.125499 (0.036110)
potential : -4.300412 (0.036136)
energy : -2.174913 (0.000161)

kinetic : 2.126173 (0.036069)
potential : -4.301082 (0.036096)
energy : -2.174909 (0.000161)

kinetic : 2.127363 (0.036043)
potential : -4.302275 (0.036069)
energy : -2.174912 (0.000161)

kinetic : 2.127256 (0.035997)
potential : -4.302175 (0.036023)
energy : -2.174919 (0.000161)

kinetic : 2.126983 (0.035952)
potential : -4.301905 (0.035978)
energy : -2.174922 (0.000161)

kinetic : 2.126200 (0.035914)
potential : -4.301120 (0.035940)
energy : -2.174919 (0.000161)

kinetic : 2.124889 (0.035892)
potential : -4.299806 (0.035918)
energy : -2.174917 (0.000160)

kinetic : 2.123417 (0.035877)
potential : -4.298330 (0.035903)
energy : -2.174913 (0.000160)

kinetic : 2.122452 (0.035844)
potential : -4.297370 (0.035870)
energy : -2.174918 (0.000160)

kinetic : 2.122442 (0.035798)
potential : -4.297354 (0.035824)
energy : -2.174912 (0.000160)

kinetic : 2.122450 (0.035753)
potential : -4.297353 (0.035779)
energy : -2.174903 (0.000160)

kinetic : 2.124827 (0.035786)
potential : -4.299728 (0.035812)
energy : -2.174901 (0.000160)

kinetic : 2.124838 (0.035741)
potential : -4.299734 (0.035767)
energy : -2.174896 (0.000160)

kinetic : 2.125782 (0.035708)
potential : -4.300680 (0.035734)
energy : -2.174898 (0.000160)

kinetic : 2.126955 (0.035682)
potential : -4.301851 (0.035708)
energy : -2.174895 (0.000159)

kinetic : 2.127187 (0.035638)
potential : -4.302076 (0.035663)
energy : -2.174889 (0.000159)

kinetic : 2.127937 (0.035601)
potential : -4.302833 (0.035626)
energy : -2.174896 (0.000159)

kinetic : 2.128032 (0.035556)
potential : -4.302942 (0.035582)
energy : -2.174910 (0.000160)

kinetic : 2.128598 (0.035516)
potential : -4.303499 (0.035541)
energy : -2.174901 (0.000160)

kinetic : 2.130124 (0.035504)
potential : -4.305027 (0.035530)
energy : -2.174903 (0.000160)

kinetic : 2.130263 (0.035460)
potential : -4.305169 (0.035485)
energy : -2.174907 (0.000159)

kinetic : 2.130005 (0.035416)
potential : -4.304916 (0.035442)
energy : -2.174911 (0.000159)

kinetic : 2.129118 (0.035383)
potential : -4.304033 (0.035408)
energy : -2.174914 (0.000159)

kinetic : 2.128495 (0.035344)
potential : -4.303413 (0.035369)
energy : -2.174918 (0.000159)

kinetic : 2.128162 (0.035302)
potential : -4.303075 (0.035327)
energy : -2.174913 (0.000159)

kinetic : 2.127260 (0.035269)
potential : -4.302169 (0.035294)
energy : -2.174909 (0.000159)

kinetic : 2.125469 (0.035271)
potential : -4.300377 (0.035296)
energy : -2.174908 (0.000158)

kinetic : 2.125216 (0.035228)
potential : -4.300126 (0.035253)
energy : -2.174909 (0.000158)

kinetic : 2.126079 (0.035195)
potential : -4.300988 (0.035220)
energy : -2.174909 (0.000158)

kinetic : 2.125401 (0.035157)
potential : -4.300310 (0.035182)
energy : -2.174909 (0.000158)

kinetic : 2.125513 (0.035114)
potential : -4.300428 (0.035139)
energy : -2.174915 (0.000158)

kinetic : 2.124378 (0.035089)
potential : -4.299290 (0.035114)
energy : -2.174912 (0.000158)

kinetic : 2.124015 (0.035047)
potential : -4.298934 (0.035072)
energy : -2.174919 (0.000158)

kinetic : 2.122489 (0.035037)
potential : -4.297409 (0.035062)
energy : -2.174919 (0.000157)

kinetic : 2.122247 (0.034995)
potential : -4.297172 (0.035020)
energy : -2.174925 (0.000157)

kinetic : 2.121555 (0.034959)
potential : -4.296489 (0.034983)
energy : -2.174934 (0.000157)

kinetic : 2.120867 (0.034922)
potential : -4.295801 (0.034947)
energy : -2.174934 (0.000157)

kinetic : 2.121451 (0.034884)
potential : -4.296386 (0.034909)
energy : -2.174935 (0.000157)

kinetic : 2.120661 (0.034850)
potential : -4.295600 (0.034875)
energy : -2.174939 (0.000157)

kinetic : 2.121728 (0.034824)
potential : -4.296669 (0.034848)
energy : -2.174941 (0.000157)

kinetic : 2.121468 (0.034782)
potential : -4.296404 (0.034807)
energy : -2.174937 (0.000157)

kinetic : 2.120393 (0.034756)
potential : -4.295327 (0.034781)
energy : -2.174934 (0.000156)

kinetic : 2.119320 (0.034730)
potential : -4.294253 (0.034755)
energy : -2.174933 (0.000156)

kinetic : 2.118892 (0.034691)
potential : -4.293824 (0.034715)
energy : -2.174932 (0.000156)

kinetic : 2.118379 (0.034652)
potential : -4.293308 (0.034677)
energy : -2.174930 (0.000156)

kinetic : 2.117826 (0.034615)
potential : -4.292757 (0.034639)
energy : -2.174931 (0.000156)

kinetic : 2.117474 (0.034574)
potential : -4.292405 (0.034599)
energy : -2.174931 (0.000155)

kinetic : 2.118385 (0.034544)
potential : -4.293308 (0.034568)
energy : -2.174923 (0.000155)

kinetic : 2.117759 (0.034508)
potential : -4.292684 (0.034532)
energy : -2.174925 (0.000155)

kinetic : 2.120541 (0.034578)
potential : -4.295458 (0.034602)
energy : -2.174917 (0.000155)

kinetic : 2.120208 (0.034538)
potential : -4.295128 (0.034561)
energy : -2.174920 (0.000155)

kinetic : 2.121555 (0.034523)
potential : -4.296469 (0.034546)
energy : -2.174914 (0.000155)

kinetic : 2.120823 (0.034489)
potential : -4.295739 (0.034512)
energy : -2.174916 (0.000155)

kinetic : 2.130126 (0.035681)
potential : -4.305076 (0.035712)
energy : -2.174950 (0.000158)

kinetic : 2.130611 (0.035642)
potential : -4.305561 (0.035673)
energy : -2.174950 (0.000158)

kinetic : 2.133906 (0.035751)
potential : -4.308864 (0.035783)
energy : -2.174958 (0.000158)

kinetic : 2.135540 (0.035745)
potential : -4.310495 (0.035777)
energy : -2.174955 (0.000158)

kinetic : 2.134396 (0.035721)
potential : -4.309349 (0.035752)
energy : -2.174953 (0.000158)

kinetic : 2.134330 (0.035678)
potential : -4.309282 (0.035710)
energy : -2.174953 (0.000158)

kinetic : 2.133210 (0.035653)
potential : -4.308161 (0.035684)
energy : -2.174952 (0.000158)

kinetic : 2.132755 (0.035613)
potential : -4.307702 (0.035645)
energy : -2.174947 (0.000157)

kinetic : 2.131690 (0.035587)
potential : -4.306636 (0.035618)
energy : -2.174946 (0.000157)

kinetic : 2.131273 (0.035547)
potential : -4.306217 (0.035578)
energy : -2.174944 (0.000157)

kinetic : 2.131273 (0.035504)
potential : -4.306213 (0.035536)
energy : -2.174941 (0.000157)

kinetic : 2.130745 (0.035466)
potential : -4.305686 (0.035497)
energy : -2.174941 (0.000157)

kinetic : 2.130197 (0.035428)
potential : -4.305138 (0.035459)
energy : -2.174941 (0.000157)

kinetic : 2.128641 (0.035420)
potential : -4.303581 (0.035451)
energy : -2.174940 (0.000156)

kinetic : 2.129560 (0.035390)
potential : -4.304516 (0.035422)
energy : -2.174956 (0.000157)

kinetic : 2.128683 (0.035359)
potential : -4.303642 (0.035391)
energy : -2.174959 (0.000157)

kinetic : 2.128187 (0.035321)
potential : -4.303147 (0.035352)
energy : -2.174961 (0.000157)

kinetic : 2.128337 (0.035279)
potential : -4.303301 (0.035311)
energy : -2.174964 (0.000157)

kinetic : 2.127387 (0.035251)
potential : -4.302350 (0.035282)
energy : -2.174964 (0.000156)

kinetic : 2.129730 (0.035287)
potential : -4.304700 (0.035319)
energy : -2.174970 (0.000156)

kinetic : 2.128839 (0.035257)
potential : -4.303812 (0.035288)
energy : -2.174973 (0.000156)

kinetic : 2.129018 (0.035216)
potential : -4.304001 (0.035247)
energy : -2.174983 (0.000156)

kinetic : 2.132455 (0.035342)
potential : -4.307437 (0.035373)
energy : -2.174982 (0.000156)

kinetic : 2.131513 (0.035313)
potential : -4.306496 (0.035344)
energy : -2.174982 (0.000156)

kinetic : 2.131534 (0.035272)
potential : -4.306513 (0.035303)
energy : -2.174979 (0.000156)

kinetic : 2.131143 (0.035233)
potential : -4.306114 (0.035264)
energy : -2.174972 (0.000156)

kinetic : 2.131512 (0.035193)
potential : -4.306483 (0.035224)
energy : -2.174971 (0.000156)

kinetic : 2.132310 (0.035161)
potential : -4.307277 (0.035192)
energy : -2.174967 (0.000155)

kinetic : 2.132772 (0.035123)
potential : -4.307745 (0.035154)
energy : -2.174973 (0.000155)

kinetic : 2.133782 (0.035097)
potential : -4.308754 (0.035128)
energy : -2.174972 (0.000155)

kinetic : 2.133746 (0.035056)
potential : -4.308720 (0.035087)
energy : -2.174974 (0.000155)

kinetic : 2.134002 (0.035016)
potential : -4.308978 (0.035047)
energy : -2.174976 (0.000155)

kinetic : 2.132054 (0.035030)
potential : -4.307027 (0.035061)
energy : -2.174974 (0.000155)

kinetic : 2.134663 (0.035086)
potential : -4.309637 (0.035117)
energy : -2.174974 (0.000155)

kinetic : 2.133564 (0.035063)
potential : -4.308532 (0.035094)
energy : -2.174968 (0.000154)

kinetic : 2.132879 (0.035029)
potential : -4.307847 (0.035060)
energy : -2.174968 (0.000154)

kinetic : 2.132632 (0.034990)
potential : -4.307600 (0.035021)
energy : -2.174968 (0.000154)

kinetic : 2.132296 (0.034951)
potential : -4.307263 (0.034982)
energy : -2.174967 (0.000154)

kinetic : 2.131555 (0.034918)
potential : -4.306524 (0.034949)
energy : -2.174968 (0.000154)

kinetic : 2.131869 (0.034880)
potential : -4.306842 (0.034910)
energy : -2.174973 (0.000154)

kinetic : 2.131143 (0.034847)
potential : -4.306110 (0.034878)
energy : -2.174967 (0.000154)

kinetic : 2.131776 (0.034813)
potential : -4.306748 (0.034844)
energy : -2.174972 (0.000153)

kinetic : 2.131855 (0.034773)
potential : -4.306822 (0.034804)
energy : -2.174967 (0.000153)

kinetic : 2.132373 (0.034737)
potential : -4.307332 (0.034768)
energy : -2.174959 (0.000153)

kinetic : 2.132511 (0.034697)
potential : -4.307473 (0.034728)
energy : -2.174962 (0.000153)

kinetic : 2.136217 (0.034855)
potential : -4.311177 (0.034886)
energy : -2.174960 (0.000153)

kinetic : 2.135108 (0.034833)
potential : -4.310065 (0.034863)
energy : -2.174957 (0.000153)

kinetic : 2.134577 (0.034797)
potential : -4.309532 (0.034828)
energy : -2.174955 (0.000153)

kinetic : 2.134602 (0.034758)
potential : -4.309553 (0.034788)
energy : -2.174951 (0.000153)

kinetic : 2.134692 (0.034718)
potential : -4.309640 (0.034749)
energy : -2.174948 (0.000153)

kinetic : 2.134620 (0.034679)
potential : -4.309566 (0.034709)
energy : -2.174946 (0.000152)

kinetic : 2.135630 (0.034654)
potential : -4.310568 (0.034684)
energy : -2.174939 (0.000152)

kinetic : 2.135592 (0.034615)
potential : -4.310526 (0.034645)
energy : -2.174934 (0.000152)

kinetic : 2.134759 (0.034586)
potential : -4.309690 (0.034616)
energy : -2.174931 (0.000152)

kinetic : 2.135048 (0.034548)
potential : -4.309974 (0.034578)
energy : -2.174926 (0.000152)

kinetic : 2.134599 (0.034512)
potential : -4.309523 (0.034542)
energy : -2.174923 (0.000152)

kinetic : 2.134259 (0.034474)
potential : -4.309180 (0.034504)
energy : -2.174922 (0.000152)

kinetic : 2.134783 (0.034440)
potential : -4.309703 (0.034469)
energy : -2.174920 (0.000152)

kinetic : 2.134503 (0.034402)
potential : -4.309418 (0.034432)
energy : -2.174915 (0.000152)

kinetic : 2.134090 (0.034366)
potential : -4.309002 (0.034395)
energy : -2.174912 (0.000151)

kinetic : 2.133330 (0.034335)
potential : -4.308244 (0.034365)
energy : -2.174914 (0.000151)

kinetic : 2.132668 (0.034303)
potential : -4.307584 (0.034333)
energy : -2.174915 (0.000151)

kinetic : 2.133106 (0.034268)
potential : -4.308020 (0.034297)
energy : -2.174914 (0.000151)

kinetic : 2.132367 (0.034237)
potential : -4.307278 (0.034267)
energy : -2.174910 (0.000151)

kinetic : 2.131392 (0.034213)
potential : -4.306300 (0.034242)
energy : -2.174908 (0.000151)

kinetic : 2.131138 (0.034175)
potential : -4.306050 (0.034205)
energy : -2.174912 (0.000150)

kinetic : 2.130634 (0.034141)
potential : -4.305545 (0.034171)
energy : -2.174911 (0.000150)

kinetic : 2.130113 (0.034107)
potential : -4.305017 (0.034136)
energy : -2.174904 (0.000150)

kinetic : 2.131473 (0.034096)
potential : -4.306379 (0.034126)
energy : -2.174906 (0.000150)

kinetic : 2.135714 (0.034321)
potential : -4.310623 (0.034351)
energy : -2.174909 (0.000150)

kinetic : 2.135717 (0.034283)
potential : -4.310629 (0.034313)
energy : -2.174912 (0.000150)

kinetic : 2.134449 (0.034268)
potential : -4.309364 (0.034298)
energy : -2.174915 (0.000150)

kinetic : 2.134557 (0.034231)
potential : -4.309476 (0.034260)
energy : -2.174918 (0.000150)

kinetic : 2.132957 (0.034230)
potential : -4.307871 (0.034260)
energy : -2.174914 (0.000149)

kinetic : 2.133962 (0.034207)
potential : -4.308869 (0.034236)
energy : -2.174907 (0.000149)

kinetic : 2.133801 (0.034170)
potential : -4.308708 (0.034199)
energy : -2.174907 (0.000149)

kinetic : 2.134711 (0.034144)
potential : -4.309613 (0.034173)
energy : -2.174903 (0.000149)

kinetic : 2.134781 (0.034106)
potential : -4.309686 (0.034135)
energy : -2.174905 (0.000149)

kinetic : 2.133730 (0.034085)
potential : -4.308641 (0.034114)
energy : -2.174911 (0.000149)

kinetic : 2.132967 (0.034056)
potential : -4.307880 (0.034085)
energy : -2.174913 (0.000149)

kinetic : 2.133338 (0.034021)
potential : -4.308247 (0.034049)
energy : -2.174909 (0.000149)

kinetic : 2.134453 (0.034001)
potential : -4.309357 (0.034030)
energy : -2.174904 (0.000149)

kinetic : 2.134617 (0.033965)
potential : -4.309516 (0.033993)
energy : -2.174899 (0.000149)

kinetic : 2.134970 (0.033929)
potential : -4.309867 (0.033958)
energy : -2.174897 (0.000148)

kinetic : 2.136076 (0.033910)
potential : -4.310972 (0.033938)
energy : -2.174896 (0.000148)

kinetic : 2.136320 (0.033874)
potential : -4.311209 (0.033902)
energy : -2.174889 (0.000148)

kinetic : 2.135464 (0.033848)
potential : -4.310349 (0.033876)
energy : -2.174885 (0.000148)

kinetic : 2.135052 (0.033813)
potential : -4.309931 (0.033842)
energy : -2.174879 (0.000148)

kinetic : 2.134776 (0.033778)
potential : -4.309649 (0.033806)
energy : -2.174874 (0.000148)

kinetic : 2.133831 (0.033754)
potential : -4.308706 (0.033782)
energy : -2.174875 (0.000148)

kinetic : 2.133737 (0.033717)
potential : -4.308615 (0.033746)
energy : -2.174878 (0.000148)

kinetic : 2.133689 (0.033681)
potential : -4.308570 (0.033709)
energy : -2.174880 (0.000148)

kinetic : 2.133895 (0.033645)
potential : -4.308775 (0.033673)
energy : -2.174880 (0.000147)

kinetic : 2.134302 (0.033611)
potential : -4.309180 (0.033639)
energy : -2.174878 (0.000147)

kinetic : 2.134261 (0.033575)
potential : -4.309140 (0.033603)
energy : -2.174879 (0.000147)

kinetic : 2.134044 (0.033539)
potential : -4.308926 (0.033567)
energy : -2.174882 (0.000147)

kinetic : 2.133355 (0.033510)
potential : -4.308234 (0.033538)
energy : -2.174879 (0.000147)

kinetic : 2.132398 (0.033487)
potential : -4.307275 (0.033515)
energy : -2.174877 (0.000147)

kinetic : 2.131695 (0.033459)
potential : -4.306575 (0.033487)
energy : -2.174880 (0.000147)

kinetic : 2.133621 (0.033478)
potential : -4.308493 (0.033505)
energy : -2.174873 (0.000147)

kinetic : 2.133007 (0.033448)
potential : -4.307878 (0.033475)
energy : -2.174871 (0.000147)

kinetic : 2.133483 (0.033415)
potential : -4.308352 (0.033442)
energy : -2.174869 (0.000146)

kinetic : 2.132638 (0.033390)
potential : -4.307505 (0.033417)
energy : -2.174867 (0.000146)

kinetic : 2.132351 (0.033355)
potential : -4.307216 (0.033383)
energy : -2.174865 (0.000146)

kinetic : 2.131680 (0.033326)
potential : -4.306545 (0.033354)
energy : -2.174865 (0.000146)

kinetic : 2.131087 (0.033296)
potential : -4.305950 (0.033323)
energy : -2.174863 (0.000146)

kinetic : 2.131448 (0.033262)
potential : -4.306307 (0.033290)
energy : -2.174859 (0.000146)

kinetic : 2.131146 (0.033228)
potential : -4.306013 (0.033255)
energy : -2.174867 (0.000146)

kinetic : 2.131888 (0.033201)
potential : -4.306755 (0.033228)
energy : -2.174867 (0.000146)

kinetic : 2.130424 (0.033198)
potential : -4.305285 (0.033225)
energy : -2.174861 (0.000146)

kinetic : 2.129796 (0.033168)
potential : -4.304656 (0.033196)
energy : -2.174860 (0.000145)

kinetic : 2.129253 (0.033138)
potential : -4.304112 (0.033165)
energy : -2.174859 (0.000145)

kinetic : 2.132318 (0.033244)
potential : -4.307170 (0.033271)
energy : -2.174852 (0.000145)

kinetic : 2.131605 (0.033216)
potential : -4.306458 (0.033243)
energy : -2.174853 (0.000145)

kinetic : 2.131740 (0.033181)
potential : -4.306594 (0.033208)
energy : -2.174854 (0.000145)

kinetic : 2.131197 (0.033151)
potential : -4.306050 (0.033177)
energy : -2.174854 (0.000145)

kinetic : 2.131040 (0.033116)
potential : -4.305892 (0.033143)
energy : -2.174851 (0.000145)

kinetic : 2.130112 (0.033094)
potential : -4.304962 (0.033121)
energy : -2.174850 (0.000145)

kinetic : 2.130114 (0.033059)
potential : -4.304969 (0.033086)
energy : -2.174855 (0.000145)

kinetic : 2.130709 (0.033030)
potential : -4.305555 (0.033056)
energy : -2.174846 (0.000145)

kinetic : 2.129605 (0.033013)
potential : -4.304450 (0.033040)
energy : -2.174845 (0.000145)

kinetic : 2.129072 (0.032983)
potential : -4.303913 (0.033009)
energy : -2.174841 (0.000144)

kinetic : 2.128790 (0.032949)
potential : -4.303625 (0.032976)
energy : -2.174835 (0.000144)

kinetic : 2.129316 (0.032919)
potential : -4.304157 (0.032946)
energy : -2.174841 (0.000144)

kinetic : 2.128697 (0.032890)
potential : -4.303540 (0.032917)
energy : -2.174843 (0.000144)

kinetic : 2.128440 (0.032857)
potential : -4.303280 (0.032883)
energy : -2.174840 (0.000144)

kinetic : 2.127505 (0.032836)
potential : -4.302338 (0.032862)
energy : -2.174834 (0.000144)

kinetic : 2.127245 (0.032803)
potential : -4.302075 (0.032829)
energy : -2.174830 (0.000144)

kinetic : 2.126719 (0.032773)
potential : -4.301542 (0.032799)
energy : -2.174823 (0.000144)

kinetic : 2.126235 (0.032742)
potential : -4.301059 (0.032768)
energy : -2.174823 (0.000144)

kinetic : 2.125304 (0.032721)
potential : -4.300124 (0.032748)
energy : -2.174821 (0.000144)

kinetic : 2.126517 (0.032710)
potential : -4.301333 (0.032736)
energy : -2.174816 (0.000144)

kinetic : 2.125809 (0.032683)
potential : -4.300630 (0.032709)
energy : -2.174821 (0.000144)

kinetic : 2.124750 (0.032666)
potential : -4.299566 (0.032693)
energy : -2.174816 (0.000144)

kinetic : 2.125066 (0.032634)
potential : -4.299883 (0.032660)
energy : -2.174817 (0.000143)

kinetic : 2.124603 (0.032603)
potential : -4.299414 (0.032630)
energy : -2.174810 (0.000143)

kinetic : 2.124449 (0.032570)
potential : -4.299259 (0.032596)
energy : -2.174810 (0.000143)

kinetic : 2.123984 (0.032540)
potential : -4.298794 (0.032566)
energy : -2.174810 (0.000143)

kinetic : 2.123482 (0.032510)
potential : -4.298294 (0.032536)
energy : -2.174813 (0.000143)

kinetic : 2.122475 (0.032492)
potential : -4.297286 (0.032518)
energy : -2.174811 (0.000143)

kinetic : 2.121750 (0.032467)
potential : -4.296560 (0.032493)
energy : -2.174810 (0.000143)

kinetic : 2.120715 (0.032450)
potential : -4.295527 (0.032476)
energy : -2.174812 (0.000143)

kinetic : 2.121168 (0.032419)
potential : -4.295983 (0.032446)
energy : -2.174815 (0.000142)

kinetic : 2.121226 (0.032386)
potential : -4.296040 (0.032412)
energy : -2.174815 (0.000142)

kinetic : 2.121477 (0.032354)
potential : -4.296290 (0.032380)
energy : -2.174814 (0.000142)

kinetic : 2.120280 (0.032343)
potential : -4.295091 (0.032369)
energy : -2.174812 (0.000142)

kinetic : 2.121333 (0.032327)
potential : -4.296161 (0.032353)
energy : -2.174828 (0.000143)

kinetic : 2.121835 (0.032298)
potential : -4.296668 (0.032324)
energy : -2.174832 (0.000143)

kinetic : 2.122389 (0.032269)
potential : -4.297221 (0.032296)
energy : -2.174832 (0.000143)

kinetic : 2.121975 (0.032239)
potential : -4.296809 (0.032266)
energy : -2.174834 (0.000142)

kinetic : 2.122498 (0.032210)
potential : -4.297329 (0.032237)
energy : -2.174832 (0.000142)

kinetic : 2.121621 (0.032189)
potential : -4.296449 (0.032216)
energy : -2.174828 (0.000142)

kinetic : 2.121011 (0.032162)
potential : -4.295837 (0.032189)
energy : -2.174826 (0.000142)

kinetic : 2.121482 (0.032133)
potential : -4.296316 (0.032160)
energy : -2.174834 (0.000142)

kinetic : 2.120550 (0.032114)
potential : -4.295386 (0.032141)
energy : -2.174836 (0.000142)

kinetic : 2.121568 (0.032097)
potential : -4.296402 (0.032124)
energy : -2.174834 (0.000142)

kinetic : 2.120709 (0.032076)
potential : -4.295540 (0.032103)
energy : -2.174831 (0.000142)

kinetic : 2.120855 (0.032044)
potential : -4.295686 (0.032071)
energy : -2.174831 (0.000142)

kinetic : 2.120224 (0.032018)
potential : -4.295055 (0.032044)
energy : -2.174831 (0.000142)

kinetic : 2.120829 (0.031991)
potential : -4.295656 (0.032018)
energy : -2.174827 (0.000141)

kinetic : 2.120611 (0.031960)
potential : -4.295435 (0.031986)
energy : -2.174825 (0.000141)

kinetic : 2.120177 (0.031930)
potential : -4.295003 (0.031957)
energy : -2.174826 (0.000141)

kinetic : 2.119967 (0.031899)
potential : -4.294794 (0.031925)
energy : -2.174827 (0.000141)

kinetic : 2.120973 (0.031883)
potential : -4.295805 (0.031909)
energy : -2.174832 (0.000141)

kinetic : 2.120973 (0.031850)
potential : -4.295805 (0.031877)
energy : -2.174832 (0.000141)

kinetic : 2.121460 (0.031822)
potential : -4.296297 (0.031849)
energy : -2.174838 (0.000141)

kinetic : 2.121779 (0.031792)
potential : -4.296607 (0.031818)
energy : -2.174828 (0.000141)

kinetic : 2.122118 (0.031762)
potential : -4.296943 (0.031788)
energy : -2.174825 (0.000141)

kinetic : 2.121961 (0.031730)
potential : -4.296785 (0.031757)
energy : -2.174825 (0.000141)

kinetic : 2.124112 (0.031771)
potential : -4.298933 (0.031797)
energy : -2.174821 (0.000141)

kinetic : 2.123608 (0.031744)
potential : -4.298429 (0.031769)
energy : -2.174821 (0.000141)
         kinetic: 2.124(32), Sigma: 3.494, T_corr: 8.3
       potential: -4.298(32), Sigma: 3.497, T_corr: 8.3
          energy: -2.17482(14), Sigma: 0.022, T_corr: 4.2

For tau = 3.00e-01, acceptance ratio = 0.66
Time: 49.92s
