
kinetic : 1.985052 (inf)
potential : -4.161368 (inf)
energy : -2.176317 (inf)

kinetic : 2.086367 (inf)
potential : -4.260038 (inf)
energy : -2.173671 (inf)

kinetic : 2.121325 (0.034957)
potential : -4.296281 (0.036243)
energy : -2.174956 (0.001286)

kinetic : 2.095690 (0.032627)
potential : -4.271134 (0.032714)
energy : -2.175444 (0.000888)

kinetic : 2.221861 (0.128263)
potential : -4.396961 (0.127936)
energy : -2.175100 (0.000716)

kinetic : 2.189216 (0.104578)
potential : -4.364190 (0.104377)
energy : -2.174974 (0.000569)

kinetic : 2.178569 (0.086049)
potential : -4.353886 (0.085844)
energy : -2.175317 (0.000578)

kinetic : 2.282799 (0.127094)
potential : -4.458352 (0.127188)
energy : -2.175552 (0.000542)

kinetic : 2.327447 (0.118777)
potential : -4.502699 (0.118740)
energy : -2.175252 (0.000557)

kinetic : 2.321987 (0.104894)
potential : -4.497518 (0.104847)
energy : -2.175531 (0.000565)

kinetic : 2.346628 (0.097002)
potential : -4.522232 (0.096980)
energy : -2.175605 (0.000511)

kinetic : 2.333392 (0.088734)
potential : -4.509096 (0.088700)
energy : -2.175704 (0.000473)

kinetic : 2.331878 (0.081017)
potential : -4.507381 (0.080990)
energy : -2.175503 (0.000476)

kinetic : 2.440374 (0.131626)
potential : -4.615874 (0.131609)
energy : -2.175500 (0.000438)

kinetic : 2.421250 (0.123353)
potential : -4.596534 (0.123372)
energy : -2.175284 (0.000459)

kinetic : 2.402267 (0.116394)
potential : -4.577441 (0.116429)
energy : -2.175174 (0.000442)

kinetic : 2.404829 (0.108907)
potential : -4.580067 (0.108941)
energy : -2.175239 (0.000418)

kinetic : 2.361480 (0.111106)
potential : -4.536618 (0.111174)
energy : -2.175139 (0.000406)

kinetic : 2.349778 (0.105403)
potential : -4.524880 (0.105471)
energy : -2.175102 (0.000384)

kinetic : 2.342327 (0.099979)
potential : -4.517449 (0.100042)
energy : -2.175122 (0.000364)

kinetic : 2.346735 (0.094951)
potential : -4.521786 (0.095008)
energy : -2.175051 (0.000352)

kinetic : 2.317496 (0.094931)
potential : -4.492535 (0.094986)
energy : -2.175039 (0.000335)

kinetic : 2.302439 (0.091757)
potential : -4.477494 (0.091806)
energy : -2.175055 (0.000320)

kinetic : 2.298146 (0.087782)
potential : -4.473148 (0.087832)
energy : -2.175003 (0.000310)

kinetic : 2.287135 (0.084763)
potential : -4.462148 (0.084809)
energy : -2.175013 (0.000297)

kinetic : 2.284610 (0.081341)
potential : -4.459619 (0.081385)
energy : -2.175009 (0.000285)

kinetic : 2.290839 (0.078398)
potential : -4.465913 (0.078445)
energy : -2.175074 (0.000282)

kinetic : 2.294130 (0.075510)
potential : -4.469209 (0.075556)
energy : -2.175078 (0.000271)

kinetic : 2.293436 (0.072767)
potential : -4.468570 (0.072810)
energy : -2.175134 (0.000267)

kinetic : 2.292315 (0.070222)
potential : -4.467496 (0.070263)
energy : -2.175181 (0.000262)

kinetic : 2.295723 (0.067926)
potential : -4.470932 (0.067967)
energy : -2.175209 (0.000255)

kinetic : 2.280072 (0.067537)
potential : -4.455243 (0.067584)
energy : -2.175171 (0.000249)

kinetic : 2.283833 (0.065501)
potential : -4.459000 (0.065546)
energy : -2.175167 (0.000241)

kinetic : 2.276875 (0.063865)
potential : -4.452026 (0.063910)
energy : -2.175151 (0.000234)

kinetic : 2.261518 (0.063833)
potential : -4.436679 (0.063873)
energy : -2.175161 (0.000228)

kinetic : 2.250690 (0.062921)
potential : -4.425786 (0.062971)
energy : -2.175096 (0.000230)

kinetic : 2.259927 (0.061842)
potential : -4.434961 (0.061881)
energy : -2.175034 (0.000232)

kinetic : 2.262051 (0.060185)
potential : -4.437124 (0.060224)
energy : -2.175073 (0.000229)

kinetic : 2.258675 (0.058677)
potential : -4.433747 (0.058715)
energy : -2.175072 (0.000223)

kinetic : 2.256123 (0.057209)
potential : -4.431169 (0.057248)
energy : -2.175046 (0.000219)

kinetic : 2.254344 (0.055789)
potential : -4.429366 (0.055827)
energy : -2.175022 (0.000215)

kinetic : 2.258495 (0.054570)
potential : -4.433548 (0.054609)
energy : -2.175053 (0.000212)

kinetic : 2.249599 (0.053992)
potential : -4.424647 (0.054031)
energy : -2.175048 (0.000207)

kinetic : 2.250442 (0.052728)
potential : -4.425505 (0.052766)
energy : -2.175062 (0.000202)

kinetic : 2.252494 (0.051557)
potential : -4.427525 (0.051593)
energy : -2.175031 (0.000200)

kinetic : 2.254500 (0.050438)
potential : -4.429556 (0.050474)
energy : -2.175056 (0.000197)

kinetic : 2.256768 (0.049382)
potential : -4.431845 (0.049418)
energy : -2.175077 (0.000194)

kinetic : 2.250412 (0.048736)
potential : -4.425485 (0.048771)
energy : -2.175073 (0.000190)

kinetic : 2.244155 (0.048118)
potential : -4.419221 (0.048154)
energy : -2.175066 (0.000186)

kinetic : 2.243324 (0.047133)
potential : -4.418379 (0.047168)
energy : -2.175055 (0.000182)

kinetic : 2.242751 (0.046185)
potential : -4.417898 (0.046218)
energy : -2.175147 (0.000201)

kinetic : 2.256103 (0.047198)
potential : -4.431213 (0.047219)
energy : -2.175110 (0.000201)

kinetic : 2.247272 (0.047116)
potential : -4.422392 (0.047135)
energy : -2.175121 (0.000197)

kinetic : 2.243073 (0.046409)
potential : -4.418170 (0.046429)
energy : -2.175096 (0.000195)

kinetic : 2.254183 (0.046877)
potential : -4.429272 (0.046894)
energy : -2.175089 (0.000191)

kinetic : 2.248691 (0.046344)
potential : -4.423748 (0.046364)
energy : -2.175058 (0.000190)

kinetic : 2.240810 (0.046186)
potential : -4.415882 (0.046203)
energy : -2.175071 (0.000187)

kinetic : 2.243210 (0.045432)
potential : -4.418288 (0.045449)
energy : -2.175078 (0.000184)

kinetic : 2.241352 (0.044680)
potential : -4.416431 (0.044697)
energy : -2.175079 (0.000181)

kinetic : 2.243760 (0.043982)
potential : -4.418832 (0.043999)
energy : -2.175071 (0.000178)

kinetic : 2.234906 (0.044140)
potential : -4.409984 (0.044155)
energy : -2.175078 (0.000175)

kinetic : 2.235483 (0.043414)
potential : -4.410560 (0.043429)
energy : -2.175077 (0.000172)

kinetic : 2.237193 (0.042743)
potential : -4.412252 (0.042756)
energy : -2.175059 (0.000170)

kinetic : 2.233432 (0.042227)
potential : -4.408478 (0.042241)
energy : -2.175046 (0.000168)

kinetic : 2.234865 (0.041586)
potential : -4.409962 (0.041602)
energy : -2.175097 (0.000173)

kinetic : 2.232724 (0.040997)
potential : -4.407785 (0.041015)
energy : -2.175061 (0.000174)

kinetic : 2.230878 (0.040414)
potential : -4.405946 (0.040430)
energy : -2.175068 (0.000172)

kinetic : 2.238327 (0.040497)
potential : -4.413422 (0.040518)
energy : -2.175095 (0.000171)

kinetic : 2.245348 (0.040510)
potential : -4.420412 (0.040525)
energy : -2.175064 (0.000172)

kinetic : 2.242633 (0.040011)
potential : -4.417736 (0.040023)
energy : -2.175103 (0.000173)

kinetic : 2.236809 (0.039863)
potential : -4.411874 (0.039880)
energy : -2.175065 (0.000175)

kinetic : 2.236481 (0.039299)
potential : -4.411519 (0.039316)
energy : -2.175038 (0.000175)

kinetic : 2.240299 (0.038937)
potential : -4.415318 (0.038952)
energy : -2.175019 (0.000173)

kinetic : 2.244188 (0.038596)
potential : -4.419220 (0.038612)
energy : -2.175031 (0.000171)

kinetic : 2.254010 (0.039317)
potential : -4.429014 (0.039326)
energy : -2.175004 (0.000171)

kinetic : 2.248285 (0.039210)
potential : -4.423284 (0.039219)
energy : -2.174998 (0.000169)

kinetic : 2.246646 (0.038725)
potential : -4.421643 (0.038734)
energy : -2.174997 (0.000167)

kinetic : 2.243926 (0.038316)
potential : -4.418926 (0.038324)
energy : -2.175000 (0.000165)

kinetic : 2.238739 (0.038175)
potential : -4.413717 (0.038187)
energy : -2.174978 (0.000164)

kinetic : 2.235147 (0.037860)
potential : -4.410153 (0.037868)
energy : -2.175006 (0.000164)

kinetic : 2.232721 (0.037462)
potential : -4.407707 (0.037472)
energy : -2.174986 (0.000163)

kinetic : 2.227806 (0.037322)
potential : -4.402775 (0.037334)
energy : -2.174969 (0.000162)

kinetic : 2.221795 (0.037351)
potential : -4.396801 (0.037356)
energy : -2.175006 (0.000165)

kinetic : 2.220657 (0.036915)
potential : -4.395653 (0.036921)
energy : -2.174996 (0.000163)

kinetic : 2.214082 (0.037061)
potential : -4.389093 (0.037064)
energy : -2.175011 (0.000162)

kinetic : 2.218708 (0.036914)
potential : -4.393745 (0.036920)
energy : -2.175037 (0.000162)

kinetic : 2.220127 (0.036509)
potential : -4.395172 (0.036516)
energy : -2.175046 (0.000160)

kinetic : 2.215257 (0.036414)
potential : -4.390301 (0.036421)
energy : -2.175045 (0.000158)

kinetic : 2.209708 (0.036423)
potential : -4.384757 (0.036429)
energy : -2.175049 (0.000157)

kinetic : 2.208980 (0.036019)
potential : -4.384024 (0.036025)
energy : -2.175044 (0.000155)

kinetic : 2.203693 (0.036007)
potential : -4.378729 (0.036014)
energy : -2.175036 (0.000153)

kinetic : 2.201405 (0.035683)
potential : -4.376465 (0.035688)
energy : -2.175060 (0.000153)

kinetic : 2.199142 (0.035365)
potential : -4.374202 (0.035370)
energy : -2.175060 (0.000152)

kinetic : 2.203030 (0.035198)
potential : -4.378077 (0.035202)
energy : -2.175047 (0.000151)

kinetic : 2.196781 (0.035378)
potential : -4.371800 (0.035386)
energy : -2.175018 (0.000152)

kinetic : 2.192674 (0.035244)
potential : -4.367695 (0.035252)
energy : -2.175021 (0.000150)

kinetic : 2.187492 (0.035257)
potential : -4.362488 (0.035269)
energy : -2.174996 (0.000151)

kinetic : 2.182869 (0.035197)
potential : -4.357869 (0.035208)
energy : -2.175000 (0.000149)

kinetic : 2.183122 (0.034837)
potential : -4.358125 (0.034848)
energy : -2.175003 (0.000148)

kinetic : 2.181361 (0.034528)
potential : -4.356370 (0.034538)
energy : -2.175009 (0.000146)

kinetic : 2.182124 (0.034190)
potential : -4.357121 (0.034200)
energy : -2.174997 (0.000145)

kinetic : 2.183405 (0.033874)
potential : -4.358399 (0.033883)
energy : -2.174994 (0.000144)

kinetic : 2.179168 (0.033806)
potential : -4.354145 (0.033818)
energy : -2.174977 (0.000144)

kinetic : 2.185129 (0.034003)
potential : -4.360087 (0.034011)
energy : -2.174958 (0.000143)

kinetic : 2.179415 (0.034156)
potential : -4.354365 (0.034165)
energy : -2.174950 (0.000142)

kinetic : 2.179688 (0.033830)
potential : -4.354641 (0.033839)
energy : -2.174953 (0.000141)

kinetic : 2.175826 (0.033731)
potential : -4.350772 (0.033741)
energy : -2.174947 (0.000140)

kinetic : 2.175819 (0.033414)
potential : -4.350775 (0.033424)
energy : -2.174956 (0.000139)

kinetic : 2.172795 (0.033241)
potential : -4.347760 (0.033250)
energy : -2.174965 (0.000138)

kinetic : 2.172883 (0.032935)
potential : -4.347859 (0.032944)
energy : -2.174975 (0.000137)

kinetic : 2.170146 (0.032749)
potential : -4.345117 (0.032758)
energy : -2.174971 (0.000136)

kinetic : 2.167136 (0.032592)
potential : -4.342123 (0.032599)
energy : -2.174987 (0.000135)

kinetic : 2.165504 (0.032341)
potential : -4.340478 (0.032349)
energy : -2.174974 (0.000135)

kinetic : 2.169433 (0.032293)
potential : -4.344394 (0.032299)
energy : -2.174961 (0.000134)

kinetic : 2.167384 (0.032074)
potential : -4.342353 (0.032080)
energy : -2.174969 (0.000133)

kinetic : 2.164691 (0.031908)
potential : -4.339669 (0.031913)
energy : -2.174978 (0.000132)

kinetic : 2.163306 (0.031662)
potential : -4.338279 (0.031667)
energy : -2.174973 (0.000131)

kinetic : 2.166378 (0.031540)
potential : -4.341365 (0.031546)
energy : -2.174987 (0.000131)

kinetic : 2.159830 (0.031950)
potential : -4.334802 (0.031959)
energy : -2.174971 (0.000131)

kinetic : 2.157147 (0.031794)
potential : -4.332114 (0.031803)
energy : -2.174967 (0.000130)

kinetic : 2.153186 (0.031775)
potential : -4.328174 (0.031782)
energy : -2.174988 (0.000130)

kinetic : 2.153262 (0.031512)
potential : -4.328246 (0.031518)
energy : -2.174984 (0.000129)

kinetic : 2.154164 (0.031265)
potential : -4.329147 (0.031272)
energy : -2.174983 (0.000128)

kinetic : 2.152307 (0.031066)
potential : -4.327295 (0.031072)
energy : -2.174988 (0.000127)

kinetic : 2.149146 (0.030976)
potential : -4.324146 (0.030981)
energy : -2.175000 (0.000127)

kinetic : 2.152322 (0.030891)
potential : -4.327342 (0.030898)
energy : -2.175020 (0.000127)

kinetic : 2.151635 (0.030652)
potential : -4.326660 (0.030659)
energy : -2.175026 (0.000126)

kinetic : 2.150460 (0.030433)
potential : -4.325475 (0.030440)
energy : -2.175015 (0.000126)

kinetic : 2.154309 (0.030438)
potential : -4.329333 (0.030446)
energy : -2.175024 (0.000125)

kinetic : 2.158706 (0.030520)
potential : -4.333724 (0.030527)
energy : -2.175018 (0.000124)

kinetic : 2.157272 (0.030318)
potential : -4.332293 (0.030325)
energy : -2.175021 (0.000124)

kinetic : 2.159939 (0.030204)
potential : -4.334981 (0.030212)
energy : -2.175042 (0.000124)

kinetic : 2.156713 (0.030147)
potential : -4.331750 (0.030156)
energy : -2.175038 (0.000124)

kinetic : 2.156034 (0.029927)
potential : -4.331073 (0.029936)
energy : -2.175039 (0.000123)

kinetic : 2.156642 (0.029709)
potential : -4.331682 (0.029718)
energy : -2.175040 (0.000122)

kinetic : 2.158124 (0.029526)
potential : -4.333186 (0.029536)
energy : -2.175062 (0.000123)

kinetic : 2.158649 (0.029312)
potential : -4.333716 (0.029322)
energy : -2.175067 (0.000122)

kinetic : 2.157900 (0.029107)
potential : -4.332969 (0.029117)
energy : -2.175069 (0.000121)

kinetic : 2.156918 (0.028912)
potential : -4.331996 (0.028922)
energy : -2.175078 (0.000121)

kinetic : 2.160168 (0.028887)
potential : -4.335244 (0.028896)
energy : -2.175076 (0.000120)

kinetic : 2.159897 (0.028681)
potential : -4.334963 (0.028690)
energy : -2.175065 (0.000119)

kinetic : 2.161504 (0.028522)
potential : -4.336579 (0.028532)
energy : -2.175075 (0.000119)

kinetic : 2.159827 (0.028370)
potential : -4.334912 (0.028379)
energy : -2.175085 (0.000119)

kinetic : 2.159898 (0.028171)
potential : -4.334979 (0.028180)
energy : -2.175081 (0.000118)

kinetic : 2.169801 (0.029676)
potential : -4.344889 (0.029687)
energy : -2.175088 (0.000117)

kinetic : 2.170489 (0.029479)
potential : -4.345581 (0.029489)
energy : -2.175092 (0.000116)

kinetic : 2.169334 (0.029299)
potential : -4.344434 (0.029309)
energy : -2.175100 (0.000116)

kinetic : 2.165904 (0.029300)
potential : -4.341009 (0.029310)
energy : -2.175105 (0.000115)

kinetic : 2.165998 (0.029102)
potential : -4.341094 (0.029111)
energy : -2.175096 (0.000115)

kinetic : 2.168468 (0.029011)
potential : -4.343562 (0.029020)
energy : -2.175094 (0.000114)

kinetic : 2.167370 (0.028838)
potential : -4.342453 (0.028848)
energy : -2.175083 (0.000114)

kinetic : 2.165580 (0.028702)
potential : -4.340663 (0.028712)
energy : -2.175083 (0.000113)

kinetic : 2.163218 (0.028611)
potential : -4.338290 (0.028621)
energy : -2.175073 (0.000113)

kinetic : 2.162549 (0.028431)
potential : -4.337609 (0.028441)
energy : -2.175060 (0.000113)

kinetic : 2.159199 (0.028444)
potential : -4.334253 (0.028455)
energy : -2.175054 (0.000112)

kinetic : 2.159549 (0.028262)
potential : -4.334611 (0.028273)
energy : -2.175062 (0.000112)

kinetic : 2.159482 (0.028080)
potential : -4.334538 (0.028091)
energy : -2.175056 (0.000111)

kinetic : 2.161615 (0.027982)
potential : -4.336674 (0.027993)
energy : -2.175059 (0.000111)

kinetic : 2.162984 (0.027838)
potential : -4.338043 (0.027849)
energy : -2.175059 (0.000110)

kinetic : 2.163966 (0.027680)
potential : -4.339025 (0.027691)
energy : -2.175059 (0.000109)

kinetic : 2.164472 (0.027511)
potential : -4.339540 (0.027522)
energy : -2.175068 (0.000109)

kinetic : 2.168683 (0.027662)
potential : -4.343744 (0.027672)
energy : -2.175062 (0.000108)

kinetic : 2.168125 (0.027496)
potential : -4.343183 (0.027506)
energy : -2.175058 (0.000108)

kinetic : 2.167379 (0.027337)
potential : -4.342441 (0.027347)
energy : -2.175063 (0.000107)

kinetic : 2.168099 (0.027180)
potential : -4.343169 (0.027189)
energy : -2.175071 (0.000107)

kinetic : 2.168222 (0.027015)
potential : -4.343300 (0.027024)
energy : -2.175078 (0.000106)

kinetic : 2.169477 (0.026881)
potential : -4.344545 (0.026890)
energy : -2.175067 (0.000106)

kinetic : 2.167614 (0.026784)
potential : -4.342680 (0.026793)
energy : -2.175066 (0.000106)

kinetic : 2.164542 (0.026801)
potential : -4.339597 (0.026811)
energy : -2.175055 (0.000106)

kinetic : 2.162234 (0.026742)
potential : -4.337283 (0.026752)
energy : -2.175049 (0.000105)

kinetic : 2.164189 (0.026656)
potential : -4.339265 (0.026668)
energy : -2.175077 (0.000108)

kinetic : 2.162080 (0.026583)
potential : -4.337155 (0.026596)
energy : -2.175075 (0.000107)

kinetic : 2.164999 (0.026589)
potential : -4.340081 (0.026602)
energy : -2.175082 (0.000107)

kinetic : 2.166265 (0.026465)
potential : -4.341340 (0.026478)
energy : -2.175076 (0.000107)

kinetic : 2.167582 (0.026345)
potential : -4.342665 (0.026359)
energy : -2.175083 (0.000106)

kinetic : 2.167488 (0.026195)
potential : -4.342577 (0.026208)
energy : -2.175089 (0.000106)

kinetic : 2.169627 (0.026133)
potential : -4.344724 (0.026147)
energy : -2.175097 (0.000106)

kinetic : 2.167449 (0.026076)
potential : -4.342555 (0.026089)
energy : -2.175106 (0.000105)

kinetic : 2.168404 (0.025947)
potential : -4.343498 (0.025959)
energy : -2.175094 (0.000105)

kinetic : 2.168547 (0.025802)
potential : -4.343644 (0.025814)
energy : -2.175097 (0.000105)

kinetic : 2.174505 (0.026340)
potential : -4.349603 (0.026353)
energy : -2.175098 (0.000104)

kinetic : 2.173924 (0.026201)
potential : -4.349024 (0.026213)
energy : -2.175100 (0.000104)

kinetic : 2.175160 (0.026086)
potential : -4.350268 (0.026098)
energy : -2.175108 (0.000103)

kinetic : 2.176001 (0.025957)
potential : -4.351101 (0.025969)
energy : -2.175100 (0.000103)

kinetic : 2.176292 (0.025817)
potential : -4.351390 (0.025829)
energy : -2.175097 (0.000103)

kinetic : 2.177589 (0.025710)
potential : -4.352690 (0.025722)
energy : -2.175101 (0.000102)

kinetic : 2.175713 (0.025640)
potential : -4.350812 (0.025652)
energy : -2.175100 (0.000102)

kinetic : 2.178359 (0.025639)
potential : -4.353453 (0.025650)
energy : -2.175094 (0.000101)

kinetic : 2.179783 (0.025542)
potential : -4.354907 (0.025555)
energy : -2.175124 (0.000105)

kinetic : 2.179864 (0.025407)
potential : -4.354979 (0.025419)
energy : -2.175115 (0.000105)

kinetic : 2.180699 (0.025286)
potential : -4.355824 (0.025299)
energy : -2.175125 (0.000105)

kinetic : 2.179589 (0.025178)
potential : -4.354723 (0.025191)
energy : -2.175133 (0.000104)

kinetic : 2.178417 (0.025074)
potential : -4.353556 (0.025086)
energy : -2.175139 (0.000104)

kinetic : 2.175657 (0.025096)
potential : -4.350796 (0.025108)
energy : -2.175139 (0.000104)

kinetic : 2.174886 (0.024978)
potential : -4.350041 (0.024990)
energy : -2.175154 (0.000104)

kinetic : 2.172815 (0.024936)
potential : -4.347961 (0.024948)
energy : -2.175146 (0.000104)

kinetic : 2.172623 (0.024809)
potential : -4.347764 (0.024821)
energy : -2.175142 (0.000104)

kinetic : 2.172601 (0.024683)
potential : -4.347741 (0.024695)
energy : -2.175140 (0.000103)

kinetic : 2.171639 (0.024577)
potential : -4.346764 (0.024589)
energy : -2.175125 (0.000104)

kinetic : 2.172917 (0.024486)
potential : -4.348051 (0.024499)
energy : -2.175134 (0.000104)

kinetic : 2.172355 (0.024370)
potential : -4.347486 (0.024383)
energy : -2.175132 (0.000103)

kinetic : 2.173386 (0.024271)
potential : -4.348515 (0.024283)
energy : -2.175129 (0.000103)

kinetic : 2.171062 (0.024262)
potential : -4.346197 (0.024274)
energy : -2.175135 (0.000102)

kinetic : 2.170969 (0.024142)
potential : -4.346098 (0.024154)
energy : -2.175129 (0.000102)

kinetic : 2.170677 (0.024025)
potential : -4.345800 (0.024037)
energy : -2.175123 (0.000102)

kinetic : 2.171064 (0.023911)
potential : -4.346182 (0.023923)
energy : -2.175118 (0.000101)

kinetic : 2.170784 (0.023796)
potential : -4.345907 (0.023808)
energy : -2.175124 (0.000101)

kinetic : 2.172129 (0.023719)
potential : -4.347254 (0.023731)
energy : -2.175125 (0.000100)

kinetic : 2.176524 (0.024010)
potential : -4.351648 (0.024022)
energy : -2.175124 (0.000100)

kinetic : 2.178317 (0.023962)
potential : -4.353435 (0.023973)
energy : -2.175118 (0.000100)

kinetic : 2.177909 (0.023851)
potential : -4.353016 (0.023862)
energy : -2.175106 (0.000100)

kinetic : 2.176357 (0.023789)
potential : -4.351458 (0.023800)
energy : -2.175101 (0.000100)

kinetic : 2.175923 (0.023680)
potential : -4.351028 (0.023691)
energy : -2.175104 (0.000099)

kinetic : 2.177943 (0.023655)
potential : -4.353042 (0.023666)
energy : -2.175099 (0.000099)

kinetic : 2.179366 (0.023587)
potential : -4.354476 (0.023599)
energy : -2.175110 (0.000099)

kinetic : 2.179318 (0.023477)
potential : -4.354422 (0.023489)
energy : -2.175104 (0.000099)

kinetic : 2.178423 (0.023386)
potential : -4.353523 (0.023397)
energy : -2.175100 (0.000098)

kinetic : 2.178269 (0.023278)
potential : -4.353367 (0.023289)
energy : -2.175098 (0.000098)

kinetic : 2.179316 (0.023195)
potential : -4.354421 (0.023206)
energy : -2.175105 (0.000098)

kinetic : 2.180197 (0.023105)
potential : -4.355301 (0.023117)
energy : -2.175103 (0.000097)

kinetic : 2.178937 (0.023035)
potential : -4.354036 (0.023046)
energy : -2.175100 (0.000097)

kinetic : 2.178258 (0.022940)
potential : -4.353365 (0.022951)
energy : -2.175106 (0.000097)

kinetic : 2.188157 (0.024890)
potential : -4.363284 (0.024908)
energy : -2.175127 (0.000098)

kinetic : 2.188117 (0.024778)
potential : -4.363242 (0.024796)
energy : -2.175125 (0.000098)

kinetic : 2.186255 (0.024737)
potential : -4.361382 (0.024756)
energy : -2.175126 (0.000098)

kinetic : 2.185173 (0.024651)
potential : -4.360301 (0.024669)
energy : -2.175128 (0.000097)

kinetic : 2.184073 (0.024566)
potential : -4.359209 (0.024584)
energy : -2.175136 (0.000097)

kinetic : 2.184563 (0.024463)
potential : -4.359705 (0.024480)
energy : -2.175142 (0.000097)

kinetic : 2.184139 (0.024359)
potential : -4.359286 (0.024376)
energy : -2.175147 (0.000097)

kinetic : 2.185106 (0.024271)
potential : -4.360250 (0.024289)
energy : -2.175144 (0.000096)

kinetic : 2.185017 (0.024166)
potential : -4.360166 (0.024183)
energy : -2.175149 (0.000096)

kinetic : 2.187859 (0.024228)
potential : -4.362998 (0.024244)
energy : -2.175138 (0.000096)

kinetic : 2.197183 (0.025863)
potential : -4.372322 (0.025878)
energy : -2.175138 (0.000096)

kinetic : 2.196187 (0.025771)
potential : -4.371337 (0.025785)
energy : -2.175151 (0.000096)

kinetic : 2.194417 (0.025722)
potential : -4.369565 (0.025736)
energy : -2.175148 (0.000096)

kinetic : 2.192931 (0.025655)
potential : -4.368080 (0.025669)
energy : -2.175149 (0.000095)

kinetic : 2.191864 (0.025568)
potential : -4.367003 (0.025583)
energy : -2.175139 (0.000095)

kinetic : 2.193695 (0.025526)
potential : -4.368837 (0.025540)
energy : -2.175142 (0.000095)

kinetic : 2.191752 (0.025493)
potential : -4.366895 (0.025507)
energy : -2.175143 (0.000095)

kinetic : 2.193339 (0.025435)
potential : -4.368482 (0.025449)
energy : -2.175142 (0.000094)

kinetic : 2.195411 (0.025414)
potential : -4.370564 (0.025429)
energy : -2.175153 (0.000094)

kinetic : 2.194705 (0.025318)
potential : -4.369864 (0.025332)
energy : -2.175159 (0.000094)

kinetic : 2.192852 (0.025281)
potential : -4.368003 (0.025296)
energy : -2.175151 (0.000094)

kinetic : 2.191030 (0.025243)
potential : -4.366183 (0.025257)
energy : -2.175153 (0.000094)

kinetic : 2.191333 (0.025141)
potential : -4.366475 (0.025155)
energy : -2.175143 (0.000094)

kinetic : 2.192655 (0.025073)
potential : -4.367801 (0.025088)
energy : -2.175146 (0.000094)

kinetic : 2.190986 (0.025026)
potential : -4.366129 (0.025041)
energy : -2.175143 (0.000093)

kinetic : 2.191529 (0.024931)
potential : -4.366673 (0.024946)
energy : -2.175144 (0.000093)

kinetic : 2.191688 (0.024831)
potential : -4.366827 (0.024845)
energy : -2.175139 (0.000093)

kinetic : 2.192677 (0.024750)
potential : -4.367813 (0.024765)
energy : -2.175135 (0.000092)

kinetic : 2.191037 (0.024706)
potential : -4.366172 (0.024720)
energy : -2.175135 (0.000092)

kinetic : 2.189967 (0.024630)
potential : -4.365105 (0.024645)
energy : -2.175138 (0.000092)

kinetic : 2.189526 (0.024536)
potential : -4.364667 (0.024550)
energy : -2.175141 (0.000091)

kinetic : 2.187878 (0.024495)
potential : -4.363021 (0.024509)
energy : -2.175143 (0.000091)

kinetic : 2.187036 (0.024413)
potential : -4.362175 (0.024427)
energy : -2.175140 (0.000091)

kinetic : 2.187711 (0.024326)
potential : -4.362848 (0.024340)
energy : -2.175137 (0.000091)

kinetic : 2.187882 (0.024231)
potential : -4.363022 (0.024245)
energy : -2.175139 (0.000090)

kinetic : 2.187535 (0.024140)
potential : -4.362679 (0.024153)
energy : -2.175144 (0.000090)

kinetic : 2.187374 (0.024046)
potential : -4.362510 (0.024060)
energy : -2.175137 (0.000090)

kinetic : 2.185917 (0.023998)
potential : -4.361046 (0.024012)
energy : -2.175129 (0.000090)

kinetic : 2.185794 (0.023905)
potential : -4.360918 (0.023919)
energy : -2.175123 (0.000090)

kinetic : 2.185699 (0.023814)
potential : -4.360824 (0.023828)
energy : -2.175125 (0.000089)

kinetic : 2.187973 (0.023831)
potential : -4.363100 (0.023845)
energy : -2.175127 (0.000089)

kinetic : 2.187801 (0.023741)
potential : -4.362924 (0.023755)
energy : -2.175124 (0.000089)

kinetic : 2.188696 (0.023668)
potential : -4.363819 (0.023682)
energy : -2.175124 (0.000088)

kinetic : 2.189579 (0.023595)
potential : -4.364694 (0.023609)
energy : -2.175115 (0.000089)

kinetic : 2.188090 (0.023553)
potential : -4.363206 (0.023567)
energy : -2.175116 (0.000088)

kinetic : 2.189741 (0.023523)
potential : -4.364868 (0.023537)
energy : -2.175127 (0.000089)

kinetic : 2.190129 (0.023438)
potential : -4.365258 (0.023452)
energy : -2.175129 (0.000088)

kinetic : 2.190090 (0.023351)
potential : -4.365214 (0.023365)
energy : -2.175124 (0.000088)

kinetic : 2.189228 (0.023280)
potential : -4.364354 (0.023294)
energy : -2.175126 (0.000088)

kinetic : 2.188613 (0.023202)
potential : -4.363735 (0.023216)
energy : -2.175122 (0.000087)

kinetic : 2.189884 (0.023152)
potential : -4.365008 (0.023166)
energy : -2.175124 (0.000087)

kinetic : 2.189661 (0.023068)
potential : -4.364782 (0.023082)
energy : -2.175120 (0.000087)

kinetic : 2.189667 (0.022984)
potential : -4.364780 (0.022998)
energy : -2.175112 (0.000087)

kinetic : 2.192241 (0.023044)
potential : -4.367353 (0.023058)
energy : -2.175113 (0.000087)

kinetic : 2.189863 (0.023083)
potential : -4.364979 (0.023097)
energy : -2.175116 (0.000086)

kinetic : 2.189527 (0.023002)
potential : -4.364648 (0.023015)
energy : -2.175121 (0.000086)

kinetic : 2.189993 (0.022924)
potential : -4.365116 (0.022937)
energy : -2.175123 (0.000086)

kinetic : 2.189769 (0.022843)
potential : -4.364897 (0.022856)
energy : -2.175128 (0.000086)

kinetic : 2.190197 (0.022765)
potential : -4.365320 (0.022778)
energy : -2.175123 (0.000086)

kinetic : 2.189086 (0.022711)
potential : -4.364205 (0.022724)
energy : -2.175118 (0.000085)

kinetic : 2.191479 (0.022757)
potential : -4.366607 (0.022771)
energy : -2.175128 (0.000086)

kinetic : 2.190834 (0.022685)
potential : -4.365971 (0.022699)
energy : -2.175137 (0.000086)

kinetic : 2.190831 (0.022605)
potential : -4.365974 (0.022619)
energy : -2.175143 (0.000086)

kinetic : 2.191230 (0.022529)
potential : -4.366368 (0.022543)
energy : -2.175138 (0.000086)

kinetic : 2.191528 (0.022452)
potential : -4.366673 (0.022466)
energy : -2.175145 (0.000086)

kinetic : 2.191502 (0.022374)
potential : -4.366657 (0.022388)
energy : -2.175155 (0.000086)

kinetic : 2.191565 (0.022296)
potential : -4.366719 (0.022310)
energy : -2.175155 (0.000086)

kinetic : 2.190421 (0.022248)
potential : -4.365579 (0.022262)
energy : -2.175158 (0.000085)

kinetic : 2.191156 (0.022184)
potential : -4.366314 (0.022197)
energy : -2.175158 (0.000085)

kinetic : 2.190936 (0.022108)
potential : -4.366096 (0.022122)
energy : -2.175160 (0.000085)

kinetic : 2.193354 (0.022165)
potential : -4.368514 (0.022178)
energy : -2.175160 (0.000084)

kinetic : 2.193192 (0.022090)
potential : -4.368358 (0.022103)
energy : -2.175166 (0.000084)

kinetic : 2.192372 (0.022030)
potential : -4.367538 (0.022043)
energy : -2.175166 (0.000084)

kinetic : 2.192137 (0.021956)
potential : -4.367304 (0.021969)
energy : -2.175166 (0.000084)

kinetic : 2.191354 (0.021896)
potential : -4.366522 (0.021909)
energy : -2.175167 (0.000084)

kinetic : 2.191525 (0.021823)
potential : -4.366687 (0.021835)
energy : -2.175162 (0.000083)

kinetic : 2.190873 (0.021759)
potential : -4.366032 (0.021772)
energy : -2.175159 (0.000083)

kinetic : 2.193309 (0.021823)
potential : -4.368466 (0.021835)
energy : -2.175158 (0.000083)

kinetic : 2.193046 (0.021751)
potential : -4.368205 (0.021764)
energy : -2.175159 (0.000083)

kinetic : 2.193826 (0.021693)
potential : -4.368986 (0.021705)
energy : -2.175159 (0.000082)

kinetic : 2.194140 (0.021623)
potential : -4.369295 (0.021635)
energy : -2.175154 (0.000082)

kinetic : 2.194247 (0.021552)
potential : -4.369410 (0.021564)
energy : -2.175162 (0.000082)

kinetic : 2.193950 (0.021483)
potential : -4.369102 (0.021495)
energy : -2.175152 (0.000083)

kinetic : 2.194774 (0.021428)
potential : -4.369920 (0.021440)
energy : -2.175146 (0.000083)

kinetic : 2.195458 (0.021369)
potential : -4.370597 (0.021381)
energy : -2.175139 (0.000083)

kinetic : 2.196734 (0.021338)
potential : -4.371866 (0.021349)
energy : -2.175132 (0.000083)

kinetic : 2.196500 (0.021270)
potential : -4.371630 (0.021281)
energy : -2.175130 (0.000083)

kinetic : 2.196054 (0.021205)
potential : -4.371187 (0.021217)
energy : -2.175133 (0.000082)

kinetic : 2.195380 (0.021148)
potential : -4.370519 (0.021159)
energy : -2.175139 (0.000082)

kinetic : 2.194242 (0.021110)
potential : -4.369374 (0.021121)
energy : -2.175132 (0.000082)

kinetic : 2.193529 (0.021054)
potential : -4.368667 (0.021065)
energy : -2.175138 (0.000082)

kinetic : 2.192367 (0.021019)
potential : -4.367505 (0.021030)
energy : -2.175139 (0.000082)

kinetic : 2.191602 (0.020966)
potential : -4.366736 (0.020977)
energy : -2.175133 (0.000082)

kinetic : 2.190564 (0.020925)
potential : -4.365700 (0.020936)
energy : -2.175136 (0.000082)

kinetic : 2.190128 (0.020863)
potential : -4.365270 (0.020874)
energy : -2.175142 (0.000082)

kinetic : 2.191420 (0.020838)
potential : -4.366566 (0.020849)
energy : -2.175146 (0.000082)

kinetic : 2.190269 (0.020804)
potential : -4.365409 (0.020815)
energy : -2.175140 (0.000081)

kinetic : 2.191527 (0.020777)
potential : -4.366665 (0.020788)
energy : -2.175138 (0.000081)

kinetic : 2.192116 (0.020720)
potential : -4.367255 (0.020731)
energy : -2.175140 (0.000081)

kinetic : 2.191338 (0.020670)
potential : -4.366476 (0.020681)
energy : -2.175138 (0.000081)

kinetic : 2.189838 (0.020660)
potential : -4.364982 (0.020671)
energy : -2.175143 (0.000081)

kinetic : 2.190660 (0.020613)
potential : -4.365805 (0.020623)
energy : -2.175145 (0.000080)

kinetic : 2.189450 (0.020584)
potential : -4.364598 (0.020595)
energy : -2.175148 (0.000080)

kinetic : 2.189925 (0.020526)
potential : -4.365073 (0.020537)
energy : -2.175148 (0.000080)

kinetic : 2.190205 (0.020465)
potential : -4.365352 (0.020476)
energy : -2.175148 (0.000080)

kinetic : 2.189750 (0.020408)
potential : -4.364902 (0.020418)
energy : -2.175151 (0.000080)

kinetic : 2.190128 (0.020349)
potential : -4.365272 (0.020359)
energy : -2.175144 (0.000080)

kinetic : 2.189728 (0.020291)
potential : -4.364877 (0.020301)
energy : -2.175149 (0.000080)

kinetic : 2.192956 (0.020485)
potential : -4.368112 (0.020496)
energy : -2.175156 (0.000080)

kinetic : 2.195477 (0.020578)
potential : -4.370645 (0.020591)
energy : -2.175167 (0.000080)

kinetic : 2.195818 (0.020519)
potential : -4.370987 (0.020531)
energy : -2.175168 (0.000080)

kinetic : 2.195982 (0.020458)
potential : -4.371155 (0.020470)
energy : -2.175172 (0.000080)

kinetic : 2.195341 (0.020407)
potential : -4.370516 (0.020419)
energy : -2.175175 (0.000080)

kinetic : 2.197245 (0.020435)
potential : -4.372424 (0.020447)
energy : -2.175179 (0.000080)

kinetic : 2.197681 (0.020378)
potential : -4.372855 (0.020391)
energy : -2.175174 (0.000079)

kinetic : 2.198832 (0.020351)
potential : -4.374000 (0.020362)
energy : -2.175168 (0.000079)

kinetic : 2.199511 (0.020302)
potential : -4.374676 (0.020313)
energy : -2.175166 (0.000079)

kinetic : 2.199213 (0.020244)
potential : -4.374384 (0.020255)
energy : -2.175171 (0.000079)

kinetic : 2.198313 (0.020204)
potential : -4.373483 (0.020216)
energy : -2.175170 (0.000079)

kinetic : 2.197855 (0.020150)
potential : -4.373029 (0.020162)
energy : -2.175173 (0.000079)

kinetic : 2.197655 (0.020092)
potential : -4.372830 (0.020103)
energy : -2.175176 (0.000079)

kinetic : 2.196791 (0.020052)
potential : -4.371970 (0.020063)
energy : -2.175179 (0.000078)

kinetic : 2.195951 (0.020011)
potential : -4.371132 (0.020022)
energy : -2.175181 (0.000078)

kinetic : 2.194830 (0.019985)
potential : -4.370014 (0.019996)
energy : -2.175184 (0.000078)

kinetic : 2.193148 (0.019998)
potential : -4.368330 (0.020009)
energy : -2.175182 (0.000078)

kinetic : 2.192769 (0.019944)
potential : -4.367958 (0.019954)
energy : -2.175189 (0.000078)

kinetic : 2.192770 (0.019886)
potential : -4.367964 (0.019897)
energy : -2.175195 (0.000078)

kinetic : 2.193112 (0.019832)
potential : -4.368326 (0.019843)
energy : -2.175215 (0.000080)

kinetic : 2.193916 (0.019792)
potential : -4.369117 (0.019802)
energy : -2.175201 (0.000081)

kinetic : 2.192565 (0.019781)
potential : -4.367760 (0.019792)
energy : -2.175196 (0.000081)

kinetic : 2.192900 (0.019728)
potential : -4.368092 (0.019739)
energy : -2.175192 (0.000081)

kinetic : 2.193545 (0.019683)
potential : -4.368732 (0.019693)
energy : -2.175188 (0.000081)

kinetic : 2.193291 (0.019629)
potential : -4.368480 (0.019639)
energy : -2.175189 (0.000081)

kinetic : 2.194604 (0.019617)
potential : -4.369798 (0.019628)
energy : -2.175193 (0.000081)

kinetic : 2.194171 (0.019567)
potential : -4.369370 (0.019577)
energy : -2.175199 (0.000080)

kinetic : 2.192585 (0.019576)
potential : -4.367788 (0.019586)
energy : -2.175203 (0.000080)

kinetic : 2.192424 (0.019522)
potential : -4.367624 (0.019532)
energy : -2.175200 (0.000080)

kinetic : 2.192905 (0.019474)
potential : -4.368105 (0.019484)
energy : -2.175200 (0.000080)

kinetic : 2.192320 (0.019428)
potential : -4.367523 (0.019438)
energy : -2.175202 (0.000080)

kinetic : 2.190542 (0.019456)
potential : -4.365739 (0.019466)
energy : -2.175197 (0.000080)

kinetic : 2.190430 (0.019402)
potential : -4.365627 (0.019413)
energy : -2.175197 (0.000079)

kinetic : 2.191735 (0.019393)
potential : -4.366935 (0.019403)
energy : -2.175201 (0.000079)

kinetic : 2.191379 (0.019343)
potential : -4.366579 (0.019353)
energy : -2.175200 (0.000079)

kinetic : 2.190087 (0.019333)
potential : -4.365289 (0.019343)
energy : -2.175202 (0.000079)

kinetic : 2.189921 (0.019281)
potential : -4.365124 (0.019291)
energy : -2.175203 (0.000079)

kinetic : 2.189581 (0.019231)
potential : -4.364782 (0.019241)
energy : -2.175200 (0.000079)

kinetic : 2.190127 (0.019186)
potential : -4.365324 (0.019197)
energy : -2.175197 (0.000078)

kinetic : 2.190832 (0.019147)
potential : -4.366029 (0.019158)
energy : -2.175197 (0.000078)

kinetic : 2.190334 (0.019102)
potential : -4.365530 (0.019112)
energy : -2.175196 (0.000078)

kinetic : 2.189726 (0.019060)
potential : -4.364922 (0.019070)
energy : -2.175196 (0.000078)

kinetic : 2.189555 (0.019010)
potential : -4.364745 (0.019020)
energy : -2.175190 (0.000078)

kinetic : 2.189014 (0.018966)
potential : -4.364197 (0.018977)
energy : -2.175183 (0.000078)

kinetic : 2.188143 (0.018936)
potential : -4.363319 (0.018946)
energy : -2.175176 (0.000078)

kinetic : 2.190025 (0.018979)
potential : -4.365207 (0.018990)
energy : -2.175182 (0.000078)

kinetic : 2.189305 (0.018942)
potential : -4.364485 (0.018953)
energy : -2.175180 (0.000078)

kinetic : 2.189190 (0.018892)
potential : -4.364375 (0.018903)
energy : -2.175186 (0.000078)

kinetic : 2.189077 (0.018842)
potential : -4.364265 (0.018853)
energy : -2.175188 (0.000078)

kinetic : 2.188878 (0.018793)
potential : -4.364064 (0.018804)
energy : -2.175186 (0.000077)

kinetic : 2.188169 (0.018757)
potential : -4.363358 (0.018768)
energy : -2.175189 (0.000077)

kinetic : 2.187224 (0.018732)
potential : -4.362409 (0.018743)
energy : -2.175184 (0.000077)

kinetic : 2.188146 (0.018705)
potential : -4.363330 (0.018717)
energy : -2.175185 (0.000077)

kinetic : 2.188690 (0.018664)
potential : -4.363869 (0.018675)
energy : -2.175180 (0.000077)

kinetic : 2.189657 (0.018641)
potential : -4.364838 (0.018652)
energy : -2.175181 (0.000077)

kinetic : 2.190778 (0.018626)
potential : -4.365959 (0.018637)
energy : -2.175181 (0.000077)

kinetic : 2.190512 (0.018580)
potential : -4.365693 (0.018591)
energy : -2.175181 (0.000076)

kinetic : 2.188970 (0.018596)
potential : -4.364150 (0.018607)
energy : -2.175179 (0.000076)

kinetic : 2.189378 (0.018552)
potential : -4.364561 (0.018563)
energy : -2.175183 (0.000076)

kinetic : 2.190447 (0.018535)
potential : -4.365631 (0.018546)
energy : -2.175184 (0.000076)

kinetic : 2.189243 (0.018527)
potential : -4.364421 (0.018538)
energy : -2.175178 (0.000076)

kinetic : 2.189753 (0.018487)
potential : -4.364938 (0.018498)
energy : -2.175185 (0.000076)

kinetic : 2.189982 (0.018441)
potential : -4.365174 (0.018452)
energy : -2.175192 (0.000076)

kinetic : 2.190230 (0.018395)
potential : -4.365418 (0.018407)
energy : -2.175188 (0.000076)

kinetic : 2.189760 (0.018355)
potential : -4.364955 (0.018366)
energy : -2.175194 (0.000076)

kinetic : 2.190084 (0.018311)
potential : -4.365281 (0.018322)
energy : -2.175197 (0.000076)

kinetic : 2.189161 (0.018288)
potential : -4.364355 (0.018299)
energy : -2.175194 (0.000076)

kinetic : 2.190181 (0.018270)
potential : -4.365386 (0.018282)
energy : -2.175205 (0.000077)

kinetic : 2.189381 (0.018242)
potential : -4.364586 (0.018254)
energy : -2.175205 (0.000076)

kinetic : 2.189495 (0.018197)
potential : -4.364700 (0.018209)
energy : -2.175205 (0.000076)

kinetic : 2.188658 (0.018170)
potential : -4.363855 (0.018183)
energy : -2.175197 (0.000076)

kinetic : 2.190376 (0.018206)
potential : -4.365570 (0.018218)
energy : -2.175194 (0.000076)

kinetic : 2.190563 (0.018162)
potential : -4.365763 (0.018174)
energy : -2.175200 (0.000076)

kinetic : 2.189935 (0.018128)
potential : -4.365130 (0.018140)
energy : -2.175195 (0.000076)

kinetic : 2.190232 (0.018085)
potential : -4.365427 (0.018097)
energy : -2.175194 (0.000076)

kinetic : 2.189589 (0.018052)
potential : -4.364781 (0.018064)
energy : -2.175192 (0.000076)

kinetic : 2.189350 (0.018009)
potential : -4.364543 (0.018021)
energy : -2.175193 (0.000076)

kinetic : 2.188151 (0.018005)
potential : -4.363338 (0.018017)
energy : -2.175187 (0.000076)

kinetic : 2.186486 (0.018037)
potential : -4.361676 (0.018049)
energy : -2.175190 (0.000076)

kinetic : 2.187777 (0.018039)
potential : -4.362961 (0.018051)
energy : -2.175184 (0.000076)

kinetic : 2.187631 (0.017996)
potential : -4.362816 (0.018008)
energy : -2.175185 (0.000076)

kinetic : 2.187135 (0.017959)
potential : -4.362325 (0.017970)
energy : -2.175189 (0.000076)

kinetic : 2.187333 (0.017916)
potential : -4.362521 (0.017928)
energy : -2.175189 (0.000075)

kinetic : 2.187110 (0.017874)
potential : -4.362295 (0.017886)
energy : -2.175185 (0.000075)

kinetic : 2.187523 (0.017836)
potential : -4.362713 (0.017847)
energy : -2.175191 (0.000075)

kinetic : 2.188048 (0.017801)
potential : -4.363237 (0.017812)
energy : -2.175188 (0.000075)

kinetic : 2.187558 (0.017765)
potential : -4.362738 (0.017776)
energy : -2.175179 (0.000075)

kinetic : 2.186612 (0.017747)
potential : -4.361791 (0.017759)
energy : -2.175180 (0.000075)

kinetic : 2.186366 (0.017706)
potential : -4.361548 (0.017718)
energy : -2.175182 (0.000075)

kinetic : 2.186206 (0.017665)
potential : -4.361386 (0.017676)
energy : -2.175180 (0.000075)

kinetic : 2.185876 (0.017626)
potential : -4.361061 (0.017637)
energy : -2.175185 (0.000075)

kinetic : 2.185162 (0.017598)
potential : -4.360344 (0.017610)
energy : -2.175182 (0.000075)

kinetic : 2.185324 (0.017557)
potential : -4.360508 (0.017569)
energy : -2.175184 (0.000075)

kinetic : 2.185637 (0.017519)
potential : -4.360818 (0.017530)
energy : -2.175181 (0.000075)

kinetic : 2.186209 (0.017487)
potential : -4.361392 (0.017498)
energy : -2.175183 (0.000074)

kinetic : 2.186004 (0.017447)
potential : -4.361183 (0.017458)
energy : -2.175179 (0.000074)

kinetic : 2.185587 (0.017411)
potential : -4.360762 (0.017422)
energy : -2.175174 (0.000074)

kinetic : 2.185547 (0.017370)
potential : -4.360716 (0.017381)
energy : -2.175169 (0.000074)

kinetic : 2.185794 (0.017331)
potential : -4.360960 (0.017342)
energy : -2.175166 (0.000074)

kinetic : 2.188324 (0.017475)
potential : -4.363497 (0.017487)
energy : -2.175173 (0.000074)

kinetic : 2.187926 (0.017438)
potential : -4.363100 (0.017451)
energy : -2.175174 (0.000074)

kinetic : 2.188017 (0.017398)
potential : -4.363188 (0.017410)
energy : -2.175171 (0.000074)

kinetic : 2.187650 (0.017362)
potential : -4.362826 (0.017374)
energy : -2.175176 (0.000074)

kinetic : 2.187196 (0.017328)
potential : -4.362371 (0.017340)
energy : -2.175176 (0.000074)

kinetic : 2.187510 (0.017290)
potential : -4.362686 (0.017302)
energy : -2.175177 (0.000074)

kinetic : 2.188067 (0.017260)
potential : -4.363244 (0.017272)
energy : -2.175177 (0.000074)

kinetic : 2.188546 (0.017227)
potential : -4.363725 (0.017239)
energy : -2.175179 (0.000073)

kinetic : 2.187992 (0.017196)
potential : -4.363167 (0.017208)
energy : -2.175175 (0.000073)

kinetic : 2.187314 (0.017170)
potential : -4.362491 (0.017182)
energy : -2.175177 (0.000073)

kinetic : 2.187284 (0.017131)
potential : -4.362458 (0.017143)
energy : -2.175173 (0.000073)

kinetic : 2.187491 (0.017093)
potential : -4.362664 (0.017105)
energy : -2.175173 (0.000073)

kinetic : 2.188850 (0.017109)
potential : -4.364026 (0.017121)
energy : -2.175176 (0.000073)

kinetic : 2.188549 (0.017072)
potential : -4.363722 (0.017085)
energy : -2.175172 (0.000073)

kinetic : 2.188270 (0.017036)
potential : -4.363441 (0.017048)
energy : -2.175171 (0.000073)

kinetic : 2.187655 (0.017009)
potential : -4.362826 (0.017021)
energy : -2.175171 (0.000073)

kinetic : 2.188746 (0.017006)
potential : -4.363913 (0.017017)
energy : -2.175166 (0.000073)

kinetic : 2.187689 (0.017000)
potential : -4.362853 (0.017012)
energy : -2.175164 (0.000072)

kinetic : 2.186376 (0.017013)
potential : -4.361538 (0.017025)
energy : -2.175162 (0.000072)

kinetic : 2.187189 (0.016995)
potential : -4.362351 (0.017006)
energy : -2.175162 (0.000072)

kinetic : 2.186822 (0.016961)
potential : -4.361984 (0.016972)
energy : -2.175162 (0.000072)

kinetic : 2.186537 (0.016925)
potential : -4.361702 (0.016937)
energy : -2.175164 (0.000072)

kinetic : 2.186946 (0.016893)
potential : -4.362111 (0.016904)
energy : -2.175165 (0.000072)

kinetic : 2.186682 (0.016857)
potential : -4.361848 (0.016869)
energy : -2.175166 (0.000071)

kinetic : 2.186471 (0.016821)
potential : -4.361639 (0.016833)
energy : -2.175168 (0.000071)

kinetic : 2.185625 (0.016806)
potential : -4.360791 (0.016817)
energy : -2.175166 (0.000071)

kinetic : 2.186364 (0.016785)
potential : -4.361531 (0.016797)
energy : -2.175167 (0.000071)

kinetic : 2.185619 (0.016765)
potential : -4.360789 (0.016776)
energy : -2.175170 (0.000071)

kinetic : 2.185649 (0.016728)
potential : -4.360816 (0.016739)
energy : -2.175167 (0.000071)

kinetic : 2.185385 (0.016693)
potential : -4.360549 (0.016705)
energy : -2.175164 (0.000071)

kinetic : 2.185100 (0.016659)
potential : -4.360262 (0.016671)
energy : -2.175162 (0.000071)

kinetic : 2.184914 (0.016624)
potential : -4.360071 (0.016636)
energy : -2.175156 (0.000071)

kinetic : 2.183947 (0.016616)
potential : -4.359101 (0.016628)
energy : -2.175154 (0.000071)

kinetic : 2.183844 (0.016581)
potential : -4.358997 (0.016592)
energy : -2.175153 (0.000070)

kinetic : 2.183783 (0.016545)
potential : -4.358930 (0.016557)
energy : -2.175146 (0.000071)

kinetic : 2.186215 (0.016687)
potential : -4.361359 (0.016698)
energy : -2.175144 (0.000071)

kinetic : 2.185377 (0.016672)
potential : -4.360520 (0.016684)
energy : -2.175144 (0.000070)

kinetic : 2.185062 (0.016640)
potential : -4.360201 (0.016651)
energy : -2.175139 (0.000070)

kinetic : 2.184890 (0.016605)
potential : -4.360028 (0.016616)
energy : -2.175138 (0.000070)

kinetic : 2.184548 (0.016573)
potential : -4.359685 (0.016584)
energy : -2.175137 (0.000070)

kinetic : 2.184551 (0.016537)
potential : -4.359689 (0.016549)
energy : -2.175138 (0.000070)

kinetic : 2.185213 (0.016516)
potential : -4.360354 (0.016527)
energy : -2.175140 (0.000070)

kinetic : 2.184716 (0.016488)
potential : -4.359857 (0.016499)
energy : -2.175141 (0.000070)

kinetic : 2.185889 (0.016495)
potential : -4.361032 (0.016506)
energy : -2.175144 (0.000070)

kinetic : 2.184893 (0.016490)
potential : -4.360035 (0.016501)
energy : -2.175142 (0.000069)

kinetic : 2.184231 (0.016468)
potential : -4.359374 (0.016480)
energy : -2.175143 (0.000069)

kinetic : 2.184032 (0.016435)
potential : -4.359177 (0.016446)
energy : -2.175145 (0.000069)

kinetic : 2.182630 (0.016460)
potential : -4.357775 (0.016471)
energy : -2.175146 (0.000069)

kinetic : 2.183469 (0.016447)
potential : -4.358620 (0.016458)
energy : -2.175151 (0.000069)

kinetic : 2.183947 (0.016419)
potential : -4.359098 (0.016431)
energy : -2.175152 (0.000069)

kinetic : 2.186187 (0.016538)
potential : -4.361334 (0.016548)
energy : -2.175148 (0.000069)

kinetic : 2.186218 (0.016503)
potential : -4.361364 (0.016514)
energy : -2.175146 (0.000069)

kinetic : 2.184898 (0.016522)
potential : -4.360043 (0.016532)
energy : -2.175145 (0.000069)

kinetic : 2.185543 (0.016500)
potential : -4.360688 (0.016511)
energy : -2.175145 (0.000069)

kinetic : 2.185049 (0.016473)
potential : -4.360195 (0.016484)
energy : -2.175146 (0.000068)

kinetic : 2.184608 (0.016445)
potential : -4.359750 (0.016456)
energy : -2.175141 (0.000069)

kinetic : 2.184338 (0.016413)
potential : -4.359480 (0.016424)
energy : -2.175142 (0.000068)

kinetic : 2.184587 (0.016381)
potential : -4.359727 (0.016392)
energy : -2.175140 (0.000068)

kinetic : 2.184784 (0.016349)
potential : -4.359929 (0.016359)
energy : -2.175144 (0.000068)

kinetic : 2.184236 (0.016324)
potential : -4.359377 (0.016335)
energy : -2.175141 (0.000068)

kinetic : 2.183963 (0.016293)
potential : -4.359103 (0.016304)
energy : -2.175141 (0.000068)

kinetic : 2.183780 (0.016261)
potential : -4.358920 (0.016272)
energy : -2.175139 (0.000068)

kinetic : 2.183511 (0.016230)
potential : -4.358650 (0.016241)
energy : -2.175139 (0.000068)

kinetic : 2.183660 (0.016198)
potential : -4.358804 (0.016209)
energy : -2.175144 (0.000068)

kinetic : 2.183636 (0.016165)
potential : -4.358778 (0.016176)
energy : -2.175142 (0.000068)

kinetic : 2.183284 (0.016136)
potential : -4.358428 (0.016147)
energy : -2.175144 (0.000068)

kinetic : 2.183564 (0.016106)
potential : -4.358716 (0.016117)
energy : -2.175152 (0.000068)

kinetic : 2.183016 (0.016083)
potential : -4.358172 (0.016093)
energy : -2.175156 (0.000068)

kinetic : 2.183175 (0.016051)
potential : -4.358322 (0.016062)
energy : -2.175147 (0.000068)

kinetic : 2.182210 (0.016048)
potential : -4.357354 (0.016058)
energy : -2.175144 (0.000068)

kinetic : 2.182886 (0.016030)
potential : -4.358030 (0.016040)
energy : -2.175144 (0.000068)

kinetic : 2.182940 (0.015998)
potential : -4.358084 (0.016008)
energy : -2.175145 (0.000068)

kinetic : 2.182679 (0.015968)
potential : -4.357823 (0.015979)
energy : -2.175144 (0.000068)

kinetic : 2.182639 (0.015936)
potential : -4.357783 (0.015947)
energy : -2.175144 (0.000068)

kinetic : 2.182910 (0.015907)
potential : -4.358052 (0.015917)
energy : -2.175142 (0.000068)

kinetic : 2.182832 (0.015875)
potential : -4.357976 (0.015886)
energy : -2.175145 (0.000068)

kinetic : 2.182116 (0.015860)
potential : -4.357259 (0.015871)
energy : -2.175142 (0.000068)

kinetic : 2.182993 (0.015853)
potential : -4.358140 (0.015864)
energy : -2.175147 (0.000068)

kinetic : 2.183927 (0.015849)
potential : -4.359072 (0.015860)
energy : -2.175145 (0.000067)

kinetic : 2.183208 (0.015834)
potential : -4.358355 (0.015845)
energy : -2.175147 (0.000067)

kinetic : 2.183400 (0.015804)
potential : -4.358549 (0.015815)
energy : -2.175149 (0.000067)

kinetic : 2.184214 (0.015794)
potential : -4.359363 (0.015805)
energy : -2.175149 (0.000067)

kinetic : 2.184709 (0.015771)
potential : -4.359856 (0.015782)
energy : -2.175147 (0.000067)

kinetic : 2.183655 (0.015776)
potential : -4.358803 (0.015786)
energy : -2.175148 (0.000067)

kinetic : 2.183691 (0.015745)
potential : -4.358839 (0.015755)
energy : -2.175148 (0.000067)

kinetic : 2.184422 (0.015731)
potential : -4.359573 (0.015742)
energy : -2.175151 (0.000067)

kinetic : 2.183438 (0.015731)
potential : -4.358590 (0.015742)
energy : -2.175152 (0.000067)

kinetic : 2.183528 (0.015701)
potential : -4.358677 (0.015711)
energy : -2.175149 (0.000067)

kinetic : 2.182815 (0.015687)
potential : -4.357958 (0.015697)
energy : -2.175143 (0.000067)

kinetic : 2.182346 (0.015664)
potential : -4.357490 (0.015674)
energy : -2.175144 (0.000067)

kinetic : 2.182888 (0.015643)
potential : -4.358035 (0.015653)
energy : -2.175147 (0.000067)

kinetic : 2.182650 (0.015615)
potential : -4.357800 (0.015625)
energy : -2.175149 (0.000066)

kinetic : 2.182746 (0.015585)
potential : -4.357896 (0.015595)
energy : -2.175150 (0.000066)

kinetic : 2.183124 (0.015560)
potential : -4.358271 (0.015570)
energy : -2.175147 (0.000066)

kinetic : 2.182608 (0.015538)
potential : -4.357750 (0.015549)
energy : -2.175142 (0.000066)

kinetic : 2.183490 (0.015534)
potential : -4.358633 (0.015544)
energy : -2.175143 (0.000066)

kinetic : 2.182833 (0.015518)
potential : -4.357975 (0.015529)
energy : -2.175142 (0.000066)

kinetic : 2.182225 (0.015500)
potential : -4.357368 (0.015511)
energy : -2.175143 (0.000066)

kinetic : 2.181985 (0.015473)
potential : -4.357126 (0.015483)
energy : -2.175141 (0.000066)

kinetic : 2.181955 (0.015444)
potential : -4.357095 (0.015454)
energy : -2.175140 (0.000066)

kinetic : 2.182438 (0.015422)
potential : -4.357574 (0.015432)
energy : -2.175137 (0.000066)

kinetic : 2.182096 (0.015397)
potential : -4.357232 (0.015407)
energy : -2.175137 (0.000066)

kinetic : 2.181921 (0.015368)
potential : -4.357060 (0.015379)
energy : -2.175139 (0.000066)

kinetic : 2.181308 (0.015352)
potential : -4.356445 (0.015362)
energy : -2.175137 (0.000065)

kinetic : 2.180667 (0.015336)
potential : -4.355805 (0.015347)
energy : -2.175138 (0.000065)

kinetic : 2.180889 (0.015309)
potential : -4.356029 (0.015320)
energy : -2.175140 (0.000065)

kinetic : 2.180814 (0.015281)
potential : -4.355956 (0.015291)
energy : -2.175142 (0.000065)

kinetic : 2.180540 (0.015255)
potential : -4.355679 (0.015265)
energy : -2.175140 (0.000065)

kinetic : 2.179997 (0.015236)
potential : -4.355139 (0.015246)
energy : -2.175142 (0.000065)

kinetic : 2.179601 (0.015213)
potential : -4.354745 (0.015223)
energy : -2.175144 (0.000065)

kinetic : 2.178963 (0.015198)
potential : -4.354107 (0.015208)
energy : -2.175144 (0.000065)

kinetic : 2.180838 (0.015285)
potential : -4.355981 (0.015295)
energy : -2.175143 (0.000065)

kinetic : 2.179967 (0.015282)
potential : -4.355112 (0.015291)
energy : -2.175144 (0.000065)

kinetic : 2.179924 (0.015254)
potential : -4.355070 (0.015263)
energy : -2.175146 (0.000064)

kinetic : 2.180883 (0.015256)
potential : -4.356028 (0.015265)
energy : -2.175146 (0.000064)

kinetic : 2.181152 (0.015230)
potential : -4.356298 (0.015240)
energy : -2.175146 (0.000064)

kinetic : 2.181646 (0.015210)
potential : -4.356793 (0.015220)
energy : -2.175147 (0.000064)

kinetic : 2.180586 (0.015219)
potential : -4.355733 (0.015229)
energy : -2.175147 (0.000064)

kinetic : 2.182103 (0.015267)
potential : -4.357248 (0.015276)
energy : -2.175145 (0.000064)

kinetic : 2.182312 (0.015240)
potential : -4.357453 (0.015249)
energy : -2.175141 (0.000064)

kinetic : 2.181840 (0.015220)
potential : -4.356974 (0.015229)
energy : -2.175134 (0.000064)

kinetic : 2.181933 (0.015192)
potential : -4.357066 (0.015202)
energy : -2.175133 (0.000064)

kinetic : 2.182221 (0.015167)
potential : -4.357352 (0.015177)
energy : -2.175130 (0.000064)

kinetic : 2.182177 (0.015140)
potential : -4.357306 (0.015149)
energy : -2.175129 (0.000064)

kinetic : 2.181928 (0.015115)
potential : -4.357052 (0.015124)
energy : -2.175123 (0.000064)

kinetic : 2.181154 (0.015107)
potential : -4.356281 (0.015116)
energy : -2.175127 (0.000064)

kinetic : 2.181606 (0.015087)
potential : -4.356736 (0.015096)
energy : -2.175130 (0.000064)

kinetic : 2.182733 (0.015102)
potential : -4.357861 (0.015111)
energy : -2.175128 (0.000064)

kinetic : 2.182167 (0.015085)
potential : -4.357295 (0.015094)
energy : -2.175128 (0.000064)

kinetic : 2.182181 (0.015058)
potential : -4.357311 (0.015067)
energy : -2.175130 (0.000064)

kinetic : 2.181415 (0.015051)
potential : -4.356537 (0.015060)
energy : -2.175122 (0.000064)

kinetic : 2.181130 (0.015026)
potential : -4.356252 (0.015036)
energy : -2.175122 (0.000064)

kinetic : 2.182236 (0.015040)
potential : -4.357360 (0.015050)
energy : -2.175124 (0.000064)

kinetic : 2.181677 (0.015024)
potential : -4.356800 (0.015033)
energy : -2.175123 (0.000064)

kinetic : 2.181868 (0.014998)
potential : -4.356990 (0.015008)
energy : -2.175122 (0.000064)

kinetic : 2.182493 (0.014985)
potential : -4.357615 (0.014994)
energy : -2.175123 (0.000064)

kinetic : 2.183216 (0.014976)
potential : -4.358336 (0.014985)
energy : -2.175120 (0.000064)

kinetic : 2.183685 (0.014957)
potential : -4.358805 (0.014966)
energy : -2.175120 (0.000064)

kinetic : 2.182813 (0.014956)
potential : -4.357931 (0.014965)
energy : -2.175118 (0.000063)

kinetic : 2.183623 (0.014951)
potential : -4.358738 (0.014961)
energy : -2.175116 (0.000063)

kinetic : 2.183193 (0.014931)
potential : -4.358303 (0.014941)
energy : -2.175110 (0.000064)

kinetic : 2.183876 (0.014921)
potential : -4.358987 (0.014930)
energy : -2.175111 (0.000063)

kinetic : 2.184083 (0.014896)
potential : -4.359197 (0.014905)
energy : -2.175114 (0.000063)

kinetic : 2.182908 (0.014916)
potential : -4.358021 (0.014926)
energy : -2.175113 (0.000063)

kinetic : 2.183522 (0.014903)
potential : -4.358633 (0.014912)
energy : -2.175111 (0.000063)

kinetic : 2.183034 (0.014885)
potential : -4.358142 (0.014894)
energy : -2.175107 (0.000063)

kinetic : 2.185085 (0.015000)
potential : -4.360193 (0.015009)
energy : -2.175108 (0.000063)

kinetic : 2.185020 (0.014974)
potential : -4.360130 (0.014983)
energy : -2.175110 (0.000063)

kinetic : 2.185396 (0.014953)
potential : -4.360510 (0.014962)
energy : -2.175114 (0.000063)

kinetic : 2.184685 (0.014944)
potential : -4.359799 (0.014953)
energy : -2.175114 (0.000063)

kinetic : 2.184642 (0.014918)
potential : -4.359759 (0.014927)
energy : -2.175118 (0.000063)

kinetic : 2.184911 (0.014895)
potential : -4.360029 (0.014904)
energy : -2.175118 (0.000063)

kinetic : 2.184441 (0.014876)
potential : -4.359560 (0.014886)
energy : -2.175119 (0.000063)

kinetic : 2.184307 (0.014851)
potential : -4.359421 (0.014861)
energy : -2.175115 (0.000063)

kinetic : 2.184921 (0.014839)
potential : -4.360035 (0.014848)
energy : -2.175114 (0.000063)

kinetic : 2.184538 (0.014818)
potential : -4.359653 (0.014828)
energy : -2.175115 (0.000063)

kinetic : 2.185227 (0.014809)
potential : -4.360341 (0.014818)
energy : -2.175115 (0.000062)

kinetic : 2.185204 (0.014783)
potential : -4.360319 (0.014793)
energy : -2.175114 (0.000062)

kinetic : 2.184586 (0.014771)
potential : -4.359702 (0.014780)
energy : -2.175116 (0.000062)

kinetic : 2.184305 (0.014749)
potential : -4.359421 (0.014758)
energy : -2.175116 (0.000062)

kinetic : 2.183973 (0.014727)
potential : -4.359089 (0.014737)
energy : -2.175116 (0.000062)

kinetic : 2.184010 (0.014702)
potential : -4.359127 (0.014712)
energy : -2.175117 (0.000062)

kinetic : 2.183758 (0.014680)
potential : -4.358877 (0.014689)
energy : -2.175119 (0.000062)

kinetic : 2.183515 (0.014657)
potential : -4.358637 (0.014666)
energy : -2.175121 (0.000062)

kinetic : 2.185693 (0.014793)
potential : -4.360817 (0.014803)
energy : -2.175124 (0.000062)

kinetic : 2.185140 (0.014779)
potential : -4.360263 (0.014788)
energy : -2.175124 (0.000062)

kinetic : 2.184603 (0.014764)
potential : -4.359724 (0.014773)
energy : -2.175122 (0.000062)

kinetic : 2.184495 (0.014739)
potential : -4.359613 (0.014749)
energy : -2.175118 (0.000062)

kinetic : 2.183773 (0.014732)
potential : -4.358890 (0.014742)
energy : -2.175117 (0.000062)

kinetic : 2.183768 (0.014708)
potential : -4.358886 (0.014717)
energy : -2.175117 (0.000061)

kinetic : 2.183322 (0.014690)
potential : -4.358435 (0.014699)
energy : -2.175113 (0.000062)

kinetic : 2.183070 (0.014668)
potential : -4.358180 (0.014677)
energy : -2.175111 (0.000061)

kinetic : 2.183986 (0.014672)
potential : -4.359102 (0.014682)
energy : -2.175116 (0.000062)

kinetic : 2.183819 (0.014648)
potential : -4.358937 (0.014658)
energy : -2.175118 (0.000062)

kinetic : 2.183385 (0.014630)
potential : -4.358507 (0.014640)
energy : -2.175122 (0.000062)

kinetic : 2.183603 (0.014608)
potential : -4.358726 (0.014618)
energy : -2.175124 (0.000062)

kinetic : 2.184098 (0.014592)
potential : -4.359221 (0.014602)
energy : -2.175123 (0.000061)

kinetic : 2.184661 (0.014579)
potential : -4.359782 (0.014588)
energy : -2.175120 (0.000061)

kinetic : 2.184668 (0.014555)
potential : -4.359788 (0.014564)
energy : -2.175120 (0.000061)

kinetic : 2.184685 (0.014531)
potential : -4.359805 (0.014540)
energy : -2.175119 (0.000061)

kinetic : 2.184737 (0.014507)
potential : -4.359857 (0.014517)
energy : -2.175120 (0.000061)

kinetic : 2.184428 (0.014487)
potential : -4.359547 (0.014496)
energy : -2.175119 (0.000061)

kinetic : 2.183943 (0.014471)
potential : -4.359059 (0.014481)
energy : -2.175116 (0.000061)

kinetic : 2.183829 (0.014448)
potential : -4.358948 (0.014457)
energy : -2.175120 (0.000061)

kinetic : 2.183810 (0.014424)
potential : -4.358926 (0.014434)
energy : -2.175116 (0.000061)

kinetic : 2.183784 (0.014401)
potential : -4.358903 (0.014410)
energy : -2.175120 (0.000061)

kinetic : 2.184306 (0.014387)
potential : -4.359427 (0.014396)
energy : -2.175121 (0.000061)

kinetic : 2.184294 (0.014363)
potential : -4.359416 (0.014373)
energy : -2.175122 (0.000061)

kinetic : 2.184600 (0.014343)
potential : -4.359725 (0.014353)
energy : -2.175125 (0.000061)

kinetic : 2.183963 (0.014334)
potential : -4.359086 (0.014344)
energy : -2.175123 (0.000061)

kinetic : 2.184299 (0.014315)
potential : -4.359418 (0.014325)
energy : -2.175119 (0.000061)

kinetic : 2.183899 (0.014298)
potential : -4.359020 (0.014307)
energy : -2.175121 (0.000061)

kinetic : 2.184374 (0.014282)
potential : -4.359493 (0.014292)
energy : -2.175119 (0.000061)

kinetic : 2.185212 (0.014284)
potential : -4.360332 (0.014293)
energy : -2.175120 (0.000061)

kinetic : 2.185234 (0.014261)
potential : -4.360354 (0.014270)
energy : -2.175120 (0.000060)

kinetic : 2.184891 (0.014242)
potential : -4.360011 (0.014252)
energy : -2.175120 (0.000060)

kinetic : 2.185041 (0.014220)
potential : -4.360159 (0.014230)
energy : -2.175118 (0.000060)

kinetic : 2.186165 (0.014242)
potential : -4.361281 (0.014251)
energy : -2.175116 (0.000060)

kinetic : 2.185705 (0.014227)
potential : -4.360820 (0.014236)
energy : -2.175115 (0.000060)

kinetic : 2.185062 (0.014219)
potential : -4.360176 (0.014228)
energy : -2.175113 (0.000060)

kinetic : 2.184401 (0.014211)
potential : -4.359515 (0.014220)
energy : -2.175114 (0.000060)

kinetic : 2.185300 (0.014217)
potential : -4.360413 (0.014226)
energy : -2.175113 (0.000060)

kinetic : 2.185244 (0.014195)
potential : -4.360360 (0.014204)
energy : -2.175116 (0.000060)

kinetic : 2.185099 (0.014173)
potential : -4.360215 (0.014182)
energy : -2.175116 (0.000060)

kinetic : 2.185061 (0.014151)
potential : -4.360176 (0.014160)
energy : -2.175116 (0.000060)

kinetic : 2.185038 (0.014128)
potential : -4.360155 (0.014137)
energy : -2.175117 (0.000060)

kinetic : 2.184438 (0.014119)
potential : -4.359553 (0.014128)
energy : -2.175115 (0.000059)

kinetic : 2.183548 (0.014125)
potential : -4.358661 (0.014134)
energy : -2.175113 (0.000059)

kinetic : 2.184545 (0.014138)
potential : -4.359661 (0.014147)
energy : -2.175116 (0.000059)

kinetic : 2.183921 (0.014129)
potential : -4.359039 (0.014139)
energy : -2.175117 (0.000059)

kinetic : 2.184101 (0.014108)
potential : -4.359220 (0.014118)
energy : -2.175120 (0.000059)

kinetic : 2.184434 (0.014090)
potential : -4.359553 (0.014099)
energy : -2.175119 (0.000059)

kinetic : 2.183977 (0.014076)
potential : -4.359093 (0.014085)
energy : -2.175116 (0.000059)

kinetic : 2.183737 (0.014056)
potential : -4.358854 (0.014065)
energy : -2.175118 (0.000059)

kinetic : 2.186241 (0.014256)
potential : -4.361364 (0.014265)
energy : -2.175122 (0.000059)

kinetic : 2.186447 (0.014235)
potential : -4.361568 (0.014245)
energy : -2.175121 (0.000059)

kinetic : 2.186334 (0.014213)
potential : -4.361458 (0.014223)
energy : -2.175124 (0.000059)

kinetic : 2.185943 (0.014197)
potential : -4.361068 (0.014206)
energy : -2.175126 (0.000059)

kinetic : 2.185474 (0.014182)
potential : -4.360601 (0.014192)
energy : -2.175126 (0.000059)

kinetic : 2.185419 (0.014161)
potential : -4.360546 (0.014170)
energy : -2.175127 (0.000059)

kinetic : 2.185242 (0.014140)
potential : -4.360370 (0.014150)
energy : -2.175128 (0.000059)

kinetic : 2.184718 (0.014128)
potential : -4.359845 (0.014138)
energy : -2.175127 (0.000059)

kinetic : 2.184910 (0.014107)
potential : -4.360035 (0.014117)
energy : -2.175125 (0.000059)

kinetic : 2.185058 (0.014087)
potential : -4.360186 (0.014096)
energy : -2.175128 (0.000059)

kinetic : 2.185589 (0.014075)
potential : -4.360716 (0.014085)
energy : -2.175126 (0.000059)

kinetic : 2.185702 (0.014054)
potential : -4.360828 (0.014064)
energy : -2.175126 (0.000058)

kinetic : 2.185391 (0.014036)
potential : -4.360518 (0.014045)
energy : -2.175126 (0.000058)

kinetic : 2.185516 (0.014015)
potential : -4.360640 (0.014025)
energy : -2.175124 (0.000058)

kinetic : 2.185831 (0.013997)
potential : -4.360954 (0.014007)
energy : -2.175122 (0.000058)

kinetic : 2.185263 (0.013987)
potential : -4.360386 (0.013997)
energy : -2.175123 (0.000058)

kinetic : 2.185582 (0.013970)
potential : -4.360708 (0.013979)
energy : -2.175126 (0.000058)

kinetic : 2.185150 (0.013955)
potential : -4.360276 (0.013965)
energy : -2.175126 (0.000058)

kinetic : 2.184446 (0.013952)
potential : -4.359570 (0.013962)
energy : -2.175124 (0.000058)

kinetic : 2.184785 (0.013935)
potential : -4.359911 (0.013945)
energy : -2.175126 (0.000058)

kinetic : 2.184545 (0.013916)
potential : -4.359672 (0.013926)
energy : -2.175126 (0.000058)

kinetic : 2.184406 (0.013896)
potential : -4.359534 (0.013905)
energy : -2.175128 (0.000058)

kinetic : 2.184873 (0.013883)
potential : -4.360000 (0.013892)
energy : -2.175127 (0.000058)

kinetic : 2.184762 (0.013862)
potential : -4.359888 (0.013872)
energy : -2.175127 (0.000058)

kinetic : 2.185152 (0.013847)
potential : -4.360274 (0.013856)
energy : -2.175122 (0.000058)

kinetic : 2.184597 (0.013837)
potential : -4.359719 (0.013847)
energy : -2.175123 (0.000058)

kinetic : 2.184243 (0.013821)
potential : -4.359366 (0.013830)
energy : -2.175123 (0.000058)

kinetic : 2.184922 (0.013817)
potential : -4.360044 (0.013826)
energy : -2.175122 (0.000057)

kinetic : 2.184276 (0.013812)
potential : -4.359394 (0.013821)
energy : -2.175118 (0.000057)

kinetic : 2.185296 (0.013829)
potential : -4.360415 (0.013838)
energy : -2.175119 (0.000057)

kinetic : 2.185901 (0.013822)
potential : -4.361024 (0.013831)
energy : -2.175123 (0.000057)

kinetic : 2.185547 (0.013806)
potential : -4.360667 (0.013815)
energy : -2.175120 (0.000057)

kinetic : 2.185498 (0.013785)
potential : -4.360620 (0.013795)
energy : -2.175122 (0.000057)

kinetic : 2.185496 (0.013765)
potential : -4.360617 (0.013774)
energy : -2.175121 (0.000057)

kinetic : 2.185299 (0.013746)
potential : -4.360416 (0.013755)
energy : -2.175117 (0.000057)

kinetic : 2.184998 (0.013729)
potential : -4.360117 (0.013738)
energy : -2.175119 (0.000057)

kinetic : 2.184501 (0.013718)
potential : -4.359620 (0.013727)
energy : -2.175118 (0.000057)

kinetic : 2.183875 (0.013712)
potential : -4.358995 (0.013721)
energy : -2.175120 (0.000057)

kinetic : 2.185415 (0.013778)
potential : -4.360533 (0.013787)
energy : -2.175119 (0.000057)

kinetic : 2.185397 (0.013758)
potential : -4.360517 (0.013767)
energy : -2.175119 (0.000057)

kinetic : 2.185409 (0.013737)
potential : -4.360528 (0.013747)
energy : -2.175119 (0.000057)

kinetic : 2.184695 (0.013736)
potential : -4.359814 (0.013745)
energy : -2.175119 (0.000057)

kinetic : 2.184380 (0.013719)
potential : -4.359500 (0.013729)
energy : -2.175120 (0.000057)

kinetic : 2.184036 (0.013704)
potential : -4.359153 (0.013713)
energy : -2.175117 (0.000057)

kinetic : 2.184244 (0.013685)
potential : -4.359358 (0.013695)
energy : -2.175114 (0.000057)

kinetic : 2.185120 (0.013694)
potential : -4.360235 (0.013703)
energy : -2.175115 (0.000057)

kinetic : 2.185256 (0.013674)
potential : -4.360371 (0.013683)
energy : -2.175115 (0.000057)

kinetic : 2.185294 (0.013655)
potential : -4.360407 (0.013664)
energy : -2.175113 (0.000057)

kinetic : 2.185081 (0.013636)
potential : -4.360195 (0.013646)
energy : -2.175114 (0.000056)

kinetic : 2.185307 (0.013619)
potential : -4.360423 (0.013628)
energy : -2.175116 (0.000056)

kinetic : 2.184375 (0.013631)
potential : -4.359496 (0.013640)
energy : -2.175121 (0.000057)

kinetic : 2.184347 (0.013611)
potential : -4.359469 (0.013620)
energy : -2.175122 (0.000056)

kinetic : 2.184069 (0.013594)
potential : -4.359190 (0.013603)
energy : -2.175121 (0.000056)

kinetic : 2.183765 (0.013578)
potential : -4.358885 (0.013587)
energy : -2.175120 (0.000056)

kinetic : 2.184060 (0.013562)
potential : -4.359180 (0.013571)
energy : -2.175120 (0.000056)

kinetic : 2.184328 (0.013545)
potential : -4.359451 (0.013554)
energy : -2.175123 (0.000056)

kinetic : 2.183783 (0.013537)
potential : -4.358907 (0.013545)
energy : -2.175124 (0.000056)

kinetic : 2.183852 (0.013518)
potential : -4.358973 (0.013526)
energy : -2.175121 (0.000056)

kinetic : 2.183957 (0.013499)
potential : -4.359081 (0.013507)
energy : -2.175124 (0.000056)

kinetic : 2.183379 (0.013492)
potential : -4.358506 (0.013500)
energy : -2.175127 (0.000056)

kinetic : 2.183100 (0.013476)
potential : -4.358228 (0.013484)
energy : -2.175128 (0.000056)

kinetic : 2.182486 (0.013470)
potential : -4.357614 (0.013479)
energy : -2.175128 (0.000056)

kinetic : 2.181989 (0.013460)
potential : -4.357118 (0.013469)
energy : -2.175129 (0.000056)

kinetic : 2.184329 (0.013644)
potential : -4.359459 (0.013652)
energy : -2.175130 (0.000056)

kinetic : 2.183450 (0.013653)
potential : -4.358577 (0.013661)
energy : -2.175127 (0.000056)

kinetic : 2.183612 (0.013634)
potential : -4.358736 (0.013643)
energy : -2.175123 (0.000056)

kinetic : 2.183932 (0.013619)
potential : -4.359057 (0.013627)
energy : -2.175125 (0.000056)

kinetic : 2.183520 (0.013606)
potential : -4.358642 (0.013614)
energy : -2.175122 (0.000056)

kinetic : 2.183390 (0.013587)
potential : -4.358515 (0.013596)
energy : -2.175125 (0.000056)

kinetic : 2.183027 (0.013573)
potential : -4.358151 (0.013582)
energy : -2.175124 (0.000056)

kinetic : 2.183274 (0.013556)
potential : -4.358400 (0.013565)
energy : -2.175126 (0.000056)

kinetic : 2.183417 (0.013538)
potential : -4.358542 (0.013547)
energy : -2.175125 (0.000056)

kinetic : 2.183192 (0.013521)
potential : -4.358322 (0.013529)
energy : -2.175129 (0.000056)

kinetic : 2.182688 (0.013511)
potential : -4.357818 (0.013520)
energy : -2.175130 (0.000056)

kinetic : 2.182886 (0.013494)
potential : -4.358019 (0.013503)
energy : -2.175133 (0.000056)

kinetic : 2.183113 (0.013477)
potential : -4.358245 (0.013486)
energy : -2.175132 (0.000056)

kinetic : 2.182868 (0.013461)
potential : -4.357998 (0.013469)
energy : -2.175130 (0.000056)

kinetic : 2.182578 (0.013445)
potential : -4.357708 (0.013454)
energy : -2.175130 (0.000055)

kinetic : 2.182075 (0.013436)
potential : -4.357206 (0.013444)
energy : -2.175132 (0.000055)

kinetic : 2.182145 (0.013417)
potential : -4.357278 (0.013426)
energy : -2.175133 (0.000055)

kinetic : 2.181777 (0.013404)
potential : -4.356910 (0.013412)
energy : -2.175133 (0.000055)

kinetic : 2.181677 (0.013386)
potential : -4.356807 (0.013394)
energy : -2.175131 (0.000055)

kinetic : 2.181288 (0.013373)
potential : -4.356421 (0.013381)
energy : -2.175133 (0.000055)

kinetic : 2.180721 (0.013366)
potential : -4.355853 (0.013375)
energy : -2.175132 (0.000055)

kinetic : 2.180539 (0.013349)
potential : -4.355672 (0.013358)
energy : -2.175133 (0.000055)

kinetic : 2.180058 (0.013340)
potential : -4.355192 (0.013348)
energy : -2.175134 (0.000055)

kinetic : 2.179888 (0.013322)
potential : -4.355020 (0.013331)
energy : -2.175133 (0.000055)

kinetic : 2.180084 (0.013305)
potential : -4.355217 (0.013314)
energy : -2.175133 (0.000055)

kinetic : 2.179610 (0.013296)
potential : -4.354743 (0.013304)
energy : -2.175134 (0.000055)

kinetic : 2.179707 (0.013278)
potential : -4.354842 (0.013286)
energy : -2.175135 (0.000055)

kinetic : 2.179471 (0.013262)
potential : -4.354606 (0.013270)
energy : -2.175134 (0.000055)

kinetic : 2.179713 (0.013246)
potential : -4.354849 (0.013254)
energy : -2.175136 (0.000055)

kinetic : 2.180159 (0.013235)
potential : -4.355295 (0.013244)
energy : -2.175137 (0.000055)

kinetic : 2.180172 (0.013217)
potential : -4.355309 (0.013226)
energy : -2.175137 (0.000055)

kinetic : 2.180108 (0.013200)
potential : -4.355244 (0.013208)
energy : -2.175136 (0.000054)

kinetic : 2.179699 (0.013188)
potential : -4.354837 (0.013196)
energy : -2.175137 (0.000054)

kinetic : 2.179894 (0.013172)
potential : -4.355033 (0.013180)
energy : -2.175139 (0.000054)

kinetic : 2.179465 (0.013161)
potential : -4.354604 (0.013169)
energy : -2.175139 (0.000054)

kinetic : 2.179389 (0.013143)
potential : -4.354530 (0.013152)
energy : -2.175141 (0.000054)

kinetic : 2.178834 (0.013137)
potential : -4.353973 (0.013146)
energy : -2.175138 (0.000054)

kinetic : 2.178450 (0.013125)
potential : -4.353589 (0.013134)
energy : -2.175139 (0.000054)

kinetic : 2.178150 (0.013111)
potential : -4.353287 (0.013119)
energy : -2.175137 (0.000054)

kinetic : 2.178212 (0.013094)
potential : -4.353347 (0.013102)
energy : -2.175135 (0.000054)

kinetic : 2.177702 (0.013086)
potential : -4.352833 (0.013094)
energy : -2.175130 (0.000054)

kinetic : 2.177428 (0.013071)
potential : -4.352559 (0.013080)
energy : -2.175131 (0.000054)

kinetic : 2.177563 (0.013055)
potential : -4.352694 (0.013063)
energy : -2.175131 (0.000054)

kinetic : 2.177377 (0.013038)
potential : -4.352508 (0.013047)
energy : -2.175131 (0.000054)

kinetic : 2.177335 (0.013021)
potential : -4.352464 (0.013029)
energy : -2.175129 (0.000054)

kinetic : 2.178086 (0.013025)
potential : -4.353217 (0.013034)
energy : -2.175131 (0.000054)

kinetic : 2.178435 (0.013013)
potential : -4.353565 (0.013021)
energy : -2.175130 (0.000054)

kinetic : 2.178756 (0.012999)
potential : -4.353891 (0.013008)
energy : -2.175135 (0.000054)

kinetic : 2.178780 (0.012982)
potential : -4.353913 (0.012991)
energy : -2.175134 (0.000054)

kinetic : 2.178413 (0.012970)
potential : -4.353545 (0.012979)
energy : -2.175132 (0.000054)

kinetic : 2.178448 (0.012953)
potential : -4.353581 (0.012962)
energy : -2.175133 (0.000054)

kinetic : 2.178651 (0.012937)
potential : -4.353779 (0.012946)
energy : -2.175128 (0.000054)

kinetic : 2.177920 (0.012941)
potential : -4.353050 (0.012949)
energy : -2.175130 (0.000054)

kinetic : 2.177813 (0.012924)
potential : -4.352943 (0.012933)
energy : -2.175130 (0.000054)

kinetic : 2.177501 (0.012911)
potential : -4.352629 (0.012920)
energy : -2.175128 (0.000054)

kinetic : 2.177221 (0.012897)
potential : -4.352350 (0.012906)
energy : -2.175129 (0.000054)

kinetic : 2.178339 (0.012929)
potential : -4.353465 (0.012937)
energy : -2.175126 (0.000054)

kinetic : 2.178063 (0.012915)
potential : -4.353192 (0.012923)
energy : -2.175129 (0.000054)

kinetic : 2.177794 (0.012901)
potential : -4.352923 (0.012909)
energy : -2.175129 (0.000054)

kinetic : 2.178259 (0.012892)
potential : -4.353387 (0.012900)
energy : -2.175128 (0.000054)

kinetic : 2.177884 (0.012881)
potential : -4.353015 (0.012889)
energy : -2.175131 (0.000054)

kinetic : 2.177909 (0.012864)
potential : -4.353039 (0.012872)
energy : -2.175130 (0.000053)

kinetic : 2.178376 (0.012856)
potential : -4.353506 (0.012864)
energy : -2.175130 (0.000053)

kinetic : 2.177888 (0.012848)
potential : -4.353019 (0.012856)
energy : -2.175130 (0.000053)

kinetic : 2.177817 (0.012832)
potential : -4.352947 (0.012840)
energy : -2.175129 (0.000053)

kinetic : 2.177756 (0.012815)
potential : -4.352883 (0.012823)
energy : -2.175127 (0.000053)

kinetic : 2.178607 (0.012827)
potential : -4.353734 (0.012835)
energy : -2.175127 (0.000053)

kinetic : 2.178955 (0.012815)
potential : -4.354083 (0.012823)
energy : -2.175128 (0.000053)

kinetic : 2.179451 (0.012808)
potential : -4.354580 (0.012816)
energy : -2.175130 (0.000053)

kinetic : 2.179276 (0.012793)
potential : -4.354406 (0.012801)
energy : -2.175130 (0.000053)

kinetic : 2.179361 (0.012776)
potential : -4.354494 (0.012784)
energy : -2.175133 (0.000053)

kinetic : 2.179994 (0.012776)
potential : -4.355128 (0.012784)
energy : -2.175134 (0.000053)

kinetic : 2.179495 (0.012769)
potential : -4.354630 (0.012777)
energy : -2.175135 (0.000053)

kinetic : 2.179268 (0.012755)
potential : -4.354403 (0.012762)
energy : -2.175135 (0.000053)

kinetic : 2.179325 (0.012738)
potential : -4.354463 (0.012746)
energy : -2.175138 (0.000053)

kinetic : 2.179038 (0.012725)
potential : -4.354171 (0.012733)
energy : -2.175133 (0.000053)

kinetic : 2.178941 (0.012709)
potential : -4.354074 (0.012717)
energy : -2.175133 (0.000053)

kinetic : 2.178625 (0.012697)
potential : -4.353757 (0.012705)
energy : -2.175132 (0.000053)

kinetic : 2.178532 (0.012681)
potential : -4.353663 (0.012689)
energy : -2.175131 (0.000053)

kinetic : 2.179383 (0.012694)
potential : -4.354517 (0.012702)
energy : -2.175134 (0.000053)

kinetic : 2.179414 (0.012677)
potential : -4.354548 (0.012686)
energy : -2.175134 (0.000053)

kinetic : 2.178947 (0.012670)
potential : -4.354081 (0.012678)
energy : -2.175134 (0.000053)

kinetic : 2.178699 (0.012656)
potential : -4.353833 (0.012664)
energy : -2.175133 (0.000053)

kinetic : 2.178017 (0.012659)
potential : -4.353151 (0.012667)
energy : -2.175134 (0.000053)

kinetic : 2.177995 (0.012643)
potential : -4.353131 (0.012651)
energy : -2.175136 (0.000053)

kinetic : 2.178116 (0.012627)
potential : -4.353251 (0.012635)
energy : -2.175135 (0.000052)

kinetic : 2.178537 (0.012618)
potential : -4.353675 (0.012626)
energy : -2.175138 (0.000052)

kinetic : 2.178473 (0.012603)
potential : -4.353612 (0.012611)
energy : -2.175138 (0.000052)

kinetic : 2.177985 (0.012596)
potential : -4.353123 (0.012604)
energy : -2.175139 (0.000052)

kinetic : 2.177569 (0.012587)
potential : -4.352707 (0.012595)
energy : -2.175138 (0.000052)

kinetic : 2.177350 (0.012573)
potential : -4.352489 (0.012581)
energy : -2.175139 (0.000052)

kinetic : 2.177341 (0.012557)
potential : -4.352483 (0.012566)
energy : -2.175142 (0.000052)

kinetic : 2.176844 (0.012552)
potential : -4.351987 (0.012560)
energy : -2.175143 (0.000052)

kinetic : 2.176386 (0.012544)
potential : -4.351530 (0.012552)
energy : -2.175144 (0.000052)

kinetic : 2.176607 (0.012530)
potential : -4.351752 (0.012538)
energy : -2.175145 (0.000052)

kinetic : 2.176675 (0.012515)
potential : -4.351822 (0.012523)
energy : -2.175147 (0.000052)

kinetic : 2.176092 (0.012513)
potential : -4.351240 (0.012521)
energy : -2.175148 (0.000052)

kinetic : 2.176044 (0.012497)
potential : -4.351189 (0.012505)
energy : -2.175146 (0.000052)

kinetic : 2.175670 (0.012488)
potential : -4.350817 (0.012495)
energy : -2.175147 (0.000052)

kinetic : 2.176788 (0.012522)
potential : -4.351936 (0.012530)
energy : -2.175148 (0.000052)

kinetic : 2.177044 (0.012509)
potential : -4.352191 (0.012517)
energy : -2.175147 (0.000052)

kinetic : 2.176889 (0.012495)
potential : -4.352037 (0.012502)
energy : -2.175149 (0.000052)

kinetic : 2.176431 (0.012487)
potential : -4.351581 (0.012495)
energy : -2.175150 (0.000052)

kinetic : 2.176489 (0.012472)
potential : -4.351638 (0.012480)
energy : -2.175149 (0.000052)

kinetic : 2.176777 (0.012460)
potential : -4.351922 (0.012468)
energy : -2.175145 (0.000052)

kinetic : 2.176505 (0.012448)
potential : -4.351649 (0.012455)
energy : -2.175145 (0.000052)

kinetic : 2.176511 (0.012432)
potential : -4.351655 (0.012440)
energy : -2.175145 (0.000052)

kinetic : 2.176155 (0.012422)
potential : -4.351298 (0.012430)
energy : -2.175143 (0.000052)

kinetic : 2.176998 (0.012435)
potential : -4.352141 (0.012443)
energy : -2.175143 (0.000052)

kinetic : 2.176749 (0.012423)
potential : -4.351895 (0.012430)
energy : -2.175146 (0.000052)

kinetic : 2.176386 (0.012413)
potential : -4.351532 (0.012420)
energy : -2.175147 (0.000051)

kinetic : 2.176418 (0.012398)
potential : -4.351564 (0.012405)
energy : -2.175146 (0.000051)

kinetic : 2.176692 (0.012385)
potential : -4.351837 (0.012393)
energy : -2.175144 (0.000051)

kinetic : 2.176496 (0.012372)
potential : -4.351642 (0.012379)
energy : -2.175146 (0.000051)

kinetic : 2.176433 (0.012357)
potential : -4.351575 (0.012364)
energy : -2.175142 (0.000051)

kinetic : 2.176447 (0.012342)
potential : -4.351591 (0.012349)
energy : -2.175143 (0.000051)

kinetic : 2.176918 (0.012336)
potential : -4.352062 (0.012343)
energy : -2.175144 (0.000051)

kinetic : 2.177320 (0.012327)
potential : -4.352461 (0.012335)
energy : -2.175141 (0.000051)

kinetic : 2.177536 (0.012314)
potential : -4.352673 (0.012322)
energy : -2.175137 (0.000051)

kinetic : 2.177515 (0.012299)
potential : -4.352653 (0.012307)
energy : -2.175138 (0.000051)

kinetic : 2.178134 (0.012300)
potential : -4.353269 (0.012307)
energy : -2.175136 (0.000051)

kinetic : 2.181255 (0.012675)
potential : -4.356390 (0.012682)
energy : -2.175136 (0.000051)

kinetic : 2.180729 (0.012671)
potential : -4.355863 (0.012678)
energy : -2.175133 (0.000051)

kinetic : 2.180779 (0.012656)
potential : -4.355911 (0.012663)
energy : -2.175132 (0.000051)

kinetic : 2.180357 (0.012648)
potential : -4.355491 (0.012655)
energy : -2.175134 (0.000051)

kinetic : 2.180636 (0.012636)
potential : -4.355772 (0.012642)
energy : -2.175136 (0.000051)

kinetic : 2.180568 (0.012620)
potential : -4.355705 (0.012627)
energy : -2.175137 (0.000051)

kinetic : 2.180566 (0.012605)
potential : -4.355703 (0.012612)
energy : -2.175138 (0.000051)

kinetic : 2.181511 (0.012626)
potential : -4.356650 (0.012633)
energy : -2.175139 (0.000051)

kinetic : 2.181677 (0.012612)
potential : -4.356816 (0.012619)
energy : -2.175139 (0.000051)

kinetic : 2.181528 (0.012597)
potential : -4.356668 (0.012604)
energy : -2.175140 (0.000051)

kinetic : 2.182263 (0.012604)
potential : -4.357400 (0.012611)
energy : -2.175137 (0.000051)

kinetic : 2.183412 (0.012641)
potential : -4.358550 (0.012648)
energy : -2.175138 (0.000051)

kinetic : 2.183050 (0.012631)
potential : -4.358187 (0.012638)
energy : -2.175137 (0.000051)

kinetic : 2.183000 (0.012616)
potential : -4.358138 (0.012623)
energy : -2.175138 (0.000051)

kinetic : 2.183123 (0.012602)
potential : -4.358261 (0.012609)
energy : -2.175138 (0.000051)

kinetic : 2.182676 (0.012595)
potential : -4.357812 (0.012602)
energy : -2.175137 (0.000051)

kinetic : 2.182910 (0.012582)
potential : -4.358049 (0.012589)
energy : -2.175138 (0.000051)

kinetic : 2.182380 (0.012578)
potential : -4.357519 (0.012585)
energy : -2.175139 (0.000051)

kinetic : 2.182164 (0.012565)
potential : -4.357302 (0.012572)
energy : -2.175137 (0.000051)

kinetic : 2.181780 (0.012556)
potential : -4.356918 (0.012563)
energy : -2.175137 (0.000051)

kinetic : 2.181608 (0.012543)
potential : -4.356745 (0.012549)
energy : -2.175137 (0.000050)

kinetic : 2.181422 (0.012529)
potential : -4.356559 (0.012536)
energy : -2.175137 (0.000050)

kinetic : 2.180974 (0.012522)
potential : -4.356111 (0.012529)
energy : -2.175137 (0.000050)

kinetic : 2.180823 (0.012509)
potential : -4.355959 (0.012515)
energy : -2.175136 (0.000050)

kinetic : 2.180315 (0.012504)
potential : -4.355451 (0.012511)
energy : -2.175136 (0.000050)

kinetic : 2.180222 (0.012490)
potential : -4.355359 (0.012497)
energy : -2.175138 (0.000050)

kinetic : 2.179805 (0.012482)
potential : -4.354942 (0.012489)
energy : -2.175137 (0.000050)

kinetic : 2.179276 (0.012479)
potential : -4.354411 (0.012486)
energy : -2.175136 (0.000050)

kinetic : 2.179232 (0.012464)
potential : -4.354366 (0.012471)
energy : -2.175134 (0.000050)

kinetic : 2.179037 (0.012451)
potential : -4.354173 (0.012458)
energy : -2.175136 (0.000050)

kinetic : 2.179096 (0.012437)
potential : -4.354229 (0.012444)
energy : -2.175133 (0.000050)

kinetic : 2.178593 (0.012433)
potential : -4.353727 (0.012439)
energy : -2.175135 (0.000050)

kinetic : 2.178345 (0.012421)
potential : -4.353480 (0.012427)
energy : -2.175135 (0.000050)

kinetic : 2.178564 (0.012408)
potential : -4.353701 (0.012415)
energy : -2.175137 (0.000050)

kinetic : 2.179255 (0.012413)
potential : -4.354387 (0.012419)
energy : -2.175133 (0.000050)

kinetic : 2.179782 (0.012410)
potential : -4.354918 (0.012416)
energy : -2.175136 (0.000050)

kinetic : 2.179771 (0.012395)
potential : -4.354907 (0.012402)
energy : -2.175136 (0.000050)

kinetic : 2.179664 (0.012381)
potential : -4.354799 (0.012388)
energy : -2.175135 (0.000050)

kinetic : 2.179363 (0.012371)
potential : -4.354498 (0.012377)
energy : -2.175134 (0.000050)

kinetic : 2.179512 (0.012357)
potential : -4.354649 (0.012364)
energy : -2.175138 (0.000050)

kinetic : 2.179916 (0.012350)
potential : -4.355054 (0.012356)
energy : -2.175139 (0.000050)

kinetic : 2.180244 (0.012340)
potential : -4.355383 (0.012346)
energy : -2.175138 (0.000050)

kinetic : 2.180066 (0.012327)
potential : -4.355206 (0.012333)
energy : -2.175140 (0.000050)

kinetic : 2.181058 (0.012353)
potential : -4.356201 (0.012359)
energy : -2.175143 (0.000050)

kinetic : 2.181055 (0.012338)
potential : -4.356197 (0.012345)
energy : -2.175142 (0.000050)

kinetic : 2.181184 (0.012325)
potential : -4.356325 (0.012332)
energy : -2.175141 (0.000050)

kinetic : 2.181252 (0.012311)
potential : -4.356392 (0.012318)
energy : -2.175140 (0.000050)

kinetic : 2.181383 (0.012298)
potential : -4.356520 (0.012304)
energy : -2.175137 (0.000050)

kinetic : 2.181423 (0.012284)
potential : -4.356558 (0.012290)
energy : -2.175135 (0.000050)

kinetic : 2.180833 (0.012284)
potential : -4.355967 (0.012290)
energy : -2.175134 (0.000050)

kinetic : 2.181643 (0.012296)
potential : -4.356780 (0.012303)
energy : -2.175137 (0.000050)

kinetic : 2.182101 (0.012291)
potential : -4.357242 (0.012298)
energy : -2.175140 (0.000050)

kinetic : 2.182004 (0.012277)
potential : -4.357145 (0.012284)
energy : -2.175141 (0.000050)

kinetic : 2.183015 (0.012305)
potential : -4.358154 (0.012312)
energy : -2.175139 (0.000050)

kinetic : 2.182856 (0.012292)
potential : -4.357998 (0.012299)
energy : -2.175141 (0.000050)

kinetic : 2.182897 (0.012278)
potential : -4.358037 (0.012285)
energy : -2.175140 (0.000050)

kinetic : 2.182861 (0.012264)
potential : -4.358002 (0.012271)
energy : -2.175140 (0.000050)

kinetic : 2.182965 (0.012251)
potential : -4.358104 (0.012258)
energy : -2.175139 (0.000050)

kinetic : 2.182690 (0.012240)
potential : -4.357831 (0.012247)
energy : -2.175141 (0.000050)

kinetic : 2.182988 (0.012230)
potential : -4.358130 (0.012237)
energy : -2.175141 (0.000050)

kinetic : 2.183378 (0.012222)
potential : -4.358517 (0.012229)
energy : -2.175139 (0.000050)

kinetic : 2.182617 (0.012232)
potential : -4.357757 (0.012239)
energy : -2.175139 (0.000050)

kinetic : 2.182540 (0.012219)
potential : -4.357679 (0.012225)
energy : -2.175139 (0.000049)

kinetic : 2.182409 (0.012206)
potential : -4.357550 (0.012212)
energy : -2.175141 (0.000049)

kinetic : 2.182292 (0.012192)
potential : -4.357434 (0.012199)
energy : -2.175142 (0.000049)

kinetic : 2.182040 (0.012181)
potential : -4.357184 (0.012188)
energy : -2.175143 (0.000049)

kinetic : 2.182064 (0.012168)
potential : -4.357206 (0.012174)
energy : -2.175142 (0.000049)

kinetic : 2.181911 (0.012155)
potential : -4.357053 (0.012162)
energy : -2.175142 (0.000049)

kinetic : 2.181951 (0.012142)
potential : -4.357092 (0.012148)
energy : -2.175140 (0.000049)

kinetic : 2.181348 (0.012143)
potential : -4.356490 (0.012149)
energy : -2.175141 (0.000049)

kinetic : 2.181332 (0.012129)
potential : -4.356474 (0.012136)
energy : -2.175142 (0.000049)

kinetic : 2.181368 (0.012116)
potential : -4.356508 (0.012122)
energy : -2.175140 (0.000049)

kinetic : 2.181895 (0.012114)
potential : -4.357033 (0.012120)
energy : -2.175137 (0.000049)

kinetic : 2.181517 (0.012106)
potential : -4.356654 (0.012113)
energy : -2.175137 (0.000049)

kinetic : 2.181484 (0.012093)
potential : -4.356620 (0.012099)
energy : -2.175136 (0.000049)

kinetic : 2.181380 (0.012080)
potential : -4.356517 (0.012086)
energy : -2.175137 (0.000049)

kinetic : 2.180836 (0.012079)
potential : -4.355974 (0.012085)
energy : -2.175138 (0.000049)

kinetic : 2.181252 (0.012073)
potential : -4.356387 (0.012079)
energy : -2.175135 (0.000049)

kinetic : 2.181559 (0.012063)
potential : -4.356694 (0.012069)
energy : -2.175135 (0.000049)

kinetic : 2.181423 (0.012051)
potential : -4.356555 (0.012057)
energy : -2.175133 (0.000049)

kinetic : 2.181482 (0.012038)
potential : -4.356613 (0.012044)
energy : -2.175132 (0.000049)

kinetic : 2.181452 (0.012024)
potential : -4.356582 (0.012030)
energy : -2.175131 (0.000049)

kinetic : 2.181312 (0.012012)
potential : -4.356443 (0.012018)
energy : -2.175131 (0.000049)

kinetic : 2.181072 (0.012001)
potential : -4.356204 (0.012007)
energy : -2.175133 (0.000049)

kinetic : 2.180690 (0.011994)
potential : -4.355820 (0.012000)
energy : -2.175130 (0.000049)

kinetic : 2.180987 (0.011985)
potential : -4.356119 (0.011991)
energy : -2.175132 (0.000049)

kinetic : 2.180405 (0.011986)
potential : -4.355539 (0.011992)
energy : -2.175133 (0.000049)

kinetic : 2.180007 (0.011979)
potential : -4.355139 (0.011985)
energy : -2.175131 (0.000049)

kinetic : 2.179976 (0.011966)
potential : -4.355109 (0.011972)
energy : -2.175133 (0.000049)

kinetic : 2.180339 (0.011958)
potential : -4.355473 (0.011965)
energy : -2.175133 (0.000049)

kinetic : 2.180629 (0.011949)
potential : -4.355760 (0.011955)
energy : -2.175131 (0.000049)

kinetic : 2.180619 (0.011936)
potential : -4.355749 (0.011942)
energy : -2.175130 (0.000049)

kinetic : 2.180392 (0.011925)
potential : -4.355522 (0.011931)
energy : -2.175130 (0.000049)

kinetic : 2.180489 (0.011912)
potential : -4.355620 (0.011919)
energy : -2.175130 (0.000048)

kinetic : 2.180730 (0.011902)
potential : -4.355859 (0.011908)
energy : -2.175129 (0.000048)

kinetic : 2.180865 (0.011890)
potential : -4.355995 (0.011896)
energy : -2.175129 (0.000048)

kinetic : 2.180898 (0.011877)
potential : -4.356029 (0.011883)
energy : -2.175130 (0.000048)

kinetic : 2.180936 (0.011864)
potential : -4.356064 (0.011870)
energy : -2.175129 (0.000048)

kinetic : 2.180674 (0.011854)
potential : -4.355801 (0.011860)
energy : -2.175127 (0.000048)

kinetic : 2.180316 (0.011847)
potential : -4.355444 (0.011853)
energy : -2.175128 (0.000048)

kinetic : 2.180222 (0.011834)
potential : -4.355349 (0.011840)
energy : -2.175127 (0.000048)

kinetic : 2.179846 (0.011828)
potential : -4.354973 (0.011834)
energy : -2.175127 (0.000048)

kinetic : 2.179920 (0.011815)
potential : -4.355047 (0.011821)
energy : -2.175126 (0.000048)

kinetic : 2.179869 (0.011803)
potential : -4.354997 (0.011808)
energy : -2.175128 (0.000048)

kinetic : 2.179627 (0.011792)
potential : -4.354755 (0.011798)
energy : -2.175128 (0.000048)

kinetic : 2.179423 (0.011781)
potential : -4.354551 (0.011787)
energy : -2.175128 (0.000048)

kinetic : 2.179330 (0.011769)
potential : -4.354459 (0.011775)
energy : -2.175128 (0.000048)

kinetic : 2.179086 (0.011759)
potential : -4.354213 (0.011765)
energy : -2.175127 (0.000048)

kinetic : 2.178907 (0.011748)
potential : -4.354035 (0.011754)
energy : -2.175128 (0.000048)

kinetic : 2.178576 (0.011740)
potential : -4.353707 (0.011746)
energy : -2.175130 (0.000048)

kinetic : 2.178302 (0.011731)
potential : -4.353431 (0.011737)
energy : -2.175128 (0.000048)

kinetic : 2.177767 (0.011730)
potential : -4.352894 (0.011736)
energy : -2.175127 (0.000048)

kinetic : 2.177528 (0.011720)
potential : -4.352657 (0.011726)
energy : -2.175129 (0.000048)

kinetic : 2.177240 (0.011711)
potential : -4.352371 (0.011717)
energy : -2.175131 (0.000048)

kinetic : 2.177081 (0.011700)
potential : -4.352214 (0.011706)
energy : -2.175134 (0.000048)

kinetic : 2.177653 (0.011702)
potential : -4.352787 (0.011707)
energy : -2.175134 (0.000048)

kinetic : 2.177170 (0.011699)
potential : -4.352304 (0.011705)
energy : -2.175134 (0.000048)

kinetic : 2.177407 (0.011689)
potential : -4.352541 (0.011695)
energy : -2.175134 (0.000048)

kinetic : 2.178083 (0.011696)
potential : -4.353217 (0.011702)
energy : -2.175134 (0.000048)

kinetic : 2.177544 (0.011696)
potential : -4.352677 (0.011702)
energy : -2.175133 (0.000048)

kinetic : 2.177660 (0.011685)
potential : -4.352792 (0.011690)
energy : -2.175132 (0.000048)

kinetic : 2.177334 (0.011677)
potential : -4.352465 (0.011683)
energy : -2.175132 (0.000048)

kinetic : 2.177478 (0.011665)
potential : -4.352608 (0.011671)
energy : -2.175130 (0.000048)

kinetic : 2.177216 (0.011656)
potential : -4.352344 (0.011662)
energy : -2.175128 (0.000048)

kinetic : 2.177113 (0.011644)
potential : -4.352240 (0.011650)
energy : -2.175127 (0.000047)

kinetic : 2.176478 (0.011649)
potential : -4.351604 (0.011655)
energy : -2.175127 (0.000047)

kinetic : 2.176483 (0.011637)
potential : -4.351609 (0.011643)
energy : -2.175126 (0.000047)

kinetic : 2.177349 (0.011657)
potential : -4.352473 (0.011663)
energy : -2.175124 (0.000047)

kinetic : 2.177503 (0.011646)
potential : -4.352624 (0.011651)
energy : -2.175122 (0.000047)

kinetic : 2.178373 (0.011666)
potential : -4.353494 (0.011672)
energy : -2.175121 (0.000047)

kinetic : 2.178183 (0.011656)
potential : -4.353304 (0.011661)
energy : -2.175122 (0.000047)

kinetic : 2.177830 (0.011649)
potential : -4.352954 (0.011654)
energy : -2.175124 (0.000047)

kinetic : 2.177754 (0.011637)
potential : -4.352879 (0.011642)
energy : -2.175125 (0.000047)

kinetic : 2.177698 (0.011625)
potential : -4.352824 (0.011630)
energy : -2.175126 (0.000047)

kinetic : 2.177452 (0.011615)
potential : -4.352575 (0.011621)
energy : -2.175123 (0.000047)

kinetic : 2.177252 (0.011605)
potential : -4.352375 (0.011610)
energy : -2.175122 (0.000047)

kinetic : 2.177405 (0.011594)
potential : -4.352529 (0.011599)
energy : -2.175124 (0.000047)

kinetic : 2.177539 (0.011583)
potential : -4.352663 (0.011588)
energy : -2.175123 (0.000047)

kinetic : 2.177165 (0.011577)
potential : -4.352287 (0.011582)
energy : -2.175122 (0.000047)

kinetic : 2.176932 (0.011567)
potential : -4.352054 (0.011573)
energy : -2.175122 (0.000047)

kinetic : 2.176431 (0.011566)
potential : -4.351553 (0.011571)
energy : -2.175122 (0.000047)

kinetic : 2.176840 (0.011561)
potential : -4.351961 (0.011567)
energy : -2.175121 (0.000047)

kinetic : 2.176587 (0.011552)
potential : -4.351705 (0.011558)
energy : -2.175119 (0.000047)

kinetic : 2.176647 (0.011540)
potential : -4.351766 (0.011546)
energy : -2.175119 (0.000047)

kinetic : 2.176687 (0.011529)
potential : -4.351808 (0.011534)
energy : -2.175120 (0.000047)

kinetic : 2.176611 (0.011517)
potential : -4.351732 (0.011522)
energy : -2.175121 (0.000047)

kinetic : 2.176264 (0.011510)
potential : -4.351384 (0.011516)
energy : -2.175120 (0.000047)

kinetic : 2.175962 (0.011503)
potential : -4.351081 (0.011508)
energy : -2.175119 (0.000047)

kinetic : 2.175982 (0.011491)
potential : -4.351102 (0.011496)
energy : -2.175120 (0.000047)

kinetic : 2.175718 (0.011482)
potential : -4.350837 (0.011487)
energy : -2.175119 (0.000047)

kinetic : 2.175863 (0.011471)
potential : -4.350980 (0.011477)
energy : -2.175117 (0.000047)

kinetic : 2.176080 (0.011461)
potential : -4.351197 (0.011467)
energy : -2.175116 (0.000047)

kinetic : 2.175968 (0.011450)
potential : -4.351084 (0.011456)
energy : -2.175115 (0.000047)

kinetic : 2.175822 (0.011440)
potential : -4.350939 (0.011445)
energy : -2.175117 (0.000047)

kinetic : 2.175895 (0.011428)
potential : -4.351011 (0.011433)
energy : -2.175116 (0.000047)

kinetic : 2.176924 (0.011463)
potential : -4.352042 (0.011468)
energy : -2.175118 (0.000047)

kinetic : 2.176682 (0.011454)
potential : -4.351800 (0.011459)
energy : -2.175118 (0.000047)

kinetic : 2.176514 (0.011443)
potential : -4.351632 (0.011449)
energy : -2.175118 (0.000047)

kinetic : 2.176445 (0.011432)
potential : -4.351561 (0.011437)
energy : -2.175116 (0.000046)

kinetic : 2.176465 (0.011420)
potential : -4.351579 (0.011426)
energy : -2.175115 (0.000046)

kinetic : 2.176383 (0.011409)
potential : -4.351497 (0.011414)
energy : -2.175114 (0.000046)

kinetic : 2.176976 (0.011413)
potential : -4.352087 (0.011418)
energy : -2.175111 (0.000046)

kinetic : 2.177287 (0.011405)
potential : -4.352398 (0.011411)
energy : -2.175111 (0.000046)

kinetic : 2.176880 (0.011401)
potential : -4.351990 (0.011407)
energy : -2.175110 (0.000046)

kinetic : 2.176407 (0.011400)
potential : -4.351515 (0.011405)
energy : -2.175108 (0.000046)

kinetic : 2.175870 (0.011401)
potential : -4.350977 (0.011406)
energy : -2.175107 (0.000046)

kinetic : 2.175471 (0.011396)
potential : -4.350579 (0.011402)
energy : -2.175108 (0.000046)

kinetic : 2.175461 (0.011385)
potential : -4.350568 (0.011390)
energy : -2.175107 (0.000046)

kinetic : 2.175280 (0.011375)
potential : -4.350386 (0.011380)
energy : -2.175106 (0.000046)

kinetic : 2.175433 (0.011364)
potential : -4.350539 (0.011370)
energy : -2.175106 (0.000046)

kinetic : 2.175864 (0.011361)
potential : -4.350971 (0.011367)
energy : -2.175107 (0.000046)

kinetic : 2.176663 (0.011378)
potential : -4.351770 (0.011383)
energy : -2.175107 (0.000046)

kinetic : 2.177582 (0.011403)
potential : -4.352689 (0.011409)
energy : -2.175107 (0.000046)

kinetic : 2.177658 (0.011392)
potential : -4.352766 (0.011398)
energy : -2.175108 (0.000046)
         kinetic: 2.178(11), Sigma: 3.942, T_corr: 8.4
       potential: -4.353(11), Sigma: 3.945, T_corr: 8.3
          energy: -2.175108(46), Sigma: 0.024, T_corr: 3.8

For tau = 2.50e-01, acceptance ratio = 0.72
Time: 482.19s
