
kinetic : 1.987849 (inf)
potential : -4.163228 (inf)
energy : -2.175379 (inf)

kinetic : 2.061961 (inf)
potential : -4.237219 (inf)
energy : -2.175258 (inf)

kinetic : 2.129557 (0.067596)
potential : -4.305133 (0.067914)
energy : -2.175576 (0.000318)

kinetic : 2.096809 (0.050946)
potential : -4.272382 (0.051088)
energy : -2.175573 (0.000184)

kinetic : 2.217636 (0.126083)
potential : -4.393002 (0.125914)
energy : -2.175366 (0.000244)

kinetic : 2.179617 (0.104803)
potential : -4.354753 (0.104764)
energy : -2.175136 (0.000298)

kinetic : 2.180306 (0.085574)
potential : -4.355721 (0.085545)
energy : -2.175416 (0.000370)

kinetic : 2.284565 (0.126889)
potential : -4.460105 (0.126977)
energy : -2.175540 (0.000337)

kinetic : 2.326448 (0.117600)
potential : -4.501597 (0.117533)
energy : -2.175150 (0.000487)

kinetic : 2.328847 (0.103741)
potential : -4.504252 (0.103688)
energy : -2.175405 (0.000500)

kinetic : 2.359019 (0.097571)
potential : -4.534618 (0.097586)
energy : -2.175598 (0.000487)

kinetic : 2.343718 (0.089573)
potential : -4.519557 (0.089546)
energy : -2.175839 (0.000502)

kinetic : 2.337772 (0.081984)
potential : -4.513313 (0.081982)
energy : -2.175542 (0.000546)

kinetic : 2.434530 (0.122677)
potential : -4.610033 (0.122644)
energy : -2.175502 (0.000504)

kinetic : 2.415008 (0.115242)
potential : -4.590395 (0.115232)
energy : -2.175387 (0.000481)

kinetic : 2.400653 (0.108241)
potential : -4.575818 (0.108261)
energy : -2.175165 (0.000500)

kinetic : 2.392419 (0.101584)
potential : -4.567776 (0.101588)
energy : -2.175356 (0.000505)

kinetic : 2.377631 (0.096561)
potential : -4.552949 (0.096570)
energy : -2.175318 (0.000476)

kinetic : 2.394146 (0.092524)
potential : -4.569446 (0.092530)
energy : -2.175300 (0.000449)

kinetic : 2.385929 (0.087904)
potential : -4.561259 (0.087906)
energy : -2.175330 (0.000426)

kinetic : 2.377726 (0.083796)
potential : -4.553001 (0.083803)
energy : -2.175275 (0.000408)

kinetic : 2.354795 (0.082939)
potential : -4.530057 (0.082949)
energy : -2.175262 (0.000388)

kinetic : 2.337914 (0.080861)
potential : -4.513195 (0.080866)
energy : -2.175280 (0.000370)

kinetic : 2.331218 (0.077555)
potential : -4.506399 (0.077569)
energy : -2.175181 (0.000368)

kinetic : 2.324354 (0.074569)
potential : -4.499570 (0.074580)
energy : -2.175215 (0.000354)

kinetic : 2.301591 (0.075059)
potential : -4.476753 (0.075085)
energy : -2.175162 (0.000343)

kinetic : 2.285174 (0.073960)
potential : -4.460236 (0.074006)
energy : -2.175063 (0.000345)

kinetic : 2.308514 (0.074898)
potential : -4.483519 (0.074922)
energy : -2.175005 (0.000337)

kinetic : 2.295309 (0.073371)
potential : -4.470255 (0.073405)
energy : -2.174946 (0.000330)

kinetic : 2.291599 (0.070893)
potential : -4.466550 (0.070925)
energy : -2.174951 (0.000318)

kinetic : 2.280063 (0.069454)
potential : -4.455030 (0.069482)
energy : -2.174967 (0.000308)

kinetic : 2.268795 (0.068115)
potential : -4.443754 (0.068143)
energy : -2.174959 (0.000298)

kinetic : 2.262041 (0.066297)
potential : -4.437002 (0.066323)
energy : -2.174962 (0.000288)

kinetic : 2.255119 (0.064628)
potential : -4.430062 (0.064656)
energy : -2.174943 (0.000280)

kinetic : 2.240151 (0.064460)
potential : -4.415119 (0.064481)
energy : -2.174968 (0.000273)

kinetic : 2.229307 (0.063524)
potential : -4.404223 (0.063552)
energy : -2.174917 (0.000270)

kinetic : 2.229934 (0.061737)
potential : -4.404928 (0.061766)
energy : -2.174995 (0.000274)

kinetic : 2.231546 (0.060067)
potential : -4.406525 (0.060094)
energy : -2.174979 (0.000267)

kinetic : 2.227247 (0.058623)
potential : -4.402194 (0.058652)
energy : -2.174947 (0.000262)

kinetic : 2.220736 (0.057470)
potential : -4.395661 (0.057500)
energy : -2.174925 (0.000256)

kinetic : 2.217895 (0.056087)
potential : -4.392854 (0.056115)
energy : -2.174958 (0.000252)

kinetic : 2.202804 (0.056745)
potential : -4.377728 (0.056780)
energy : -2.174924 (0.000248)

kinetic : 2.215160 (0.056739)
potential : -4.390180 (0.056794)
energy : -2.175020 (0.000260)

kinetic : 2.208883 (0.055759)
potential : -4.383945 (0.055807)
energy : -2.175062 (0.000258)

kinetic : 2.222136 (0.056066)
potential : -4.397188 (0.056109)
energy : -2.175052 (0.000252)

kinetic : 2.220435 (0.054832)
potential : -4.395530 (0.054873)
energy : -2.175095 (0.000250)

kinetic : 2.228225 (0.054190)
potential : -4.403375 (0.054237)
energy : -2.175150 (0.000250)

kinetic : 2.222000 (0.053388)
potential : -4.397139 (0.053436)
energy : -2.175139 (0.000245)

kinetic : 2.219548 (0.052322)
potential : -4.394653 (0.052370)
energy : -2.175105 (0.000242)

kinetic : 2.218004 (0.051266)
potential : -4.393121 (0.051313)
energy : -2.175118 (0.000238)

kinetic : 2.218359 (0.050232)
potential : -4.393553 (0.050278)
energy : -2.175194 (0.000245)

kinetic : 2.231446 (0.050946)
potential : -4.406579 (0.050975)
energy : -2.175134 (0.000248)

kinetic : 2.223210 (0.050631)
potential : -4.398347 (0.050658)
energy : -2.175137 (0.000243)

kinetic : 2.219006 (0.049844)
potential : -4.394100 (0.049874)
energy : -2.175094 (0.000242)

kinetic : 2.226395 (0.049467)
potential : -4.401484 (0.049496)
energy : -2.175089 (0.000238)

kinetic : 2.221742 (0.048782)
potential : -4.396784 (0.048814)
energy : -2.175041 (0.000238)

kinetic : 2.214447 (0.048455)
potential : -4.389473 (0.048489)
energy : -2.175026 (0.000235)

kinetic : 2.216924 (0.047662)
potential : -4.391966 (0.047696)
energy : -2.175043 (0.000231)

kinetic : 2.215436 (0.046857)
potential : -4.390472 (0.046890)
energy : -2.175036 (0.000227)

kinetic : 2.218481 (0.046156)
potential : -4.393530 (0.046190)
energy : -2.175049 (0.000224)

kinetic : 2.217816 (0.045385)
potential : -4.392860 (0.045418)
energy : -2.175044 (0.000220)

kinetic : 2.212952 (0.044899)
potential : -4.387986 (0.044933)
energy : -2.175034 (0.000217)

kinetic : 2.211112 (0.044207)
potential : -4.386148 (0.044240)
energy : -2.175035 (0.000213)

kinetic : 2.213665 (0.043575)
potential : -4.388791 (0.043613)
energy : -2.175126 (0.000228)

kinetic : 2.207818 (0.043285)
potential : -4.382923 (0.043325)
energy : -2.175105 (0.000226)

kinetic : 2.214246 (0.043096)
potential : -4.389384 (0.043140)
energy : -2.175139 (0.000225)

kinetic : 2.225646 (0.043943)
potential : -4.400769 (0.043980)
energy : -2.175123 (0.000222)

kinetic : 2.222532 (0.043394)
potential : -4.397671 (0.043430)
energy : -2.175139 (0.000219)

kinetic : 2.219675 (0.042846)
potential : -4.394789 (0.042883)
energy : -2.175114 (0.000217)

kinetic : 2.215021 (0.042477)
potential : -4.390177 (0.042508)
energy : -2.175156 (0.000218)

kinetic : 2.209281 (0.042257)
potential : -4.384416 (0.042291)
energy : -2.175135 (0.000216)

kinetic : 2.209737 (0.041660)
potential : -4.384842 (0.041693)
energy : -2.175106 (0.000215)

kinetic : 2.214492 (0.041352)
potential : -4.389576 (0.041381)
energy : -2.175084 (0.000213)

kinetic : 2.219169 (0.041049)
potential : -4.394259 (0.041078)
energy : -2.175090 (0.000210)

kinetic : 2.228754 (0.041609)
potential : -4.403813 (0.041631)
energy : -2.175058 (0.000210)

kinetic : 2.223340 (0.041406)
potential : -4.398383 (0.041429)
energy : -2.175044 (0.000208)

kinetic : 2.221683 (0.040891)
potential : -4.396718 (0.040914)
energy : -2.175035 (0.000205)

kinetic : 2.219170 (0.040435)
potential : -4.394217 (0.040457)
energy : -2.175047 (0.000203)

kinetic : 2.212147 (0.040527)
potential : -4.387174 (0.040551)
energy : -2.175027 (0.000201)

kinetic : 2.209525 (0.040096)
potential : -4.384587 (0.040118)
energy : -2.175062 (0.000202)

kinetic : 2.207673 (0.039635)
potential : -4.382713 (0.039658)
energy : -2.175039 (0.000200)

kinetic : 2.204315 (0.039286)
potential : -4.379350 (0.039309)
energy : -2.175035 (0.000198)

kinetic : 2.198751 (0.039201)
potential : -4.373805 (0.039221)
energy : -2.175054 (0.000196)

kinetic : 2.197832 (0.038737)
potential : -4.372883 (0.038756)
energy : -2.175050 (0.000194)

kinetic : 2.191148 (0.038852)
potential : -4.366191 (0.038872)
energy : -2.175043 (0.000192)

kinetic : 2.195829 (0.038677)
potential : -4.370898 (0.038699)
energy : -2.175069 (0.000191)

kinetic : 2.198405 (0.038311)
potential : -4.373482 (0.038334)
energy : -2.175077 (0.000189)

kinetic : 2.192152 (0.038381)
potential : -4.367252 (0.038400)
energy : -2.175099 (0.000188)

kinetic : 2.187954 (0.038174)
potential : -4.363063 (0.038191)
energy : -2.175109 (0.000186)

kinetic : 2.185275 (0.037837)
potential : -4.360428 (0.037851)
energy : -2.175154 (0.000190)

kinetic : 2.186117 (0.037424)
potential : -4.361276 (0.037438)
energy : -2.175159 (0.000188)

kinetic : 2.188691 (0.037100)
potential : -4.363875 (0.037115)
energy : -2.175184 (0.000187)

kinetic : 2.183873 (0.037009)
potential : -4.359048 (0.037026)
energy : -2.175175 (0.000185)

kinetic : 2.180608 (0.036755)
potential : -4.355786 (0.036771)
energy : -2.175178 (0.000183)

kinetic : 2.178871 (0.036403)
potential : -4.354055 (0.036418)
energy : -2.175184 (0.000182)

kinetic : 2.174482 (0.036284)
potential : -4.349654 (0.036301)
energy : -2.175172 (0.000180)

kinetic : 2.170124 (0.036168)
potential : -4.345263 (0.036188)
energy : -2.175140 (0.000181)

kinetic : 2.165682 (0.036068)
potential : -4.340817 (0.036088)
energy : -2.175135 (0.000179)

kinetic : 2.166151 (0.035701)
potential : -4.341290 (0.035721)
energy : -2.175140 (0.000177)

kinetic : 2.163774 (0.035418)
potential : -4.338913 (0.035438)
energy : -2.175139 (0.000176)

kinetic : 2.165008 (0.035084)
potential : -4.340148 (0.035104)
energy : -2.175140 (0.000174)

kinetic : 2.167807 (0.034847)
potential : -4.342941 (0.034866)
energy : -2.175134 (0.000172)

kinetic : 2.163969 (0.034717)
potential : -4.339086 (0.034738)
energy : -2.175117 (0.000171)

kinetic : 2.161358 (0.034477)
potential : -4.336470 (0.034498)
energy : -2.175113 (0.000170)

kinetic : 2.159620 (0.034188)
potential : -4.334737 (0.034209)
energy : -2.175117 (0.000168)

kinetic : 2.158989 (0.033867)
potential : -4.334106 (0.033887)
energy : -2.175117 (0.000167)

kinetic : 2.155663 (0.033710)
potential : -4.330770 (0.033731)
energy : -2.175107 (0.000165)

kinetic : 2.157095 (0.033425)
potential : -4.332193 (0.033445)
energy : -2.175098 (0.000164)

kinetic : 2.164900 (0.034021)
potential : -4.339983 (0.034037)
energy : -2.175083 (0.000163)

kinetic : 2.170036 (0.034096)
potential : -4.345102 (0.034110)
energy : -2.175066 (0.000163)

kinetic : 2.168386 (0.033825)
potential : -4.343468 (0.033838)
energy : -2.175082 (0.000162)

kinetic : 2.173118 (0.033852)
potential : -4.348220 (0.033866)
energy : -2.175102 (0.000162)

kinetic : 2.170720 (0.033633)
potential : -4.345802 (0.033650)
energy : -2.175081 (0.000162)

kinetic : 2.171506 (0.033344)
potential : -4.346576 (0.033360)
energy : -2.175070 (0.000161)

kinetic : 2.173777 (0.033128)
potential : -4.348852 (0.033144)
energy : -2.175075 (0.000159)

kinetic : 2.173219 (0.032843)
potential : -4.348279 (0.032859)
energy : -2.175059 (0.000159)

kinetic : 2.172912 (0.032560)
potential : -4.347958 (0.032576)
energy : -2.175045 (0.000158)

kinetic : 2.172629 (0.032282)
potential : -4.347662 (0.032298)
energy : -2.175033 (0.000157)

kinetic : 2.169413 (0.032168)
potential : -4.344458 (0.032183)
energy : -2.175045 (0.000156)

kinetic : 2.166481 (0.032032)
potential : -4.341533 (0.032045)
energy : -2.175052 (0.000155)

kinetic : 2.164905 (0.031803)
potential : -4.339965 (0.031816)
energy : -2.175060 (0.000154)

kinetic : 2.161972 (0.031675)
potential : -4.337044 (0.031687)
energy : -2.175071 (0.000153)

kinetic : 2.157819 (0.031687)
potential : -4.332899 (0.031698)
energy : -2.175080 (0.000152)

kinetic : 2.156279 (0.031466)
potential : -4.331359 (0.031477)
energy : -2.175080 (0.000151)

kinetic : 2.163086 (0.031945)
potential : -4.338157 (0.031954)
energy : -2.175071 (0.000150)

kinetic : 2.159001 (0.031951)
potential : -4.334072 (0.031959)
energy : -2.175071 (0.000149)

kinetic : 2.158490 (0.031700)
potential : -4.333564 (0.031709)
energy : -2.175075 (0.000148)

kinetic : 2.158473 (0.031450)
potential : -4.333542 (0.031458)
energy : -2.175069 (0.000146)

kinetic : 2.158964 (0.031207)
potential : -4.334037 (0.031215)
energy : -2.175074 (0.000145)

kinetic : 2.159818 (0.030976)
potential : -4.334878 (0.030984)
energy : -2.175060 (0.000145)

kinetic : 2.158197 (0.030779)
potential : -4.333251 (0.030787)
energy : -2.175054 (0.000144)

kinetic : 2.161810 (0.030756)
potential : -4.336884 (0.030767)
energy : -2.175074 (0.000144)

kinetic : 2.164756 (0.030664)
potential : -4.339866 (0.030678)
energy : -2.175110 (0.000148)

kinetic : 2.163168 (0.030474)
potential : -4.338286 (0.030487)
energy : -2.175118 (0.000147)

kinetic : 2.161273 (0.030305)
potential : -4.336387 (0.030319)
energy : -2.175114 (0.000146)

kinetic : 2.161885 (0.030086)
potential : -4.336988 (0.030099)
energy : -2.175103 (0.000145)

kinetic : 2.161370 (0.029869)
potential : -4.336451 (0.029882)
energy : -2.175081 (0.000146)

kinetic : 2.164615 (0.029827)
potential : -4.339683 (0.029839)
energy : -2.175068 (0.000145)

kinetic : 2.164066 (0.029615)
potential : -4.339139 (0.029626)
energy : -2.175073 (0.000144)

kinetic : 2.167101 (0.029557)
potential : -4.342172 (0.029569)
energy : -2.175072 (0.000143)

kinetic : 2.166619 (0.029349)
potential : -4.341674 (0.029361)
energy : -2.175055 (0.000143)

kinetic : 2.167569 (0.029156)
potential : -4.342628 (0.029167)
energy : -2.175059 (0.000142)

kinetic : 2.165203 (0.029046)
potential : -4.340274 (0.029057)
energy : -2.175071 (0.000142)

kinetic : 2.166445 (0.028869)
potential : -4.341519 (0.028880)
energy : -2.175074 (0.000141)

kinetic : 2.174960 (0.029906)
potential : -4.350035 (0.029916)
energy : -2.175075 (0.000140)

kinetic : 2.175683 (0.029708)
potential : -4.350767 (0.029718)
energy : -2.175084 (0.000139)

kinetic : 2.174438 (0.029530)
potential : -4.349531 (0.029540)
energy : -2.175093 (0.000138)

kinetic : 2.171445 (0.029481)
potential : -4.346542 (0.029490)
energy : -2.175098 (0.000137)

kinetic : 2.171701 (0.029282)
potential : -4.346794 (0.029291)
energy : -2.175093 (0.000137)

kinetic : 2.173939 (0.029171)
potential : -4.349030 (0.029180)
energy : -2.175091 (0.000136)

kinetic : 2.173291 (0.028983)
potential : -4.348371 (0.028992)
energy : -2.175079 (0.000135)

kinetic : 2.171469 (0.028848)
potential : -4.346555 (0.028856)
energy : -2.175086 (0.000135)

kinetic : 2.168124 (0.028852)
potential : -4.343192 (0.028862)
energy : -2.175069 (0.000135)

kinetic : 2.167153 (0.028679)
potential : -4.342220 (0.028690)
energy : -2.175067 (0.000134)

kinetic : 2.163564 (0.028718)
potential : -4.338625 (0.028729)
energy : -2.175061 (0.000133)

kinetic : 2.165624 (0.028606)
potential : -4.340686 (0.028617)
energy : -2.175062 (0.000132)

kinetic : 2.165370 (0.028423)
potential : -4.340417 (0.028434)
energy : -2.175047 (0.000132)

kinetic : 2.167156 (0.028298)
potential : -4.342203 (0.028309)
energy : -2.175048 (0.000131)

kinetic : 2.168041 (0.028132)
potential : -4.343086 (0.028143)
energy : -2.175045 (0.000131)

kinetic : 2.168976 (0.027970)
potential : -4.344024 (0.027981)
energy : -2.175048 (0.000130)

kinetic : 2.169458 (0.027799)
potential : -4.344512 (0.027810)
energy : -2.175054 (0.000129)

kinetic : 2.170675 (0.027653)
potential : -4.345718 (0.027663)
energy : -2.175043 (0.000129)

kinetic : 2.171262 (0.027488)
potential : -4.346302 (0.027498)
energy : -2.175040 (0.000128)

kinetic : 2.170292 (0.027336)
potential : -4.345341 (0.027346)
energy : -2.175049 (0.000128)

kinetic : 2.170931 (0.027176)
potential : -4.345991 (0.027186)
energy : -2.175059 (0.000127)

kinetic : 2.171037 (0.027011)
potential : -4.346099 (0.027021)
energy : -2.175062 (0.000127)

kinetic : 2.172386 (0.026882)
potential : -4.347440 (0.026891)
energy : -2.175054 (0.000126)

kinetic : 2.171013 (0.026756)
potential : -4.346061 (0.026765)
energy : -2.175048 (0.000125)

kinetic : 2.167710 (0.026800)
potential : -4.342745 (0.026811)
energy : -2.175036 (0.000125)

kinetic : 2.165366 (0.026744)
potential : -4.340394 (0.026756)
energy : -2.175028 (0.000125)

kinetic : 2.167133 (0.026645)
potential : -4.342204 (0.026660)
energy : -2.175071 (0.000131)

kinetic : 2.164906 (0.026582)
potential : -4.339972 (0.026597)
energy : -2.175066 (0.000131)

kinetic : 2.167611 (0.026565)
potential : -4.342689 (0.026581)
energy : -2.175078 (0.000130)

kinetic : 2.168561 (0.026428)
potential : -4.343628 (0.026444)
energy : -2.175067 (0.000130)

kinetic : 2.169855 (0.026308)
potential : -4.344924 (0.026323)
energy : -2.175069 (0.000129)

kinetic : 2.169681 (0.026158)
potential : -4.344753 (0.026173)
energy : -2.175073 (0.000129)

kinetic : 2.172145 (0.026125)
potential : -4.347226 (0.026141)
energy : -2.175081 (0.000128)

kinetic : 2.170101 (0.026057)
potential : -4.345182 (0.026073)
energy : -2.175081 (0.000127)

kinetic : 2.171367 (0.025941)
potential : -4.346439 (0.025956)
energy : -2.175072 (0.000127)

kinetic : 2.171413 (0.025796)
potential : -4.346477 (0.025811)
energy : -2.175064 (0.000127)

kinetic : 2.176492 (0.026150)
potential : -4.351554 (0.026165)
energy : -2.175062 (0.000126)

kinetic : 2.175706 (0.026017)
potential : -4.350771 (0.026031)
energy : -2.175066 (0.000125)

kinetic : 2.176497 (0.025886)
potential : -4.351569 (0.025900)
energy : -2.175072 (0.000125)

kinetic : 2.176907 (0.025748)
potential : -4.351968 (0.025761)
energy : -2.175061 (0.000125)

kinetic : 2.177278 (0.025610)
potential : -4.352338 (0.025624)
energy : -2.175060 (0.000124)

kinetic : 2.178563 (0.025504)
potential : -4.353633 (0.025518)
energy : -2.175070 (0.000124)

kinetic : 2.176739 (0.025432)
potential : -4.351805 (0.025446)
energy : -2.175066 (0.000123)

kinetic : 2.179428 (0.025438)
potential : -4.354485 (0.025451)
energy : -2.175057 (0.000123)

kinetic : 2.180800 (0.025339)
potential : -4.355894 (0.025354)
energy : -2.175094 (0.000127)

kinetic : 2.180833 (0.025205)
potential : -4.355924 (0.025220)
energy : -2.175091 (0.000127)

kinetic : 2.181444 (0.025079)
potential : -4.356553 (0.025095)
energy : -2.175109 (0.000127)

kinetic : 2.180278 (0.024975)
potential : -4.355391 (0.024990)
energy : -2.175113 (0.000127)

kinetic : 2.179023 (0.024876)
potential : -4.354146 (0.024891)
energy : -2.175123 (0.000127)

kinetic : 2.176193 (0.024908)
potential : -4.351315 (0.024923)
energy : -2.175122 (0.000126)

kinetic : 2.175717 (0.024784)
potential : -4.350855 (0.024798)
energy : -2.175137 (0.000126)

kinetic : 2.173733 (0.024736)
potential : -4.348859 (0.024751)
energy : -2.175126 (0.000126)

kinetic : 2.173449 (0.024611)
potential : -4.348568 (0.024626)
energy : -2.175119 (0.000126)

kinetic : 2.173374 (0.024486)
potential : -4.348489 (0.024501)
energy : -2.175115 (0.000125)

kinetic : 2.172923 (0.024367)
potential : -4.348020 (0.024382)
energy : -2.175097 (0.000126)

kinetic : 2.172450 (0.024248)
potential : -4.347552 (0.024263)
energy : -2.175102 (0.000125)

kinetic : 2.171488 (0.024146)
potential : -4.346584 (0.024161)
energy : -2.175096 (0.000125)

kinetic : 2.172447 (0.024045)
potential : -4.347538 (0.024059)
energy : -2.175090 (0.000124)

kinetic : 2.170243 (0.024027)
potential : -4.345339 (0.024041)
energy : -2.175096 (0.000124)

kinetic : 2.170184 (0.023908)
potential : -4.345270 (0.023922)
energy : -2.175086 (0.000123)

kinetic : 2.169843 (0.023793)
potential : -4.344922 (0.023807)
energy : -2.175079 (0.000123)

kinetic : 2.170216 (0.023680)
potential : -4.345292 (0.023694)
energy : -2.175076 (0.000122)

kinetic : 2.169594 (0.023573)
potential : -4.344676 (0.023586)
energy : -2.175082 (0.000122)

kinetic : 2.175047 (0.024084)
potential : -4.350134 (0.024098)
energy : -2.175087 (0.000121)

kinetic : 2.179360 (0.024353)
potential : -4.354442 (0.024366)
energy : -2.175082 (0.000121)

kinetic : 2.181916 (0.024370)
potential : -4.356998 (0.024384)
energy : -2.175082 (0.000120)

kinetic : 2.181241 (0.024263)
potential : -4.356324 (0.024277)
energy : -2.175083 (0.000120)

kinetic : 2.179494 (0.024211)
potential : -4.354579 (0.024224)
energy : -2.175086 (0.000119)

kinetic : 2.178975 (0.024102)
potential : -4.354058 (0.024115)
energy : -2.175083 (0.000119)

kinetic : 2.180103 (0.024016)
potential : -4.355184 (0.024028)
energy : -2.175081 (0.000118)

kinetic : 2.180783 (0.023913)
potential : -4.355879 (0.023926)
energy : -2.175096 (0.000118)

kinetic : 2.180756 (0.023801)
potential : -4.355844 (0.023814)
energy : -2.175088 (0.000118)

kinetic : 2.179840 (0.023709)
potential : -4.354919 (0.023722)
energy : -2.175079 (0.000118)

kinetic : 2.179419 (0.023603)
potential : -4.354498 (0.023616)
energy : -2.175080 (0.000117)

kinetic : 2.180532 (0.023521)
potential : -4.355616 (0.023534)
energy : -2.175083 (0.000117)

kinetic : 2.180892 (0.023416)
potential : -4.355977 (0.023429)
energy : -2.175085 (0.000116)

kinetic : 2.179221 (0.023369)
potential : -4.354299 (0.023383)
energy : -2.175078 (0.000116)

kinetic : 2.178662 (0.023270)
potential : -4.353742 (0.023283)
energy : -2.175080 (0.000116)

kinetic : 2.188969 (0.025354)
potential : -4.364068 (0.025374)
energy : -2.175099 (0.000117)

kinetic : 2.189453 (0.025245)
potential : -4.364551 (0.025265)
energy : -2.175098 (0.000116)

kinetic : 2.187751 (0.025190)
potential : -4.362854 (0.025209)
energy : -2.175103 (0.000116)

kinetic : 2.186961 (0.025090)
potential : -4.362059 (0.025109)
energy : -2.175098 (0.000115)

kinetic : 2.185880 (0.025002)
potential : -4.360980 (0.025021)
energy : -2.175100 (0.000115)

kinetic : 2.186068 (0.024892)
potential : -4.361175 (0.024911)
energy : -2.175107 (0.000115)

kinetic : 2.185791 (0.024784)
potential : -4.360906 (0.024803)
energy : -2.175115 (0.000114)

kinetic : 2.185710 (0.024676)
potential : -4.360814 (0.024695)
energy : -2.175104 (0.000114)

kinetic : 2.184537 (0.024596)
potential : -4.359645 (0.024615)
energy : -2.175108 (0.000114)

kinetic : 2.187325 (0.024648)
potential : -4.362426 (0.024666)
energy : -2.175101 (0.000114)

kinetic : 2.197717 (0.026651)
potential : -4.372821 (0.026669)
energy : -2.175105 (0.000113)

kinetic : 2.196331 (0.026572)
potential : -4.371445 (0.026590)
energy : -2.175114 (0.000113)

kinetic : 2.194517 (0.026521)
potential : -4.369625 (0.026538)
energy : -2.175108 (0.000113)

kinetic : 2.192974 (0.026453)
potential : -4.368079 (0.026470)
energy : -2.175106 (0.000112)

kinetic : 2.191653 (0.026373)
potential : -4.366751 (0.026391)
energy : -2.175098 (0.000112)

kinetic : 2.193545 (0.026330)
potential : -4.368640 (0.026348)
energy : -2.175095 (0.000112)

kinetic : 2.191827 (0.026275)
potential : -4.366924 (0.026293)
energy : -2.175096 (0.000111)

kinetic : 2.193377 (0.026211)
potential : -4.368471 (0.026228)
energy : -2.175094 (0.000111)

kinetic : 2.195522 (0.026190)
potential : -4.370625 (0.026207)
energy : -2.175104 (0.000111)

kinetic : 2.194044 (0.026123)
potential : -4.369150 (0.026140)
energy : -2.175105 (0.000110)

kinetic : 2.192075 (0.026089)
potential : -4.367170 (0.026107)
energy : -2.175095 (0.000110)

kinetic : 2.190566 (0.026025)
potential : -4.365660 (0.026043)
energy : -2.175094 (0.000110)

kinetic : 2.190817 (0.025919)
potential : -4.365906 (0.025937)
energy : -2.175088 (0.000110)

kinetic : 2.193265 (0.025929)
potential : -4.368364 (0.025948)
energy : -2.175099 (0.000110)

kinetic : 2.191677 (0.025872)
potential : -4.366771 (0.025891)
energy : -2.175094 (0.000109)

kinetic : 2.192813 (0.025792)
potential : -4.367919 (0.025812)
energy : -2.175106 (0.000110)

kinetic : 2.192917 (0.025688)
potential : -4.368023 (0.025708)
energy : -2.175106 (0.000109)

kinetic : 2.193883 (0.025603)
potential : -4.368985 (0.025622)
energy : -2.175101 (0.000109)

kinetic : 2.192184 (0.025557)
potential : -4.367281 (0.025576)
energy : -2.175097 (0.000108)

kinetic : 2.191111 (0.025478)
potential : -4.366210 (0.025497)
energy : -2.175099 (0.000108)

kinetic : 2.190595 (0.025382)
potential : -4.365694 (0.025401)
energy : -2.175099 (0.000108)

kinetic : 2.189045 (0.025329)
potential : -4.364142 (0.025348)
energy : -2.175098 (0.000107)

kinetic : 2.188227 (0.025242)
potential : -4.363320 (0.025261)
energy : -2.175092 (0.000107)

kinetic : 2.188937 (0.025153)
potential : -4.364027 (0.025172)
energy : -2.175090 (0.000106)

kinetic : 2.188653 (0.025056)
potential : -4.363741 (0.025075)
energy : -2.175088 (0.000106)

kinetic : 2.188143 (0.024963)
potential : -4.363232 (0.024982)
energy : -2.175089 (0.000106)

kinetic : 2.188075 (0.024867)
potential : -4.363160 (0.024885)
energy : -2.175085 (0.000105)

kinetic : 2.186615 (0.024813)
potential : -4.361692 (0.024833)
energy : -2.175077 (0.000105)

kinetic : 2.186489 (0.024718)
potential : -4.361558 (0.024737)
energy : -2.175069 (0.000105)

kinetic : 2.186349 (0.024624)
potential : -4.361415 (0.024643)
energy : -2.175066 (0.000105)

kinetic : 2.188591 (0.024632)
potential : -4.363651 (0.024650)
energy : -2.175060 (0.000105)

kinetic : 2.188123 (0.024542)
potential : -4.363180 (0.024561)
energy : -2.175056 (0.000104)

kinetic : 2.188192 (0.024449)
potential : -4.363251 (0.024468)
energy : -2.175060 (0.000104)

kinetic : 2.188312 (0.024357)
potential : -4.363360 (0.024375)
energy : -2.175048 (0.000104)

kinetic : 2.186809 (0.024312)
potential : -4.361858 (0.024330)
energy : -2.175049 (0.000104)

kinetic : 2.188295 (0.024266)
potential : -4.363355 (0.024285)
energy : -2.175060 (0.000104)

kinetic : 2.189274 (0.024195)
potential : -4.364338 (0.024214)
energy : -2.175064 (0.000104)

kinetic : 2.189143 (0.024106)
potential : -4.364202 (0.024124)
energy : -2.175058 (0.000103)

kinetic : 2.188267 (0.024032)
potential : -4.363326 (0.024051)
energy : -2.175059 (0.000103)

kinetic : 2.187742 (0.023949)
potential : -4.362798 (0.023968)
energy : -2.175056 (0.000103)

kinetic : 2.188980 (0.023893)
potential : -4.364040 (0.023912)
energy : -2.175060 (0.000102)

kinetic : 2.188784 (0.023806)
potential : -4.363841 (0.023825)
energy : -2.175057 (0.000102)

kinetic : 2.188801 (0.023719)
potential : -4.363850 (0.023738)
energy : -2.175049 (0.000102)

kinetic : 2.191594 (0.023797)
potential : -4.366652 (0.023816)
energy : -2.175058 (0.000102)

kinetic : 2.188964 (0.023856)
potential : -4.364021 (0.023875)
energy : -2.175057 (0.000102)

kinetic : 2.189089 (0.023770)
potential : -4.364153 (0.023789)
energy : -2.175064 (0.000102)

kinetic : 2.189535 (0.023689)
potential : -4.364600 (0.023708)
energy : -2.175065 (0.000101)

kinetic : 2.188422 (0.023630)
potential : -4.363487 (0.023649)
energy : -2.175065 (0.000101)

kinetic : 2.188725 (0.023547)
potential : -4.363786 (0.023566)
energy : -2.175061 (0.000101)

kinetic : 2.188034 (0.023473)
potential : -4.363097 (0.023492)
energy : -2.175063 (0.000100)

kinetic : 2.190689 (0.023540)
potential : -4.365765 (0.023560)
energy : -2.175076 (0.000101)

kinetic : 2.189971 (0.023468)
potential : -4.365055 (0.023488)
energy : -2.175085 (0.000101)

kinetic : 2.190341 (0.023388)
potential : -4.365433 (0.023408)
energy : -2.175092 (0.000101)

kinetic : 2.190611 (0.023307)
potential : -4.365699 (0.023327)
energy : -2.175088 (0.000100)

kinetic : 2.190876 (0.023227)
potential : -4.365970 (0.023247)
energy : -2.175095 (0.000100)

kinetic : 2.191840 (0.023166)
potential : -4.366942 (0.023186)
energy : -2.175102 (0.000100)

kinetic : 2.190522 (0.023123)
potential : -4.365621 (0.023143)
energy : -2.175099 (0.000100)

kinetic : 2.189391 (0.023071)
potential : -4.364491 (0.023091)
energy : -2.175100 (0.000100)

kinetic : 2.192687 (0.023226)
potential : -4.367786 (0.023246)
energy : -2.175099 (0.000099)

kinetic : 2.192401 (0.023148)
potential : -4.367495 (0.023167)
energy : -2.175094 (0.000099)

kinetic : 2.195011 (0.023216)
potential : -4.370105 (0.023235)
energy : -2.175093 (0.000099)

kinetic : 2.194841 (0.023137)
potential : -4.369942 (0.023156)
energy : -2.175101 (0.000099)

kinetic : 2.194023 (0.023073)
potential : -4.369123 (0.023092)
energy : -2.175101 (0.000098)

kinetic : 2.193767 (0.022996)
potential : -4.368869 (0.023015)
energy : -2.175101 (0.000098)

kinetic : 2.192884 (0.022935)
potential : -4.367982 (0.022954)
energy : -2.175098 (0.000098)

kinetic : 2.193379 (0.022863)
potential : -4.368470 (0.022882)
energy : -2.175091 (0.000098)

kinetic : 2.192168 (0.022818)
potential : -4.367255 (0.022837)
energy : -2.175087 (0.000097)

kinetic : 2.194506 (0.022862)
potential : -4.369592 (0.022880)
energy : -2.175086 (0.000097)

kinetic : 2.194375 (0.022786)
potential : -4.369463 (0.022804)
energy : -2.175088 (0.000097)

kinetic : 2.195010 (0.022719)
potential : -4.370100 (0.022737)
energy : -2.175090 (0.000096)

kinetic : 2.195327 (0.022646)
potential : -4.370417 (0.022664)
energy : -2.175090 (0.000096)

kinetic : 2.195408 (0.022571)
potential : -4.370506 (0.022589)
energy : -2.175098 (0.000096)

kinetic : 2.195129 (0.022498)
potential : -4.370221 (0.022517)
energy : -2.175092 (0.000096)

kinetic : 2.196151 (0.022448)
potential : -4.371237 (0.022466)
energy : -2.175086 (0.000096)

kinetic : 2.197088 (0.022394)
potential : -4.372165 (0.022412)
energy : -2.175077 (0.000096)

kinetic : 2.197951 (0.022337)
potential : -4.373027 (0.022355)
energy : -2.175077 (0.000096)

kinetic : 2.197903 (0.022265)
potential : -4.372976 (0.022282)
energy : -2.175073 (0.000095)

kinetic : 2.197467 (0.022197)
potential : -4.372543 (0.022214)
energy : -2.175076 (0.000095)

kinetic : 2.196343 (0.022154)
potential : -4.371432 (0.022170)
energy : -2.175089 (0.000096)

kinetic : 2.195193 (0.022112)
potential : -4.370276 (0.022129)
energy : -2.175083 (0.000096)

kinetic : 2.194177 (0.022065)
potential : -4.369269 (0.022081)
energy : -2.175091 (0.000096)

kinetic : 2.192981 (0.022027)
potential : -4.368075 (0.022043)
energy : -2.175094 (0.000095)

kinetic : 2.192553 (0.021961)
potential : -4.367640 (0.021977)
energy : -2.175088 (0.000095)

kinetic : 2.191386 (0.021922)
potential : -4.366479 (0.021938)
energy : -2.175093 (0.000095)

kinetic : 2.190862 (0.021859)
potential : -4.365959 (0.021874)
energy : -2.175098 (0.000095)

kinetic : 2.191421 (0.021797)
potential : -4.366522 (0.021813)
energy : -2.175101 (0.000095)

kinetic : 2.190270 (0.021758)
potential : -4.365364 (0.021775)
energy : -2.175094 (0.000095)

kinetic : 2.191382 (0.021719)
potential : -4.366476 (0.021735)
energy : -2.175094 (0.000094)

kinetic : 2.192020 (0.021660)
potential : -4.367115 (0.021676)
energy : -2.175095 (0.000094)

kinetic : 2.191732 (0.021594)
potential : -4.366823 (0.021610)
energy : -2.175092 (0.000094)

kinetic : 2.190648 (0.021555)
potential : -4.365752 (0.021570)
energy : -2.175104 (0.000094)

kinetic : 2.191433 (0.021502)
potential : -4.366536 (0.021517)
energy : -2.175104 (0.000094)

kinetic : 2.190318 (0.021465)
potential : -4.365425 (0.021480)
energy : -2.175106 (0.000094)

kinetic : 2.190424 (0.021399)
potential : -4.365529 (0.021414)
energy : -2.175105 (0.000094)

kinetic : 2.190566 (0.021333)
potential : -4.365667 (0.021348)
energy : -2.175102 (0.000093)

kinetic : 2.190090 (0.021273)
potential : -4.365197 (0.021288)
energy : -2.175107 (0.000093)

kinetic : 2.190470 (0.021212)
potential : -4.365572 (0.021226)
energy : -2.175102 (0.000093)

kinetic : 2.189928 (0.021154)
potential : -4.365031 (0.021169)
energy : -2.175103 (0.000093)

kinetic : 2.193014 (0.021315)
potential : -4.368125 (0.021330)
energy : -2.175110 (0.000093)

kinetic : 2.195585 (0.021405)
potential : -4.370713 (0.021422)
energy : -2.175128 (0.000094)

kinetic : 2.195870 (0.021342)
potential : -4.370998 (0.021360)
energy : -2.175128 (0.000094)

kinetic : 2.196029 (0.021279)
potential : -4.371161 (0.021296)
energy : -2.175132 (0.000094)

kinetic : 2.195412 (0.021224)
potential : -4.370544 (0.021241)
energy : -2.175132 (0.000093)

kinetic : 2.197220 (0.021238)
potential : -4.372354 (0.021255)
energy : -2.175134 (0.000093)

kinetic : 2.197601 (0.021178)
potential : -4.372728 (0.021195)
energy : -2.175127 (0.000093)

kinetic : 2.198555 (0.021136)
potential : -4.373678 (0.021153)
energy : -2.175124 (0.000093)

kinetic : 2.199259 (0.021085)
potential : -4.374381 (0.021102)
energy : -2.175122 (0.000093)

kinetic : 2.198946 (0.021026)
potential : -4.374076 (0.021042)
energy : -2.175129 (0.000093)

kinetic : 2.198254 (0.020975)
potential : -4.373384 (0.020991)
energy : -2.175130 (0.000092)

kinetic : 2.197803 (0.020918)
potential : -4.372936 (0.020935)
energy : -2.175133 (0.000092)

kinetic : 2.197396 (0.020861)
potential : -4.372529 (0.020877)
energy : -2.175133 (0.000092)

kinetic : 2.196913 (0.020806)
potential : -4.372047 (0.020822)
energy : -2.175134 (0.000092)

kinetic : 2.196087 (0.020762)
potential : -4.371222 (0.020778)
energy : -2.175135 (0.000091)

kinetic : 2.194995 (0.020730)
potential : -4.370133 (0.020746)
energy : -2.175139 (0.000091)

kinetic : 2.193345 (0.020736)
potential : -4.368483 (0.020752)
energy : -2.175138 (0.000091)

kinetic : 2.192660 (0.020687)
potential : -4.367804 (0.020703)
energy : -2.175144 (0.000091)

kinetic : 2.192802 (0.020628)
potential : -4.367956 (0.020644)
energy : -2.175154 (0.000091)

kinetic : 2.193105 (0.020571)
potential : -4.368282 (0.020587)
energy : -2.175178 (0.000094)

kinetic : 2.193697 (0.020521)
potential : -4.368865 (0.020537)
energy : -2.175168 (0.000094)

kinetic : 2.192424 (0.020502)
potential : -4.367590 (0.020518)
energy : -2.175166 (0.000094)

kinetic : 2.192698 (0.020446)
potential : -4.367861 (0.020461)
energy : -2.175162 (0.000094)

kinetic : 2.193387 (0.020399)
potential : -4.368545 (0.020414)
energy : -2.175159 (0.000093)

kinetic : 2.193115 (0.020343)
potential : -4.368277 (0.020359)
energy : -2.175162 (0.000093)

kinetic : 2.194070 (0.020308)
potential : -4.369232 (0.020324)
energy : -2.175162 (0.000093)

kinetic : 2.193291 (0.020266)
potential : -4.368458 (0.020281)
energy : -2.175168 (0.000093)

kinetic : 2.191829 (0.020262)
potential : -4.367001 (0.020277)
energy : -2.175171 (0.000093)

kinetic : 2.191647 (0.020206)
potential : -4.366814 (0.020221)
energy : -2.175167 (0.000093)

kinetic : 2.192380 (0.020163)
potential : -4.367548 (0.020178)
energy : -2.175168 (0.000092)

kinetic : 2.191795 (0.020116)
potential : -4.366963 (0.020130)
energy : -2.175168 (0.000092)

kinetic : 2.190032 (0.020137)
potential : -4.365194 (0.020152)
energy : -2.175162 (0.000092)

kinetic : 2.189948 (0.020082)
potential : -4.365108 (0.020097)
energy : -2.175161 (0.000092)

kinetic : 2.191997 (0.020131)
potential : -4.367156 (0.020145)
energy : -2.175159 (0.000092)

kinetic : 2.191638 (0.020079)
potential : -4.366794 (0.020093)
energy : -2.175156 (0.000091)

kinetic : 2.190342 (0.020066)
potential : -4.365498 (0.020080)
energy : -2.175156 (0.000091)

kinetic : 2.190141 (0.020012)
potential : -4.365296 (0.020026)
energy : -2.175155 (0.000091)

kinetic : 2.189868 (0.019959)
potential : -4.365023 (0.019973)
energy : -2.175155 (0.000091)

kinetic : 2.190295 (0.019909)
potential : -4.365452 (0.019924)
energy : -2.175156 (0.000090)

kinetic : 2.190947 (0.019866)
potential : -4.366106 (0.019880)
energy : -2.175159 (0.000090)

kinetic : 2.191245 (0.019814)
potential : -4.366402 (0.019829)
energy : -2.175157 (0.000090)

kinetic : 2.193026 (0.019841)
potential : -4.368188 (0.019856)
energy : -2.175162 (0.000090)

kinetic : 2.193980 (0.019811)
potential : -4.369146 (0.019825)
energy : -2.175166 (0.000090)

kinetic : 2.193764 (0.019759)
potential : -4.368928 (0.019773)
energy : -2.175164 (0.000089)

kinetic : 2.193110 (0.019717)
potential : -4.368281 (0.019731)
energy : -2.175172 (0.000090)

kinetic : 2.193785 (0.019676)
potential : -4.368956 (0.019690)
energy : -2.175171 (0.000089)

kinetic : 2.192318 (0.019678)
potential : -4.367487 (0.019692)
energy : -2.175169 (0.000089)

kinetic : 2.191711 (0.019635)
potential : -4.366877 (0.019650)
energy : -2.175166 (0.000089)

kinetic : 2.191009 (0.019596)
potential : -4.366170 (0.019610)
energy : -2.175161 (0.000089)

kinetic : 2.192889 (0.019634)
potential : -4.368047 (0.019648)
energy : -2.175158 (0.000089)

kinetic : 2.192924 (0.019582)
potential : -4.368083 (0.019597)
energy : -2.175159 (0.000088)

kinetic : 2.193603 (0.019543)
potential : -4.368763 (0.019557)
energy : -2.175159 (0.000088)

kinetic : 2.192971 (0.019502)
potential : -4.368128 (0.019516)
energy : -2.175157 (0.000088)

kinetic : 2.194628 (0.019521)
potential : -4.369798 (0.019536)
energy : -2.175170 (0.000089)

kinetic : 2.194729 (0.019471)
potential : -4.369894 (0.019486)
energy : -2.175164 (0.000089)

kinetic : 2.194934 (0.019421)
potential : -4.370103 (0.019436)
energy : -2.175169 (0.000089)

kinetic : 2.193806 (0.019403)
potential : -4.368974 (0.019419)
energy : -2.175168 (0.000088)

kinetic : 2.194223 (0.019358)
potential : -4.369391 (0.019373)
energy : -2.175167 (0.000088)

kinetic : 2.193585 (0.019318)
potential : -4.368753 (0.019333)
energy : -2.175168 (0.000088)

kinetic : 2.194449 (0.019288)
potential : -4.369617 (0.019303)
energy : -2.175168 (0.000088)

kinetic : 2.193682 (0.019254)
potential : -4.368853 (0.019268)
energy : -2.175171 (0.000088)

kinetic : 2.194124 (0.019209)
potential : -4.369295 (0.019224)
energy : -2.175170 (0.000087)

kinetic : 2.195122 (0.019186)
potential : -4.370289 (0.019201)
energy : -2.175167 (0.000087)

kinetic : 2.194248 (0.019157)
potential : -4.369424 (0.019172)
energy : -2.175176 (0.000087)

kinetic : 2.193492 (0.019124)
potential : -4.368678 (0.019137)
energy : -2.175186 (0.000088)

kinetic : 2.193838 (0.019078)
potential : -4.369028 (0.019092)
energy : -2.175190 (0.000088)

kinetic : 2.192767 (0.019060)
potential : -4.367953 (0.019074)
energy : -2.175186 (0.000087)

kinetic : 2.193636 (0.019032)
potential : -4.368831 (0.019046)
energy : -2.175195 (0.000088)

kinetic : 2.192816 (0.019002)
potential : -4.368011 (0.019016)
energy : -2.175195 (0.000087)

kinetic : 2.193442 (0.018964)
potential : -4.368634 (0.018978)
energy : -2.175191 (0.000087)

kinetic : 2.192622 (0.018935)
potential : -4.367807 (0.018949)
energy : -2.175185 (0.000087)

kinetic : 2.194660 (0.018997)
potential : -4.369842 (0.019011)
energy : -2.175182 (0.000087)

kinetic : 2.194848 (0.018951)
potential : -4.370037 (0.018965)
energy : -2.175189 (0.000087)

kinetic : 2.194243 (0.018913)
potential : -4.369430 (0.018927)
energy : -2.175187 (0.000087)

kinetic : 2.194625 (0.018870)
potential : -4.369808 (0.018884)
energy : -2.175183 (0.000087)

kinetic : 2.193993 (0.018834)
potential : -4.369171 (0.018848)
energy : -2.175178 (0.000087)

kinetic : 2.193331 (0.018799)
potential : -4.368510 (0.018813)
energy : -2.175179 (0.000087)

kinetic : 2.192650 (0.018766)
potential : -4.367822 (0.018780)
energy : -2.175172 (0.000087)

kinetic : 2.193873 (0.018759)
potential : -4.369053 (0.018774)
energy : -2.175179 (0.000087)

kinetic : 2.193227 (0.018725)
potential : -4.368408 (0.018739)
energy : -2.175181 (0.000087)

kinetic : 2.194303 (0.018710)
potential : -4.369487 (0.018724)
energy : -2.175184 (0.000086)

kinetic : 2.193135 (0.018701)
potential : -4.368316 (0.018715)
energy : -2.175181 (0.000086)

kinetic : 2.195515 (0.018807)
potential : -4.370696 (0.018821)
energy : -2.175181 (0.000086)

kinetic : 2.194855 (0.018773)
potential : -4.370037 (0.018787)
energy : -2.175182 (0.000086)

kinetic : 2.194385 (0.018733)
potential : -4.369571 (0.018747)
energy : -2.175185 (0.000086)

kinetic : 2.193813 (0.018697)
potential : -4.368995 (0.018711)
energy : -2.175182 (0.000086)

kinetic : 2.193280 (0.018659)
potential : -4.368456 (0.018674)
energy : -2.175176 (0.000086)

kinetic : 2.192656 (0.018625)
potential : -4.367832 (0.018639)
energy : -2.175176 (0.000085)

kinetic : 2.192429 (0.018582)
potential : -4.367594 (0.018596)
energy : -2.175165 (0.000086)

kinetic : 2.192402 (0.018537)
potential : -4.367564 (0.018552)
energy : -2.175162 (0.000086)

kinetic : 2.192115 (0.018495)
potential : -4.367273 (0.018510)
energy : -2.175157 (0.000086)

kinetic : 2.191559 (0.018460)
potential : -4.366712 (0.018474)
energy : -2.175153 (0.000085)

kinetic : 2.191040 (0.018423)
potential : -4.366191 (0.018438)
energy : -2.175151 (0.000085)

kinetic : 2.190001 (0.018409)
potential : -4.365150 (0.018424)
energy : -2.175149 (0.000085)

kinetic : 2.189963 (0.018366)
potential : -4.365118 (0.018380)
energy : -2.175155 (0.000085)

kinetic : 2.189778 (0.018323)
potential : -4.364930 (0.018338)
energy : -2.175153 (0.000085)

kinetic : 2.189332 (0.018286)
potential : -4.364479 (0.018300)
energy : -2.175147 (0.000085)

kinetic : 2.189356 (0.018243)
potential : -4.364495 (0.018257)
energy : -2.175139 (0.000085)

kinetic : 2.189914 (0.018209)
potential : -4.365051 (0.018223)
energy : -2.175137 (0.000085)

kinetic : 2.191286 (0.018218)
potential : -4.366423 (0.018232)
energy : -2.175137 (0.000085)

kinetic : 2.194866 (0.018525)
potential : -4.369998 (0.018538)
energy : -2.175132 (0.000085)

kinetic : 2.194416 (0.018487)
potential : -4.369549 (0.018500)
energy : -2.175133 (0.000084)

kinetic : 2.197699 (0.018734)
potential : -4.372827 (0.018746)
energy : -2.175128 (0.000084)

kinetic : 2.199075 (0.018742)
potential : -4.374207 (0.018754)
energy : -2.175131 (0.000084)

kinetic : 2.198901 (0.018699)
potential : -4.374032 (0.018711)
energy : -2.175131 (0.000084)

kinetic : 2.198735 (0.018657)
potential : -4.373866 (0.018669)
energy : -2.175131 (0.000084)

kinetic : 2.197332 (0.018667)
potential : -4.372458 (0.018679)
energy : -2.175126 (0.000084)

kinetic : 2.197109 (0.018625)
potential : -4.372235 (0.018638)
energy : -2.175126 (0.000084)

kinetic : 2.196422 (0.018595)
potential : -4.371550 (0.018608)
energy : -2.175127 (0.000083)

kinetic : 2.196299 (0.018553)
potential : -4.371424 (0.018566)
energy : -2.175125 (0.000083)

kinetic : 2.196728 (0.018516)
potential : -4.371859 (0.018529)
energy : -2.175130 (0.000083)

kinetic : 2.197468 (0.018489)
potential : -4.372603 (0.018501)
energy : -2.175135 (0.000083)

kinetic : 2.196593 (0.018468)
potential : -4.371727 (0.018480)
energy : -2.175133 (0.000083)

kinetic : 2.196517 (0.018426)
potential : -4.371650 (0.018439)
energy : -2.175133 (0.000083)

kinetic : 2.195852 (0.018397)
potential : -4.370984 (0.018409)
energy : -2.175133 (0.000083)

kinetic : 2.195960 (0.018356)
potential : -4.371089 (0.018368)
energy : -2.175130 (0.000083)

kinetic : 2.194892 (0.018346)
potential : -4.370023 (0.018358)
energy : -2.175131 (0.000082)

kinetic : 2.194054 (0.018324)
potential : -4.369182 (0.018336)
energy : -2.175129 (0.000082)

kinetic : 2.194885 (0.018302)
potential : -4.370013 (0.018314)
energy : -2.175128 (0.000082)

kinetic : 2.194486 (0.018265)
potential : -4.369612 (0.018277)
energy : -2.175126 (0.000082)

kinetic : 2.194128 (0.018228)
potential : -4.369253 (0.018240)
energy : -2.175125 (0.000082)

kinetic : 2.195374 (0.018230)
potential : -4.370497 (0.018242)
energy : -2.175123 (0.000082)

kinetic : 2.195222 (0.018190)
potential : -4.370345 (0.018202)
energy : -2.175123 (0.000081)

kinetic : 2.194931 (0.018153)
potential : -4.370055 (0.018165)
energy : -2.175124 (0.000081)

kinetic : 2.194061 (0.018133)
potential : -4.369183 (0.018145)
energy : -2.175123 (0.000081)

kinetic : 2.193849 (0.018095)
potential : -4.368971 (0.018107)
energy : -2.175121 (0.000081)

kinetic : 2.193064 (0.018072)
potential : -4.368185 (0.018084)
energy : -2.175121 (0.000081)

kinetic : 2.193072 (0.018033)
potential : -4.368192 (0.018045)
energy : -2.175120 (0.000081)

kinetic : 2.192468 (0.018003)
potential : -4.367582 (0.018015)
energy : -2.175114 (0.000081)

kinetic : 2.192098 (0.017968)
potential : -4.367212 (0.017980)
energy : -2.175114 (0.000080)

kinetic : 2.191883 (0.017930)
potential : -4.366992 (0.017942)
energy : -2.175110 (0.000080)

kinetic : 2.190597 (0.017937)
potential : -4.365704 (0.017949)
energy : -2.175107 (0.000080)

kinetic : 2.190301 (0.017901)
potential : -4.365408 (0.017913)
energy : -2.175107 (0.000080)

kinetic : 2.190397 (0.017862)
potential : -4.365502 (0.017875)
energy : -2.175105 (0.000080)

kinetic : 2.189845 (0.017832)
potential : -4.364946 (0.017845)
energy : -2.175101 (0.000080)

kinetic : 2.188855 (0.017821)
potential : -4.363953 (0.017834)
energy : -2.175099 (0.000080)

kinetic : 2.187502 (0.017835)
potential : -4.362598 (0.017847)
energy : -2.175097 (0.000080)

kinetic : 2.187914 (0.017801)
potential : -4.363013 (0.017814)
energy : -2.175099 (0.000079)

kinetic : 2.187236 (0.017776)
potential : -4.362331 (0.017789)
energy : -2.175096 (0.000079)

kinetic : 2.187213 (0.017738)
potential : -4.362308 (0.017751)
energy : -2.175095 (0.000079)

kinetic : 2.188137 (0.017724)
potential : -4.363234 (0.017737)
energy : -2.175098 (0.000079)

kinetic : 2.189763 (0.017761)
potential : -4.364864 (0.017774)
energy : -2.175101 (0.000079)

kinetic : 2.189891 (0.017724)
potential : -4.364998 (0.017737)
energy : -2.175107 (0.000079)

kinetic : 2.189146 (0.017702)
potential : -4.364252 (0.017715)
energy : -2.175106 (0.000079)

kinetic : 2.188378 (0.017682)
potential : -4.363483 (0.017695)
energy : -2.175105 (0.000079)

kinetic : 2.188224 (0.017645)
potential : -4.363327 (0.017658)
energy : -2.175103 (0.000079)

kinetic : 2.186805 (0.017665)
potential : -4.361907 (0.017678)
energy : -2.175101 (0.000078)

kinetic : 2.187854 (0.017659)
potential : -4.362961 (0.017672)
energy : -2.175107 (0.000078)

kinetic : 2.188070 (0.017623)
potential : -4.363175 (0.017637)
energy : -2.175105 (0.000078)

kinetic : 2.190148 (0.017709)
potential : -4.365248 (0.017721)
energy : -2.175099 (0.000078)

kinetic : 2.190105 (0.017672)
potential : -4.365203 (0.017684)
energy : -2.175098 (0.000078)

kinetic : 2.188852 (0.017680)
potential : -4.363950 (0.017692)
energy : -2.175098 (0.000078)

kinetic : 2.189551 (0.017657)
potential : -4.364651 (0.017669)
energy : -2.175100 (0.000078)

kinetic : 2.189043 (0.017628)
potential : -4.364142 (0.017640)
energy : -2.175099 (0.000078)

kinetic : 2.188663 (0.017595)
potential : -4.363760 (0.017608)
energy : -2.175097 (0.000078)

kinetic : 2.188376 (0.017561)
potential : -4.363473 (0.017574)
energy : -2.175097 (0.000077)

kinetic : 2.188591 (0.017526)
potential : -4.363687 (0.017539)
energy : -2.175096 (0.000077)

kinetic : 2.188743 (0.017491)
potential : -4.363844 (0.017503)
energy : -2.175101 (0.000077)

kinetic : 2.188157 (0.017465)
potential : -4.363255 (0.017477)
energy : -2.175098 (0.000077)

kinetic : 2.187844 (0.017432)
potential : -4.362941 (0.017444)
energy : -2.175097 (0.000077)

kinetic : 2.187794 (0.017396)
potential : -4.362891 (0.017409)
energy : -2.175098 (0.000077)

kinetic : 2.187456 (0.017364)
potential : -4.362553 (0.017377)
energy : -2.175098 (0.000077)

kinetic : 2.187691 (0.017331)
potential : -4.362793 (0.017343)
energy : -2.175102 (0.000077)

kinetic : 2.187636 (0.017295)
potential : -4.362734 (0.017308)
energy : -2.175098 (0.000077)

kinetic : 2.186984 (0.017273)
potential : -4.362086 (0.017285)
energy : -2.175101 (0.000077)

kinetic : 2.187342 (0.017241)
potential : -4.362451 (0.017254)
energy : -2.175109 (0.000077)

kinetic : 2.186929 (0.017212)
potential : -4.362041 (0.017224)
energy : -2.175111 (0.000077)

kinetic : 2.186427 (0.017184)
potential : -4.361533 (0.017197)
energy : -2.175105 (0.000077)

kinetic : 2.185444 (0.017178)
potential : -4.360547 (0.017191)
energy : -2.175103 (0.000077)

kinetic : 2.186608 (0.017183)
potential : -4.361713 (0.017196)
energy : -2.175106 (0.000077)

kinetic : 2.186890 (0.017151)
potential : -4.361994 (0.017164)
energy : -2.175105 (0.000077)

kinetic : 2.186721 (0.017117)
potential : -4.361826 (0.017130)
energy : -2.175105 (0.000076)

kinetic : 2.186498 (0.017085)
potential : -4.361604 (0.017097)
energy : -2.175106 (0.000076)

kinetic : 2.186703 (0.017052)
potential : -4.361804 (0.017065)
energy : -2.175102 (0.000076)

kinetic : 2.186644 (0.017018)
potential : -4.361745 (0.017031)
energy : -2.175101 (0.000076)

kinetic : 2.185890 (0.017001)
potential : -4.360987 (0.017014)
energy : -2.175097 (0.000076)

kinetic : 2.186862 (0.016995)
potential : -4.361963 (0.017008)
energy : -2.175102 (0.000076)

kinetic : 2.187774 (0.016986)
potential : -4.362872 (0.016999)
energy : -2.175098 (0.000076)

kinetic : 2.187014 (0.016970)
potential : -4.362111 (0.016983)
energy : -2.175097 (0.000076)

kinetic : 2.187184 (0.016937)
potential : -4.362282 (0.016950)
energy : -2.175097 (0.000076)

kinetic : 2.187437 (0.016906)
potential : -4.362535 (0.016919)
energy : -2.175098 (0.000076)

kinetic : 2.187654 (0.016874)
potential : -4.362750 (0.016887)
energy : -2.175096 (0.000075)

kinetic : 2.186641 (0.016872)
potential : -4.361736 (0.016884)
energy : -2.175096 (0.000075)

kinetic : 2.186628 (0.016839)
potential : -4.361722 (0.016851)
energy : -2.175094 (0.000075)

kinetic : 2.187136 (0.016814)
potential : -4.362233 (0.016826)
energy : -2.175097 (0.000075)

kinetic : 2.186105 (0.016813)
potential : -4.361201 (0.016825)
energy : -2.175097 (0.000075)

kinetic : 2.186064 (0.016780)
potential : -4.361163 (0.016793)
energy : -2.175099 (0.000075)

kinetic : 2.185450 (0.016759)
potential : -4.360546 (0.016772)
energy : -2.175096 (0.000075)

kinetic : 2.184960 (0.016734)
potential : -4.360058 (0.016746)
energy : -2.175098 (0.000075)

kinetic : 2.185726 (0.016719)
potential : -4.360827 (0.016732)
energy : -2.175101 (0.000075)

kinetic : 2.185583 (0.016687)
potential : -4.360686 (0.016700)
energy : -2.175103 (0.000074)

kinetic : 2.185769 (0.016656)
potential : -4.360875 (0.016669)
energy : -2.175107 (0.000074)

kinetic : 2.186056 (0.016627)
potential : -4.361163 (0.016640)
energy : -2.175108 (0.000074)

kinetic : 2.185446 (0.016606)
potential : -4.360549 (0.016619)
energy : -2.175104 (0.000074)

kinetic : 2.186246 (0.016594)
potential : -4.361349 (0.016607)
energy : -2.175103 (0.000074)

kinetic : 2.185539 (0.016577)
potential : -4.360640 (0.016590)
energy : -2.175101 (0.000074)

kinetic : 2.184920 (0.016557)
potential : -4.360021 (0.016570)
energy : -2.175101 (0.000074)

kinetic : 2.184460 (0.016532)
potential : -4.359557 (0.016545)
energy : -2.175097 (0.000074)

kinetic : 2.184265 (0.016502)
potential : -4.359361 (0.016515)
energy : -2.175096 (0.000074)

kinetic : 2.184742 (0.016478)
potential : -4.359836 (0.016491)
energy : -2.175094 (0.000074)

kinetic : 2.184447 (0.016449)
potential : -4.359542 (0.016462)
energy : -2.175095 (0.000073)

kinetic : 2.184295 (0.016419)
potential : -4.359390 (0.016432)
energy : -2.175095 (0.000073)

kinetic : 2.183671 (0.016400)
potential : -4.358764 (0.016413)
energy : -2.175093 (0.000073)

kinetic : 2.182891 (0.016388)
potential : -4.357981 (0.016401)
energy : -2.175090 (0.000073)

kinetic : 2.183497 (0.016368)
potential : -4.358593 (0.016381)
energy : -2.175095 (0.000073)

kinetic : 2.183332 (0.016338)
potential : -4.358429 (0.016351)
energy : -2.175097 (0.000073)

kinetic : 2.184288 (0.016336)
potential : -4.359383 (0.016349)
energy : -2.175095 (0.000073)

kinetic : 2.184010 (0.016308)
potential : -4.359107 (0.016321)
energy : -2.175097 (0.000073)

kinetic : 2.183207 (0.016297)
potential : -4.358302 (0.016310)
energy : -2.175095 (0.000073)

kinetic : 2.182068 (0.016307)
potential : -4.357163 (0.016320)
energy : -2.175095 (0.000073)

kinetic : 2.181820 (0.016279)
potential : -4.356913 (0.016291)
energy : -2.175093 (0.000072)

kinetic : 2.181067 (0.016266)
potential : -4.356159 (0.016279)
energy : -2.175092 (0.000072)

kinetic : 2.180906 (0.016237)
potential : -4.356003 (0.016249)
energy : -2.175097 (0.000072)

kinetic : 2.181807 (0.016232)
potential : -4.356904 (0.016244)
energy : -2.175097 (0.000072)

kinetic : 2.182118 (0.016205)
potential : -4.357216 (0.016218)
energy : -2.175097 (0.000072)

kinetic : 2.182645 (0.016184)
potential : -4.357744 (0.016196)
energy : -2.175099 (0.000072)

kinetic : 2.181566 (0.016190)
potential : -4.356664 (0.016203)
energy : -2.175098 (0.000072)

kinetic : 2.183090 (0.016232)
potential : -4.358184 (0.016244)
energy : -2.175095 (0.000072)

kinetic : 2.183241 (0.016203)
potential : -4.358332 (0.016215)
energy : -2.175091 (0.000072)

kinetic : 2.182761 (0.016181)
potential : -4.357845 (0.016193)
energy : -2.175084 (0.000072)

kinetic : 2.183141 (0.016156)
potential : -4.358226 (0.016168)
energy : -2.175086 (0.000072)

kinetic : 2.183269 (0.016127)
potential : -4.358353 (0.016139)
energy : -2.175084 (0.000072)

kinetic : 2.183214 (0.016098)
potential : -4.358295 (0.016110)
energy : -2.175081 (0.000072)

kinetic : 2.183078 (0.016069)
potential : -4.358157 (0.016082)
energy : -2.175079 (0.000072)

kinetic : 2.182238 (0.016062)
potential : -4.357320 (0.016074)
energy : -2.175082 (0.000071)

kinetic : 2.182924 (0.016048)
potential : -4.358009 (0.016060)
energy : -2.175084 (0.000071)

kinetic : 2.184025 (0.016057)
potential : -4.359106 (0.016069)
energy : -2.175081 (0.000071)

kinetic : 2.183556 (0.016035)
potential : -4.358637 (0.016047)
energy : -2.175081 (0.000071)

kinetic : 2.183545 (0.016006)
potential : -4.358628 (0.016018)
energy : -2.175083 (0.000071)

kinetic : 2.182587 (0.016006)
potential : -4.357663 (0.016018)
energy : -2.175076 (0.000071)

kinetic : 2.182365 (0.015979)
potential : -4.357444 (0.015991)
energy : -2.175079 (0.000071)

kinetic : 2.183431 (0.015986)
potential : -4.358511 (0.015998)
energy : -2.175080 (0.000071)

kinetic : 2.182899 (0.015967)
potential : -4.357977 (0.015979)
energy : -2.175078 (0.000071)

kinetic : 2.183066 (0.015939)
potential : -4.358143 (0.015951)
energy : -2.175077 (0.000071)

kinetic : 2.183585 (0.015919)
potential : -4.358662 (0.015931)
energy : -2.175078 (0.000071)

kinetic : 2.184266 (0.015906)
potential : -4.359342 (0.015918)
energy : -2.175075 (0.000071)

kinetic : 2.184746 (0.015885)
potential : -4.359825 (0.015897)
energy : -2.175078 (0.000071)

kinetic : 2.183869 (0.015881)
potential : -4.358944 (0.015893)
energy : -2.175075 (0.000071)

kinetic : 2.184426 (0.015863)
potential : -4.359502 (0.015875)
energy : -2.175076 (0.000070)

kinetic : 2.183938 (0.015842)
potential : -4.359011 (0.015855)
energy : -2.175073 (0.000070)

kinetic : 2.184797 (0.015838)
potential : -4.359876 (0.015850)
energy : -2.175079 (0.000071)

kinetic : 2.184462 (0.015814)
potential : -4.359545 (0.015826)
energy : -2.175083 (0.000071)

kinetic : 2.183413 (0.015821)
potential : -4.358495 (0.015833)
energy : -2.175082 (0.000070)

kinetic : 2.184019 (0.015805)
potential : -4.359101 (0.015817)
energy : -2.175082 (0.000070)

kinetic : 2.183789 (0.015779)
potential : -4.358868 (0.015791)
energy : -2.175079 (0.000070)

kinetic : 2.185957 (0.015900)
potential : -4.361036 (0.015912)
energy : -2.175079 (0.000070)

kinetic : 2.185856 (0.015873)
potential : -4.360936 (0.015885)
energy : -2.175081 (0.000070)

kinetic : 2.186508 (0.015858)
potential : -4.361590 (0.015871)
energy : -2.175081 (0.000070)

kinetic : 2.185791 (0.015847)
potential : -4.360872 (0.015860)
energy : -2.175082 (0.000070)

kinetic : 2.185698 (0.015820)
potential : -4.360785 (0.015832)
energy : -2.175086 (0.000070)

kinetic : 2.186008 (0.015796)
potential : -4.361095 (0.015808)
energy : -2.175087 (0.000070)

kinetic : 2.185544 (0.015775)
potential : -4.360631 (0.015788)
energy : -2.175087 (0.000070)

kinetic : 2.185426 (0.015749)
potential : -4.360509 (0.015761)
energy : -2.175083 (0.000070)

kinetic : 2.185998 (0.015732)
potential : -4.361080 (0.015744)
energy : -2.175082 (0.000069)

kinetic : 2.185523 (0.015712)
potential : -4.360606 (0.015725)
energy : -2.175083 (0.000069)

kinetic : 2.186235 (0.015702)
potential : -4.361318 (0.015714)
energy : -2.175083 (0.000069)

kinetic : 2.186214 (0.015675)
potential : -4.361295 (0.015687)
energy : -2.175081 (0.000069)

kinetic : 2.185526 (0.015663)
potential : -4.360611 (0.015675)
energy : -2.175085 (0.000069)

kinetic : 2.185096 (0.015642)
potential : -4.360183 (0.015654)
energy : -2.175087 (0.000069)

kinetic : 2.184436 (0.015630)
potential : -4.359522 (0.015642)
energy : -2.175086 (0.000069)

kinetic : 2.184259 (0.015604)
potential : -4.359347 (0.015616)
energy : -2.175088 (0.000069)

kinetic : 2.183755 (0.015586)
potential : -4.358844 (0.015598)
energy : -2.175089 (0.000069)

kinetic : 2.183542 (0.015561)
potential : -4.358634 (0.015573)
energy : -2.175091 (0.000069)

kinetic : 2.185793 (0.015697)
potential : -4.360886 (0.015709)
energy : -2.175093 (0.000068)

kinetic : 2.185167 (0.015683)
potential : -4.360261 (0.015695)
energy : -2.175094 (0.000068)

kinetic : 2.184303 (0.015681)
potential : -4.359394 (0.015692)
energy : -2.175091 (0.000068)

kinetic : 2.184197 (0.015655)
potential : -4.359283 (0.015666)
energy : -2.175086 (0.000068)

kinetic : 2.183476 (0.015645)
potential : -4.358561 (0.015657)
energy : -2.175085 (0.000068)

kinetic : 2.183458 (0.015619)
potential : -4.358544 (0.015631)
energy : -2.175085 (0.000068)

kinetic : 2.183013 (0.015599)
potential : -4.358094 (0.015611)
energy : -2.175082 (0.000068)

kinetic : 2.182762 (0.015575)
potential : -4.357841 (0.015587)
energy : -2.175079 (0.000068)

kinetic : 2.182977 (0.015551)
potential : -4.358058 (0.015563)
energy : -2.175081 (0.000068)

kinetic : 2.182762 (0.015526)
potential : -4.357843 (0.015538)
energy : -2.175082 (0.000068)

kinetic : 2.182222 (0.015510)
potential : -4.357307 (0.015522)
energy : -2.175084 (0.000068)

kinetic : 2.182426 (0.015486)
potential : -4.357510 (0.015497)
energy : -2.175084 (0.000068)

kinetic : 2.182865 (0.015466)
potential : -4.357947 (0.015478)
energy : -2.175082 (0.000068)

kinetic : 2.183620 (0.015459)
potential : -4.358699 (0.015471)
energy : -2.175079 (0.000068)

kinetic : 2.183437 (0.015435)
potential : -4.358515 (0.015446)
energy : -2.175078 (0.000067)

kinetic : 2.183430 (0.015409)
potential : -4.358507 (0.015421)
energy : -2.175077 (0.000067)

kinetic : 2.183484 (0.015384)
potential : -4.358560 (0.015396)
energy : -2.175077 (0.000067)

kinetic : 2.183176 (0.015362)
potential : -4.358253 (0.015373)
energy : -2.175077 (0.000067)

kinetic : 2.182727 (0.015343)
potential : -4.357802 (0.015355)
energy : -2.175075 (0.000067)

kinetic : 2.182593 (0.015319)
potential : -4.357671 (0.015330)
energy : -2.175078 (0.000067)

kinetic : 2.182507 (0.015294)
potential : -4.357583 (0.015305)
energy : -2.175076 (0.000067)

kinetic : 2.182499 (0.015269)
potential : -4.357579 (0.015280)
energy : -2.175080 (0.000067)

kinetic : 2.182814 (0.015247)
potential : -4.357896 (0.015259)
energy : -2.175081 (0.000067)

kinetic : 2.182800 (0.015223)
potential : -4.357883 (0.015234)
energy : -2.175082 (0.000067)

kinetic : 2.183491 (0.015214)
potential : -4.358577 (0.015225)
energy : -2.175086 (0.000067)

kinetic : 2.182841 (0.015203)
potential : -4.357926 (0.015215)
energy : -2.175085 (0.000067)

kinetic : 2.183245 (0.015184)
potential : -4.358326 (0.015195)
energy : -2.175082 (0.000067)

kinetic : 2.182735 (0.015168)
potential : -4.357818 (0.015179)
energy : -2.175082 (0.000067)

kinetic : 2.182729 (0.015143)
potential : -4.357809 (0.015155)
energy : -2.175080 (0.000067)

kinetic : 2.183400 (0.015134)
potential : -4.358480 (0.015145)
energy : -2.175080 (0.000066)

kinetic : 2.183599 (0.015111)
potential : -4.358679 (0.015122)
energy : -2.175081 (0.000066)

kinetic : 2.183255 (0.015090)
potential : -4.358335 (0.015102)
energy : -2.175080 (0.000066)

kinetic : 2.183377 (0.015067)
potential : -4.358454 (0.015078)
energy : -2.175077 (0.000066)

kinetic : 2.184461 (0.015082)
potential : -4.359537 (0.015093)
energy : -2.175076 (0.000066)

kinetic : 2.183996 (0.015065)
potential : -4.359070 (0.015076)
energy : -2.175074 (0.000066)

kinetic : 2.183324 (0.015056)
potential : -4.358396 (0.015067)
energy : -2.175072 (0.000066)

kinetic : 2.182681 (0.015046)
potential : -4.357751 (0.015057)
energy : -2.175070 (0.000066)

kinetic : 2.183211 (0.015031)
potential : -4.358287 (0.015043)
energy : -2.175076 (0.000066)

kinetic : 2.183629 (0.015013)
potential : -4.358710 (0.015025)
energy : -2.175081 (0.000066)

kinetic : 2.183619 (0.014989)
potential : -4.358701 (0.015001)
energy : -2.175082 (0.000066)

kinetic : 2.183308 (0.014969)
potential : -4.358390 (0.014980)
energy : -2.175082 (0.000066)

kinetic : 2.183292 (0.014945)
potential : -4.358373 (0.014957)
energy : -2.175082 (0.000066)

kinetic : 2.182702 (0.014933)
potential : -4.357782 (0.014945)
energy : -2.175080 (0.000066)

kinetic : 2.181832 (0.014935)
potential : -4.356909 (0.014947)
energy : -2.175077 (0.000066)

kinetic : 2.182843 (0.014946)
potential : -4.357926 (0.014958)
energy : -2.175083 (0.000066)

kinetic : 2.182178 (0.014937)
potential : -4.357263 (0.014949)
energy : -2.175085 (0.000066)

kinetic : 2.182552 (0.014919)
potential : -4.357639 (0.014931)
energy : -2.175087 (0.000066)

kinetic : 2.182471 (0.014895)
potential : -4.357557 (0.014908)
energy : -2.175086 (0.000066)

kinetic : 2.182013 (0.014879)
potential : -4.357097 (0.014891)
energy : -2.175084 (0.000065)

kinetic : 2.181715 (0.014859)
potential : -4.356801 (0.014871)
energy : -2.175086 (0.000065)

kinetic : 2.184119 (0.015030)
potential : -4.359210 (0.015042)
energy : -2.175091 (0.000065)

kinetic : 2.184332 (0.015008)
potential : -4.359421 (0.015020)
energy : -2.175089 (0.000065)

kinetic : 2.184334 (0.014984)
potential : -4.359428 (0.014997)
energy : -2.175093 (0.000065)

kinetic : 2.183940 (0.014966)
potential : -4.359036 (0.014979)
energy : -2.175096 (0.000065)

kinetic : 2.183461 (0.014951)
potential : -4.358557 (0.014963)
energy : -2.175097 (0.000065)

kinetic : 2.183382 (0.014928)
potential : -4.358477 (0.014940)
energy : -2.175095 (0.000065)

kinetic : 2.183038 (0.014909)
potential : -4.358133 (0.014921)
energy : -2.175095 (0.000065)

kinetic : 2.182509 (0.014895)
potential : -4.357602 (0.014908)
energy : -2.175094 (0.000065)

kinetic : 2.183054 (0.014883)
potential : -4.358149 (0.014895)
energy : -2.175094 (0.000065)

kinetic : 2.183489 (0.014866)
potential : -4.358586 (0.014878)
energy : -2.175097 (0.000065)

kinetic : 2.183698 (0.014845)
potential : -4.358796 (0.014857)
energy : -2.175098 (0.000065)

kinetic : 2.183814 (0.014823)
potential : -4.358912 (0.014835)
energy : -2.175098 (0.000065)

kinetic : 2.183493 (0.014803)
potential : -4.358592 (0.014816)
energy : -2.175099 (0.000065)

kinetic : 2.183650 (0.014782)
potential : -4.358748 (0.014794)
energy : -2.175098 (0.000064)

kinetic : 2.183811 (0.014760)
potential : -4.358907 (0.014772)
energy : -2.175096 (0.000064)

kinetic : 2.183386 (0.014744)
potential : -4.358483 (0.014756)
energy : -2.175097 (0.000064)

kinetic : 2.183715 (0.014725)
potential : -4.358813 (0.014737)
energy : -2.175098 (0.000064)

kinetic : 2.183339 (0.014707)
potential : -4.358439 (0.014720)
energy : -2.175100 (0.000064)

kinetic : 2.182670 (0.014700)
potential : -4.357767 (0.014713)
energy : -2.175097 (0.000064)

kinetic : 2.182882 (0.014680)
potential : -4.357981 (0.014692)
energy : -2.175099 (0.000064)

kinetic : 2.182526 (0.014662)
potential : -4.357624 (0.014674)
energy : -2.175098 (0.000064)

kinetic : 2.182533 (0.014640)
potential : -4.357632 (0.014652)
energy : -2.175099 (0.000064)

kinetic : 2.181747 (0.014639)
potential : -4.356847 (0.014651)
energy : -2.175100 (0.000064)

kinetic : 2.181457 (0.014620)
potential : -4.356555 (0.014632)
energy : -2.175098 (0.000064)

kinetic : 2.181357 (0.014598)
potential : -4.356457 (0.014610)
energy : -2.175101 (0.000064)

kinetic : 2.181238 (0.014577)
potential : -4.356340 (0.014589)
energy : -2.175102 (0.000064)

kinetic : 2.181256 (0.014555)
potential : -4.356359 (0.014567)
energy : -2.175104 (0.000064)

kinetic : 2.181036 (0.014535)
potential : -4.356140 (0.014547)
energy : -2.175103 (0.000063)

kinetic : 2.180887 (0.014514)
potential : -4.355990 (0.014526)
energy : -2.175103 (0.000063)

kinetic : 2.182110 (0.014544)
potential : -4.357221 (0.014557)
energy : -2.175111 (0.000064)

kinetic : 2.182811 (0.014539)
potential : -4.357922 (0.014552)
energy : -2.175111 (0.000064)

kinetic : 2.182934 (0.014518)
potential : -4.358046 (0.014531)
energy : -2.175112 (0.000064)

kinetic : 2.182714 (0.014498)
potential : -4.357828 (0.014511)
energy : -2.175114 (0.000064)

kinetic : 2.182126 (0.014489)
potential : -4.357240 (0.014501)
energy : -2.175113 (0.000063)

kinetic : 2.181421 (0.014484)
potential : -4.356536 (0.014497)
energy : -2.175115 (0.000063)

kinetic : 2.180966 (0.014470)
potential : -4.356081 (0.014483)
energy : -2.175115 (0.000063)

kinetic : 2.180531 (0.014455)
potential : -4.355644 (0.014468)
energy : -2.175113 (0.000063)

kinetic : 2.179906 (0.014448)
potential : -4.355021 (0.014460)
energy : -2.175115 (0.000063)

kinetic : 2.181317 (0.014495)
potential : -4.356429 (0.014507)
energy : -2.175113 (0.000063)

kinetic : 2.181405 (0.014474)
potential : -4.356521 (0.014486)
energy : -2.175116 (0.000063)

kinetic : 2.181273 (0.014454)
potential : -4.356387 (0.014466)
energy : -2.175115 (0.000063)

kinetic : 2.180537 (0.014451)
potential : -4.355650 (0.014464)
energy : -2.175113 (0.000063)

kinetic : 2.180325 (0.014432)
potential : -4.355440 (0.014444)
energy : -2.175115 (0.000063)

kinetic : 2.180216 (0.014411)
potential : -4.355329 (0.014423)
energy : -2.175113 (0.000063)

kinetic : 2.180182 (0.014390)
potential : -4.355291 (0.014402)
energy : -2.175108 (0.000063)

kinetic : 2.181032 (0.014394)
potential : -4.356142 (0.014407)
energy : -2.175110 (0.000063)

kinetic : 2.180860 (0.014374)
potential : -4.355955 (0.014387)
energy : -2.175095 (0.000064)

kinetic : 2.180897 (0.014354)
potential : -4.355990 (0.014366)
energy : -2.175093 (0.000064)

kinetic : 2.181086 (0.014334)
potential : -4.356185 (0.014347)
energy : -2.175099 (0.000065)

kinetic : 2.180496 (0.014326)
potential : -4.355594 (0.014338)
energy : -2.175098 (0.000064)

kinetic : 2.180143 (0.014309)
potential : -4.355240 (0.014322)
energy : -2.175097 (0.000064)

kinetic : 2.179907 (0.014291)
potential : -4.355003 (0.014303)
energy : -2.175096 (0.000064)

kinetic : 2.179382 (0.014280)
potential : -4.354477 (0.014292)
energy : -2.175096 (0.000064)

kinetic : 2.178780 (0.014272)
potential : -4.353875 (0.014284)
energy : -2.175095 (0.000064)

kinetic : 2.178246 (0.014261)
potential : -4.353344 (0.014274)
energy : -2.175098 (0.000064)

kinetic : 2.177887 (0.014245)
potential : -4.352987 (0.014258)
energy : -2.175100 (0.000064)

kinetic : 2.178445 (0.014236)
potential : -4.353544 (0.014248)
energy : -2.175099 (0.000064)

kinetic : 2.179129 (0.014232)
potential : -4.354230 (0.014244)
energy : -2.175101 (0.000064)

kinetic : 2.178779 (0.014216)
potential : -4.353878 (0.014228)
energy : -2.175099 (0.000064)

kinetic : 2.178491 (0.014199)
potential : -4.353586 (0.014211)
energy : -2.175095 (0.000064)

kinetic : 2.179503 (0.014215)
potential : -4.354597 (0.014227)
energy : -2.175094 (0.000064)

kinetic : 2.179276 (0.014196)
potential : -4.354369 (0.014208)
energy : -2.175093 (0.000064)

kinetic : 2.178777 (0.014185)
potential : -4.353872 (0.014197)
energy : -2.175095 (0.000064)

kinetic : 2.182055 (0.014539)
potential : -4.357151 (0.014551)
energy : -2.175096 (0.000063)

kinetic : 2.181183 (0.014545)
potential : -4.356276 (0.014557)
energy : -2.175093 (0.000063)

kinetic : 2.181357 (0.014525)
potential : -4.356448 (0.014537)
energy : -2.175091 (0.000063)

kinetic : 2.182231 (0.014531)
potential : -4.357325 (0.014543)
energy : -2.175094 (0.000063)

kinetic : 2.181871 (0.014515)
potential : -4.356963 (0.014527)
energy : -2.175092 (0.000063)

kinetic : 2.181758 (0.014495)
potential : -4.356853 (0.014507)
energy : -2.175095 (0.000063)

kinetic : 2.181461 (0.014478)
potential : -4.356556 (0.014490)
energy : -2.175095 (0.000063)

kinetic : 2.181736 (0.014460)
potential : -4.356833 (0.014472)
energy : -2.175097 (0.000063)

kinetic : 2.181848 (0.014440)
potential : -4.356946 (0.014452)
energy : -2.175098 (0.000063)

kinetic : 2.181644 (0.014421)
potential : -4.356746 (0.014433)
energy : -2.175102 (0.000063)

kinetic : 2.181121 (0.014411)
potential : -4.356222 (0.014423)
energy : -2.175101 (0.000063)

kinetic : 2.181254 (0.014391)
potential : -4.356359 (0.014403)
energy : -2.175104 (0.000063)

kinetic : 2.181453 (0.014372)
potential : -4.356556 (0.014384)
energy : -2.175103 (0.000063)

kinetic : 2.181326 (0.014353)
potential : -4.356427 (0.014365)
energy : -2.175101 (0.000063)

kinetic : 2.180986 (0.014337)
potential : -4.356088 (0.014349)
energy : -2.175102 (0.000063)

kinetic : 2.180661 (0.014321)
potential : -4.355764 (0.014333)
energy : -2.175104 (0.000063)

kinetic : 2.180783 (0.014301)
potential : -4.355888 (0.014313)
energy : -2.175105 (0.000063)

kinetic : 2.180421 (0.014286)
potential : -4.355525 (0.014298)
energy : -2.175104 (0.000063)

kinetic : 2.180300 (0.014267)
potential : -4.355403 (0.014279)
energy : -2.175103 (0.000062)

kinetic : 2.179910 (0.014253)
potential : -4.355016 (0.014265)
energy : -2.175107 (0.000063)

kinetic : 2.179342 (0.014244)
potential : -4.354447 (0.014256)
energy : -2.175105 (0.000062)

kinetic : 2.179158 (0.014226)
potential : -4.354264 (0.014238)
energy : -2.175106 (0.000062)

kinetic : 2.178655 (0.014215)
potential : -4.353761 (0.014227)
energy : -2.175105 (0.000062)

kinetic : 2.178469 (0.014197)
potential : -4.353573 (0.014209)
energy : -2.175103 (0.000062)

kinetic : 2.178691 (0.014179)
potential : -4.353794 (0.014191)
energy : -2.175103 (0.000062)

kinetic : 2.178181 (0.014169)
potential : -4.353285 (0.014181)
energy : -2.175104 (0.000062)

kinetic : 2.178311 (0.014150)
potential : -4.353419 (0.014162)
energy : -2.175108 (0.000062)

kinetic : 2.178061 (0.014133)
potential : -4.353168 (0.014145)
energy : -2.175107 (0.000062)

kinetic : 2.178300 (0.014116)
potential : -4.353408 (0.014128)
energy : -2.175108 (0.000062)

kinetic : 2.178721 (0.014103)
potential : -4.353828 (0.014115)
energy : -2.175108 (0.000062)

kinetic : 2.178717 (0.014084)
potential : -4.353824 (0.014096)
energy : -2.175107 (0.000062)

kinetic : 2.178748 (0.014065)
potential : -4.353854 (0.014076)
energy : -2.175106 (0.000062)

kinetic : 2.178381 (0.014050)
potential : -4.353487 (0.014062)
energy : -2.175106 (0.000062)

kinetic : 2.178855 (0.014039)
potential : -4.353965 (0.014051)
energy : -2.175109 (0.000062)

kinetic : 2.178419 (0.014027)
potential : -4.353527 (0.014039)
energy : -2.175108 (0.000062)

kinetic : 2.178283 (0.014009)
potential : -4.353393 (0.014021)
energy : -2.175110 (0.000062)

kinetic : 2.177687 (0.014003)
potential : -4.352796 (0.014015)
energy : -2.175108 (0.000061)

kinetic : 2.177300 (0.013989)
potential : -4.352407 (0.014001)
energy : -2.175107 (0.000061)

kinetic : 2.177051 (0.013973)
potential : -4.352157 (0.013984)
energy : -2.175106 (0.000061)

kinetic : 2.177185 (0.013954)
potential : -4.352290 (0.013966)
energy : -2.175105 (0.000061)

kinetic : 2.176683 (0.013945)
potential : -4.351783 (0.013957)
energy : -2.175100 (0.000061)

kinetic : 2.176441 (0.013928)
potential : -4.351542 (0.013940)
energy : -2.175101 (0.000061)

kinetic : 2.176742 (0.013913)
potential : -4.351840 (0.013925)
energy : -2.175098 (0.000061)

kinetic : 2.176431 (0.013898)
potential : -4.351529 (0.013910)
energy : -2.175098 (0.000061)

kinetic : 2.176347 (0.013879)
potential : -4.351444 (0.013891)
energy : -2.175097 (0.000061)

kinetic : 2.176930 (0.013873)
potential : -4.352029 (0.013885)
energy : -2.175099 (0.000061)

kinetic : 2.177416 (0.013863)
potential : -4.352514 (0.013875)
energy : -2.175098 (0.000061)

kinetic : 2.177555 (0.013846)
potential : -4.352658 (0.013857)
energy : -2.175102 (0.000061)

kinetic : 2.177556 (0.013827)
potential : -4.352656 (0.013839)
energy : -2.175100 (0.000061)

kinetic : 2.177286 (0.013811)
potential : -4.352384 (0.013823)
energy : -2.175098 (0.000061)

kinetic : 2.177322 (0.013793)
potential : -4.352420 (0.013805)
energy : -2.175098 (0.000061)

kinetic : 2.177258 (0.013775)
potential : -4.352354 (0.013787)
energy : -2.175096 (0.000061)

kinetic : 2.176525 (0.013776)
potential : -4.351622 (0.013788)
energy : -2.175097 (0.000061)

kinetic : 2.176355 (0.013759)
potential : -4.351453 (0.013771)
energy : -2.175098 (0.000061)

kinetic : 2.176107 (0.013743)
potential : -4.351204 (0.013755)
energy : -2.175097 (0.000061)

kinetic : 2.175826 (0.013728)
potential : -4.350923 (0.013740)
energy : -2.175098 (0.000061)

kinetic : 2.176544 (0.013729)
potential : -4.351640 (0.013741)
energy : -2.175096 (0.000060)

kinetic : 2.176253 (0.013714)
potential : -4.351350 (0.013726)
energy : -2.175097 (0.000060)

kinetic : 2.176063 (0.013698)
potential : -4.351160 (0.013709)
energy : -2.175097 (0.000060)

kinetic : 2.176212 (0.013680)
potential : -4.351308 (0.013692)
energy : -2.175096 (0.000060)

kinetic : 2.175868 (0.013667)
potential : -4.350967 (0.013678)
energy : -2.175099 (0.000060)

kinetic : 2.176076 (0.013651)
potential : -4.351174 (0.013662)
energy : -2.175098 (0.000060)

kinetic : 2.176531 (0.013640)
potential : -4.351628 (0.013652)
energy : -2.175097 (0.000060)

kinetic : 2.176151 (0.013628)
potential : -4.351248 (0.013639)
energy : -2.175097 (0.000060)

kinetic : 2.176180 (0.013610)
potential : -4.351277 (0.013622)
energy : -2.175097 (0.000060)

kinetic : 2.176056 (0.013593)
potential : -4.351150 (0.013604)
energy : -2.175094 (0.000060)

kinetic : 2.176841 (0.013598)
potential : -4.351935 (0.013610)
energy : -2.175094 (0.000060)

kinetic : 2.177376 (0.013591)
potential : -4.352471 (0.013602)
energy : -2.175095 (0.000060)

kinetic : 2.177846 (0.013582)
potential : -4.352942 (0.013593)
energy : -2.175095 (0.000060)

kinetic : 2.177579 (0.013567)
potential : -4.352672 (0.013578)
energy : -2.175094 (0.000060)

kinetic : 2.177730 (0.013550)
potential : -4.352827 (0.013562)
energy : -2.175097 (0.000060)

kinetic : 2.178404 (0.013550)
potential : -4.353502 (0.013561)
energy : -2.175098 (0.000060)

kinetic : 2.177912 (0.013541)
potential : -4.353010 (0.013552)
energy : -2.175098 (0.000060)

kinetic : 2.177688 (0.013526)
potential : -4.352785 (0.013537)
energy : -2.175097 (0.000060)

kinetic : 2.177745 (0.013508)
potential : -4.352844 (0.013520)
energy : -2.175099 (0.000059)

kinetic : 2.177481 (0.013494)
potential : -4.352577 (0.013505)
energy : -2.175096 (0.000059)

kinetic : 2.177400 (0.013477)
potential : -4.352497 (0.013488)
energy : -2.175098 (0.000059)

kinetic : 2.177072 (0.013463)
potential : -4.352168 (0.013475)
energy : -2.175097 (0.000059)

kinetic : 2.176974 (0.013447)
potential : -4.352072 (0.013458)
energy : -2.175098 (0.000059)

kinetic : 2.177663 (0.013447)
potential : -4.352763 (0.013458)
energy : -2.175100 (0.000059)

kinetic : 2.177554 (0.013430)
potential : -4.352654 (0.013442)
energy : -2.175100 (0.000059)

kinetic : 2.177080 (0.013422)
potential : -4.352182 (0.013433)
energy : -2.175102 (0.000059)

kinetic : 2.176883 (0.013406)
potential : -4.351987 (0.013417)
energy : -2.175104 (0.000059)

kinetic : 2.176200 (0.013407)
potential : -4.351304 (0.013418)
energy : -2.175104 (0.000059)

kinetic : 2.176272 (0.013390)
potential : -4.351378 (0.013401)
energy : -2.175106 (0.000059)

kinetic : 2.176282 (0.013373)
potential : -4.351389 (0.013384)
energy : -2.175107 (0.000059)

kinetic : 2.176348 (0.013356)
potential : -4.351455 (0.013367)
energy : -2.175106 (0.000059)

kinetic : 2.175860 (0.013348)
potential : -4.350965 (0.013359)
energy : -2.175105 (0.000059)

kinetic : 2.175589 (0.013334)
potential : -4.350694 (0.013345)
energy : -2.175104 (0.000059)

kinetic : 2.175487 (0.013318)
potential : -4.350591 (0.013329)
energy : -2.175104 (0.000059)

kinetic : 2.175420 (0.013301)
potential : -4.350526 (0.013312)
energy : -2.175106 (0.000059)

kinetic : 2.175021 (0.013290)
potential : -4.350126 (0.013302)
energy : -2.175105 (0.000059)

kinetic : 2.175099 (0.013274)
potential : -4.350207 (0.013285)
energy : -2.175108 (0.000058)

kinetic : 2.175507 (0.013264)
potential : -4.350620 (0.013275)
energy : -2.175113 (0.000059)

kinetic : 2.176122 (0.013261)
potential : -4.351234 (0.013273)
energy : -2.175112 (0.000059)

kinetic : 2.176335 (0.013246)
potential : -4.351448 (0.013258)
energy : -2.175113 (0.000059)

kinetic : 2.175967 (0.013235)
potential : -4.351083 (0.013246)
energy : -2.175115 (0.000059)

kinetic : 2.175475 (0.013228)
potential : -4.350591 (0.013239)
energy : -2.175116 (0.000058)

kinetic : 2.176084 (0.013225)
potential : -4.351199 (0.013236)
energy : -2.175115 (0.000058)

kinetic : 2.176217 (0.013209)
potential : -4.351330 (0.013220)
energy : -2.175113 (0.000058)

kinetic : 2.176435 (0.013195)
potential : -4.351546 (0.013206)
energy : -2.175111 (0.000058)

kinetic : 2.176631 (0.013180)
potential : -4.351738 (0.013191)
energy : -2.175107 (0.000058)

kinetic : 2.178581 (0.013307)
potential : -4.353686 (0.013318)
energy : -2.175106 (0.000058)

kinetic : 2.178392 (0.013292)
potential : -4.353498 (0.013303)
energy : -2.175106 (0.000058)

kinetic : 2.179083 (0.013294)
potential : -4.354190 (0.013304)
energy : -2.175107 (0.000058)

kinetic : 2.178627 (0.013285)
potential : -4.353733 (0.013296)
energy : -2.175107 (0.000058)

kinetic : 2.178719 (0.013269)
potential : -4.353826 (0.013280)
energy : -2.175107 (0.000058)

kinetic : 2.178581 (0.013253)
potential : -4.353688 (0.013264)
energy : -2.175107 (0.000058)

kinetic : 2.179593 (0.013276)
potential : -4.354700 (0.013286)
energy : -2.175107 (0.000058)

kinetic : 2.179227 (0.013264)
potential : -4.354338 (0.013275)
energy : -2.175111 (0.000058)

kinetic : 2.178847 (0.013254)
potential : -4.353958 (0.013264)
energy : -2.175112 (0.000058)

kinetic : 2.178897 (0.013238)
potential : -4.354008 (0.013248)
energy : -2.175111 (0.000058)

kinetic : 2.179445 (0.013233)
potential : -4.354556 (0.013243)
energy : -2.175111 (0.000058)

kinetic : 2.179205 (0.013219)
potential : -4.354315 (0.013229)
energy : -2.175110 (0.000058)

kinetic : 2.179108 (0.013203)
potential : -4.354214 (0.013213)
energy : -2.175106 (0.000058)

kinetic : 2.179128 (0.013187)
potential : -4.354235 (0.013197)
energy : -2.175107 (0.000058)

kinetic : 2.179167 (0.013171)
potential : -4.354273 (0.013181)
energy : -2.175106 (0.000058)

kinetic : 2.180088 (0.013187)
potential : -4.355194 (0.013197)
energy : -2.175105 (0.000058)

kinetic : 2.179754 (0.013175)
potential : -4.354859 (0.013186)
energy : -2.175104 (0.000058)

kinetic : 2.179868 (0.013160)
potential : -4.354971 (0.013170)
energy : -2.175103 (0.000057)

kinetic : 2.180538 (0.013161)
potential : -4.355639 (0.013171)
energy : -2.175101 (0.000057)

kinetic : 2.182999 (0.013373)
potential : -4.358099 (0.013383)
energy : -2.175100 (0.000057)

kinetic : 2.182519 (0.013366)
potential : -4.357618 (0.013376)
energy : -2.175099 (0.000057)

kinetic : 2.182576 (0.013350)
potential : -4.357675 (0.013360)
energy : -2.175099 (0.000057)

kinetic : 2.182151 (0.013340)
potential : -4.357250 (0.013350)
energy : -2.175099 (0.000057)

kinetic : 2.182421 (0.013327)
potential : -4.357522 (0.013337)
energy : -2.175101 (0.000057)

kinetic : 2.182346 (0.013311)
potential : -4.357449 (0.013321)
energy : -2.175104 (0.000057)

kinetic : 2.182346 (0.013295)
potential : -4.357451 (0.013305)
energy : -2.175105 (0.000057)

kinetic : 2.183149 (0.013304)
potential : -4.358254 (0.013313)
energy : -2.175105 (0.000057)

kinetic : 2.183323 (0.013289)
potential : -4.358428 (0.013299)
energy : -2.175104 (0.000057)

kinetic : 2.183213 (0.013273)
potential : -4.358320 (0.013283)
energy : -2.175107 (0.000057)

kinetic : 2.183161 (0.013258)
potential : -4.358266 (0.013267)
energy : -2.175105 (0.000057)

kinetic : 2.182961 (0.013243)
potential : -4.358067 (0.013253)
energy : -2.175106 (0.000057)

kinetic : 2.182883 (0.013228)
potential : -4.357990 (0.013237)
energy : -2.175107 (0.000057)

kinetic : 2.182705 (0.013213)
potential : -4.357812 (0.013223)
energy : -2.175107 (0.000057)

kinetic : 2.183215 (0.013207)
potential : -4.358319 (0.013217)
energy : -2.175105 (0.000057)

kinetic : 2.182774 (0.013199)
potential : -4.357880 (0.013208)
energy : -2.175106 (0.000057)

kinetic : 2.182458 (0.013187)
potential : -4.357563 (0.013197)
energy : -2.175105 (0.000057)

kinetic : 2.182465 (0.013172)
potential : -4.357569 (0.013181)
energy : -2.175104 (0.000057)

kinetic : 2.182221 (0.013158)
potential : -4.357324 (0.013168)
energy : -2.175103 (0.000057)

kinetic : 2.182073 (0.013143)
potential : -4.357178 (0.013153)
energy : -2.175105 (0.000057)

kinetic : 2.181945 (0.013129)
potential : -4.357050 (0.013138)
energy : -2.175105 (0.000056)

kinetic : 2.181873 (0.013113)
potential : -4.356977 (0.013123)
energy : -2.175103 (0.000056)

kinetic : 2.181539 (0.013102)
potential : -4.356641 (0.013111)
energy : -2.175102 (0.000056)

kinetic : 2.181376 (0.013088)
potential : -4.356476 (0.013097)
energy : -2.175100 (0.000056)

kinetic : 2.180901 (0.013081)
potential : -4.356002 (0.013090)
energy : -2.175101 (0.000056)

kinetic : 2.180532 (0.013071)
potential : -4.355634 (0.013080)
energy : -2.175102 (0.000056)

kinetic : 2.180122 (0.013062)
potential : -4.355223 (0.013071)
energy : -2.175102 (0.000056)

kinetic : 2.179586 (0.013058)
potential : -4.354685 (0.013067)
energy : -2.175099 (0.000056)

kinetic : 2.179549 (0.013042)
potential : -4.354647 (0.013052)
energy : -2.175098 (0.000056)

kinetic : 2.179297 (0.013030)
potential : -4.354397 (0.013039)
energy : -2.175100 (0.000056)

kinetic : 2.179349 (0.013014)
potential : -4.354446 (0.013024)
energy : -2.175097 (0.000056)

kinetic : 2.178821 (0.013010)
potential : -4.353919 (0.013019)
energy : -2.175098 (0.000056)

kinetic : 2.178525 (0.012998)
potential : -4.353622 (0.013007)
energy : -2.175097 (0.000056)

kinetic : 2.178780 (0.012986)
potential : -4.353879 (0.012995)
energy : -2.175098 (0.000056)

kinetic : 2.179101 (0.012974)
potential : -4.354198 (0.012984)
energy : -2.175097 (0.000056)

kinetic : 2.179684 (0.012972)
potential : -4.354781 (0.012982)
energy : -2.175097 (0.000056)

kinetic : 2.179719 (0.012957)
potential : -4.354815 (0.012967)
energy : -2.175096 (0.000056)

kinetic : 2.179593 (0.012943)
potential : -4.354687 (0.012952)
energy : -2.175094 (0.000056)

kinetic : 2.179389 (0.012930)
potential : -4.354484 (0.012939)
energy : -2.175095 (0.000056)

kinetic : 2.179485 (0.012915)
potential : -4.354581 (0.012924)
energy : -2.175096 (0.000056)

kinetic : 2.179230 (0.012903)
potential : -4.354331 (0.012912)
energy : -2.175101 (0.000056)

kinetic : 2.179515 (0.012891)
potential : -4.354617 (0.012900)
energy : -2.175102 (0.000056)

kinetic : 2.179062 (0.012884)
potential : -4.354163 (0.012893)
energy : -2.175101 (0.000056)

kinetic : 2.178811 (0.012872)
potential : -4.353912 (0.012881)
energy : -2.175101 (0.000056)

kinetic : 2.178729 (0.012857)
potential : -4.353829 (0.012866)
energy : -2.175099 (0.000056)

kinetic : 2.178854 (0.012843)
potential : -4.353955 (0.012852)
energy : -2.175101 (0.000056)

kinetic : 2.178906 (0.012828)
potential : -4.354008 (0.012838)
energy : -2.175101 (0.000055)

kinetic : 2.179275 (0.012819)
potential : -4.354378 (0.012828)
energy : -2.175103 (0.000055)

kinetic : 2.178769 (0.012814)
potential : -4.353872 (0.012824)
energy : -2.175103 (0.000055)

kinetic : 2.178360 (0.012806)
potential : -4.353462 (0.012815)
energy : -2.175102 (0.000055)

kinetic : 2.178181 (0.012793)
potential : -4.353284 (0.012802)
energy : -2.175102 (0.000055)

kinetic : 2.177840 (0.012783)
potential : -4.352941 (0.012792)
energy : -2.175100 (0.000055)

kinetic : 2.178084 (0.012771)
potential : -4.353185 (0.012780)
energy : -2.175101 (0.000055)

kinetic : 2.178270 (0.012758)
potential : -4.353370 (0.012767)
energy : -2.175099 (0.000055)

kinetic : 2.178198 (0.012743)
potential : -4.353297 (0.012752)
energy : -2.175099 (0.000055)

kinetic : 2.177639 (0.012741)
potential : -4.352740 (0.012750)
energy : -2.175101 (0.000055)

kinetic : 2.177647 (0.012727)
potential : -4.352748 (0.012736)
energy : -2.175101 (0.000055)

kinetic : 2.177769 (0.012713)
potential : -4.352868 (0.012722)
energy : -2.175099 (0.000055)

kinetic : 2.177496 (0.012701)
potential : -4.352597 (0.012710)
energy : -2.175100 (0.000055)

kinetic : 2.177609 (0.012688)
potential : -4.352709 (0.012696)
energy : -2.175101 (0.000055)

kinetic : 2.178033 (0.012680)
potential : -4.353131 (0.012689)
energy : -2.175099 (0.000055)

kinetic : 2.177259 (0.012690)
potential : -4.352357 (0.012699)
energy : -2.175098 (0.000055)

kinetic : 2.177187 (0.012676)
potential : -4.352285 (0.012684)
energy : -2.175098 (0.000055)

kinetic : 2.177777 (0.012675)
potential : -4.352876 (0.012684)
energy : -2.175099 (0.000055)

kinetic : 2.177229 (0.012673)
potential : -4.352329 (0.012682)
energy : -2.175100 (0.000055)

kinetic : 2.177249 (0.012658)
potential : -4.352350 (0.012667)
energy : -2.175101 (0.000055)

kinetic : 2.177317 (0.012644)
potential : -4.352416 (0.012653)
energy : -2.175100 (0.000054)

kinetic : 2.177346 (0.012630)
potential : -4.352446 (0.012639)
energy : -2.175099 (0.000054)

kinetic : 2.177773 (0.012623)
potential : -4.352871 (0.012632)
energy : -2.175098 (0.000054)

kinetic : 2.177729 (0.012609)
potential : -4.352825 (0.012618)
energy : -2.175095 (0.000054)

kinetic : 2.177707 (0.012595)
potential : -4.352801 (0.012604)
energy : -2.175095 (0.000054)

kinetic : 2.177727 (0.012581)
potential : -4.352821 (0.012590)
energy : -2.175094 (0.000054)

kinetic : 2.178207 (0.012577)
potential : -4.353298 (0.012585)
energy : -2.175091 (0.000054)

kinetic : 2.177911 (0.012566)
potential : -4.353003 (0.012575)
energy : -2.175091 (0.000054)

kinetic : 2.177867 (0.012552)
potential : -4.352957 (0.012561)
energy : -2.175089 (0.000054)

kinetic : 2.177725 (0.012539)
potential : -4.352816 (0.012548)
energy : -2.175091 (0.000054)

kinetic : 2.177538 (0.012527)
potential : -4.352629 (0.012535)
energy : -2.175091 (0.000054)

kinetic : 2.178244 (0.012533)
potential : -4.353333 (0.012541)
energy : -2.175090 (0.000054)

kinetic : 2.177906 (0.012523)
potential : -4.352996 (0.012532)
energy : -2.175090 (0.000054)

kinetic : 2.177747 (0.012510)
potential : -4.352835 (0.012519)
energy : -2.175088 (0.000054)

kinetic : 2.177821 (0.012497)
potential : -4.352908 (0.012505)
energy : -2.175087 (0.000054)

kinetic : 2.177369 (0.012491)
potential : -4.352455 (0.012500)
energy : -2.175086 (0.000054)

kinetic : 2.177095 (0.012481)
potential : -4.352182 (0.012489)
energy : -2.175087 (0.000054)

kinetic : 2.176573 (0.012478)
potential : -4.351660 (0.012486)
energy : -2.175088 (0.000054)

kinetic : 2.176163 (0.012471)
potential : -4.351251 (0.012479)
energy : -2.175087 (0.000054)

kinetic : 2.176345 (0.012458)
potential : -4.351433 (0.012467)
energy : -2.175089 (0.000054)

kinetic : 2.175774 (0.012458)
potential : -4.350864 (0.012466)
energy : -2.175089 (0.000054)

kinetic : 2.175385 (0.012450)
potential : -4.350471 (0.012459)
energy : -2.175087 (0.000054)

kinetic : 2.175159 (0.012439)
potential : -4.350248 (0.012447)
energy : -2.175089 (0.000054)

kinetic : 2.175653 (0.012435)
potential : -4.350743 (0.012443)
energy : -2.175090 (0.000054)

kinetic : 2.176316 (0.012439)
potential : -4.351406 (0.012447)
energy : -2.175090 (0.000053)

kinetic : 2.176087 (0.012428)
potential : -4.351177 (0.012436)
energy : -2.175090 (0.000053)

kinetic : 2.177183 (0.012462)
potential : -4.352272 (0.012471)
energy : -2.175089 (0.000053)

kinetic : 2.177194 (0.012449)
potential : -4.352283 (0.012457)
energy : -2.175089 (0.000053)

kinetic : 2.176964 (0.012437)
potential : -4.352052 (0.012446)
energy : -2.175089 (0.000053)

kinetic : 2.177388 (0.012431)
potential : -4.352476 (0.012439)
energy : -2.175088 (0.000053)

kinetic : 2.177701 (0.012422)
potential : -4.352790 (0.012430)
energy : -2.175090 (0.000053)

kinetic : 2.177605 (0.012409)
potential : -4.352694 (0.012417)
energy : -2.175089 (0.000053)

kinetic : 2.177715 (0.012396)
potential : -4.352805 (0.012404)
energy : -2.175090 (0.000053)

kinetic : 2.177376 (0.012387)
potential : -4.352463 (0.012395)
energy : -2.175087 (0.000053)

kinetic : 2.177597 (0.012376)
potential : -4.352685 (0.012384)
energy : -2.175088 (0.000053)

kinetic : 2.177431 (0.012363)
potential : -4.352520 (0.012372)
energy : -2.175089 (0.000053)

kinetic : 2.177224 (0.012352)
potential : -4.352312 (0.012360)
energy : -2.175088 (0.000053)

kinetic : 2.177150 (0.012339)
potential : -4.352240 (0.012347)
energy : -2.175090 (0.000053)

kinetic : 2.176917 (0.012328)
potential : -4.352007 (0.012336)
energy : -2.175090 (0.000053)

kinetic : 2.176777 (0.012315)
potential : -4.351866 (0.012323)
energy : -2.175089 (0.000053)

kinetic : 2.176738 (0.012302)
potential : -4.351829 (0.012310)
energy : -2.175091 (0.000053)

kinetic : 2.176373 (0.012294)
potential : -4.351463 (0.012303)
energy : -2.175090 (0.000053)

kinetic : 2.176421 (0.012281)
potential : -4.351512 (0.012289)
energy : -2.175091 (0.000053)

kinetic : 2.176039 (0.012274)
potential : -4.351133 (0.012282)
energy : -2.175094 (0.000053)

kinetic : 2.175728 (0.012265)
potential : -4.350820 (0.012273)
energy : -2.175092 (0.000053)

kinetic : 2.175206 (0.012263)
potential : -4.350296 (0.012271)
energy : -2.175090 (0.000053)

kinetic : 2.175140 (0.012250)
potential : -4.350232 (0.012258)
energy : -2.175093 (0.000053)

kinetic : 2.174853 (0.012240)
potential : -4.349946 (0.012249)
energy : -2.175093 (0.000053)

kinetic : 2.174661 (0.012229)
potential : -4.349757 (0.012237)
energy : -2.175096 (0.000053)

kinetic : 2.175213 (0.012228)
potential : -4.350310 (0.012236)
energy : -2.175097 (0.000053)

kinetic : 2.174707 (0.012226)
potential : -4.349803 (0.012234)
energy : -2.175096 (0.000053)

kinetic : 2.174962 (0.012215)
potential : -4.350059 (0.012224)
energy : -2.175097 (0.000053)

kinetic : 2.175278 (0.012207)
potential : -4.350375 (0.012215)
energy : -2.175097 (0.000052)

kinetic : 2.174755 (0.012205)
potential : -4.349851 (0.012213)
energy : -2.175096 (0.000052)

kinetic : 2.174918 (0.012193)
potential : -4.350013 (0.012201)
energy : -2.175095 (0.000052)

kinetic : 2.174518 (0.012187)
potential : -4.349612 (0.012195)
energy : -2.175094 (0.000052)

kinetic : 2.174648 (0.012175)
potential : -4.349740 (0.012183)
energy : -2.175092 (0.000052)

kinetic : 2.174395 (0.012164)
potential : -4.349485 (0.012173)
energy : -2.175090 (0.000052)

kinetic : 2.174267 (0.012152)
potential : -4.349358 (0.012160)
energy : -2.175091 (0.000052)

kinetic : 2.173582 (0.012159)
potential : -4.348672 (0.012167)
energy : -2.175090 (0.000052)

kinetic : 2.173456 (0.012147)
potential : -4.348545 (0.012155)
energy : -2.175089 (0.000052)

kinetic : 2.174323 (0.012165)
potential : -4.349410 (0.012173)
energy : -2.175087 (0.000052)

kinetic : 2.174507 (0.012154)
potential : -4.349591 (0.012162)
energy : -2.175084 (0.000052)

kinetic : 2.175040 (0.012153)
potential : -4.350127 (0.012161)
energy : -2.175087 (0.000052)

kinetic : 2.174853 (0.012141)
potential : -4.349940 (0.012149)
energy : -2.175087 (0.000052)

kinetic : 2.174585 (0.012132)
potential : -4.349673 (0.012140)
energy : -2.175089 (0.000052)

kinetic : 2.174791 (0.012121)
potential : -4.349882 (0.012129)
energy : -2.175091 (0.000052)

kinetic : 2.175042 (0.012111)
potential : -4.350131 (0.012119)
energy : -2.175090 (0.000052)

kinetic : 2.174756 (0.012101)
potential : -4.349843 (0.012109)
energy : -2.175087 (0.000052)

kinetic : 2.174557 (0.012090)
potential : -4.349645 (0.012099)
energy : -2.175087 (0.000052)

kinetic : 2.175188 (0.012094)
potential : -4.350276 (0.012102)
energy : -2.175088 (0.000052)

kinetic : 2.175130 (0.012082)
potential : -4.350217 (0.012090)
energy : -2.175087 (0.000052)

kinetic : 2.174733 (0.012076)
potential : -4.349818 (0.012084)
energy : -2.175085 (0.000052)

kinetic : 2.174492 (0.012066)
potential : -4.349576 (0.012074)
energy : -2.175084 (0.000052)

kinetic : 2.174023 (0.012062)
potential : -4.349105 (0.012071)
energy : -2.175082 (0.000052)

kinetic : 2.174486 (0.012059)
potential : -4.349567 (0.012067)
energy : -2.175081 (0.000052)

kinetic : 2.174226 (0.012049)
potential : -4.349306 (0.012057)
energy : -2.175080 (0.000052)

kinetic : 2.174361 (0.012038)
potential : -4.349441 (0.012046)
energy : -2.175081 (0.000052)

kinetic : 2.174415 (0.012025)
potential : -4.349496 (0.012033)
energy : -2.175081 (0.000052)

kinetic : 2.174328 (0.012013)
potential : -4.349409 (0.012021)
energy : -2.175081 (0.000052)

kinetic : 2.174003 (0.012005)
potential : -4.349082 (0.012013)
energy : -2.175079 (0.000052)

kinetic : 2.173632 (0.011999)
potential : -4.348710 (0.012007)
energy : -2.175077 (0.000052)

kinetic : 2.173659 (0.011986)
potential : -4.348738 (0.011995)
energy : -2.175079 (0.000052)

kinetic : 2.173352 (0.011978)
potential : -4.348428 (0.011986)
energy : -2.175077 (0.000052)

kinetic : 2.173486 (0.011967)
potential : -4.348562 (0.011975)
energy : -2.175076 (0.000051)

kinetic : 2.174003 (0.011965)
potential : -4.349079 (0.011974)
energy : -2.175076 (0.000051)

kinetic : 2.173942 (0.011953)
potential : -4.349017 (0.011962)
energy : -2.175076 (0.000051)

kinetic : 2.173775 (0.011942)
potential : -4.348852 (0.011951)
energy : -2.175077 (0.000051)

kinetic : 2.173904 (0.011931)
potential : -4.348982 (0.011939)
energy : -2.175078 (0.000051)

kinetic : 2.173973 (0.011919)
potential : -4.349050 (0.011927)
energy : -2.175076 (0.000051)

kinetic : 2.174260 (0.011910)
potential : -4.349336 (0.011918)
energy : -2.175076 (0.000051)

kinetic : 2.174626 (0.011904)
potential : -4.349702 (0.011912)
energy : -2.175076 (0.000051)

kinetic : 2.174396 (0.011894)
potential : -4.349472 (0.011902)
energy : -2.175076 (0.000051)

kinetic : 2.174505 (0.011882)
potential : -4.349582 (0.011890)
energy : -2.175076 (0.000051)

kinetic : 2.174230 (0.011873)
potential : -4.349304 (0.011882)
energy : -2.175074 (0.000051)

kinetic : 2.174991 (0.011886)
potential : -4.350064 (0.011894)
energy : -2.175073 (0.000051)

kinetic : 2.175302 (0.011878)
potential : -4.350374 (0.011886)
energy : -2.175073 (0.000051)

kinetic : 2.174972 (0.011870)
potential : -4.350044 (0.011879)
energy : -2.175072 (0.000051)

kinetic : 2.174465 (0.011869)
potential : -4.349536 (0.011877)
energy : -2.175071 (0.000051)

kinetic : 2.173924 (0.011870)
potential : -4.348994 (0.011878)
energy : -2.175070 (0.000051)

kinetic : 2.173531 (0.011864)
potential : -4.348602 (0.011872)
energy : -2.175071 (0.000051)

kinetic : 2.173513 (0.011852)
potential : -4.348582 (0.011860)
energy : -2.175069 (0.000051)

kinetic : 2.173321 (0.011842)
potential : -4.348389 (0.011850)
energy : -2.175068 (0.000051)

kinetic : 2.173470 (0.011831)
potential : -4.348537 (0.011839)
energy : -2.175068 (0.000051)

kinetic : 2.173671 (0.011821)
potential : -4.348738 (0.011829)
energy : -2.175067 (0.000051)

kinetic : 2.174479 (0.011837)
potential : -4.349545 (0.011845)
energy : -2.175066 (0.000051)

kinetic : 2.175353 (0.011857)
potential : -4.350419 (0.011865)
energy : -2.175066 (0.000051)

kinetic : 2.175330 (0.011845)
potential : -4.350397 (0.011853)
energy : -2.175067 (0.000051)
         kinetic: 2.175(12), Sigma: 3.985, T_corr: 8.8
       potential: -4.350(12), Sigma: 3.988, T_corr: 8.8
          energy: -2.175067(51), Sigma: 0.022, T_corr: 5.0

For tau = 2.50e-01, acceptance ratio = 0.72
Time: 485.98s
