
kinetic : 1.981247 (inf)
potential : -4.160018 (inf)
energy : -2.178771 (inf)

kinetic : 2.135336 (inf)
potential : -4.305637 (inf)
energy : -2.170301 (inf)

kinetic : 2.193635 (0.058299)
potential : -4.367355 (0.061718)
energy : -2.173720 (0.003419)

kinetic : 2.135058 (0.067558)
potential : -4.310039 (0.067490)
energy : -2.174981 (0.002342)

kinetic : 2.253367 (0.127589)
potential : -4.428526 (0.127736)
energy : -2.175159 (0.001666)

kinetic : 2.195259 (0.114647)
potential : -4.370370 (0.114769)
energy : -2.175110 (0.001291)

kinetic : 2.138827 (0.109303)
potential : -4.313910 (0.109403)
energy : -2.175082 (0.001055)

kinetic : 2.153383 (0.093518)
potential : -4.328078 (0.093542)
energy : -2.174695 (0.000972)

kinetic : 2.127700 (0.084964)
potential : -4.302750 (0.084877)
energy : -2.175050 (0.000913)

kinetic : 2.117341 (0.075643)
potential : -4.292416 (0.075565)
energy : -2.175075 (0.000806)

kinetic : 2.114595 (0.067713)
potential : -4.289850 (0.067636)
energy : -2.175255 (0.000743)

kinetic : 2.093862 (0.064663)
potential : -4.269263 (0.064550)
energy : -2.175400 (0.000687)

kinetic : 2.072175 (0.062887)
potential : -4.247508 (0.062813)
energy : -2.175333 (0.000631)

kinetic : 2.102807 (0.065457)
potential : -4.278241 (0.065445)
energy : -2.175435 (0.000589)

kinetic : 2.088540 (0.062258)
potential : -4.263754 (0.062298)
energy : -2.175214 (0.000589)

kinetic : 2.097016 (0.058575)
potential : -4.272268 (0.058618)
energy : -2.175252 (0.000549)

kinetic : 2.109099 (0.056109)
potential : -4.284387 (0.056155)
energy : -2.175288 (0.000515)

kinetic : 2.086810 (0.057224)
potential : -4.262132 (0.057251)
energy : -2.175322 (0.000485)

kinetic : 2.103456 (0.056461)
potential : -4.278688 (0.056459)
energy : -2.175232 (0.000466)

kinetic : 2.104691 (0.053421)
potential : -4.279911 (0.053419)
energy : -2.175220 (0.000441)

kinetic : 2.120259 (0.053017)
potential : -4.295279 (0.052957)
energy : -2.175020 (0.000464)

kinetic : 2.104998 (0.052688)
potential : -4.280018 (0.052633)
energy : -2.175020 (0.000441)

kinetic : 2.096251 (0.050992)
potential : -4.271239 (0.050946)
energy : -2.174988 (0.000422)

kinetic : 2.101163 (0.048971)
potential : -4.276175 (0.048930)
energy : -2.175011 (0.000404)

kinetic : 2.103818 (0.046961)
potential : -4.278701 (0.046915)
energy : -2.174884 (0.000407)

kinetic : 2.108153 (0.045252)
potential : -4.283032 (0.045207)
energy : -2.174880 (0.000390)

kinetic : 2.140578 (0.054237)
potential : -4.315569 (0.054269)
energy : -2.174991 (0.000391)

kinetic : 2.147667 (0.052668)
potential : -4.322609 (0.052693)
energy : -2.174943 (0.000380)

kinetic : 2.151823 (0.050922)
potential : -4.326781 (0.050947)
energy : -2.174958 (0.000366)

kinetic : 2.164021 (0.050627)
potential : -4.339033 (0.050662)
energy : -2.175012 (0.000357)

kinetic : 2.172847 (0.049700)
potential : -4.347830 (0.049729)
energy : -2.174984 (0.000346)

kinetic : 2.163003 (0.049067)
potential : -4.337982 (0.049096)
energy : -2.174979 (0.000335)

kinetic : 2.168346 (0.047809)
potential : -4.343320 (0.047836)
energy : -2.174975 (0.000324)

kinetic : 2.165680 (0.046414)
potential : -4.340667 (0.046439)
energy : -2.174988 (0.000315)

kinetic : 2.156374 (0.045980)
potential : -4.331353 (0.046005)
energy : -2.174979 (0.000305)

kinetic : 2.147178 (0.045584)
potential : -4.322114 (0.045617)
energy : -2.174936 (0.000300)

kinetic : 2.147126 (0.044300)
potential : -4.322027 (0.044332)
energy : -2.174901 (0.000293)

kinetic : 2.152703 (0.043445)
potential : -4.327670 (0.043485)
energy : -2.174967 (0.000293)

kinetic : 2.151220 (0.042312)
potential : -4.326148 (0.042352)
energy : -2.174929 (0.000288)

kinetic : 2.151619 (0.041215)
potential : -4.326531 (0.041254)
energy : -2.174912 (0.000281)

kinetic : 2.149715 (0.040217)
potential : -4.324658 (0.040253)
energy : -2.174944 (0.000275)

kinetic : 2.136783 (0.041300)
potential : -4.311743 (0.041329)
energy : -2.174960 (0.000269)

kinetic : 2.148314 (0.041922)
potential : -4.323179 (0.041923)
energy : -2.174865 (0.000279)

kinetic : 2.156100 (0.041669)
potential : -4.331028 (0.041682)
energy : -2.174928 (0.000280)

kinetic : 2.162197 (0.041165)
potential : -4.337124 (0.041177)
energy : -2.174928 (0.000273)

kinetic : 2.166169 (0.040436)
potential : -4.341099 (0.040448)
energy : -2.174930 (0.000267)

kinetic : 2.174959 (0.040512)
potential : -4.349936 (0.040534)
energy : -2.174978 (0.000265)

kinetic : 2.171997 (0.039751)
potential : -4.346977 (0.039772)
energy : -2.174980 (0.000260)

kinetic : 2.167690 (0.039152)
potential : -4.342680 (0.039171)
energy : -2.174990 (0.000255)

kinetic : 2.167398 (0.038345)
potential : -4.342419 (0.038364)
energy : -2.175021 (0.000251)

kinetic : 2.169600 (0.037635)
potential : -4.344647 (0.037655)
energy : -2.175047 (0.000247)

kinetic : 2.186052 (0.040392)
potential : -4.361077 (0.040401)
energy : -2.175025 (0.000243)

kinetic : 2.179140 (0.040206)
potential : -4.354184 (0.040212)
energy : -2.175044 (0.000240)

kinetic : 2.176568 (0.039524)
potential : -4.351623 (0.039529)
energy : -2.175055 (0.000235)

kinetic : 2.184390 (0.039566)
potential : -4.359397 (0.039561)
energy : -2.175007 (0.000236)

kinetic : 2.180545 (0.039030)
potential : -4.355489 (0.039031)
energy : -2.174944 (0.000240)

kinetic : 2.175814 (0.038617)
potential : -4.350817 (0.038612)
energy : -2.175003 (0.000243)

kinetic : 2.178910 (0.038060)
potential : -4.353878 (0.038051)
energy : -2.174967 (0.000241)

kinetic : 2.179871 (0.037410)
potential : -4.354863 (0.037403)
energy : -2.174992 (0.000238)

kinetic : 2.186820 (0.037422)
potential : -4.361806 (0.037413)
energy : -2.174987 (0.000234)

kinetic : 2.177584 (0.037934)
potential : -4.352582 (0.037923)
energy : -2.174997 (0.000231)

kinetic : 2.180670 (0.037434)
potential : -4.355690 (0.037426)
energy : -2.175020 (0.000228)

kinetic : 2.183153 (0.036909)
potential : -4.358148 (0.036899)
energy : -2.174995 (0.000225)

kinetic : 2.180051 (0.036451)
potential : -4.355047 (0.036441)
energy : -2.174996 (0.000222)

kinetic : 2.179941 (0.035877)
potential : -4.354978 (0.035867)
energy : -2.175037 (0.000222)

kinetic : 2.176953 (0.035447)
potential : -4.351967 (0.035439)
energy : -2.175013 (0.000220)

kinetic : 2.176822 (0.034906)
potential : -4.351847 (0.034898)
energy : -2.175025 (0.000217)

kinetic : 2.185292 (0.035409)
potential : -4.360285 (0.035394)
energy : -2.174993 (0.000216)

kinetic : 2.187479 (0.034953)
potential : -4.362409 (0.034934)
energy : -2.174931 (0.000222)

kinetic : 2.186242 (0.034465)
potential : -4.361184 (0.034446)
energy : -2.174941 (0.000219)

kinetic : 2.180884 (0.034389)
potential : -4.355764 (0.034380)
energy : -2.174880 (0.000224)

kinetic : 2.182188 (0.033926)
potential : -4.357075 (0.033918)
energy : -2.174887 (0.000221)

kinetic : 2.182227 (0.033451)
potential : -4.357095 (0.033443)
energy : -2.174868 (0.000219)

kinetic : 2.188262 (0.033538)
potential : -4.363152 (0.033534)
energy : -2.174890 (0.000217)

kinetic : 2.198977 (0.034773)
potential : -4.373843 (0.034762)
energy : -2.174866 (0.000215)

kinetic : 2.193454 (0.034748)
potential : -4.368309 (0.034739)
energy : -2.174855 (0.000213)

kinetic : 2.191790 (0.034328)
potential : -4.366631 (0.034320)
energy : -2.174841 (0.000210)

kinetic : 2.190546 (0.033902)
potential : -4.365354 (0.033895)
energy : -2.174808 (0.000210)

kinetic : 2.194482 (0.033696)
potential : -4.369257 (0.033685)
energy : -2.174775 (0.000210)

kinetic : 2.203582 (0.034488)
potential : -4.378336 (0.034473)
energy : -2.174754 (0.000208)

kinetic : 2.204118 (0.034059)
potential : -4.378897 (0.034044)
energy : -2.174779 (0.000207)

kinetic : 2.201182 (0.033764)
potential : -4.375969 (0.033748)
energy : -2.174787 (0.000205)

kinetic : 2.199110 (0.033414)
potential : -4.373877 (0.033400)
energy : -2.174767 (0.000203)

kinetic : 2.201112 (0.033069)
potential : -4.375904 (0.033057)
energy : -2.174792 (0.000202)

kinetic : 2.203193 (0.032739)
potential : -4.377963 (0.032726)
energy : -2.174771 (0.000201)

kinetic : 2.197604 (0.032831)
potential : -4.372428 (0.032809)
energy : -2.174823 (0.000206)

kinetic : 2.199797 (0.032521)
potential : -4.374621 (0.032499)
energy : -2.174824 (0.000203)

kinetic : 2.199768 (0.032145)
potential : -4.374567 (0.032124)
energy : -2.174800 (0.000202)

kinetic : 2.193663 (0.032359)
potential : -4.368470 (0.032337)
energy : -2.174807 (0.000200)

kinetic : 2.192814 (0.032004)
potential : -4.367568 (0.031984)
energy : -2.174754 (0.000205)

kinetic : 2.193190 (0.031649)
potential : -4.367968 (0.031629)
energy : -2.174779 (0.000204)

kinetic : 2.194173 (0.031315)
potential : -4.368941 (0.031295)
energy : -2.174768 (0.000202)

kinetic : 2.189405 (0.031337)
potential : -4.364190 (0.031315)
energy : -2.174785 (0.000200)

kinetic : 2.186366 (0.031147)
potential : -4.361180 (0.031123)
energy : -2.174814 (0.000200)

kinetic : 2.186524 (0.030815)
potential : -4.361335 (0.030790)
energy : -2.174811 (0.000198)

kinetic : 2.186318 (0.030489)
potential : -4.361138 (0.030465)
energy : -2.174820 (0.000196)

kinetic : 2.184677 (0.030214)
potential : -4.359484 (0.030191)
energy : -2.174806 (0.000195)

kinetic : 2.186736 (0.029972)
potential : -4.361508 (0.029947)
energy : -2.174771 (0.000196)

kinetic : 2.186224 (0.029669)
potential : -4.361000 (0.029644)
energy : -2.174776 (0.000194)

kinetic : 2.183469 (0.029497)
potential : -4.358264 (0.029470)
energy : -2.174795 (0.000193)

kinetic : 2.185439 (0.029267)
potential : -4.360209 (0.029239)
energy : -2.174770 (0.000193)

kinetic : 2.187104 (0.029023)
potential : -4.361844 (0.028994)
energy : -2.174740 (0.000193)

kinetic : 2.182062 (0.029176)
potential : -4.356786 (0.029150)
energy : -2.174725 (0.000192)

kinetic : 2.183562 (0.028931)
potential : -4.358256 (0.028903)
energy : -2.174695 (0.000192)

kinetic : 2.177551 (0.029275)
potential : -4.352234 (0.029251)
energy : -2.174683 (0.000191)

kinetic : 2.178869 (0.029025)
potential : -4.353531 (0.029000)
energy : -2.174662 (0.000190)

kinetic : 2.175532 (0.028942)
potential : -4.350195 (0.028918)
energy : -2.174663 (0.000188)

kinetic : 2.175398 (0.028671)
potential : -4.350083 (0.028647)
energy : -2.174685 (0.000188)

kinetic : 2.171893 (0.028620)
potential : -4.346596 (0.028594)
energy : -2.174704 (0.000187)

kinetic : 2.172197 (0.028358)
potential : -4.346924 (0.028332)
energy : -2.174727 (0.000187)

kinetic : 2.169952 (0.028188)
potential : -4.344683 (0.028163)
energy : -2.174731 (0.000185)

kinetic : 2.166847 (0.028105)
potential : -4.341567 (0.028081)
energy : -2.174720 (0.000184)

kinetic : 2.165795 (0.027873)
potential : -4.340488 (0.027850)
energy : -2.174693 (0.000184)

kinetic : 2.169104 (0.027823)
potential : -4.343772 (0.027797)
energy : -2.174668 (0.000184)

kinetic : 2.166621 (0.027689)
potential : -4.341292 (0.027664)
energy : -2.174671 (0.000183)

kinetic : 2.164405 (0.027537)
potential : -4.339085 (0.027511)
energy : -2.174680 (0.000181)

kinetic : 2.164883 (0.027302)
potential : -4.339559 (0.027277)
energy : -2.174676 (0.000180)

kinetic : 2.165320 (0.027072)
potential : -4.339979 (0.027046)
energy : -2.174659 (0.000179)

kinetic : 2.161433 (0.027121)
potential : -4.336096 (0.027095)
energy : -2.174664 (0.000178)

kinetic : 2.159281 (0.026978)
potential : -4.333946 (0.026953)
energy : -2.174665 (0.000176)

kinetic : 2.157233 (0.026831)
potential : -4.331918 (0.026804)
energy : -2.174686 (0.000176)

kinetic : 2.153830 (0.026825)
potential : -4.328534 (0.026796)
energy : -2.174704 (0.000175)

kinetic : 2.151409 (0.026714)
potential : -4.326148 (0.026682)
energy : -2.174738 (0.000177)

kinetic : 2.150707 (0.026505)
potential : -4.325452 (0.026474)
energy : -2.174745 (0.000176)

kinetic : 2.153501 (0.026439)
potential : -4.328235 (0.026406)
energy : -2.174734 (0.000175)

kinetic : 2.149915 (0.026470)
potential : -4.324646 (0.026439)
energy : -2.174731 (0.000174)

kinetic : 2.150329 (0.026263)
potential : -4.325074 (0.026232)
energy : -2.174745 (0.000173)

kinetic : 2.152705 (0.026163)
potential : -4.327428 (0.026131)
energy : -2.174723 (0.000173)

kinetic : 2.152462 (0.025959)
potential : -4.327205 (0.025927)
energy : -2.174743 (0.000173)

kinetic : 2.154278 (0.025821)
potential : -4.329026 (0.025789)
energy : -2.174748 (0.000171)

kinetic : 2.152342 (0.025695)
potential : -4.327095 (0.025663)
energy : -2.174753 (0.000170)

kinetic : 2.156172 (0.025784)
potential : -4.330945 (0.025756)
energy : -2.174773 (0.000170)

kinetic : 2.159564 (0.025812)
potential : -4.334331 (0.025783)
energy : -2.174767 (0.000169)

kinetic : 2.158132 (0.025657)
potential : -4.332904 (0.025628)
energy : -2.174772 (0.000168)

kinetic : 2.156292 (0.025531)
potential : -4.331054 (0.025504)
energy : -2.174762 (0.000167)

kinetic : 2.156572 (0.025343)
potential : -4.331352 (0.025316)
energy : -2.174780 (0.000166)

kinetic : 2.156038 (0.025162)
potential : -4.330821 (0.025134)
energy : -2.174783 (0.000165)

kinetic : 2.161847 (0.025644)
potential : -4.336608 (0.025613)
energy : -2.174761 (0.000165)

kinetic : 2.158841 (0.025634)
potential : -4.333633 (0.025600)
energy : -2.174792 (0.000167)

kinetic : 2.159252 (0.025452)
potential : -4.334010 (0.025418)
energy : -2.174759 (0.000169)

kinetic : 2.159796 (0.025276)
potential : -4.334576 (0.025242)
energy : -2.174780 (0.000169)

kinetic : 2.157614 (0.025191)
potential : -4.332420 (0.025155)
energy : -2.174806 (0.000170)

kinetic : 2.157157 (0.025017)
potential : -4.331935 (0.024982)
energy : -2.174779 (0.000171)

kinetic : 2.156233 (0.024858)
potential : -4.330979 (0.024825)
energy : -2.174746 (0.000173)

kinetic : 2.157134 (0.024702)
potential : -4.331868 (0.024668)
energy : -2.174733 (0.000173)

kinetic : 2.161726 (0.024957)
potential : -4.336438 (0.024920)
energy : -2.174712 (0.000173)

kinetic : 2.159671 (0.024870)
potential : -4.334407 (0.024832)
energy : -2.174735 (0.000173)

kinetic : 2.156916 (0.024854)
potential : -4.331647 (0.024816)
energy : -2.174731 (0.000172)

kinetic : 2.157149 (0.024686)
potential : -4.331870 (0.024649)
energy : -2.174721 (0.000171)

kinetic : 2.159946 (0.024679)
potential : -4.334672 (0.024643)
energy : -2.174726 (0.000170)

kinetic : 2.158930 (0.024535)
potential : -4.333651 (0.024499)
energy : -2.174721 (0.000169)

kinetic : 2.157347 (0.024423)
potential : -4.332065 (0.024388)
energy : -2.174718 (0.000168)

kinetic : 2.154813 (0.024394)
potential : -4.329521 (0.024360)
energy : -2.174708 (0.000167)

kinetic : 2.153758 (0.024257)
potential : -4.328423 (0.024225)
energy : -2.174665 (0.000171)

kinetic : 2.150054 (0.024382)
potential : -4.324712 (0.024352)
energy : -2.174657 (0.000170)

kinetic : 2.148769 (0.024258)
potential : -4.323452 (0.024227)
energy : -2.174683 (0.000171)

kinetic : 2.149804 (0.024124)
potential : -4.324497 (0.024094)
energy : -2.174693 (0.000170)

kinetic : 2.152021 (0.024073)
potential : -4.326710 (0.024042)
energy : -2.174689 (0.000169)

kinetic : 2.151459 (0.023926)
potential : -4.326147 (0.023896)
energy : -2.174689 (0.000168)

kinetic : 2.152473 (0.023797)
potential : -4.327154 (0.023767)
energy : -2.174681 (0.000167)

kinetic : 2.152837 (0.023651)
potential : -4.327533 (0.023621)
energy : -2.174696 (0.000167)

kinetic : 2.157750 (0.024011)
potential : -4.332460 (0.023985)
energy : -2.174711 (0.000167)

kinetic : 2.158372 (0.023871)
potential : -4.333089 (0.023845)
energy : -2.174716 (0.000166)

kinetic : 2.158266 (0.023724)
potential : -4.332983 (0.023699)
energy : -2.174717 (0.000165)

kinetic : 2.159807 (0.023629)
potential : -4.334531 (0.023604)
energy : -2.174724 (0.000164)

kinetic : 2.159905 (0.023486)
potential : -4.334646 (0.023461)
energy : -2.174740 (0.000164)

kinetic : 2.161046 (0.023372)
potential : -4.335761 (0.023346)
energy : -2.174715 (0.000165)

kinetic : 2.159501 (0.023283)
potential : -4.334229 (0.023256)
energy : -2.174729 (0.000164)

kinetic : 2.157256 (0.023252)
potential : -4.331979 (0.023227)
energy : -2.174723 (0.000163)

kinetic : 2.154715 (0.023253)
potential : -4.329449 (0.023227)
energy : -2.174733 (0.000163)

kinetic : 2.155642 (0.023135)
potential : -4.330372 (0.023109)
energy : -2.174730 (0.000162)

kinetic : 2.153615 (0.023088)
potential : -4.328357 (0.023061)
energy : -2.174742 (0.000161)

kinetic : 2.155997 (0.023077)
potential : -4.330729 (0.023049)
energy : -2.174732 (0.000161)

kinetic : 2.157845 (0.023018)
potential : -4.332575 (0.022990)
energy : -2.174729 (0.000160)

kinetic : 2.159305 (0.022931)
potential : -4.334055 (0.022905)
energy : -2.174751 (0.000160)

kinetic : 2.158996 (0.022802)
potential : -4.333758 (0.022776)
energy : -2.174762 (0.000160)

kinetic : 2.161088 (0.022768)
potential : -4.335860 (0.022743)
energy : -2.174773 (0.000159)

kinetic : 2.158660 (0.022769)
potential : -4.333446 (0.022743)
energy : -2.174786 (0.000159)

kinetic : 2.160004 (0.022681)
potential : -4.334771 (0.022654)
energy : -2.174767 (0.000159)

kinetic : 2.159946 (0.022554)
potential : -4.334724 (0.022527)
energy : -2.174778 (0.000159)

kinetic : 2.164813 (0.022950)
potential : -4.339596 (0.022925)
energy : -2.174784 (0.000158)

kinetic : 2.163422 (0.022865)
potential : -4.338189 (0.022841)
energy : -2.174768 (0.000158)

kinetic : 2.164174 (0.022752)
potential : -4.338950 (0.022728)
energy : -2.174776 (0.000157)

kinetic : 2.164240 (0.022627)
potential : -4.339017 (0.022604)
energy : -2.174777 (0.000156)

kinetic : 2.164390 (0.022504)
potential : -4.339163 (0.022481)
energy : -2.174774 (0.000156)

kinetic : 2.166002 (0.022440)
potential : -4.340769 (0.022417)
energy : -2.174767 (0.000155)

kinetic : 2.164121 (0.022399)
potential : -4.338894 (0.022375)
energy : -2.174773 (0.000154)

kinetic : 2.167241 (0.022496)
potential : -4.342012 (0.022472)
energy : -2.174772 (0.000153)

kinetic : 2.167688 (0.022380)
potential : -4.342464 (0.022357)
energy : -2.174776 (0.000153)

kinetic : 2.167959 (0.022263)
potential : -4.342716 (0.022240)
energy : -2.174757 (0.000153)

kinetic : 2.169876 (0.022229)
potential : -4.344632 (0.022205)
energy : -2.174756 (0.000152)

kinetic : 2.168917 (0.022133)
potential : -4.343689 (0.022109)
energy : -2.174772 (0.000152)

kinetic : 2.167507 (0.022062)
potential : -4.342278 (0.022039)
energy : -2.174772 (0.000151)

kinetic : 2.164680 (0.022129)
potential : -4.339453 (0.022105)
energy : -2.174774 (0.000151)

kinetic : 2.164956 (0.022016)
potential : -4.339752 (0.021993)
energy : -2.174796 (0.000151)

kinetic : 2.163111 (0.021981)
potential : -4.337908 (0.021958)
energy : -2.174797 (0.000151)

kinetic : 2.163451 (0.021871)
potential : -4.338254 (0.021848)
energy : -2.174803 (0.000150)

kinetic : 2.163457 (0.021760)
potential : -4.338257 (0.021737)
energy : -2.174800 (0.000149)

kinetic : 2.163133 (0.021652)
potential : -4.337916 (0.021629)
energy : -2.174783 (0.000149)

kinetic : 2.163131 (0.021543)
potential : -4.337911 (0.021520)
energy : -2.174780 (0.000149)

kinetic : 2.161814 (0.021475)
potential : -4.336593 (0.021453)
energy : -2.174780 (0.000148)

kinetic : 2.163075 (0.021405)
potential : -4.337858 (0.021384)
energy : -2.174782 (0.000147)

kinetic : 2.161170 (0.021384)
potential : -4.335954 (0.021362)
energy : -2.174784 (0.000147)

kinetic : 2.160658 (0.021285)
potential : -4.335444 (0.021263)
energy : -2.174786 (0.000146)

kinetic : 2.160431 (0.021181)
potential : -4.335221 (0.021160)
energy : -2.174790 (0.000145)

kinetic : 2.160469 (0.021078)
potential : -4.335260 (0.021056)
energy : -2.174791 (0.000144)

kinetic : 2.160020 (0.020980)
potential : -4.334807 (0.020959)
energy : -2.174787 (0.000144)

kinetic : 2.160922 (0.020898)
potential : -4.335705 (0.020877)
energy : -2.174783 (0.000143)

kinetic : 2.166087 (0.021429)
potential : -4.340879 (0.021411)
energy : -2.174792 (0.000143)

kinetic : 2.168914 (0.021513)
potential : -4.343699 (0.021494)
energy : -2.174785 (0.000142)

kinetic : 2.168849 (0.021410)
potential : -4.343613 (0.021391)
energy : -2.174764 (0.000143)

kinetic : 2.167437 (0.021355)
potential : -4.342196 (0.021337)
energy : -2.174758 (0.000143)

kinetic : 2.167035 (0.021258)
potential : -4.341791 (0.021240)
energy : -2.174755 (0.000142)

kinetic : 2.169601 (0.021313)
potential : -4.344358 (0.021295)
energy : -2.174757 (0.000141)

kinetic : 2.170639 (0.021239)
potential : -4.345401 (0.021221)
energy : -2.174763 (0.000141)

kinetic : 2.170882 (0.021141)
potential : -4.345647 (0.021124)
energy : -2.174765 (0.000140)

kinetic : 2.170112 (0.021057)
potential : -4.344879 (0.021040)
energy : -2.174767 (0.000139)

kinetic : 2.170006 (0.020960)
potential : -4.344769 (0.020943)
energy : -2.174764 (0.000139)

kinetic : 2.171145 (0.020895)
potential : -4.345900 (0.020877)
energy : -2.174755 (0.000138)

kinetic : 2.168812 (0.020929)
potential : -4.343566 (0.020912)
energy : -2.174754 (0.000138)

kinetic : 2.168536 (0.020836)
potential : -4.343294 (0.020819)
energy : -2.174758 (0.000137)

kinetic : 2.169018 (0.020747)
potential : -4.343755 (0.020729)
energy : -2.174738 (0.000138)

kinetic : 2.170761 (0.020727)
potential : -4.345505 (0.020710)
energy : -2.174744 (0.000138)

kinetic : 2.168626 (0.020744)
potential : -4.343388 (0.020725)
energy : -2.174762 (0.000138)

kinetic : 2.167699 (0.020672)
potential : -4.342455 (0.020653)
energy : -2.174757 (0.000138)

kinetic : 2.165660 (0.020680)
potential : -4.340409 (0.020663)
energy : -2.174749 (0.000137)

kinetic : 2.163885 (0.020665)
potential : -4.338624 (0.020649)
energy : -2.174739 (0.000137)

kinetic : 2.163952 (0.020574)
potential : -4.338674 (0.020558)
energy : -2.174722 (0.000138)

kinetic : 2.164380 (0.020488)
potential : -4.339095 (0.020472)
energy : -2.174715 (0.000137)

kinetic : 2.163366 (0.020424)
potential : -4.338070 (0.020408)
energy : -2.174705 (0.000137)

kinetic : 2.161313 (0.020438)
potential : -4.336031 (0.020421)
energy : -2.174718 (0.000137)

kinetic : 2.160622 (0.020361)
potential : -4.335345 (0.020344)
energy : -2.174722 (0.000136)

kinetic : 2.161883 (0.020312)
potential : -4.336619 (0.020296)
energy : -2.174736 (0.000137)

kinetic : 2.162251 (0.020228)
potential : -4.336979 (0.020212)
energy : -2.174729 (0.000136)

kinetic : 2.162370 (0.020142)
potential : -4.337093 (0.020126)
energy : -2.174722 (0.000136)

kinetic : 2.160509 (0.020142)
potential : -4.335229 (0.020126)
energy : -2.174721 (0.000135)

kinetic : 2.159683 (0.020074)
potential : -4.334392 (0.020058)
energy : -2.174709 (0.000135)

kinetic : 2.158161 (0.020047)
potential : -4.332893 (0.020030)
energy : -2.174732 (0.000137)

kinetic : 2.157767 (0.019966)
potential : -4.332497 (0.019949)
energy : -2.174730 (0.000136)

kinetic : 2.156246 (0.019940)
potential : -4.330977 (0.019924)
energy : -2.174731 (0.000135)

kinetic : 2.154534 (0.019931)
potential : -4.329262 (0.019914)
energy : -2.174728 (0.000135)

kinetic : 2.154719 (0.019849)
potential : -4.329454 (0.019833)
energy : -2.174735 (0.000135)

kinetic : 2.153943 (0.019782)
potential : -4.328670 (0.019766)
energy : -2.174727 (0.000134)

kinetic : 2.154609 (0.019712)
potential : -4.329337 (0.019696)
energy : -2.174729 (0.000134)

kinetic : 2.154234 (0.019634)
potential : -4.328968 (0.019618)
energy : -2.174734 (0.000133)

kinetic : 2.155739 (0.019612)
potential : -4.330459 (0.019595)
energy : -2.174720 (0.000133)

kinetic : 2.155488 (0.019533)
potential : -4.330218 (0.019517)
energy : -2.174730 (0.000133)

kinetic : 2.154390 (0.019485)
potential : -4.329116 (0.019469)
energy : -2.174726 (0.000133)

kinetic : 2.155245 (0.019425)
potential : -4.329984 (0.019409)
energy : -2.174739 (0.000133)

kinetic : 2.154652 (0.019356)
potential : -4.329387 (0.019340)
energy : -2.174735 (0.000132)

kinetic : 2.155509 (0.019298)
potential : -4.330248 (0.019282)
energy : -2.174739 (0.000132)

kinetic : 2.156048 (0.019228)
potential : -4.330780 (0.019213)
energy : -2.174732 (0.000132)

kinetic : 2.158065 (0.019258)
potential : -4.332786 (0.019241)
energy : -2.174720 (0.000132)

kinetic : 2.156954 (0.019214)
potential : -4.331678 (0.019197)
energy : -2.174724 (0.000131)

kinetic : 2.156237 (0.019151)
potential : -4.330961 (0.019134)
energy : -2.174724 (0.000131)

kinetic : 2.156957 (0.019090)
potential : -4.331685 (0.019073)
energy : -2.174728 (0.000130)

kinetic : 2.157913 (0.019039)
potential : -4.332653 (0.019023)
energy : -2.174740 (0.000130)

kinetic : 2.157841 (0.018965)
potential : -4.332587 (0.018949)
energy : -2.174746 (0.000130)

kinetic : 2.157775 (0.018891)
potential : -4.332520 (0.018876)
energy : -2.174745 (0.000129)

kinetic : 2.156503 (0.018861)
potential : -4.331240 (0.018846)
energy : -2.174737 (0.000129)

kinetic : 2.157039 (0.018796)
potential : -4.331759 (0.018781)
energy : -2.174720 (0.000130)

kinetic : 2.156645 (0.018728)
potential : -4.331373 (0.018712)
energy : -2.174728 (0.000129)

kinetic : 2.159408 (0.018860)
potential : -4.334143 (0.018846)
energy : -2.174735 (0.000129)

kinetic : 2.159371 (0.018788)
potential : -4.334103 (0.018774)
energy : -2.174732 (0.000129)

kinetic : 2.160271 (0.018738)
potential : -4.335006 (0.018724)
energy : -2.174736 (0.000128)

kinetic : 2.161492 (0.018707)
potential : -4.336228 (0.018694)
energy : -2.174736 (0.000128)

kinetic : 2.161061 (0.018642)
potential : -4.335795 (0.018628)
energy : -2.174734 (0.000127)

kinetic : 2.158686 (0.018723)
potential : -4.333421 (0.018709)
energy : -2.174735 (0.000127)

kinetic : 2.158947 (0.018655)
potential : -4.333686 (0.018641)
energy : -2.174739 (0.000126)

kinetic : 2.159725 (0.018602)
potential : -4.334460 (0.018588)
energy : -2.174735 (0.000126)

kinetic : 2.159604 (0.018533)
potential : -4.334340 (0.018520)
energy : -2.174735 (0.000126)

kinetic : 2.159262 (0.018468)
potential : -4.333982 (0.018455)
energy : -2.174720 (0.000126)

kinetic : 2.158332 (0.018423)
potential : -4.333064 (0.018409)
energy : -2.174731 (0.000126)

kinetic : 2.158734 (0.018360)
potential : -4.333460 (0.018346)
energy : -2.174725 (0.000126)

kinetic : 2.159829 (0.018326)
potential : -4.334563 (0.018312)
energy : -2.174734 (0.000126)

kinetic : 2.159666 (0.018260)
potential : -4.334399 (0.018246)
energy : -2.174732 (0.000125)

kinetic : 2.158310 (0.018244)
potential : -4.333032 (0.018231)
energy : -2.174722 (0.000125)

kinetic : 2.160630 (0.018325)
potential : -4.335338 (0.018311)
energy : -2.174708 (0.000125)

kinetic : 2.161826 (0.018298)
potential : -4.336542 (0.018285)
energy : -2.174716 (0.000125)

kinetic : 2.159570 (0.018372)
potential : -4.334289 (0.018358)
energy : -2.174719 (0.000125)

kinetic : 2.161017 (0.018363)
potential : -4.335730 (0.018349)
energy : -2.174713 (0.000125)

kinetic : 2.160218 (0.018315)
potential : -4.334918 (0.018302)
energy : -2.174700 (0.000125)

kinetic : 2.162099 (0.018347)
potential : -4.336798 (0.018333)
energy : -2.174699 (0.000124)

kinetic : 2.161557 (0.018290)
potential : -4.336265 (0.018276)
energy : -2.174708 (0.000124)

kinetic : 2.162064 (0.018232)
potential : -4.336776 (0.018219)
energy : -2.174712 (0.000124)

kinetic : 2.162379 (0.018171)
potential : -4.337083 (0.018158)
energy : -2.174704 (0.000124)

kinetic : 2.162485 (0.018108)
potential : -4.337190 (0.018094)
energy : -2.174704 (0.000123)

kinetic : 2.162573 (0.018045)
potential : -4.337284 (0.018031)
energy : -2.174711 (0.000123)

kinetic : 2.162404 (0.017983)
potential : -4.337119 (0.017969)
energy : -2.174715 (0.000123)

kinetic : 2.161357 (0.017951)
potential : -4.336079 (0.017937)
energy : -2.174722 (0.000122)

kinetic : 2.162952 (0.017960)
potential : -4.337689 (0.017948)
energy : -2.174736 (0.000123)

kinetic : 2.162813 (0.017899)
potential : -4.337562 (0.017886)
energy : -2.174749 (0.000123)

kinetic : 2.165018 (0.017973)
potential : -4.339771 (0.017961)
energy : -2.174753 (0.000123)

kinetic : 2.164705 (0.017914)
potential : -4.339464 (0.017902)
energy : -2.174758 (0.000122)

kinetic : 2.164185 (0.017861)
potential : -4.338945 (0.017849)
energy : -2.174760 (0.000122)

kinetic : 2.164312 (0.017801)
potential : -4.339070 (0.017789)
energy : -2.174758 (0.000122)

kinetic : 2.163479 (0.017760)
potential : -4.338241 (0.017748)
energy : -2.174762 (0.000121)

kinetic : 2.163993 (0.017708)
potential : -4.338756 (0.017696)
energy : -2.174763 (0.000121)

kinetic : 2.163600 (0.017652)
potential : -4.338367 (0.017640)
energy : -2.174767 (0.000121)

kinetic : 2.166258 (0.017793)
potential : -4.341021 (0.017781)
energy : -2.174763 (0.000120)

kinetic : 2.166020 (0.017735)
potential : -4.340784 (0.017723)
energy : -2.174764 (0.000120)

kinetic : 2.168119 (0.017800)
potential : -4.342880 (0.017788)
energy : -2.174761 (0.000119)

kinetic : 2.168572 (0.017747)
potential : -4.343324 (0.017734)
energy : -2.174752 (0.000119)

kinetic : 2.169283 (0.017703)
potential : -4.344047 (0.017690)
energy : -2.174764 (0.000120)

kinetic : 2.168907 (0.017648)
potential : -4.343654 (0.017637)
energy : -2.174747 (0.000120)

kinetic : 2.169898 (0.017618)
potential : -4.344644 (0.017606)
energy : -2.174745 (0.000120)

kinetic : 2.170999 (0.017595)
potential : -4.345737 (0.017583)
energy : -2.174739 (0.000120)

kinetic : 2.172072 (0.017570)
potential : -4.346794 (0.017557)
energy : -2.174722 (0.000121)

kinetic : 2.172230 (0.017514)
potential : -4.346955 (0.017501)
energy : -2.174725 (0.000120)

kinetic : 2.172563 (0.017460)
potential : -4.347287 (0.017447)
energy : -2.174725 (0.000120)

kinetic : 2.172183 (0.017408)
potential : -4.346911 (0.017395)
energy : -2.174728 (0.000120)

kinetic : 2.171165 (0.017382)
potential : -4.345886 (0.017369)
energy : -2.174721 (0.000119)

kinetic : 2.170253 (0.017350)
potential : -4.344980 (0.017337)
energy : -2.174727 (0.000119)

kinetic : 2.168965 (0.017342)
potential : -4.343687 (0.017330)
energy : -2.174722 (0.000119)

kinetic : 2.168230 (0.017303)
potential : -4.342950 (0.017291)
energy : -2.174720 (0.000119)

kinetic : 2.167460 (0.017265)
potential : -4.342179 (0.017253)
energy : -2.174718 (0.000118)

kinetic : 2.167259 (0.017211)
potential : -4.341989 (0.017199)
energy : -2.174730 (0.000118)

kinetic : 2.166769 (0.017164)
potential : -4.341502 (0.017152)
energy : -2.174734 (0.000118)

kinetic : 2.166051 (0.017125)
potential : -4.340779 (0.017113)
energy : -2.174728 (0.000118)

kinetic : 2.167378 (0.017123)
potential : -4.342103 (0.017111)
energy : -2.174725 (0.000117)

kinetic : 2.167520 (0.017070)
potential : -4.342244 (0.017058)
energy : -2.174724 (0.000117)

kinetic : 2.166869 (0.017029)
potential : -4.341596 (0.017017)
energy : -2.174727 (0.000117)

kinetic : 2.165595 (0.017024)
potential : -4.340332 (0.017011)
energy : -2.174737 (0.000117)

kinetic : 2.166412 (0.016991)
potential : -4.341158 (0.016978)
energy : -2.174746 (0.000117)

kinetic : 2.165734 (0.016952)
potential : -4.340486 (0.016939)
energy : -2.174751 (0.000117)

kinetic : 2.166272 (0.016908)
potential : -4.341027 (0.016896)
energy : -2.174756 (0.000116)

kinetic : 2.166498 (0.016857)
potential : -4.341253 (0.016845)
energy : -2.174755 (0.000116)

kinetic : 2.165892 (0.016817)
potential : -4.340638 (0.016805)
energy : -2.174745 (0.000116)

kinetic : 2.165636 (0.016767)
potential : -4.340373 (0.016756)
energy : -2.174737 (0.000116)

kinetic : 2.165674 (0.016716)
potential : -4.340421 (0.016705)
energy : -2.174747 (0.000116)

kinetic : 2.166898 (0.016710)
potential : -4.341634 (0.016698)
energy : -2.174736 (0.000116)

kinetic : 2.170274 (0.016999)
potential : -4.345012 (0.016987)
energy : -2.174738 (0.000116)

kinetic : 2.170943 (0.016961)
potential : -4.345683 (0.016949)
energy : -2.174740 (0.000115)

kinetic : 2.171062 (0.016910)
potential : -4.345806 (0.016899)
energy : -2.174744 (0.000115)

kinetic : 2.170056 (0.016889)
potential : -4.344810 (0.016877)
energy : -2.174753 (0.000115)

kinetic : 2.169049 (0.016869)
potential : -4.343807 (0.016857)
energy : -2.174758 (0.000115)

kinetic : 2.169680 (0.016830)
potential : -4.344434 (0.016818)
energy : -2.174754 (0.000115)

kinetic : 2.169058 (0.016792)
potential : -4.343804 (0.016780)
energy : -2.174746 (0.000115)

kinetic : 2.170077 (0.016773)
potential : -4.344821 (0.016761)
energy : -2.174744 (0.000114)

kinetic : 2.169890 (0.016725)
potential : -4.344633 (0.016713)
energy : -2.174742 (0.000114)

kinetic : 2.169065 (0.016696)
potential : -4.343810 (0.016684)
energy : -2.174745 (0.000114)

kinetic : 2.168642 (0.016652)
potential : -4.343391 (0.016640)
energy : -2.174749 (0.000113)

kinetic : 2.168226 (0.016609)
potential : -4.342966 (0.016597)
energy : -2.174739 (0.000113)

kinetic : 2.167391 (0.016581)
potential : -4.342139 (0.016569)
energy : -2.174749 (0.000114)

kinetic : 2.166803 (0.016543)
potential : -4.341555 (0.016531)
energy : -2.174752 (0.000113)

kinetic : 2.165783 (0.016527)
potential : -4.340538 (0.016514)
energy : -2.174755 (0.000113)

kinetic : 2.164260 (0.016549)
potential : -4.339012 (0.016537)
energy : -2.174752 (0.000113)

kinetic : 2.164025 (0.016503)
potential : -4.338786 (0.016491)
energy : -2.174761 (0.000113)

kinetic : 2.163938 (0.016456)
potential : -4.338695 (0.016444)
energy : -2.174757 (0.000112)

kinetic : 2.164398 (0.016415)
potential : -4.339164 (0.016403)
energy : -2.174766 (0.000112)

kinetic : 2.165873 (0.016434)
potential : -4.340626 (0.016422)
energy : -2.174752 (0.000113)

kinetic : 2.164692 (0.016430)
potential : -4.339437 (0.016418)
energy : -2.174745 (0.000113)

kinetic : 2.165311 (0.016395)
potential : -4.340059 (0.016383)
energy : -2.174748 (0.000113)

kinetic : 2.166150 (0.016370)
potential : -4.340893 (0.016358)
energy : -2.174743 (0.000112)

kinetic : 2.165794 (0.016328)
potential : -4.340537 (0.016315)
energy : -2.174743 (0.000112)

kinetic : 2.167280 (0.016349)
potential : -4.342022 (0.016337)
energy : -2.174742 (0.000112)

kinetic : 2.166819 (0.016310)
potential : -4.341564 (0.016297)
energy : -2.174745 (0.000112)

kinetic : 2.165159 (0.016348)
potential : -4.339908 (0.016336)
energy : -2.174749 (0.000111)

kinetic : 2.165119 (0.016303)
potential : -4.339869 (0.016290)
energy : -2.174750 (0.000111)

kinetic : 2.165608 (0.016265)
potential : -4.340367 (0.016252)
energy : -2.174759 (0.000111)

kinetic : 2.165126 (0.016227)
potential : -4.339887 (0.016214)
energy : -2.174761 (0.000111)

kinetic : 2.163395 (0.016274)
potential : -4.338158 (0.016261)
energy : -2.174763 (0.000110)

kinetic : 2.163122 (0.016231)
potential : -4.337879 (0.016219)
energy : -2.174757 (0.000110)

kinetic : 2.164219 (0.016223)
potential : -4.338982 (0.016212)
energy : -2.174763 (0.000110)

kinetic : 2.163929 (0.016181)
potential : -4.338696 (0.016170)
energy : -2.174767 (0.000110)

kinetic : 2.162701 (0.016184)
potential : -4.337471 (0.016172)
energy : -2.174770 (0.000110)

kinetic : 2.162738 (0.016139)
potential : -4.337514 (0.016128)
energy : -2.174776 (0.000110)

kinetic : 2.162474 (0.016098)
potential : -4.337248 (0.016086)
energy : -2.174774 (0.000109)

kinetic : 2.164250 (0.016152)
potential : -4.339022 (0.016140)
energy : -2.174773 (0.000109)

kinetic : 2.164560 (0.016111)
potential : -4.339326 (0.016099)
energy : -2.174765 (0.000109)

kinetic : 2.164949 (0.016072)
potential : -4.339721 (0.016060)
energy : -2.174771 (0.000109)

kinetic : 2.166750 (0.016129)
potential : -4.341527 (0.016118)
energy : -2.174777 (0.000109)

kinetic : 2.167347 (0.016097)
potential : -4.342126 (0.016086)
energy : -2.174779 (0.000108)

kinetic : 2.166863 (0.016061)
potential : -4.341650 (0.016050)
energy : -2.174787 (0.000108)

kinetic : 2.165951 (0.016044)
potential : -4.340743 (0.016033)
energy : -2.174792 (0.000108)

kinetic : 2.166582 (0.016014)
potential : -4.341361 (0.016002)
energy : -2.174779 (0.000109)

kinetic : 2.165290 (0.016023)
potential : -4.340071 (0.016011)
energy : -2.174781 (0.000109)

kinetic : 2.165188 (0.015981)
potential : -4.339970 (0.015969)
energy : -2.174782 (0.000108)

kinetic : 2.164548 (0.015951)
potential : -4.339335 (0.015939)
energy : -2.174787 (0.000108)

kinetic : 2.166516 (0.016030)
potential : -4.341302 (0.016018)
energy : -2.174786 (0.000108)

kinetic : 2.166563 (0.015988)
potential : -4.341346 (0.015976)
energy : -2.174784 (0.000108)

kinetic : 2.167416 (0.015969)
potential : -4.342199 (0.015957)
energy : -2.174783 (0.000107)

kinetic : 2.167120 (0.015930)
potential : -4.341911 (0.015918)
energy : -2.174791 (0.000107)

kinetic : 2.167729 (0.015900)
potential : -4.342517 (0.015888)
energy : -2.174788 (0.000107)

kinetic : 2.167736 (0.015859)
potential : -4.342536 (0.015846)
energy : -2.174800 (0.000107)

kinetic : 2.168505 (0.015836)
potential : -4.343313 (0.015824)
energy : -2.174807 (0.000107)

kinetic : 2.167478 (0.015828)
potential : -4.342285 (0.015817)
energy : -2.174807 (0.000107)

kinetic : 2.167924 (0.015794)
potential : -4.342736 (0.015782)
energy : -2.174813 (0.000107)

kinetic : 2.167978 (0.015753)
potential : -4.342792 (0.015742)
energy : -2.174813 (0.000107)

kinetic : 2.168976 (0.015744)
potential : -4.343785 (0.015732)
energy : -2.174809 (0.000107)

kinetic : 2.168727 (0.015706)
potential : -4.343541 (0.015694)
energy : -2.174814 (0.000106)

kinetic : 2.168844 (0.015666)
potential : -4.343660 (0.015654)
energy : -2.174816 (0.000106)

kinetic : 2.168912 (0.015626)
potential : -4.343715 (0.015614)
energy : -2.174803 (0.000107)

kinetic : 2.168050 (0.015610)
potential : -4.342856 (0.015598)
energy : -2.174806 (0.000106)

kinetic : 2.167321 (0.015587)
potential : -4.342120 (0.015576)
energy : -2.174800 (0.000106)

kinetic : 2.167495 (0.015549)
potential : -4.342298 (0.015537)
energy : -2.174803 (0.000106)

kinetic : 2.166590 (0.015536)
potential : -4.341391 (0.015525)
energy : -2.174801 (0.000106)

kinetic : 2.167763 (0.015541)
potential : -4.342566 (0.015530)
energy : -2.174803 (0.000106)

kinetic : 2.167590 (0.015503)
potential : -4.342396 (0.015492)
energy : -2.174807 (0.000105)

kinetic : 2.166233 (0.015523)
potential : -4.341047 (0.015512)
energy : -2.174814 (0.000105)

kinetic : 2.165536 (0.015500)
potential : -4.340352 (0.015489)
energy : -2.174816 (0.000105)

kinetic : 2.167235 (0.015555)
potential : -4.342050 (0.015543)
energy : -2.174815 (0.000105)

kinetic : 2.166998 (0.015518)
potential : -4.341810 (0.015506)
energy : -2.174813 (0.000105)

kinetic : 2.167563 (0.015489)
potential : -4.342372 (0.015478)
energy : -2.174809 (0.000105)

kinetic : 2.166679 (0.015476)
potential : -4.341487 (0.015465)
energy : -2.174808 (0.000104)

kinetic : 2.166888 (0.015439)
potential : -4.341696 (0.015428)
energy : -2.174808 (0.000104)

kinetic : 2.165537 (0.015460)
potential : -4.340344 (0.015449)
energy : -2.174807 (0.000104)

kinetic : 2.164806 (0.015440)
potential : -4.339610 (0.015429)
energy : -2.174804 (0.000104)

kinetic : 2.163363 (0.015469)
potential : -4.338175 (0.015457)
energy : -2.174812 (0.000104)

kinetic : 2.163953 (0.015443)
potential : -4.338760 (0.015431)
energy : -2.174807 (0.000103)

kinetic : 2.165271 (0.015461)
potential : -4.340082 (0.015450)
energy : -2.174811 (0.000103)

kinetic : 2.164859 (0.015429)
potential : -4.339672 (0.015417)
energy : -2.174813 (0.000103)

kinetic : 2.165368 (0.015400)
potential : -4.340181 (0.015388)
energy : -2.174812 (0.000103)

kinetic : 2.165501 (0.015363)
potential : -4.340308 (0.015352)
energy : -2.174806 (0.000103)

kinetic : 2.166057 (0.015336)
potential : -4.340859 (0.015324)
energy : -2.174801 (0.000103)

kinetic : 2.166305 (0.015301)
potential : -4.341086 (0.015289)
energy : -2.174781 (0.000104)

kinetic : 2.165898 (0.015270)
potential : -4.340671 (0.015258)
energy : -2.174773 (0.000104)

kinetic : 2.164916 (0.015265)
potential : -4.339685 (0.015253)
energy : -2.174769 (0.000104)

kinetic : 2.164745 (0.015229)
potential : -4.339519 (0.015218)
energy : -2.174775 (0.000104)

kinetic : 2.164632 (0.015193)
potential : -4.339411 (0.015182)
energy : -2.174779 (0.000104)

kinetic : 2.164384 (0.015159)
potential : -4.339166 (0.015147)
energy : -2.174782 (0.000104)

kinetic : 2.163677 (0.015140)
potential : -4.338457 (0.015128)
energy : -2.174780 (0.000104)

kinetic : 2.164244 (0.015114)
potential : -4.339024 (0.015103)
energy : -2.174780 (0.000103)

kinetic : 2.164814 (0.015089)
potential : -4.339592 (0.015078)
energy : -2.174778 (0.000103)

kinetic : 2.165444 (0.015067)
potential : -4.340227 (0.015056)
energy : -2.174783 (0.000103)

kinetic : 2.165156 (0.015034)
potential : -4.339930 (0.015023)
energy : -2.174774 (0.000103)

kinetic : 2.164843 (0.015002)
potential : -4.339614 (0.014991)
energy : -2.174772 (0.000103)

kinetic : 2.165046 (0.014968)
potential : -4.339814 (0.014957)
energy : -2.174768 (0.000103)

kinetic : 2.164955 (0.014933)
potential : -4.339719 (0.014923)
energy : -2.174765 (0.000103)

kinetic : 2.166042 (0.014938)
potential : -4.340811 (0.014928)
energy : -2.174769 (0.000102)

kinetic : 2.170558 (0.015573)
potential : -4.345325 (0.015562)
energy : -2.174767 (0.000102)

kinetic : 2.170019 (0.015546)
potential : -4.344780 (0.015535)
energy : -2.174762 (0.000102)

kinetic : 2.173190 (0.015831)
potential : -4.347951 (0.015820)
energy : -2.174761 (0.000102)

kinetic : 2.175164 (0.015917)
potential : -4.349930 (0.015907)
energy : -2.174765 (0.000102)

kinetic : 2.175035 (0.015881)
potential : -4.349803 (0.015871)
energy : -2.174769 (0.000102)

kinetic : 2.175512 (0.015851)
potential : -4.350281 (0.015842)
energy : -2.174769 (0.000101)

kinetic : 2.174297 (0.015862)
potential : -4.349069 (0.015852)
energy : -2.174772 (0.000101)

kinetic : 2.174384 (0.015826)
potential : -4.349160 (0.015816)
energy : -2.174776 (0.000101)

kinetic : 2.173683 (0.015805)
potential : -4.348463 (0.015795)
energy : -2.174780 (0.000101)

kinetic : 2.173633 (0.015769)
potential : -4.348410 (0.015759)
energy : -2.174777 (0.000101)

kinetic : 2.174214 (0.015744)
potential : -4.348991 (0.015734)
energy : -2.174777 (0.000100)

kinetic : 2.175103 (0.015733)
potential : -4.349882 (0.015723)
energy : -2.174778 (0.000100)

kinetic : 2.174927 (0.015699)
potential : -4.349694 (0.015689)
energy : -2.174767 (0.000101)

kinetic : 2.174391 (0.015672)
potential : -4.349153 (0.015663)
energy : -2.174761 (0.000101)

kinetic : 2.173829 (0.015647)
potential : -4.348591 (0.015638)
energy : -2.174761 (0.000100)

kinetic : 2.173988 (0.015613)
potential : -4.348742 (0.015603)
energy : -2.174754 (0.000100)

kinetic : 2.173032 (0.015607)
potential : -4.347776 (0.015598)
energy : -2.174744 (0.000101)

kinetic : 2.171849 (0.015617)
potential : -4.346587 (0.015609)
energy : -2.174738 (0.000101)

kinetic : 2.172338 (0.015590)
potential : -4.347077 (0.015581)
energy : -2.174739 (0.000100)

kinetic : 2.171788 (0.015565)
potential : -4.346528 (0.015556)
energy : -2.174739 (0.000100)

kinetic : 2.171487 (0.015533)
potential : -4.346235 (0.015525)
energy : -2.174748 (0.000100)

kinetic : 2.172124 (0.015511)
potential : -4.346868 (0.015503)
energy : -2.174745 (0.000100)

kinetic : 2.171887 (0.015479)
potential : -4.346628 (0.015471)
energy : -2.174742 (0.000100)

kinetic : 2.171535 (0.015449)
potential : -4.346282 (0.015440)
energy : -2.174746 (0.000100)

kinetic : 2.170813 (0.015431)
potential : -4.345558 (0.015423)
energy : -2.174745 (0.000100)

kinetic : 2.170837 (0.015398)
potential : -4.345580 (0.015389)
energy : -2.174744 (0.000099)

kinetic : 2.170267 (0.015374)
potential : -4.345022 (0.015366)
energy : -2.174754 (0.000100)

kinetic : 2.170875 (0.015353)
potential : -4.345627 (0.015344)
energy : -2.174752 (0.000100)

kinetic : 2.170639 (0.015321)
potential : -4.345388 (0.015312)
energy : -2.174748 (0.000099)

kinetic : 2.170628 (0.015287)
potential : -4.345374 (0.015279)
energy : -2.174746 (0.000099)

kinetic : 2.170537 (0.015254)
potential : -4.345280 (0.015246)
energy : -2.174742 (0.000099)

kinetic : 2.169541 (0.015254)
potential : -4.344284 (0.015245)
energy : -2.174743 (0.000099)

kinetic : 2.169493 (0.015221)
potential : -4.344237 (0.015212)
energy : -2.174743 (0.000099)

kinetic : 2.169741 (0.015190)
potential : -4.344490 (0.015182)
energy : -2.174748 (0.000099)

kinetic : 2.169266 (0.015165)
potential : -4.344017 (0.015156)
energy : -2.174751 (0.000098)

kinetic : 2.168678 (0.015144)
potential : -4.343429 (0.015135)
energy : -2.174751 (0.000098)

kinetic : 2.167397 (0.015165)
potential : -4.342151 (0.015156)
energy : -2.174754 (0.000098)

kinetic : 2.168323 (0.015161)
potential : -4.343081 (0.015153)
energy : -2.174758 (0.000098)

kinetic : 2.167677 (0.015142)
potential : -4.342437 (0.015134)
energy : -2.174760 (0.000098)

kinetic : 2.167663 (0.015110)
potential : -4.342429 (0.015102)
energy : -2.174766 (0.000098)

kinetic : 2.168505 (0.015101)
potential : -4.343279 (0.015093)
energy : -2.174774 (0.000098)

kinetic : 2.170159 (0.015160)
potential : -4.344935 (0.015152)
energy : -2.174775 (0.000098)

kinetic : 2.170334 (0.015129)
potential : -4.345100 (0.015121)
energy : -2.174766 (0.000098)

kinetic : 2.169395 (0.015126)
potential : -4.344161 (0.015118)
energy : -2.174766 (0.000098)

kinetic : 2.168800 (0.015106)
potential : -4.343569 (0.015098)
energy : -2.174769 (0.000097)

kinetic : 2.168696 (0.015074)
potential : -4.343476 (0.015066)
energy : -2.174779 (0.000098)

kinetic : 2.167260 (0.015111)
potential : -4.342046 (0.015102)
energy : -2.174786 (0.000098)

kinetic : 2.168538 (0.015133)
potential : -4.343326 (0.015125)
energy : -2.174788 (0.000098)

kinetic : 2.168752 (0.015103)
potential : -4.343542 (0.015095)
energy : -2.174790 (0.000097)

kinetic : 2.169504 (0.015090)
potential : -4.344293 (0.015082)
energy : -2.174789 (0.000097)

kinetic : 2.170228 (0.015076)
potential : -4.345011 (0.015068)
energy : -2.174783 (0.000097)

kinetic : 2.169062 (0.015090)
potential : -4.343845 (0.015081)
energy : -2.174783 (0.000097)

kinetic : 2.169707 (0.015072)
potential : -4.344490 (0.015064)
energy : -2.174782 (0.000097)

kinetic : 2.169244 (0.015048)
potential : -4.344032 (0.015040)
energy : -2.174789 (0.000097)

kinetic : 2.169043 (0.015018)
potential : -4.343827 (0.015010)
energy : -2.174784 (0.000097)

kinetic : 2.168810 (0.014989)
potential : -4.343594 (0.014981)
energy : -2.174784 (0.000097)

kinetic : 2.169109 (0.014961)
potential : -4.343891 (0.014953)
energy : -2.174782 (0.000096)

kinetic : 2.169597 (0.014939)
potential : -4.344378 (0.014930)
energy : -2.174780 (0.000096)

kinetic : 2.169092 (0.014917)
potential : -4.343871 (0.014908)
energy : -2.174779 (0.000096)

kinetic : 2.168980 (0.014886)
potential : -4.343760 (0.014878)
energy : -2.174779 (0.000096)

kinetic : 2.168873 (0.014856)
potential : -4.343653 (0.014848)
energy : -2.174780 (0.000096)

kinetic : 2.168949 (0.014826)
potential : -4.343729 (0.014818)
energy : -2.174780 (0.000095)

kinetic : 2.169003 (0.014796)
potential : -4.343785 (0.014788)
energy : -2.174781 (0.000095)

kinetic : 2.169086 (0.014766)
potential : -4.343872 (0.014758)
energy : -2.174786 (0.000095)

kinetic : 2.168687 (0.014742)
potential : -4.343476 (0.014733)
energy : -2.174789 (0.000095)

kinetic : 2.169056 (0.014717)
potential : -4.343853 (0.014708)
energy : -2.174797 (0.000095)

kinetic : 2.168588 (0.014694)
potential : -4.343381 (0.014686)
energy : -2.174793 (0.000095)

kinetic : 2.168927 (0.014669)
potential : -4.343713 (0.014661)
energy : -2.174786 (0.000095)

kinetic : 2.168112 (0.014662)
potential : -4.342900 (0.014654)
energy : -2.174788 (0.000095)

kinetic : 2.168757 (0.014647)
potential : -4.343541 (0.014638)
energy : -2.174784 (0.000095)

kinetic : 2.168904 (0.014618)
potential : -4.343692 (0.014610)
energy : -2.174788 (0.000095)

kinetic : 2.168724 (0.014590)
potential : -4.343509 (0.014582)
energy : -2.174785 (0.000095)

kinetic : 2.169008 (0.014564)
potential : -4.343789 (0.014555)
energy : -2.174781 (0.000095)

kinetic : 2.169769 (0.014555)
potential : -4.344554 (0.014546)
energy : -2.174785 (0.000094)

kinetic : 2.169738 (0.014526)
potential : -4.344528 (0.014518)
energy : -2.174790 (0.000094)

kinetic : 2.169046 (0.014514)
potential : -4.343838 (0.014505)
energy : -2.174792 (0.000094)

kinetic : 2.170160 (0.014528)
potential : -4.344961 (0.014520)
energy : -2.174801 (0.000094)

kinetic : 2.171143 (0.014532)
potential : -4.345946 (0.014525)
energy : -2.174802 (0.000094)

kinetic : 2.170301 (0.014528)
potential : -4.345111 (0.014520)
energy : -2.174809 (0.000094)

kinetic : 2.170528 (0.014501)
potential : -4.345343 (0.014493)
energy : -2.174816 (0.000094)

kinetic : 2.170731 (0.014474)
potential : -4.345545 (0.014466)
energy : -2.174814 (0.000094)

kinetic : 2.171055 (0.014449)
potential : -4.345863 (0.014442)
energy : -2.174808 (0.000094)

kinetic : 2.170167 (0.014449)
potential : -4.344979 (0.014440)
energy : -2.174812 (0.000094)

kinetic : 2.170509 (0.014424)
potential : -4.345322 (0.014416)
energy : -2.174813 (0.000094)

kinetic : 2.170934 (0.014403)
potential : -4.345747 (0.014395)
energy : -2.174814 (0.000094)

kinetic : 2.170056 (0.014401)
potential : -4.344873 (0.014393)
energy : -2.174818 (0.000094)

kinetic : 2.170352 (0.014376)
potential : -4.345160 (0.014368)
energy : -2.174808 (0.000094)

kinetic : 2.169568 (0.014370)
potential : -4.344369 (0.014362)
energy : -2.174801 (0.000094)

kinetic : 2.169117 (0.014349)
potential : -4.343922 (0.014341)
energy : -2.174804 (0.000094)

kinetic : 2.170204 (0.014363)
potential : -4.345010 (0.014355)
energy : -2.174806 (0.000094)

kinetic : 2.169906 (0.014338)
potential : -4.344713 (0.014330)
energy : -2.174806 (0.000094)

kinetic : 2.169994 (0.014311)
potential : -4.344791 (0.014303)
energy : -2.174798 (0.000094)

kinetic : 2.169903 (0.014284)
potential : -4.344703 (0.014276)
energy : -2.174800 (0.000094)

kinetic : 2.169419 (0.014265)
potential : -4.344215 (0.014257)
energy : -2.174797 (0.000093)

kinetic : 2.170269 (0.014263)
potential : -4.345063 (0.014255)
energy : -2.174794 (0.000093)

kinetic : 2.169093 (0.014284)
potential : -4.343883 (0.014277)
energy : -2.174791 (0.000093)

kinetic : 2.168672 (0.014263)
potential : -4.343460 (0.014256)
energy : -2.174788 (0.000093)

kinetic : 2.169012 (0.014240)
potential : -4.343797 (0.014233)
energy : -2.174785 (0.000093)

kinetic : 2.169009 (0.014213)
potential : -4.343790 (0.014206)
energy : -2.174781 (0.000093)

kinetic : 2.168936 (0.014186)
potential : -4.343721 (0.014179)
energy : -2.174785 (0.000093)

kinetic : 2.169082 (0.014160)
potential : -4.343869 (0.014153)
energy : -2.174788 (0.000093)

kinetic : 2.169431 (0.014138)
potential : -4.344221 (0.014131)
energy : -2.174790 (0.000092)

kinetic : 2.170472 (0.014150)
potential : -4.345268 (0.014143)
energy : -2.174796 (0.000093)

kinetic : 2.170807 (0.014127)
potential : -4.345606 (0.014120)
energy : -2.174798 (0.000092)

kinetic : 2.170343 (0.014108)
potential : -4.345141 (0.014102)
energy : -2.174798 (0.000092)

kinetic : 2.169365 (0.014116)
potential : -4.344166 (0.014109)
energy : -2.174800 (0.000092)

kinetic : 2.170316 (0.014121)
potential : -4.345117 (0.014115)
energy : -2.174801 (0.000092)

kinetic : 2.170390 (0.014095)
potential : -4.345192 (0.014089)
energy : -2.174802 (0.000092)

kinetic : 2.171276 (0.014097)
potential : -4.346080 (0.014090)
energy : -2.174804 (0.000092)

kinetic : 2.170188 (0.014113)
potential : -4.344998 (0.014106)
energy : -2.174810 (0.000092)

kinetic : 2.171198 (0.014123)
potential : -4.346005 (0.014115)
energy : -2.174807 (0.000091)

kinetic : 2.170457 (0.014116)
potential : -4.345264 (0.014109)
energy : -2.174806 (0.000091)

kinetic : 2.170463 (0.014090)
potential : -4.345266 (0.014083)
energy : -2.174803 (0.000091)

kinetic : 2.171652 (0.014114)
potential : -4.346452 (0.014107)
energy : -2.174799 (0.000091)

kinetic : 2.171869 (0.014090)
potential : -4.346667 (0.014082)
energy : -2.174798 (0.000091)

kinetic : 2.172720 (0.014090)
potential : -4.347517 (0.014082)
energy : -2.174797 (0.000091)

kinetic : 2.171725 (0.014099)
potential : -4.346525 (0.014091)
energy : -2.174801 (0.000091)

kinetic : 2.172326 (0.014086)
potential : -4.347124 (0.014078)
energy : -2.174797 (0.000091)

kinetic : 2.172359 (0.014060)
potential : -4.347154 (0.014053)
energy : -2.174795 (0.000090)

kinetic : 2.171853 (0.014044)
potential : -4.346640 (0.014036)
energy : -2.174787 (0.000091)

kinetic : 2.171706 (0.014019)
potential : -4.346496 (0.014012)
energy : -2.174791 (0.000091)

kinetic : 2.171797 (0.013994)
potential : -4.346585 (0.013986)
energy : -2.174787 (0.000091)

kinetic : 2.171791 (0.013969)
potential : -4.346580 (0.013961)
energy : -2.174789 (0.000090)

kinetic : 2.171833 (0.013943)
potential : -4.346613 (0.013936)
energy : -2.174780 (0.000091)

kinetic : 2.171102 (0.013937)
potential : -4.345885 (0.013930)
energy : -2.174783 (0.000091)

kinetic : 2.171467 (0.013917)
potential : -4.346253 (0.013909)
energy : -2.174786 (0.000090)

kinetic : 2.172550 (0.013934)
potential : -4.347333 (0.013926)
energy : -2.174783 (0.000090)

kinetic : 2.172269 (0.013912)
potential : -4.347055 (0.013904)
energy : -2.174786 (0.000090)

kinetic : 2.172193 (0.013887)
potential : -4.346979 (0.013879)
energy : -2.174786 (0.000090)

kinetic : 2.171548 (0.013877)
potential : -4.346321 (0.013870)
energy : -2.174772 (0.000091)

kinetic : 2.171374 (0.013854)
potential : -4.346143 (0.013846)
energy : -2.174769 (0.000091)

kinetic : 2.172547 (0.013879)
potential : -4.347321 (0.013872)
energy : -2.174774 (0.000091)

kinetic : 2.171975 (0.013866)
potential : -4.346750 (0.013859)
energy : -2.174775 (0.000091)

kinetic : 2.172110 (0.013842)
potential : -4.346885 (0.013835)
energy : -2.174775 (0.000090)

kinetic : 2.173103 (0.013853)
potential : -4.347878 (0.013846)
energy : -2.174774 (0.000090)

kinetic : 2.172805 (0.013831)
potential : -4.347577 (0.013825)
energy : -2.174772 (0.000090)

kinetic : 2.173463 (0.013823)
potential : -4.348231 (0.013816)
energy : -2.174768 (0.000090)

kinetic : 2.173691 (0.013800)
potential : -4.348458 (0.013793)
energy : -2.174768 (0.000090)

kinetic : 2.174666 (0.013810)
potential : -4.349431 (0.013803)
energy : -2.174765 (0.000090)

kinetic : 2.174176 (0.013795)
potential : -4.348936 (0.013788)
energy : -2.174760 (0.000090)

kinetic : 2.174825 (0.013786)
potential : -4.349586 (0.013779)
energy : -2.174761 (0.000090)

kinetic : 2.175149 (0.013765)
potential : -4.349909 (0.013759)
energy : -2.174760 (0.000089)

kinetic : 2.174066 (0.013784)
potential : -4.348826 (0.013777)
energy : -2.174760 (0.000089)

kinetic : 2.174668 (0.013773)
potential : -4.349424 (0.013766)
energy : -2.174756 (0.000089)

kinetic : 2.174211 (0.013757)
potential : -4.348959 (0.013750)
energy : -2.174748 (0.000089)

kinetic : 2.176231 (0.013881)
potential : -4.350971 (0.013873)
energy : -2.174740 (0.000090)

kinetic : 2.176228 (0.013856)
potential : -4.350968 (0.013849)
energy : -2.174740 (0.000090)

kinetic : 2.176563 (0.013836)
potential : -4.351303 (0.013829)
energy : -2.174740 (0.000089)

kinetic : 2.175824 (0.013832)
potential : -4.350564 (0.013825)
energy : -2.174740 (0.000089)

kinetic : 2.175682 (0.013809)
potential : -4.350426 (0.013801)
energy : -2.174745 (0.000089)

kinetic : 2.175774 (0.013786)
potential : -4.350518 (0.013778)
energy : -2.174744 (0.000089)

kinetic : 2.174914 (0.013789)
potential : -4.349660 (0.013781)
energy : -2.174746 (0.000089)

kinetic : 2.174948 (0.013765)
potential : -4.349694 (0.013757)
energy : -2.174746 (0.000089)

kinetic : 2.175711 (0.013763)
potential : -4.350456 (0.013755)
energy : -2.174745 (0.000089)

kinetic : 2.175251 (0.013747)
potential : -4.350000 (0.013739)
energy : -2.174749 (0.000089)

kinetic : 2.175858 (0.013737)
potential : -4.350608 (0.013729)
energy : -2.174750 (0.000088)

kinetic : 2.176113 (0.013715)
potential : -4.350863 (0.013708)
energy : -2.174751 (0.000088)

kinetic : 2.175672 (0.013699)
potential : -4.350424 (0.013691)
energy : -2.174752 (0.000088)

kinetic : 2.175500 (0.013677)
potential : -4.350251 (0.013669)
energy : -2.174751 (0.000088)

kinetic : 2.174706 (0.013677)
potential : -4.349459 (0.013669)
energy : -2.174752 (0.000088)

kinetic : 2.174866 (0.013654)
potential : -4.349616 (0.013647)
energy : -2.174750 (0.000088)

kinetic : 2.174622 (0.013634)
potential : -4.349376 (0.013626)
energy : -2.174753 (0.000088)

kinetic : 2.174614 (0.013610)
potential : -4.349369 (0.013603)
energy : -2.174756 (0.000088)

kinetic : 2.176677 (0.013743)
potential : -4.351436 (0.013736)
energy : -2.174759 (0.000087)

kinetic : 2.176688 (0.013720)
potential : -4.351435 (0.013713)
energy : -2.174748 (0.000088)

kinetic : 2.175803 (0.013726)
potential : -4.350559 (0.013718)
energy : -2.174756 (0.000088)

kinetic : 2.175541 (0.013705)
potential : -4.350299 (0.013697)
energy : -2.174758 (0.000088)

kinetic : 2.175499 (0.013682)
potential : -4.350256 (0.013674)
energy : -2.174757 (0.000088)

kinetic : 2.174910 (0.013672)
potential : -4.349670 (0.013664)
energy : -2.174760 (0.000088)

kinetic : 2.175475 (0.013661)
potential : -4.350235 (0.013653)
energy : -2.174760 (0.000088)

kinetic : 2.175147 (0.013642)
potential : -4.349902 (0.013634)
energy : -2.174755 (0.000088)

kinetic : 2.175384 (0.013621)
potential : -4.350140 (0.013614)
energy : -2.174756 (0.000088)

kinetic : 2.175542 (0.013600)
potential : -4.350294 (0.013592)
energy : -2.174753 (0.000088)

kinetic : 2.175492 (0.013577)
potential : -4.350251 (0.013569)
energy : -2.174758 (0.000088)

kinetic : 2.175969 (0.013563)
potential : -4.350730 (0.013555)
energy : -2.174761 (0.000087)

kinetic : 2.176132 (0.013541)
potential : -4.350891 (0.013534)
energy : -2.174759 (0.000087)

kinetic : 2.176167 (0.013519)
potential : -4.350927 (0.013511)
energy : -2.174761 (0.000087)

kinetic : 2.176196 (0.013497)
potential : -4.350959 (0.013489)
energy : -2.174764 (0.000087)

kinetic : 2.175878 (0.013478)
potential : -4.350645 (0.013471)
energy : -2.174767 (0.000087)

kinetic : 2.175443 (0.013463)
potential : -4.350208 (0.013456)
energy : -2.174766 (0.000087)

kinetic : 2.174943 (0.013450)
potential : -4.349700 (0.013443)
energy : -2.174756 (0.000087)

kinetic : 2.174742 (0.013430)
potential : -4.349496 (0.013423)
energy : -2.174755 (0.000087)

kinetic : 2.174728 (0.013408)
potential : -4.349483 (0.013401)
energy : -2.174755 (0.000087)

kinetic : 2.174723 (0.013386)
potential : -4.349474 (0.013379)
energy : -2.174751 (0.000087)

kinetic : 2.174968 (0.013367)
potential : -4.349717 (0.013359)
energy : -2.174749 (0.000087)

kinetic : 2.175282 (0.013349)
potential : -4.350032 (0.013341)
energy : -2.174749 (0.000087)

kinetic : 2.175086 (0.013328)
potential : -4.349838 (0.013321)
energy : -2.174753 (0.000087)

kinetic : 2.175076 (0.013307)
potential : -4.349834 (0.013299)
energy : -2.174758 (0.000087)

kinetic : 2.174828 (0.013287)
potential : -4.349586 (0.013280)
energy : -2.174758 (0.000086)

kinetic : 2.175594 (0.013288)
potential : -4.350344 (0.013280)
energy : -2.174750 (0.000087)

kinetic : 2.175223 (0.013272)
potential : -4.349978 (0.013264)
energy : -2.174755 (0.000087)

kinetic : 2.176117 (0.013281)
potential : -4.350870 (0.013273)
energy : -2.174753 (0.000087)

kinetic : 2.176775 (0.013275)
potential : -4.351531 (0.013268)
energy : -2.174756 (0.000087)

kinetic : 2.177220 (0.013262)
potential : -4.351977 (0.013254)
energy : -2.174758 (0.000086)

kinetic : 2.176926 (0.013244)
potential : -4.351686 (0.013236)
energy : -2.174759 (0.000086)

kinetic : 2.177489 (0.013234)
potential : -4.352246 (0.013227)
energy : -2.174757 (0.000086)

kinetic : 2.177052 (0.013220)
potential : -4.351808 (0.013213)
energy : -2.174756 (0.000086)

kinetic : 2.176506 (0.013211)
potential : -4.351263 (0.013203)
energy : -2.174757 (0.000086)

kinetic : 2.176014 (0.013199)
potential : -4.350769 (0.013191)
energy : -2.174754 (0.000086)

kinetic : 2.175338 (0.013195)
potential : -4.350099 (0.013187)
energy : -2.174761 (0.000086)

kinetic : 2.175900 (0.013186)
potential : -4.350658 (0.013178)
energy : -2.174758 (0.000086)

kinetic : 2.176257 (0.013170)
potential : -4.351010 (0.013162)
energy : -2.174753 (0.000086)

kinetic : 2.176037 (0.013151)
potential : -4.350793 (0.013143)
energy : -2.174755 (0.000086)

kinetic : 2.176306 (0.013133)
potential : -4.351065 (0.013125)
energy : -2.174758 (0.000086)

kinetic : 2.176256 (0.013112)
potential : -4.351019 (0.013104)
energy : -2.174763 (0.000086)

kinetic : 2.175674 (0.013105)
potential : -4.350436 (0.013097)
energy : -2.174762 (0.000086)

kinetic : 2.175307 (0.013089)
potential : -4.350065 (0.013081)
energy : -2.174758 (0.000085)

kinetic : 2.176187 (0.013098)
potential : -4.350944 (0.013090)
energy : -2.174757 (0.000085)

kinetic : 2.175566 (0.013092)
potential : -4.350322 (0.013084)
energy : -2.174756 (0.000085)

kinetic : 2.175669 (0.013072)
potential : -4.350428 (0.013064)
energy : -2.174759 (0.000085)

kinetic : 2.175786 (0.013052)
potential : -4.350544 (0.013044)
energy : -2.174758 (0.000085)

kinetic : 2.175299 (0.013041)
potential : -4.350053 (0.013033)
energy : -2.174753 (0.000085)

kinetic : 2.175143 (0.013022)
potential : -4.349893 (0.013014)
energy : -2.174750 (0.000085)

kinetic : 2.174979 (0.013002)
potential : -4.349731 (0.012995)
energy : -2.174751 (0.000085)

kinetic : 2.174422 (0.012994)
potential : -4.349173 (0.012987)
energy : -2.174750 (0.000085)

kinetic : 2.175370 (0.013009)
potential : -4.350120 (0.013001)
energy : -2.174749 (0.000085)

kinetic : 2.175009 (0.012993)
potential : -4.349760 (0.012986)
energy : -2.174751 (0.000084)

kinetic : 2.174894 (0.012974)
potential : -4.349643 (0.012966)
energy : -2.174750 (0.000084)

kinetic : 2.174651 (0.012956)
potential : -4.349405 (0.012948)
energy : -2.174754 (0.000084)

kinetic : 2.174746 (0.012936)
potential : -4.349504 (0.012929)
energy : -2.174758 (0.000084)

kinetic : 2.174161 (0.012930)
potential : -4.348917 (0.012922)
energy : -2.174756 (0.000084)

kinetic : 2.174462 (0.012913)
potential : -4.349210 (0.012906)
energy : -2.174748 (0.000084)

kinetic : 2.174579 (0.012894)
potential : -4.349328 (0.012886)
energy : -2.174748 (0.000084)

kinetic : 2.175786 (0.012931)
potential : -4.350529 (0.012923)
energy : -2.174743 (0.000084)

kinetic : 2.175754 (0.012911)
potential : -4.350496 (0.012903)
energy : -2.174742 (0.000084)

kinetic : 2.175504 (0.012894)
potential : -4.350241 (0.012886)
energy : -2.174737 (0.000084)

kinetic : 2.175446 (0.012874)
potential : -4.350176 (0.012866)
energy : -2.174730 (0.000084)

kinetic : 2.175857 (0.012861)
potential : -4.350583 (0.012853)
energy : -2.174727 (0.000084)

kinetic : 2.175786 (0.012842)
potential : -4.350513 (0.012834)
energy : -2.174727 (0.000084)

kinetic : 2.175675 (0.012823)
potential : -4.350402 (0.012815)
energy : -2.174727 (0.000084)

kinetic : 2.174745 (0.012837)
potential : -4.349469 (0.012829)
energy : -2.174724 (0.000084)

kinetic : 2.174577 (0.012819)
potential : -4.349305 (0.012811)
energy : -2.174727 (0.000084)

kinetic : 2.174477 (0.012800)
potential : -4.349201 (0.012792)
energy : -2.174724 (0.000084)

kinetic : 2.176222 (0.012899)
potential : -4.350951 (0.012892)
energy : -2.174730 (0.000084)

kinetic : 2.177414 (0.012935)
potential : -4.352145 (0.012928)
energy : -2.174731 (0.000084)

kinetic : 2.177667 (0.012918)
potential : -4.352399 (0.012911)
energy : -2.174732 (0.000084)

kinetic : 2.177691 (0.012898)
potential : -4.352427 (0.012891)
energy : -2.174736 (0.000084)

kinetic : 2.178048 (0.012884)
potential : -4.352781 (0.012877)
energy : -2.174733 (0.000084)

kinetic : 2.177646 (0.012871)
potential : -4.352382 (0.012864)
energy : -2.174736 (0.000083)

kinetic : 2.177492 (0.012852)
potential : -4.352229 (0.012845)
energy : -2.174737 (0.000083)

kinetic : 2.178052 (0.012845)
potential : -4.352788 (0.012838)
energy : -2.174736 (0.000083)

kinetic : 2.177504 (0.012838)
potential : -4.352234 (0.012831)
energy : -2.174730 (0.000083)

kinetic : 2.178599 (0.012866)
potential : -4.353329 (0.012859)
energy : -2.174730 (0.000083)

kinetic : 2.179039 (0.012854)
potential : -4.353772 (0.012847)
energy : -2.174733 (0.000083)

kinetic : 2.178712 (0.012839)
potential : -4.353443 (0.012832)
energy : -2.174731 (0.000083)

kinetic : 2.178859 (0.012821)
potential : -4.353593 (0.012814)
energy : -2.174733 (0.000083)

kinetic : 2.178780 (0.012802)
potential : -4.353510 (0.012796)
energy : -2.174730 (0.000083)

kinetic : 2.178613 (0.012784)
potential : -4.353340 (0.012778)
energy : -2.174727 (0.000083)

kinetic : 2.178569 (0.012765)
potential : -4.353295 (0.012759)
energy : -2.174726 (0.000083)

kinetic : 2.177994 (0.012760)
potential : -4.352719 (0.012753)
energy : -2.174726 (0.000083)

kinetic : 2.177350 (0.012757)
potential : -4.352076 (0.012751)
energy : -2.174726 (0.000083)

kinetic : 2.179152 (0.012865)
potential : -4.353879 (0.012859)
energy : -2.174727 (0.000082)

kinetic : 2.179151 (0.012846)
potential : -4.353877 (0.012840)
energy : -2.174725 (0.000082)

kinetic : 2.179252 (0.012828)
potential : -4.353978 (0.012822)
energy : -2.174726 (0.000082)

kinetic : 2.178553 (0.012828)
potential : -4.353282 (0.012822)
energy : -2.174729 (0.000082)

kinetic : 2.178270 (0.012813)
potential : -4.352998 (0.012806)
energy : -2.174728 (0.000082)

kinetic : 2.177933 (0.012798)
potential : -4.352657 (0.012792)
energy : -2.174724 (0.000082)

kinetic : 2.177816 (0.012780)
potential : -4.352533 (0.012774)
energy : -2.174717 (0.000082)

kinetic : 2.179394 (0.012859)
potential : -4.354111 (0.012853)
energy : -2.174717 (0.000082)

kinetic : 2.179693 (0.012844)
potential : -4.354412 (0.012838)
energy : -2.174719 (0.000082)

kinetic : 2.179766 (0.012825)
potential : -4.354484 (0.012819)
energy : -2.174718 (0.000082)

kinetic : 2.180164 (0.012813)
potential : -4.354887 (0.012807)
energy : -2.174723 (0.000082)

kinetic : 2.179564 (0.012808)
potential : -4.354286 (0.012803)
energy : -2.174722 (0.000082)

kinetic : 2.179197 (0.012795)
potential : -4.353921 (0.012789)
energy : -2.174723 (0.000082)

kinetic : 2.178925 (0.012780)
potential : -4.353643 (0.012774)
energy : -2.174718 (0.000082)

kinetic : 2.178473 (0.012769)
potential : -4.353199 (0.012763)
energy : -2.174726 (0.000082)

kinetic : 2.178014 (0.012759)
potential : -4.352734 (0.012753)
energy : -2.174720 (0.000082)

kinetic : 2.177709 (0.012744)
potential : -4.352431 (0.012739)
energy : -2.174722 (0.000082)

kinetic : 2.177980 (0.012729)
potential : -4.352706 (0.012723)
energy : -2.174725 (0.000082)

kinetic : 2.177822 (0.012712)
potential : -4.352541 (0.012706)
energy : -2.174719 (0.000082)

kinetic : 2.178692 (0.012723)
potential : -4.353414 (0.012718)
energy : -2.174722 (0.000082)

kinetic : 2.178352 (0.012710)
potential : -4.353073 (0.012704)
energy : -2.174721 (0.000082)

kinetic : 2.177482 (0.012722)
potential : -4.352203 (0.012716)
energy : -2.174720 (0.000082)

kinetic : 2.179152 (0.012813)
potential : -4.353872 (0.012807)
energy : -2.174719 (0.000082)

kinetic : 2.178762 (0.012800)
potential : -4.353480 (0.012795)
energy : -2.174718 (0.000082)

kinetic : 2.178274 (0.012792)
potential : -4.352993 (0.012786)
energy : -2.174718 (0.000081)

kinetic : 2.178025 (0.012776)
potential : -4.352742 (0.012771)
energy : -2.174717 (0.000081)

kinetic : 2.177603 (0.012765)
potential : -4.352321 (0.012759)
energy : -2.174718 (0.000081)

kinetic : 2.177691 (0.012747)
potential : -4.352405 (0.012742)
energy : -2.174715 (0.000081)

kinetic : 2.177772 (0.012729)
potential : -4.352487 (0.012724)
energy : -2.174715 (0.000081)

kinetic : 2.177462 (0.012715)
potential : -4.352170 (0.012710)
energy : -2.174708 (0.000081)

kinetic : 2.177477 (0.012697)
potential : -4.352183 (0.012692)
energy : -2.174706 (0.000081)

kinetic : 2.177154 (0.012684)
potential : -4.351859 (0.012678)
energy : -2.174706 (0.000081)

kinetic : 2.177999 (0.012694)
potential : -4.352706 (0.012689)
energy : -2.174707 (0.000081)

kinetic : 2.177960 (0.012676)
potential : -4.352672 (0.012671)
energy : -2.174712 (0.000081)

kinetic : 2.178431 (0.012667)
potential : -4.353146 (0.012662)
energy : -2.174715 (0.000081)

kinetic : 2.178188 (0.012652)
potential : -4.352901 (0.012647)
energy : -2.174713 (0.000081)

kinetic : 2.177831 (0.012639)
potential : -4.352539 (0.012635)
energy : -2.174708 (0.000081)

kinetic : 2.178703 (0.012652)
potential : -4.353413 (0.012647)
energy : -2.174710 (0.000081)

kinetic : 2.179217 (0.012645)
potential : -4.353928 (0.012640)
energy : -2.174712 (0.000081)

kinetic : 2.178864 (0.012632)
potential : -4.353572 (0.012628)
energy : -2.174708 (0.000081)

kinetic : 2.178734 (0.012615)
potential : -4.353444 (0.012611)
energy : -2.174710 (0.000081)

kinetic : 2.177928 (0.012623)
potential : -4.352640 (0.012619)
energy : -2.174712 (0.000080)

kinetic : 2.177347 (0.012619)
potential : -4.352058 (0.012615)
energy : -2.174711 (0.000080)

kinetic : 2.176731 (0.012617)
potential : -4.351447 (0.012612)
energy : -2.174716 (0.000080)

kinetic : 2.176637 (0.012600)
potential : -4.351357 (0.012595)
energy : -2.174720 (0.000080)

kinetic : 2.176525 (0.012583)
potential : -4.351248 (0.012578)
energy : -2.174723 (0.000080)

kinetic : 2.176476 (0.012566)
potential : -4.351202 (0.012561)
energy : -2.174726 (0.000080)

kinetic : 2.176026 (0.012556)
potential : -4.350757 (0.012552)
energy : -2.174730 (0.000080)

kinetic : 2.176801 (0.012563)
potential : -4.351529 (0.012558)
energy : -2.174728 (0.000080)

kinetic : 2.176939 (0.012547)
potential : -4.351666 (0.012542)
energy : -2.174728 (0.000080)

kinetic : 2.176589 (0.012534)
potential : -4.351314 (0.012529)
energy : -2.174724 (0.000080)

kinetic : 2.176964 (0.012523)
potential : -4.351683 (0.012518)
energy : -2.174719 (0.000080)

kinetic : 2.176805 (0.012507)
potential : -4.351522 (0.012502)
energy : -2.174718 (0.000080)

kinetic : 2.177148 (0.012494)
potential : -4.351870 (0.012490)
energy : -2.174722 (0.000080)

kinetic : 2.177528 (0.012483)
potential : -4.352254 (0.012478)
energy : -2.174726 (0.000080)

kinetic : 2.177561 (0.012466)
potential : -4.352289 (0.012461)
energy : -2.174728 (0.000080)

kinetic : 2.177491 (0.012449)
potential : -4.352217 (0.012445)
energy : -2.174726 (0.000080)

kinetic : 2.177192 (0.012436)
potential : -4.351924 (0.012431)
energy : -2.174732 (0.000080)

kinetic : 2.177387 (0.012421)
potential : -4.352120 (0.012416)
energy : -2.174734 (0.000080)

kinetic : 2.177023 (0.012409)
potential : -4.351759 (0.012405)
energy : -2.174736 (0.000080)

kinetic : 2.176900 (0.012393)
potential : -4.351635 (0.012388)
energy : -2.174735 (0.000080)

kinetic : 2.176375 (0.012388)
potential : -4.351108 (0.012383)
energy : -2.174733 (0.000080)

kinetic : 2.176117 (0.012374)
potential : -4.350854 (0.012369)
energy : -2.174737 (0.000080)

kinetic : 2.175807 (0.012361)
potential : -4.350544 (0.012356)
energy : -2.174737 (0.000079)

kinetic : 2.176791 (0.012383)
potential : -4.351522 (0.012378)
energy : -2.174731 (0.000079)

kinetic : 2.176288 (0.012377)
potential : -4.351015 (0.012372)
energy : -2.174726 (0.000080)

kinetic : 2.175944 (0.012365)
potential : -4.350673 (0.012360)
energy : -2.174729 (0.000079)

kinetic : 2.176072 (0.012349)
potential : -4.350801 (0.012344)
energy : -2.174730 (0.000079)

kinetic : 2.175861 (0.012335)
potential : -4.350590 (0.012330)
energy : -2.174729 (0.000079)

kinetic : 2.175825 (0.012318)
potential : -4.350553 (0.012313)
energy : -2.174727 (0.000079)

kinetic : 2.176772 (0.012338)
potential : -4.351503 (0.012333)
energy : -2.174731 (0.000079)

kinetic : 2.176626 (0.012323)
potential : -4.351356 (0.012318)
energy : -2.174730 (0.000079)

kinetic : 2.176595 (0.012306)
potential : -4.351327 (0.012302)
energy : -2.174731 (0.000079)

kinetic : 2.176561 (0.012290)
potential : -4.351294 (0.012285)
energy : -2.174734 (0.000079)

kinetic : 2.176207 (0.012279)
potential : -4.350941 (0.012274)
energy : -2.174734 (0.000079)

kinetic : 2.175942 (0.012265)
potential : -4.350679 (0.012261)
energy : -2.174737 (0.000079)

kinetic : 2.175810 (0.012250)
potential : -4.350539 (0.012245)
energy : -2.174730 (0.000079)

kinetic : 2.175169 (0.012251)
potential : -4.349902 (0.012246)
energy : -2.174733 (0.000079)

kinetic : 2.174955 (0.012236)
potential : -4.349688 (0.012231)
energy : -2.174733 (0.000079)

kinetic : 2.174830 (0.012221)
potential : -4.349560 (0.012216)
energy : -2.174729 (0.000079)

kinetic : 2.174548 (0.012208)
potential : -4.349279 (0.012203)
energy : -2.174731 (0.000079)

kinetic : 2.175089 (0.012204)
potential : -4.349810 (0.012199)
energy : -2.174721 (0.000079)

kinetic : 2.175133 (0.012188)
potential : -4.349859 (0.012183)
energy : -2.174726 (0.000079)

kinetic : 2.174866 (0.012175)
potential : -4.349593 (0.012170)
energy : -2.174727 (0.000079)

kinetic : 2.175214 (0.012164)
potential : -4.349940 (0.012159)
energy : -2.174727 (0.000079)

kinetic : 2.174858 (0.012153)
potential : -4.349588 (0.012148)
energy : -2.174731 (0.000079)

kinetic : 2.175410 (0.012150)
potential : -4.350141 (0.012145)
energy : -2.174731 (0.000079)

kinetic : 2.175843 (0.012142)
potential : -4.350578 (0.012137)
energy : -2.174736 (0.000079)

kinetic : 2.175335 (0.012137)
potential : -4.350072 (0.012132)
energy : -2.174737 (0.000079)

kinetic : 2.175272 (0.012121)
potential : -4.350009 (0.012116)
energy : -2.174737 (0.000079)

kinetic : 2.175289 (0.012105)
potential : -4.350024 (0.012100)
energy : -2.174736 (0.000079)

kinetic : 2.176198 (0.012124)
potential : -4.350934 (0.012119)
energy : -2.174736 (0.000079)

kinetic : 2.177032 (0.012137)
potential : -4.351770 (0.012132)
energy : -2.174738 (0.000079)

kinetic : 2.177034 (0.012121)
potential : -4.351773 (0.012116)
energy : -2.174739 (0.000079)

kinetic : 2.176552 (0.012115)
potential : -4.351295 (0.012110)
energy : -2.174743 (0.000079)

kinetic : 2.176495 (0.012100)
potential : -4.351241 (0.012095)
energy : -2.174746 (0.000079)

kinetic : 2.177107 (0.012100)
potential : -4.351852 (0.012094)
energy : -2.174745 (0.000078)

kinetic : 2.176659 (0.012092)
potential : -4.351407 (0.012087)
energy : -2.174749 (0.000078)

kinetic : 2.176408 (0.012079)
potential : -4.351160 (0.012074)
energy : -2.174752 (0.000078)

kinetic : 2.176459 (0.012064)
potential : -4.351213 (0.012059)
energy : -2.174755 (0.000078)

kinetic : 2.176305 (0.012050)
potential : -4.351054 (0.012044)
energy : -2.174749 (0.000078)

kinetic : 2.176178 (0.012035)
potential : -4.350927 (0.012030)
energy : -2.174750 (0.000078)

kinetic : 2.175823 (0.012025)
potential : -4.350570 (0.012020)
energy : -2.174747 (0.000078)

kinetic : 2.175781 (0.012009)
potential : -4.350526 (0.012004)
energy : -2.174745 (0.000078)

kinetic : 2.175553 (0.011996)
potential : -4.350301 (0.011991)
energy : -2.174748 (0.000078)

kinetic : 2.175281 (0.011984)
potential : -4.350029 (0.011979)
energy : -2.174748 (0.000078)

kinetic : 2.174931 (0.011974)
potential : -4.349678 (0.011969)
energy : -2.174747 (0.000078)

kinetic : 2.175609 (0.011978)
potential : -4.350356 (0.011973)
energy : -2.174747 (0.000078)

kinetic : 2.175291 (0.011967)
potential : -4.350043 (0.011962)
energy : -2.174752 (0.000078)

kinetic : 2.175474 (0.011953)
potential : -4.350228 (0.011948)
energy : -2.174754 (0.000078)

kinetic : 2.175572 (0.011938)
potential : -4.350326 (0.011933)
energy : -2.174754 (0.000078)

kinetic : 2.175189 (0.011930)
potential : -4.349941 (0.011924)
energy : -2.174753 (0.000078)

kinetic : 2.175057 (0.011915)
potential : -4.349815 (0.011910)
energy : -2.174758 (0.000078)

kinetic : 2.174623 (0.011908)
potential : -4.349385 (0.011903)
energy : -2.174762 (0.000078)

kinetic : 2.174526 (0.011894)
potential : -4.349286 (0.011888)
energy : -2.174761 (0.000078)

kinetic : 2.174375 (0.011880)
potential : -4.349137 (0.011874)
energy : -2.174762 (0.000078)

kinetic : 2.174371 (0.011865)
potential : -4.349135 (0.011859)
energy : -2.174763 (0.000077)

kinetic : 2.173857 (0.011861)
potential : -4.348623 (0.011855)
energy : -2.174766 (0.000077)

kinetic : 2.173501 (0.011851)
potential : -4.348265 (0.011846)
energy : -2.174764 (0.000077)

kinetic : 2.173503 (0.011837)
potential : -4.348269 (0.011831)
energy : -2.174766 (0.000077)

kinetic : 2.173546 (0.011822)
potential : -4.348313 (0.011817)
energy : -2.174767 (0.000077)

kinetic : 2.173045 (0.011818)
potential : -4.347816 (0.011812)
energy : -2.174770 (0.000077)

kinetic : 2.172710 (0.011808)
potential : -4.347482 (0.011802)
energy : -2.174772 (0.000077)

kinetic : 2.172721 (0.011793)
potential : -4.347497 (0.011788)
energy : -2.174776 (0.000077)

kinetic : 2.173727 (0.011821)
potential : -4.348505 (0.011816)
energy : -2.174778 (0.000077)

kinetic : 2.174023 (0.011810)
potential : -4.348800 (0.011805)
energy : -2.174777 (0.000077)

kinetic : 2.173869 (0.011797)
potential : -4.348650 (0.011791)
energy : -2.174780 (0.000077)

kinetic : 2.173876 (0.011782)
potential : -4.348653 (0.011777)
energy : -2.174777 (0.000077)

kinetic : 2.173987 (0.011768)
potential : -4.348759 (0.011763)
energy : -2.174772 (0.000077)

kinetic : 2.174282 (0.011757)
potential : -4.349047 (0.011752)
energy : -2.174765 (0.000077)

kinetic : 2.174005 (0.011746)
potential : -4.348772 (0.011740)
energy : -2.174767 (0.000077)

kinetic : 2.174316 (0.011736)
potential : -4.349082 (0.011730)
energy : -2.174765 (0.000077)

kinetic : 2.174232 (0.011721)
potential : -4.348996 (0.011716)
energy : -2.174764 (0.000077)

kinetic : 2.174570 (0.011712)
potential : -4.349332 (0.011706)
energy : -2.174762 (0.000077)

kinetic : 2.174274 (0.011701)
potential : -4.349035 (0.011696)
energy : -2.174761 (0.000077)

kinetic : 2.174069 (0.011689)
potential : -4.348831 (0.011683)
energy : -2.174762 (0.000077)

kinetic : 2.174061 (0.011674)
potential : -4.348819 (0.011669)
energy : -2.174758 (0.000077)

kinetic : 2.174428 (0.011666)
potential : -4.349182 (0.011660)
energy : -2.174754 (0.000077)

kinetic : 2.174204 (0.011654)
potential : -4.348962 (0.011648)
energy : -2.174758 (0.000077)

kinetic : 2.174119 (0.011640)
potential : -4.348876 (0.011634)
energy : -2.174758 (0.000077)

kinetic : 2.174238 (0.011626)
potential : -4.348998 (0.011621)
energy : -2.174760 (0.000077)

kinetic : 2.174486 (0.011615)
potential : -4.349249 (0.011609)
energy : -2.174764 (0.000077)

kinetic : 2.174732 (0.011603)
potential : -4.349492 (0.011598)
energy : -2.174760 (0.000077)

kinetic : 2.174776 (0.011589)
potential : -4.349534 (0.011584)
energy : -2.174758 (0.000076)

kinetic : 2.174968 (0.011577)
potential : -4.349727 (0.011571)
energy : -2.174759 (0.000076)

kinetic : 2.175614 (0.011581)
potential : -4.350372 (0.011575)
energy : -2.174758 (0.000076)

kinetic : 2.179747 (0.012283)
potential : -4.354505 (0.012278)
energy : -2.174758 (0.000076)

kinetic : 2.178945 (0.012294)
potential : -4.353700 (0.012290)
energy : -2.174754 (0.000076)

kinetic : 2.178788 (0.012281)
potential : -4.353543 (0.012276)
energy : -2.174755 (0.000076)

kinetic : 2.178518 (0.012269)
potential : -4.353275 (0.012264)
energy : -2.174757 (0.000076)

kinetic : 2.178489 (0.012254)
potential : -4.353247 (0.012249)
energy : -2.174758 (0.000076)

kinetic : 2.178616 (0.012240)
potential : -4.353372 (0.012235)
energy : -2.174755 (0.000076)

kinetic : 2.178506 (0.012226)
potential : -4.353262 (0.012221)
energy : -2.174756 (0.000076)

kinetic : 2.178581 (0.012211)
potential : -4.353338 (0.012206)
energy : -2.174758 (0.000076)

kinetic : 2.178963 (0.012203)
potential : -4.353720 (0.012198)
energy : -2.174757 (0.000076)

kinetic : 2.179161 (0.012190)
potential : -4.353920 (0.012185)
energy : -2.174759 (0.000076)

kinetic : 2.179500 (0.012180)
potential : -4.354258 (0.012175)
energy : -2.174758 (0.000076)

kinetic : 2.179203 (0.012169)
potential : -4.353961 (0.012164)
energy : -2.174757 (0.000075)

kinetic : 2.178951 (0.012157)
potential : -4.353712 (0.012152)
energy : -2.174761 (0.000075)

kinetic : 2.178681 (0.012145)
potential : -4.353443 (0.012140)
energy : -2.174762 (0.000075)

kinetic : 2.178730 (0.012131)
potential : -4.353491 (0.012126)
energy : -2.174761 (0.000075)

kinetic : 2.178311 (0.012124)
potential : -4.353071 (0.012119)
energy : -2.174760 (0.000075)

kinetic : 2.178662 (0.012115)
potential : -4.353425 (0.012110)
energy : -2.174762 (0.000075)

kinetic : 2.178423 (0.012103)
potential : -4.353185 (0.012098)
energy : -2.174762 (0.000075)

kinetic : 2.178110 (0.012092)
potential : -4.352872 (0.012087)
energy : -2.174762 (0.000075)

kinetic : 2.178599 (0.012088)
potential : -4.353360 (0.012083)
energy : -2.174761 (0.000075)

kinetic : 2.178138 (0.012082)
potential : -4.352900 (0.012078)
energy : -2.174762 (0.000075)

kinetic : 2.177551 (0.012082)
potential : -4.352310 (0.012078)
energy : -2.174758 (0.000075)

kinetic : 2.177337 (0.012070)
potential : -4.352096 (0.012065)
energy : -2.174759 (0.000075)

kinetic : 2.178501 (0.012112)
potential : -4.353259 (0.012107)
energy : -2.174758 (0.000075)

kinetic : 2.178545 (0.012098)
potential : -4.353303 (0.012093)
energy : -2.174758 (0.000075)

kinetic : 2.178838 (0.012087)
potential : -4.353591 (0.012082)
energy : -2.174754 (0.000075)

kinetic : 2.178680 (0.012074)
potential : -4.353431 (0.012069)
energy : -2.174752 (0.000074)

kinetic : 2.177995 (0.012079)
potential : -4.352750 (0.012074)
energy : -2.174755 (0.000074)

kinetic : 2.177916 (0.012065)
potential : -4.352674 (0.012060)
energy : -2.174759 (0.000074)

kinetic : 2.177582 (0.012056)
potential : -4.352342 (0.012051)
energy : -2.174760 (0.000074)

kinetic : 2.177454 (0.012042)
potential : -4.352216 (0.012037)
energy : -2.174761 (0.000074)

kinetic : 2.177591 (0.012029)
potential : -4.352348 (0.012024)
energy : -2.174757 (0.000074)

kinetic : 2.177745 (0.012016)
potential : -4.352496 (0.012011)
energy : -2.174751 (0.000075)

kinetic : 2.177657 (0.012003)
potential : -4.352408 (0.011997)
energy : -2.174751 (0.000074)

kinetic : 2.177486 (0.011990)
potential : -4.352238 (0.011985)
energy : -2.174752 (0.000074)

kinetic : 2.177247 (0.011978)
potential : -4.351996 (0.011973)
energy : -2.174749 (0.000074)

kinetic : 2.177128 (0.011965)
potential : -4.351874 (0.011960)
energy : -2.174746 (0.000074)

kinetic : 2.176849 (0.011954)
potential : -4.351594 (0.011949)
energy : -2.174745 (0.000074)

kinetic : 2.176948 (0.011941)
potential : -4.351691 (0.011936)
energy : -2.174744 (0.000074)

kinetic : 2.177034 (0.011927)
potential : -4.351770 (0.011922)
energy : -2.174736 (0.000074)

kinetic : 2.176892 (0.011915)
potential : -4.351624 (0.011909)
energy : -2.174732 (0.000074)

kinetic : 2.177332 (0.011909)
potential : -4.352057 (0.011904)
energy : -2.174725 (0.000075)

kinetic : 2.176872 (0.011904)
potential : -4.351598 (0.011899)
energy : -2.174725 (0.000075)

kinetic : 2.176813 (0.011891)
potential : -4.351541 (0.011885)
energy : -2.174728 (0.000075)

kinetic : 2.176931 (0.011878)
potential : -4.351660 (0.011872)
energy : -2.174729 (0.000075)

kinetic : 2.177031 (0.011864)
potential : -4.351757 (0.011859)
energy : -2.174725 (0.000075)

kinetic : 2.177199 (0.011852)
potential : -4.351926 (0.011847)
energy : -2.174728 (0.000074)

kinetic : 2.177707 (0.011849)
potential : -4.352434 (0.011844)
energy : -2.174727 (0.000074)

kinetic : 2.177150 (0.011849)
potential : -4.351882 (0.011843)
energy : -2.174733 (0.000074)

kinetic : 2.176566 (0.011850)
potential : -4.351299 (0.011844)
energy : -2.174733 (0.000074)

kinetic : 2.176457 (0.011837)
potential : -4.351186 (0.011831)
energy : -2.174729 (0.000074)

kinetic : 2.176754 (0.011827)
potential : -4.351485 (0.011821)
energy : -2.174731 (0.000074)

kinetic : 2.176613 (0.011814)
potential : -4.351344 (0.011809)
energy : -2.174731 (0.000074)

kinetic : 2.177188 (0.011815)
potential : -4.351916 (0.011809)
energy : -2.174728 (0.000074)

kinetic : 2.177061 (0.011802)
potential : -4.351793 (0.011796)
energy : -2.174733 (0.000074)

kinetic : 2.177201 (0.011790)
potential : -4.351936 (0.011784)
energy : -2.174735 (0.000074)

kinetic : 2.177263 (0.011776)
potential : -4.352000 (0.011771)
energy : -2.174737 (0.000074)

kinetic : 2.177345 (0.011763)
potential : -4.352081 (0.011758)
energy : -2.174736 (0.000074)

kinetic : 2.177049 (0.011754)
potential : -4.351789 (0.011748)
energy : -2.174740 (0.000074)

kinetic : 2.177120 (0.011741)
potential : -4.351858 (0.011735)
energy : -2.174738 (0.000074)

kinetic : 2.177110 (0.011727)
potential : -4.351850 (0.011722)
energy : -2.174740 (0.000074)

kinetic : 2.176264 (0.011745)
potential : -4.351007 (0.011739)
energy : -2.174743 (0.000074)

kinetic : 2.176339 (0.011732)
potential : -4.351080 (0.011726)
energy : -2.174741 (0.000074)

kinetic : 2.176911 (0.011733)
potential : -4.351653 (0.011727)
energy : -2.174742 (0.000074)

kinetic : 2.176325 (0.011734)
potential : -4.351066 (0.011728)
energy : -2.174741 (0.000074)

kinetic : 2.176300 (0.011721)
potential : -4.351043 (0.011715)
energy : -2.174743 (0.000074)

kinetic : 2.176290 (0.011708)
potential : -4.351031 (0.011702)
energy : -2.174741 (0.000074)

kinetic : 2.176298 (0.011695)
potential : -4.351041 (0.011689)
energy : -2.174743 (0.000074)

kinetic : 2.177132 (0.011711)
potential : -4.351875 (0.011705)
energy : -2.174743 (0.000074)

kinetic : 2.176593 (0.011711)
potential : -4.351337 (0.011705)
energy : -2.174744 (0.000074)

kinetic : 2.176694 (0.011698)
potential : -4.351442 (0.011692)
energy : -2.174748 (0.000074)

kinetic : 2.176739 (0.011685)
potential : -4.351482 (0.011679)
energy : -2.174743 (0.000074)

kinetic : 2.177419 (0.011692)
potential : -4.352162 (0.011686)
energy : -2.174743 (0.000074)

kinetic : 2.177060 (0.011684)
potential : -4.351803 (0.011678)
energy : -2.174743 (0.000073)

kinetic : 2.177053 (0.011671)
potential : -4.351798 (0.011666)
energy : -2.174745 (0.000073)

kinetic : 2.177057 (0.011658)
potential : -4.351804 (0.011653)
energy : -2.174747 (0.000073)

kinetic : 2.176821 (0.011648)
potential : -4.351568 (0.011642)
energy : -2.174747 (0.000073)

kinetic : 2.177118 (0.011639)
potential : -4.351863 (0.011633)
energy : -2.174745 (0.000073)

kinetic : 2.177293 (0.011627)
potential : -4.352038 (0.011621)
energy : -2.174746 (0.000073)

kinetic : 2.177099 (0.011616)
potential : -4.351841 (0.011610)
energy : -2.174742 (0.000073)

kinetic : 2.178166 (0.011652)
potential : -4.352911 (0.011647)
energy : -2.174745 (0.000073)

kinetic : 2.177693 (0.011649)
potential : -4.352438 (0.011643)
energy : -2.174746 (0.000073)

kinetic : 2.177468 (0.011638)
potential : -4.352217 (0.011633)
energy : -2.174748 (0.000073)

kinetic : 2.176951 (0.011637)
potential : -4.351702 (0.011631)
energy : -2.174750 (0.000073)

kinetic : 2.176618 (0.011629)
potential : -4.351364 (0.011623)
energy : -2.174746 (0.000073)

kinetic : 2.176771 (0.011617)
potential : -4.351520 (0.011612)
energy : -2.174749 (0.000073)

kinetic : 2.176201 (0.011618)
potential : -4.350954 (0.011613)
energy : -2.174752 (0.000073)

kinetic : 2.175848 (0.011611)
potential : -4.350600 (0.011606)
energy : -2.174752 (0.000073)

kinetic : 2.175810 (0.011598)
potential : -4.350562 (0.011593)
energy : -2.174752 (0.000073)

kinetic : 2.176280 (0.011595)
potential : -4.351030 (0.011590)
energy : -2.174751 (0.000073)

kinetic : 2.176712 (0.011591)
potential : -4.351461 (0.011585)
energy : -2.174749 (0.000073)

kinetic : 2.176766 (0.011578)
potential : -4.351515 (0.011573)
energy : -2.174749 (0.000073)

kinetic : 2.178172 (0.011651)
potential : -4.352921 (0.011645)
energy : -2.174749 (0.000073)

kinetic : 2.178161 (0.011638)
potential : -4.352913 (0.011633)
energy : -2.174752 (0.000073)

kinetic : 2.178193 (0.011625)
potential : -4.352945 (0.011620)
energy : -2.174752 (0.000072)

kinetic : 2.178825 (0.011630)
potential : -4.353579 (0.011625)
energy : -2.174754 (0.000072)

kinetic : 2.179246 (0.011625)
potential : -4.354001 (0.011620)
energy : -2.174755 (0.000072)

kinetic : 2.179349 (0.011613)
potential : -4.354105 (0.011608)
energy : -2.174756 (0.000072)

kinetic : 2.179398 (0.011600)
potential : -4.354154 (0.011595)
energy : -2.174757 (0.000072)

kinetic : 2.179136 (0.011591)
potential : -4.353891 (0.011586)
energy : -2.174755 (0.000072)

kinetic : 2.179274 (0.011579)
potential : -4.354027 (0.011574)
energy : -2.174752 (0.000072)

kinetic : 2.179127 (0.011568)
potential : -4.353877 (0.011562)
energy : -2.174751 (0.000072)

kinetic : 2.178940 (0.011557)
potential : -4.353691 (0.011551)
energy : -2.174752 (0.000072)

kinetic : 2.179899 (0.011584)
potential : -4.354652 (0.011579)
energy : -2.174753 (0.000072)

kinetic : 2.179989 (0.011572)
potential : -4.354746 (0.011567)
energy : -2.174756 (0.000072)

kinetic : 2.179813 (0.011561)
potential : -4.354571 (0.011556)
energy : -2.174758 (0.000072)

kinetic : 2.179185 (0.011566)
potential : -4.353945 (0.011560)
energy : -2.174759 (0.000072)

kinetic : 2.180145 (0.011593)
potential : -4.354909 (0.011588)
energy : -2.174764 (0.000072)

kinetic : 2.180209 (0.011581)
potential : -4.354976 (0.011576)
energy : -2.174766 (0.000072)

kinetic : 2.180361 (0.011569)
potential : -4.355129 (0.011565)
energy : -2.174769 (0.000072)

kinetic : 2.180116 (0.011560)
potential : -4.354886 (0.011555)
energy : -2.174770 (0.000072)

kinetic : 2.179997 (0.011548)
potential : -4.354767 (0.011543)
energy : -2.174770 (0.000072)

kinetic : 2.179642 (0.011541)
potential : -4.354415 (0.011536)
energy : -2.174773 (0.000072)

kinetic : 2.180047 (0.011536)
potential : -4.354826 (0.011531)
energy : -2.174778 (0.000072)

kinetic : 2.180079 (0.011524)
potential : -4.354857 (0.011519)
energy : -2.174778 (0.000072)

kinetic : 2.180052 (0.011511)
potential : -4.354832 (0.011507)
energy : -2.174780 (0.000072)

kinetic : 2.179553 (0.011510)
potential : -4.354335 (0.011505)
energy : -2.174782 (0.000072)

kinetic : 2.179921 (0.011504)
potential : -4.354701 (0.011499)
energy : -2.174780 (0.000072)

kinetic : 2.180140 (0.011494)
potential : -4.354917 (0.011489)
energy : -2.174777 (0.000072)

kinetic : 2.179637 (0.011493)
potential : -4.354414 (0.011488)
energy : -2.174778 (0.000072)

kinetic : 2.179852 (0.011482)
potential : -4.354630 (0.011478)
energy : -2.174778 (0.000071)

kinetic : 2.179537 (0.011475)
potential : -4.354314 (0.011470)
energy : -2.174777 (0.000071)

kinetic : 2.179523 (0.011463)
potential : -4.354300 (0.011458)
energy : -2.174777 (0.000071)

kinetic : 2.179314 (0.011452)
potential : -4.354090 (0.011448)
energy : -2.174775 (0.000071)

kinetic : 2.179273 (0.011440)
potential : -4.354046 (0.011436)
energy : -2.174773 (0.000071)

kinetic : 2.178601 (0.011448)
potential : -4.353372 (0.011443)
energy : -2.174772 (0.000071)

kinetic : 2.178471 (0.011437)
potential : -4.353243 (0.011432)
energy : -2.174772 (0.000071)

kinetic : 2.179322 (0.011457)
potential : -4.354093 (0.011452)
energy : -2.174771 (0.000071)

kinetic : 2.179626 (0.011449)
potential : -4.354396 (0.011444)
energy : -2.174770 (0.000071)

kinetic : 2.180129 (0.011448)
potential : -4.354898 (0.011443)
energy : -2.174770 (0.000071)

kinetic : 2.181081 (0.011475)
potential : -4.355852 (0.011471)
energy : -2.174771 (0.000071)

kinetic : 2.180918 (0.011465)
potential : -4.355690 (0.011460)
energy : -2.174772 (0.000071)

kinetic : 2.180367 (0.011466)
potential : -4.355138 (0.011461)
energy : -2.174771 (0.000071)

kinetic : 2.180062 (0.011458)
potential : -4.354831 (0.011453)
energy : -2.174769 (0.000071)

kinetic : 2.180225 (0.011447)
potential : -4.354997 (0.011442)
energy : -2.174772 (0.000071)

kinetic : 2.179783 (0.011444)
potential : -4.354549 (0.011439)
energy : -2.174765 (0.000071)

kinetic : 2.179709 (0.011432)
potential : -4.354471 (0.011428)
energy : -2.174763 (0.000071)

kinetic : 2.179542 (0.011421)
potential : -4.354303 (0.011417)
energy : -2.174761 (0.000071)

kinetic : 2.179138 (0.011417)
potential : -4.353901 (0.011412)
energy : -2.174763 (0.000071)

kinetic : 2.179179 (0.011405)
potential : -4.353942 (0.011401)
energy : -2.174763 (0.000071)

kinetic : 2.178859 (0.011398)
potential : -4.353621 (0.011393)
energy : -2.174763 (0.000071)

kinetic : 2.178886 (0.011386)
potential : -4.353648 (0.011382)
energy : -2.174763 (0.000070)

kinetic : 2.178985 (0.011375)
potential : -4.353750 (0.011370)
energy : -2.174765 (0.000070)

kinetic : 2.179238 (0.011366)
potential : -4.354005 (0.011361)
energy : -2.174767 (0.000070)

kinetic : 2.178732 (0.011365)
potential : -4.353500 (0.011361)
energy : -2.174769 (0.000070)

kinetic : 2.178973 (0.011356)
potential : -4.353742 (0.011352)
energy : -2.174768 (0.000070)

kinetic : 2.179401 (0.011353)
potential : -4.354166 (0.011348)
energy : -2.174765 (0.000070)

kinetic : 2.179677 (0.011344)
potential : -4.354441 (0.011340)
energy : -2.174764 (0.000070)

kinetic : 2.180094 (0.011340)
potential : -4.354860 (0.011336)
energy : -2.174766 (0.000070)

kinetic : 2.180125 (0.011329)
potential : -4.354889 (0.011324)
energy : -2.174765 (0.000070)

kinetic : 2.180190 (0.011317)
potential : -4.354955 (0.011313)
energy : -2.174765 (0.000070)

kinetic : 2.180403 (0.011308)
potential : -4.355174 (0.011303)
energy : -2.174772 (0.000070)

kinetic : 2.180831 (0.011304)
potential : -4.355605 (0.011300)
energy : -2.174773 (0.000070)

kinetic : 2.180591 (0.011295)
potential : -4.355365 (0.011291)
energy : -2.174774 (0.000070)

kinetic : 2.180654 (0.011284)
potential : -4.355435 (0.011280)
energy : -2.174781 (0.000070)

kinetic : 2.180703 (0.011273)
potential : -4.355482 (0.011268)
energy : -2.174779 (0.000070)

kinetic : 2.180898 (0.011263)
potential : -4.355680 (0.011259)
energy : -2.174782 (0.000070)

kinetic : 2.181211 (0.011256)
potential : -4.355996 (0.011252)
energy : -2.174785 (0.000070)

kinetic : 2.181080 (0.011245)
potential : -4.355864 (0.011241)
energy : -2.174785 (0.000070)

kinetic : 2.181165 (0.011234)
potential : -4.355951 (0.011230)
energy : -2.174785 (0.000070)

kinetic : 2.180937 (0.011225)
potential : -4.355723 (0.011221)
energy : -2.174786 (0.000070)

kinetic : 2.180820 (0.011214)
potential : -4.355602 (0.011210)
energy : -2.174782 (0.000070)

kinetic : 2.180627 (0.011204)
potential : -4.355410 (0.011200)
energy : -2.174783 (0.000070)

kinetic : 2.180226 (0.011200)
potential : -4.355010 (0.011196)
energy : -2.174784 (0.000070)

kinetic : 2.179958 (0.011192)
potential : -4.354740 (0.011188)
energy : -2.174782 (0.000070)

kinetic : 2.179826 (0.011182)
potential : -4.354604 (0.011178)
energy : -2.174778 (0.000070)

kinetic : 2.179439 (0.011177)
potential : -4.354220 (0.011173)
energy : -2.174781 (0.000070)

kinetic : 2.179394 (0.011166)
potential : -4.354176 (0.011162)
energy : -2.174783 (0.000070)

kinetic : 2.179162 (0.011157)
potential : -4.353943 (0.011153)
energy : -2.174780 (0.000070)

kinetic : 2.179283 (0.011147)
potential : -4.354064 (0.011143)
energy : -2.174781 (0.000070)

kinetic : 2.179760 (0.011146)
potential : -4.354544 (0.011142)
energy : -2.174785 (0.000070)

kinetic : 2.180530 (0.011161)
potential : -4.355316 (0.011157)
energy : -2.174786 (0.000070)

kinetic : 2.181292 (0.011176)
potential : -4.356080 (0.011172)
energy : -2.174788 (0.000070)

kinetic : 2.181263 (0.011165)
potential : -4.356053 (0.011161)
energy : -2.174790 (0.000070)
         kinetic: 2.181(11), Sigma: 3.887, T_corr: 8.3
       potential: -4.356(11), Sigma: 3.889, T_corr: 8.2
          energy: -2.174790(70), Sigma: 0.037, T_corr: 3.6

For tau = 2.50e-01, acceptance ratio = 0.72
Time: 511.31s
