
kinetic : 2.762611 (inf)
potential : -4.940784 (inf)
energy : -2.178173 (inf)

kinetic : 1.720133 (inf)
potential : -3.895959 (inf)
energy : -2.175827 (inf)

kinetic : 2.017511 (0.297378)
potential : -4.190091 (0.294132)
energy : -2.172580 (0.003247)

kinetic : 2.316658 (0.344916)
potential : -4.489703 (0.344391)
energy : -2.173044 (0.001931)

kinetic : 2.044265 (0.365624)
potential : -4.218193 (0.364719)
energy : -2.173928 (0.001626)

kinetic : 2.028126 (0.283671)
potential : -4.201845 (0.282983)
energy : -2.173719 (0.001277)

kinetic : 1.936125 (0.249220)
potential : -4.109246 (0.248919)
energy : -2.173122 (0.001202)

kinetic : 2.144846 (0.296529)
potential : -4.318004 (0.296374)
energy : -2.173158 (0.001016)

kinetic : 2.206453 (0.264088)
potential : -4.379129 (0.263845)
energy : -2.172675 (0.001004)

kinetic : 2.402875 (0.304673)
potential : -4.575891 (0.304729)
energy : -2.173016 (0.000948)

kinetic : 2.277892 (0.299802)
potential : -4.451104 (0.299766)
energy : -2.173212 (0.000870)

kinetic : 2.129209 (0.309267)
potential : -4.302422 (0.309237)
energy : -2.173213 (0.000787)

kinetic : 1.996274 (0.312052)
potential : -4.170213 (0.311720)
energy : -2.173939 (0.001021)

kinetic : 1.944854 (0.291616)
potential : -4.118768 (0.291319)
energy : -2.173915 (0.000940)

kinetic : 1.920150 (0.271111)
potential : -4.094494 (0.270799)
energy : -2.174344 (0.000970)

kinetic : 1.987423 (0.261203)
potential : -4.162621 (0.261143)
energy : -2.175198 (0.001243)

kinetic : 1.926858 (0.251727)
potential : -4.101628 (0.251777)
energy : -2.174770 (0.001239)

kinetic : 1.875204 (0.242033)
potential : -4.049927 (0.242088)
energy : -2.174723 (0.001165)

kinetic : 1.861679 (0.228591)
potential : -4.036079 (0.228663)
energy : -2.174401 (0.001145)

kinetic : 1.830626 (0.218444)
potential : -4.005053 (0.218507)
energy : -2.174427 (0.001083)

kinetic : 1.838941 (0.207401)
potential : -4.013326 (0.207459)
energy : -2.174385 (0.001028)

kinetic : 1.886565 (0.202945)
potential : -4.060874 (0.202981)
energy : -2.174310 (0.000981)

kinetic : 1.877903 (0.193694)
potential : -4.052337 (0.193723)
energy : -2.174434 (0.000944)

kinetic : 1.836679 (0.189616)
potential : -4.011165 (0.189632)
energy : -2.174486 (0.000903)

kinetic : 1.824413 (0.181958)
potential : -3.999064 (0.181961)
energy : -2.174650 (0.000880)

kinetic : 1.837167 (0.174993)
potential : -4.011830 (0.174998)
energy : -2.174662 (0.000844)

kinetic : 1.796955 (0.172870)
potential : -3.971313 (0.172945)
energy : -2.174358 (0.000866)

kinetic : 1.791640 (0.166429)
potential : -3.966037 (0.166500)
energy : -2.174397 (0.000835)

kinetic : 1.823295 (0.163469)
potential : -3.997808 (0.163559)
energy : -2.174513 (0.000813)

kinetic : 1.835001 (0.158165)
potential : -4.009671 (0.158264)
energy : -2.174669 (0.000800)

kinetic : 1.857359 (0.154429)
potential : -4.031746 (0.154482)
energy : -2.174387 (0.000823)

kinetic : 1.864739 (0.149547)
potential : -4.039102 (0.149597)
energy : -2.174363 (0.000796)

kinetic : 1.954344 (0.170281)
potential : -4.128989 (0.170471)
energy : -2.174645 (0.000820)

kinetic : 1.935885 (0.166069)
potential : -4.110589 (0.166245)
energy : -2.174704 (0.000797)

kinetic : 1.944835 (0.161359)
potential : -4.119601 (0.161533)
energy : -2.174766 (0.000776)

kinetic : 1.989857 (0.163022)
potential : -4.164825 (0.163240)
energy : -2.174967 (0.000780)

kinetic : 2.015448 (0.160482)
potential : -4.190349 (0.160681)
energy : -2.174902 (0.000761)

kinetic : 2.026960 (0.156508)
potential : -4.201992 (0.156711)
energy : -2.175032 (0.000751)

kinetic : 2.007358 (0.153590)
potential : -4.182378 (0.153787)
energy : -2.175020 (0.000731)

kinetic : 2.019270 (0.150073)
potential : -4.194586 (0.150288)
energy : -2.175317 (0.000772)

kinetic : 2.003828 (0.147086)
potential : -4.179185 (0.147290)
energy : -2.175357 (0.000753)

kinetic : 1.993418 (0.143831)
potential : -4.168787 (0.144029)
energy : -2.175369 (0.000735)

kinetic : 2.010218 (0.141367)
potential : -4.185471 (0.141545)
energy : -2.175253 (0.000726)

kinetic : 1.986295 (0.140098)
potential : -4.161528 (0.140272)
energy : -2.175234 (0.000710)

kinetic : 1.980195 (0.137012)
potential : -4.155484 (0.137180)
energy : -2.175289 (0.000695)

kinetic : 2.011176 (0.137470)
potential : -4.186402 (0.137615)
energy : -2.175227 (0.000683)

kinetic : 1.999092 (0.134990)
potential : -4.174328 (0.135131)
energy : -2.175236 (0.000668)

kinetic : 1.979233 (0.133571)
potential : -4.154449 (0.133711)
energy : -2.175216 (0.000654)

kinetic : 1.961440 (0.131964)
potential : -4.136532 (0.132116)
energy : -2.175091 (0.000652)

kinetic : 1.958855 (0.129268)
potential : -4.133939 (0.129418)
energy : -2.175084 (0.000638)

kinetic : 1.976861 (0.127930)
potential : -4.151992 (0.128081)
energy : -2.175130 (0.000627)

kinetic : 1.960656 (0.126439)
potential : -4.135681 (0.126600)
energy : -2.175025 (0.000624)

kinetic : 1.947099 (0.124723)
potential : -4.122150 (0.124877)
energy : -2.175052 (0.000612)

kinetic : 1.966593 (0.123891)
potential : -4.141929 (0.124084)
energy : -2.175336 (0.000664)

kinetic : 1.972905 (0.121738)
potential : -4.148179 (0.121925)
energy : -2.175274 (0.000655)

kinetic : 1.975854 (0.119541)
potential : -4.151181 (0.119725)
energy : -2.175327 (0.000645)

kinetic : 1.970254 (0.117520)
potential : -4.145670 (0.117697)
energy : -2.175416 (0.000640)

kinetic : 1.948371 (0.117496)
potential : -4.123636 (0.117695)
energy : -2.175265 (0.000646)

kinetic : 1.937112 (0.116000)
potential : -4.112314 (0.116201)
energy : -2.175201 (0.000638)

kinetic : 1.935493 (0.114028)
potential : -4.110717 (0.114225)
energy : -2.175224 (0.000628)

kinetic : 1.970757 (0.117527)
potential : -4.145840 (0.117669)
energy : -2.175083 (0.000633)

kinetic : 1.980917 (0.116030)
potential : -4.155984 (0.116168)
energy : -2.175067 (0.000623)

kinetic : 1.976470 (0.114230)
potential : -4.151486 (0.114368)
energy : -2.175016 (0.000615)

kinetic : 1.978011 (0.112413)
potential : -4.152901 (0.112547)
energy : -2.174890 (0.000618)

kinetic : 1.979345 (0.110650)
potential : -4.154218 (0.110782)
energy : -2.174873 (0.000608)

kinetic : 1.967842 (0.109540)
potential : -4.142744 (0.109666)
energy : -2.174903 (0.000599)

kinetic : 1.991205 (0.110369)
potential : -4.166529 (0.110580)
energy : -2.175324 (0.000725)

kinetic : 2.021851 (0.112946)
potential : -4.197169 (0.113145)
energy : -2.175318 (0.000714)

kinetic : 2.015220 (0.111470)
potential : -4.190548 (0.111665)
energy : -2.175328 (0.000704)

kinetic : 1.996123 (0.111491)
potential : -4.171392 (0.111690)
energy : -2.175269 (0.000696)

kinetic : 2.025299 (0.113694)
potential : -4.200648 (0.113904)
energy : -2.175348 (0.000690)

kinetic : 2.022057 (0.112128)
potential : -4.197459 (0.112333)
energy : -2.175403 (0.000683)

kinetic : 2.008716 (0.111362)
potential : -4.184180 (0.111555)
energy : -2.175464 (0.000676)

kinetic : 1.997165 (0.110431)
potential : -4.172618 (0.110622)
energy : -2.175453 (0.000667)

kinetic : 1.984337 (0.109682)
potential : -4.159820 (0.109865)
energy : -2.175483 (0.000658)

kinetic : 1.982144 (0.108232)
potential : -4.157611 (0.108413)
energy : -2.175467 (0.000650)

kinetic : 1.997105 (0.107841)
potential : -4.172718 (0.108039)
energy : -2.175613 (0.000658)

kinetic : 1.995283 (0.106447)
potential : -4.170888 (0.106642)
energy : -2.175605 (0.000649)

kinetic : 1.998508 (0.105123)
potential : -4.174136 (0.105316)
energy : -2.175628 (0.000641)

kinetic : 2.033947 (0.109667)
potential : -4.209532 (0.109834)
energy : -2.175585 (0.000634)

kinetic : 2.020044 (0.109177)
potential : -4.195565 (0.109348)
energy : -2.175522 (0.000630)

kinetic : 2.012151 (0.108109)
potential : -4.187554 (0.108286)
energy : -2.175403 (0.000633)

kinetic : 1.994396 (0.108248)
potential : -4.169769 (0.108426)
energy : -2.175373 (0.000626)

kinetic : 1.985973 (0.107267)
potential : -4.161370 (0.107441)
energy : -2.175397 (0.000619)

kinetic : 1.976917 (0.106369)
potential : -4.152345 (0.106537)
energy : -2.175428 (0.000612)

kinetic : 1.969435 (0.105376)
potential : -4.144831 (0.105544)
energy : -2.175395 (0.000606)

kinetic : 2.055128 (0.134867)
potential : -4.230607 (0.135048)
energy : -2.175479 (0.000605)

kinetic : 2.047898 (0.133504)
potential : -4.223356 (0.133684)
energy : -2.175457 (0.000598)

kinetic : 2.034104 (0.132697)
potential : -4.209583 (0.132872)
energy : -2.175480 (0.000592)

kinetic : 2.041405 (0.131401)
potential : -4.216889 (0.131573)
energy : -2.175484 (0.000585)

kinetic : 2.037850 (0.129981)
potential : -4.213377 (0.130150)
energy : -2.175527 (0.000580)

kinetic : 2.030318 (0.128765)
potential : -4.205785 (0.128936)
energy : -2.175467 (0.000577)

kinetic : 2.024763 (0.127479)
potential : -4.200232 (0.127648)
energy : -2.175469 (0.000570)

kinetic : 2.034283 (0.126460)
potential : -4.209844 (0.126633)
energy : -2.175560 (0.000572)

kinetic : 2.025699 (0.125401)
potential : -4.201242 (0.125574)
energy : -2.175542 (0.000566)

kinetic : 2.042707 (0.125234)
potential : -4.218155 (0.125391)
energy : -2.175448 (0.000568)

kinetic : 2.049695 (0.124120)
potential : -4.225231 (0.124279)
energy : -2.175536 (0.000569)

kinetic : 2.047164 (0.122860)
potential : -4.222628 (0.123019)
energy : -2.175464 (0.000567)

kinetic : 2.059100 (0.122184)
potential : -4.234512 (0.122336)
energy : -2.175412 (0.000564)

kinetic : 2.057021 (0.120961)
potential : -4.232420 (0.121112)
energy : -2.175399 (0.000558)

kinetic : 2.059976 (0.119782)
potential : -4.235376 (0.119931)
energy : -2.175400 (0.000553)

kinetic : 2.048909 (0.119106)
potential : -4.224280 (0.119255)
energy : -2.175371 (0.000548)

kinetic : 2.056463 (0.118174)
potential : -4.231808 (0.118320)
energy : -2.175345 (0.000543)

kinetic : 2.051186 (0.117140)
potential : -4.226484 (0.117286)
energy : -2.175298 (0.000540)

kinetic : 2.042731 (0.116316)
potential : -4.218113 (0.116454)
energy : -2.175382 (0.000541)

kinetic : 2.036168 (0.115389)
potential : -4.211538 (0.115527)
energy : -2.175370 (0.000536)

kinetic : 2.049399 (0.115059)
potential : -4.224750 (0.115192)
energy : -2.175351 (0.000531)

kinetic : 2.067502 (0.115407)
potential : -4.242853 (0.115538)
energy : -2.175352 (0.000526)

kinetic : 2.065564 (0.114350)
potential : -4.240887 (0.114480)
energy : -2.175323 (0.000522)

kinetic : 2.063546 (0.113314)
potential : -4.238830 (0.113443)
energy : -2.175285 (0.000519)

kinetic : 2.068892 (0.112406)
potential : -4.244205 (0.112536)
energy : -2.175313 (0.000515)

kinetic : 2.061968 (0.111604)
potential : -4.237223 (0.111735)
energy : -2.175256 (0.000513)

kinetic : 2.057626 (0.110688)
potential : -4.232821 (0.110821)
energy : -2.175195 (0.000512)

kinetic : 2.049540 (0.110002)
potential : -4.224713 (0.110135)
energy : -2.175173 (0.000508)

kinetic : 2.054487 (0.109145)
potential : -4.229668 (0.109277)
energy : -2.175181 (0.000504)

kinetic : 2.056943 (0.108220)
potential : -4.232199 (0.108352)
energy : -2.175256 (0.000505)

kinetic : 2.053859 (0.107327)
potential : -4.229133 (0.107457)
energy : -2.175274 (0.000501)

kinetic : 2.091301 (0.112801)
potential : -4.266571 (0.112922)
energy : -2.175270 (0.000497)

kinetic : 2.084906 (0.112024)
potential : -4.260130 (0.112146)
energy : -2.175224 (0.000495)

kinetic : 2.086408 (0.111088)
potential : -4.261644 (0.111210)
energy : -2.175235 (0.000491)

kinetic : 2.082246 (0.110237)
potential : -4.257437 (0.110359)
energy : -2.175190 (0.000489)

kinetic : 2.086205 (0.109394)
potential : -4.261340 (0.109513)
energy : -2.175135 (0.000488)

kinetic : 2.094987 (0.108849)
potential : -4.270055 (0.108961)
energy : -2.175068 (0.000488)

kinetic : 2.096032 (0.107965)
potential : -4.271116 (0.108076)
energy : -2.175085 (0.000485)

kinetic : 2.090304 (0.107244)
potential : -4.265413 (0.107353)
energy : -2.175108 (0.000481)

kinetic : 2.079948 (0.106885)
potential : -4.255031 (0.106995)
energy : -2.175082 (0.000478)

kinetic : 2.077295 (0.106067)
potential : -4.252364 (0.106176)
energy : -2.175069 (0.000475)

kinetic : 2.084204 (0.105455)
potential : -4.259256 (0.105562)
energy : -2.175052 (0.000471)

kinetic : 2.099923 (0.105802)
potential : -4.274935 (0.105901)
energy : -2.175011 (0.000469)

kinetic : 2.098860 (0.104984)
potential : -4.273841 (0.105083)
energy : -2.174981 (0.000467)

kinetic : 2.115902 (0.105558)
potential : -4.290862 (0.105652)
energy : -2.174960 (0.000463)

kinetic : 2.107991 (0.105047)
potential : -4.282960 (0.105139)
energy : -2.174969 (0.000460)

kinetic : 2.112275 (0.104337)
potential : -4.287279 (0.104429)
energy : -2.175004 (0.000458)

kinetic : 2.102444 (0.104015)
potential : -4.277440 (0.104107)
energy : -2.174996 (0.000454)

kinetic : 2.096282 (0.103419)
potential : -4.271261 (0.103512)
energy : -2.174979 (0.000451)

kinetic : 2.099483 (0.102700)
potential : -4.274485 (0.102793)
energy : -2.175002 (0.000449)

kinetic : 2.108420 (0.102333)
potential : -4.283348 (0.102418)
energy : -2.174928 (0.000451)

kinetic : 2.100684 (0.101878)
potential : -4.275604 (0.101962)
energy : -2.174921 (0.000448)

kinetic : 2.098900 (0.101153)
potential : -4.273812 (0.101237)
energy : -2.174912 (0.000445)

kinetic : 2.098803 (0.100422)
potential : -4.273693 (0.100506)
energy : -2.174890 (0.000442)

kinetic : 2.094139 (0.099811)
potential : -4.269023 (0.099895)
energy : -2.174883 (0.000439)

kinetic : 2.089600 (0.099205)
potential : -4.264428 (0.099290)
energy : -2.174828 (0.000440)

kinetic : 2.080591 (0.098915)
potential : -4.255407 (0.099000)
energy : -2.174817 (0.000437)

kinetic : 2.083923 (0.098277)
potential : -4.258719 (0.098361)
energy : -2.174796 (0.000434)

kinetic : 2.083562 (0.097593)
potential : -4.258358 (0.097676)
energy : -2.174796 (0.000431)

kinetic : 2.076482 (0.097176)
potential : -4.251270 (0.097259)
energy : -2.174788 (0.000428)

kinetic : 2.077820 (0.096517)
potential : -4.252585 (0.096600)
energy : -2.174765 (0.000426)

kinetic : 2.082221 (0.095960)
potential : -4.257063 (0.096045)
energy : -2.174841 (0.000430)

kinetic : 2.087866 (0.095476)
potential : -4.262737 (0.095562)
energy : -2.174871 (0.000428)

kinetic : 2.077843 (0.095361)
potential : -4.252699 (0.095448)
energy : -2.174856 (0.000425)

kinetic : 2.080647 (0.094765)
potential : -4.255564 (0.094853)
energy : -2.174917 (0.000427)

kinetic : 2.074166 (0.094358)
potential : -4.249083 (0.094445)
energy : -2.174917 (0.000424)

kinetic : 2.073904 (0.093736)
potential : -4.248777 (0.093822)
energy : -2.174873 (0.000424)

kinetic : 2.070711 (0.093176)
potential : -4.245604 (0.093261)
energy : -2.174893 (0.000421)

kinetic : 2.079959 (0.093030)
potential : -4.254898 (0.093118)
energy : -2.174939 (0.000421)

kinetic : 2.088075 (0.092783)
potential : -4.262991 (0.092869)
energy : -2.174917 (0.000419)

kinetic : 2.083782 (0.092286)
potential : -4.258674 (0.092373)
energy : -2.174892 (0.000417)

kinetic : 2.098389 (0.092853)
potential : -4.273276 (0.092937)
energy : -2.174887 (0.000414)

kinetic : 2.102574 (0.092358)
potential : -4.277396 (0.092438)
energy : -2.174822 (0.000417)

kinetic : 2.099946 (0.091813)
potential : -4.274787 (0.091892)
energy : -2.174841 (0.000415)

kinetic : 2.093806 (0.091444)
potential : -4.268645 (0.091522)
energy : -2.174839 (0.000412)

kinetic : 2.129919 (0.097787)
potential : -4.304740 (0.097853)
energy : -2.174821 (0.000410)

kinetic : 2.129248 (0.097184)
potential : -4.304066 (0.097249)
energy : -2.174818 (0.000407)

kinetic : 2.122772 (0.096802)
potential : -4.297595 (0.096867)
energy : -2.174822 (0.000405)

kinetic : 2.128424 (0.096376)
potential : -4.303327 (0.096445)
energy : -2.174902 (0.000410)

kinetic : 2.132814 (0.095891)
potential : -4.307648 (0.095956)
energy : -2.174834 (0.000413)

kinetic : 2.129677 (0.095363)
potential : -4.304495 (0.095429)
energy : -2.174818 (0.000411)

kinetic : 2.123653 (0.094982)
potential : -4.298475 (0.095046)
energy : -2.174823 (0.000409)

kinetic : 2.124591 (0.094419)
potential : -4.299446 (0.094484)
energy : -2.174856 (0.000408)

kinetic : 2.119831 (0.093979)
potential : -4.294667 (0.094045)
energy : -2.174836 (0.000406)

kinetic : 2.112839 (0.093686)
potential : -4.287673 (0.093751)
energy : -2.174834 (0.000403)

kinetic : 2.113200 (0.093137)
potential : -4.288042 (0.093202)
energy : -2.174842 (0.000401)

kinetic : 2.112542 (0.092597)
potential : -4.287365 (0.092661)
energy : -2.174823 (0.000399)

kinetic : 2.105512 (0.092328)
potential : -4.280327 (0.092392)
energy : -2.174816 (0.000397)

kinetic : 2.108474 (0.091844)
potential : -4.283318 (0.091908)
energy : -2.174844 (0.000396)

kinetic : 2.103413 (0.091457)
potential : -4.278279 (0.091520)
energy : -2.174866 (0.000394)

kinetic : 2.102704 (0.090939)
potential : -4.277616 (0.091001)
energy : -2.174911 (0.000394)

kinetic : 2.101281 (0.090435)
potential : -4.276259 (0.090496)
energy : -2.174977 (0.000398)

kinetic : 2.106163 (0.090058)
potential : -4.281119 (0.090117)
energy : -2.174956 (0.000396)

kinetic : 2.103254 (0.089601)
potential : -4.278220 (0.089659)
energy : -2.174966 (0.000394)

kinetic : 2.097814 (0.089267)
potential : -4.272819 (0.089323)
energy : -2.175005 (0.000394)

kinetic : 2.091886 (0.088970)
potential : -4.266869 (0.089027)
energy : -2.174983 (0.000392)

kinetic : 2.088157 (0.088559)
potential : -4.263115 (0.088616)
energy : -2.174958 (0.000391)

kinetic : 2.083159 (0.088215)
potential : -4.258084 (0.088274)
energy : -2.174925 (0.000390)

kinetic : 2.078717 (0.087847)
potential : -4.253674 (0.087904)
energy : -2.174957 (0.000389)

kinetic : 2.084414 (0.087556)
potential : -4.259422 (0.087616)
energy : -2.175007 (0.000390)

kinetic : 2.088825 (0.087196)
potential : -4.263867 (0.087257)
energy : -2.175042 (0.000390)

kinetic : 2.085985 (0.086775)
potential : -4.261066 (0.086835)
energy : -2.175081 (0.000390)

kinetic : 2.087693 (0.086329)
potential : -4.262830 (0.086390)
energy : -2.175138 (0.000392)

kinetic : 2.084496 (0.085931)
potential : -4.259604 (0.085992)
energy : -2.175108 (0.000391)

kinetic : 2.082893 (0.085492)
potential : -4.257979 (0.085553)
energy : -2.175086 (0.000389)

kinetic : 2.077632 (0.085206)
potential : -4.252690 (0.085268)
energy : -2.175058 (0.000388)

kinetic : 2.074473 (0.084820)
potential : -4.249527 (0.084882)
energy : -2.175054 (0.000386)

kinetic : 2.071944 (0.084417)
potential : -4.246966 (0.084480)
energy : -2.175022 (0.000385)

kinetic : 2.123258 (0.098417)
potential : -4.298451 (0.098560)
energy : -2.175194 (0.000420)

kinetic : 2.127526 (0.098004)
potential : -4.302684 (0.098144)
energy : -2.175158 (0.000419)

kinetic : 2.126899 (0.097505)
potential : -4.302104 (0.097644)
energy : -2.175206 (0.000420)

kinetic : 2.124609 (0.097035)
potential : -4.299793 (0.097175)
energy : -2.175184 (0.000418)

kinetic : 2.128440 (0.096620)
potential : -4.303605 (0.096758)
energy : -2.175165 (0.000416)

kinetic : 2.130634 (0.096158)
potential : -4.305840 (0.096296)
energy : -2.175206 (0.000416)

kinetic : 2.124560 (0.095869)
potential : -4.299754 (0.096007)
energy : -2.175194 (0.000414)

kinetic : 2.120457 (0.095479)
potential : -4.295622 (0.095617)
energy : -2.175165 (0.000413)

kinetic : 2.119433 (0.095011)
potential : -4.294561 (0.095148)
energy : -2.175128 (0.000413)

kinetic : 2.115404 (0.094627)
potential : -4.290547 (0.094764)
energy : -2.175143 (0.000411)

kinetic : 2.110864 (0.094272)
potential : -4.286012 (0.094407)
energy : -2.175148 (0.000409)

kinetic : 2.105741 (0.093950)
potential : -4.280893 (0.094085)
energy : -2.175152 (0.000407)

kinetic : 2.103021 (0.093533)
potential : -4.278172 (0.093666)
energy : -2.175151 (0.000405)

kinetic : 2.098835 (0.093174)
potential : -4.273977 (0.093307)
energy : -2.175142 (0.000403)

kinetic : 2.097698 (0.092732)
potential : -4.272827 (0.092865)
energy : -2.175128 (0.000402)

kinetic : 2.100915 (0.092343)
potential : -4.276097 (0.092477)
energy : -2.175182 (0.000403)

kinetic : 2.094720 (0.092111)
potential : -4.269914 (0.092243)
energy : -2.175194 (0.000402)

kinetic : 2.092850 (0.091692)
potential : -4.268038 (0.091824)
energy : -2.175188 (0.000400)

kinetic : 2.092839 (0.091259)
potential : -4.268038 (0.091390)
energy : -2.175199 (0.000398)

kinetic : 2.104530 (0.091579)
potential : -4.279768 (0.091713)
energy : -2.175238 (0.000398)

kinetic : 2.101367 (0.091205)
potential : -4.276578 (0.091339)
energy : -2.175210 (0.000397)

kinetic : 2.099231 (0.090805)
potential : -4.274415 (0.090939)
energy : -2.175185 (0.000396)

kinetic : 2.101622 (0.090415)
potential : -4.276829 (0.090549)
energy : -2.175207 (0.000395)

kinetic : 2.097402 (0.090096)
potential : -4.272623 (0.090229)
energy : -2.175221 (0.000393)

kinetic : 2.097879 (0.089683)
potential : -4.273074 (0.089815)
energy : -2.175195 (0.000392)

kinetic : 2.094946 (0.089321)
potential : -4.270173 (0.089451)
energy : -2.175226 (0.000392)

kinetic : 2.094943 (0.088914)
potential : -4.270167 (0.089044)
energy : -2.175224 (0.000390)

kinetic : 2.092718 (0.088539)
potential : -4.267941 (0.088668)
energy : -2.175223 (0.000388)

kinetic : 2.097563 (0.088272)
potential : -4.272805 (0.088401)
energy : -2.175242 (0.000387)

kinetic : 2.099245 (0.087891)
potential : -4.274498 (0.088020)
energy : -2.175253 (0.000385)

kinetic : 2.102689 (0.087566)
potential : -4.277924 (0.087694)
energy : -2.175236 (0.000384)

kinetic : 2.102133 (0.087178)
potential : -4.277377 (0.087305)
energy : -2.175244 (0.000382)

kinetic : 2.099151 (0.086842)
potential : -4.274398 (0.086969)
energy : -2.175247 (0.000381)

kinetic : 2.096000 (0.086516)
potential : -4.271215 (0.086643)
energy : -2.175215 (0.000380)

kinetic : 2.094408 (0.086151)
potential : -4.269633 (0.086277)
energy : -2.175224 (0.000379)

kinetic : 2.094124 (0.085774)
potential : -4.269330 (0.085900)
energy : -2.175206 (0.000378)

kinetic : 2.090731 (0.085468)
potential : -4.265936 (0.085593)
energy : -2.175205 (0.000376)

kinetic : 2.088030 (0.085140)
potential : -4.263230 (0.085264)
energy : -2.175200 (0.000374)

kinetic : 2.107282 (0.086931)
potential : -4.282603 (0.087078)
energy : -2.175321 (0.000392)

kinetic : 2.107539 (0.086557)
potential : -4.282890 (0.086704)
energy : -2.175351 (0.000391)

kinetic : 2.105076 (0.086222)
potential : -4.280409 (0.086369)
energy : -2.175333 (0.000390)

kinetic : 2.101225 (0.085940)
potential : -4.276546 (0.086087)
energy : -2.175321 (0.000389)

kinetic : 2.098774 (0.085610)
potential : -4.274072 (0.085757)
energy : -2.175299 (0.000388)

kinetic : 2.096242 (0.085286)
potential : -4.271553 (0.085432)
energy : -2.175311 (0.000386)

kinetic : 2.094339 (0.084948)
potential : -4.269652 (0.085093)
energy : -2.175313 (0.000385)

kinetic : 2.091695 (0.084633)
potential : -4.267002 (0.084778)
energy : -2.175307 (0.000383)

kinetic : 2.088155 (0.084354)
potential : -4.263479 (0.084497)
energy : -2.175323 (0.000382)

kinetic : 2.086684 (0.084016)
potential : -4.262002 (0.084159)
energy : -2.175319 (0.000380)

kinetic : 2.094010 (0.083989)
potential : -4.269320 (0.084129)
energy : -2.175310 (0.000379)

kinetic : 2.092774 (0.083651)
potential : -4.268065 (0.083792)
energy : -2.175291 (0.000378)

kinetic : 2.092918 (0.083308)
potential : -4.268182 (0.083448)
energy : -2.175264 (0.000377)

kinetic : 2.088171 (0.083103)
potential : -4.263429 (0.083242)
energy : -2.175258 (0.000376)

kinetic : 2.085409 (0.082811)
potential : -4.260668 (0.082949)
energy : -2.175259 (0.000374)

kinetic : 2.082509 (0.082526)
potential : -4.257748 (0.082664)
energy : -2.175239 (0.000373)

kinetic : 2.075580 (0.082484)
potential : -4.250815 (0.082622)
energy : -2.175235 (0.000372)

kinetic : 2.069503 (0.082376)
potential : -4.244730 (0.082514)
energy : -2.175227 (0.000370)

kinetic : 2.072538 (0.082102)
potential : -4.247819 (0.082241)
energy : -2.175282 (0.000373)

kinetic : 2.068431 (0.081877)
potential : -4.243710 (0.082016)
energy : -2.175279 (0.000371)

kinetic : 2.072084 (0.081634)
potential : -4.247359 (0.081771)
energy : -2.175275 (0.000370)

kinetic : 2.074397 (0.081343)
potential : -4.249688 (0.081481)
energy : -2.175291 (0.000369)

kinetic : 2.072068 (0.081056)
potential : -4.247346 (0.081193)
energy : -2.175278 (0.000367)

kinetic : 2.069938 (0.080765)
potential : -4.245207 (0.080902)
energy : -2.175268 (0.000366)

kinetic : 2.066168 (0.080538)
potential : -4.241442 (0.080673)
energy : -2.175273 (0.000365)

kinetic : 2.064611 (0.080239)
potential : -4.239884 (0.080374)
energy : -2.175273 (0.000363)

kinetic : 2.063639 (0.079933)
potential : -4.238907 (0.080068)
energy : -2.175268 (0.000362)

kinetic : 2.059180 (0.079748)
potential : -4.234440 (0.079883)
energy : -2.175260 (0.000361)

kinetic : 2.056402 (0.079490)
potential : -4.231652 (0.079624)
energy : -2.175250 (0.000359)

kinetic : 2.054343 (0.079211)
potential : -4.229569 (0.079346)
energy : -2.175226 (0.000359)

kinetic : 2.050576 (0.078998)
potential : -4.225791 (0.079133)
energy : -2.175215 (0.000358)

kinetic : 2.047097 (0.078774)
potential : -4.222311 (0.078908)
energy : -2.175214 (0.000356)

kinetic : 2.044008 (0.078536)
potential : -4.219207 (0.078670)
energy : -2.175199 (0.000355)

kinetic : 2.064743 (0.080940)
potential : -4.239880 (0.081053)
energy : -2.175136 (0.000359)

kinetic : 2.063113 (0.080652)
potential : -4.238239 (0.080764)
energy : -2.175126 (0.000358)

kinetic : 2.059495 (0.080431)
potential : -4.234621 (0.080543)
energy : -2.175127 (0.000357)

kinetic : 2.059196 (0.080130)
potential : -4.234315 (0.080242)
energy : -2.175120 (0.000356)

kinetic : 2.055582 (0.079914)
potential : -4.230686 (0.080026)
energy : -2.175104 (0.000355)

kinetic : 2.052433 (0.079679)
potential : -4.227522 (0.079791)
energy : -2.175089 (0.000354)

kinetic : 2.048278 (0.079494)
potential : -4.223355 (0.079606)
energy : -2.175077 (0.000352)

kinetic : 2.045889 (0.079237)
potential : -4.220974 (0.079348)
energy : -2.175085 (0.000351)

kinetic : 2.045384 (0.078948)
potential : -4.220482 (0.079058)
energy : -2.175097 (0.000350)

kinetic : 2.043125 (0.078691)
potential : -4.218223 (0.078802)
energy : -2.175098 (0.000349)

kinetic : 2.051882 (0.078892)
potential : -4.227017 (0.079006)
energy : -2.175135 (0.000350)

kinetic : 2.046640 (0.078781)
potential : -4.221753 (0.078895)
energy : -2.175113 (0.000349)

kinetic : 2.043215 (0.078570)
potential : -4.218327 (0.078684)
energy : -2.175112 (0.000348)

kinetic : 2.042584 (0.078290)
potential : -4.217663 (0.078403)
energy : -2.175079 (0.000348)

kinetic : 2.051767 (0.078547)
potential : -4.226869 (0.078662)
energy : -2.175102 (0.000347)

kinetic : 2.058786 (0.078580)
potential : -4.233882 (0.078694)
energy : -2.175096 (0.000346)

kinetic : 2.057747 (0.078307)
potential : -4.232836 (0.078420)
energy : -2.175089 (0.000345)

kinetic : 2.054686 (0.078089)
potential : -4.229764 (0.078202)
energy : -2.175078 (0.000344)

kinetic : 2.064334 (0.078408)
potential : -4.239481 (0.078529)
energy : -2.175147 (0.000350)

kinetic : 2.071179 (0.078431)
potential : -4.246349 (0.078553)
energy : -2.175171 (0.000349)

kinetic : 2.074613 (0.078231)
potential : -4.249779 (0.078352)
energy : -2.175166 (0.000348)

kinetic : 2.074584 (0.077957)
potential : -4.249742 (0.078077)
energy : -2.175158 (0.000347)

kinetic : 2.071946 (0.077729)
potential : -4.247119 (0.077849)
energy : -2.175172 (0.000346)

kinetic : 2.076574 (0.077597)
potential : -4.251741 (0.077716)
energy : -2.175167 (0.000345)

kinetic : 2.072977 (0.077412)
potential : -4.248146 (0.077530)
energy : -2.175169 (0.000344)

kinetic : 2.068420 (0.077279)
potential : -4.243588 (0.077396)
energy : -2.175168 (0.000343)

kinetic : 2.071415 (0.077071)
potential : -4.246609 (0.077189)
energy : -2.175194 (0.000342)

kinetic : 2.077923 (0.077082)
potential : -4.253125 (0.077200)
energy : -2.175203 (0.000341)

kinetic : 2.076452 (0.076832)
potential : -4.251646 (0.076950)
energy : -2.175194 (0.000340)

kinetic : 2.073053 (0.076646)
potential : -4.248208 (0.076765)
energy : -2.175156 (0.000341)

kinetic : 2.072807 (0.076386)
potential : -4.248035 (0.076504)
energy : -2.175228 (0.000348)

kinetic : 2.074640 (0.076150)
potential : -4.249891 (0.076268)
energy : -2.175251 (0.000347)

kinetic : 2.073297 (0.075905)
potential : -4.248532 (0.076023)
energy : -2.175235 (0.000347)

kinetic : 2.074839 (0.075665)
potential : -4.250071 (0.075783)
energy : -2.175232 (0.000345)

kinetic : 2.072440 (0.075450)
potential : -4.247666 (0.075567)
energy : -2.175226 (0.000344)

kinetic : 2.075979 (0.075281)
potential : -4.251206 (0.075398)
energy : -2.175227 (0.000343)

kinetic : 2.071491 (0.075165)
potential : -4.246704 (0.075282)
energy : -2.175213 (0.000342)

kinetic : 2.067785 (0.075007)
potential : -4.242987 (0.075124)
energy : -2.175202 (0.000341)

kinetic : 2.064864 (0.074816)
potential : -4.240060 (0.074933)
energy : -2.175196 (0.000340)

kinetic : 2.061870 (0.074630)
potential : -4.237058 (0.074747)
energy : -2.175188 (0.000339)

kinetic : 2.061786 (0.074385)
potential : -4.236984 (0.074501)
energy : -2.175198 (0.000338)

kinetic : 2.058567 (0.074211)
potential : -4.233738 (0.074328)
energy : -2.175171 (0.000338)

kinetic : 2.061730 (0.074037)
potential : -4.236949 (0.074155)
energy : -2.175219 (0.000341)

kinetic : 2.069016 (0.074155)
potential : -4.244235 (0.074272)
energy : -2.175218 (0.000339)

kinetic : 2.071020 (0.073941)
potential : -4.246236 (0.074059)
energy : -2.175217 (0.000338)

kinetic : 2.084038 (0.074843)
potential : -4.259444 (0.074992)
energy : -2.175406 (0.000387)

kinetic : 2.086016 (0.074629)
potential : -4.261439 (0.074777)
energy : -2.175423 (0.000386)

kinetic : 2.084361 (0.074407)
potential : -4.259786 (0.074555)
energy : -2.175425 (0.000385)

kinetic : 2.099499 (0.075698)
potential : -4.274994 (0.075857)
energy : -2.175495 (0.000390)

kinetic : 2.101230 (0.075477)
potential : -4.276731 (0.075634)
energy : -2.175501 (0.000389)

kinetic : 2.100027 (0.075246)
potential : -4.275553 (0.075403)
energy : -2.175527 (0.000388)

kinetic : 2.098448 (0.075024)
potential : -4.273978 (0.075181)
energy : -2.175529 (0.000387)

kinetic : 2.095011 (0.074866)
potential : -4.270533 (0.075022)
energy : -2.175523 (0.000386)

kinetic : 2.099012 (0.074738)
potential : -4.274536 (0.074893)
energy : -2.175524 (0.000385)

kinetic : 2.097655 (0.074515)
potential : -4.273182 (0.074670)
energy : -2.175527 (0.000383)

kinetic : 2.095610 (0.074310)
potential : -4.271161 (0.074464)
energy : -2.175551 (0.000383)

kinetic : 2.091921 (0.074170)
potential : -4.267464 (0.074323)
energy : -2.175543 (0.000382)

kinetic : 2.089931 (0.073966)
potential : -4.265482 (0.074119)
energy : -2.175551 (0.000381)

kinetic : 2.094404 (0.073873)
potential : -4.269988 (0.074026)
energy : -2.175584 (0.000381)

kinetic : 2.092774 (0.073662)
potential : -4.268352 (0.073816)
energy : -2.175578 (0.000380)

kinetic : 2.089924 (0.073491)
potential : -4.265491 (0.073644)
energy : -2.175566 (0.000379)

kinetic : 2.090928 (0.073272)
potential : -4.266467 (0.073424)
energy : -2.175539 (0.000379)

kinetic : 2.087829 (0.073113)
potential : -4.263361 (0.073265)
energy : -2.175531 (0.000377)

kinetic : 2.088780 (0.072896)
potential : -4.264307 (0.073047)
energy : -2.175527 (0.000376)

kinetic : 2.090829 (0.072703)
potential : -4.266336 (0.072853)
energy : -2.175508 (0.000376)

kinetic : 2.090082 (0.072486)
potential : -4.265583 (0.072636)
energy : -2.175502 (0.000375)

kinetic : 2.098497 (0.072755)
potential : -4.274054 (0.072910)
energy : -2.175557 (0.000378)

kinetic : 2.106300 (0.072954)
potential : -4.281875 (0.073110)
energy : -2.175576 (0.000377)

kinetic : 2.105503 (0.072739)
potential : -4.281069 (0.072894)
energy : -2.175566 (0.000376)

kinetic : 2.107492 (0.072548)
potential : -4.283069 (0.072703)
energy : -2.175578 (0.000375)

kinetic : 2.105587 (0.072356)
potential : -4.281163 (0.072511)
energy : -2.175577 (0.000374)

kinetic : 2.103979 (0.072159)
potential : -4.279553 (0.072313)
energy : -2.175574 (0.000373)

kinetic : 2.101431 (0.071989)
potential : -4.277015 (0.072142)
energy : -2.175585 (0.000372)

kinetic : 2.098302 (0.071844)
potential : -4.273867 (0.071997)
energy : -2.175565 (0.000371)

kinetic : 2.096464 (0.071655)
potential : -4.272022 (0.071808)
energy : -2.175558 (0.000370)

kinetic : 2.094620 (0.071468)
potential : -4.270164 (0.071621)
energy : -2.175544 (0.000369)

kinetic : 2.091159 (0.071342)
potential : -4.266684 (0.071495)
energy : -2.175526 (0.000369)

kinetic : 2.107693 (0.073030)
potential : -4.283239 (0.073183)
energy : -2.175546 (0.000368)

kinetic : 2.106445 (0.072827)
potential : -4.281985 (0.072980)
energy : -2.175540 (0.000367)

kinetic : 2.103081 (0.072693)
potential : -4.278631 (0.072845)
energy : -2.175550 (0.000366)

kinetic : 2.101634 (0.072497)
potential : -4.277200 (0.072648)
energy : -2.175566 (0.000365)

kinetic : 2.100990 (0.072290)
potential : -4.276550 (0.072440)
energy : -2.175560 (0.000364)

kinetic : 2.100323 (0.072084)
potential : -4.275878 (0.072234)
energy : -2.175555 (0.000363)

kinetic : 2.098001 (0.071914)
potential : -4.273560 (0.072064)
energy : -2.175559 (0.000362)

kinetic : 2.096332 (0.071727)
potential : -4.271885 (0.071877)
energy : -2.175553 (0.000361)

kinetic : 2.093507 (0.071578)
potential : -4.269039 (0.071727)
energy : -2.175532 (0.000361)

kinetic : 2.091025 (0.071417)
potential : -4.266562 (0.071566)
energy : -2.175536 (0.000360)

kinetic : 2.091703 (0.071217)
potential : -4.267235 (0.071365)
energy : -2.175532 (0.000359)

kinetic : 2.090674 (0.071022)
potential : -4.266200 (0.071170)
energy : -2.175525 (0.000358)

kinetic : 2.100755 (0.071535)
potential : -4.276251 (0.071677)
energy : -2.175496 (0.000358)

kinetic : 2.101884 (0.071342)
potential : -4.277384 (0.071484)
energy : -2.175500 (0.000357)

kinetic : 2.101889 (0.071142)
potential : -4.277389 (0.071283)
energy : -2.175500 (0.000356)

kinetic : 2.099043 (0.070999)
potential : -4.274534 (0.071140)
energy : -2.175491 (0.000355)

kinetic : 2.100060 (0.070808)
potential : -4.275562 (0.070949)
energy : -2.175502 (0.000355)

kinetic : 2.097513 (0.070656)
potential : -4.273004 (0.070797)
energy : -2.175491 (0.000354)

kinetic : 2.094418 (0.070528)
potential : -4.269911 (0.070668)
energy : -2.175493 (0.000353)

kinetic : 2.096829 (0.070373)
potential : -4.272292 (0.070512)
energy : -2.175463 (0.000353)

kinetic : 2.096266 (0.070181)
potential : -4.271729 (0.070319)
energy : -2.175463 (0.000352)

kinetic : 2.093181 (0.070055)
potential : -4.268631 (0.070194)
energy : -2.175450 (0.000351)

kinetic : 2.091084 (0.069894)
potential : -4.266527 (0.070032)
energy : -2.175443 (0.000350)

kinetic : 2.089985 (0.069711)
potential : -4.265429 (0.069849)
energy : -2.175444 (0.000349)

kinetic : 2.088726 (0.069531)
potential : -4.264168 (0.069669)
energy : -2.175442 (0.000349)

kinetic : 2.086735 (0.069370)
potential : -4.262168 (0.069508)
energy : -2.175433 (0.000348)

kinetic : 2.086634 (0.069182)
potential : -4.262072 (0.069319)
energy : -2.175438 (0.000347)

kinetic : 2.086778 (0.068994)
potential : -4.262190 (0.069131)
energy : -2.175412 (0.000347)

kinetic : 2.084555 (0.068843)
potential : -4.259953 (0.068980)
energy : -2.175398 (0.000346)

kinetic : 2.092446 (0.069109)
potential : -4.267872 (0.069248)
energy : -2.175426 (0.000346)

kinetic : 2.095401 (0.068987)
potential : -4.270820 (0.069124)
energy : -2.175419 (0.000345)

kinetic : 2.097556 (0.068835)
potential : -4.272948 (0.068972)
energy : -2.175392 (0.000346)

kinetic : 2.097733 (0.068651)
potential : -4.273120 (0.068787)
energy : -2.175387 (0.000345)

kinetic : 2.096809 (0.068474)
potential : -4.272193 (0.068610)
energy : -2.175384 (0.000344)

kinetic : 2.094024 (0.068349)
potential : -4.269402 (0.068484)
energy : -2.175378 (0.000343)

kinetic : 2.092439 (0.068185)
potential : -4.267816 (0.068320)
energy : -2.175377 (0.000342)

kinetic : 2.094902 (0.068049)
potential : -4.270287 (0.068184)
energy : -2.175385 (0.000341)

kinetic : 2.091717 (0.067944)
potential : -4.267095 (0.068079)
energy : -2.175378 (0.000340)

kinetic : 2.088009 (0.067867)
potential : -4.263384 (0.068001)
energy : -2.175375 (0.000339)

kinetic : 2.085695 (0.067728)
potential : -4.261069 (0.067862)
energy : -2.175374 (0.000339)

kinetic : 2.087307 (0.067569)
potential : -4.262678 (0.067703)
energy : -2.175370 (0.000338)

kinetic : 2.086725 (0.067395)
potential : -4.262089 (0.067529)
energy : -2.175365 (0.000337)

kinetic : 2.083930 (0.067278)
potential : -4.259293 (0.067410)
energy : -2.175363 (0.000336)

kinetic : 2.081970 (0.067131)
potential : -4.257336 (0.067264)
energy : -2.175367 (0.000335)

kinetic : 2.087505 (0.067186)
potential : -4.262832 (0.067314)
energy : -2.175327 (0.000337)

kinetic : 2.088373 (0.067017)
potential : -4.263704 (0.067145)
energy : -2.175331 (0.000336)

kinetic : 2.085991 (0.066887)
potential : -4.261309 (0.067015)
energy : -2.175318 (0.000335)

kinetic : 2.088775 (0.066773)
potential : -4.264105 (0.066901)
energy : -2.175330 (0.000334)

kinetic : 2.086542 (0.066639)
potential : -4.261857 (0.066767)
energy : -2.175315 (0.000334)

kinetic : 2.084985 (0.066486)
potential : -4.260305 (0.066614)
energy : -2.175319 (0.000333)

kinetic : 2.082974 (0.066347)
potential : -4.258306 (0.066474)
energy : -2.175331 (0.000332)

kinetic : 2.079693 (0.066259)
potential : -4.255041 (0.066385)
energy : -2.175348 (0.000332)

kinetic : 2.079923 (0.066091)
potential : -4.255318 (0.066217)
energy : -2.175395 (0.000335)

kinetic : 2.085257 (0.066139)
potential : -4.260675 (0.066266)
energy : -2.175417 (0.000334)

kinetic : 2.083460 (0.065996)
potential : -4.258869 (0.066123)
energy : -2.175409 (0.000334)

kinetic : 2.081361 (0.065863)
potential : -4.256765 (0.065990)
energy : -2.175404 (0.000333)

kinetic : 2.081204 (0.065698)
potential : -4.256603 (0.065824)
energy : -2.175400 (0.000332)

kinetic : 2.077770 (0.065623)
potential : -4.253139 (0.065750)
energy : -2.175369 (0.000333)

kinetic : 2.078748 (0.065466)
potential : -4.254112 (0.065593)
energy : -2.175363 (0.000332)

kinetic : 2.079579 (0.065308)
potential : -4.254938 (0.065434)
energy : -2.175358 (0.000331)

kinetic : 2.076983 (0.065197)
potential : -4.252344 (0.065323)
energy : -2.175361 (0.000330)

kinetic : 2.079493 (0.065083)
potential : -4.254859 (0.065209)
energy : -2.175366 (0.000329)

kinetic : 2.078459 (0.064930)
potential : -4.253823 (0.065055)
energy : -2.175364 (0.000329)

kinetic : 2.077236 (0.064781)
potential : -4.252587 (0.064906)
energy : -2.175352 (0.000328)

kinetic : 2.074876 (0.064665)
potential : -4.250222 (0.064790)
energy : -2.175346 (0.000327)

kinetic : 2.071767 (0.064580)
potential : -4.247115 (0.064705)
energy : -2.175349 (0.000327)

kinetic : 2.068495 (0.064505)
potential : -4.243834 (0.064629)
energy : -2.175339 (0.000326)

kinetic : 2.066017 (0.064395)
potential : -4.241350 (0.064519)
energy : -2.175333 (0.000325)

kinetic : 2.065883 (0.064238)
potential : -4.241204 (0.064362)
energy : -2.175321 (0.000325)

kinetic : 2.068136 (0.064121)
potential : -4.243479 (0.064245)
energy : -2.175344 (0.000325)

kinetic : 2.070922 (0.064026)
potential : -4.246256 (0.064149)
energy : -2.175334 (0.000324)

kinetic : 2.072254 (0.063884)
potential : -4.247622 (0.064008)
energy : -2.175368 (0.000325)

kinetic : 2.075400 (0.063807)
potential : -4.250781 (0.063931)
energy : -2.175381 (0.000324)

kinetic : 2.076241 (0.063659)
potential : -4.251630 (0.063783)
energy : -2.175389 (0.000324)

kinetic : 2.075613 (0.063509)
potential : -4.250977 (0.063633)
energy : -2.175365 (0.000324)

kinetic : 2.076845 (0.063368)
potential : -4.252202 (0.063492)
energy : -2.175357 (0.000323)

kinetic : 2.074880 (0.063247)
potential : -4.250233 (0.063370)
energy : -2.175354 (0.000322)

kinetic : 2.073447 (0.063112)
potential : -4.248787 (0.063235)
energy : -2.175340 (0.000322)

kinetic : 2.076513 (0.063036)
potential : -4.251831 (0.063158)
energy : -2.175318 (0.000322)

kinetic : 2.075875 (0.062890)
potential : -4.251208 (0.063011)
energy : -2.175333 (0.000321)

kinetic : 2.074341 (0.062759)
potential : -4.249685 (0.062880)
energy : -2.175345 (0.000321)

kinetic : 2.078984 (0.062783)
potential : -4.254309 (0.062901)
energy : -2.175325 (0.000321)

kinetic : 2.076764 (0.062674)
potential : -4.252096 (0.062792)
energy : -2.175332 (0.000320)

kinetic : 2.075604 (0.062537)
potential : -4.250944 (0.062654)
energy : -2.175340 (0.000319)

kinetic : 2.083160 (0.062846)
potential : -4.258515 (0.062964)
energy : -2.175355 (0.000319)

kinetic : 2.085874 (0.062757)
potential : -4.261217 (0.062874)
energy : -2.175342 (0.000319)

kinetic : 2.082593 (0.062696)
potential : -4.257939 (0.062813)
energy : -2.175346 (0.000318)

kinetic : 2.085053 (0.062598)
potential : -4.260394 (0.062714)
energy : -2.175341 (0.000317)

kinetic : 2.082074 (0.062524)
potential : -4.257412 (0.062639)
energy : -2.175338 (0.000316)

kinetic : 2.083038 (0.062386)
potential : -4.258385 (0.062501)
energy : -2.175347 (0.000316)

kinetic : 2.081668 (0.062256)
potential : -4.257011 (0.062372)
energy : -2.175343 (0.000315)

kinetic : 2.084557 (0.062180)
potential : -4.259905 (0.062295)
energy : -2.175348 (0.000314)

kinetic : 2.082656 (0.062065)
potential : -4.258011 (0.062180)
energy : -2.175356 (0.000314)

kinetic : 2.082830 (0.061923)
potential : -4.258189 (0.062037)
energy : -2.175359 (0.000313)

kinetic : 2.082708 (0.061781)
potential : -4.258052 (0.061895)
energy : -2.175344 (0.000313)

kinetic : 2.079435 (0.061726)
potential : -4.254778 (0.061840)
energy : -2.175343 (0.000312)

kinetic : 2.076788 (0.061642)
potential : -4.252136 (0.061755)
energy : -2.175348 (0.000311)

kinetic : 2.073042 (0.061615)
potential : -4.248382 (0.061728)
energy : -2.175340 (0.000311)

kinetic : 2.072578 (0.061477)
potential : -4.247922 (0.061590)
energy : -2.175344 (0.000310)

kinetic : 2.071526 (0.061346)
potential : -4.246866 (0.061459)
energy : -2.175339 (0.000309)

kinetic : 2.070244 (0.061221)
potential : -4.245587 (0.061333)
energy : -2.175343 (0.000309)

kinetic : 2.072363 (0.061119)
potential : -4.247693 (0.061231)
energy : -2.175330 (0.000308)

kinetic : 2.070813 (0.061001)
potential : -4.246149 (0.061112)
energy : -2.175337 (0.000308)

kinetic : 2.067901 (0.060933)
potential : -4.243248 (0.061044)
energy : -2.175347 (0.000307)

kinetic : 2.065462 (0.060845)
potential : -4.240807 (0.060955)
energy : -2.175345 (0.000306)

kinetic : 2.068331 (0.060777)
potential : -4.243694 (0.060887)
energy : -2.175362 (0.000306)

kinetic : 2.065734 (0.060697)
potential : -4.241068 (0.060808)
energy : -2.175334 (0.000307)

kinetic : 2.065069 (0.060565)
potential : -4.240393 (0.060676)
energy : -2.175324 (0.000306)

kinetic : 2.062025 (0.060507)
potential : -4.237337 (0.060618)
energy : -2.175312 (0.000306)

kinetic : 2.062701 (0.060376)
potential : -4.238020 (0.060488)
energy : -2.175319 (0.000305)

kinetic : 2.060649 (0.060278)
potential : -4.235967 (0.060389)
energy : -2.175317 (0.000305)

kinetic : 2.059817 (0.060150)
potential : -4.235149 (0.060261)
energy : -2.175332 (0.000304)

kinetic : 2.059168 (0.060021)
potential : -4.234513 (0.060131)
energy : -2.175345 (0.000304)

kinetic : 2.060362 (0.059901)
potential : -4.235714 (0.060011)
energy : -2.175352 (0.000303)

kinetic : 2.059318 (0.059778)
potential : -4.234674 (0.059888)
energy : -2.175357 (0.000303)

kinetic : 2.059149 (0.059648)
potential : -4.234499 (0.059757)
energy : -2.175350 (0.000302)

kinetic : 2.058741 (0.059519)
potential : -4.234090 (0.059628)
energy : -2.175350 (0.000301)

kinetic : 2.056625 (0.059427)
potential : -4.231964 (0.059536)
energy : -2.175340 (0.000301)

kinetic : 2.055184 (0.059315)
potential : -4.230520 (0.059424)
energy : -2.175336 (0.000300)

kinetic : 2.054904 (0.059187)
potential : -4.230242 (0.059295)
energy : -2.175338 (0.000300)

kinetic : 2.053318 (0.059080)
potential : -4.228649 (0.059188)
energy : -2.175331 (0.000299)

kinetic : 2.050094 (0.059040)
potential : -4.225421 (0.059149)
energy : -2.175327 (0.000298)

kinetic : 2.049984 (0.058913)
potential : -4.225298 (0.059021)
energy : -2.175315 (0.000298)

kinetic : 2.054834 (0.058986)
potential : -4.230147 (0.059093)
energy : -2.175313 (0.000297)

kinetic : 2.065441 (0.059807)
potential : -4.240743 (0.059911)
energy : -2.175303 (0.000297)

kinetic : 2.069178 (0.059796)
potential : -4.244467 (0.059898)
energy : -2.175288 (0.000297)

kinetic : 2.068030 (0.059679)
potential : -4.243310 (0.059781)
energy : -2.175280 (0.000296)

kinetic : 2.066761 (0.059565)
potential : -4.242037 (0.059667)
energy : -2.175276 (0.000296)

kinetic : 2.064629 (0.059476)
potential : -4.239903 (0.059578)
energy : -2.175274 (0.000295)

kinetic : 2.063194 (0.059367)
potential : -4.238469 (0.059469)
energy : -2.175276 (0.000294)

kinetic : 2.062918 (0.059242)
potential : -4.238195 (0.059344)
energy : -2.175276 (0.000294)

kinetic : 2.064087 (0.059128)
potential : -4.239370 (0.059230)
energy : -2.175283 (0.000293)

kinetic : 2.065251 (0.059015)
potential : -4.240524 (0.059116)
energy : -2.175273 (0.000293)

kinetic : 2.062873 (0.058938)
potential : -4.238147 (0.059039)
energy : -2.175274 (0.000292)

kinetic : 2.061925 (0.058822)
potential : -4.237181 (0.058923)
energy : -2.175256 (0.000292)

kinetic : 2.061507 (0.058700)
potential : -4.236775 (0.058801)
energy : -2.175268 (0.000292)

kinetic : 2.059833 (0.058601)
potential : -4.235097 (0.058701)
energy : -2.175264 (0.000291)

kinetic : 2.057342 (0.058532)
potential : -4.232606 (0.058632)
energy : -2.175263 (0.000290)

kinetic : 2.056165 (0.058422)
potential : -4.231425 (0.058521)
energy : -2.175260 (0.000290)

kinetic : 2.058522 (0.058348)
potential : -4.233800 (0.058448)
energy : -2.175278 (0.000290)

kinetic : 2.056144 (0.058275)
potential : -4.231421 (0.058375)
energy : -2.175277 (0.000289)

kinetic : 2.058393 (0.058198)
potential : -4.233682 (0.058298)
energy : -2.175289 (0.000289)

kinetic : 2.063186 (0.058275)
potential : -4.238462 (0.058373)
energy : -2.175276 (0.000289)

kinetic : 2.066215 (0.058233)
potential : -4.241471 (0.058331)
energy : -2.175256 (0.000289)

kinetic : 2.066608 (0.058115)
potential : -4.241853 (0.058212)
energy : -2.175245 (0.000288)

kinetic : 2.069136 (0.058050)
potential : -4.244376 (0.058147)
energy : -2.175240 (0.000288)

kinetic : 2.067782 (0.057947)
potential : -4.243007 (0.058044)
energy : -2.175226 (0.000288)

kinetic : 2.067584 (0.057829)
potential : -4.242805 (0.057925)
energy : -2.175222 (0.000287)

kinetic : 2.065950 (0.057734)
potential : -4.241159 (0.057830)
energy : -2.175209 (0.000287)

kinetic : 2.082075 (0.059830)
potential : -4.257282 (0.059922)
energy : -2.175207 (0.000286)

kinetic : 2.080179 (0.059738)
potential : -4.255394 (0.059830)
energy : -2.175215 (0.000286)

kinetic : 2.080232 (0.059617)
potential : -4.255427 (0.059708)
energy : -2.175195 (0.000286)

kinetic : 2.079680 (0.059499)
potential : -4.254872 (0.059590)
energy : -2.175191 (0.000285)

kinetic : 2.078145 (0.059398)
potential : -4.253368 (0.059489)
energy : -2.175223 (0.000286)

kinetic : 2.077253 (0.059285)
potential : -4.252507 (0.059375)
energy : -2.175254 (0.000287)

kinetic : 2.080511 (0.059255)
potential : -4.255768 (0.059345)
energy : -2.175257 (0.000287)

kinetic : 2.078964 (0.059156)
potential : -4.254207 (0.059246)
energy : -2.175243 (0.000287)

kinetic : 2.077592 (0.059053)
potential : -4.252842 (0.059143)
energy : -2.175250 (0.000286)

kinetic : 2.076335 (0.058949)
potential : -4.251574 (0.059038)
energy : -2.175239 (0.000286)

kinetic : 2.075616 (0.058835)
potential : -4.250855 (0.058925)
energy : -2.175239 (0.000285)

kinetic : 2.075232 (0.058719)
potential : -4.250473 (0.058808)
energy : -2.175241 (0.000285)

kinetic : 2.075847 (0.058606)
potential : -4.251095 (0.058695)
energy : -2.175248 (0.000284)

kinetic : 2.081581 (0.058770)
potential : -4.256846 (0.058860)
energy : -2.175265 (0.000284)

kinetic : 2.081222 (0.058654)
potential : -4.256483 (0.058744)
energy : -2.175261 (0.000284)

kinetic : 2.080331 (0.058545)
potential : -4.255592 (0.058635)
energy : -2.175261 (0.000283)

kinetic : 2.079609 (0.058434)
potential : -4.254860 (0.058523)
energy : -2.175251 (0.000283)

kinetic : 2.076485 (0.058402)
potential : -4.251740 (0.058491)
energy : -2.175255 (0.000282)

kinetic : 2.100742 (0.063134)
potential : -4.275999 (0.063216)
energy : -2.175257 (0.000282)

kinetic : 2.099515 (0.063022)
potential : -4.274764 (0.063104)
energy : -2.175249 (0.000281)

kinetic : 2.107758 (0.063436)
potential : -4.282990 (0.063516)
energy : -2.175232 (0.000281)

kinetic : 2.112423 (0.063484)
potential : -4.287644 (0.063562)
energy : -2.175221 (0.000281)

kinetic : 2.109623 (0.063422)
potential : -4.284837 (0.063500)
energy : -2.175214 (0.000280)

kinetic : 2.107951 (0.063320)
potential : -4.283154 (0.063399)
energy : -2.175203 (0.000280)

kinetic : 2.109821 (0.063225)
potential : -4.285011 (0.063303)
energy : -2.175190 (0.000280)

kinetic : 2.113450 (0.063206)
potential : -4.288642 (0.063284)
energy : -2.175193 (0.000279)

kinetic : 2.113118 (0.063085)
potential : -4.288328 (0.063163)
energy : -2.175210 (0.000279)

kinetic : 2.110629 (0.063012)
potential : -4.285851 (0.063089)
energy : -2.175221 (0.000279)

kinetic : 2.111516 (0.062897)
potential : -4.286721 (0.062974)
energy : -2.175205 (0.000279)

kinetic : 2.110158 (0.062791)
potential : -4.285356 (0.062867)
energy : -2.175198 (0.000278)

kinetic : 2.130649 (0.065935)
potential : -4.305857 (0.066011)
energy : -2.175208 (0.000278)

kinetic : 2.129267 (0.065823)
potential : -4.304471 (0.065899)
energy : -2.175204 (0.000277)

kinetic : 2.129674 (0.065698)
potential : -4.304877 (0.065774)
energy : -2.175203 (0.000277)

kinetic : 2.128422 (0.065584)
potential : -4.303627 (0.065660)
energy : -2.175205 (0.000276)

kinetic : 2.129027 (0.065462)
potential : -4.304233 (0.065538)
energy : -2.175206 (0.000276)

kinetic : 2.129619 (0.065340)
potential : -4.304814 (0.065416)
energy : -2.175196 (0.000276)

kinetic : 2.127810 (0.065241)
potential : -4.303019 (0.065316)
energy : -2.175208 (0.000275)

kinetic : 2.125224 (0.065169)
potential : -4.300419 (0.065244)
energy : -2.175195 (0.000275)

kinetic : 2.124958 (0.065046)
potential : -4.300169 (0.065121)
energy : -2.175211 (0.000275)

kinetic : 2.124694 (0.064924)
potential : -4.299917 (0.064999)
energy : -2.175223 (0.000275)

kinetic : 2.125570 (0.064807)
potential : -4.300789 (0.064882)
energy : -2.175219 (0.000274)

kinetic : 2.127709 (0.064721)
potential : -4.302896 (0.064794)
energy : -2.175187 (0.000276)

kinetic : 2.133298 (0.064841)
potential : -4.308489 (0.064914)
energy : -2.175191 (0.000275)

kinetic : 2.131569 (0.064742)
potential : -4.306755 (0.064815)
energy : -2.175186 (0.000275)

kinetic : 2.132672 (0.064631)
potential : -4.307866 (0.064704)
energy : -2.175194 (0.000274)

kinetic : 2.140565 (0.064991)
potential : -4.315746 (0.065062)
energy : -2.175181 (0.000274)

kinetic : 2.139106 (0.064886)
potential : -4.314290 (0.064957)
energy : -2.175184 (0.000274)

kinetic : 2.141042 (0.064794)
potential : -4.316235 (0.064865)
energy : -2.175193 (0.000273)

kinetic : 2.139429 (0.064694)
potential : -4.314612 (0.064765)
energy : -2.175183 (0.000273)

kinetic : 2.138588 (0.064580)
potential : -4.313766 (0.064651)
energy : -2.175179 (0.000272)

kinetic : 2.137420 (0.064471)
potential : -4.312607 (0.064541)
energy : -2.175187 (0.000272)

kinetic : 2.139048 (0.064372)
potential : -4.314219 (0.064442)
energy : -2.175171 (0.000272)

kinetic : 2.137629 (0.064269)
potential : -4.312796 (0.064339)
energy : -2.175167 (0.000272)

kinetic : 2.135999 (0.064172)
potential : -4.311156 (0.064242)
energy : -2.175157 (0.000271)

kinetic : 2.134219 (0.064079)
potential : -4.309377 (0.064149)
energy : -2.175158 (0.000271)

kinetic : 2.136405 (0.063999)
potential : -4.311552 (0.064068)
energy : -2.175146 (0.000271)

kinetic : 2.136237 (0.063882)
potential : -4.311372 (0.063951)
energy : -2.175135 (0.000270)

kinetic : 2.135078 (0.063776)
potential : -4.310212 (0.063845)
energy : -2.175133 (0.000270)

kinetic : 2.138428 (0.063747)
potential : -4.313557 (0.063816)
energy : -2.175129 (0.000269)

kinetic : 2.136575 (0.063658)
potential : -4.311698 (0.063727)
energy : -2.175123 (0.000269)

kinetic : 2.134286 (0.063584)
potential : -4.309403 (0.063653)
energy : -2.175117 (0.000268)

kinetic : 2.136440 (0.063505)
potential : -4.311567 (0.063574)
energy : -2.175128 (0.000268)

kinetic : 2.135261 (0.063401)
potential : -4.310392 (0.063470)
energy : -2.175131 (0.000268)

kinetic : 2.136718 (0.063303)
potential : -4.311830 (0.063372)
energy : -2.175112 (0.000268)

kinetic : 2.135363 (0.063204)
potential : -4.310475 (0.063272)
energy : -2.175112 (0.000267)

kinetic : 2.134491 (0.063096)
potential : -4.309600 (0.063164)
energy : -2.175109 (0.000267)

kinetic : 2.132545 (0.063013)
potential : -4.307652 (0.063080)
energy : -2.175108 (0.000267)

kinetic : 2.130279 (0.062940)
potential : -4.305387 (0.063008)
energy : -2.175108 (0.000266)

kinetic : 2.134257 (0.062954)
potential : -4.309361 (0.063021)
energy : -2.175103 (0.000266)

kinetic : 2.132414 (0.062868)
potential : -4.307511 (0.062935)
energy : -2.175097 (0.000265)

kinetic : 2.133036 (0.062759)
potential : -4.308145 (0.062826)
energy : -2.175109 (0.000265)

kinetic : 2.143067 (0.063445)
potential : -4.318161 (0.063509)
energy : -2.175094 (0.000265)

kinetic : 2.152326 (0.064006)
potential : -4.327414 (0.064068)
energy : -2.175089 (0.000265)

kinetic : 2.150261 (0.063925)
potential : -4.325344 (0.063988)
energy : -2.175084 (0.000264)

kinetic : 2.149668 (0.063815)
potential : -4.324748 (0.063877)
energy : -2.175080 (0.000264)

kinetic : 2.148844 (0.063707)
potential : -4.323923 (0.063769)
energy : -2.175079 (0.000263)

kinetic : 2.148597 (0.063595)
potential : -4.323683 (0.063657)
energy : -2.175086 (0.000263)

kinetic : 2.147456 (0.063494)
potential : -4.322538 (0.063555)
energy : -2.175082 (0.000262)

kinetic : 2.147063 (0.063383)
potential : -4.322135 (0.063445)
energy : -2.175073 (0.000262)

kinetic : 2.147596 (0.063274)
potential : -4.322669 (0.063336)
energy : -2.175073 (0.000262)

kinetic : 2.145750 (0.063190)
potential : -4.320822 (0.063252)
energy : -2.175072 (0.000261)

kinetic : 2.143570 (0.063117)
potential : -4.318632 (0.063179)
energy : -2.175063 (0.000261)

kinetic : 2.140967 (0.063061)
potential : -4.316024 (0.063123)
energy : -2.175057 (0.000260)

kinetic : 2.143662 (0.063009)
potential : -4.318722 (0.063070)
energy : -2.175060 (0.000260)

kinetic : 2.141758 (0.062928)
potential : -4.316811 (0.062990)
energy : -2.175052 (0.000260)

kinetic : 2.140705 (0.062827)
potential : -4.315761 (0.062889)
energy : -2.175056 (0.000259)

kinetic : 2.142723 (0.062751)
potential : -4.317780 (0.062812)
energy : -2.175056 (0.000259)

kinetic : 2.141440 (0.062655)
potential : -4.316494 (0.062717)
energy : -2.175054 (0.000258)

kinetic : 2.140383 (0.062556)
potential : -4.315433 (0.062617)
energy : -2.175050 (0.000258)

kinetic : 2.142700 (0.062491)
potential : -4.317749 (0.062552)
energy : -2.175048 (0.000258)

kinetic : 2.142993 (0.062384)
potential : -4.318046 (0.062445)
energy : -2.175052 (0.000257)

kinetic : 2.142023 (0.062284)
potential : -4.317065 (0.062345)
energy : -2.175042 (0.000257)

kinetic : 2.139496 (0.062229)
potential : -4.314529 (0.062290)
energy : -2.175033 (0.000257)

kinetic : 2.138267 (0.062134)
potential : -4.313277 (0.062196)
energy : -2.175010 (0.000257)

kinetic : 2.139491 (0.062040)
potential : -4.314500 (0.062101)
energy : -2.175008 (0.000257)

kinetic : 2.137778 (0.061958)
potential : -4.312786 (0.062019)
energy : -2.175008 (0.000256)

kinetic : 2.140017 (0.061892)
potential : -4.315016 (0.061953)
energy : -2.174999 (0.000256)

kinetic : 2.137507 (0.061838)
potential : -4.312507 (0.061899)
energy : -2.175000 (0.000256)

kinetic : 2.134955 (0.061786)
potential : -4.309955 (0.061846)
energy : -2.175000 (0.000255)

kinetic : 2.136875 (0.061711)
potential : -4.311905 (0.061772)
energy : -2.175031 (0.000257)

kinetic : 2.136988 (0.061606)
potential : -4.312020 (0.061668)
energy : -2.175032 (0.000256)

kinetic : 2.136665 (0.061503)
potential : -4.311693 (0.061564)
energy : -2.175028 (0.000256)

kinetic : 2.136575 (0.061399)
potential : -4.311602 (0.061461)
energy : -2.175026 (0.000255)

kinetic : 2.134773 (0.061322)
potential : -4.309789 (0.061384)
energy : -2.175016 (0.000255)

kinetic : 2.133589 (0.061231)
potential : -4.308601 (0.061292)
energy : -2.175011 (0.000255)

kinetic : 2.131209 (0.061174)
potential : -4.306211 (0.061236)
energy : -2.175003 (0.000254)

kinetic : 2.131878 (0.061075)
potential : -4.306876 (0.061137)
energy : -2.174998 (0.000254)

kinetic : 2.132549 (0.060977)
potential : -4.307536 (0.061038)
energy : -2.174987 (0.000254)

kinetic : 2.130387 (0.060913)
potential : -4.305371 (0.060974)
energy : -2.174984 (0.000254)

kinetic : 2.130079 (0.060812)
potential : -4.305044 (0.060874)
energy : -2.174965 (0.000254)

kinetic : 2.132117 (0.060745)
potential : -4.307095 (0.060807)
energy : -2.174979 (0.000254)

kinetic : 2.130316 (0.060671)
potential : -4.305295 (0.060732)
energy : -2.174979 (0.000253)

kinetic : 2.128311 (0.060604)
potential : -4.303294 (0.060665)
energy : -2.174983 (0.000253)

kinetic : 2.127951 (0.060504)
potential : -4.302926 (0.060565)
energy : -2.174975 (0.000253)

kinetic : 2.127730 (0.060405)
potential : -4.302699 (0.060465)
energy : -2.174969 (0.000252)

kinetic : 2.129438 (0.060329)
potential : -4.304393 (0.060389)
energy : -2.174955 (0.000252)

kinetic : 2.128642 (0.060235)
potential : -4.303612 (0.060295)
energy : -2.174970 (0.000252)

kinetic : 2.135967 (0.060580)
potential : -4.310913 (0.060637)
energy : -2.174946 (0.000253)

kinetic : 2.141873 (0.060768)
potential : -4.316793 (0.060822)
energy : -2.174921 (0.000254)

kinetic : 2.140817 (0.060678)
potential : -4.315731 (0.060731)
energy : -2.174914 (0.000253)

kinetic : 2.141068 (0.060579)
potential : -4.315976 (0.060632)
energy : -2.174908 (0.000253)

kinetic : 2.143774 (0.060540)
potential : -4.318671 (0.060593)
energy : -2.174898 (0.000253)

kinetic : 2.143596 (0.060442)
potential : -4.318495 (0.060495)
energy : -2.174899 (0.000252)

kinetic : 2.142254 (0.060358)
potential : -4.317158 (0.060411)
energy : -2.174904 (0.000252)

kinetic : 2.141229 (0.060268)
potential : -4.316133 (0.060321)
energy : -2.174904 (0.000252)

kinetic : 2.140796 (0.060172)
potential : -4.315688 (0.060225)
energy : -2.174892 (0.000252)

kinetic : 2.140226 (0.060077)
potential : -4.315116 (0.060130)
energy : -2.174890 (0.000251)

kinetic : 2.139193 (0.059989)
potential : -4.314075 (0.060042)
energy : -2.174882 (0.000251)

kinetic : 2.139235 (0.059892)
potential : -4.314127 (0.059944)
energy : -2.174893 (0.000251)

kinetic : 2.138621 (0.059798)
potential : -4.313523 (0.059851)
energy : -2.174901 (0.000250)

kinetic : 2.137166 (0.059720)
potential : -4.312063 (0.059772)
energy : -2.174898 (0.000250)

kinetic : 2.137727 (0.059626)
potential : -4.312623 (0.059679)
energy : -2.174896 (0.000250)

kinetic : 2.136108 (0.059552)
potential : -4.311005 (0.059605)
energy : -2.174896 (0.000249)

kinetic : 2.136750 (0.059460)
potential : -4.311652 (0.059513)
energy : -2.174902 (0.000249)

kinetic : 2.135936 (0.059371)
potential : -4.310838 (0.059423)
energy : -2.174901 (0.000249)

kinetic : 2.134981 (0.059284)
potential : -4.309885 (0.059336)
energy : -2.174904 (0.000248)

kinetic : 2.135010 (0.059189)
potential : -4.309915 (0.059241)
energy : -2.174905 (0.000248)

kinetic : 2.132831 (0.059135)
potential : -4.307734 (0.059187)
energy : -2.174903 (0.000247)

kinetic : 2.135922 (0.059121)
potential : -4.310825 (0.059173)
energy : -2.174903 (0.000247)

kinetic : 2.135476 (0.059029)
potential : -4.310368 (0.059081)
energy : -2.174892 (0.000247)

kinetic : 2.134862 (0.058939)
potential : -4.309746 (0.058991)
energy : -2.174883 (0.000247)

kinetic : 2.139744 (0.059048)
potential : -4.314618 (0.059098)
energy : -2.174874 (0.000246)

kinetic : 2.145674 (0.059252)
potential : -4.320542 (0.059301)
energy : -2.174868 (0.000246)

kinetic : 2.143797 (0.059188)
potential : -4.318676 (0.059237)
energy : -2.174879 (0.000246)

kinetic : 2.143873 (0.059095)
potential : -4.318754 (0.059144)
energy : -2.174881 (0.000246)

kinetic : 2.142101 (0.059028)
potential : -4.316978 (0.059078)
energy : -2.174877 (0.000245)

kinetic : 2.140808 (0.058950)
potential : -4.315674 (0.058999)
energy : -2.174866 (0.000245)

kinetic : 2.140528 (0.058858)
potential : -4.315405 (0.058907)
energy : -2.174876 (0.000245)

kinetic : 2.138832 (0.058790)
potential : -4.313718 (0.058839)
energy : -2.174886 (0.000245)

kinetic : 2.137120 (0.058723)
potential : -4.312003 (0.058772)
energy : -2.174883 (0.000244)

kinetic : 2.137018 (0.058632)
potential : -4.311896 (0.058681)
energy : -2.174878 (0.000244)

kinetic : 2.136222 (0.058546)
potential : -4.311100 (0.058594)
energy : -2.174878 (0.000244)

kinetic : 2.134949 (0.058468)
potential : -4.309824 (0.058517)
energy : -2.174875 (0.000243)

kinetic : 2.134887 (0.058378)
potential : -4.309755 (0.058426)
energy : -2.174867 (0.000243)

kinetic : 2.134804 (0.058287)
potential : -4.309664 (0.058336)
energy : -2.174859 (0.000243)

kinetic : 2.133628 (0.058209)
potential : -4.308484 (0.058257)
energy : -2.174856 (0.000242)

kinetic : 2.133372 (0.058119)
potential : -4.308244 (0.058168)
energy : -2.174872 (0.000243)

kinetic : 2.133116 (0.058030)
potential : -4.307979 (0.058078)
energy : -2.174863 (0.000242)

kinetic : 2.131325 (0.057968)
potential : -4.306193 (0.058016)
energy : -2.174868 (0.000242)

kinetic : 2.131218 (0.057879)
potential : -4.306081 (0.057927)
energy : -2.174863 (0.000242)

kinetic : 2.129989 (0.057803)
potential : -4.304848 (0.057851)
energy : -2.174859 (0.000241)

kinetic : 2.128274 (0.057740)
potential : -4.303129 (0.057788)
energy : -2.174854 (0.000241)

kinetic : 2.127720 (0.057654)
potential : -4.302574 (0.057702)
energy : -2.174854 (0.000241)

kinetic : 2.127957 (0.057566)
potential : -4.302809 (0.057614)
energy : -2.174852 (0.000240)

kinetic : 2.125921 (0.057514)
potential : -4.300770 (0.057562)
energy : -2.174849 (0.000240)

kinetic : 2.124647 (0.057441)
potential : -4.299494 (0.057489)
energy : -2.174847 (0.000240)

kinetic : 2.128524 (0.057484)
potential : -4.303379 (0.057532)
energy : -2.174855 (0.000239)

kinetic : 2.126513 (0.057432)
potential : -4.301371 (0.057480)
energy : -2.174857 (0.000239)

kinetic : 2.125153 (0.057361)
potential : -4.300014 (0.057409)
energy : -2.174861 (0.000239)

kinetic : 2.123884 (0.057288)
potential : -4.298744 (0.057336)
energy : -2.174860 (0.000238)

kinetic : 2.122561 (0.057217)
potential : -4.297420 (0.057264)
energy : -2.174859 (0.000238)

kinetic : 2.122000 (0.057133)
potential : -4.296869 (0.057180)
energy : -2.174869 (0.000238)

kinetic : 2.121968 (0.057047)
potential : -4.296834 (0.057094)
energy : -2.174866 (0.000238)

kinetic : 2.120494 (0.056980)
potential : -4.295353 (0.057027)
energy : -2.174860 (0.000237)

kinetic : 2.121863 (0.056910)
potential : -4.296719 (0.056958)
energy : -2.174856 (0.000237)

kinetic : 2.121102 (0.056830)
potential : -4.295960 (0.056877)
energy : -2.174858 (0.000237)

kinetic : 2.120085 (0.056754)
potential : -4.294950 (0.056801)
energy : -2.174864 (0.000236)

kinetic : 2.119986 (0.056669)
potential : -4.294860 (0.056716)
energy : -2.174874 (0.000236)

kinetic : 2.118594 (0.056601)
potential : -4.293468 (0.056648)
energy : -2.174874 (0.000236)

kinetic : 2.119140 (0.056519)
potential : -4.294018 (0.056566)
energy : -2.174878 (0.000235)

kinetic : 2.118225 (0.056443)
potential : -4.293107 (0.056489)
energy : -2.174882 (0.000235)

kinetic : 2.116896 (0.056374)
potential : -4.291773 (0.056421)
energy : -2.174877 (0.000235)

kinetic : 2.115058 (0.056320)
potential : -4.289932 (0.056367)
energy : -2.174875 (0.000235)

kinetic : 2.113843 (0.056250)
potential : -4.288717 (0.056297)
energy : -2.174874 (0.000234)

kinetic : 2.114065 (0.056167)
potential : -4.288934 (0.056214)
energy : -2.174869 (0.000234)

kinetic : 2.114926 (0.056090)
potential : -4.289788 (0.056137)
energy : -2.174862 (0.000234)

kinetic : 2.114215 (0.056012)
potential : -4.289082 (0.056058)
energy : -2.174866 (0.000233)

kinetic : 2.111991 (0.055973)
potential : -4.286851 (0.056020)
energy : -2.174860 (0.000233)

kinetic : 2.111105 (0.055898)
potential : -4.285964 (0.055944)
energy : -2.174859 (0.000233)

kinetic : 2.111015 (0.055816)
potential : -4.285880 (0.055862)
energy : -2.174865 (0.000232)

kinetic : 2.112804 (0.055762)
potential : -4.287668 (0.055809)
energy : -2.174864 (0.000232)

kinetic : 2.110249 (0.055739)
potential : -4.285111 (0.055785)
energy : -2.174862 (0.000232)

kinetic : 2.111536 (0.055672)
potential : -4.286401 (0.055719)
energy : -2.174865 (0.000231)

kinetic : 2.111862 (0.055592)
potential : -4.286725 (0.055638)
energy : -2.174863 (0.000231)

kinetic : 2.110792 (0.055521)
potential : -4.285653 (0.055567)
energy : -2.174862 (0.000231)

kinetic : 2.108584 (0.055484)
potential : -4.283443 (0.055530)
energy : -2.174859 (0.000231)

kinetic : 2.107261 (0.055419)
potential : -4.282109 (0.055465)
energy : -2.174848 (0.000230)

kinetic : 2.107501 (0.055339)
potential : -4.282361 (0.055385)
energy : -2.174860 (0.000230)

kinetic : 2.108468 (0.055267)
potential : -4.283334 (0.055313)
energy : -2.174866 (0.000230)

kinetic : 2.110390 (0.055220)
potential : -4.285261 (0.055267)
energy : -2.174871 (0.000230)

kinetic : 2.113759 (0.055243)
potential : -4.288620 (0.055289)
energy : -2.174862 (0.000230)

kinetic : 2.113441 (0.055164)
potential : -4.288304 (0.055210)
energy : -2.174862 (0.000229)

kinetic : 2.113289 (0.055085)
potential : -4.288150 (0.055130)
energy : -2.174861 (0.000229)

kinetic : 2.112434 (0.055012)
potential : -4.287299 (0.055057)
energy : -2.174865 (0.000229)

kinetic : 2.111400 (0.054942)
potential : -4.286263 (0.054988)
energy : -2.174863 (0.000228)

kinetic : 2.109966 (0.054882)
potential : -4.284831 (0.054927)
energy : -2.174865 (0.000228)

kinetic : 2.109374 (0.054807)
potential : -4.284240 (0.054852)
energy : -2.174866 (0.000228)

kinetic : 2.109571 (0.054728)
potential : -4.284440 (0.054773)
energy : -2.174869 (0.000227)

kinetic : 2.109880 (0.054651)
potential : -4.284751 (0.054696)
energy : -2.174871 (0.000227)

kinetic : 2.109865 (0.054573)
potential : -4.284749 (0.054618)
energy : -2.174884 (0.000227)

kinetic : 2.108846 (0.054504)
potential : -4.283727 (0.054549)
energy : -2.174881 (0.000227)

kinetic : 2.109869 (0.054436)
potential : -4.284767 (0.054481)
energy : -2.174897 (0.000227)

kinetic : 2.109002 (0.054366)
potential : -4.283911 (0.054411)
energy : -2.174909 (0.000227)

kinetic : 2.108849 (0.054289)
potential : -4.283754 (0.054333)
energy : -2.174905 (0.000227)

kinetic : 2.108340 (0.054214)
potential : -4.283243 (0.054259)
energy : -2.174903 (0.000227)

kinetic : 2.108817 (0.054139)
potential : -4.283716 (0.054184)
energy : -2.174898 (0.000226)

kinetic : 2.108267 (0.054065)
potential : -4.283156 (0.054110)
energy : -2.174889 (0.000226)

kinetic : 2.107115 (0.054001)
potential : -4.281994 (0.054046)
energy : -2.174879 (0.000226)

kinetic : 2.104983 (0.053967)
potential : -4.279858 (0.054012)
energy : -2.174875 (0.000226)

kinetic : 2.103226 (0.053920)
potential : -4.278103 (0.053964)
energy : -2.174877 (0.000225)

kinetic : 2.103752 (0.053846)
potential : -4.278637 (0.053891)
energy : -2.174885 (0.000225)

kinetic : 2.104216 (0.053773)
potential : -4.279097 (0.053817)
energy : -2.174881 (0.000225)

kinetic : 2.103698 (0.053700)
potential : -4.278579 (0.053744)
energy : -2.174881 (0.000225)

kinetic : 2.104645 (0.053633)
potential : -4.279517 (0.053677)
energy : -2.174871 (0.000225)

kinetic : 2.103230 (0.053576)
potential : -4.278095 (0.053621)
energy : -2.174865 (0.000224)

kinetic : 2.104029 (0.053508)
potential : -4.278891 (0.053552)
energy : -2.174862 (0.000224)

kinetic : 2.102957 (0.053444)
potential : -4.277817 (0.053488)
energy : -2.174860 (0.000224)

kinetic : 2.101518 (0.053389)
potential : -4.276381 (0.053433)
energy : -2.174863 (0.000223)

kinetic : 2.101146 (0.053316)
potential : -4.276019 (0.053360)
energy : -2.174873 (0.000223)

kinetic : 2.099153 (0.053279)
potential : -4.274015 (0.053323)
energy : -2.174862 (0.000223)

kinetic : 2.100381 (0.053219)
potential : -4.275233 (0.053263)
energy : -2.174852 (0.000223)

kinetic : 2.099820 (0.053148)
potential : -4.274673 (0.053192)
energy : -2.174853 (0.000223)

kinetic : 2.099026 (0.053081)
potential : -4.273877 (0.053124)
energy : -2.174851 (0.000223)

kinetic : 2.100905 (0.053040)
potential : -4.275749 (0.053084)
energy : -2.174844 (0.000222)

kinetic : 2.101411 (0.052970)
potential : -4.276255 (0.053013)
energy : -2.174844 (0.000222)

kinetic : 2.101080 (0.052898)
potential : -4.275920 (0.052941)
energy : -2.174840 (0.000222)

kinetic : 2.099574 (0.052846)
potential : -4.274406 (0.052890)
energy : -2.174832 (0.000222)

kinetic : 2.098491 (0.052785)
potential : -4.273319 (0.052828)
energy : -2.174828 (0.000221)

kinetic : 2.101510 (0.052799)
potential : -4.276350 (0.052843)
energy : -2.174840 (0.000221)

kinetic : 2.099688 (0.052758)
potential : -4.274531 (0.052802)
energy : -2.174843 (0.000221)

kinetic : 2.100763 (0.052697)
potential : -4.275604 (0.052740)
energy : -2.174841 (0.000221)

kinetic : 2.100179 (0.052628)
potential : -4.275011 (0.052672)
energy : -2.174832 (0.000221)

kinetic : 2.099680 (0.052558)
potential : -4.274510 (0.052602)
energy : -2.174830 (0.000220)

kinetic : 2.100136 (0.052489)
potential : -4.274976 (0.052533)
energy : -2.174840 (0.000220)

kinetic : 2.100239 (0.052417)
potential : -4.275088 (0.052461)
energy : -2.174849 (0.000220)

kinetic : 2.098724 (0.052368)
potential : -4.273571 (0.052412)
energy : -2.174847 (0.000220)

kinetic : 2.101787 (0.052386)
potential : -4.276640 (0.052431)
energy : -2.174853 (0.000220)

kinetic : 2.100873 (0.052323)
potential : -4.275718 (0.052368)
energy : -2.174845 (0.000220)

kinetic : 2.100955 (0.052253)
potential : -4.275796 (0.052297)
energy : -2.174841 (0.000219)

kinetic : 2.100553 (0.052183)
potential : -4.275392 (0.052228)
energy : -2.174839 (0.000219)

kinetic : 2.099496 (0.052124)
potential : -4.274339 (0.052168)
energy : -2.174843 (0.000219)

kinetic : 2.097653 (0.052086)
potential : -4.272493 (0.052130)
energy : -2.174840 (0.000218)

kinetic : 2.097306 (0.052017)
potential : -4.272137 (0.052061)
energy : -2.174831 (0.000218)

kinetic : 2.096469 (0.051954)
potential : -4.271300 (0.051998)
energy : -2.174831 (0.000218)

kinetic : 2.097512 (0.051894)
potential : -4.272336 (0.051938)
energy : -2.174824 (0.000218)

kinetic : 2.096090 (0.051844)
potential : -4.270915 (0.051888)
energy : -2.174825 (0.000218)

kinetic : 2.095198 (0.051783)
potential : -4.270023 (0.051826)
energy : -2.174825 (0.000217)

kinetic : 2.099303 (0.051876)
potential : -4.274155 (0.051921)
energy : -2.174852 (0.000219)

kinetic : 2.098161 (0.051819)
potential : -4.273018 (0.051865)
energy : -2.174856 (0.000218)

kinetic : 2.097141 (0.051760)
potential : -4.271993 (0.051806)
energy : -2.174852 (0.000218)

kinetic : 2.097812 (0.051696)
potential : -4.272655 (0.051741)
energy : -2.174843 (0.000218)

kinetic : 2.097877 (0.051627)
potential : -4.272752 (0.051672)
energy : -2.174875 (0.000220)

kinetic : 2.097577 (0.051559)
potential : -4.272457 (0.051604)
energy : -2.174880 (0.000220)

kinetic : 2.096644 (0.051499)
potential : -4.271526 (0.051544)
energy : -2.174882 (0.000220)

kinetic : 2.095507 (0.051443)
potential : -4.270381 (0.051488)
energy : -2.174875 (0.000219)

kinetic : 2.096331 (0.051382)
potential : -4.271192 (0.051427)
energy : -2.174861 (0.000220)

kinetic : 2.096127 (0.051314)
potential : -4.271001 (0.051359)
energy : -2.174874 (0.000220)

kinetic : 2.094805 (0.051264)
potential : -4.269674 (0.051308)
energy : -2.174869 (0.000219)

kinetic : 2.095917 (0.051208)
potential : -4.270791 (0.051253)
energy : -2.174874 (0.000219)

kinetic : 2.095098 (0.051147)
potential : -4.269969 (0.051192)
energy : -2.174871 (0.000219)

kinetic : 2.093503 (0.051105)
potential : -4.268374 (0.051150)
energy : -2.174871 (0.000219)

kinetic : 2.092454 (0.051049)
potential : -4.267326 (0.051093)
energy : -2.174872 (0.000218)

kinetic : 2.094113 (0.051009)
potential : -4.268992 (0.051053)
energy : -2.174879 (0.000218)

kinetic : 2.094483 (0.050943)
potential : -4.269362 (0.050988)
energy : -2.174880 (0.000218)

kinetic : 2.092978 (0.050899)
potential : -4.267859 (0.050943)
energy : -2.174881 (0.000218)

kinetic : 2.091795 (0.050846)
potential : -4.266677 (0.050891)
energy : -2.174882 (0.000217)

kinetic : 2.091194 (0.050783)
potential : -4.266072 (0.050828)
energy : -2.174879 (0.000217)

kinetic : 2.089602 (0.050742)
potential : -4.264473 (0.050787)
energy : -2.174871 (0.000217)

kinetic : 2.097770 (0.051330)
potential : -4.272668 (0.051379)
energy : -2.174898 (0.000218)

kinetic : 2.096563 (0.051278)
potential : -4.271464 (0.051326)
energy : -2.174900 (0.000218)

kinetic : 2.096377 (0.051212)
potential : -4.271277 (0.051260)
energy : -2.174900 (0.000218)

kinetic : 2.097104 (0.051150)
potential : -4.271995 (0.051198)
energy : -2.174891 (0.000218)

kinetic : 2.096857 (0.051085)
potential : -4.271755 (0.051133)
energy : -2.174899 (0.000218)

kinetic : 2.094574 (0.051070)
potential : -4.269469 (0.051118)
energy : -2.174895 (0.000217)

kinetic : 2.093591 (0.051013)
potential : -4.268485 (0.051061)
energy : -2.174895 (0.000217)

kinetic : 2.092778 (0.050954)
potential : -4.267667 (0.051002)
energy : -2.174889 (0.000217)

kinetic : 2.091575 (0.050903)
potential : -4.266457 (0.050950)
energy : -2.174882 (0.000217)

kinetic : 2.090719 (0.050844)
potential : -4.265600 (0.050892)
energy : -2.174881 (0.000216)

kinetic : 2.091274 (0.050782)
potential : -4.266168 (0.050830)
energy : -2.174894 (0.000217)

kinetic : 2.090944 (0.050718)
potential : -4.265845 (0.050766)
energy : -2.174901 (0.000216)

kinetic : 2.094444 (0.050774)
potential : -4.269327 (0.050820)
energy : -2.174883 (0.000217)

kinetic : 2.093583 (0.050716)
potential : -4.268467 (0.050762)
energy : -2.174884 (0.000217)

kinetic : 2.093296 (0.050652)
potential : -4.268183 (0.050698)
energy : -2.174887 (0.000216)

kinetic : 2.092276 (0.050598)
potential : -4.267161 (0.050644)
energy : -2.174885 (0.000216)

kinetic : 2.091093 (0.050547)
potential : -4.265982 (0.050593)
energy : -2.174889 (0.000216)

kinetic : 2.091572 (0.050485)
potential : -4.266462 (0.050531)
energy : -2.174891 (0.000216)

kinetic : 2.092949 (0.050440)
potential : -4.267833 (0.050485)
energy : -2.174884 (0.000215)

kinetic : 2.093960 (0.050386)
potential : -4.268831 (0.050431)
energy : -2.174871 (0.000216)

kinetic : 2.094123 (0.050322)
potential : -4.268995 (0.050367)
energy : -2.174873 (0.000215)

kinetic : 2.094322 (0.050259)
potential : -4.269192 (0.050304)
energy : -2.174870 (0.000215)

kinetic : 2.094142 (0.050196)
potential : -4.269013 (0.050241)
energy : -2.174870 (0.000215)

kinetic : 2.093610 (0.050135)
potential : -4.268487 (0.050180)
energy : -2.174876 (0.000215)

kinetic : 2.093530 (0.050072)
potential : -4.268403 (0.050117)
energy : -2.174873 (0.000214)

kinetic : 2.092611 (0.050017)
potential : -4.267488 (0.050062)
energy : -2.174877 (0.000214)

kinetic : 2.091957 (0.049958)
potential : -4.266828 (0.050003)
energy : -2.174871 (0.000214)

kinetic : 2.093485 (0.049919)
potential : -4.268355 (0.049964)
energy : -2.174870 (0.000214)

kinetic : 2.092610 (0.049864)
potential : -4.267479 (0.049909)
energy : -2.174869 (0.000213)

kinetic : 2.094023 (0.049822)
potential : -4.268883 (0.049866)
energy : -2.174860 (0.000213)

kinetic : 2.094583 (0.049762)
potential : -4.269440 (0.049807)
energy : -2.174857 (0.000213)

kinetic : 2.093475 (0.049712)
potential : -4.268333 (0.049757)
energy : -2.174858 (0.000213)

kinetic : 2.092722 (0.049656)
potential : -4.267582 (0.049700)
energy : -2.174860 (0.000213)

kinetic : 2.092608 (0.049594)
potential : -4.267460 (0.049638)
energy : -2.174852 (0.000212)

kinetic : 2.092149 (0.049534)
potential : -4.267004 (0.049578)
energy : -2.174855 (0.000212)

kinetic : 2.092392 (0.049473)
potential : -4.267250 (0.049517)
energy : -2.174858 (0.000212)

kinetic : 2.091464 (0.049421)
potential : -4.266329 (0.049464)
energy : -2.174864 (0.000212)

kinetic : 2.089690 (0.049391)
potential : -4.264553 (0.049435)
energy : -2.174863 (0.000212)

kinetic : 2.089191 (0.049332)
potential : -4.264059 (0.049376)
energy : -2.174867 (0.000211)

kinetic : 2.089027 (0.049272)
potential : -4.263907 (0.049315)
energy : -2.174880 (0.000211)

kinetic : 2.087709 (0.049228)
potential : -4.262589 (0.049272)
energy : -2.174880 (0.000211)

kinetic : 2.086499 (0.049182)
potential : -4.261377 (0.049226)
energy : -2.174878 (0.000211)

kinetic : 2.087071 (0.049125)
potential : -4.261956 (0.049169)
energy : -2.174884 (0.000211)

kinetic : 2.087463 (0.049066)
potential : -4.262346 (0.049110)
energy : -2.174883 (0.000210)

kinetic : 2.086834 (0.049010)
potential : -4.261714 (0.049053)
energy : -2.174880 (0.000210)

kinetic : 2.086917 (0.048950)
potential : -4.261805 (0.048993)
energy : -2.174888 (0.000210)

kinetic : 2.085744 (0.048904)
potential : -4.260628 (0.048947)
energy : -2.174884 (0.000210)

kinetic : 2.085979 (0.048844)
potential : -4.260863 (0.048887)
energy : -2.174884 (0.000210)

kinetic : 2.086308 (0.048785)
potential : -4.261190 (0.048829)
energy : -2.174881 (0.000209)

kinetic : 2.085883 (0.048728)
potential : -4.260757 (0.048771)
energy : -2.174874 (0.000209)

kinetic : 2.085350 (0.048671)
potential : -4.260226 (0.048714)
energy : -2.174875 (0.000209)

kinetic : 2.084948 (0.048613)
potential : -4.259824 (0.048656)
energy : -2.174876 (0.000209)

kinetic : 2.083648 (0.048571)
potential : -4.258523 (0.048615)
energy : -2.174874 (0.000209)

kinetic : 2.082801 (0.048520)
potential : -4.257678 (0.048563)
energy : -2.174877 (0.000208)

kinetic : 2.081887 (0.048469)
potential : -4.256760 (0.048512)
energy : -2.174873 (0.000208)

kinetic : 2.081625 (0.048411)
potential : -4.256494 (0.048454)
energy : -2.174869 (0.000208)

kinetic : 2.080713 (0.048361)
potential : -4.255586 (0.048404)
energy : -2.174873 (0.000208)

kinetic : 2.080240 (0.048305)
potential : -4.255109 (0.048348)
energy : -2.174869 (0.000207)

kinetic : 2.079169 (0.048258)
potential : -4.254037 (0.048301)
energy : -2.174868 (0.000207)

kinetic : 2.080013 (0.048207)
potential : -4.254868 (0.048250)
energy : -2.174854 (0.000207)

kinetic : 2.078656 (0.048168)
potential : -4.253511 (0.048211)
energy : -2.174855 (0.000207)

kinetic : 2.078834 (0.048111)
potential : -4.253702 (0.048153)
energy : -2.174868 (0.000207)

kinetic : 2.078852 (0.048053)
potential : -4.253715 (0.048095)
energy : -2.174863 (0.000207)

kinetic : 2.077805 (0.048006)
potential : -4.252667 (0.048049)
energy : -2.174862 (0.000207)

kinetic : 2.078453 (0.047953)
potential : -4.253308 (0.047995)
energy : -2.174855 (0.000207)

kinetic : 2.077854 (0.047899)
potential : -4.252716 (0.047941)
energy : -2.174861 (0.000207)

kinetic : 2.077679 (0.047842)
potential : -4.252539 (0.047884)
energy : -2.174860 (0.000206)

kinetic : 2.089670 (0.049267)
potential : -4.264547 (0.049311)
energy : -2.174876 (0.000207)

kinetic : 2.089077 (0.049211)
potential : -4.263957 (0.049256)
energy : -2.174880 (0.000207)

kinetic : 2.087696 (0.049172)
potential : -4.262577 (0.049216)
energy : -2.174881 (0.000206)

kinetic : 2.089122 (0.049134)
potential : -4.264000 (0.049178)
energy : -2.174878 (0.000206)

kinetic : 2.089022 (0.049075)
potential : -4.263902 (0.049120)
energy : -2.174880 (0.000206)

kinetic : 2.087761 (0.049033)
potential : -4.262638 (0.049078)
energy : -2.174877 (0.000206)

kinetic : 2.088406 (0.048979)
potential : -4.263282 (0.049023)
energy : -2.174876 (0.000205)

kinetic : 2.087747 (0.048926)
potential : -4.262617 (0.048970)
energy : -2.174871 (0.000205)

kinetic : 2.087712 (0.048868)
potential : -4.262585 (0.048912)
energy : -2.174873 (0.000205)

kinetic : 2.087181 (0.048813)
potential : -4.262052 (0.048857)
energy : -2.174871 (0.000205)

kinetic : 2.086057 (0.048768)
potential : -4.260919 (0.048812)
energy : -2.174861 (0.000205)

kinetic : 2.090271 (0.048892)
potential : -4.265116 (0.048935)
energy : -2.174845 (0.000205)

kinetic : 2.094354 (0.049005)
potential : -4.269203 (0.049048)
energy : -2.174849 (0.000205)

kinetic : 2.098730 (0.049142)
potential : -4.273595 (0.049186)
energy : -2.174865 (0.000205)

kinetic : 2.098071 (0.049089)
potential : -4.272936 (0.049133)
energy : -2.174865 (0.000205)

kinetic : 2.097306 (0.049037)
potential : -4.272167 (0.049081)
energy : -2.174862 (0.000205)

kinetic : 2.096896 (0.048981)
potential : -4.271757 (0.049025)
energy : -2.174862 (0.000205)

kinetic : 2.096217 (0.048929)
potential : -4.271078 (0.048972)
energy : -2.174861 (0.000204)

kinetic : 2.096070 (0.048871)
potential : -4.270932 (0.048915)
energy : -2.174862 (0.000204)

kinetic : 2.106613 (0.049940)
potential : -4.281466 (0.049981)
energy : -2.174853 (0.000204)

kinetic : 2.108400 (0.049913)
potential : -4.283262 (0.049955)
energy : -2.174862 (0.000204)

kinetic : 2.106660 (0.049885)
potential : -4.281520 (0.049927)
energy : -2.174860 (0.000204)

kinetic : 2.106837 (0.049828)
potential : -4.281689 (0.049869)
energy : -2.174852 (0.000204)

kinetic : 2.106745 (0.049770)
potential : -4.281591 (0.049811)
energy : -2.174846 (0.000204)

kinetic : 2.106816 (0.049712)
potential : -4.281663 (0.049753)
energy : -2.174847 (0.000203)

kinetic : 2.106101 (0.049659)
potential : -4.280949 (0.049700)
energy : -2.174847 (0.000203)

kinetic : 2.104507 (0.049627)
potential : -4.279357 (0.049668)
energy : -2.174851 (0.000203)

kinetic : 2.105566 (0.049581)
potential : -4.280417 (0.049622)
energy : -2.174852 (0.000203)

kinetic : 2.111447 (0.049872)
potential : -4.286292 (0.049911)
energy : -2.174844 (0.000203)

kinetic : 2.111311 (0.049814)
potential : -4.286169 (0.049854)
energy : -2.174857 (0.000203)

kinetic : 2.110302 (0.049767)
potential : -4.285161 (0.049806)
energy : -2.174858 (0.000203)

kinetic : 2.109465 (0.049716)
potential : -4.284328 (0.049756)
energy : -2.174863 (0.000202)

kinetic : 2.107667 (0.049692)
potential : -4.282531 (0.049731)
energy : -2.174864 (0.000202)

kinetic : 2.108097 (0.049636)
potential : -4.282966 (0.049675)
energy : -2.174869 (0.000202)

kinetic : 2.108638 (0.049582)
potential : -4.283506 (0.049621)
energy : -2.174868 (0.000202)

kinetic : 2.109037 (0.049527)
potential : -4.283908 (0.049566)
energy : -2.174871 (0.000201)

kinetic : 2.107838 (0.049484)
potential : -4.282710 (0.049523)
energy : -2.174872 (0.000201)

kinetic : 2.106646 (0.049442)
potential : -4.281520 (0.049481)
energy : -2.174874 (0.000201)

kinetic : 2.105961 (0.049390)
potential : -4.280831 (0.049429)
energy : -2.174870 (0.000201)

kinetic : 2.105358 (0.049337)
potential : -4.280228 (0.049376)
energy : -2.174870 (0.000201)

kinetic : 2.105357 (0.049281)
potential : -4.280224 (0.049320)
energy : -2.174868 (0.000200)

kinetic : 2.105532 (0.049225)
potential : -4.280403 (0.049264)
energy : -2.174872 (0.000200)

kinetic : 2.106361 (0.049176)
potential : -4.281236 (0.049215)
energy : -2.174875 (0.000200)

kinetic : 2.105373 (0.049130)
potential : -4.280247 (0.049169)
energy : -2.174874 (0.000200)

kinetic : 2.104459 (0.049083)
potential : -4.279329 (0.049121)
energy : -2.174871 (0.000200)

kinetic : 2.103504 (0.049036)
potential : -4.278370 (0.049075)
energy : -2.174866 (0.000199)

kinetic : 2.101942 (0.049006)
potential : -4.276805 (0.049044)
energy : -2.174862 (0.000199)

kinetic : 2.101536 (0.048952)
potential : -4.276397 (0.048991)
energy : -2.174861 (0.000199)

kinetic : 2.101255 (0.048897)
potential : -4.276113 (0.048936)
energy : -2.174858 (0.000199)

kinetic : 2.101566 (0.048843)
potential : -4.276450 (0.048882)
energy : -2.174884 (0.000200)

kinetic : 2.100224 (0.048806)
potential : -4.275106 (0.048845)
energy : -2.174882 (0.000200)

kinetic : 2.100336 (0.048751)
potential : -4.275234 (0.048790)
energy : -2.174898 (0.000200)

kinetic : 2.098871 (0.048718)
potential : -4.273768 (0.048757)
energy : -2.174897 (0.000200)

kinetic : 2.097757 (0.048676)
potential : -4.272662 (0.048715)
energy : -2.174905 (0.000200)

kinetic : 2.097507 (0.048622)
potential : -4.272397 (0.048661)
energy : -2.174890 (0.000200)

kinetic : 2.096958 (0.048571)
potential : -4.271846 (0.048609)
energy : -2.174888 (0.000200)

kinetic : 2.098120 (0.048530)
potential : -4.273003 (0.048569)
energy : -2.174883 (0.000200)

kinetic : 2.097596 (0.048479)
potential : -4.272478 (0.048517)
energy : -2.174883 (0.000200)

kinetic : 2.100747 (0.048527)
potential : -4.275627 (0.048565)
energy : -2.174880 (0.000200)

kinetic : 2.102181 (0.048494)
potential : -4.277069 (0.048532)
energy : -2.174887 (0.000200)

kinetic : 2.101582 (0.048443)
potential : -4.276471 (0.048481)
energy : -2.174889 (0.000199)

kinetic : 2.104815 (0.048497)
potential : -4.279712 (0.048536)
energy : -2.174897 (0.000199)

kinetic : 2.105855 (0.048454)
potential : -4.280761 (0.048493)
energy : -2.174907 (0.000199)

kinetic : 2.108455 (0.048470)
potential : -4.283370 (0.048509)
energy : -2.174915 (0.000199)

kinetic : 2.109330 (0.048424)
potential : -4.284243 (0.048463)
energy : -2.174913 (0.000199)

kinetic : 2.108613 (0.048376)
potential : -4.283533 (0.048415)
energy : -2.174919 (0.000199)

kinetic : 2.108974 (0.048323)
potential : -4.283892 (0.048362)
energy : -2.174918 (0.000199)

kinetic : 2.108464 (0.048273)
potential : -4.283385 (0.048311)
energy : -2.174921 (0.000198)

kinetic : 2.108486 (0.048219)
potential : -4.283407 (0.048258)
energy : -2.174921 (0.000198)

kinetic : 2.108021 (0.048168)
potential : -4.282945 (0.048207)
energy : -2.174924 (0.000198)

kinetic : 2.107052 (0.048125)
potential : -4.281968 (0.048163)
energy : -2.174916 (0.000198)

kinetic : 2.106260 (0.048078)
potential : -4.281181 (0.048117)
energy : -2.174921 (0.000198)

kinetic : 2.105203 (0.048037)
potential : -4.280129 (0.048075)
energy : -2.174926 (0.000198)

kinetic : 2.104933 (0.047985)
potential : -4.279865 (0.048023)
energy : -2.174932 (0.000198)

kinetic : 2.104878 (0.047932)
potential : -4.279809 (0.047970)
energy : -2.174931 (0.000197)

kinetic : 2.105230 (0.047880)
potential : -4.280158 (0.047919)
energy : -2.174928 (0.000197)

kinetic : 2.104358 (0.047836)
potential : -4.279284 (0.047874)
energy : -2.174926 (0.000197)

kinetic : 2.105646 (0.047801)
potential : -4.280582 (0.047839)
energy : -2.174935 (0.000197)

kinetic : 2.106106 (0.047751)
potential : -4.281038 (0.047789)
energy : -2.174932 (0.000197)

kinetic : 2.111070 (0.047956)
potential : -4.286009 (0.047995)
energy : -2.174939 (0.000197)

kinetic : 2.113882 (0.047986)
potential : -4.288818 (0.048025)
energy : -2.174936 (0.000196)

kinetic : 2.115889 (0.047976)
potential : -4.290821 (0.048014)
energy : -2.174932 (0.000196)

kinetic : 2.121480 (0.048249)
potential : -4.296408 (0.048286)
energy : -2.174928 (0.000196)

kinetic : 2.120406 (0.048208)
potential : -4.295328 (0.048246)
energy : -2.174923 (0.000196)

kinetic : 2.119248 (0.048169)
potential : -4.294175 (0.048207)
energy : -2.174927 (0.000196)

kinetic : 2.118638 (0.048121)
potential : -4.293566 (0.048158)
energy : -2.174928 (0.000196)

kinetic : 2.119328 (0.048074)
potential : -4.294259 (0.048111)
energy : -2.174931 (0.000195)

kinetic : 2.118947 (0.048023)
potential : -4.293879 (0.048061)
energy : -2.174932 (0.000195)

kinetic : 2.119646 (0.047976)
potential : -4.294583 (0.048014)
energy : -2.174938 (0.000195)

kinetic : 2.119297 (0.047926)
potential : -4.294238 (0.047963)
energy : -2.174941 (0.000195)

kinetic : 2.117674 (0.047901)
potential : -4.292604 (0.047939)
energy : -2.174929 (0.000195)

kinetic : 2.116859 (0.047857)
potential : -4.291787 (0.047894)
energy : -2.174928 (0.000195)

kinetic : 2.116421 (0.047807)
potential : -4.291345 (0.047845)
energy : -2.174924 (0.000195)

kinetic : 2.116754 (0.047757)
potential : -4.291676 (0.047794)
energy : -2.174923 (0.000194)

kinetic : 2.115661 (0.047718)
potential : -4.290581 (0.047755)
energy : -2.174920 (0.000194)

kinetic : 2.114693 (0.047676)
potential : -4.289614 (0.047714)
energy : -2.174921 (0.000194)

kinetic : 2.113301 (0.047645)
potential : -4.288222 (0.047683)
energy : -2.174921 (0.000194)

kinetic : 2.112883 (0.047596)
potential : -4.287808 (0.047634)
energy : -2.174925 (0.000194)

kinetic : 2.111613 (0.047562)
potential : -4.286541 (0.047599)
energy : -2.174928 (0.000194)

kinetic : 2.111389 (0.047512)
potential : -4.286310 (0.047549)
energy : -2.174921 (0.000193)

kinetic : 2.110888 (0.047464)
potential : -4.285804 (0.047501)
energy : -2.174916 (0.000193)

kinetic : 2.110924 (0.047413)
potential : -4.285832 (0.047450)
energy : -2.174908 (0.000193)

kinetic : 2.110099 (0.047370)
potential : -4.285004 (0.047407)
energy : -2.174905 (0.000193)

kinetic : 2.110864 (0.047325)
potential : -4.285768 (0.047363)
energy : -2.174904 (0.000193)

kinetic : 2.110586 (0.047276)
potential : -4.285484 (0.047313)
energy : -2.174898 (0.000193)

kinetic : 2.110958 (0.047227)
potential : -4.285847 (0.047264)
energy : -2.174889 (0.000193)

kinetic : 2.111399 (0.047179)
potential : -4.286291 (0.047216)
energy : -2.174892 (0.000193)

kinetic : 2.110707 (0.047134)
potential : -4.285600 (0.047171)
energy : -2.174893 (0.000192)

kinetic : 2.110927 (0.047084)
potential : -4.285816 (0.047121)
energy : -2.174889 (0.000192)

kinetic : 2.110875 (0.047035)
potential : -4.285767 (0.047072)
energy : -2.174892 (0.000192)

kinetic : 2.111322 (0.046987)
potential : -4.286210 (0.047024)
energy : -2.174888 (0.000192)

kinetic : 2.110710 (0.046941)
potential : -4.285595 (0.046978)
energy : -2.174886 (0.000192)

kinetic : 2.111287 (0.046895)
potential : -4.286179 (0.046932)
energy : -2.174892 (0.000192)

kinetic : 2.111887 (0.046850)
potential : -4.286776 (0.046887)
energy : -2.174889 (0.000191)

kinetic : 2.110944 (0.046810)
potential : -4.285815 (0.046847)
energy : -2.174872 (0.000192)

kinetic : 2.111263 (0.046762)
potential : -4.286140 (0.046799)
energy : -2.174877 (0.000192)

kinetic : 2.110552 (0.046718)
potential : -4.285432 (0.046755)
energy : -2.174879 (0.000192)

kinetic : 2.111729 (0.046684)
potential : -4.286628 (0.046721)
energy : -2.174899 (0.000192)

kinetic : 2.111423 (0.046636)
potential : -4.286321 (0.046673)
energy : -2.174898 (0.000192)

kinetic : 2.110244 (0.046602)
potential : -4.285143 (0.046639)
energy : -2.174898 (0.000192)

kinetic : 2.109555 (0.046558)
potential : -4.284456 (0.046596)
energy : -2.174900 (0.000192)

kinetic : 2.108149 (0.046531)
potential : -4.283043 (0.046568)
energy : -2.174894 (0.000192)

kinetic : 2.107088 (0.046494)
potential : -4.281980 (0.046532)
energy : -2.174892 (0.000192)

kinetic : 2.107340 (0.046447)
potential : -4.282227 (0.046484)
energy : -2.174887 (0.000191)

kinetic : 2.109416 (0.046444)
potential : -4.284298 (0.046482)
energy : -2.174882 (0.000191)

kinetic : 2.108811 (0.046400)
potential : -4.283686 (0.046437)
energy : -2.174876 (0.000191)

kinetic : 2.109281 (0.046354)
potential : -4.284166 (0.046391)
energy : -2.174885 (0.000191)

kinetic : 2.108989 (0.046307)
potential : -4.283872 (0.046344)
energy : -2.174883 (0.000191)

kinetic : 2.109963 (0.046269)
potential : -4.284852 (0.046306)
energy : -2.174889 (0.000191)

kinetic : 2.111670 (0.046253)
potential : -4.286559 (0.046290)
energy : -2.174890 (0.000191)

kinetic : 2.111305 (0.046206)
potential : -4.286197 (0.046243)
energy : -2.174892 (0.000191)

kinetic : 2.111033 (0.046159)
potential : -4.285940 (0.046196)
energy : -2.174907 (0.000191)

kinetic : 2.111498 (0.046114)
potential : -4.286400 (0.046151)
energy : -2.174902 (0.000191)

kinetic : 2.110876 (0.046070)
potential : -4.285779 (0.046107)
energy : -2.174903 (0.000191)

kinetic : 2.111959 (0.046036)
potential : -4.286868 (0.046073)
energy : -2.174909 (0.000191)

kinetic : 2.112708 (0.045994)
potential : -4.287623 (0.046031)
energy : -2.174915 (0.000190)

kinetic : 2.112530 (0.045947)
potential : -4.287447 (0.045984)
energy : -2.174917 (0.000190)

kinetic : 2.112574 (0.045900)
potential : -4.287496 (0.045937)
energy : -2.174922 (0.000190)

kinetic : 2.111947 (0.045857)
potential : -4.286869 (0.045894)
energy : -2.174922 (0.000190)

kinetic : 2.110664 (0.045828)
potential : -4.285582 (0.045865)
energy : -2.174917 (0.000190)

kinetic : 2.109306 (0.045801)
potential : -4.284221 (0.045838)
energy : -2.174915 (0.000190)

kinetic : 2.108548 (0.045761)
potential : -4.283463 (0.045798)
energy : -2.174916 (0.000189)

kinetic : 2.108758 (0.045714)
potential : -4.283675 (0.045751)
energy : -2.174917 (0.000189)

kinetic : 2.107418 (0.045687)
potential : -4.282335 (0.045724)
energy : -2.174917 (0.000189)

kinetic : 2.106886 (0.045644)
potential : -4.281808 (0.045680)
energy : -2.174922 (0.000189)

kinetic : 2.105567 (0.045616)
potential : -4.280488 (0.045653)
energy : -2.174921 (0.000189)

kinetic : 2.110499 (0.045836)
potential : -4.285413 (0.045872)
energy : -2.174914 (0.000189)

kinetic : 2.114558 (0.045969)
potential : -4.289456 (0.046003)
energy : -2.174898 (0.000189)

kinetic : 2.115354 (0.045929)
potential : -4.290240 (0.045963)
energy : -2.174886 (0.000189)

kinetic : 2.115252 (0.045882)
potential : -4.290137 (0.045916)
energy : -2.174885 (0.000189)

kinetic : 2.114440 (0.045843)
potential : -4.289325 (0.045877)
energy : -2.174885 (0.000189)

kinetic : 2.113559 (0.045805)
potential : -4.288442 (0.045839)
energy : -2.174884 (0.000189)

kinetic : 2.112882 (0.045764)
potential : -4.287773 (0.045797)
energy : -2.174891 (0.000189)

kinetic : 2.113429 (0.045721)
potential : -4.288323 (0.045754)
energy : -2.174894 (0.000189)

kinetic : 2.113737 (0.045675)
potential : -4.288628 (0.045709)
energy : -2.174890 (0.000188)

kinetic : 2.114231 (0.045632)
potential : -4.289132 (0.045666)
energy : -2.174901 (0.000189)

kinetic : 2.114115 (0.045586)
potential : -4.289017 (0.045620)
energy : -2.174902 (0.000188)

kinetic : 2.113810 (0.045541)
potential : -4.288718 (0.045575)
energy : -2.174908 (0.000188)

kinetic : 2.115413 (0.045524)
potential : -4.290332 (0.045558)
energy : -2.174919 (0.000188)

kinetic : 2.114961 (0.045480)
potential : -4.289876 (0.045514)
energy : -2.174915 (0.000188)

kinetic : 2.114206 (0.045441)
potential : -4.289123 (0.045475)
energy : -2.174917 (0.000188)

kinetic : 2.113920 (0.045396)
potential : -4.288830 (0.045430)
energy : -2.174911 (0.000188)

kinetic : 2.112465 (0.045374)
potential : -4.287379 (0.045408)
energy : -2.174914 (0.000188)

kinetic : 2.113525 (0.045341)
potential : -4.288450 (0.045375)
energy : -2.174925 (0.000188)

kinetic : 2.112210 (0.045315)
potential : -4.287125 (0.045349)
energy : -2.174916 (0.000188)
         kinetic: 2.112(45), Sigma: 3.605, T_corr: 15.8
       potential: -4.287(45), Sigma: 3.608, T_corr: 15.8
          energy: -2.17492(19), Sigma: 0.022, T_corr: 7.4

For tau = 5.00e-01, acceptance ratio = 0.48
Time: 49.33s
