
kinetic : 1.983204 (inf)
potential : -4.161156 (inf)
energy : -2.177951 (inf)

kinetic : 2.172681 (inf)
potential : -4.344221 (inf)
energy : -2.171540 (inf)

kinetic : 2.116432 (0.056250)
potential : -4.291033 (0.053188)
energy : -2.174601 (0.003062)

kinetic : 2.094975 (0.038924)
potential : -4.270582 (0.036895)
energy : -2.175607 (0.002034)

kinetic : 2.210947 (0.119193)
potential : -4.386591 (0.118907)
energy : -2.175645 (0.001439)

kinetic : 2.174802 (0.099149)
potential : -4.350274 (0.099006)
energy : -2.175472 (0.001128)

kinetic : 2.121956 (0.096677)
potential : -4.297614 (0.096477)
energy : -2.175658 (0.000939)

kinetic : 2.118564 (0.081777)
potential : -4.293760 (0.081629)
energy : -2.175196 (0.000918)

kinetic : 2.089806 (0.076437)
potential : -4.265241 (0.076229)
energy : -2.175435 (0.000831)

kinetic : 2.082378 (0.067819)
potential : -4.257745 (0.067644)
energy : -2.175367 (0.000736)

kinetic : 2.083079 (0.060663)
potential : -4.258490 (0.060507)
energy : -2.175411 (0.000659)

kinetic : 2.062118 (0.058739)
potential : -4.237659 (0.058561)
energy : -2.175541 (0.000610)

kinetic : 2.035703 (0.059775)
potential : -4.211261 (0.059621)
energy : -2.175558 (0.000557)

kinetic : 2.070586 (0.065117)
potential : -4.246159 (0.065005)
energy : -2.175572 (0.000513)

kinetic : 2.083548 (0.061664)
potential : -4.258784 (0.061493)
energy : -2.175236 (0.000582)

kinetic : 2.099424 (0.059561)
potential : -4.274605 (0.059393)
energy : -2.175181 (0.000544)

kinetic : 2.092411 (0.056154)
potential : -4.267710 (0.055983)
energy : -2.175299 (0.000523)

kinetic : 2.086516 (0.053076)
potential : -4.261624 (0.052938)
energy : -2.175109 (0.000526)

kinetic : 2.131295 (0.067151)
potential : -4.306452 (0.067086)
energy : -2.175156 (0.000498)

kinetic : 2.567033 (0.440343)
potential : -4.742234 (0.440379)
energy : -2.175202 (0.000474)

kinetic : 2.578026 (0.417890)
potential : -4.753194 (0.417923)
energy : -2.175168 (0.000451)

kinetic : 2.554898 (0.398165)
potential : -4.730013 (0.398200)
energy : -2.175115 (0.000432)

kinetic : 2.530390 (0.380426)
potential : -4.705462 (0.380462)
energy : -2.175072 (0.000414)

kinetic : 2.569371 (0.365594)
potential : -4.744344 (0.365617)
energy : -2.174972 (0.000408)

kinetic : 2.548274 (0.350665)
potential : -4.723207 (0.350689)
energy : -2.174933 (0.000393)

kinetic : 2.534809 (0.336615)
potential : -4.709743 (0.336639)
energy : -2.174933 (0.000377)

kinetic : 2.552112 (0.323872)
potential : -4.727139 (0.323899)
energy : -2.175027 (0.000374)

kinetic : 2.546079 (0.311704)
potential : -4.721112 (0.311731)
energy : -2.175033 (0.000360)

kinetic : 2.536045 (0.300533)
potential : -4.711107 (0.300558)
energy : -2.175062 (0.000348)

kinetic : 2.527946 (0.290098)
potential : -4.703059 (0.290120)
energy : -2.175113 (0.000339)

kinetic : 2.522416 (0.280316)
potential : -4.697521 (0.280337)
energy : -2.175106 (0.000328)

kinetic : 2.500631 (0.271996)
potential : -4.675720 (0.272019)
energy : -2.175089 (0.000318)

kinetic : 2.495854 (0.263403)
potential : -4.670945 (0.263424)
energy : -2.175091 (0.000308)

kinetic : 2.482888 (0.255625)
potential : -4.657981 (0.255646)
energy : -2.175092 (0.000298)

kinetic : 2.464268 (0.248691)
potential : -4.639365 (0.248711)
energy : -2.175096 (0.000289)

kinetic : 2.447939 (0.242032)
potential : -4.622953 (0.242057)
energy : -2.175015 (0.000293)

kinetic : 2.439083 (0.235380)
potential : -4.614059 (0.235405)
energy : -2.174976 (0.000287)

kinetic : 2.437777 (0.228934)
potential : -4.612781 (0.228958)
energy : -2.175004 (0.000281)

kinetic : 2.428724 (0.223011)
potential : -4.603685 (0.223037)
energy : -2.174961 (0.000276)

kinetic : 2.421984 (0.217322)
potential : -4.596922 (0.217348)
energy : -2.174938 (0.000270)

kinetic : 2.413468 (0.211991)
potential : -4.588414 (0.212015)
energy : -2.174946 (0.000263)

kinetic : 2.393992 (0.207671)
potential : -4.568945 (0.207694)
energy : -2.174953 (0.000257)

kinetic : 2.398069 (0.202707)
potential : -4.572938 (0.202728)
energy : -2.174869 (0.000265)

kinetic : 2.399814 (0.197945)
potential : -4.574735 (0.197966)
energy : -2.174920 (0.000263)

kinetic : 2.398093 (0.193401)
potential : -4.572911 (0.193423)
energy : -2.174818 (0.000277)

kinetic : 2.394326 (0.189092)
potential : -4.569125 (0.189113)
energy : -2.174799 (0.000271)

kinetic : 2.398433 (0.184981)
potential : -4.573279 (0.185003)
energy : -2.174845 (0.000270)

kinetic : 2.389359 (0.181230)
potential : -4.564208 (0.181251)
energy : -2.174848 (0.000264)

kinetic : 2.380458 (0.177637)
potential : -4.555317 (0.177658)
energy : -2.174859 (0.000258)

kinetic : 2.375855 (0.174035)
potential : -4.550746 (0.174054)
energy : -2.174891 (0.000255)

kinetic : 2.373773 (0.170532)
potential : -4.548715 (0.170550)
energy : -2.174942 (0.000255)

kinetic : 2.385475 (0.167564)
potential : -4.560394 (0.167580)
energy : -2.174919 (0.000251)

kinetic : 2.374259 (0.164692)
potential : -4.549198 (0.164706)
energy : -2.174939 (0.000247)

kinetic : 2.368493 (0.161658)
potential : -4.543425 (0.161672)
energy : -2.174931 (0.000243)

kinetic : 2.372611 (0.158689)
potential : -4.547521 (0.158703)
energy : -2.174909 (0.000239)

kinetic : 2.365300 (0.155949)
potential : -4.540164 (0.155964)
energy : -2.174864 (0.000239)

kinetic : 2.355565 (0.153448)
potential : -4.530476 (0.153460)
energy : -2.174910 (0.000239)

kinetic : 2.355550 (0.150732)
potential : -4.530441 (0.150743)
energy : -2.174891 (0.000236)

kinetic : 2.353326 (0.148127)
potential : -4.528236 (0.148138)
energy : -2.174910 (0.000232)

kinetic : 2.353426 (0.145594)
potential : -4.528325 (0.145606)
energy : -2.174899 (0.000229)

kinetic : 2.356647 (0.143183)
potential : -4.531540 (0.143194)
energy : -2.174893 (0.000225)

kinetic : 2.349671 (0.140989)
potential : -4.524587 (0.140999)
energy : -2.174917 (0.000222)

kinetic : 2.346795 (0.138727)
potential : -4.521724 (0.138736)
energy : -2.174929 (0.000219)

kinetic : 2.343827 (0.136539)
potential : -4.518790 (0.136547)
energy : -2.174962 (0.000218)

kinetic : 2.336131 (0.134609)
potential : -4.511089 (0.134617)
energy : -2.174958 (0.000215)

kinetic : 2.339416 (0.132562)
potential : -4.514375 (0.132571)
energy : -2.174959 (0.000211)

kinetic : 2.352249 (0.131168)
potential : -4.527228 (0.131178)
energy : -2.174979 (0.000209)

kinetic : 2.346349 (0.129330)
potential : -4.521323 (0.129340)
energy : -2.174974 (0.000206)

kinetic : 2.344526 (0.127427)
potential : -4.519455 (0.127437)
energy : -2.174929 (0.000208)

kinetic : 2.340010 (0.125648)
potential : -4.514957 (0.125657)
energy : -2.174947 (0.000206)

kinetic : 2.332830 (0.124048)
potential : -4.507714 (0.124061)
energy : -2.174883 (0.000213)

kinetic : 2.331241 (0.122298)
potential : -4.506107 (0.122312)
energy : -2.174866 (0.000210)

kinetic : 2.330837 (0.120588)
potential : -4.505708 (0.120602)
energy : -2.174871 (0.000207)

kinetic : 2.330515 (0.118926)
potential : -4.505361 (0.118938)
energy : -2.174847 (0.000206)

kinetic : 2.323324 (0.117528)
potential : -4.498151 (0.117542)
energy : -2.174827 (0.000204)

kinetic : 2.319624 (0.116009)
potential : -4.494441 (0.116023)
energy : -2.174817 (0.000202)

kinetic : 2.316809 (0.114507)
potential : -4.491585 (0.114522)
energy : -2.174777 (0.000203)

kinetic : 2.313535 (0.113058)
potential : -4.488302 (0.113072)
energy : -2.174768 (0.000201)

kinetic : 2.316420 (0.111636)
potential : -4.491202 (0.111651)
energy : -2.174782 (0.000199)

kinetic : 2.323120 (0.110417)
potential : -4.497877 (0.110431)
energy : -2.174757 (0.000198)

kinetic : 2.322953 (0.109028)
potential : -4.497730 (0.109042)
energy : -2.174777 (0.000196)

kinetic : 2.318480 (0.107767)
potential : -4.493276 (0.107779)
energy : -2.174796 (0.000195)

kinetic : 2.316179 (0.106469)
potential : -4.490958 (0.106482)
energy : -2.174779 (0.000193)

kinetic : 2.316932 (0.105181)
potential : -4.491728 (0.105194)
energy : -2.174797 (0.000191)

kinetic : 2.318014 (0.103927)
potential : -4.492800 (0.103940)
energy : -2.174786 (0.000189)

kinetic : 2.311089 (0.102931)
potential : -4.485916 (0.102940)
energy : -2.174827 (0.000192)

kinetic : 2.311733 (0.101729)
potential : -4.486566 (0.101738)
energy : -2.174832 (0.000189)

kinetic : 2.310953 (0.100556)
potential : -4.485777 (0.100565)
energy : -2.174824 (0.000187)

kinetic : 2.303490 (0.099686)
potential : -4.478320 (0.099695)
energy : -2.174830 (0.000185)

kinetic : 2.301016 (0.098591)
potential : -4.475820 (0.098600)
energy : -2.174804 (0.000185)

kinetic : 2.300292 (0.097492)
potential : -4.475119 (0.097501)
energy : -2.174827 (0.000184)

kinetic : 2.301312 (0.096420)
potential : -4.476141 (0.096429)
energy : -2.174829 (0.000182)

kinetic : 2.295177 (0.095563)
potential : -4.470016 (0.095571)
energy : -2.174839 (0.000181)

kinetic : 2.291651 (0.094596)
potential : -4.466515 (0.094603)
energy : -2.174864 (0.000180)

kinetic : 2.291711 (0.093584)
potential : -4.466577 (0.093591)
energy : -2.174866 (0.000179)

kinetic : 2.290414 (0.092603)
potential : -4.465285 (0.092610)
energy : -2.174871 (0.000177)

kinetic : 2.287636 (0.091675)
potential : -4.462493 (0.091682)
energy : -2.174857 (0.000175)

kinetic : 2.290285 (0.090764)
potential : -4.465123 (0.090770)
energy : -2.174838 (0.000175)

kinetic : 2.289580 (0.089836)
potential : -4.464423 (0.089842)
energy : -2.174843 (0.000173)

kinetic : 2.291441 (0.088943)
potential : -4.466279 (0.088949)
energy : -2.174838 (0.000171)

kinetic : 2.293258 (0.088068)
potential : -4.468084 (0.088074)
energy : -2.174825 (0.000170)

kinetic : 2.288537 (0.087319)
potential : -4.463350 (0.087326)
energy : -2.174813 (0.000169)

kinetic : 2.284594 (0.086549)
potential : -4.459409 (0.086555)
energy : -2.174816 (0.000167)

kinetic : 2.281289 (0.085768)
potential : -4.456102 (0.085775)
energy : -2.174813 (0.000166)

kinetic : 2.278640 (0.084981)
potential : -4.453463 (0.084987)
energy : -2.174822 (0.000164)

kinetic : 2.277651 (0.084173)
potential : -4.452503 (0.084179)
energy : -2.174852 (0.000165)

kinetic : 2.273631 (0.083472)
potential : -4.448497 (0.083477)
energy : -2.174866 (0.000164)

kinetic : 2.272517 (0.082696)
potential : -4.447401 (0.082701)
energy : -2.174884 (0.000164)

kinetic : 2.268773 (0.082012)
potential : -4.443668 (0.082016)
energy : -2.174894 (0.000163)

kinetic : 2.268113 (0.081259)
potential : -4.443025 (0.081263)
energy : -2.174912 (0.000162)

kinetic : 2.264813 (0.080585)
potential : -4.439727 (0.080588)
energy : -2.174914 (0.000161)

kinetic : 2.260839 (0.079954)
potential : -4.435749 (0.079958)
energy : -2.174910 (0.000159)

kinetic : 2.258509 (0.079271)
potential : -4.433395 (0.079276)
energy : -2.174886 (0.000160)

kinetic : 2.261512 (0.078624)
potential : -4.436374 (0.078628)
energy : -2.174862 (0.000160)

kinetic : 2.257750 (0.078022)
potential : -4.432614 (0.078026)
energy : -2.174863 (0.000159)

kinetic : 2.254139 (0.077425)
potential : -4.429008 (0.077428)
energy : -2.174869 (0.000157)

kinetic : 2.253141 (0.076761)
potential : -4.428003 (0.076764)
energy : -2.174862 (0.000156)

kinetic : 2.252220 (0.076108)
potential : -4.427075 (0.076111)
energy : -2.174855 (0.000155)

kinetic : 2.248066 (0.075574)
potential : -4.422915 (0.075578)
energy : -2.174849 (0.000154)

kinetic : 2.243960 (0.075049)
potential : -4.418811 (0.075052)
energy : -2.174851 (0.000152)

kinetic : 2.241211 (0.074472)
potential : -4.416080 (0.074474)
energy : -2.174869 (0.000152)

kinetic : 2.236421 (0.074009)
potential : -4.411305 (0.074011)
energy : -2.174884 (0.000152)

kinetic : 2.233200 (0.073470)
potential : -4.408113 (0.073471)
energy : -2.174913 (0.000153)

kinetic : 2.231765 (0.072885)
potential : -4.406686 (0.072885)
energy : -2.174921 (0.000152)

kinetic : 2.233938 (0.072327)
potential : -4.408850 (0.072327)
energy : -2.174912 (0.000151)

kinetic : 2.229452 (0.071886)
potential : -4.404366 (0.071886)
energy : -2.174913 (0.000150)

kinetic : 2.228656 (0.071318)
potential : -4.403582 (0.071318)
energy : -2.174926 (0.000149)

kinetic : 2.228998 (0.070755)
potential : -4.403926 (0.070755)
energy : -2.174928 (0.000148)

kinetic : 2.228192 (0.070204)
potential : -4.403136 (0.070204)
energy : -2.174944 (0.000148)

kinetic : 2.229271 (0.069666)
potential : -4.404209 (0.069666)
energy : -2.174938 (0.000147)

kinetic : 2.226770 (0.069174)
potential : -4.401710 (0.069173)
energy : -2.174940 (0.000146)

kinetic : 2.230000 (0.068720)
potential : -4.404960 (0.068720)
energy : -2.174960 (0.000146)

kinetic : 2.231284 (0.068209)
potential : -4.406243 (0.068210)
energy : -2.174959 (0.000145)

kinetic : 2.229791 (0.067711)
potential : -4.404749 (0.067711)
energy : -2.174958 (0.000144)

kinetic : 2.227227 (0.067252)
potential : -4.402175 (0.067253)
energy : -2.174948 (0.000143)

kinetic : 2.226961 (0.066753)
potential : -4.401919 (0.066754)
energy : -2.174958 (0.000142)

kinetic : 2.225898 (0.066269)
potential : -4.400853 (0.066270)
energy : -2.174955 (0.000141)

kinetic : 2.230582 (0.065950)
potential : -4.405530 (0.065950)
energy : -2.174947 (0.000140)

kinetic : 2.227071 (0.065564)
potential : -4.402042 (0.065564)
energy : -2.174971 (0.000141)

kinetic : 2.227842 (0.065096)
potential : -4.402792 (0.065094)
energy : -2.174950 (0.000142)

kinetic : 2.227709 (0.064629)
potential : -4.402671 (0.064628)
energy : -2.174961 (0.000141)

kinetic : 2.224897 (0.064231)
potential : -4.399882 (0.064229)
energy : -2.174985 (0.000142)

kinetic : 2.224817 (0.063777)
potential : -4.399787 (0.063775)
energy : -2.174970 (0.000142)

kinetic : 2.223436 (0.063344)
potential : -4.398383 (0.063343)
energy : -2.174947 (0.000143)

kinetic : 2.223796 (0.062904)
potential : -4.398728 (0.062902)
energy : -2.174932 (0.000142)

kinetic : 2.227874 (0.062601)
potential : -4.402794 (0.062599)
energy : -2.174920 (0.000142)

kinetic : 2.224973 (0.062239)
potential : -4.399904 (0.062236)
energy : -2.174931 (0.000141)

kinetic : 2.221667 (0.061902)
potential : -4.396607 (0.061899)
energy : -2.174940 (0.000141)

kinetic : 2.221555 (0.061483)
potential : -4.396487 (0.061479)
energy : -2.174932 (0.000140)

kinetic : 2.224007 (0.061118)
potential : -4.398942 (0.061115)
energy : -2.174935 (0.000139)

kinetic : 2.222542 (0.060727)
potential : -4.397470 (0.060724)
energy : -2.174928 (0.000138)

kinetic : 2.220518 (0.060357)
potential : -4.395446 (0.060354)
energy : -2.174928 (0.000138)

kinetic : 2.217522 (0.060034)
potential : -4.392438 (0.060031)
energy : -2.174916 (0.000137)

kinetic : 2.216048 (0.059658)
potential : -4.390932 (0.059657)
energy : -2.174884 (0.000140)

kinetic : 2.212278 (0.059389)
potential : -4.387152 (0.059388)
energy : -2.174874 (0.000140)

kinetic : 2.210592 (0.059029)
potential : -4.385487 (0.059028)
energy : -2.174895 (0.000140)

kinetic : 2.211237 (0.058653)
potential : -4.386136 (0.058652)
energy : -2.174899 (0.000139)

kinetic : 2.213024 (0.058306)
potential : -4.387920 (0.058304)
energy : -2.174895 (0.000138)

kinetic : 2.214123 (0.057946)
potential : -4.389018 (0.057944)
energy : -2.174895 (0.000138)

kinetic : 2.214744 (0.057584)
potential : -4.389633 (0.057582)
energy : -2.174889 (0.000137)

kinetic : 2.214775 (0.057223)
potential : -4.389677 (0.057221)
energy : -2.174902 (0.000137)

kinetic : 2.218841 (0.057011)
potential : -4.393745 (0.057010)
energy : -2.174904 (0.000136)

kinetic : 2.218067 (0.056663)
potential : -4.392973 (0.056662)
energy : -2.174906 (0.000135)

kinetic : 2.217584 (0.056317)
potential : -4.392493 (0.056315)
energy : -2.174909 (0.000134)

kinetic : 2.218749 (0.055985)
potential : -4.393667 (0.055983)
energy : -2.174917 (0.000134)

kinetic : 2.218565 (0.055644)
potential : -4.393495 (0.055643)
energy : -2.174931 (0.000133)

kinetic : 2.219369 (0.055314)
potential : -4.394278 (0.055312)
energy : -2.174909 (0.000134)

kinetic : 2.217251 (0.055023)
potential : -4.392168 (0.055021)
energy : -2.174917 (0.000134)

kinetic : 2.214643 (0.054756)
potential : -4.389554 (0.054755)
energy : -2.174910 (0.000133)

kinetic : 2.211819 (0.054505)
potential : -4.386738 (0.054503)
energy : -2.174919 (0.000133)

kinetic : 2.212643 (0.054189)
potential : -4.387564 (0.054187)
energy : -2.174921 (0.000132)

kinetic : 2.210249 (0.053925)
potential : -4.385177 (0.053922)
energy : -2.174928 (0.000131)

kinetic : 2.212297 (0.053649)
potential : -4.387221 (0.053647)
energy : -2.174924 (0.000131)

kinetic : 2.213371 (0.053349)
potential : -4.388289 (0.053347)
energy : -2.174918 (0.000130)

kinetic : 2.214490 (0.053053)
potential : -4.389424 (0.053051)
energy : -2.174934 (0.000130)

kinetic : 2.213818 (0.052754)
potential : -4.388762 (0.052751)
energy : -2.174943 (0.000130)

kinetic : 2.215700 (0.052487)
potential : -4.390652 (0.052485)
energy : -2.174953 (0.000129)

kinetic : 2.212953 (0.052262)
potential : -4.387917 (0.052259)
energy : -2.174964 (0.000129)

kinetic : 2.213982 (0.051977)
potential : -4.388930 (0.051975)
energy : -2.174947 (0.000129)

kinetic : 2.213752 (0.051687)
potential : -4.388705 (0.051684)
energy : -2.174953 (0.000129)

kinetic : 2.218303 (0.051600)
potential : -4.393259 (0.051597)
energy : -2.174956 (0.000128)

kinetic : 2.217336 (0.051323)
potential : -4.392290 (0.051321)
energy : -2.174954 (0.000127)

kinetic : 2.217715 (0.051042)
potential : -4.392681 (0.051039)
energy : -2.174967 (0.000127)

kinetic : 2.218305 (0.050765)
potential : -4.393268 (0.050763)
energy : -2.174963 (0.000127)

kinetic : 2.218311 (0.050489)
potential : -4.393269 (0.050486)
energy : -2.174958 (0.000126)

kinetic : 2.219209 (0.050223)
potential : -4.394160 (0.050221)
energy : -2.174950 (0.000126)

kinetic : 2.217025 (0.050000)
potential : -4.391980 (0.049997)
energy : -2.174955 (0.000125)

kinetic : 2.219842 (0.049812)
potential : -4.394794 (0.049809)
energy : -2.174952 (0.000125)

kinetic : 2.218734 (0.049559)
potential : -4.393692 (0.049556)
energy : -2.174958 (0.000124)

kinetic : 2.218717 (0.049296)
potential : -4.393661 (0.049293)
energy : -2.174944 (0.000124)

kinetic : 2.220337 (0.049062)
potential : -4.395284 (0.049059)
energy : -2.174947 (0.000123)

kinetic : 2.219083 (0.048821)
potential : -4.394043 (0.048818)
energy : -2.174960 (0.000123)

kinetic : 2.217834 (0.048582)
potential : -4.392784 (0.048579)
energy : -2.174950 (0.000123)

kinetic : 2.214861 (0.048421)
potential : -4.389811 (0.048418)
energy : -2.174950 (0.000123)

kinetic : 2.213988 (0.048179)
potential : -4.388957 (0.048175)
energy : -2.174968 (0.000123)

kinetic : 2.211771 (0.047982)
potential : -4.386740 (0.047979)
energy : -2.174969 (0.000123)

kinetic : 2.211761 (0.047737)
potential : -4.386734 (0.047734)
energy : -2.174973 (0.000122)

kinetic : 2.211526 (0.047494)
potential : -4.386502 (0.047491)
energy : -2.174977 (0.000122)

kinetic : 2.210875 (0.047258)
potential : -4.385837 (0.047255)
energy : -2.174962 (0.000122)

kinetic : 2.210639 (0.047021)
potential : -4.385598 (0.047018)
energy : -2.174960 (0.000121)

kinetic : 2.209377 (0.046802)
potential : -4.384337 (0.046799)
energy : -2.174960 (0.000121)

kinetic : 2.210291 (0.046578)
potential : -4.385252 (0.046575)
energy : -2.174961 (0.000120)

kinetic : 2.208260 (0.046391)
potential : -4.383223 (0.046388)
energy : -2.174964 (0.000119)

kinetic : 2.207250 (0.046173)
potential : -4.382207 (0.046170)
energy : -2.174957 (0.000119)

kinetic : 2.206937 (0.045947)
potential : -4.381896 (0.045944)
energy : -2.174959 (0.000118)

kinetic : 2.206715 (0.045723)
potential : -4.381673 (0.045720)
energy : -2.174958 (0.000118)

kinetic : 2.206020 (0.045506)
potential : -4.380976 (0.045503)
energy : -2.174956 (0.000117)

kinetic : 2.206961 (0.045295)
potential : -4.381915 (0.045292)
energy : -2.174954 (0.000117)

kinetic : 2.211140 (0.045270)
potential : -4.386100 (0.045268)
energy : -2.174960 (0.000116)

kinetic : 2.213671 (0.045124)
potential : -4.388624 (0.045122)
energy : -2.174954 (0.000116)

kinetic : 2.213338 (0.044910)
potential : -4.388282 (0.044908)
energy : -2.174944 (0.000116)

kinetic : 2.211567 (0.044732)
potential : -4.386508 (0.044729)
energy : -2.174942 (0.000115)

kinetic : 2.210959 (0.044524)
potential : -4.385901 (0.044522)
energy : -2.174941 (0.000115)

kinetic : 2.213728 (0.044401)
potential : -4.388667 (0.044399)
energy : -2.174938 (0.000114)

kinetic : 2.214186 (0.044196)
potential : -4.389127 (0.044193)
energy : -2.174941 (0.000114)

kinetic : 2.213955 (0.043990)
potential : -4.388897 (0.043988)
energy : -2.174942 (0.000113)

kinetic : 2.212985 (0.043797)
potential : -4.387926 (0.043794)
energy : -2.174941 (0.000113)

kinetic : 2.212679 (0.043596)
potential : -4.387616 (0.043593)
energy : -2.174938 (0.000112)

kinetic : 2.213635 (0.043406)
potential : -4.388568 (0.043403)
energy : -2.174933 (0.000112)

kinetic : 2.210808 (0.043299)
potential : -4.385738 (0.043297)
energy : -2.174929 (0.000111)

kinetic : 2.210319 (0.043105)
potential : -4.385250 (0.043103)
energy : -2.174932 (0.000111)

kinetic : 2.210595 (0.042910)
potential : -4.385508 (0.042908)
energy : -2.174913 (0.000112)

kinetic : 2.212233 (0.042748)
potential : -4.387150 (0.042746)
energy : -2.174917 (0.000111)

kinetic : 2.209914 (0.042619)
potential : -4.384844 (0.042616)
energy : -2.174930 (0.000112)

kinetic : 2.209184 (0.042435)
potential : -4.384116 (0.042432)
energy : -2.174932 (0.000111)

kinetic : 2.206950 (0.042305)
potential : -4.381875 (0.042302)
energy : -2.174925 (0.000111)

kinetic : 2.205201 (0.042153)
potential : -4.380117 (0.042151)
energy : -2.174916 (0.000111)

kinetic : 2.204985 (0.041968)
potential : -4.379893 (0.041966)
energy : -2.174908 (0.000111)

kinetic : 2.204825 (0.041784)
potential : -4.379723 (0.041782)
energy : -2.174898 (0.000111)

kinetic : 2.203487 (0.041622)
potential : -4.378375 (0.041621)
energy : -2.174888 (0.000111)

kinetic : 2.200974 (0.041517)
potential : -4.375870 (0.041515)
energy : -2.174896 (0.000110)

kinetic : 2.200116 (0.041346)
potential : -4.375014 (0.041344)
energy : -2.174898 (0.000110)

kinetic : 2.201233 (0.041182)
potential : -4.376145 (0.041180)
energy : -2.174912 (0.000110)

kinetic : 2.201392 (0.041006)
potential : -4.376300 (0.041004)
energy : -2.174908 (0.000110)

kinetic : 2.201219 (0.040830)
potential : -4.376123 (0.040828)
energy : -2.174903 (0.000110)

kinetic : 2.199187 (0.040707)
potential : -4.374089 (0.040705)
energy : -2.174902 (0.000109)

kinetic : 2.198233 (0.040545)
potential : -4.373126 (0.040544)
energy : -2.174893 (0.000109)

kinetic : 2.196835 (0.040398)
potential : -4.371741 (0.040396)
energy : -2.174906 (0.000109)

kinetic : 2.194883 (0.040275)
potential : -4.369790 (0.040273)
energy : -2.174907 (0.000109)

kinetic : 2.196513 (0.040140)
potential : -4.371421 (0.040138)
energy : -2.174908 (0.000109)

kinetic : 2.198318 (0.040013)
potential : -4.373234 (0.040011)
energy : -2.174916 (0.000108)

kinetic : 2.196457 (0.039890)
potential : -4.371377 (0.039888)
energy : -2.174920 (0.000108)

kinetic : 2.194847 (0.039757)
potential : -4.369763 (0.039756)
energy : -2.174916 (0.000108)

kinetic : 2.193001 (0.039636)
potential : -4.367918 (0.039635)
energy : -2.174917 (0.000107)

kinetic : 2.193354 (0.039475)
potential : -4.368258 (0.039473)
energy : -2.174904 (0.000107)

kinetic : 2.193471 (0.039314)
potential : -4.368376 (0.039312)
energy : -2.174904 (0.000107)

kinetic : 2.192303 (0.039171)
potential : -4.367214 (0.039169)
energy : -2.174910 (0.000107)

kinetic : 2.193008 (0.039019)
potential : -4.367913 (0.039017)
energy : -2.174905 (0.000106)

kinetic : 2.193351 (0.038862)
potential : -4.368249 (0.038860)
energy : -2.174898 (0.000106)

kinetic : 2.194405 (0.038720)
potential : -4.369297 (0.038718)
energy : -2.174892 (0.000106)

kinetic : 2.192810 (0.038598)
potential : -4.367706 (0.038596)
energy : -2.174895 (0.000106)

kinetic : 2.191890 (0.038455)
potential : -4.366789 (0.038453)
energy : -2.174899 (0.000105)

kinetic : 2.191755 (0.038302)
potential : -4.366651 (0.038300)
energy : -2.174896 (0.000105)

kinetic : 2.190163 (0.038184)
potential : -4.365059 (0.038182)
energy : -2.174897 (0.000105)

kinetic : 2.189296 (0.038043)
potential : -4.364191 (0.038041)
energy : -2.174895 (0.000104)

kinetic : 2.190013 (0.037900)
potential : -4.364909 (0.037898)
energy : -2.174896 (0.000104)

kinetic : 2.190733 (0.037759)
potential : -4.365638 (0.037757)
energy : -2.174905 (0.000104)

kinetic : 2.190522 (0.037612)
potential : -4.365432 (0.037610)
energy : -2.174910 (0.000103)

kinetic : 2.190313 (0.037467)
potential : -4.365222 (0.037465)
energy : -2.174908 (0.000103)

kinetic : 2.188913 (0.037348)
potential : -4.363811 (0.037346)
energy : -2.174898 (0.000103)

kinetic : 2.188831 (0.037204)
potential : -4.363725 (0.037203)
energy : -2.174894 (0.000103)

kinetic : 2.188314 (0.037065)
potential : -4.363214 (0.037063)
energy : -2.174900 (0.000103)

kinetic : 2.191262 (0.037041)
potential : -4.366164 (0.037039)
energy : -2.174902 (0.000102)

kinetic : 2.191111 (0.036900)
potential : -4.366010 (0.036899)
energy : -2.174899 (0.000102)

kinetic : 2.192014 (0.036771)
potential : -4.366915 (0.036770)
energy : -2.174901 (0.000101)

kinetic : 2.193073 (0.036647)
potential : -4.367971 (0.036646)
energy : -2.174898 (0.000101)

kinetic : 2.191548 (0.036541)
potential : -4.366450 (0.036540)
energy : -2.174901 (0.000101)

kinetic : 2.193355 (0.036449)
potential : -4.368264 (0.036448)
energy : -2.174908 (0.000101)

kinetic : 2.193924 (0.036317)
potential : -4.368830 (0.036316)
energy : -2.174906 (0.000100)

kinetic : 2.193891 (0.036182)
potential : -4.368794 (0.036181)
energy : -2.174903 (0.000100)

kinetic : 2.193093 (0.036056)
potential : -4.367996 (0.036055)
energy : -2.174904 (0.000100)

kinetic : 2.192286 (0.035932)
potential : -4.367184 (0.035931)
energy : -2.174898 (0.000099)

kinetic : 2.193274 (0.035814)
potential : -4.368166 (0.035812)
energy : -2.174892 (0.000099)

kinetic : 2.193232 (0.035682)
potential : -4.368121 (0.035681)
energy : -2.174889 (0.000099)

kinetic : 2.193408 (0.035552)
potential : -4.368288 (0.035551)
energy : -2.174880 (0.000099)

kinetic : 2.196290 (0.035540)
potential : -4.371167 (0.035538)
energy : -2.174877 (0.000099)

kinetic : 2.193827 (0.035496)
potential : -4.368711 (0.035494)
energy : -2.174884 (0.000098)

kinetic : 2.194045 (0.035369)
potential : -4.368930 (0.035366)
energy : -2.174885 (0.000098)

kinetic : 2.195020 (0.035255)
potential : -4.369907 (0.035253)
energy : -2.174888 (0.000098)

kinetic : 2.194723 (0.035129)
potential : -4.369615 (0.035127)
energy : -2.174892 (0.000098)

kinetic : 2.195184 (0.035007)
potential : -4.370073 (0.035005)
energy : -2.174888 (0.000097)

kinetic : 2.193743 (0.034912)
potential : -4.368628 (0.034910)
energy : -2.174885 (0.000097)

kinetic : 2.195429 (0.034828)
potential : -4.370316 (0.034827)
energy : -2.174888 (0.000097)

kinetic : 2.195106 (0.034707)
potential : -4.370003 (0.034705)
energy : -2.174897 (0.000097)

kinetic : 2.195395 (0.034585)
potential : -4.370297 (0.034584)
energy : -2.174902 (0.000097)

kinetic : 2.195745 (0.034466)
potential : -4.370645 (0.034464)
energy : -2.174900 (0.000096)

kinetic : 2.195668 (0.034345)
potential : -4.370578 (0.034343)
energy : -2.174909 (0.000096)

kinetic : 2.195672 (0.034225)
potential : -4.370587 (0.034223)
energy : -2.174915 (0.000096)

kinetic : 2.195284 (0.034108)
potential : -4.370201 (0.034106)
energy : -2.174917 (0.000096)

kinetic : 2.194121 (0.034010)
potential : -4.369044 (0.034008)
energy : -2.174923 (0.000096)

kinetic : 2.202892 (0.035009)
potential : -4.377816 (0.035007)
energy : -2.174923 (0.000095)

kinetic : 2.202638 (0.034889)
potential : -4.377569 (0.034888)
energy : -2.174931 (0.000095)

kinetic : 2.204927 (0.034845)
potential : -4.379860 (0.034843)
energy : -2.174933 (0.000095)

kinetic : 2.204684 (0.034727)
potential : -4.379622 (0.034725)
energy : -2.174938 (0.000095)

kinetic : 2.203836 (0.034619)
potential : -4.378774 (0.034617)
energy : -2.174938 (0.000095)

kinetic : 2.203815 (0.034501)
potential : -4.378752 (0.034500)
energy : -2.174937 (0.000094)

kinetic : 2.202847 (0.034398)
potential : -4.377786 (0.034396)
energy : -2.174939 (0.000094)

kinetic : 2.203194 (0.034284)
potential : -4.378132 (0.034282)
energy : -2.174938 (0.000094)

kinetic : 2.202667 (0.034173)
potential : -4.377607 (0.034171)
energy : -2.174940 (0.000093)

kinetic : 2.205146 (0.034148)
potential : -4.380084 (0.034146)
energy : -2.174938 (0.000093)

kinetic : 2.204879 (0.034035)
potential : -4.379816 (0.034033)
energy : -2.174937 (0.000093)

kinetic : 2.206837 (0.033979)
potential : -4.381773 (0.033976)
energy : -2.174936 (0.000092)

kinetic : 2.207134 (0.033867)
potential : -4.382061 (0.033865)
energy : -2.174927 (0.000093)

kinetic : 2.207215 (0.033755)
potential : -4.382152 (0.033753)
energy : -2.174937 (0.000093)

kinetic : 2.206621 (0.033649)
potential : -4.381544 (0.033647)
energy : -2.174923 (0.000094)

kinetic : 2.207492 (0.033550)
potential : -4.382414 (0.033548)
energy : -2.174922 (0.000093)

kinetic : 2.208482 (0.033455)
potential : -4.383397 (0.033453)
energy : -2.174914 (0.000093)

kinetic : 2.209375 (0.033358)
potential : -4.384275 (0.033355)
energy : -2.174899 (0.000094)

kinetic : 2.209400 (0.033249)
potential : -4.384301 (0.033247)
energy : -2.174901 (0.000094)

kinetic : 2.209633 (0.033142)
potential : -4.384535 (0.033140)
energy : -2.174902 (0.000094)

kinetic : 2.209789 (0.033036)
potential : -4.384695 (0.033033)
energy : -2.174906 (0.000093)

kinetic : 2.211175 (0.032958)
potential : -4.386065 (0.032955)
energy : -2.174890 (0.000095)

kinetic : 2.210112 (0.032870)
potential : -4.385012 (0.032866)
energy : -2.174899 (0.000095)

kinetic : 2.209739 (0.032767)
potential : -4.384640 (0.032763)
energy : -2.174900 (0.000094)

kinetic : 2.208868 (0.032674)
potential : -4.383765 (0.032671)
energy : -2.174897 (0.000094)

kinetic : 2.207969 (0.032582)
potential : -4.382866 (0.032579)
energy : -2.174897 (0.000094)

kinetic : 2.207574 (0.032481)
potential : -4.382480 (0.032478)
energy : -2.174906 (0.000094)

kinetic : 2.206159 (0.032410)
potential : -4.381068 (0.032406)
energy : -2.174908 (0.000094)

kinetic : 2.205300 (0.032319)
potential : -4.380202 (0.032316)
energy : -2.174902 (0.000094)

kinetic : 2.206476 (0.032239)
potential : -4.381376 (0.032236)
energy : -2.174900 (0.000093)

kinetic : 2.206172 (0.032140)
potential : -4.381073 (0.032136)
energy : -2.174901 (0.000093)

kinetic : 2.205332 (0.032050)
potential : -4.380236 (0.032047)
energy : -2.174904 (0.000093)

kinetic : 2.204023 (0.031977)
potential : -4.378934 (0.031974)
energy : -2.174911 (0.000093)

kinetic : 2.204737 (0.031886)
potential : -4.379655 (0.031883)
energy : -2.174917 (0.000093)

kinetic : 2.203900 (0.031799)
potential : -4.378821 (0.031795)
energy : -2.174922 (0.000093)

kinetic : 2.204159 (0.031702)
potential : -4.379084 (0.031698)
energy : -2.174926 (0.000092)

kinetic : 2.204412 (0.031605)
potential : -4.379337 (0.031602)
energy : -2.174925 (0.000092)

kinetic : 2.203409 (0.031525)
potential : -4.378329 (0.031521)
energy : -2.174920 (0.000092)

kinetic : 2.203005 (0.031431)
potential : -4.377919 (0.031428)
energy : -2.174914 (0.000092)

kinetic : 2.202687 (0.031337)
potential : -4.377605 (0.031334)
energy : -2.174919 (0.000092)

kinetic : 2.203808 (0.031262)
potential : -4.378728 (0.031259)
energy : -2.174920 (0.000091)

kinetic : 2.206668 (0.031298)
potential : -4.381593 (0.031295)
energy : -2.174926 (0.000091)

kinetic : 2.207218 (0.031209)
potential : -4.382148 (0.031206)
energy : -2.174929 (0.000091)

kinetic : 2.207213 (0.031115)
potential : -4.382147 (0.031112)
energy : -2.174934 (0.000091)

kinetic : 2.206557 (0.031028)
potential : -4.381498 (0.031026)
energy : -2.174940 (0.000091)

kinetic : 2.208245 (0.030982)
potential : -4.383193 (0.030979)
energy : -2.174948 (0.000091)

kinetic : 2.208668 (0.030892)
potential : -4.383614 (0.030890)
energy : -2.174946 (0.000091)

kinetic : 2.210078 (0.030833)
potential : -4.385019 (0.030830)
energy : -2.174942 (0.000091)

kinetic : 2.211180 (0.030761)
potential : -4.386120 (0.030758)
energy : -2.174939 (0.000090)

kinetic : 2.211319 (0.030671)
potential : -4.386259 (0.030668)
energy : -2.174940 (0.000090)

kinetic : 2.210678 (0.030587)
potential : -4.385619 (0.030584)
energy : -2.174941 (0.000090)

kinetic : 2.210169 (0.030501)
potential : -4.385115 (0.030499)
energy : -2.174946 (0.000090)

kinetic : 2.209778 (0.030415)
potential : -4.384718 (0.030412)
energy : -2.174940 (0.000090)

kinetic : 2.208900 (0.030338)
potential : -4.383844 (0.030336)
energy : -2.174943 (0.000089)

kinetic : 2.208093 (0.030261)
potential : -4.383041 (0.030258)
energy : -2.174948 (0.000089)

kinetic : 2.206989 (0.030193)
potential : -4.381939 (0.030190)
energy : -2.174950 (0.000089)

kinetic : 2.205355 (0.030150)
potential : -4.380305 (0.030147)
energy : -2.174950 (0.000089)

kinetic : 2.204847 (0.030067)
potential : -4.379806 (0.030064)
energy : -2.174959 (0.000089)

kinetic : 2.204429 (0.029984)
potential : -4.379389 (0.029981)
energy : -2.174960 (0.000089)

kinetic : 2.204653 (0.029899)
potential : -4.379621 (0.029896)
energy : -2.174968 (0.000089)

kinetic : 2.205939 (0.029841)
potential : -4.380895 (0.029837)
energy : -2.174956 (0.000089)

kinetic : 2.204631 (0.029784)
potential : -4.379582 (0.029781)
energy : -2.174951 (0.000089)

kinetic : 2.205008 (0.029702)
potential : -4.379958 (0.029699)
energy : -2.174950 (0.000089)

kinetic : 2.205727 (0.029627)
potential : -4.380672 (0.029623)
energy : -2.174945 (0.000089)

kinetic : 2.205572 (0.029543)
potential : -4.380517 (0.029540)
energy : -2.174945 (0.000089)

kinetic : 2.206922 (0.029491)
potential : -4.381868 (0.029487)
energy : -2.174945 (0.000088)

kinetic : 2.206547 (0.029410)
potential : -4.381496 (0.029407)
energy : -2.174949 (0.000088)

kinetic : 2.204915 (0.029373)
potential : -4.379867 (0.029370)
energy : -2.174952 (0.000088)

kinetic : 2.204749 (0.029291)
potential : -4.379700 (0.029288)
energy : -2.174951 (0.000088)

kinetic : 2.205191 (0.029213)
potential : -4.380147 (0.029210)
energy : -2.174957 (0.000088)

kinetic : 2.204661 (0.029136)
potential : -4.379619 (0.029133)
energy : -2.174958 (0.000087)

kinetic : 2.202851 (0.029112)
potential : -4.377806 (0.029109)
energy : -2.174955 (0.000087)

kinetic : 2.202477 (0.029034)
potential : -4.377427 (0.029031)
energy : -2.174950 (0.000087)

kinetic : 2.203762 (0.028982)
potential : -4.378718 (0.028979)
energy : -2.174956 (0.000087)

kinetic : 2.203386 (0.028905)
potential : -4.378345 (0.028902)
energy : -2.174959 (0.000087)

kinetic : 2.202047 (0.028857)
potential : -4.377008 (0.028854)
energy : -2.174961 (0.000087)

kinetic : 2.201991 (0.028778)
potential : -4.376957 (0.028775)
energy : -2.174965 (0.000087)

kinetic : 2.201619 (0.028702)
potential : -4.376582 (0.028699)
energy : -2.174963 (0.000086)

kinetic : 2.202355 (0.028633)
potential : -4.377316 (0.028630)
energy : -2.174961 (0.000086)

kinetic : 2.203351 (0.028573)
potential : -4.378302 (0.028570)
energy : -2.174951 (0.000087)

kinetic : 2.203084 (0.028497)
potential : -4.378028 (0.028494)
energy : -2.174944 (0.000087)

kinetic : 2.202639 (0.028423)
potential : -4.377582 (0.028420)
energy : -2.174943 (0.000086)

kinetic : 2.203043 (0.028350)
potential : -4.377982 (0.028346)
energy : -2.174939 (0.000086)

kinetic : 2.202457 (0.028280)
potential : -4.377390 (0.028277)
energy : -2.174933 (0.000086)

kinetic : 2.200962 (0.028244)
potential : -4.375888 (0.028241)
energy : -2.174926 (0.000086)

kinetic : 2.202379 (0.028204)
potential : -4.377314 (0.028202)
energy : -2.174936 (0.000087)

kinetic : 2.201708 (0.028137)
potential : -4.376634 (0.028135)
energy : -2.174926 (0.000087)

kinetic : 2.201576 (0.028062)
potential : -4.376513 (0.028060)
energy : -2.174937 (0.000087)

kinetic : 2.201554 (0.027988)
potential : -4.376496 (0.027986)
energy : -2.174942 (0.000087)

kinetic : 2.201050 (0.027918)
potential : -4.375983 (0.027917)
energy : -2.174933 (0.000087)

kinetic : 2.200112 (0.027861)
potential : -4.375045 (0.027859)
energy : -2.174933 (0.000087)

kinetic : 2.198939 (0.027812)
potential : -4.373869 (0.027811)
energy : -2.174930 (0.000087)

kinetic : 2.199286 (0.027742)
potential : -4.374212 (0.027740)
energy : -2.174926 (0.000087)

kinetic : 2.199456 (0.027670)
potential : -4.374379 (0.027668)
energy : -2.174923 (0.000087)

kinetic : 2.200472 (0.027616)
potential : -4.375398 (0.027614)
energy : -2.174926 (0.000086)

kinetic : 2.200863 (0.027547)
potential : -4.375791 (0.027545)
energy : -2.174929 (0.000086)

kinetic : 2.200093 (0.027486)
potential : -4.375016 (0.027485)
energy : -2.174923 (0.000086)

kinetic : 2.198525 (0.027460)
potential : -4.373451 (0.027458)
energy : -2.174926 (0.000086)

kinetic : 2.198669 (0.027390)
potential : -4.373598 (0.027388)
energy : -2.174930 (0.000086)

kinetic : 2.200043 (0.027354)
potential : -4.374974 (0.027352)
energy : -2.174930 (0.000086)

kinetic : 2.198732 (0.027315)
potential : -4.373659 (0.027313)
energy : -2.174927 (0.000086)

kinetic : 2.199056 (0.027247)
potential : -4.373990 (0.027246)
energy : -2.174935 (0.000086)

kinetic : 2.199250 (0.027178)
potential : -4.374190 (0.027177)
energy : -2.174941 (0.000086)

kinetic : 2.200690 (0.027147)
potential : -4.375630 (0.027146)
energy : -2.174940 (0.000085)

kinetic : 2.199902 (0.027089)
potential : -4.374841 (0.027088)
energy : -2.174938 (0.000085)

kinetic : 2.200235 (0.027023)
potential : -4.375177 (0.027022)
energy : -2.174942 (0.000085)

kinetic : 2.199243 (0.026973)
potential : -4.374183 (0.026972)
energy : -2.174940 (0.000085)

kinetic : 2.200321 (0.026926)
potential : -4.375266 (0.026925)
energy : -2.174945 (0.000085)

kinetic : 2.199431 (0.026873)
potential : -4.374373 (0.026872)
energy : -2.174942 (0.000085)

kinetic : 2.200433 (0.026825)
potential : -4.375375 (0.026824)
energy : -2.174942 (0.000085)

kinetic : 2.199638 (0.026769)
potential : -4.374572 (0.026769)
energy : -2.174934 (0.000085)

kinetic : 2.200841 (0.026729)
potential : -4.375769 (0.026729)
energy : -2.174928 (0.000085)

kinetic : 2.201346 (0.026668)
potential : -4.376271 (0.026667)
energy : -2.174925 (0.000085)

kinetic : 2.200448 (0.026617)
potential : -4.375365 (0.026616)
energy : -2.174916 (0.000085)

kinetic : 2.200761 (0.026552)
potential : -4.375681 (0.026552)
energy : -2.174920 (0.000085)

kinetic : 2.200071 (0.026496)
potential : -4.374992 (0.026495)
energy : -2.174921 (0.000084)

kinetic : 2.199714 (0.026433)
potential : -4.374630 (0.026432)
energy : -2.174916 (0.000084)

kinetic : 2.198613 (0.026391)
potential : -4.373524 (0.026391)
energy : -2.174911 (0.000084)

kinetic : 2.197078 (0.026371)
potential : -4.371995 (0.026370)
energy : -2.174917 (0.000084)

kinetic : 2.197540 (0.026310)
potential : -4.372452 (0.026310)
energy : -2.174912 (0.000084)

kinetic : 2.198946 (0.026284)
potential : -4.373861 (0.026283)
energy : -2.174915 (0.000084)

kinetic : 2.198458 (0.026224)
potential : -4.373376 (0.026224)
energy : -2.174918 (0.000084)

kinetic : 2.198509 (0.026160)
potential : -4.373424 (0.026160)
energy : -2.174914 (0.000084)

kinetic : 2.197826 (0.026106)
potential : -4.372734 (0.026106)
energy : -2.174908 (0.000084)

kinetic : 2.198201 (0.026046)
potential : -4.373112 (0.026045)
energy : -2.174911 (0.000084)

kinetic : 2.198508 (0.025985)
potential : -4.373418 (0.025984)
energy : -2.174909 (0.000084)

kinetic : 2.198009 (0.025927)
potential : -4.372913 (0.025927)
energy : -2.174904 (0.000084)

kinetic : 2.196950 (0.025886)
potential : -4.371850 (0.025886)
energy : -2.174901 (0.000083)

kinetic : 2.196689 (0.025826)
potential : -4.371595 (0.025825)
energy : -2.174906 (0.000083)

kinetic : 2.196503 (0.025764)
potential : -4.371411 (0.025764)
energy : -2.174908 (0.000083)

kinetic : 2.196158 (0.025705)
potential : -4.371070 (0.025705)
energy : -2.174912 (0.000083)

kinetic : 2.195422 (0.025655)
potential : -4.370332 (0.025655)
energy : -2.174910 (0.000083)

kinetic : 2.195882 (0.025598)
potential : -4.370791 (0.025598)
energy : -2.174909 (0.000083)

kinetic : 2.196371 (0.025542)
potential : -4.371277 (0.025542)
energy : -2.174906 (0.000083)

kinetic : 2.196912 (0.025488)
potential : -4.371823 (0.025487)
energy : -2.174911 (0.000082)

kinetic : 2.196934 (0.025428)
potential : -4.371840 (0.025427)
energy : -2.174906 (0.000082)

kinetic : 2.196564 (0.025371)
potential : -4.371469 (0.025370)
energy : -2.174904 (0.000082)

kinetic : 2.196491 (0.025311)
potential : -4.371391 (0.025311)
energy : -2.174901 (0.000082)

kinetic : 2.197129 (0.025260)
potential : -4.372030 (0.025260)
energy : -2.174901 (0.000082)

kinetic : 2.198279 (0.025227)
potential : -4.373185 (0.025227)
energy : -2.174905 (0.000082)

kinetic : 2.202392 (0.025502)
potential : -4.377297 (0.025502)
energy : -2.174905 (0.000082)

kinetic : 2.201918 (0.025448)
potential : -4.376819 (0.025448)
energy : -2.174901 (0.000082)

kinetic : 2.205180 (0.025597)
potential : -4.380080 (0.025597)
energy : -2.174900 (0.000081)

kinetic : 2.207085 (0.025609)
potential : -4.381987 (0.025609)
energy : -2.174902 (0.000081)

kinetic : 2.206993 (0.025550)
potential : -4.381899 (0.025550)
energy : -2.174906 (0.000081)

kinetic : 2.207419 (0.025495)
potential : -4.382321 (0.025495)
energy : -2.174902 (0.000081)

kinetic : 2.206132 (0.025469)
potential : -4.381035 (0.025469)
energy : -2.174902 (0.000081)

kinetic : 2.206187 (0.025411)
potential : -4.381095 (0.025411)
energy : -2.174907 (0.000081)

kinetic : 2.205423 (0.025364)
potential : -4.380334 (0.025364)
energy : -2.174911 (0.000081)

kinetic : 2.205287 (0.025306)
potential : -4.380195 (0.025306)
energy : -2.174908 (0.000081)

kinetic : 2.205737 (0.025253)
potential : -4.380644 (0.025253)
energy : -2.174907 (0.000080)

kinetic : 2.207177 (0.025237)
potential : -4.382084 (0.025237)
energy : -2.174907 (0.000080)

kinetic : 2.206826 (0.025182)
potential : -4.381731 (0.025182)
energy : -2.174906 (0.000080)

kinetic : 2.206549 (0.025127)
potential : -4.381451 (0.025127)
energy : -2.174902 (0.000080)

kinetic : 2.205910 (0.025078)
potential : -4.380812 (0.025078)
energy : -2.174902 (0.000080)

kinetic : 2.205996 (0.025022)
potential : -4.380892 (0.025022)
energy : -2.174896 (0.000080)

kinetic : 2.204982 (0.024986)
potential : -4.379871 (0.024986)
energy : -2.174889 (0.000080)

kinetic : 2.203813 (0.024958)
potential : -4.378698 (0.024958)
energy : -2.174885 (0.000080)

kinetic : 2.204578 (0.024914)
potential : -4.379464 (0.024914)
energy : -2.174885 (0.000080)

kinetic : 2.204218 (0.024861)
potential : -4.379103 (0.024861)
energy : -2.174885 (0.000079)

kinetic : 2.203843 (0.024808)
potential : -4.378733 (0.024809)
energy : -2.174890 (0.000079)

kinetic : 2.204367 (0.024759)
potential : -4.379257 (0.024759)
energy : -2.174889 (0.000079)

kinetic : 2.204049 (0.024706)
potential : -4.378939 (0.024706)
energy : -2.174890 (0.000079)

kinetic : 2.203786 (0.024653)
potential : -4.378679 (0.024653)
energy : -2.174894 (0.000079)

kinetic : 2.202980 (0.024612)
potential : -4.377873 (0.024612)
energy : -2.174893 (0.000079)

kinetic : 2.203555 (0.024564)
potential : -4.378449 (0.024565)
energy : -2.174894 (0.000079)

kinetic : 2.202937 (0.024518)
potential : -4.377840 (0.024518)
energy : -2.174902 (0.000079)

kinetic : 2.203549 (0.024472)
potential : -4.378451 (0.024472)
energy : -2.174901 (0.000079)

kinetic : 2.203127 (0.024422)
potential : -4.378024 (0.024422)
energy : -2.174897 (0.000079)

kinetic : 2.203025 (0.024369)
potential : -4.377920 (0.024369)
energy : -2.174895 (0.000079)

kinetic : 2.203485 (0.024320)
potential : -4.378377 (0.024321)
energy : -2.174892 (0.000079)

kinetic : 2.202462 (0.024289)
potential : -4.377354 (0.024289)
energy : -2.174892 (0.000078)

kinetic : 2.202334 (0.024237)
potential : -4.377226 (0.024237)
energy : -2.174892 (0.000078)

kinetic : 2.202326 (0.024184)
potential : -4.377199 (0.024185)
energy : -2.174873 (0.000080)

kinetic : 2.203851 (0.024180)
potential : -4.378729 (0.024181)
energy : -2.174878 (0.000080)

kinetic : 2.202974 (0.024144)
potential : -4.377853 (0.024145)
energy : -2.174880 (0.000080)

kinetic : 2.202620 (0.024095)
potential : -4.377496 (0.024095)
energy : -2.174876 (0.000080)

kinetic : 2.202531 (0.024044)
potential : -4.377406 (0.024044)
energy : -2.174875 (0.000080)

kinetic : 2.202470 (0.023992)
potential : -4.377345 (0.023993)
energy : -2.174875 (0.000080)

kinetic : 2.202445 (0.023941)
potential : -4.377322 (0.023941)
energy : -2.174877 (0.000080)

kinetic : 2.202924 (0.023895)
potential : -4.377802 (0.023895)
energy : -2.174878 (0.000079)

kinetic : 2.202381 (0.023850)
potential : -4.377264 (0.023851)
energy : -2.174883 (0.000079)

kinetic : 2.203037 (0.023809)
potential : -4.377918 (0.023809)
energy : -2.174880 (0.000079)

kinetic : 2.203049 (0.023758)
potential : -4.377937 (0.023759)
energy : -2.174889 (0.000079)

kinetic : 2.202740 (0.023710)
potential : -4.377633 (0.023710)
energy : -2.174893 (0.000079)

kinetic : 2.203524 (0.023673)
potential : -4.378418 (0.023673)
energy : -2.174893 (0.000079)

kinetic : 2.202966 (0.023630)
potential : -4.377860 (0.023630)
energy : -2.174894 (0.000079)

kinetic : 2.204170 (0.023611)
potential : -4.379067 (0.023611)
energy : -2.174897 (0.000079)

kinetic : 2.204310 (0.023562)
potential : -4.379209 (0.023562)
energy : -2.174899 (0.000079)

kinetic : 2.205030 (0.023524)
potential : -4.379928 (0.023524)
energy : -2.174898 (0.000079)

kinetic : 2.205847 (0.023489)
potential : -4.380741 (0.023489)
energy : -2.174894 (0.000079)

kinetic : 2.204703 (0.023468)
potential : -4.379594 (0.023468)
energy : -2.174891 (0.000079)

kinetic : 2.205281 (0.023426)
potential : -4.380172 (0.023427)
energy : -2.174891 (0.000078)

kinetic : 2.204740 (0.023384)
potential : -4.379637 (0.023384)
energy : -2.174896 (0.000078)

kinetic : 2.204457 (0.023337)
potential : -4.379351 (0.023338)
energy : -2.174894 (0.000078)

kinetic : 2.204145 (0.023291)
potential : -4.379039 (0.023292)
energy : -2.174894 (0.000078)

kinetic : 2.204432 (0.023245)
potential : -4.379323 (0.023245)
energy : -2.174891 (0.000078)

kinetic : 2.206541 (0.023293)
potential : -4.381436 (0.023294)
energy : -2.174895 (0.000078)

kinetic : 2.205963 (0.023252)
potential : -4.380856 (0.023253)
energy : -2.174892 (0.000078)

kinetic : 2.205773 (0.023206)
potential : -4.380666 (0.023206)
energy : -2.174893 (0.000078)

kinetic : 2.205560 (0.023159)
potential : -4.380452 (0.023160)
energy : -2.174892 (0.000078)

kinetic : 2.205511 (0.023112)
potential : -4.380404 (0.023113)
energy : -2.174893 (0.000077)

kinetic : 2.205793 (0.023067)
potential : -4.380690 (0.023067)
energy : -2.174897 (0.000077)

kinetic : 2.205727 (0.023020)
potential : -4.380627 (0.023021)
energy : -2.174900 (0.000077)

kinetic : 2.205729 (0.022973)
potential : -4.380633 (0.022974)
energy : -2.174904 (0.000077)

kinetic : 2.206238 (0.022933)
potential : -4.381148 (0.022933)
energy : -2.174910 (0.000077)

kinetic : 2.205710 (0.022892)
potential : -4.380620 (0.022893)
energy : -2.174909 (0.000077)

kinetic : 2.206030 (0.022848)
potential : -4.380934 (0.022849)
energy : -2.174904 (0.000077)

kinetic : 2.205114 (0.022821)
potential : -4.380018 (0.022822)
energy : -2.174905 (0.000077)

kinetic : 2.205711 (0.022783)
potential : -4.380614 (0.022784)
energy : -2.174903 (0.000077)

kinetic : 2.205759 (0.022737)
potential : -4.380664 (0.022738)
energy : -2.174905 (0.000077)

kinetic : 2.205539 (0.022693)
potential : -4.380443 (0.022694)
energy : -2.174903 (0.000077)

kinetic : 2.205236 (0.022650)
potential : -4.380134 (0.022651)
energy : -2.174898 (0.000077)

kinetic : 2.205854 (0.022613)
potential : -4.380753 (0.022614)
energy : -2.174900 (0.000076)

kinetic : 2.205753 (0.022569)
potential : -4.380657 (0.022569)
energy : -2.174904 (0.000076)

kinetic : 2.204961 (0.022538)
potential : -4.379866 (0.022538)
energy : -2.174905 (0.000076)

kinetic : 2.205794 (0.022509)
potential : -4.380706 (0.022510)
energy : -2.174912 (0.000076)

kinetic : 2.206697 (0.022482)
potential : -4.381609 (0.022483)
energy : -2.174912 (0.000076)

kinetic : 2.205989 (0.022449)
potential : -4.380906 (0.022450)
energy : -2.174916 (0.000076)

kinetic : 2.206147 (0.022406)
potential : -4.381069 (0.022406)
energy : -2.174922 (0.000076)

kinetic : 2.206208 (0.022362)
potential : -4.381129 (0.022362)
energy : -2.174920 (0.000076)

kinetic : 2.206344 (0.022318)
potential : -4.381260 (0.022319)
energy : -2.174916 (0.000076)

kinetic : 2.205273 (0.022300)
potential : -4.380193 (0.022301)
energy : -2.174919 (0.000076)

kinetic : 2.205257 (0.022257)
potential : -4.380177 (0.022258)
energy : -2.174920 (0.000076)

kinetic : 2.205829 (0.022221)
potential : -4.380750 (0.022222)
energy : -2.174921 (0.000076)

kinetic : 2.204858 (0.022199)
potential : -4.379782 (0.022199)
energy : -2.174924 (0.000076)

kinetic : 2.204872 (0.022156)
potential : -4.379790 (0.022156)
energy : -2.174918 (0.000076)

kinetic : 2.204082 (0.022127)
potential : -4.378996 (0.022128)
energy : -2.174914 (0.000076)

kinetic : 2.203572 (0.022090)
potential : -4.378488 (0.022091)
energy : -2.174916 (0.000076)

kinetic : 2.204334 (0.022061)
potential : -4.379257 (0.022062)
energy : -2.174923 (0.000076)

kinetic : 2.203971 (0.022021)
potential : -4.378894 (0.022022)
energy : -2.174923 (0.000076)

kinetic : 2.204245 (0.021981)
potential : -4.379163 (0.021982)
energy : -2.174918 (0.000076)

kinetic : 2.204092 (0.021939)
potential : -4.379007 (0.021940)
energy : -2.174916 (0.000076)

kinetic : 2.203581 (0.021903)
potential : -4.378493 (0.021904)
energy : -2.174912 (0.000076)

kinetic : 2.204409 (0.021877)
potential : -4.379320 (0.021878)
energy : -2.174912 (0.000075)

kinetic : 2.203801 (0.021844)
potential : -4.378713 (0.021844)
energy : -2.174912 (0.000075)

kinetic : 2.203188 (0.021811)
potential : -4.378102 (0.021811)
energy : -2.174914 (0.000075)

kinetic : 2.203000 (0.021770)
potential : -4.377909 (0.021771)
energy : -2.174909 (0.000075)

kinetic : 2.202917 (0.021729)
potential : -4.377825 (0.021730)
energy : -2.174908 (0.000075)

kinetic : 2.203081 (0.021688)
potential : -4.377984 (0.021689)
energy : -2.174903 (0.000075)

kinetic : 2.202762 (0.021650)
potential : -4.377663 (0.021651)
energy : -2.174901 (0.000075)

kinetic : 2.202450 (0.021611)
potential : -4.377354 (0.021612)
energy : -2.174904 (0.000075)

kinetic : 2.201865 (0.021579)
potential : -4.376768 (0.021579)
energy : -2.174904 (0.000075)

kinetic : 2.203091 (0.021573)
potential : -4.377997 (0.021574)
energy : -2.174906 (0.000075)

kinetic : 2.203561 (0.021538)
potential : -4.378471 (0.021539)
energy : -2.174910 (0.000075)

kinetic : 2.203374 (0.021498)
potential : -4.378281 (0.021499)
energy : -2.174907 (0.000075)

kinetic : 2.203014 (0.021461)
potential : -4.377916 (0.021462)
energy : -2.174903 (0.000075)

kinetic : 2.202394 (0.021430)
potential : -4.377302 (0.021431)
energy : -2.174908 (0.000075)

kinetic : 2.202186 (0.021391)
potential : -4.377097 (0.021392)
energy : -2.174910 (0.000075)

kinetic : 2.201568 (0.021360)
potential : -4.376482 (0.021361)
energy : -2.174914 (0.000074)

kinetic : 2.203322 (0.021393)
potential : -4.378235 (0.021394)
energy : -2.174913 (0.000074)

kinetic : 2.202817 (0.021359)
potential : -4.377732 (0.021360)
energy : -2.174915 (0.000074)

kinetic : 2.202839 (0.021320)
potential : -4.377755 (0.021320)
energy : -2.174917 (0.000074)

kinetic : 2.203686 (0.021297)
potential : -4.378599 (0.021298)
energy : -2.174912 (0.000074)

kinetic : 2.203922 (0.021259)
potential : -4.378832 (0.021260)
energy : -2.174909 (0.000074)

kinetic : 2.204738 (0.021236)
potential : -4.379646 (0.021237)
energy : -2.174908 (0.000074)

kinetic : 2.203671 (0.021224)
potential : -4.378582 (0.021224)
energy : -2.174911 (0.000074)

kinetic : 2.204219 (0.021192)
potential : -4.379127 (0.021192)
energy : -2.174908 (0.000074)

kinetic : 2.204188 (0.021154)
potential : -4.379094 (0.021154)
energy : -2.174906 (0.000074)

kinetic : 2.203608 (0.021123)
potential : -4.378507 (0.021123)
energy : -2.174898 (0.000074)

kinetic : 2.203415 (0.021085)
potential : -4.378317 (0.021086)
energy : -2.174902 (0.000074)

kinetic : 2.203497 (0.021047)
potential : -4.378390 (0.021048)
energy : -2.174894 (0.000074)

kinetic : 2.203427 (0.021009)
potential : -4.378322 (0.021010)
energy : -2.174894 (0.000074)

kinetic : 2.203180 (0.020973)
potential : -4.378067 (0.020973)
energy : -2.174888 (0.000074)

kinetic : 2.202382 (0.020950)
potential : -4.377273 (0.020950)
energy : -2.174891 (0.000074)

kinetic : 2.202879 (0.020918)
potential : -4.377773 (0.020918)
energy : -2.174894 (0.000074)

kinetic : 2.203995 (0.020910)
potential : -4.378885 (0.020910)
energy : -2.174890 (0.000074)

kinetic : 2.203653 (0.020875)
potential : -4.378546 (0.020876)
energy : -2.174892 (0.000074)

kinetic : 2.203606 (0.020838)
potential : -4.378499 (0.020838)
energy : -2.174893 (0.000074)

kinetic : 2.202747 (0.020818)
potential : -4.377630 (0.020819)
energy : -2.174883 (0.000074)

kinetic : 2.202441 (0.020783)
potential : -4.377321 (0.020784)
energy : -2.174880 (0.000074)

kinetic : 2.203551 (0.020776)
potential : -4.378435 (0.020777)
energy : -2.174884 (0.000074)

kinetic : 2.202928 (0.020748)
potential : -4.377813 (0.020749)
energy : -2.174885 (0.000074)

kinetic : 2.203000 (0.020712)
potential : -4.377885 (0.020712)
energy : -2.174885 (0.000074)

kinetic : 2.203603 (0.020684)
potential : -4.378489 (0.020685)
energy : -2.174886 (0.000074)

kinetic : 2.204061 (0.020652)
potential : -4.378943 (0.020653)
energy : -2.174882 (0.000074)

kinetic : 2.204562 (0.020622)
potential : -4.379442 (0.020622)
energy : -2.174880 (0.000074)

kinetic : 2.204804 (0.020587)
potential : -4.379682 (0.020587)
energy : -2.174878 (0.000074)

kinetic : 2.205716 (0.020571)
potential : -4.380592 (0.020571)
energy : -2.174876 (0.000073)

kinetic : 2.205160 (0.020542)
potential : -4.380032 (0.020543)
energy : -2.174871 (0.000073)

kinetic : 2.205743 (0.020514)
potential : -4.380615 (0.020515)
energy : -2.174872 (0.000073)

kinetic : 2.206000 (0.020480)
potential : -4.380874 (0.020481)
energy : -2.174874 (0.000073)

kinetic : 2.204811 (0.020479)
potential : -4.379685 (0.020479)
energy : -2.174873 (0.000073)

kinetic : 2.205421 (0.020452)
potential : -4.380291 (0.020453)
energy : -2.174870 (0.000073)

kinetic : 2.205258 (0.020417)
potential : -4.380125 (0.020418)
energy : -2.174867 (0.000073)

kinetic : 2.207146 (0.020469)
potential : -4.382007 (0.020469)
energy : -2.174861 (0.000073)

kinetic : 2.207101 (0.020433)
potential : -4.381963 (0.020433)
energy : -2.174862 (0.000073)

kinetic : 2.207381 (0.020400)
potential : -4.382245 (0.020400)
energy : -2.174864 (0.000073)

kinetic : 2.206588 (0.020380)
potential : -4.381451 (0.020380)
energy : -2.174864 (0.000073)

kinetic : 2.206363 (0.020346)
potential : -4.381232 (0.020346)
energy : -2.174869 (0.000073)

kinetic : 2.206436 (0.020311)
potential : -4.381304 (0.020311)
energy : -2.174868 (0.000073)

kinetic : 2.205484 (0.020298)
potential : -4.380355 (0.020298)
energy : -2.174870 (0.000073)

kinetic : 2.205462 (0.020263)
potential : -4.380331 (0.020263)
energy : -2.174869 (0.000072)

kinetic : 2.206170 (0.020241)
potential : -4.381039 (0.020241)
energy : -2.174869 (0.000072)

kinetic : 2.205730 (0.020211)
potential : -4.380602 (0.020211)
energy : -2.174872 (0.000072)

kinetic : 2.206281 (0.020184)
potential : -4.381154 (0.020184)
energy : -2.174873 (0.000072)

kinetic : 2.206247 (0.020149)
potential : -4.381120 (0.020149)
energy : -2.174873 (0.000072)

kinetic : 2.205544 (0.020127)
potential : -4.380418 (0.020127)
energy : -2.174875 (0.000072)

kinetic : 2.205233 (0.020095)
potential : -4.380106 (0.020095)
energy : -2.174873 (0.000072)

kinetic : 2.204601 (0.020071)
potential : -4.379472 (0.020071)
energy : -2.174872 (0.000072)

kinetic : 2.204672 (0.020037)
potential : -4.379543 (0.020037)
energy : -2.174871 (0.000072)

kinetic : 2.204388 (0.020005)
potential : -4.379261 (0.020005)
energy : -2.174874 (0.000072)

kinetic : 2.204293 (0.019972)
potential : -4.379171 (0.019972)
energy : -2.174878 (0.000072)

kinetic : 2.206372 (0.020046)
potential : -4.381254 (0.020047)
energy : -2.174881 (0.000072)

kinetic : 2.206342 (0.020013)
potential : -4.381220 (0.020013)
energy : -2.174879 (0.000071)

kinetic : 2.205402 (0.020001)
potential : -4.380287 (0.020001)
energy : -2.174885 (0.000072)

kinetic : 2.205070 (0.019970)
potential : -4.379958 (0.019970)
energy : -2.174887 (0.000072)

kinetic : 2.204965 (0.019937)
potential : -4.379850 (0.019937)
energy : -2.174885 (0.000071)

kinetic : 2.204340 (0.019913)
potential : -4.379229 (0.019913)
energy : -2.174888 (0.000071)

kinetic : 2.204911 (0.019888)
potential : -4.379800 (0.019888)
energy : -2.174890 (0.000071)

kinetic : 2.204543 (0.019858)
potential : -4.379427 (0.019858)
energy : -2.174883 (0.000071)

kinetic : 2.204701 (0.019826)
potential : -4.379584 (0.019826)
energy : -2.174884 (0.000071)

kinetic : 2.204284 (0.019797)
potential : -4.379162 (0.019798)
energy : -2.174878 (0.000071)

kinetic : 2.203821 (0.019770)
potential : -4.378703 (0.019770)
energy : -2.174882 (0.000071)

kinetic : 2.204585 (0.019752)
potential : -4.379468 (0.019752)
energy : -2.174883 (0.000071)

kinetic : 2.205069 (0.019725)
potential : -4.379952 (0.019725)
energy : -2.174883 (0.000071)

kinetic : 2.205917 (0.019711)
potential : -4.380797 (0.019711)
energy : -2.174880 (0.000071)

kinetic : 2.205924 (0.019679)
potential : -4.380804 (0.019678)
energy : -2.174881 (0.000071)

kinetic : 2.205855 (0.019646)
potential : -4.380736 (0.019646)
energy : -2.174881 (0.000071)

kinetic : 2.205859 (0.019614)
potential : -4.380743 (0.019614)
energy : -2.174884 (0.000071)

kinetic : 2.205551 (0.019584)
potential : -4.380433 (0.019584)
energy : -2.174882 (0.000071)

kinetic : 2.205064 (0.019558)
potential : -4.379942 (0.019558)
energy : -2.174879 (0.000071)

kinetic : 2.204977 (0.019526)
potential : -4.379860 (0.019526)
energy : -2.174883 (0.000071)

kinetic : 2.204906 (0.019495)
potential : -4.379785 (0.019495)
energy : -2.174879 (0.000071)

kinetic : 2.205092 (0.019464)
potential : -4.379968 (0.019464)
energy : -2.174877 (0.000071)

kinetic : 2.205344 (0.019434)
potential : -4.380220 (0.019434)
energy : -2.174876 (0.000070)

kinetic : 2.205301 (0.019402)
potential : -4.380179 (0.019402)
energy : -2.174878 (0.000070)

kinetic : 2.205238 (0.019371)
potential : -4.380120 (0.019371)
energy : -2.174882 (0.000070)

kinetic : 2.204757 (0.019345)
potential : -4.379639 (0.019345)
energy : -2.174882 (0.000070)

kinetic : 2.205185 (0.019319)
potential : -4.380062 (0.019319)
energy : -2.174877 (0.000070)

kinetic : 2.204634 (0.019296)
potential : -4.379515 (0.019295)
energy : -2.174881 (0.000070)

kinetic : 2.205506 (0.019284)
potential : -4.380384 (0.019284)
energy : -2.174878 (0.000070)

kinetic : 2.206111 (0.019263)
potential : -4.380992 (0.019262)
energy : -2.174881 (0.000070)

kinetic : 2.206058 (0.019232)
potential : -4.380939 (0.019232)
energy : -2.174882 (0.000070)

kinetic : 2.205654 (0.019205)
potential : -4.380537 (0.019205)
energy : -2.174883 (0.000070)

kinetic : 2.205719 (0.019175)
potential : -4.380601 (0.019174)
energy : -2.174882 (0.000070)

kinetic : 2.207006 (0.019187)
potential : -4.381887 (0.019187)
energy : -2.174881 (0.000070)

kinetic : 2.206415 (0.019166)
potential : -4.381296 (0.019165)
energy : -2.174881 (0.000070)

kinetic : 2.205734 (0.019147)
potential : -4.380615 (0.019147)
energy : -2.174881 (0.000070)

kinetic : 2.205095 (0.019127)
potential : -4.379981 (0.019127)
energy : -2.174885 (0.000070)

kinetic : 2.205590 (0.019103)
potential : -4.380473 (0.019103)
energy : -2.174884 (0.000070)

kinetic : 2.205929 (0.019076)
potential : -4.380814 (0.019076)
energy : -2.174885 (0.000069)

kinetic : 2.205753 (0.019047)
potential : -4.380640 (0.019046)
energy : -2.174887 (0.000069)

kinetic : 2.205973 (0.019018)
potential : -4.380862 (0.019017)
energy : -2.174889 (0.000069)

kinetic : 2.205878 (0.018988)
potential : -4.380771 (0.018988)
energy : -2.174892 (0.000069)

kinetic : 2.205249 (0.018969)
potential : -4.380140 (0.018968)
energy : -2.174891 (0.000069)

kinetic : 2.204455 (0.018955)
potential : -4.379345 (0.018955)
energy : -2.174889 (0.000069)

kinetic : 2.205394 (0.018949)
potential : -4.380285 (0.018948)
energy : -2.174890 (0.000069)

kinetic : 2.204768 (0.018930)
potential : -4.379657 (0.018929)
energy : -2.174889 (0.000069)

kinetic : 2.204784 (0.018900)
potential : -4.379675 (0.018900)
energy : -2.174891 (0.000069)

kinetic : 2.205092 (0.018873)
potential : -4.379982 (0.018872)
energy : -2.174890 (0.000069)

kinetic : 2.204606 (0.018850)
potential : -4.379493 (0.018849)
energy : -2.174886 (0.000069)

kinetic : 2.204388 (0.018822)
potential : -4.379271 (0.018821)
energy : -2.174883 (0.000069)

kinetic : 2.204060 (0.018795)
potential : -4.378945 (0.018795)
energy : -2.174885 (0.000069)

kinetic : 2.203475 (0.018775)
potential : -4.378359 (0.018775)
energy : -2.174884 (0.000068)

kinetic : 2.204353 (0.018766)
potential : -4.379237 (0.018766)
energy : -2.174884 (0.000068)

kinetic : 2.203953 (0.018742)
potential : -4.378838 (0.018741)
energy : -2.174885 (0.000068)

kinetic : 2.203791 (0.018713)
potential : -4.378675 (0.018713)
energy : -2.174885 (0.000068)

kinetic : 2.203597 (0.018685)
potential : -4.378485 (0.018685)
energy : -2.174888 (0.000068)

kinetic : 2.203325 (0.018659)
potential : -4.378218 (0.018658)
energy : -2.174893 (0.000068)

kinetic : 2.202742 (0.018639)
potential : -4.377634 (0.018639)
energy : -2.174891 (0.000068)

kinetic : 2.203070 (0.018613)
potential : -4.377959 (0.018613)
energy : -2.174889 (0.000068)

kinetic : 2.202930 (0.018585)
potential : -4.377820 (0.018585)
energy : -2.174890 (0.000068)

kinetic : 2.202349 (0.018566)
potential : -4.377236 (0.018565)
energy : -2.174888 (0.000068)

kinetic : 2.203278 (0.018561)
potential : -4.378170 (0.018561)
energy : -2.174892 (0.000068)

kinetic : 2.203156 (0.018533)
potential : -4.378049 (0.018533)
energy : -2.174894 (0.000068)

kinetic : 2.203400 (0.018506)
potential : -4.378291 (0.018506)
energy : -2.174891 (0.000068)

kinetic : 2.203725 (0.018481)
potential : -4.378614 (0.018481)
energy : -2.174889 (0.000068)

kinetic : 2.203151 (0.018462)
potential : -4.378044 (0.018461)
energy : -2.174893 (0.000068)

kinetic : 2.203453 (0.018436)
potential : -4.378349 (0.018436)
energy : -2.174896 (0.000068)

kinetic : 2.203018 (0.018413)
potential : -4.377914 (0.018413)
energy : -2.174895 (0.000068)

kinetic : 2.202301 (0.018399)
potential : -4.377195 (0.018399)
energy : -2.174894 (0.000067)

kinetic : 2.202735 (0.018377)
potential : -4.377632 (0.018377)
energy : -2.174896 (0.000067)

kinetic : 2.202362 (0.018353)
potential : -4.377261 (0.018353)
energy : -2.174899 (0.000067)

kinetic : 2.202191 (0.018326)
potential : -4.377091 (0.018326)
energy : -2.174900 (0.000067)

kinetic : 2.202544 (0.018302)
potential : -4.377442 (0.018301)
energy : -2.174898 (0.000067)

kinetic : 2.202564 (0.018274)
potential : -4.377464 (0.018274)
energy : -2.174900 (0.000067)

kinetic : 2.202540 (0.018247)
potential : -4.377436 (0.018247)
energy : -2.174895 (0.000067)

kinetic : 2.202150 (0.018224)
potential : -4.377050 (0.018223)
energy : -2.174900 (0.000067)

kinetic : 2.202084 (0.018196)
potential : -4.376984 (0.018196)
energy : -2.174900 (0.000067)

kinetic : 2.202740 (0.018181)
potential : -4.377637 (0.018181)
energy : -2.174897 (0.000067)

kinetic : 2.202088 (0.018166)
potential : -4.376981 (0.018166)
energy : -2.174892 (0.000067)

kinetic : 2.203095 (0.018167)
potential : -4.377988 (0.018166)
energy : -2.174893 (0.000067)

kinetic : 2.203447 (0.018143)
potential : -4.378343 (0.018143)
energy : -2.174896 (0.000067)

kinetic : 2.203086 (0.018120)
potential : -4.377979 (0.018120)
energy : -2.174893 (0.000067)

kinetic : 2.203298 (0.018094)
potential : -4.378193 (0.018094)
energy : -2.174895 (0.000067)

kinetic : 2.203255 (0.018067)
potential : -4.378148 (0.018067)
energy : -2.174893 (0.000067)

kinetic : 2.203045 (0.018042)
potential : -4.377935 (0.018042)
energy : -2.174890 (0.000067)

kinetic : 2.202957 (0.018015)
potential : -4.377847 (0.018015)
energy : -2.174890 (0.000067)

kinetic : 2.202357 (0.017999)
potential : -4.377248 (0.017999)
energy : -2.174891 (0.000067)

kinetic : 2.201706 (0.017984)
potential : -4.376599 (0.017984)
energy : -2.174894 (0.000067)

kinetic : 2.203457 (0.018043)
potential : -4.378350 (0.018043)
energy : -2.174893 (0.000067)

kinetic : 2.203419 (0.018016)
potential : -4.378310 (0.018016)
energy : -2.174891 (0.000066)

kinetic : 2.203478 (0.017990)
potential : -4.378369 (0.017990)
energy : -2.174891 (0.000066)

kinetic : 2.202737 (0.017979)
potential : -4.377631 (0.017979)
energy : -2.174894 (0.000066)

kinetic : 2.202406 (0.017956)
potential : -4.377299 (0.017956)
energy : -2.174894 (0.000066)

kinetic : 2.202326 (0.017930)
potential : -4.377216 (0.017930)
energy : -2.174890 (0.000066)

kinetic : 2.202161 (0.017905)
potential : -4.377045 (0.017904)
energy : -2.174884 (0.000066)

kinetic : 2.203702 (0.017945)
potential : -4.378587 (0.017945)
energy : -2.174885 (0.000066)

kinetic : 2.203802 (0.017919)
potential : -4.378688 (0.017919)
energy : -2.174886 (0.000066)

kinetic : 2.203820 (0.017893)
potential : -4.378705 (0.017893)
energy : -2.174885 (0.000066)

kinetic : 2.204178 (0.017871)
potential : -4.379067 (0.017871)
energy : -2.174890 (0.000066)

kinetic : 2.203631 (0.017853)
potential : -4.378517 (0.017853)
energy : -2.174886 (0.000066)

kinetic : 2.203228 (0.017832)
potential : -4.378114 (0.017832)
energy : -2.174886 (0.000066)

kinetic : 2.202965 (0.017808)
potential : -4.377847 (0.017808)
energy : -2.174882 (0.000066)

kinetic : 2.202474 (0.017789)
potential : -4.377360 (0.017789)
energy : -2.174886 (0.000066)

kinetic : 2.201865 (0.017774)
potential : -4.376748 (0.017774)
energy : -2.174882 (0.000066)

kinetic : 2.202082 (0.017750)
potential : -4.376965 (0.017750)
energy : -2.174882 (0.000066)

kinetic : 2.202341 (0.017726)
potential : -4.377225 (0.017727)
energy : -2.174884 (0.000066)

kinetic : 2.201768 (0.017710)
potential : -4.376657 (0.017710)
energy : -2.174888 (0.000066)

kinetic : 2.201872 (0.017685)
potential : -4.376759 (0.017685)
energy : -2.174887 (0.000066)

kinetic : 2.201958 (0.017660)
potential : -4.376850 (0.017660)
energy : -2.174892 (0.000066)

kinetic : 2.201360 (0.017645)
potential : -4.376257 (0.017645)
energy : -2.174897 (0.000066)

kinetic : 2.201025 (0.017623)
potential : -4.375923 (0.017623)
energy : -2.174898 (0.000066)

kinetic : 2.200387 (0.017610)
potential : -4.375285 (0.017610)
energy : -2.174898 (0.000066)

kinetic : 2.199862 (0.017593)
potential : -4.374758 (0.017593)
energy : -2.174896 (0.000066)

kinetic : 2.201170 (0.017616)
potential : -4.376067 (0.017616)
energy : -2.174897 (0.000066)

kinetic : 2.200281 (0.017614)
potential : -4.375177 (0.017614)
energy : -2.174896 (0.000066)

kinetic : 2.200441 (0.017590)
potential : -4.375331 (0.017590)
energy : -2.174891 (0.000066)

kinetic : 2.200867 (0.017570)
potential : -4.375760 (0.017570)
energy : -2.174892 (0.000066)

kinetic : 2.200455 (0.017550)
potential : -4.375346 (0.017550)
energy : -2.174892 (0.000066)

kinetic : 2.200313 (0.017526)
potential : -4.375208 (0.017526)
energy : -2.174895 (0.000066)

kinetic : 2.200028 (0.017504)
potential : -4.374921 (0.017504)
energy : -2.174893 (0.000066)

kinetic : 2.200131 (0.017479)
potential : -4.375028 (0.017480)
energy : -2.174897 (0.000066)

kinetic : 2.200301 (0.017456)
potential : -4.375198 (0.017456)
energy : -2.174898 (0.000066)

kinetic : 2.199945 (0.017435)
potential : -4.374844 (0.017435)
energy : -2.174898 (0.000065)

kinetic : 2.199250 (0.017425)
potential : -4.374149 (0.017425)
energy : -2.174900 (0.000065)

kinetic : 2.199283 (0.017400)
potential : -4.374182 (0.017400)
energy : -2.174899 (0.000065)

kinetic : 2.199559 (0.017378)
potential : -4.374457 (0.017378)
energy : -2.174898 (0.000065)

kinetic : 2.199166 (0.017358)
potential : -4.374063 (0.017359)
energy : -2.174897 (0.000065)

kinetic : 2.198842 (0.017337)
potential : -4.373736 (0.017338)
energy : -2.174893 (0.000065)

kinetic : 2.198291 (0.017322)
potential : -4.373187 (0.017322)
energy : -2.174896 (0.000065)

kinetic : 2.198329 (0.017298)
potential : -4.373229 (0.017298)
energy : -2.174900 (0.000065)

kinetic : 2.197941 (0.017278)
potential : -4.372842 (0.017279)
energy : -2.174901 (0.000065)

kinetic : 2.197838 (0.017255)
potential : -4.372735 (0.017255)
energy : -2.174897 (0.000065)

kinetic : 2.197325 (0.017239)
potential : -4.372221 (0.017239)
energy : -2.174897 (0.000065)

kinetic : 2.196728 (0.017225)
potential : -4.371626 (0.017225)
energy : -2.174898 (0.000065)

kinetic : 2.196539 (0.017203)
potential : -4.371438 (0.017203)
energy : -2.174899 (0.000065)

kinetic : 2.196057 (0.017186)
potential : -4.370960 (0.017186)
energy : -2.174903 (0.000065)

kinetic : 2.196021 (0.017162)
potential : -4.370922 (0.017162)
energy : -2.174900 (0.000065)

kinetic : 2.196130 (0.017139)
potential : -4.371030 (0.017139)
energy : -2.174900 (0.000065)

kinetic : 2.195645 (0.017122)
potential : -4.370544 (0.017122)
energy : -2.174899 (0.000065)

kinetic : 2.195985 (0.017102)
potential : -4.370883 (0.017102)
energy : -2.174897 (0.000064)

kinetic : 2.195959 (0.017079)
potential : -4.370854 (0.017079)
energy : -2.174896 (0.000064)

kinetic : 2.196176 (0.017057)
potential : -4.371075 (0.017057)
energy : -2.174899 (0.000064)

kinetic : 2.196555 (0.017038)
potential : -4.371456 (0.017038)
energy : -2.174901 (0.000064)

kinetic : 2.196556 (0.017015)
potential : -4.371458 (0.017015)
energy : -2.174902 (0.000064)

kinetic : 2.196449 (0.016992)
potential : -4.371350 (0.016992)
energy : -2.174901 (0.000064)

kinetic : 2.196036 (0.016974)
potential : -4.370940 (0.016974)
energy : -2.174904 (0.000064)

kinetic : 2.196224 (0.016952)
potential : -4.371129 (0.016952)
energy : -2.174905 (0.000064)

kinetic : 2.195827 (0.016934)
potential : -4.370734 (0.016934)
energy : -2.174907 (0.000064)

kinetic : 2.195708 (0.016912)
potential : -4.370614 (0.016912)
energy : -2.174906 (0.000064)

kinetic : 2.195124 (0.016899)
potential : -4.370028 (0.016899)
energy : -2.174904 (0.000064)

kinetic : 2.194724 (0.016881)
potential : -4.369631 (0.016881)
energy : -2.174907 (0.000064)

kinetic : 2.194720 (0.016858)
potential : -4.369629 (0.016858)
energy : -2.174909 (0.000064)

kinetic : 2.194102 (0.016847)
potential : -4.369012 (0.016847)
energy : -2.174910 (0.000064)

kinetic : 2.195138 (0.016856)
potential : -4.370048 (0.016856)
energy : -2.174910 (0.000064)

kinetic : 2.195103 (0.016834)
potential : -4.370013 (0.016833)
energy : -2.174910 (0.000064)

kinetic : 2.194647 (0.016817)
potential : -4.369561 (0.016817)
energy : -2.174914 (0.000064)

kinetic : 2.195082 (0.016800)
potential : -4.369996 (0.016800)
energy : -2.174915 (0.000064)

kinetic : 2.195414 (0.016781)
potential : -4.370327 (0.016781)
energy : -2.174913 (0.000063)

kinetic : 2.194694 (0.016774)
potential : -4.369605 (0.016774)
energy : -2.174911 (0.000063)

kinetic : 2.194400 (0.016755)
potential : -4.369312 (0.016754)
energy : -2.174912 (0.000063)

kinetic : 2.194115 (0.016735)
potential : -4.369029 (0.016735)
energy : -2.174915 (0.000063)

kinetic : 2.193776 (0.016716)
potential : -4.368691 (0.016716)
energy : -2.174915 (0.000063)

kinetic : 2.193108 (0.016707)
potential : -4.368020 (0.016707)
energy : -2.174912 (0.000063)

kinetic : 2.193164 (0.016685)
potential : -4.368082 (0.016685)
energy : -2.174917 (0.000063)

kinetic : 2.192971 (0.016664)
potential : -4.367890 (0.016664)
energy : -2.174918 (0.000063)

kinetic : 2.192864 (0.016643)
potential : -4.367785 (0.016642)
energy : -2.174921 (0.000063)

kinetic : 2.193050 (0.016622)
potential : -4.367970 (0.016622)
energy : -2.174920 (0.000063)

kinetic : 2.193219 (0.016601)
potential : -4.368140 (0.016601)
energy : -2.174921 (0.000063)

kinetic : 2.192929 (0.016581)
potential : -4.367851 (0.016581)
energy : -2.174922 (0.000063)

kinetic : 2.193958 (0.016592)
potential : -4.368877 (0.016591)
energy : -2.174919 (0.000063)

kinetic : 2.193907 (0.016570)
potential : -4.368830 (0.016570)
energy : -2.174924 (0.000063)

kinetic : 2.193587 (0.016551)
potential : -4.368512 (0.016551)
energy : -2.174925 (0.000063)

kinetic : 2.194151 (0.016539)
potential : -4.369075 (0.016539)
energy : -2.174924 (0.000063)

kinetic : 2.193771 (0.016522)
potential : -4.368698 (0.016522)
energy : -2.174927 (0.000063)

kinetic : 2.194599 (0.016521)
potential : -4.369526 (0.016521)
energy : -2.174927 (0.000063)

kinetic : 2.195050 (0.016506)
potential : -4.369980 (0.016505)
energy : -2.174930 (0.000063)

kinetic : 2.194614 (0.016490)
potential : -4.369547 (0.016490)
energy : -2.174933 (0.000063)

kinetic : 2.194524 (0.016469)
potential : -4.369456 (0.016468)
energy : -2.174932 (0.000063)

kinetic : 2.194445 (0.016448)
potential : -4.369375 (0.016447)
energy : -2.174930 (0.000063)

kinetic : 2.195220 (0.016445)
potential : -4.370150 (0.016444)
energy : -2.174930 (0.000063)

kinetic : 2.195787 (0.016433)
potential : -4.370717 (0.016433)
energy : -2.174930 (0.000063)

kinetic : 2.196180 (0.016417)
potential : -4.371114 (0.016416)
energy : -2.174935 (0.000063)

kinetic : 2.196019 (0.016396)
potential : -4.370956 (0.016396)
energy : -2.174937 (0.000063)

kinetic : 2.196107 (0.016375)
potential : -4.371047 (0.016375)
energy : -2.174940 (0.000063)

kinetic : 2.196703 (0.016365)
potential : -4.371643 (0.016365)
energy : -2.174941 (0.000063)

kinetic : 2.196232 (0.016351)
potential : -4.371176 (0.016350)
energy : -2.174943 (0.000062)

kinetic : 2.195956 (0.016332)
potential : -4.370901 (0.016332)
energy : -2.174945 (0.000062)

kinetic : 2.195991 (0.016311)
potential : -4.370939 (0.016311)
energy : -2.174948 (0.000062)

kinetic : 2.195780 (0.016292)
potential : -4.370722 (0.016291)
energy : -2.174942 (0.000063)

kinetic : 2.195648 (0.016271)
potential : -4.370590 (0.016271)
energy : -2.174943 (0.000063)

kinetic : 2.195228 (0.016256)
potential : -4.370168 (0.016256)
energy : -2.174940 (0.000063)

kinetic : 2.195147 (0.016235)
potential : -4.370086 (0.016235)
energy : -2.174938 (0.000062)

kinetic : 2.195005 (0.016215)
potential : -4.369947 (0.016215)
energy : -2.174942 (0.000063)

kinetic : 2.194775 (0.016196)
potential : -4.369717 (0.016196)
energy : -2.174942 (0.000062)

kinetic : 2.194299 (0.016183)
potential : -4.369242 (0.016183)
energy : -2.174943 (0.000062)

kinetic : 2.193929 (0.016166)
potential : -4.368872 (0.016166)
energy : -2.174943 (0.000062)

kinetic : 2.193209 (0.016162)
potential : -4.368152 (0.016162)
energy : -2.174943 (0.000062)

kinetic : 2.193202 (0.016142)
potential : -4.368147 (0.016141)
energy : -2.174945 (0.000062)

kinetic : 2.193232 (0.016121)
potential : -4.368176 (0.016121)
energy : -2.174944 (0.000062)

kinetic : 2.194343 (0.016139)
potential : -4.369289 (0.016139)
energy : -2.174945 (0.000062)

kinetic : 2.193842 (0.016127)
potential : -4.368781 (0.016127)
energy : -2.174939 (0.000062)

kinetic : 2.193740 (0.016107)
potential : -4.368681 (0.016107)
energy : -2.174941 (0.000062)

kinetic : 2.193460 (0.016089)
potential : -4.368403 (0.016089)
energy : -2.174942 (0.000062)

kinetic : 2.193418 (0.016069)
potential : -4.368365 (0.016068)
energy : -2.174947 (0.000062)

kinetic : 2.193004 (0.016054)
potential : -4.367954 (0.016054)
energy : -2.174950 (0.000062)

kinetic : 2.192662 (0.016037)
potential : -4.367614 (0.016037)
energy : -2.174952 (0.000062)

kinetic : 2.192381 (0.016020)
potential : -4.367334 (0.016019)
energy : -2.174953 (0.000062)

kinetic : 2.192938 (0.016009)
potential : -4.367892 (0.016009)
energy : -2.174954 (0.000062)

kinetic : 2.193148 (0.015991)
potential : -4.368100 (0.015990)
energy : -2.174952 (0.000062)

kinetic : 2.192904 (0.015973)
potential : -4.367860 (0.015972)
energy : -2.174955 (0.000062)

kinetic : 2.192543 (0.015957)
potential : -4.367499 (0.015957)
energy : -2.174956 (0.000062)

kinetic : 2.192528 (0.015937)
potential : -4.367487 (0.015937)
energy : -2.174959 (0.000062)

kinetic : 2.193422 (0.015942)
potential : -4.368383 (0.015942)
energy : -2.174961 (0.000062)

kinetic : 2.193682 (0.015924)
potential : -4.368642 (0.015924)
energy : -2.174960 (0.000062)

kinetic : 2.193504 (0.015906)
potential : -4.368465 (0.015906)
energy : -2.174962 (0.000062)

kinetic : 2.193482 (0.015886)
potential : -4.368442 (0.015886)
energy : -2.174961 (0.000062)

kinetic : 2.193552 (0.015867)
potential : -4.368512 (0.015866)
energy : -2.174960 (0.000062)

kinetic : 2.193808 (0.015849)
potential : -4.368762 (0.015849)
energy : -2.174954 (0.000062)

kinetic : 2.193506 (0.015832)
potential : -4.368461 (0.015832)
energy : -2.174955 (0.000062)

kinetic : 2.193717 (0.015814)
potential : -4.368671 (0.015814)
energy : -2.174955 (0.000062)

kinetic : 2.193349 (0.015799)
potential : -4.368303 (0.015799)
energy : -2.174954 (0.000062)

kinetic : 2.193579 (0.015781)
potential : -4.368532 (0.015781)
energy : -2.174953 (0.000062)

kinetic : 2.193292 (0.015765)
potential : -4.368247 (0.015764)
energy : -2.174956 (0.000062)

kinetic : 2.192953 (0.015749)
potential : -4.367908 (0.015749)
energy : -2.174954 (0.000061)

kinetic : 2.192992 (0.015730)
potential : -4.367943 (0.015729)
energy : -2.174951 (0.000061)

kinetic : 2.193338 (0.015714)
potential : -4.368286 (0.015714)
energy : -2.174948 (0.000062)

kinetic : 2.193096 (0.015697)
potential : -4.368047 (0.015696)
energy : -2.174951 (0.000061)

kinetic : 2.193277 (0.015679)
potential : -4.368225 (0.015678)
energy : -2.174948 (0.000061)

kinetic : 2.193432 (0.015660)
potential : -4.368382 (0.015660)
energy : -2.174950 (0.000061)

kinetic : 2.193745 (0.015644)
potential : -4.368696 (0.015644)
energy : -2.174952 (0.000061)

kinetic : 2.193959 (0.015627)
potential : -4.368907 (0.015626)
energy : -2.174949 (0.000061)

kinetic : 2.194311 (0.015612)
potential : -4.369258 (0.015611)
energy : -2.174947 (0.000061)

kinetic : 2.194049 (0.015595)
potential : -4.368993 (0.015595)
energy : -2.174944 (0.000061)

kinetic : 2.194026 (0.015576)
potential : -4.368967 (0.015576)
energy : -2.174941 (0.000061)

kinetic : 2.194322 (0.015560)
potential : -4.369261 (0.015560)
energy : -2.174939 (0.000061)

kinetic : 2.194758 (0.015548)
potential : -4.369697 (0.015547)
energy : -2.174939 (0.000061)

kinetic : 2.194603 (0.015530)
potential : -4.369541 (0.015529)
energy : -2.174939 (0.000061)

kinetic : 2.194324 (0.015513)
potential : -4.369265 (0.015513)
energy : -2.174941 (0.000061)

kinetic : 2.194364 (0.015495)
potential : -4.369306 (0.015494)
energy : -2.174942 (0.000061)

kinetic : 2.194466 (0.015476)
potential : -4.369406 (0.015476)
energy : -2.174940 (0.000061)

kinetic : 2.194322 (0.015458)
potential : -4.369262 (0.015458)
energy : -2.174940 (0.000061)

kinetic : 2.194431 (0.015440)
potential : -4.369373 (0.015440)
energy : -2.174942 (0.000061)

kinetic : 2.194791 (0.015426)
potential : -4.369732 (0.015426)
energy : -2.174942 (0.000061)

kinetic : 2.194962 (0.015409)
potential : -4.369904 (0.015408)
energy : -2.174942 (0.000061)

kinetic : 2.195144 (0.015391)
potential : -4.370085 (0.015391)
energy : -2.174942 (0.000061)

kinetic : 2.194886 (0.015375)
potential : -4.369826 (0.015374)
energy : -2.174940 (0.000061)

kinetic : 2.194652 (0.015358)
potential : -4.369595 (0.015358)
energy : -2.174943 (0.000061)

kinetic : 2.194364 (0.015343)
potential : -4.369308 (0.015342)
energy : -2.174943 (0.000061)

kinetic : 2.194380 (0.015325)
potential : -4.369322 (0.015324)
energy : -2.174942 (0.000060)

kinetic : 2.193984 (0.015311)
potential : -4.368926 (0.015311)
energy : -2.174942 (0.000060)

kinetic : 2.194259 (0.015296)
potential : -4.369203 (0.015295)
energy : -2.174944 (0.000060)

kinetic : 2.193955 (0.015281)
potential : -4.368900 (0.015280)
energy : -2.174945 (0.000060)

kinetic : 2.193772 (0.015264)
potential : -4.368717 (0.015263)
energy : -2.174945 (0.000060)

kinetic : 2.194221 (0.015252)
potential : -4.369165 (0.015252)
energy : -2.174944 (0.000060)

kinetic : 2.193737 (0.015242)
potential : -4.368681 (0.015241)
energy : -2.174944 (0.000060)

kinetic : 2.193089 (0.015238)
potential : -4.368029 (0.015237)
energy : -2.174941 (0.000060)

kinetic : 2.192846 (0.015222)
potential : -4.367787 (0.015221)
energy : -2.174941 (0.000060)

kinetic : 2.193984 (0.015246)
potential : -4.368924 (0.015246)
energy : -2.174940 (0.000060)

kinetic : 2.194131 (0.015229)
potential : -4.369072 (0.015229)
energy : -2.174941 (0.000060)

kinetic : 2.194461 (0.015215)
potential : -4.369400 (0.015214)
energy : -2.174939 (0.000060)

kinetic : 2.194050 (0.015202)
potential : -4.368988 (0.015202)
energy : -2.174938 (0.000060)

kinetic : 2.193341 (0.015201)
potential : -4.368282 (0.015201)
energy : -2.174941 (0.000060)

kinetic : 2.193241 (0.015184)
potential : -4.368184 (0.015183)
energy : -2.174943 (0.000060)

kinetic : 2.192908 (0.015170)
potential : -4.367853 (0.015169)
energy : -2.174945 (0.000060)

kinetic : 2.192752 (0.015153)
potential : -4.367698 (0.015152)
energy : -2.174946 (0.000060)

kinetic : 2.192869 (0.015136)
potential : -4.367812 (0.015135)
energy : -2.174943 (0.000060)

kinetic : 2.192894 (0.015118)
potential : -4.367834 (0.015117)
energy : -2.174940 (0.000060)

kinetic : 2.192780 (0.015101)
potential : -4.367721 (0.015100)
energy : -2.174940 (0.000060)

kinetic : 2.192574 (0.015085)
potential : -4.367515 (0.015084)
energy : -2.174941 (0.000060)

kinetic : 2.192340 (0.015069)
potential : -4.367279 (0.015068)
energy : -2.174939 (0.000060)

kinetic : 2.192213 (0.015052)
potential : -4.367150 (0.015051)
energy : -2.174937 (0.000060)

kinetic : 2.191832 (0.015039)
potential : -4.366768 (0.015039)
energy : -2.174936 (0.000059)

kinetic : 2.192011 (0.015023)
potential : -4.366946 (0.015022)
energy : -2.174934 (0.000059)

kinetic : 2.192115 (0.015006)
potential : -4.367044 (0.015005)
energy : -2.174929 (0.000060)

kinetic : 2.191800 (0.014992)
potential : -4.366730 (0.014991)
energy : -2.174930 (0.000060)

kinetic : 2.192220 (0.014981)
potential : -4.367151 (0.014980)
energy : -2.174931 (0.000059)

kinetic : 2.191787 (0.014970)
potential : -4.366718 (0.014969)
energy : -2.174930 (0.000059)

kinetic : 2.191623 (0.014953)
potential : -4.366556 (0.014953)
energy : -2.174933 (0.000059)

kinetic : 2.191432 (0.014937)
potential : -4.366365 (0.014937)
energy : -2.174933 (0.000059)

kinetic : 2.191522 (0.014921)
potential : -4.366453 (0.014920)
energy : -2.174931 (0.000059)

kinetic : 2.191705 (0.014905)
potential : -4.366638 (0.014904)
energy : -2.174932 (0.000059)

kinetic : 2.192143 (0.014894)
potential : -4.367076 (0.014893)
energy : -2.174933 (0.000059)

kinetic : 2.191566 (0.014888)
potential : -4.366502 (0.014887)
energy : -2.174937 (0.000059)

kinetic : 2.191065 (0.014880)
potential : -4.366003 (0.014879)
energy : -2.174938 (0.000059)

kinetic : 2.190976 (0.014863)
potential : -4.365911 (0.014862)
energy : -2.174935 (0.000059)

kinetic : 2.191322 (0.014850)
potential : -4.366258 (0.014849)
energy : -2.174936 (0.000059)

kinetic : 2.191229 (0.014833)
potential : -4.366165 (0.014833)
energy : -2.174936 (0.000059)

kinetic : 2.192264 (0.014852)
potential : -4.367198 (0.014852)
energy : -2.174934 (0.000059)

kinetic : 2.192135 (0.014836)
potential : -4.367072 (0.014835)
energy : -2.174938 (0.000059)

kinetic : 2.192260 (0.014820)
potential : -4.367198 (0.014819)
energy : -2.174938 (0.000059)

kinetic : 2.192249 (0.014803)
potential : -4.367188 (0.014802)
energy : -2.174940 (0.000059)

kinetic : 2.192321 (0.014787)
potential : -4.367260 (0.014786)
energy : -2.174938 (0.000059)

kinetic : 2.192006 (0.014773)
potential : -4.366948 (0.014772)
energy : -2.174942 (0.000059)

kinetic : 2.192260 (0.014759)
potential : -4.367201 (0.014758)
energy : -2.174940 (0.000059)

kinetic : 2.192471 (0.014744)
potential : -4.367411 (0.014743)
energy : -2.174940 (0.000059)

kinetic : 2.191691 (0.014748)
potential : -4.366631 (0.014747)
energy : -2.174940 (0.000059)

kinetic : 2.191747 (0.014731)
potential : -4.366686 (0.014730)
energy : -2.174939 (0.000059)

kinetic : 2.191605 (0.014715)
potential : -4.366545 (0.014714)
energy : -2.174940 (0.000059)

kinetic : 2.191515 (0.014699)
potential : -4.366459 (0.014698)
energy : -2.174943 (0.000059)

kinetic : 2.191505 (0.014683)
potential : -4.366448 (0.014681)
energy : -2.174944 (0.000059)

kinetic : 2.191433 (0.014666)
potential : -4.366376 (0.014665)
energy : -2.174944 (0.000059)

kinetic : 2.191356 (0.014650)
potential : -4.366298 (0.014649)
energy : -2.174942 (0.000059)

kinetic : 2.191454 (0.014634)
potential : -4.366396 (0.014633)
energy : -2.174941 (0.000058)

kinetic : 2.190738 (0.014635)
potential : -4.365680 (0.014634)
energy : -2.174942 (0.000058)

kinetic : 2.190791 (0.014619)
potential : -4.365736 (0.014618)
energy : -2.174946 (0.000058)

kinetic : 2.190840 (0.014603)
potential : -4.365781 (0.014602)
energy : -2.174942 (0.000059)

kinetic : 2.191440 (0.014599)
potential : -4.366379 (0.014598)
energy : -2.174939 (0.000058)

kinetic : 2.191063 (0.014588)
potential : -4.366002 (0.014586)
energy : -2.174939 (0.000058)

kinetic : 2.191032 (0.014571)
potential : -4.365971 (0.014570)
energy : -2.174940 (0.000058)

kinetic : 2.191549 (0.014564)
potential : -4.366490 (0.014563)
energy : -2.174941 (0.000058)

kinetic : 2.191034 (0.014557)
potential : -4.365974 (0.014556)
energy : -2.174939 (0.000058)

kinetic : 2.191330 (0.014544)
potential : -4.366267 (0.014543)
energy : -2.174937 (0.000058)

kinetic : 2.191590 (0.014531)
potential : -4.366529 (0.014529)
energy : -2.174938 (0.000058)

kinetic : 2.191349 (0.014516)
potential : -4.366286 (0.014515)
energy : -2.174937 (0.000058)

kinetic : 2.192384 (0.014537)
potential : -4.367324 (0.014536)
energy : -2.174940 (0.000058)

kinetic : 2.192257 (0.014522)
potential : -4.367195 (0.014521)
energy : -2.174939 (0.000058)

kinetic : 2.192175 (0.014506)
potential : -4.367114 (0.014505)
energy : -2.174939 (0.000058)

kinetic : 2.191929 (0.014492)
potential : -4.366867 (0.014491)
energy : -2.174938 (0.000058)

kinetic : 2.191538 (0.014482)
potential : -4.366474 (0.014481)
energy : -2.174935 (0.000058)

kinetic : 2.191755 (0.014467)
potential : -4.366693 (0.014467)
energy : -2.174939 (0.000058)

kinetic : 2.191165 (0.014464)
potential : -4.366106 (0.014463)
energy : -2.174941 (0.000058)

kinetic : 2.190755 (0.014454)
potential : -4.365695 (0.014453)
energy : -2.174941 (0.000058)

kinetic : 2.190500 (0.014440)
potential : -4.365441 (0.014439)
energy : -2.174941 (0.000058)

kinetic : 2.190870 (0.014429)
potential : -4.365811 (0.014428)
energy : -2.174941 (0.000058)

kinetic : 2.191159 (0.014416)
potential : -4.366098 (0.014415)
energy : -2.174939 (0.000058)

kinetic : 2.191204 (0.014400)
potential : -4.366144 (0.014400)
energy : -2.174940 (0.000058)

kinetic : 2.191080 (0.014385)
potential : -4.366021 (0.014384)
energy : -2.174941 (0.000058)

kinetic : 2.191157 (0.014370)
potential : -4.366098 (0.014369)
energy : -2.174942 (0.000058)

kinetic : 2.191148 (0.014354)
potential : -4.366089 (0.014353)
energy : -2.174941 (0.000058)

kinetic : 2.191259 (0.014339)
potential : -4.366201 (0.014338)
energy : -2.174942 (0.000058)

kinetic : 2.191035 (0.014325)
potential : -4.365977 (0.014324)
energy : -2.174942 (0.000057)

kinetic : 2.191115 (0.014310)
potential : -4.366058 (0.014309)
energy : -2.174943 (0.000057)

kinetic : 2.191151 (0.014295)
potential : -4.366094 (0.014294)
energy : -2.174943 (0.000057)

kinetic : 2.190865 (0.014282)
potential : -4.365807 (0.014281)
energy : -2.174942 (0.000057)

kinetic : 2.191041 (0.014268)
potential : -4.365980 (0.014267)
energy : -2.174939 (0.000057)

kinetic : 2.190884 (0.014253)
potential : -4.365822 (0.014252)
energy : -2.174939 (0.000057)

kinetic : 2.190667 (0.014239)
potential : -4.365606 (0.014239)
energy : -2.174939 (0.000057)

kinetic : 2.191631 (0.014257)
potential : -4.366570 (0.014256)
energy : -2.174940 (0.000057)

kinetic : 2.191921 (0.014244)
potential : -4.366859 (0.014244)
energy : -2.174938 (0.000057)

kinetic : 2.191767 (0.014230)
potential : -4.366708 (0.014229)
energy : -2.174940 (0.000057)

kinetic : 2.191135 (0.014229)
potential : -4.366076 (0.014228)
energy : -2.174941 (0.000057)

kinetic : 2.191732 (0.014226)
potential : -4.366676 (0.014225)
energy : -2.174944 (0.000057)

kinetic : 2.191734 (0.014211)
potential : -4.366681 (0.014210)
energy : -2.174947 (0.000057)

kinetic : 2.191795 (0.014196)
potential : -4.366743 (0.014195)
energy : -2.174948 (0.000057)

kinetic : 2.191535 (0.014183)
potential : -4.366484 (0.014182)
energy : -2.174949 (0.000057)

kinetic : 2.191213 (0.014172)
potential : -4.366161 (0.014171)
energy : -2.174948 (0.000057)

kinetic : 2.190858 (0.014161)
potential : -4.365808 (0.014160)
energy : -2.174950 (0.000057)

kinetic : 2.191196 (0.014150)
potential : -4.366150 (0.014149)
energy : -2.174954 (0.000057)

kinetic : 2.191131 (0.014135)
potential : -4.366083 (0.014134)
energy : -2.174952 (0.000057)

kinetic : 2.191265 (0.014121)
potential : -4.366220 (0.014120)
energy : -2.174955 (0.000057)

kinetic : 2.191320 (0.014106)
potential : -4.366270 (0.014105)
energy : -2.174950 (0.000057)

kinetic : 2.191157 (0.014092)
potential : -4.366106 (0.014091)
energy : -2.174948 (0.000057)

kinetic : 2.190968 (0.014078)
potential : -4.365914 (0.014077)
energy : -2.174947 (0.000057)

kinetic : 2.191067 (0.014063)
potential : -4.366015 (0.014063)
energy : -2.174948 (0.000057)

kinetic : 2.191365 (0.014052)
potential : -4.366315 (0.014051)
energy : -2.174949 (0.000057)

kinetic : 2.191011 (0.014041)
potential : -4.365960 (0.014041)
energy : -2.174950 (0.000057)

kinetic : 2.190816 (0.014028)
potential : -4.365766 (0.014027)
energy : -2.174950 (0.000057)

kinetic : 2.190923 (0.014014)
potential : -4.365874 (0.014013)
energy : -2.174951 (0.000057)

kinetic : 2.190818 (0.013999)
potential : -4.365765 (0.013999)
energy : -2.174947 (0.000057)

kinetic : 2.190349 (0.013992)
potential : -4.365289 (0.013992)
energy : -2.174940 (0.000057)

kinetic : 2.190439 (0.013978)
potential : -4.365382 (0.013978)
energy : -2.174943 (0.000057)

kinetic : 2.190171 (0.013966)
potential : -4.365113 (0.013966)
energy : -2.174942 (0.000057)

kinetic : 2.190219 (0.013951)
potential : -4.365164 (0.013951)
energy : -2.174945 (0.000057)

kinetic : 2.190698 (0.013945)
potential : -4.365642 (0.013945)
energy : -2.174944 (0.000057)

kinetic : 2.191654 (0.013963)
potential : -4.366598 (0.013963)
energy : -2.174944 (0.000057)

kinetic : 2.191479 (0.013950)
potential : -4.366424 (0.013949)
energy : -2.174945 (0.000057)

kinetic : 2.190928 (0.013946)
potential : -4.365871 (0.013946)
energy : -2.174943 (0.000057)

kinetic : 2.190684 (0.013934)
potential : -4.365627 (0.013933)
energy : -2.174942 (0.000057)

kinetic : 2.190838 (0.013920)
potential : -4.365783 (0.013920)
energy : -2.174945 (0.000057)

kinetic : 2.190380 (0.013913)
potential : -4.365320 (0.013913)
energy : -2.174940 (0.000057)

kinetic : 2.190337 (0.013899)
potential : -4.365277 (0.013899)
energy : -2.174939 (0.000057)

kinetic : 2.190180 (0.013885)
potential : -4.365118 (0.013885)
energy : -2.174939 (0.000057)

kinetic : 2.189773 (0.013877)
potential : -4.364713 (0.013877)
energy : -2.174940 (0.000057)

kinetic : 2.189797 (0.013862)
potential : -4.364736 (0.013862)
energy : -2.174939 (0.000057)

kinetic : 2.189464 (0.013852)
potential : -4.364402 (0.013852)
energy : -2.174938 (0.000057)

kinetic : 2.188947 (0.013847)
potential : -4.363886 (0.013847)
energy : -2.174939 (0.000057)

kinetic : 2.189031 (0.013833)
potential : -4.363971 (0.013833)
energy : -2.174940 (0.000057)

kinetic : 2.189271 (0.013821)
potential : -4.364213 (0.013821)
energy : -2.174942 (0.000057)

kinetic : 2.188707 (0.013818)
potential : -4.363649 (0.013818)
energy : -2.174941 (0.000057)

kinetic : 2.188939 (0.013806)
potential : -4.363881 (0.013806)
energy : -2.174941 (0.000057)

kinetic : 2.189190 (0.013794)
potential : -4.364129 (0.013794)
energy : -2.174939 (0.000057)

kinetic : 2.189528 (0.013784)
potential : -4.364465 (0.013784)
energy : -2.174937 (0.000056)

kinetic : 2.189961 (0.013777)
potential : -4.364901 (0.013777)
energy : -2.174940 (0.000056)

kinetic : 2.189979 (0.013763)
potential : -4.364918 (0.013763)
energy : -2.174938 (0.000056)

kinetic : 2.190024 (0.013749)
potential : -4.364962 (0.013749)
energy : -2.174938 (0.000056)

kinetic : 2.190217 (0.013736)
potential : -4.365160 (0.013736)
energy : -2.174943 (0.000057)

kinetic : 2.190624 (0.013728)
potential : -4.365569 (0.013728)
energy : -2.174945 (0.000056)

kinetic : 2.190366 (0.013716)
potential : -4.365312 (0.013716)
energy : -2.174946 (0.000056)

kinetic : 2.190267 (0.013703)
potential : -4.365212 (0.013703)
energy : -2.174945 (0.000056)

kinetic : 2.190336 (0.013689)
potential : -4.365280 (0.013689)
energy : -2.174944 (0.000056)

kinetic : 2.190553 (0.013677)
potential : -4.365500 (0.013677)
energy : -2.174947 (0.000056)

kinetic : 2.190849 (0.013666)
potential : -4.365798 (0.013666)
energy : -2.174949 (0.000056)

kinetic : 2.190626 (0.013654)
potential : -4.365574 (0.013654)
energy : -2.174948 (0.000056)

kinetic : 2.190709 (0.013640)
potential : -4.365658 (0.013641)
energy : -2.174949 (0.000056)

kinetic : 2.190468 (0.013629)
potential : -4.365417 (0.013629)
energy : -2.174948 (0.000056)

kinetic : 2.190315 (0.013616)
potential : -4.365258 (0.013616)
energy : -2.174944 (0.000056)

kinetic : 2.190112 (0.013604)
potential : -4.365056 (0.013604)
energy : -2.174944 (0.000056)

kinetic : 2.189664 (0.013597)
potential : -4.364610 (0.013597)
energy : -2.174945 (0.000056)

kinetic : 2.189387 (0.013586)
potential : -4.364330 (0.013586)
energy : -2.174943 (0.000056)

kinetic : 2.189242 (0.013573)
potential : -4.364183 (0.013574)
energy : -2.174941 (0.000056)

kinetic : 2.188854 (0.013565)
potential : -4.363798 (0.013565)
energy : -2.174944 (0.000056)

kinetic : 2.188850 (0.013552)
potential : -4.363794 (0.013552)
energy : -2.174944 (0.000056)

kinetic : 2.188675 (0.013539)
potential : -4.363617 (0.013539)
energy : -2.174943 (0.000056)

kinetic : 2.188783 (0.013526)
potential : -4.363727 (0.013526)
energy : -2.174944 (0.000056)

kinetic : 2.189260 (0.013521)
potential : -4.364206 (0.013521)
energy : -2.174946 (0.000056)

kinetic : 2.190026 (0.013529)
potential : -4.364973 (0.013529)
energy : -2.174947 (0.000056)

kinetic : 2.190980 (0.013549)
potential : -4.365927 (0.013549)
energy : -2.174947 (0.000056)

kinetic : 2.190938 (0.013535)
potential : -4.365886 (0.013536)
energy : -2.174948 (0.000056)
         kinetic: 2.191(14), Sigma: 4.663, T_corr: 8.4
       potential: -4.366(14), Sigma: 4.665, T_corr: 8.4
          energy: -2.174948(56), Sigma: 0.030, T_corr: 3.4

For tau = 2.50e-01, acceptance ratio = 0.72
Time: 484.34s
