
kinetic : 2.057293 (inf)
potential : -4.233314 (inf)
energy : -2.176021 (inf)

kinetic : 2.345229 (inf)
potential : -4.525105 (inf)
energy : -2.179876 (inf)

kinetic : 2.322809 (0.022420)
potential : -4.498779 (0.026326)
energy : -2.175969 (0.003906)

kinetic : 1.877265 (0.445732)
potential : -4.052309 (0.446728)
energy : -2.175044 (0.002438)

kinetic : 1.762966 (0.335265)
potential : -3.937357 (0.336150)
energy : -2.174391 (0.001843)

kinetic : 1.728382 (0.261988)
potential : -3.901941 (0.262778)
energy : -2.173558 (0.001653)

kinetic : 1.735890 (0.214044)
potential : -3.909129 (0.214678)
energy : -2.173239 (0.001387)

kinetic : 2.072585 (0.382215)
potential : -4.246385 (0.382963)
energy : -2.173800 (0.001300)

kinetic : 2.222531 (0.363387)
potential : -4.397021 (0.364262)
energy : -2.174490 (0.001320)

kinetic : 2.201266 (0.321182)
potential : -4.377321 (0.321852)
energy : -2.176055 (0.001951)

kinetic : 2.503189 (0.416754)
potential : -4.678219 (0.416426)
energy : -2.175030 (0.002024)

kinetic : 2.370427 (0.399663)
potential : -4.545196 (0.399470)
energy : -2.174769 (0.001849)

kinetic : 2.308478 (0.370063)
potential : -4.484682 (0.369651)
energy : -2.176205 (0.002216)

kinetic : 2.283352 (0.341334)
potential : -4.459611 (0.340953)
energy : -2.176260 (0.002039)

kinetic : 2.220192 (0.322264)
potential : -4.396879 (0.321834)
energy : -2.176687 (0.001936)

kinetic : 2.191716 (0.301360)
potential : -4.368020 (0.300998)
energy : -2.176303 (0.001842)

kinetic : 2.110282 (0.293423)
potential : -4.286281 (0.293182)
energy : -2.175999 (0.001750)

kinetic : 2.109117 (0.275626)
potential : -4.284565 (0.275402)
energy : -2.175448 (0.001734)

kinetic : 2.104554 (0.259902)
potential : -4.279533 (0.259701)
energy : -2.174979 (0.001701)

kinetic : 2.091860 (0.246170)
potential : -4.266709 (0.245987)
energy : -2.174849 (0.001614)

kinetic : 2.076784 (0.234024)
potential : -4.251833 (0.233837)
energy : -2.175049 (0.001544)

kinetic : 2.077589 (0.222603)
potential : -4.252300 (0.222424)
energy : -2.174711 (0.001507)

kinetic : 2.042713 (0.215089)
potential : -4.217361 (0.214932)
energy : -2.174648 (0.001438)

kinetic : 1.997663 (0.210405)
potential : -4.172308 (0.210258)
energy : -2.174646 (0.001374)

kinetic : 2.022443 (0.202966)
potential : -4.197313 (0.202854)
energy : -2.174870 (0.001335)

kinetic : 2.010654 (0.195034)
potential : -4.185556 (0.194925)
energy : -2.174902 (0.001281)

kinetic : 1.967584 (0.192269)
potential : -4.142136 (0.192245)
energy : -2.174553 (0.001279)

kinetic : 2.002598 (0.188295)
potential : -4.177400 (0.188319)
energy : -2.174802 (0.001256)

kinetic : 2.012086 (0.181694)
potential : -4.186940 (0.181720)
energy : -2.174855 (0.001211)

kinetic : 1.973750 (0.179459)
potential : -4.148484 (0.179509)
energy : -2.174734 (0.001175)

kinetic : 2.049175 (0.189070)
potential : -4.223549 (0.188971)
energy : -2.174375 (0.001191)

kinetic : 2.033443 (0.183544)
potential : -4.207733 (0.183457)
energy : -2.174291 (0.001155)

kinetic : 2.009718 (0.179293)
potential : -4.184030 (0.179206)
energy : -2.174312 (0.001118)

kinetic : 1.978928 (0.176481)
potential : -4.153209 (0.176404)
energy : -2.174281 (0.001084)

kinetic : 1.989748 (0.171554)
potential : -4.163976 (0.171475)
energy : -2.174228 (0.001053)

kinetic : 2.127627 (0.216239)
potential : -4.301776 (0.216130)
energy : -2.174149 (0.001026)

kinetic : 2.115314 (0.210507)
potential : -4.289334 (0.210409)
energy : -2.174021 (0.001005)

kinetic : 2.150255 (0.207699)
potential : -4.324326 (0.207613)
energy : -2.174071 (0.000979)

kinetic : 2.123665 (0.203900)
potential : -4.297739 (0.203817)
energy : -2.174074 (0.000953)

kinetic : 2.110294 (0.199053)
potential : -4.284357 (0.198973)
energy : -2.174063 (0.000928)

kinetic : 2.095217 (0.194598)
potential : -4.269139 (0.194531)
energy : -2.173922 (0.000915)

kinetic : 2.115344 (0.190856)
potential : -4.289368 (0.190802)
energy : -2.174023 (0.000899)

kinetic : 2.105497 (0.186517)
potential : -4.279472 (0.186467)
energy : -2.173975 (0.000878)

kinetic : 2.093352 (0.182532)
potential : -4.267385 (0.182480)
energy : -2.174032 (0.000860)

kinetic : 2.086740 (0.178458)
potential : -4.260788 (0.178406)
energy : -2.174048 (0.000840)

kinetic : 2.135479 (0.181128)
potential : -4.309472 (0.181064)
energy : -2.173993 (0.000823)

kinetic : 2.139419 (0.177190)
potential : -4.313394 (0.177128)
energy : -2.173974 (0.000805)

kinetic : 2.132476 (0.173518)
potential : -4.306445 (0.173457)
energy : -2.173968 (0.000788)

kinetic : 2.131783 (0.169866)
potential : -4.305649 (0.169807)
energy : -2.173866 (0.000778)

kinetic : 2.127905 (0.166409)
potential : -4.301860 (0.166349)
energy : -2.173955 (0.000767)

kinetic : 2.106899 (0.164394)
potential : -4.280849 (0.164336)
energy : -2.173950 (0.000751)

kinetic : 2.100380 (0.161270)
potential : -4.274234 (0.161218)
energy : -2.173854 (0.000743)

kinetic : 2.090199 (0.158466)
potential : -4.264034 (0.158416)
energy : -2.173835 (0.000729)

kinetic : 2.084588 (0.155548)
potential : -4.258446 (0.155498)
energy : -2.173858 (0.000715)

kinetic : 2.085600 (0.152644)
potential : -4.259444 (0.152595)
energy : -2.173844 (0.000702)

kinetic : 2.081862 (0.149890)
potential : -4.255707 (0.149841)
energy : -2.173844 (0.000689)

kinetic : 2.073922 (0.147403)
potential : -4.247797 (0.147354)
energy : -2.173875 (0.000677)

kinetic : 2.054959 (0.146030)
potential : -4.228689 (0.146001)
energy : -2.173730 (0.000681)

kinetic : 2.049503 (0.143594)
potential : -4.223226 (0.143566)
energy : -2.173723 (0.000669)

kinetic : 2.052406 (0.141169)
potential : -4.226168 (0.141142)
energy : -2.173762 (0.000659)

kinetic : 2.054712 (0.138815)
potential : -4.228410 (0.138788)
energy : -2.173697 (0.000651)

kinetic : 2.046644 (0.136759)
potential : -4.220338 (0.136732)
energy : -2.173694 (0.000640)

kinetic : 2.064419 (0.135704)
potential : -4.238048 (0.135670)
energy : -2.173629 (0.000633)

kinetic : 2.062173 (0.133552)
potential : -4.235779 (0.133518)
energy : -2.173606 (0.000624)

kinetic : 2.051544 (0.131878)
potential : -4.225175 (0.131843)
energy : -2.173631 (0.000614)

kinetic : 2.032357 (0.131243)
potential : -4.205985 (0.131209)
energy : -2.173627 (0.000605)

kinetic : 2.030782 (0.129249)
potential : -4.204413 (0.129216)
energy : -2.173632 (0.000595)

kinetic : 2.029302 (0.127314)
potential : -4.202876 (0.127282)
energy : -2.173574 (0.000589)

kinetic : 2.022341 (0.125620)
potential : -4.195978 (0.125586)
energy : -2.173637 (0.000584)

kinetic : 2.084869 (0.138683)
potential : -4.258480 (0.138641)
energy : -2.173611 (0.000576)

kinetic : 2.073884 (0.137128)
potential : -4.247521 (0.137084)
energy : -2.173637 (0.000568)

kinetic : 2.127621 (0.145472)
potential : -4.301305 (0.145449)
energy : -2.173684 (0.000562)

kinetic : 2.155984 (0.146215)
potential : -4.329797 (0.146218)
energy : -2.173813 (0.000569)

kinetic : 2.142102 (0.144864)
potential : -4.315878 (0.144871)
energy : -2.173776 (0.000562)

kinetic : 2.151288 (0.143188)
potential : -4.325029 (0.143193)
energy : -2.173741 (0.000556)

kinetic : 2.133902 (0.142332)
potential : -4.307567 (0.142346)
energy : -2.173665 (0.000554)

kinetic : 2.129278 (0.140523)
potential : -4.302948 (0.140536)
energy : -2.173669 (0.000546)

kinetic : 2.143710 (0.139435)
potential : -4.317269 (0.139437)
energy : -2.173559 (0.000550)

kinetic : 2.149203 (0.137745)
potential : -4.322815 (0.137749)
energy : -2.173612 (0.000546)

kinetic : 2.147833 (0.135997)
potential : -4.321441 (0.136001)
energy : -2.173608 (0.000539)

kinetic : 2.134626 (0.134935)
potential : -4.308245 (0.134937)
energy : -2.173620 (0.000532)

kinetic : 2.119421 (0.134123)
potential : -4.292772 (0.134156)
energy : -2.173351 (0.000590)

kinetic : 2.101143 (0.133732)
potential : -4.274533 (0.133759)
energy : -2.173390 (0.000585)

kinetic : 2.087656 (0.132798)
potential : -4.261056 (0.132823)
energy : -2.173400 (0.000578)

kinetic : 2.080055 (0.131427)
potential : -4.253510 (0.131449)
energy : -2.173455 (0.000573)

kinetic : 2.078001 (0.129888)
potential : -4.251452 (0.129910)
energy : -2.173451 (0.000567)

kinetic : 2.076151 (0.128382)
potential : -4.249696 (0.128403)
energy : -2.173545 (0.000568)

kinetic : 2.085594 (0.127249)
potential : -4.259198 (0.127273)
energy : -2.173603 (0.000564)

kinetic : 2.073028 (0.126421)
potential : -4.246669 (0.126441)
energy : -2.173642 (0.000559)

kinetic : 2.071007 (0.125008)
potential : -4.244642 (0.125029)
energy : -2.173635 (0.000553)

kinetic : 2.095808 (0.126075)
potential : -4.269466 (0.126099)
energy : -2.173658 (0.000547)

kinetic : 2.089161 (0.124859)
potential : -4.262857 (0.124881)
energy : -2.173696 (0.000542)

kinetic : 2.098215 (0.123826)
potential : -4.271977 (0.123852)
energy : -2.173762 (0.000541)

kinetic : 2.091416 (0.122676)
potential : -4.265288 (0.122696)
energy : -2.173872 (0.000546)

kinetic : 2.097884 (0.121536)
potential : -4.271861 (0.121561)
energy : -2.173977 (0.000550)

kinetic : 2.090879 (0.120454)
potential : -4.264787 (0.120483)
energy : -2.173908 (0.000549)

kinetic : 2.095071 (0.119266)
potential : -4.269016 (0.119296)
energy : -2.173945 (0.000544)

kinetic : 2.086690 (0.118327)
potential : -4.260681 (0.118354)
energy : -2.173991 (0.000541)

kinetic : 2.081026 (0.117250)
potential : -4.254950 (0.117280)
energy : -2.173924 (0.000539)

kinetic : 2.101447 (0.117843)
potential : -4.275542 (0.117901)
energy : -2.174095 (0.000561)

kinetic : 2.088563 (0.117368)
potential : -4.262659 (0.117425)
energy : -2.174096 (0.000555)

kinetic : 2.091828 (0.116246)
potential : -4.265929 (0.116303)
energy : -2.174101 (0.000549)

kinetic : 2.094976 (0.115143)
potential : -4.269039 (0.115199)
energy : -2.174063 (0.000545)

kinetic : 2.120890 (0.116928)
potential : -4.294859 (0.116961)
energy : -2.173969 (0.000548)

kinetic : 2.121353 (0.115799)
potential : -4.295377 (0.115832)
energy : -2.174024 (0.000546)

kinetic : 2.120695 (0.114693)
potential : -4.294762 (0.114725)
energy : -2.174067 (0.000542)

kinetic : 2.122227 (0.113616)
potential : -4.296283 (0.113648)
energy : -2.174056 (0.000537)

kinetic : 2.132835 (0.113048)
potential : -4.306836 (0.113074)
energy : -2.174002 (0.000535)

kinetic : 2.139263 (0.112181)
potential : -4.313258 (0.112206)
energy : -2.173994 (0.000530)

kinetic : 2.130614 (0.111483)
potential : -4.304578 (0.111510)
energy : -2.173964 (0.000526)

kinetic : 2.127411 (0.110511)
potential : -4.301373 (0.110538)
energy : -2.173962 (0.000521)

kinetic : 2.118651 (0.109861)
potential : -4.292613 (0.109888)
energy : -2.173962 (0.000516)

kinetic : 2.115698 (0.108915)
potential : -4.289628 (0.108943)
energy : -2.173930 (0.000513)

kinetic : 2.107092 (0.108290)
potential : -4.281050 (0.108315)
energy : -2.173958 (0.000509)

kinetic : 2.117941 (0.107882)
potential : -4.291945 (0.107912)
energy : -2.174004 (0.000507)

kinetic : 2.118234 (0.106941)
potential : -4.292275 (0.106970)
energy : -2.174041 (0.000504)

kinetic : 2.116387 (0.106031)
potential : -4.290463 (0.106059)
energy : -2.174075 (0.000500)

kinetic : 2.108843 (0.105391)
potential : -4.282911 (0.105420)
energy : -2.174067 (0.000496)

kinetic : 2.102450 (0.104689)
potential : -4.276472 (0.104721)
energy : -2.174022 (0.000494)

kinetic : 2.097227 (0.103937)
potential : -4.271237 (0.103969)
energy : -2.174010 (0.000490)

kinetic : 2.096509 (0.103070)
potential : -4.270480 (0.103101)
energy : -2.173971 (0.000487)

kinetic : 2.103598 (0.102460)
potential : -4.277502 (0.102487)
energy : -2.173905 (0.000488)

kinetic : 2.131785 (0.105454)
potential : -4.305666 (0.105473)
energy : -2.173881 (0.000484)

kinetic : 2.183761 (0.116795)
potential : -4.357678 (0.116829)
energy : -2.173917 (0.000482)

kinetic : 2.183243 (0.115851)
potential : -4.357205 (0.115884)
energy : -2.173962 (0.000480)

kinetic : 2.180735 (0.114948)
potential : -4.354678 (0.114980)
energy : -2.173944 (0.000477)

kinetic : 2.184771 (0.114103)
potential : -4.358775 (0.114138)
energy : -2.174004 (0.000477)

kinetic : 2.180496 (0.113282)
potential : -4.354517 (0.113316)
energy : -2.174021 (0.000473)

kinetic : 2.178391 (0.112413)
potential : -4.352404 (0.112447)
energy : -2.174013 (0.000470)

kinetic : 2.174105 (0.111621)
potential : -4.348080 (0.111655)
energy : -2.173975 (0.000467)

kinetic : 2.206741 (0.115467)
potential : -4.380761 (0.115513)
energy : -2.174021 (0.000466)

kinetic : 2.207059 (0.114582)
potential : -4.381086 (0.114628)
energy : -2.174026 (0.000462)

kinetic : 2.205407 (0.113723)
potential : -4.379447 (0.113768)
energy : -2.174040 (0.000459)

kinetic : 2.210451 (0.112977)
potential : -4.384539 (0.113024)
energy : -2.174088 (0.000458)

kinetic : 2.207344 (0.112174)
potential : -4.381453 (0.112220)
energy : -2.174109 (0.000455)

kinetic : 2.202678 (0.111438)
potential : -4.376781 (0.111483)
energy : -2.174103 (0.000452)

kinetic : 2.198773 (0.110684)
potential : -4.372823 (0.110731)
energy : -2.174049 (0.000452)

kinetic : 2.192041 (0.110079)
potential : -4.366099 (0.110126)
energy : -2.174058 (0.000449)

kinetic : 2.186174 (0.109436)
potential : -4.360193 (0.109484)
energy : -2.174019 (0.000447)

kinetic : 2.184691 (0.108656)
potential : -4.358688 (0.108704)
energy : -2.173997 (0.000444)

kinetic : 2.183855 (0.107881)
potential : -4.357889 (0.107928)
energy : -2.174033 (0.000443)

kinetic : 2.181203 (0.107146)
potential : -4.355249 (0.107192)
energy : -2.174047 (0.000440)

kinetic : 2.177584 (0.106450)
potential : -4.351628 (0.106496)
energy : -2.174044 (0.000437)

kinetic : 2.183734 (0.105882)
potential : -4.357759 (0.105926)
energy : -2.174025 (0.000434)

kinetic : 2.186876 (0.105191)
potential : -4.360888 (0.105235)
energy : -2.174012 (0.000431)

kinetic : 2.183206 (0.104527)
potential : -4.357202 (0.104571)
energy : -2.173995 (0.000428)

kinetic : 2.190174 (0.104042)
potential : -4.364133 (0.104084)
energy : -2.173958 (0.000427)

kinetic : 2.193885 (0.103399)
potential : -4.367906 (0.103442)
energy : -2.174021 (0.000429)

kinetic : 2.208553 (0.103740)
potential : -4.382626 (0.103790)
energy : -2.174073 (0.000429)

kinetic : 2.197983 (0.103582)
potential : -4.372022 (0.103635)
energy : -2.174038 (0.000428)

kinetic : 2.195288 (0.102924)
potential : -4.369328 (0.102977)
energy : -2.174040 (0.000425)

kinetic : 2.189731 (0.102391)
potential : -4.363751 (0.102445)
energy : -2.174020 (0.000422)

kinetic : 2.192839 (0.101763)
potential : -4.366889 (0.101817)
energy : -2.174050 (0.000421)

kinetic : 2.198410 (0.101249)
potential : -4.372470 (0.101303)
energy : -2.174060 (0.000418)

kinetic : 2.194258 (0.100675)
potential : -4.368329 (0.100728)
energy : -2.174071 (0.000415)

kinetic : 2.189528 (0.100135)
potential : -4.363603 (0.100188)
energy : -2.174075 (0.000413)

kinetic : 2.185416 (0.099576)
potential : -4.359489 (0.099628)
energy : -2.174073 (0.000410)

kinetic : 2.199594 (0.099951)
potential : -4.373647 (0.099999)
energy : -2.174053 (0.000408)

kinetic : 2.201660 (0.099337)
potential : -4.375735 (0.099386)
energy : -2.174074 (0.000406)

kinetic : 2.198820 (0.098752)
potential : -4.372867 (0.098801)
energy : -2.174047 (0.000404)

kinetic : 2.196379 (0.098163)
potential : -4.370438 (0.098211)
energy : -2.174060 (0.000402)

kinetic : 2.196643 (0.097552)
potential : -4.370835 (0.097600)
energy : -2.174192 (0.000421)

kinetic : 2.188043 (0.097328)
potential : -4.362224 (0.097377)
energy : -2.174182 (0.000418)

kinetic : 2.184826 (0.096783)
potential : -4.358998 (0.096832)
energy : -2.174172 (0.000416)

kinetic : 2.194312 (0.096657)
potential : -4.368637 (0.096721)
energy : -2.174325 (0.000441)

kinetic : 2.187961 (0.096279)
potential : -4.362300 (0.096342)
energy : -2.174340 (0.000438)

kinetic : 2.186956 (0.095703)
potential : -4.361283 (0.095765)
energy : -2.174327 (0.000436)

kinetic : 2.179141 (0.095449)
potential : -4.353453 (0.095511)
energy : -2.174312 (0.000433)

kinetic : 2.178765 (0.094880)
potential : -4.353108 (0.094942)
energy : -2.174343 (0.000432)

kinetic : 2.172709 (0.094511)
potential : -4.347033 (0.094573)
energy : -2.174324 (0.000430)

kinetic : 2.167436 (0.094101)
potential : -4.341736 (0.094165)
energy : -2.174301 (0.000428)

kinetic : 2.167759 (0.093550)
potential : -4.342096 (0.093613)
energy : -2.174336 (0.000427)

kinetic : 2.169572 (0.093022)
potential : -4.343961 (0.093086)
energy : -2.174389 (0.000428)

kinetic : 2.164958 (0.092598)
potential : -4.339352 (0.092661)
energy : -2.174394 (0.000425)

kinetic : 2.169242 (0.092163)
potential : -4.343618 (0.092226)
energy : -2.174376 (0.000423)

kinetic : 2.175142 (0.091825)
potential : -4.349535 (0.091888)
energy : -2.174393 (0.000421)

kinetic : 2.188107 (0.092218)
potential : -4.362495 (0.092279)
energy : -2.174387 (0.000419)

kinetic : 2.187173 (0.091700)
potential : -4.361587 (0.091760)
energy : -2.174413 (0.000417)

kinetic : 2.184575 (0.091220)
potential : -4.359013 (0.091280)
energy : -2.174438 (0.000416)

kinetic : 2.184043 (0.090711)
potential : -4.358496 (0.090770)
energy : -2.174454 (0.000414)

kinetic : 2.181704 (0.090236)
potential : -4.356200 (0.090293)
energy : -2.174496 (0.000413)

kinetic : 2.176291 (0.089899)
potential : -4.350772 (0.089957)
energy : -2.174481 (0.000411)

kinetic : 2.176284 (0.089404)
potential : -4.350755 (0.089461)
energy : -2.174471 (0.000409)

kinetic : 2.169430 (0.089178)
potential : -4.343901 (0.089235)
energy : -2.174471 (0.000407)

kinetic : 2.162985 (0.088926)
potential : -4.337434 (0.088984)
energy : -2.174448 (0.000405)

kinetic : 2.161495 (0.088456)
potential : -4.335961 (0.088514)
energy : -2.174466 (0.000404)

kinetic : 2.161742 (0.087980)
potential : -4.336196 (0.088037)
energy : -2.174454 (0.000402)

kinetic : 2.156023 (0.087695)
potential : -4.330487 (0.087751)
energy : -2.174465 (0.000400)

kinetic : 2.152767 (0.087288)
potential : -4.327226 (0.087344)
energy : -2.174460 (0.000398)

kinetic : 2.145943 (0.087092)
potential : -4.320401 (0.087148)
energy : -2.174458 (0.000395)

kinetic : 2.146174 (0.086633)
potential : -4.320631 (0.086688)
energy : -2.174457 (0.000393)

kinetic : 2.142237 (0.086268)
potential : -4.316687 (0.086323)
energy : -2.174450 (0.000391)

kinetic : 2.138506 (0.085899)
potential : -4.312935 (0.085955)
energy : -2.174428 (0.000390)

kinetic : 2.138935 (0.085453)
potential : -4.313313 (0.085509)
energy : -2.174378 (0.000391)

kinetic : 2.142148 (0.085073)
potential : -4.316522 (0.085127)
energy : -2.174374 (0.000389)

kinetic : 2.140630 (0.084649)
potential : -4.315020 (0.084703)
energy : -2.174390 (0.000387)

kinetic : 2.150351 (0.084775)
potential : -4.324792 (0.084835)
energy : -2.174441 (0.000389)

kinetic : 2.147044 (0.084408)
potential : -4.321460 (0.084469)
energy : -2.174415 (0.000388)

kinetic : 2.154766 (0.084335)
potential : -4.329222 (0.084399)
energy : -2.174456 (0.000388)

kinetic : 2.153206 (0.083925)
potential : -4.327665 (0.083988)
energy : -2.174458 (0.000386)

kinetic : 2.150247 (0.083557)
potential : -4.324698 (0.083619)
energy : -2.174452 (0.000384)

kinetic : 2.148095 (0.083168)
potential : -4.322572 (0.083230)
energy : -2.174477 (0.000383)

kinetic : 2.146527 (0.082770)
potential : -4.321021 (0.082831)
energy : -2.174494 (0.000382)

kinetic : 2.141663 (0.082504)
potential : -4.316161 (0.082565)
energy : -2.174498 (0.000380)

kinetic : 2.135375 (0.082339)
potential : -4.309876 (0.082399)
energy : -2.174501 (0.000378)

kinetic : 2.137658 (0.081969)
potential : -4.312163 (0.082028)
energy : -2.174504 (0.000376)

kinetic : 2.137273 (0.081571)
potential : -4.311793 (0.081630)
energy : -2.174519 (0.000374)

kinetic : 2.132484 (0.081317)
potential : -4.306994 (0.081376)
energy : -2.174511 (0.000373)

kinetic : 2.132029 (0.080926)
potential : -4.306525 (0.080986)
energy : -2.174496 (0.000371)

kinetic : 2.129066 (0.080593)
potential : -4.303579 (0.080651)
energy : -2.174513 (0.000370)

kinetic : 2.124973 (0.080312)
potential : -4.299522 (0.080368)
energy : -2.174549 (0.000370)

kinetic : 2.129976 (0.080087)
potential : -4.304614 (0.080149)
energy : -2.174638 (0.000379)

kinetic : 2.130208 (0.079709)
potential : -4.304928 (0.079770)
energy : -2.174720 (0.000386)

kinetic : 2.142318 (0.080253)
potential : -4.317058 (0.080316)
energy : -2.174740 (0.000384)

kinetic : 2.136666 (0.080076)
potential : -4.311400 (0.080140)
energy : -2.174734 (0.000383)

kinetic : 2.134869 (0.079723)
potential : -4.309611 (0.079786)
energy : -2.174742 (0.000381)

kinetic : 2.151442 (0.081066)
potential : -4.326231 (0.081137)
energy : -2.174790 (0.000382)

kinetic : 2.159383 (0.081081)
potential : -4.334162 (0.081150)
energy : -2.174779 (0.000380)

kinetic : 2.165771 (0.080961)
potential : -4.340627 (0.081036)
energy : -2.174856 (0.000386)

kinetic : 2.164254 (0.080604)
potential : -4.339113 (0.080679)
energy : -2.174859 (0.000385)

kinetic : 2.159613 (0.080371)
potential : -4.334461 (0.080446)
energy : -2.174848 (0.000383)

kinetic : 2.157874 (0.080026)
potential : -4.332706 (0.080100)
energy : -2.174833 (0.000382)

kinetic : 2.178706 (0.082343)
potential : -4.353693 (0.082454)
energy : -2.174987 (0.000410)

kinetic : 2.179631 (0.081978)
potential : -4.354606 (0.082089)
energy : -2.174975 (0.000409)

kinetic : 2.181126 (0.081625)
potential : -4.356080 (0.081735)
energy : -2.174955 (0.000407)

kinetic : 2.179276 (0.081283)
potential : -4.354220 (0.081392)
energy : -2.174944 (0.000406)

kinetic : 2.180919 (0.080939)
potential : -4.355862 (0.081048)
energy : -2.174943 (0.000404)

kinetic : 2.179203 (0.080600)
potential : -4.354123 (0.080709)
energy : -2.174920 (0.000403)

kinetic : 2.180041 (0.080250)
potential : -4.354984 (0.080358)
energy : -2.174943 (0.000402)

kinetic : 2.187639 (0.080259)
potential : -4.362594 (0.080368)
energy : -2.174955 (0.000400)

kinetic : 2.185431 (0.079940)
potential : -4.360370 (0.080049)
energy : -2.174939 (0.000399)

kinetic : 2.183177 (0.079625)
potential : -4.358112 (0.079733)
energy : -2.174935 (0.000397)

kinetic : 2.183635 (0.079282)
potential : -4.358559 (0.079390)
energy : -2.174925 (0.000395)

kinetic : 2.183895 (0.078942)
potential : -4.358815 (0.079049)
energy : -2.174920 (0.000394)

kinetic : 2.181942 (0.078628)
potential : -4.356862 (0.078735)
energy : -2.174920 (0.000392)

kinetic : 2.178003 (0.078392)
potential : -4.352915 (0.078498)
energy : -2.174912 (0.000390)

kinetic : 2.179822 (0.078080)
potential : -4.354729 (0.078186)
energy : -2.174908 (0.000389)

kinetic : 2.176241 (0.077832)
potential : -4.351157 (0.077937)
energy : -2.174916 (0.000387)

kinetic : 2.172701 (0.077585)
potential : -4.347625 (0.077690)
energy : -2.174925 (0.000386)

kinetic : 2.169198 (0.077339)
potential : -4.344103 (0.077444)
energy : -2.174905 (0.000385)

kinetic : 2.165706 (0.077096)
potential : -4.340604 (0.077200)
energy : -2.174897 (0.000383)

kinetic : 2.161898 (0.076869)
potential : -4.336791 (0.076973)
energy : -2.174893 (0.000381)

kinetic : 2.166390 (0.076683)
potential : -4.341291 (0.076787)
energy : -2.174902 (0.000380)

kinetic : 2.166181 (0.076367)
potential : -4.341089 (0.076470)
energy : -2.174908 (0.000378)

kinetic : 2.162114 (0.076162)
potential : -4.337007 (0.076265)
energy : -2.174894 (0.000377)

kinetic : 2.156587 (0.076051)
potential : -4.331475 (0.076155)
energy : -2.174889 (0.000376)

kinetic : 2.156208 (0.075743)
potential : -4.331108 (0.075845)
energy : -2.174900 (0.000374)

kinetic : 2.152687 (0.075518)
potential : -4.327574 (0.075620)
energy : -2.174887 (0.000373)

kinetic : 2.146955 (0.075431)
potential : -4.321842 (0.075533)
energy : -2.174887 (0.000372)

kinetic : 2.143758 (0.075195)
potential : -4.318642 (0.075297)
energy : -2.174884 (0.000370)

kinetic : 2.140575 (0.074961)
potential : -4.315469 (0.075062)
energy : -2.174893 (0.000369)

kinetic : 2.138330 (0.074696)
potential : -4.313213 (0.074796)
energy : -2.174883 (0.000367)

kinetic : 2.138439 (0.074399)
potential : -4.313327 (0.074499)
energy : -2.174887 (0.000366)

kinetic : 2.136994 (0.074118)
potential : -4.311869 (0.074218)
energy : -2.174876 (0.000365)

kinetic : 2.135066 (0.073851)
potential : -4.309934 (0.073951)
energy : -2.174868 (0.000363)

kinetic : 2.133147 (0.073586)
potential : -4.308014 (0.073685)
energy : -2.174867 (0.000362)

kinetic : 2.150787 (0.075391)
potential : -4.325620 (0.075479)
energy : -2.174832 (0.000362)

kinetic : 2.158221 (0.075464)
potential : -4.333065 (0.075553)
energy : -2.174844 (0.000361)

kinetic : 2.158433 (0.075171)
potential : -4.333306 (0.075260)
energy : -2.174872 (0.000361)

kinetic : 2.155372 (0.074943)
potential : -4.330255 (0.075031)
energy : -2.174883 (0.000359)

kinetic : 2.152102 (0.074726)
potential : -4.326988 (0.074813)
energy : -2.174887 (0.000358)

kinetic : 2.149649 (0.074479)
potential : -4.324507 (0.074567)
energy : -2.174857 (0.000358)

kinetic : 2.146645 (0.074255)
potential : -4.321472 (0.074344)
energy : -2.174827 (0.000358)

kinetic : 2.142926 (0.074066)
potential : -4.317730 (0.074155)
energy : -2.174804 (0.000357)

kinetic : 2.142090 (0.073789)
potential : -4.316880 (0.073878)
energy : -2.174790 (0.000356)

kinetic : 2.140016 (0.073540)
potential : -4.314809 (0.073628)
energy : -2.174793 (0.000355)

kinetic : 2.136630 (0.073341)
potential : -4.311417 (0.073429)
energy : -2.174786 (0.000353)

kinetic : 2.134219 (0.073105)
potential : -4.308987 (0.073194)
energy : -2.174768 (0.000353)

kinetic : 2.131131 (0.072898)
potential : -4.305905 (0.072986)
energy : -2.174773 (0.000351)

kinetic : 2.127055 (0.072740)
potential : -4.301818 (0.072829)
energy : -2.174763 (0.000350)

kinetic : 2.123943 (0.072537)
potential : -4.298697 (0.072625)
energy : -2.174754 (0.000349)

kinetic : 2.120446 (0.072354)
potential : -4.295194 (0.072442)
energy : -2.174748 (0.000348)

kinetic : 2.121257 (0.072092)
potential : -4.296009 (0.072179)
energy : -2.174752 (0.000346)

kinetic : 2.119676 (0.071845)
potential : -4.294424 (0.071932)
energy : -2.174748 (0.000345)

kinetic : 2.117633 (0.071611)
potential : -4.292366 (0.071699)
energy : -2.174733 (0.000344)

kinetic : 2.134720 (0.073368)
potential : -4.309474 (0.073457)
energy : -2.174754 (0.000344)

kinetic : 2.130664 (0.073214)
potential : -4.305413 (0.073303)
energy : -2.174749 (0.000343)

kinetic : 2.128113 (0.072994)
potential : -4.302854 (0.073083)
energy : -2.174741 (0.000341)

kinetic : 2.127447 (0.072734)
potential : -4.302164 (0.072823)
energy : -2.174717 (0.000341)

kinetic : 2.131048 (0.072562)
potential : -4.305764 (0.072651)
energy : -2.174716 (0.000340)

kinetic : 2.137943 (0.072630)
potential : -4.312666 (0.072719)
energy : -2.174722 (0.000339)

kinetic : 2.137047 (0.072377)
potential : -4.311756 (0.072466)
energy : -2.174709 (0.000338)

kinetic : 2.134565 (0.072162)
potential : -4.309294 (0.072250)
energy : -2.174729 (0.000337)

kinetic : 2.137552 (0.071969)
potential : -4.312265 (0.072056)
energy : -2.174713 (0.000336)

kinetic : 2.134700 (0.071772)
potential : -4.309438 (0.071857)
energy : -2.174738 (0.000336)

kinetic : 2.136008 (0.071532)
potential : -4.310727 (0.071616)
energy : -2.174719 (0.000335)

kinetic : 2.135076 (0.071287)
potential : -4.309803 (0.071371)
energy : -2.174726 (0.000334)

kinetic : 2.133211 (0.071063)
potential : -4.307915 (0.071147)
energy : -2.174704 (0.000334)

kinetic : 2.130241 (0.070878)
potential : -4.304941 (0.070962)
energy : -2.174700 (0.000333)

kinetic : 2.125150 (0.070815)
potential : -4.299848 (0.070899)
energy : -2.174698 (0.000332)

kinetic : 2.123616 (0.070588)
potential : -4.298312 (0.070671)
energy : -2.174697 (0.000331)

kinetic : 2.123242 (0.070346)
potential : -4.297926 (0.070429)
energy : -2.174684 (0.000330)

kinetic : 2.122825 (0.070105)
potential : -4.297510 (0.070188)
energy : -2.174685 (0.000328)

kinetic : 2.120407 (0.069908)
potential : -4.295102 (0.069990)
energy : -2.174695 (0.000328)

kinetic : 2.121529 (0.069678)
potential : -4.296235 (0.069761)
energy : -2.174706 (0.000327)

kinetic : 2.119191 (0.069481)
potential : -4.293885 (0.069564)
energy : -2.174693 (0.000326)

kinetic : 2.121826 (0.069296)
potential : -4.296516 (0.069378)
energy : -2.174689 (0.000325)

kinetic : 2.119721 (0.069095)
potential : -4.294419 (0.069176)
energy : -2.174697 (0.000324)

kinetic : 2.119110 (0.068865)
potential : -4.293792 (0.068946)
energy : -2.174682 (0.000323)

kinetic : 2.119243 (0.068634)
potential : -4.293918 (0.068715)
energy : -2.174675 (0.000322)

kinetic : 2.122332 (0.068475)
potential : -4.297001 (0.068555)
energy : -2.174669 (0.000321)

kinetic : 2.119664 (0.068299)
potential : -4.294292 (0.068381)
energy : -2.174628 (0.000322)

kinetic : 2.121217 (0.068090)
potential : -4.295846 (0.068172)
energy : -2.174629 (0.000321)

kinetic : 2.119140 (0.067897)
potential : -4.293784 (0.067978)
energy : -2.174644 (0.000321)

kinetic : 2.123412 (0.067808)
potential : -4.298083 (0.067890)
energy : -2.174671 (0.000321)

kinetic : 2.119009 (0.067729)
potential : -4.293686 (0.067810)
energy : -2.174677 (0.000320)

kinetic : 2.117706 (0.067520)
potential : -4.292394 (0.067600)
energy : -2.174688 (0.000319)

kinetic : 2.114568 (0.067372)
potential : -4.289244 (0.067453)
energy : -2.174677 (0.000318)

kinetic : 2.110237 (0.067293)
potential : -4.284905 (0.067374)
energy : -2.174668 (0.000317)

kinetic : 2.110269 (0.067075)
potential : -4.284948 (0.067155)
energy : -2.174680 (0.000316)

kinetic : 2.110842 (0.066860)
potential : -4.285544 (0.066941)
energy : -2.174702 (0.000316)

kinetic : 2.110355 (0.066647)
potential : -4.285051 (0.066727)
energy : -2.174696 (0.000315)

kinetic : 2.107957 (0.066476)
potential : -4.282647 (0.066556)
energy : -2.174690 (0.000314)

kinetic : 2.109796 (0.066289)
potential : -4.284512 (0.066369)
energy : -2.174716 (0.000314)

kinetic : 2.109473 (0.066078)
potential : -4.284201 (0.066159)
energy : -2.174727 (0.000313)

kinetic : 2.110284 (0.065873)
potential : -4.285001 (0.065953)
energy : -2.174717 (0.000313)

kinetic : 2.107743 (0.065713)
potential : -4.282458 (0.065793)
energy : -2.174715 (0.000312)

kinetic : 2.107977 (0.065506)
potential : -4.282682 (0.065586)
energy : -2.174705 (0.000311)

kinetic : 2.105195 (0.065359)
potential : -4.279898 (0.065438)
energy : -2.174703 (0.000310)

kinetic : 2.102268 (0.065220)
potential : -4.276949 (0.065299)
energy : -2.174682 (0.000310)

kinetic : 2.102103 (0.065016)
potential : -4.276777 (0.065095)
energy : -2.174674 (0.000309)

kinetic : 2.100904 (0.064824)
potential : -4.275582 (0.064903)
energy : -2.174678 (0.000308)

kinetic : 2.102008 (0.064632)
potential : -4.276670 (0.064710)
energy : -2.174662 (0.000307)

kinetic : 2.106296 (0.064574)
potential : -4.280950 (0.064652)
energy : -2.174654 (0.000306)

kinetic : 2.106702 (0.064376)
potential : -4.281359 (0.064453)
energy : -2.174657 (0.000305)

kinetic : 2.106492 (0.064178)
potential : -4.281153 (0.064255)
energy : -2.174661 (0.000305)

kinetic : 2.103787 (0.064038)
potential : -4.278446 (0.064115)
energy : -2.174658 (0.000304)

kinetic : 2.102653 (0.063851)
potential : -4.277299 (0.063929)
energy : -2.174645 (0.000303)

kinetic : 2.102996 (0.063657)
potential : -4.277648 (0.063734)
energy : -2.174652 (0.000302)

kinetic : 2.100233 (0.063524)
potential : -4.274898 (0.063600)
energy : -2.174666 (0.000301)

kinetic : 2.100323 (0.063331)
potential : -4.275007 (0.063407)
energy : -2.174685 (0.000301)

kinetic : 2.098612 (0.063163)
potential : -4.273291 (0.063238)
energy : -2.174679 (0.000300)

kinetic : 2.099239 (0.062975)
potential : -4.273902 (0.063050)
energy : -2.174663 (0.000300)

kinetic : 2.098100 (0.062796)
potential : -4.272767 (0.062871)
energy : -2.174667 (0.000299)

kinetic : 2.099864 (0.062633)
potential : -4.274536 (0.062707)
energy : -2.174672 (0.000298)

kinetic : 2.100263 (0.062447)
potential : -4.274928 (0.062521)
energy : -2.174665 (0.000297)

kinetic : 2.099037 (0.062273)
potential : -4.273710 (0.062347)
energy : -2.174673 (0.000296)

kinetic : 2.097916 (0.062098)
potential : -4.272600 (0.062171)
energy : -2.174684 (0.000296)

kinetic : 2.096058 (0.061942)
potential : -4.270733 (0.062015)
energy : -2.174675 (0.000295)

kinetic : 2.094252 (0.061785)
potential : -4.268913 (0.061859)
energy : -2.174661 (0.000294)

kinetic : 2.094719 (0.061605)
potential : -4.269428 (0.061679)
energy : -2.174709 (0.000297)

kinetic : 2.092429 (0.061467)
potential : -4.267137 (0.061540)
energy : -2.174708 (0.000297)

kinetic : 2.099940 (0.061745)
potential : -4.274661 (0.061820)
energy : -2.174722 (0.000296)

kinetic : 2.101743 (0.061591)
potential : -4.276488 (0.061666)
energy : -2.174744 (0.000296)

kinetic : 2.098507 (0.061497)
potential : -4.273254 (0.061572)
energy : -2.174747 (0.000295)

kinetic : 2.096908 (0.061339)
potential : -4.271658 (0.061414)
energy : -2.174750 (0.000294)

kinetic : 2.094118 (0.061225)
potential : -4.268877 (0.061299)
energy : -2.174759 (0.000294)

kinetic : 2.098576 (0.061211)
potential : -4.273340 (0.061285)
energy : -2.174764 (0.000293)

kinetic : 2.096527 (0.061070)
potential : -4.271301 (0.061143)
energy : -2.174774 (0.000292)

kinetic : 2.097592 (0.060904)
potential : -4.272376 (0.060977)
energy : -2.174783 (0.000291)

kinetic : 2.099441 (0.060758)
potential : -4.274235 (0.060831)
energy : -2.174793 (0.000291)

kinetic : 2.098893 (0.060587)
potential : -4.273692 (0.060660)
energy : -2.174798 (0.000290)

kinetic : 2.097686 (0.060426)
potential : -4.272475 (0.060499)
energy : -2.174789 (0.000289)

kinetic : 2.100520 (0.060322)
potential : -4.275293 (0.060393)
energy : -2.174773 (0.000289)

kinetic : 2.098428 (0.060187)
potential : -4.273204 (0.060259)
energy : -2.174776 (0.000288)

kinetic : 2.104427 (0.060317)
potential : -4.279220 (0.060389)
energy : -2.174792 (0.000288)

kinetic : 2.101750 (0.060206)
potential : -4.276536 (0.060279)
energy : -2.174787 (0.000287)

kinetic : 2.099376 (0.060085)
potential : -4.274156 (0.060157)
energy : -2.174780 (0.000286)

kinetic : 2.107195 (0.060424)
potential : -4.282021 (0.060502)
energy : -2.174826 (0.000289)

kinetic : 2.104780 (0.060304)
potential : -4.279593 (0.060382)
energy : -2.174813 (0.000289)

kinetic : 2.101177 (0.060244)
potential : -4.275996 (0.060322)
energy : -2.174819 (0.000288)

kinetic : 2.099328 (0.060106)
potential : -4.274143 (0.060183)
energy : -2.174815 (0.000287)

kinetic : 2.096487 (0.060007)
potential : -4.271292 (0.060084)
energy : -2.174805 (0.000287)

kinetic : 2.095192 (0.059855)
potential : -4.270001 (0.059932)
energy : -2.174809 (0.000286)

kinetic : 2.093324 (0.059720)
potential : -4.268135 (0.059796)
energy : -2.174811 (0.000285)

kinetic : 2.095573 (0.059598)
potential : -4.270384 (0.059675)
energy : -2.174811 (0.000284)

kinetic : 2.094645 (0.059443)
potential : -4.269462 (0.059519)
energy : -2.174817 (0.000284)

kinetic : 2.093408 (0.059293)
potential : -4.268224 (0.059369)
energy : -2.174815 (0.000283)

kinetic : 2.093930 (0.059134)
potential : -4.268752 (0.059210)
energy : -2.174821 (0.000282)

kinetic : 2.094574 (0.058977)
potential : -4.269398 (0.059053)
energy : -2.174824 (0.000281)

kinetic : 2.099523 (0.059025)
potential : -4.274351 (0.059101)
energy : -2.174828 (0.000281)

kinetic : 2.102784 (0.058956)
potential : -4.277612 (0.059031)
energy : -2.174828 (0.000280)

kinetic : 2.102438 (0.058799)
potential : -4.277255 (0.058874)
energy : -2.174816 (0.000279)

kinetic : 2.105585 (0.058725)
potential : -4.280441 (0.058802)
energy : -2.174856 (0.000281)

kinetic : 2.108517 (0.058641)
potential : -4.283381 (0.058718)
energy : -2.174864 (0.000281)

kinetic : 2.108252 (0.058485)
potential : -4.283110 (0.058562)
energy : -2.174858 (0.000280)

kinetic : 2.109431 (0.058342)
potential : -4.284281 (0.058418)
energy : -2.174850 (0.000279)

kinetic : 2.114502 (0.058407)
potential : -4.289340 (0.058482)
energy : -2.174838 (0.000279)

kinetic : 2.113063 (0.058270)
potential : -4.287889 (0.058345)
energy : -2.174826 (0.000278)

kinetic : 2.112346 (0.058121)
potential : -4.287174 (0.058195)
energy : -2.174828 (0.000278)

kinetic : 2.108818 (0.058075)
potential : -4.283654 (0.058149)
energy : -2.174836 (0.000277)

kinetic : 2.108338 (0.057924)
potential : -4.283174 (0.057998)
energy : -2.174836 (0.000276)

kinetic : 2.112105 (0.057895)
potential : -4.286940 (0.057968)
energy : -2.174836 (0.000276)

kinetic : 2.115788 (0.057861)
potential : -4.290627 (0.057934)
energy : -2.174839 (0.000275)

kinetic : 2.114904 (0.057717)
potential : -4.289752 (0.057790)
energy : -2.174848 (0.000274)

kinetic : 2.114254 (0.057571)
potential : -4.289103 (0.057643)
energy : -2.174849 (0.000274)

kinetic : 2.117929 (0.057539)
potential : -4.292753 (0.057609)
energy : -2.174823 (0.000274)

kinetic : 2.118931 (0.057399)
potential : -4.293762 (0.057469)
energy : -2.174831 (0.000274)

kinetic : 2.118254 (0.057254)
potential : -4.293070 (0.057325)
energy : -2.174816 (0.000273)

kinetic : 2.119703 (0.057125)
potential : -4.294515 (0.057196)
energy : -2.174812 (0.000273)

kinetic : 2.119819 (0.056979)
potential : -4.294639 (0.057049)
energy : -2.174820 (0.000272)

kinetic : 2.120940 (0.056844)
potential : -4.295790 (0.056914)
energy : -2.174850 (0.000273)

kinetic : 2.121087 (0.056699)
potential : -4.295958 (0.056769)
energy : -2.174870 (0.000273)

kinetic : 2.121408 (0.056555)
potential : -4.296275 (0.056626)
energy : -2.174866 (0.000272)

kinetic : 2.121554 (0.056412)
potential : -4.296433 (0.056482)
energy : -2.174878 (0.000272)

kinetic : 2.124627 (0.056353)
potential : -4.299526 (0.056424)
energy : -2.174899 (0.000272)

kinetic : 2.124805 (0.056211)
potential : -4.299712 (0.056281)
energy : -2.174907 (0.000271)

kinetic : 2.123986 (0.056075)
potential : -4.298889 (0.056145)
energy : -2.174904 (0.000271)

kinetic : 2.127418 (0.056039)
potential : -4.302308 (0.056108)
energy : -2.174891 (0.000270)

kinetic : 2.124546 (0.055972)
potential : -4.299423 (0.056042)
energy : -2.174877 (0.000270)

kinetic : 2.127728 (0.055922)
potential : -4.302594 (0.055991)
energy : -2.174867 (0.000270)

kinetic : 2.130120 (0.055834)
potential : -4.304976 (0.055902)
energy : -2.174856 (0.000269)

kinetic : 2.129445 (0.055699)
potential : -4.304300 (0.055767)
energy : -2.174855 (0.000268)

kinetic : 2.128796 (0.055565)
potential : -4.303658 (0.055632)
energy : -2.174862 (0.000268)

kinetic : 2.127168 (0.055451)
potential : -4.302038 (0.055518)
energy : -2.174869 (0.000267)

kinetic : 2.125664 (0.055334)
potential : -4.300537 (0.055401)
energy : -2.174873 (0.000267)

kinetic : 2.124781 (0.055205)
potential : -4.299641 (0.055272)
energy : -2.174860 (0.000266)

kinetic : 2.123937 (0.055075)
potential : -4.298798 (0.055142)
energy : -2.174861 (0.000266)

kinetic : 2.127291 (0.055042)
potential : -4.302138 (0.055108)
energy : -2.174848 (0.000265)

kinetic : 2.125973 (0.054923)
potential : -4.300832 (0.054989)
energy : -2.174859 (0.000265)

kinetic : 2.125107 (0.054796)
potential : -4.299968 (0.054861)
energy : -2.174862 (0.000264)

kinetic : 2.123503 (0.054686)
potential : -4.298368 (0.054751)
energy : -2.174865 (0.000264)

kinetic : 2.122905 (0.054557)
potential : -4.297760 (0.054622)
energy : -2.174855 (0.000263)

kinetic : 2.121975 (0.054432)
potential : -4.296841 (0.054497)
energy : -2.174866 (0.000263)

kinetic : 2.120904 (0.054311)
potential : -4.295757 (0.054376)
energy : -2.174853 (0.000263)

kinetic : 2.119319 (0.054203)
potential : -4.294166 (0.054268)
energy : -2.174847 (0.000262)

kinetic : 2.125322 (0.054405)
potential : -4.300189 (0.054472)
energy : -2.174868 (0.000262)

kinetic : 2.124116 (0.054288)
potential : -4.298991 (0.054354)
energy : -2.174875 (0.000262)

kinetic : 2.123280 (0.054164)
potential : -4.298156 (0.054230)
energy : -2.174876 (0.000261)

kinetic : 2.123780 (0.054037)
potential : -4.298635 (0.054103)
energy : -2.174856 (0.000261)

kinetic : 2.123479 (0.053909)
potential : -4.298329 (0.053975)
energy : -2.174849 (0.000261)

kinetic : 2.124766 (0.053796)
potential : -4.299616 (0.053862)
energy : -2.174850 (0.000260)

kinetic : 2.123079 (0.053695)
potential : -4.297928 (0.053760)
energy : -2.174849 (0.000259)

kinetic : 2.125165 (0.053609)
potential : -4.300001 (0.053673)
energy : -2.174836 (0.000259)

kinetic : 2.121969 (0.053578)
potential : -4.296809 (0.053642)
energy : -2.174840 (0.000259)

kinetic : 2.122193 (0.053452)
potential : -4.297034 (0.053516)
energy : -2.174841 (0.000258)

kinetic : 2.121687 (0.053329)
potential : -4.296550 (0.053392)
energy : -2.174863 (0.000258)

kinetic : 2.124973 (0.053305)
potential : -4.299829 (0.053368)
energy : -2.174856 (0.000258)

kinetic : 2.122292 (0.053248)
potential : -4.297155 (0.053310)
energy : -2.174863 (0.000257)

kinetic : 2.121015 (0.053139)
potential : -4.295883 (0.053201)
energy : -2.174868 (0.000257)

kinetic : 2.123674 (0.053082)
potential : -4.298539 (0.053143)
energy : -2.174865 (0.000256)

kinetic : 2.123045 (0.052962)
potential : -4.297871 (0.053024)
energy : -2.174826 (0.000258)

kinetic : 2.121808 (0.052854)
potential : -4.296632 (0.052916)
energy : -2.174824 (0.000258)

kinetic : 2.121525 (0.052732)
potential : -4.296338 (0.052794)
energy : -2.174813 (0.000258)

kinetic : 2.122293 (0.052616)
potential : -4.297102 (0.052678)
energy : -2.174809 (0.000257)

kinetic : 2.122937 (0.052499)
potential : -4.297744 (0.052561)
energy : -2.174807 (0.000256)

kinetic : 2.120186 (0.052451)
potential : -4.294981 (0.052513)
energy : -2.174795 (0.000256)

kinetic : 2.120404 (0.052331)
potential : -4.295189 (0.052393)
energy : -2.174786 (0.000256)

kinetic : 2.118932 (0.052232)
potential : -4.293714 (0.052294)
energy : -2.174782 (0.000255)

kinetic : 2.116493 (0.052170)
potential : -4.291276 (0.052232)
energy : -2.174783 (0.000255)

kinetic : 2.115614 (0.052059)
potential : -4.290391 (0.052120)
energy : -2.174777 (0.000254)

kinetic : 2.115487 (0.051941)
potential : -4.290259 (0.052002)
energy : -2.174772 (0.000253)

kinetic : 2.116241 (0.051829)
potential : -4.291022 (0.051890)
energy : -2.174782 (0.000253)

kinetic : 2.115415 (0.051718)
potential : -4.290211 (0.051779)
energy : -2.174796 (0.000253)

kinetic : 2.117049 (0.051627)
potential : -4.291876 (0.051689)
energy : -2.174827 (0.000254)

kinetic : 2.114796 (0.051561)
potential : -4.289621 (0.051622)
energy : -2.174825 (0.000254)

kinetic : 2.118354 (0.051568)
potential : -4.293165 (0.051628)
energy : -2.174812 (0.000254)

kinetic : 2.119194 (0.051459)
potential : -4.294023 (0.051520)
energy : -2.174828 (0.000254)

kinetic : 2.119426 (0.051345)
potential : -4.294248 (0.051405)
energy : -2.174823 (0.000253)

kinetic : 2.116976 (0.051289)
potential : -4.291794 (0.051349)
energy : -2.174818 (0.000252)

kinetic : 2.116537 (0.051176)
potential : -4.291347 (0.051237)
energy : -2.174810 (0.000252)

kinetic : 2.115734 (0.051069)
potential : -4.290537 (0.051129)
energy : -2.174803 (0.000252)

kinetic : 2.115913 (0.050956)
potential : -4.290714 (0.051016)
energy : -2.174801 (0.000251)

kinetic : 2.115052 (0.050851)
potential : -4.289861 (0.050911)
energy : -2.174809 (0.000251)

kinetic : 2.116508 (0.050760)
potential : -4.291327 (0.050820)
energy : -2.174819 (0.000250)

kinetic : 2.115916 (0.050652)
potential : -4.290736 (0.050711)
energy : -2.174820 (0.000250)

kinetic : 2.113560 (0.050595)
potential : -4.288376 (0.050655)
energy : -2.174816 (0.000249)

kinetic : 2.114651 (0.050496)
potential : -4.289478 (0.050556)
energy : -2.174827 (0.000249)

kinetic : 2.119697 (0.050638)
potential : -4.294536 (0.050698)
energy : -2.174839 (0.000249)

kinetic : 2.116962 (0.050601)
potential : -4.291803 (0.050662)
energy : -2.174841 (0.000248)

kinetic : 2.116229 (0.050497)
potential : -4.291066 (0.050557)
energy : -2.174837 (0.000248)

kinetic : 2.114304 (0.050424)
potential : -4.289139 (0.050484)
energy : -2.174835 (0.000247)

kinetic : 2.113193 (0.050327)
potential : -4.288015 (0.050387)
energy : -2.174822 (0.000247)

kinetic : 2.123265 (0.051218)
potential : -4.298058 (0.051271)
energy : -2.174792 (0.000248)

kinetic : 2.127557 (0.051287)
potential : -4.302360 (0.051341)
energy : -2.174803 (0.000248)

kinetic : 2.126389 (0.051190)
potential : -4.301190 (0.051244)
energy : -2.174801 (0.000247)

kinetic : 2.123905 (0.051141)
potential : -4.298705 (0.051194)
energy : -2.174799 (0.000247)

kinetic : 2.124447 (0.051034)
potential : -4.299255 (0.051087)
energy : -2.174808 (0.000246)

kinetic : 2.122007 (0.050983)
potential : -4.296803 (0.051037)
energy : -2.174796 (0.000246)

kinetic : 2.120765 (0.050890)
potential : -4.295551 (0.050943)
energy : -2.174786 (0.000246)

kinetic : 2.119363 (0.050800)
potential : -4.294159 (0.050854)
energy : -2.174796 (0.000245)

kinetic : 2.118416 (0.050701)
potential : -4.293221 (0.050755)
energy : -2.174804 (0.000245)

kinetic : 2.118606 (0.050594)
potential : -4.293409 (0.050647)
energy : -2.174804 (0.000245)

kinetic : 2.117805 (0.050493)
potential : -4.292600 (0.050547)
energy : -2.174796 (0.000244)

kinetic : 2.117276 (0.050390)
potential : -4.292071 (0.050443)
energy : -2.174795 (0.000244)

kinetic : 2.115081 (0.050331)
potential : -4.289881 (0.050384)
energy : -2.174800 (0.000243)

kinetic : 2.112331 (0.050301)
potential : -4.287127 (0.050353)
energy : -2.174796 (0.000243)

kinetic : 2.118247 (0.050542)
potential : -4.293100 (0.050601)
energy : -2.174853 (0.000249)

kinetic : 2.120129 (0.050472)
potential : -4.294984 (0.050531)
energy : -2.174856 (0.000248)

kinetic : 2.121330 (0.050381)
potential : -4.296182 (0.050439)
energy : -2.174853 (0.000248)

kinetic : 2.132418 (0.051484)
potential : -4.307286 (0.051544)
energy : -2.174869 (0.000248)

kinetic : 2.134013 (0.051401)
potential : -4.308887 (0.051462)
energy : -2.174874 (0.000247)

kinetic : 2.133121 (0.051302)
potential : -4.307998 (0.051363)
energy : -2.174877 (0.000247)

kinetic : 2.132952 (0.051196)
potential : -4.307829 (0.051257)
energy : -2.174877 (0.000246)

kinetic : 2.134734 (0.051121)
potential : -4.309645 (0.051183)
energy : -2.174911 (0.000248)

kinetic : 2.135138 (0.051017)
potential : -4.310037 (0.051079)
energy : -2.174898 (0.000248)

kinetic : 2.133198 (0.050949)
potential : -4.308093 (0.051010)
energy : -2.174895 (0.000248)

kinetic : 2.132371 (0.050851)
potential : -4.307263 (0.050912)
energy : -2.174891 (0.000247)

kinetic : 2.131764 (0.050751)
potential : -4.306650 (0.050812)
energy : -2.174885 (0.000247)

kinetic : 2.132546 (0.050653)
potential : -4.307430 (0.050714)
energy : -2.174885 (0.000246)

kinetic : 2.131123 (0.050569)
potential : -4.306007 (0.050630)
energy : -2.174884 (0.000246)

kinetic : 2.129471 (0.050493)
potential : -4.304349 (0.050554)
energy : -2.174878 (0.000245)

kinetic : 2.127963 (0.050413)
potential : -4.302837 (0.050474)
energy : -2.174874 (0.000245)

kinetic : 2.127736 (0.050311)
potential : -4.302595 (0.050372)
energy : -2.174859 (0.000245)

kinetic : 2.127208 (0.050212)
potential : -4.302065 (0.050273)
energy : -2.174858 (0.000244)

kinetic : 2.125733 (0.050132)
potential : -4.300548 (0.050194)
energy : -2.174814 (0.000248)

kinetic : 2.126372 (0.050035)
potential : -4.301205 (0.050097)
energy : -2.174832 (0.000248)

kinetic : 2.126142 (0.049935)
potential : -4.300969 (0.049997)
energy : -2.174827 (0.000247)

kinetic : 2.125408 (0.049840)
potential : -4.300226 (0.049902)
energy : -2.174818 (0.000247)

kinetic : 2.125062 (0.049741)
potential : -4.299887 (0.049803)
energy : -2.174825 (0.000247)

kinetic : 2.123550 (0.049665)
potential : -4.298374 (0.049726)
energy : -2.174824 (0.000246)

kinetic : 2.122865 (0.049570)
potential : -4.297690 (0.049631)
energy : -2.174825 (0.000246)

kinetic : 2.122867 (0.049471)
potential : -4.297698 (0.049532)
energy : -2.174831 (0.000245)

kinetic : 2.124569 (0.049402)
potential : -4.299395 (0.049463)
energy : -2.174827 (0.000245)

kinetic : 2.129736 (0.049574)
potential : -4.304570 (0.049635)
energy : -2.174833 (0.000244)

kinetic : 2.128828 (0.049484)
potential : -4.303670 (0.049545)
energy : -2.174842 (0.000244)

kinetic : 2.127804 (0.049397)
potential : -4.302641 (0.049458)
energy : -2.174837 (0.000244)

kinetic : 2.127346 (0.049302)
potential : -4.302178 (0.049362)
energy : -2.174832 (0.000243)

kinetic : 2.130490 (0.049305)
potential : -4.305328 (0.049365)
energy : -2.174838 (0.000243)

kinetic : 2.130637 (0.049208)
potential : -4.305471 (0.049269)
energy : -2.174834 (0.000242)

kinetic : 2.128440 (0.049160)
potential : -4.303267 (0.049221)
energy : -2.174827 (0.000242)

kinetic : 2.127572 (0.049072)
potential : -4.302423 (0.049132)
energy : -2.174851 (0.000243)

kinetic : 2.125129 (0.049037)
potential : -4.299974 (0.049097)
energy : -2.174845 (0.000242)

kinetic : 2.125854 (0.048946)
potential : -4.300704 (0.049007)
energy : -2.174850 (0.000242)

kinetic : 2.128475 (0.048921)
potential : -4.303342 (0.048982)
energy : -2.174867 (0.000242)

kinetic : 2.128106 (0.048828)
potential : -4.302981 (0.048889)
energy : -2.174875 (0.000242)

kinetic : 2.130342 (0.048784)
potential : -4.305215 (0.048845)
energy : -2.174873 (0.000241)

kinetic : 2.131106 (0.048696)
potential : -4.305967 (0.048756)
energy : -2.174861 (0.000241)

kinetic : 2.130989 (0.048602)
potential : -4.305847 (0.048662)
energy : -2.174858 (0.000241)

kinetic : 2.131967 (0.048518)
potential : -4.306821 (0.048578)
energy : -2.174853 (0.000240)

kinetic : 2.133551 (0.048451)
potential : -4.308399 (0.048510)
energy : -2.174848 (0.000240)

kinetic : 2.133809 (0.048358)
potential : -4.308660 (0.048418)
energy : -2.174851 (0.000239)

kinetic : 2.131656 (0.048313)
potential : -4.306498 (0.048373)
energy : -2.174843 (0.000239)

kinetic : 2.129016 (0.048293)
potential : -4.303853 (0.048353)
energy : -2.174837 (0.000239)

kinetic : 2.132052 (0.048296)
potential : -4.306881 (0.048355)
energy : -2.174829 (0.000238)

kinetic : 2.134199 (0.048252)
potential : -4.309020 (0.048311)
energy : -2.174820 (0.000238)

kinetic : 2.139837 (0.048489)
potential : -4.314674 (0.048549)
energy : -2.174837 (0.000238)

kinetic : 2.139390 (0.048399)
potential : -4.314224 (0.048459)
energy : -2.174834 (0.000238)

kinetic : 2.137788 (0.048334)
potential : -4.312623 (0.048394)
energy : -2.174835 (0.000237)

kinetic : 2.139801 (0.048284)
potential : -4.314626 (0.048344)
energy : -2.174825 (0.000237)

kinetic : 2.142332 (0.048260)
potential : -4.317171 (0.048319)
energy : -2.174839 (0.000237)

kinetic : 2.140922 (0.048189)
potential : -4.315756 (0.048249)
energy : -2.174833 (0.000237)

kinetic : 2.140861 (0.048099)
potential : -4.315685 (0.048158)
energy : -2.174824 (0.000236)

kinetic : 2.141244 (0.048010)
potential : -4.316074 (0.048069)
energy : -2.174830 (0.000236)

kinetic : 2.141957 (0.047925)
potential : -4.316791 (0.047985)
energy : -2.174834 (0.000236)

kinetic : 2.141327 (0.047840)
potential : -4.316165 (0.047899)
energy : -2.174838 (0.000235)

kinetic : 2.142988 (0.047779)
potential : -4.317820 (0.047838)
energy : -2.174833 (0.000235)

kinetic : 2.143966 (0.047700)
potential : -4.318789 (0.047759)
energy : -2.174823 (0.000235)

kinetic : 2.143109 (0.047619)
potential : -4.317939 (0.047678)
energy : -2.174829 (0.000234)

kinetic : 2.143058 (0.047531)
potential : -4.317873 (0.047589)
energy : -2.174815 (0.000234)

kinetic : 2.141160 (0.047481)
potential : -4.315970 (0.047539)
energy : -2.174809 (0.000234)

kinetic : 2.140181 (0.047403)
potential : -4.314991 (0.047461)
energy : -2.174810 (0.000233)

kinetic : 2.145410 (0.047603)
potential : -4.320220 (0.047661)
energy : -2.174810 (0.000233)

kinetic : 2.144390 (0.047527)
potential : -4.319201 (0.047584)
energy : -2.174811 (0.000233)

kinetic : 2.144368 (0.047439)
potential : -4.319172 (0.047497)
energy : -2.174804 (0.000232)

kinetic : 2.142071 (0.047408)
potential : -4.316874 (0.047465)
energy : -2.174803 (0.000232)

kinetic : 2.141297 (0.047327)
potential : -4.316096 (0.047384)
energy : -2.174799 (0.000231)

kinetic : 2.140466 (0.047248)
potential : -4.315268 (0.047305)
energy : -2.174802 (0.000231)

kinetic : 2.140454 (0.047162)
potential : -4.315267 (0.047219)
energy : -2.174812 (0.000231)

kinetic : 2.142202 (0.047108)
potential : -4.317010 (0.047165)
energy : -2.174808 (0.000230)

kinetic : 2.141793 (0.047024)
potential : -4.316612 (0.047081)
energy : -2.174819 (0.000230)

kinetic : 2.141017 (0.046945)
potential : -4.315835 (0.047001)
energy : -2.174818 (0.000230)

kinetic : 2.140912 (0.046860)
potential : -4.315732 (0.046916)
energy : -2.174820 (0.000229)

kinetic : 2.140392 (0.046778)
potential : -4.315207 (0.046834)
energy : -2.174815 (0.000229)

kinetic : 2.138621 (0.046727)
potential : -4.313443 (0.046783)
energy : -2.174822 (0.000229)

kinetic : 2.138680 (0.046643)
potential : -4.313494 (0.046699)
energy : -2.174814 (0.000228)

kinetic : 2.136920 (0.046592)
potential : -4.311731 (0.046648)
energy : -2.174811 (0.000228)

kinetic : 2.137280 (0.046510)
potential : -4.312086 (0.046566)
energy : -2.174806 (0.000228)

kinetic : 2.136971 (0.046428)
potential : -4.311768 (0.046483)
energy : -2.174796 (0.000228)

kinetic : 2.135923 (0.046356)
potential : -4.310712 (0.046412)
energy : -2.174790 (0.000227)

kinetic : 2.138745 (0.046359)
potential : -4.313529 (0.046414)
energy : -2.174784 (0.000227)

kinetic : 2.136743 (0.046320)
potential : -4.311532 (0.046375)
energy : -2.174789 (0.000227)

kinetic : 2.137372 (0.046242)
potential : -4.312166 (0.046296)
energy : -2.174794 (0.000226)

kinetic : 2.137048 (0.046161)
potential : -4.311849 (0.046215)
energy : -2.174801 (0.000226)

kinetic : 2.135509 (0.046104)
potential : -4.310301 (0.046159)
energy : -2.174792 (0.000226)

kinetic : 2.135095 (0.046025)
potential : -4.309887 (0.046079)
energy : -2.174793 (0.000225)

kinetic : 2.135003 (0.045943)
potential : -4.309796 (0.045998)
energy : -2.174793 (0.000225)

kinetic : 2.134056 (0.045872)
potential : -4.308848 (0.045926)
energy : -2.174792 (0.000224)

kinetic : 2.133552 (0.045794)
potential : -4.308343 (0.045848)
energy : -2.174791 (0.000224)

kinetic : 2.132397 (0.045728)
potential : -4.307185 (0.045782)
energy : -2.174788 (0.000224)

kinetic : 2.134147 (0.045681)
potential : -4.308947 (0.045736)
energy : -2.174800 (0.000224)

kinetic : 2.134034 (0.045601)
potential : -4.308826 (0.045656)
energy : -2.174792 (0.000223)

kinetic : 2.132441 (0.045549)
potential : -4.307230 (0.045604)
energy : -2.174789 (0.000223)

kinetic : 2.130717 (0.045502)
potential : -4.305509 (0.045557)
energy : -2.174792 (0.000223)

kinetic : 2.129204 (0.045448)
potential : -4.303991 (0.045503)
energy : -2.174787 (0.000222)

kinetic : 2.130219 (0.045381)
potential : -4.305012 (0.045435)
energy : -2.174792 (0.000222)

kinetic : 2.131543 (0.045321)
potential : -4.306336 (0.045375)
energy : -2.174793 (0.000222)

kinetic : 2.130605 (0.045252)
potential : -4.305399 (0.045306)
energy : -2.174794 (0.000221)

kinetic : 2.131848 (0.045191)
potential : -4.306651 (0.045245)
energy : -2.174803 (0.000221)

kinetic : 2.131440 (0.045115)
potential : -4.306233 (0.045169)
energy : -2.174793 (0.000221)

kinetic : 2.141743 (0.046200)
potential : -4.316515 (0.046248)
energy : -2.174771 (0.000222)

kinetic : 2.138979 (0.046203)
potential : -4.313747 (0.046251)
energy : -2.174768 (0.000221)

kinetic : 2.139271 (0.046125)
potential : -4.314034 (0.046173)
energy : -2.174763 (0.000221)

kinetic : 2.138137 (0.046060)
potential : -4.312890 (0.046108)
energy : -2.174753 (0.000221)

kinetic : 2.137495 (0.045985)
potential : -4.312252 (0.046033)
energy : -2.174757 (0.000220)

kinetic : 2.139175 (0.045937)
potential : -4.313927 (0.045985)
energy : -2.174752 (0.000220)

kinetic : 2.140528 (0.045879)
potential : -4.315280 (0.045926)
energy : -2.174752 (0.000220)

kinetic : 2.140717 (0.045801)
potential : -4.315469 (0.045848)
energy : -2.174752 (0.000219)

kinetic : 2.139413 (0.045742)
potential : -4.314157 (0.045789)
energy : -2.174743 (0.000219)

kinetic : 2.137995 (0.045686)
potential : -4.312732 (0.045734)
energy : -2.174737 (0.000219)

kinetic : 2.138372 (0.045610)
potential : -4.313118 (0.045658)
energy : -2.174746 (0.000219)

kinetic : 2.135705 (0.045611)
potential : -4.310449 (0.045658)
energy : -2.174744 (0.000218)

kinetic : 2.134392 (0.045553)
potential : -4.309128 (0.045600)
energy : -2.174736 (0.000218)

kinetic : 2.132758 (0.045505)
potential : -4.307491 (0.045553)
energy : -2.174733 (0.000218)

kinetic : 2.135375 (0.045504)
potential : -4.310132 (0.045553)
energy : -2.174757 (0.000219)

kinetic : 2.134125 (0.045444)
potential : -4.308878 (0.045493)
energy : -2.174753 (0.000218)

kinetic : 2.134903 (0.045375)
potential : -4.309651 (0.045423)
energy : -2.174749 (0.000218)

kinetic : 2.133718 (0.045314)
potential : -4.308469 (0.045363)
energy : -2.174751 (0.000218)

kinetic : 2.132177 (0.045264)
potential : -4.306931 (0.045313)
energy : -2.174754 (0.000217)

kinetic : 2.131971 (0.045189)
potential : -4.306724 (0.045238)
energy : -2.174753 (0.000217)

kinetic : 2.131291 (0.045119)
potential : -4.306043 (0.045167)
energy : -2.174751 (0.000217)

kinetic : 2.131661 (0.045045)
potential : -4.306411 (0.045094)
energy : -2.174750 (0.000216)

kinetic : 2.131636 (0.044971)
potential : -4.306382 (0.045019)
energy : -2.174745 (0.000216)

kinetic : 2.130705 (0.044906)
potential : -4.305450 (0.044954)
energy : -2.174745 (0.000216)

kinetic : 2.131756 (0.044843)
potential : -4.306487 (0.044891)
energy : -2.174731 (0.000216)

kinetic : 2.131872 (0.044769)
potential : -4.306603 (0.044817)
energy : -2.174731 (0.000215)

kinetic : 2.131243 (0.044700)
potential : -4.305966 (0.044748)
energy : -2.174723 (0.000215)

kinetic : 2.130428 (0.044634)
potential : -4.305163 (0.044681)
energy : -2.174735 (0.000215)

kinetic : 2.130316 (0.044560)
potential : -4.305044 (0.044608)
energy : -2.174728 (0.000215)

kinetic : 2.129411 (0.044496)
potential : -4.304141 (0.044543)
energy : -2.174730 (0.000215)

kinetic : 2.128545 (0.044432)
potential : -4.303280 (0.044479)
energy : -2.174735 (0.000214)

kinetic : 2.128862 (0.044360)
potential : -4.303582 (0.044407)
energy : -2.174720 (0.000214)

kinetic : 2.128032 (0.044295)
potential : -4.302754 (0.044342)
energy : -2.174722 (0.000214)

kinetic : 2.128975 (0.044233)
potential : -4.303712 (0.044280)
energy : -2.174737 (0.000214)

kinetic : 2.127036 (0.044204)
potential : -4.301767 (0.044250)
energy : -2.174731 (0.000214)

kinetic : 2.125520 (0.044158)
potential : -4.300248 (0.044205)
energy : -2.174728 (0.000214)

kinetic : 2.130365 (0.044351)
potential : -4.305093 (0.044398)
energy : -2.174728 (0.000213)

kinetic : 2.131589 (0.044296)
potential : -4.306319 (0.044343)
energy : -2.174730 (0.000213)

kinetic : 2.131141 (0.044227)
potential : -4.305881 (0.044273)
energy : -2.174740 (0.000213)

kinetic : 2.130352 (0.044162)
potential : -4.305093 (0.044209)
energy : -2.174741 (0.000213)

kinetic : 2.133467 (0.044201)
potential : -4.308198 (0.044246)
energy : -2.174730 (0.000212)

kinetic : 2.132662 (0.044137)
potential : -4.307397 (0.044182)
energy : -2.174735 (0.000212)

kinetic : 2.132654 (0.044066)
potential : -4.307399 (0.044111)
energy : -2.174746 (0.000212)

kinetic : 2.132480 (0.043996)
potential : -4.307227 (0.044041)
energy : -2.174747 (0.000212)

kinetic : 2.131454 (0.043937)
potential : -4.306200 (0.043982)
energy : -2.174745 (0.000211)

kinetic : 2.131903 (0.043869)
potential : -4.306639 (0.043914)
energy : -2.174737 (0.000211)

kinetic : 2.131146 (0.043805)
potential : -4.305885 (0.043850)
energy : -2.174739 (0.000211)

kinetic : 2.130020 (0.043750)
potential : -4.304776 (0.043794)
energy : -2.174755 (0.000211)

kinetic : 2.129233 (0.043687)
potential : -4.303984 (0.043732)
energy : -2.174751 (0.000211)

kinetic : 2.128711 (0.043621)
potential : -4.303464 (0.043665)
energy : -2.174752 (0.000211)

kinetic : 2.127848 (0.043560)
potential : -4.302600 (0.043604)
energy : -2.174752 (0.000210)

kinetic : 2.126303 (0.043519)
potential : -4.301052 (0.043563)
energy : -2.174749 (0.000210)

kinetic : 2.125097 (0.043466)
potential : -4.299841 (0.043510)
energy : -2.174744 (0.000210)

kinetic : 2.125921 (0.043406)
potential : -4.300659 (0.043449)
energy : -2.174738 (0.000209)

kinetic : 2.124987 (0.043347)
potential : -4.299721 (0.043391)
energy : -2.174733 (0.000209)

kinetic : 2.125046 (0.043279)
potential : -4.299776 (0.043323)
energy : -2.174730 (0.000209)

kinetic : 2.123559 (0.043236)
potential : -4.298286 (0.043280)
energy : -2.174727 (0.000209)

kinetic : 2.124603 (0.043181)
potential : -4.299338 (0.043225)
energy : -2.174735 (0.000208)

kinetic : 2.125522 (0.043123)
potential : -4.300253 (0.043167)
energy : -2.174731 (0.000208)

kinetic : 2.124027 (0.043081)
potential : -4.298742 (0.043126)
energy : -2.174715 (0.000208)

kinetic : 2.123411 (0.043019)
potential : -4.298123 (0.043063)
energy : -2.174712 (0.000208)

kinetic : 2.122454 (0.042962)
potential : -4.297153 (0.043006)
energy : -2.174699 (0.000208)

kinetic : 2.121592 (0.042904)
potential : -4.296290 (0.042948)
energy : -2.174698 (0.000208)

kinetic : 2.126624 (0.043131)
potential : -4.301356 (0.043179)
energy : -2.174732 (0.000210)

kinetic : 2.126741 (0.043065)
potential : -4.301474 (0.043112)
energy : -2.174733 (0.000210)

kinetic : 2.128246 (0.043024)
potential : -4.302996 (0.043072)
energy : -2.174750 (0.000210)

kinetic : 2.128958 (0.042963)
potential : -4.303719 (0.043012)
energy : -2.174762 (0.000210)

kinetic : 2.127527 (0.042921)
potential : -4.302283 (0.042969)
energy : -2.174756 (0.000210)

kinetic : 2.126113 (0.042878)
potential : -4.300875 (0.042926)
energy : -2.174762 (0.000210)

kinetic : 2.126446 (0.042813)
potential : -4.301209 (0.042861)
energy : -2.174763 (0.000209)

kinetic : 2.126801 (0.042749)
potential : -4.301575 (0.042797)
energy : -2.174774 (0.000209)

kinetic : 2.124917 (0.042724)
potential : -4.299667 (0.042773)
energy : -2.174751 (0.000210)

kinetic : 2.123603 (0.042679)
potential : -4.298350 (0.042728)
energy : -2.174747 (0.000210)

kinetic : 2.123418 (0.042614)
potential : -4.298185 (0.042663)
energy : -2.174767 (0.000211)

kinetic : 2.122490 (0.042559)
potential : -4.297254 (0.042608)
energy : -2.174764 (0.000210)

kinetic : 2.122228 (0.042495)
potential : -4.296999 (0.042543)
energy : -2.174771 (0.000210)

kinetic : 2.121184 (0.042443)
potential : -4.295946 (0.042492)
energy : -2.174762 (0.000210)

kinetic : 2.121776 (0.042382)
potential : -4.296539 (0.042431)
energy : -2.174763 (0.000210)

kinetic : 2.120716 (0.042331)
potential : -4.295479 (0.042380)
energy : -2.174762 (0.000209)

kinetic : 2.120314 (0.042269)
potential : -4.295098 (0.042317)
energy : -2.174784 (0.000210)

kinetic : 2.132376 (0.043894)
potential : -4.307154 (0.043939)
energy : -2.174778 (0.000210)

kinetic : 2.132432 (0.043828)
potential : -4.307209 (0.043873)
energy : -2.174777 (0.000210)

kinetic : 2.131301 (0.043776)
potential : -4.306080 (0.043821)
energy : -2.174779 (0.000209)

kinetic : 2.130065 (0.043728)
potential : -4.304840 (0.043772)
energy : -2.174775 (0.000209)

kinetic : 2.128405 (0.043693)
potential : -4.303171 (0.043738)
energy : -2.174767 (0.000209)

kinetic : 2.130836 (0.043695)
potential : -4.305607 (0.043740)
energy : -2.174771 (0.000209)

kinetic : 2.131773 (0.043640)
potential : -4.306543 (0.043685)
energy : -2.174769 (0.000208)

kinetic : 2.132851 (0.043588)
potential : -4.307620 (0.043632)
energy : -2.174769 (0.000208)

kinetic : 2.134033 (0.043538)
potential : -4.308841 (0.043584)
energy : -2.174808 (0.000211)

kinetic : 2.134208 (0.043474)
potential : -4.309020 (0.043519)
energy : -2.174812 (0.000211)

kinetic : 2.133728 (0.043411)
potential : -4.308540 (0.043457)
energy : -2.174812 (0.000211)

kinetic : 2.133191 (0.043350)
potential : -4.308011 (0.043395)
energy : -2.174819 (0.000211)

kinetic : 2.132610 (0.043289)
potential : -4.307432 (0.043335)
energy : -2.174821 (0.000210)

kinetic : 2.136174 (0.043371)
potential : -4.310998 (0.043417)
energy : -2.174824 (0.000210)

kinetic : 2.137434 (0.043325)
potential : -4.312266 (0.043371)
energy : -2.174832 (0.000210)

kinetic : 2.137260 (0.043262)
potential : -4.312084 (0.043307)
energy : -2.174825 (0.000210)

kinetic : 2.135919 (0.043218)
potential : -4.310732 (0.043264)
energy : -2.174813 (0.000210)

kinetic : 2.134557 (0.043176)
potential : -4.309376 (0.043221)
energy : -2.174819 (0.000210)

kinetic : 2.132517 (0.043160)
potential : -4.307333 (0.043206)
energy : -2.174816 (0.000209)

kinetic : 2.133325 (0.043104)
potential : -4.308146 (0.043150)
energy : -2.174821 (0.000209)

kinetic : 2.134517 (0.043057)
potential : -4.309333 (0.043103)
energy : -2.174817 (0.000209)

kinetic : 2.134924 (0.042996)
potential : -4.309738 (0.043041)
energy : -2.174814 (0.000209)

kinetic : 2.132542 (0.042999)
potential : -4.307353 (0.043044)
energy : -2.174810 (0.000208)

kinetic : 2.134328 (0.042973)
potential : -4.309131 (0.043018)
energy : -2.174803 (0.000208)

kinetic : 2.136825 (0.042983)
potential : -4.311623 (0.043027)
energy : -2.174797 (0.000208)

kinetic : 2.135632 (0.042937)
potential : -4.310425 (0.042981)
energy : -2.174793 (0.000208)

kinetic : 2.133385 (0.042933)
potential : -4.308178 (0.042977)
energy : -2.174794 (0.000207)

kinetic : 2.132922 (0.042873)
potential : -4.307726 (0.042917)
energy : -2.174804 (0.000207)

kinetic : 2.134070 (0.042826)
potential : -4.308891 (0.042870)
energy : -2.174820 (0.000208)

kinetic : 2.132713 (0.042785)
potential : -4.307535 (0.042830)
energy : -2.174822 (0.000207)

kinetic : 2.132041 (0.042729)
potential : -4.306865 (0.042773)
energy : -2.174824 (0.000207)

kinetic : 2.132418 (0.042668)
potential : -4.307241 (0.042712)
energy : -2.174823 (0.000207)

kinetic : 2.131042 (0.042629)
potential : -4.305863 (0.042673)
energy : -2.174821 (0.000206)

kinetic : 2.129593 (0.042592)
potential : -4.304407 (0.042636)
energy : -2.174814 (0.000206)

kinetic : 2.127991 (0.042561)
potential : -4.302808 (0.042605)
energy : -2.174817 (0.000206)

kinetic : 2.126439 (0.042528)
potential : -4.301254 (0.042572)
energy : -2.174816 (0.000206)

kinetic : 2.125112 (0.042487)
potential : -4.299928 (0.042531)
energy : -2.174816 (0.000205)

kinetic : 2.123896 (0.042444)
potential : -4.298710 (0.042488)
energy : -2.174814 (0.000205)

kinetic : 2.123446 (0.042385)
potential : -4.298259 (0.042429)
energy : -2.174813 (0.000205)

kinetic : 2.122311 (0.042340)
potential : -4.297124 (0.042384)
energy : -2.174813 (0.000205)

kinetic : 2.122366 (0.042279)
potential : -4.297185 (0.042323)
energy : -2.174819 (0.000204)

kinetic : 2.120271 (0.042271)
potential : -4.295088 (0.042315)
energy : -2.174817 (0.000204)

kinetic : 2.125316 (0.042511)
potential : -4.300146 (0.042556)
energy : -2.174830 (0.000204)

kinetic : 2.123971 (0.042472)
potential : -4.298803 (0.042517)
energy : -2.174832 (0.000204)

kinetic : 2.133389 (0.043445)
potential : -4.308237 (0.043492)
energy : -2.174848 (0.000204)

kinetic : 2.133043 (0.043384)
potential : -4.307890 (0.043431)
energy : -2.174846 (0.000204)

kinetic : 2.134873 (0.043361)
potential : -4.309715 (0.043408)
energy : -2.174841 (0.000204)

kinetic : 2.133961 (0.043310)
potential : -4.308801 (0.043356)
energy : -2.174839 (0.000203)

kinetic : 2.134068 (0.043248)
potential : -4.308906 (0.043295)
energy : -2.174838 (0.000203)

kinetic : 2.133070 (0.043199)
potential : -4.307913 (0.043245)
energy : -2.174844 (0.000203)

kinetic : 2.131472 (0.043168)
potential : -4.306311 (0.043214)
energy : -2.174839 (0.000203)

kinetic : 2.131555 (0.043107)
potential : -4.306394 (0.043153)
energy : -2.174838 (0.000202)

kinetic : 2.133316 (0.043082)
potential : -4.308163 (0.043129)
energy : -2.174846 (0.000202)

kinetic : 2.131710 (0.043052)
potential : -4.306563 (0.043098)
energy : -2.174853 (0.000202)

kinetic : 2.130660 (0.043004)
potential : -4.305509 (0.043051)
energy : -2.174848 (0.000202)

kinetic : 2.129614 (0.042957)
potential : -4.304464 (0.043003)
energy : -2.174850 (0.000202)

kinetic : 2.130391 (0.042904)
potential : -4.305237 (0.042950)
energy : -2.174846 (0.000201)

kinetic : 2.132494 (0.042896)
potential : -4.307346 (0.042942)
energy : -2.174851 (0.000201)

kinetic : 2.131517 (0.042847)
potential : -4.306375 (0.042893)
energy : -2.174858 (0.000201)

kinetic : 2.131517 (0.042787)
potential : -4.306366 (0.042833)
energy : -2.174849 (0.000201)

kinetic : 2.130166 (0.042749)
potential : -4.305015 (0.042795)
energy : -2.174849 (0.000201)

kinetic : 2.129308 (0.042699)
potential : -4.304150 (0.042745)
energy : -2.174842 (0.000201)

kinetic : 2.129693 (0.042641)
potential : -4.304541 (0.042687)
energy : -2.174848 (0.000200)

kinetic : 2.129105 (0.042586)
potential : -4.303953 (0.042632)
energy : -2.174848 (0.000200)

kinetic : 2.128259 (0.042536)
potential : -4.303109 (0.042582)
energy : -2.174850 (0.000200)

kinetic : 2.127345 (0.042487)
potential : -4.302193 (0.042533)
energy : -2.174848 (0.000200)

kinetic : 2.128737 (0.042451)
potential : -4.303580 (0.042497)
energy : -2.174844 (0.000199)

kinetic : 2.127595 (0.042408)
potential : -4.302444 (0.042453)
energy : -2.174848 (0.000199)

kinetic : 2.128991 (0.042373)
potential : -4.303841 (0.042418)
energy : -2.174850 (0.000199)

kinetic : 2.129508 (0.042318)
potential : -4.304354 (0.042363)
energy : -2.174846 (0.000199)

kinetic : 2.127574 (0.042304)
potential : -4.302423 (0.042349)
energy : -2.174848 (0.000198)

kinetic : 2.127001 (0.042250)
potential : -4.301851 (0.042295)
energy : -2.174851 (0.000198)

kinetic : 2.126820 (0.042193)
potential : -4.301668 (0.042237)
energy : -2.174848 (0.000198)

kinetic : 2.126093 (0.042141)
potential : -4.300934 (0.042186)
energy : -2.174841 (0.000198)

kinetic : 2.125542 (0.042087)
potential : -4.300378 (0.042132)
energy : -2.174836 (0.000197)

kinetic : 2.124571 (0.042041)
potential : -4.299403 (0.042086)
energy : -2.174832 (0.000197)

kinetic : 2.124178 (0.041986)
potential : -4.299007 (0.042031)
energy : -2.174829 (0.000197)

kinetic : 2.123889 (0.041930)
potential : -4.298710 (0.041975)
energy : -2.174821 (0.000197)

kinetic : 2.124122 (0.041874)
potential : -4.298949 (0.041919)
energy : -2.174827 (0.000197)

kinetic : 2.124594 (0.041820)
potential : -4.299416 (0.041864)
energy : -2.174822 (0.000197)

kinetic : 2.136588 (0.043451)
potential : -4.311415 (0.043496)
energy : -2.174827 (0.000196)

kinetic : 2.137566 (0.043404)
potential : -4.312398 (0.043448)
energy : -2.174832 (0.000196)

kinetic : 2.136873 (0.043351)
potential : -4.311703 (0.043395)
energy : -2.174830 (0.000196)

kinetic : 2.136519 (0.043294)
potential : -4.311339 (0.043338)
energy : -2.174820 (0.000196)

kinetic : 2.136241 (0.043237)
potential : -4.311057 (0.043281)
energy : -2.174816 (0.000196)

kinetic : 2.136678 (0.043181)
potential : -4.311487 (0.043225)
energy : -2.174809 (0.000196)

kinetic : 2.137132 (0.043125)
potential : -4.311939 (0.043169)
energy : -2.174807 (0.000195)

kinetic : 2.138237 (0.043082)
potential : -4.313049 (0.043126)
energy : -2.174811 (0.000195)

kinetic : 2.139941 (0.043058)
potential : -4.314755 (0.043102)
energy : -2.174814 (0.000195)

kinetic : 2.138815 (0.043015)
potential : -4.313626 (0.043059)
energy : -2.174811 (0.000195)

kinetic : 2.139762 (0.042968)
potential : -4.314585 (0.043012)
energy : -2.174822 (0.000195)

kinetic : 2.139009 (0.042917)
potential : -4.313845 (0.042961)
energy : -2.174835 (0.000195)

kinetic : 2.137815 (0.042877)
potential : -4.312648 (0.042921)
energy : -2.174833 (0.000195)

kinetic : 2.137013 (0.042827)
potential : -4.311847 (0.042871)
energy : -2.174834 (0.000194)

kinetic : 2.135898 (0.042785)
potential : -4.310732 (0.042829)
energy : -2.174833 (0.000194)

kinetic : 2.137453 (0.042757)
potential : -4.312325 (0.042802)
energy : -2.174871 (0.000198)

kinetic : 2.137043 (0.042702)
potential : -4.311918 (0.042747)
energy : -2.174875 (0.000197)

kinetic : 2.139411 (0.042711)
potential : -4.314277 (0.042756)
energy : -2.174867 (0.000197)

kinetic : 2.139243 (0.042655)
potential : -4.314098 (0.042700)
energy : -2.174855 (0.000197)

kinetic : 2.138966 (0.042600)
potential : -4.313810 (0.042644)
energy : -2.174844 (0.000197)

kinetic : 2.137467 (0.042570)
potential : -4.312305 (0.042615)
energy : -2.174839 (0.000197)

kinetic : 2.138203 (0.042521)
potential : -4.313035 (0.042565)
energy : -2.174832 (0.000197)

kinetic : 2.137987 (0.042465)
potential : -4.312817 (0.042510)
energy : -2.174830 (0.000197)

kinetic : 2.137098 (0.042419)
potential : -4.311927 (0.042463)
energy : -2.174829 (0.000197)

kinetic : 2.136770 (0.042365)
potential : -4.311598 (0.042409)
energy : -2.174828 (0.000196)

kinetic : 2.137219 (0.042312)
potential : -4.312052 (0.042356)
energy : -2.174833 (0.000196)

kinetic : 2.135362 (0.042297)
potential : -4.310192 (0.042341)
energy : -2.174830 (0.000196)

kinetic : 2.136760 (0.042265)
potential : -4.311586 (0.042309)
energy : -2.174826 (0.000196)

kinetic : 2.137448 (0.042216)
potential : -4.312282 (0.042260)
energy : -2.174834 (0.000196)

kinetic : 2.135986 (0.042186)
potential : -4.310819 (0.042230)
energy : -2.174834 (0.000195)

kinetic : 2.135715 (0.042132)
potential : -4.310554 (0.042176)
energy : -2.174838 (0.000195)

kinetic : 2.135064 (0.042082)
potential : -4.309900 (0.042126)
energy : -2.174836 (0.000195)

kinetic : 2.135645 (0.042032)
potential : -4.310491 (0.042076)
energy : -2.174846 (0.000195)

kinetic : 2.135445 (0.041978)
potential : -4.310288 (0.042022)
energy : -2.174844 (0.000195)

kinetic : 2.134589 (0.041932)
potential : -4.309427 (0.041976)
energy : -2.174839 (0.000194)

kinetic : 2.133587 (0.041890)
potential : -4.308413 (0.041934)
energy : -2.174827 (0.000195)

kinetic : 2.132686 (0.041846)
potential : -4.307509 (0.041890)
energy : -2.174823 (0.000194)

kinetic : 2.133033 (0.041793)
potential : -4.307878 (0.041838)
energy : -2.174845 (0.000195)

kinetic : 2.133015 (0.041740)
potential : -4.307859 (0.041784)
energy : -2.174843 (0.000195)

kinetic : 2.131867 (0.041702)
potential : -4.306706 (0.041746)
energy : -2.174839 (0.000195)

kinetic : 2.130503 (0.041671)
potential : -4.305348 (0.041715)
energy : -2.174846 (0.000195)

kinetic : 2.128876 (0.041649)
potential : -4.303720 (0.041693)
energy : -2.174844 (0.000195)

kinetic : 2.129114 (0.041597)
potential : -4.303954 (0.041641)
energy : -2.174840 (0.000194)

kinetic : 2.129373 (0.041544)
potential : -4.304214 (0.041588)
energy : -2.174841 (0.000194)

kinetic : 2.128395 (0.041503)
potential : -4.303229 (0.041547)
energy : -2.174834 (0.000194)

kinetic : 2.127187 (0.041467)
potential : -4.302027 (0.041511)
energy : -2.174840 (0.000194)

kinetic : 2.126289 (0.041424)
potential : -4.301130 (0.041468)
energy : -2.174841 (0.000194)

kinetic : 2.126810 (0.041375)
potential : -4.301646 (0.041419)
energy : -2.174836 (0.000193)

kinetic : 2.128272 (0.041348)
potential : -4.303120 (0.041392)
energy : -2.174849 (0.000193)

kinetic : 2.131064 (0.041390)
potential : -4.305906 (0.041433)
energy : -2.174843 (0.000193)

kinetic : 2.133779 (0.041427)
potential : -4.308614 (0.041469)
energy : -2.174835 (0.000193)

kinetic : 2.135604 (0.041415)
potential : -4.310435 (0.041457)
energy : -2.174831 (0.000193)

kinetic : 2.135631 (0.041362)
potential : -4.310459 (0.041405)
energy : -2.174828 (0.000193)

kinetic : 2.135726 (0.041310)
potential : -4.310555 (0.041353)
energy : -2.174829 (0.000193)

kinetic : 2.134630 (0.041273)
potential : -4.309460 (0.041315)
energy : -2.174830 (0.000192)

kinetic : 2.134237 (0.041223)
potential : -4.309067 (0.041265)
energy : -2.174830 (0.000192)

kinetic : 2.135648 (0.041195)
potential : -4.310470 (0.041237)
energy : -2.174822 (0.000192)

kinetic : 2.135282 (0.041145)
potential : -4.310103 (0.041187)
energy : -2.174821 (0.000192)

kinetic : 2.134979 (0.041094)
potential : -4.309805 (0.041136)
energy : -2.174826 (0.000192)

kinetic : 2.137681 (0.041132)
potential : -4.312511 (0.041174)
energy : -2.174830 (0.000191)

kinetic : 2.135912 (0.041118)
potential : -4.310740 (0.041160)
energy : -2.174828 (0.000191)

kinetic : 2.135166 (0.041074)
potential : -4.310000 (0.041115)
energy : -2.174834 (0.000191)

kinetic : 2.135646 (0.041025)
potential : -4.310477 (0.041067)
energy : -2.174831 (0.000191)

kinetic : 2.133721 (0.041019)
potential : -4.308550 (0.041061)
energy : -2.174829 (0.000191)

kinetic : 2.133557 (0.040969)
potential : -4.308387 (0.041010)
energy : -2.174830 (0.000190)

kinetic : 2.135402 (0.040959)
potential : -4.310236 (0.041001)
energy : -2.174834 (0.000190)

kinetic : 2.134058 (0.040931)
potential : -4.308896 (0.040972)
energy : -2.174838 (0.000190)

kinetic : 2.133132 (0.040890)
potential : -4.307969 (0.040932)
energy : -2.174837 (0.000190)

kinetic : 2.134196 (0.040854)
potential : -4.309044 (0.040895)
energy : -2.174848 (0.000190)

kinetic : 2.134667 (0.040806)
potential : -4.309521 (0.040847)
energy : -2.174854 (0.000190)

kinetic : 2.132921 (0.040793)
potential : -4.307774 (0.040834)
energy : -2.174852 (0.000190)

kinetic : 2.133243 (0.040744)
potential : -4.308106 (0.040785)
energy : -2.174863 (0.000190)

kinetic : 2.131989 (0.040713)
potential : -4.306851 (0.040754)
energy : -2.174862 (0.000189)

kinetic : 2.130911 (0.040677)
potential : -4.305771 (0.040718)
energy : -2.174860 (0.000189)

kinetic : 2.135597 (0.040896)
potential : -4.310453 (0.040937)
energy : -2.174856 (0.000189)

kinetic : 2.134284 (0.040867)
potential : -4.309144 (0.040908)
energy : -2.174860 (0.000189)

kinetic : 2.135264 (0.040829)
potential : -4.310121 (0.040869)
energy : -2.174858 (0.000189)

kinetic : 2.134122 (0.040795)
potential : -4.308975 (0.040835)
energy : -2.174853 (0.000188)

kinetic : 2.132530 (0.040776)
potential : -4.307382 (0.040816)
energy : -2.174851 (0.000188)

kinetic : 2.132030 (0.040729)
potential : -4.306881 (0.040770)
energy : -2.174850 (0.000188)

kinetic : 2.130802 (0.040698)
potential : -4.305651 (0.040738)
energy : -2.174850 (0.000188)

kinetic : 2.130051 (0.040655)
potential : -4.304900 (0.040696)
energy : -2.174849 (0.000187)

kinetic : 2.130116 (0.040606)
potential : -4.304967 (0.040646)
energy : -2.174851 (0.000187)

kinetic : 2.130353 (0.040557)
potential : -4.305203 (0.040598)
energy : -2.174850 (0.000187)

kinetic : 2.129147 (0.040526)
potential : -4.303996 (0.040566)
energy : -2.174849 (0.000187)

kinetic : 2.128201 (0.040488)
potential : -4.303052 (0.040528)
energy : -2.174851 (0.000187)

kinetic : 2.127509 (0.040445)
potential : -4.302358 (0.040485)
energy : -2.174850 (0.000186)

kinetic : 2.126991 (0.040399)
potential : -4.301839 (0.040439)
energy : -2.174849 (0.000186)

kinetic : 2.127382 (0.040352)
potential : -4.302222 (0.040392)
energy : -2.174840 (0.000186)

kinetic : 2.126805 (0.040308)
potential : -4.301642 (0.040348)
energy : -2.174837 (0.000186)

kinetic : 2.143221 (0.043477)
potential : -4.318073 (0.043520)
energy : -2.174853 (0.000186)

kinetic : 2.145066 (0.043464)
potential : -4.319916 (0.043507)
energy : -2.174850 (0.000186)

kinetic : 2.146623 (0.043440)
potential : -4.321473 (0.043482)
energy : -2.174851 (0.000186)

kinetic : 2.147686 (0.043401)
potential : -4.322545 (0.043443)
energy : -2.174859 (0.000186)

kinetic : 2.147105 (0.043352)
potential : -4.321963 (0.043395)
energy : -2.174858 (0.000186)

kinetic : 2.146677 (0.043303)
potential : -4.321532 (0.043345)
energy : -2.174855 (0.000185)

kinetic : 2.146193 (0.043253)
potential : -4.321051 (0.043296)
energy : -2.174857 (0.000185)

kinetic : 2.144952 (0.043220)
potential : -4.319805 (0.043262)
energy : -2.174853 (0.000185)

kinetic : 2.144702 (0.043169)
potential : -4.319555 (0.043211)
energy : -2.174854 (0.000185)

kinetic : 2.144393 (0.043118)
potential : -4.319245 (0.043161)
energy : -2.174852 (0.000185)

kinetic : 2.143500 (0.043076)
potential : -4.318354 (0.043118)
energy : -2.174854 (0.000184)

kinetic : 2.143036 (0.043027)
potential : -4.317885 (0.043070)
energy : -2.174849 (0.000184)

kinetic : 2.143008 (0.042976)
potential : -4.317855 (0.043019)
energy : -2.174847 (0.000184)

kinetic : 2.142625 (0.042927)
potential : -4.317472 (0.042969)
energy : -2.174847 (0.000184)

kinetic : 2.142150 (0.042879)
potential : -4.317001 (0.042921)
energy : -2.174851 (0.000184)

kinetic : 2.146020 (0.043002)
potential : -4.320885 (0.043046)
energy : -2.174865 (0.000184)

kinetic : 2.145141 (0.042961)
potential : -4.320000 (0.043004)
energy : -2.174859 (0.000184)

kinetic : 2.146875 (0.042945)
potential : -4.321736 (0.042988)
energy : -2.174861 (0.000184)

kinetic : 2.145974 (0.042904)
potential : -4.320832 (0.042947)
energy : -2.174858 (0.000183)

kinetic : 2.146574 (0.042857)
potential : -4.321447 (0.042901)
energy : -2.174873 (0.000184)

kinetic : 2.145630 (0.042817)
potential : -4.320501 (0.042860)
energy : -2.174870 (0.000184)

kinetic : 2.145641 (0.042767)
potential : -4.320512 (0.042810)
energy : -2.174871 (0.000183)

kinetic : 2.147021 (0.042739)
potential : -4.321897 (0.042782)
energy : -2.174876 (0.000183)

kinetic : 2.147090 (0.042689)
potential : -4.321967 (0.042732)
energy : -2.174877 (0.000183)

kinetic : 2.148045 (0.042649)
potential : -4.322919 (0.042693)
energy : -2.174874 (0.000183)

kinetic : 2.148746 (0.042605)
potential : -4.323610 (0.042648)
energy : -2.174864 (0.000183)

kinetic : 2.147781 (0.042567)
potential : -4.322642 (0.042609)
energy : -2.174861 (0.000183)

kinetic : 2.146357 (0.042541)
potential : -4.321217 (0.042584)
energy : -2.174860 (0.000182)

kinetic : 2.145514 (0.042499)
potential : -4.320371 (0.042542)
energy : -2.174857 (0.000182)

kinetic : 2.144791 (0.042456)
potential : -4.319643 (0.042499)
energy : -2.174851 (0.000182)

kinetic : 2.144984 (0.042407)
potential : -4.319830 (0.042450)
energy : -2.174846 (0.000182)

kinetic : 2.145469 (0.042361)
potential : -4.320318 (0.042403)
energy : -2.174849 (0.000182)

kinetic : 2.143705 (0.042348)
potential : -4.318557 (0.042391)
energy : -2.174853 (0.000182)

kinetic : 2.148900 (0.042617)
potential : -4.323750 (0.042659)
energy : -2.174850 (0.000181)

kinetic : 2.148674 (0.042568)
potential : -4.323518 (0.042610)
energy : -2.174843 (0.000181)

kinetic : 2.147913 (0.042526)
potential : -4.322759 (0.042568)
energy : -2.174846 (0.000181)

kinetic : 2.147005 (0.042486)
potential : -4.321850 (0.042528)
energy : -2.174846 (0.000181)

kinetic : 2.146482 (0.042440)
potential : -4.321319 (0.042482)
energy : -2.174837 (0.000181)

kinetic : 2.145164 (0.042412)
potential : -4.320004 (0.042454)
energy : -2.174840 (0.000181)

kinetic : 2.145026 (0.042363)
potential : -4.319864 (0.042405)
energy : -2.174838 (0.000181)

kinetic : 2.144112 (0.042325)
potential : -4.318954 (0.042366)
energy : -2.174842 (0.000180)

kinetic : 2.145137 (0.042288)
potential : -4.319986 (0.042330)
energy : -2.174849 (0.000180)

kinetic : 2.144778 (0.042241)
potential : -4.319628 (0.042283)
energy : -2.174850 (0.000180)

kinetic : 2.143810 (0.042204)
potential : -4.318658 (0.042246)
energy : -2.174849 (0.000180)

kinetic : 2.143860 (0.042156)
potential : -4.318715 (0.042197)
energy : -2.174855 (0.000180)

kinetic : 2.144382 (0.042111)
potential : -4.319241 (0.042152)
energy : -2.174859 (0.000180)

kinetic : 2.144440 (0.042063)
potential : -4.319299 (0.042104)
energy : -2.174859 (0.000179)

kinetic : 2.144310 (0.042015)
potential : -4.319167 (0.042056)
energy : -2.174858 (0.000179)

kinetic : 2.145097 (0.041974)
potential : -4.319947 (0.042016)
energy : -2.174850 (0.000179)

kinetic : 2.144120 (0.041938)
potential : -4.318969 (0.041979)
energy : -2.174849 (0.000179)

kinetic : 2.143282 (0.041899)
potential : -4.318132 (0.041940)
energy : -2.174850 (0.000179)

kinetic : 2.142508 (0.041858)
potential : -4.317355 (0.041899)
energy : -2.174847 (0.000179)

kinetic : 2.141688 (0.041819)
potential : -4.316530 (0.041860)
energy : -2.174842 (0.000179)

kinetic : 2.140752 (0.041782)
potential : -4.315590 (0.041823)
energy : -2.174838 (0.000178)

kinetic : 2.140063 (0.041740)
potential : -4.314906 (0.041781)
energy : -2.174843 (0.000178)

kinetic : 2.141132 (0.041707)
potential : -4.315966 (0.041748)
energy : -2.174834 (0.000178)

kinetic : 2.142624 (0.041687)
potential : -4.317458 (0.041727)
energy : -2.174834 (0.000178)

kinetic : 2.142942 (0.041641)
potential : -4.317783 (0.041681)
energy : -2.174841 (0.000178)

kinetic : 2.141959 (0.041605)
potential : -4.316800 (0.041646)
energy : -2.174841 (0.000178)

kinetic : 2.140999 (0.041570)
potential : -4.315847 (0.041610)
energy : -2.174848 (0.000178)

kinetic : 2.139515 (0.041549)
potential : -4.314364 (0.041590)
energy : -2.174849 (0.000178)

kinetic : 2.140080 (0.041507)
potential : -4.314923 (0.041547)
energy : -2.174843 (0.000177)

kinetic : 2.141271 (0.041477)
potential : -4.316115 (0.041517)
energy : -2.174844 (0.000177)

kinetic : 2.141039 (0.041431)
potential : -4.315884 (0.041471)
energy : -2.174845 (0.000177)

kinetic : 2.141702 (0.041390)
potential : -4.316545 (0.041430)
energy : -2.174843 (0.000177)

kinetic : 2.141229 (0.041347)
potential : -4.316077 (0.041387)
energy : -2.174847 (0.000177)

kinetic : 2.140673 (0.041304)
potential : -4.315516 (0.041344)
energy : -2.174844 (0.000177)

kinetic : 2.140359 (0.041259)
potential : -4.315197 (0.041299)
energy : -2.174838 (0.000176)

kinetic : 2.142393 (0.041264)
potential : -4.317236 (0.041304)
energy : -2.174844 (0.000176)

kinetic : 2.141976 (0.041220)
potential : -4.316823 (0.041260)
energy : -2.174847 (0.000176)

kinetic : 2.140977 (0.041186)
potential : -4.315824 (0.041226)
energy : -2.174847 (0.000176)

kinetic : 2.140866 (0.041140)
potential : -4.315721 (0.041180)
energy : -2.174855 (0.000176)

kinetic : 2.141707 (0.041103)
potential : -4.316566 (0.041143)
energy : -2.174859 (0.000176)

kinetic : 2.141203 (0.041061)
potential : -4.316064 (0.041101)
energy : -2.174860 (0.000176)

kinetic : 2.142896 (0.041050)
potential : -4.317764 (0.041091)
energy : -2.174868 (0.000176)

kinetic : 2.148420 (0.041376)
potential : -4.323299 (0.041417)
energy : -2.174879 (0.000176)

kinetic : 2.147416 (0.041342)
potential : -4.322287 (0.041383)
energy : -2.174871 (0.000176)

kinetic : 2.146961 (0.041299)
potential : -4.321835 (0.041340)
energy : -2.174874 (0.000176)

kinetic : 2.145670 (0.041274)
potential : -4.320545 (0.041315)
energy : -2.174875 (0.000175)

kinetic : 2.144878 (0.041236)
potential : -4.319756 (0.041277)
energy : -2.174877 (0.000175)

kinetic : 2.144232 (0.041196)
potential : -4.319107 (0.041237)
energy : -2.174875 (0.000175)

kinetic : 2.151057 (0.041712)
potential : -4.325938 (0.041754)
energy : -2.174881 (0.000175)

kinetic : 2.150708 (0.041668)
potential : -4.325585 (0.041710)
energy : -2.174878 (0.000175)

kinetic : 2.150647 (0.041623)
potential : -4.325526 (0.041664)
energy : -2.174879 (0.000175)

kinetic : 2.150633 (0.041577)
potential : -4.325558 (0.041618)
energy : -2.174924 (0.000180)

kinetic : 2.152830 (0.041590)
potential : -4.327760 (0.041631)
energy : -2.174930 (0.000180)

kinetic : 2.151696 (0.041560)
potential : -4.326623 (0.041601)
energy : -2.174927 (0.000180)

kinetic : 2.150949 (0.041521)
potential : -4.325872 (0.041563)
energy : -2.174923 (0.000180)

kinetic : 2.150591 (0.041477)
potential : -4.325511 (0.041519)
energy : -2.174920 (0.000180)

kinetic : 2.149484 (0.041447)
potential : -4.324403 (0.041488)
energy : -2.174918 (0.000179)

kinetic : 2.149090 (0.041404)
potential : -4.324007 (0.041445)
energy : -2.174917 (0.000179)

kinetic : 2.147794 (0.041379)
potential : -4.322711 (0.041420)
energy : -2.174917 (0.000179)

kinetic : 2.147154 (0.041339)
potential : -4.322071 (0.041380)
energy : -2.174917 (0.000179)

kinetic : 2.148150 (0.041306)
potential : -4.323068 (0.041348)
energy : -2.174917 (0.000179)

kinetic : 2.150571 (0.041333)
potential : -4.325496 (0.041374)
energy : -2.174925 (0.000179)

kinetic : 2.150018 (0.041292)
potential : -4.324943 (0.041333)
energy : -2.174926 (0.000178)

kinetic : 2.149179 (0.041255)
potential : -4.324104 (0.041297)
energy : -2.174925 (0.000178)

kinetic : 2.148660 (0.041214)
potential : -4.323585 (0.041256)
energy : -2.174925 (0.000178)

kinetic : 2.148815 (0.041170)
potential : -4.323737 (0.041211)
energy : -2.174923 (0.000178)

kinetic : 2.149149 (0.041127)
potential : -4.324067 (0.041168)
energy : -2.174918 (0.000178)

kinetic : 2.148119 (0.041096)
potential : -4.323040 (0.041137)
energy : -2.174921 (0.000178)

kinetic : 2.150213 (0.041105)
potential : -4.325135 (0.041146)
energy : -2.174922 (0.000177)

kinetic : 2.148865 (0.041083)
potential : -4.323784 (0.041124)
energy : -2.174919 (0.000177)

kinetic : 2.148747 (0.041039)
potential : -4.323668 (0.041080)
energy : -2.174921 (0.000177)

kinetic : 2.147167 (0.041025)
potential : -4.322086 (0.041067)
energy : -2.174919 (0.000177)

kinetic : 2.146176 (0.040994)
potential : -4.321091 (0.041035)
energy : -2.174915 (0.000177)

kinetic : 2.145865 (0.040951)
potential : -4.320776 (0.040992)
energy : -2.174911 (0.000177)

kinetic : 2.145119 (0.040914)
potential : -4.320026 (0.040955)
energy : -2.174907 (0.000176)

kinetic : 2.144978 (0.040871)
potential : -4.319885 (0.040912)
energy : -2.174908 (0.000176)

kinetic : 2.143515 (0.040853)
potential : -4.318423 (0.040894)
energy : -2.174908 (0.000176)

kinetic : 2.142933 (0.040814)
potential : -4.317846 (0.040855)
energy : -2.174912 (0.000176)

kinetic : 2.142191 (0.040777)
potential : -4.317103 (0.040818)
energy : -2.174912 (0.000176)

kinetic : 2.141499 (0.040740)
potential : -4.316407 (0.040781)
energy : -2.174908 (0.000176)

kinetic : 2.140535 (0.040708)
potential : -4.315437 (0.040749)
energy : -2.174901 (0.000176)

kinetic : 2.139791 (0.040672)
potential : -4.314690 (0.040713)
energy : -2.174898 (0.000175)

kinetic : 2.140017 (0.040629)
potential : -4.314911 (0.040670)
energy : -2.174895 (0.000175)

kinetic : 2.140811 (0.040594)
potential : -4.315713 (0.040635)
energy : -2.174901 (0.000175)

kinetic : 2.140166 (0.040556)
potential : -4.315069 (0.040597)
energy : -2.174903 (0.000175)

kinetic : 2.140914 (0.040520)
potential : -4.315813 (0.040561)
energy : -2.174899 (0.000175)

kinetic : 2.141124 (0.040478)
potential : -4.316032 (0.040519)
energy : -2.174907 (0.000175)

kinetic : 2.140219 (0.040446)
potential : -4.315121 (0.040487)
energy : -2.174902 (0.000175)

kinetic : 2.139654 (0.040407)
potential : -4.314558 (0.040448)
energy : -2.174904 (0.000175)

kinetic : 2.139568 (0.040365)
potential : -4.314465 (0.040406)
energy : -2.174898 (0.000175)

kinetic : 2.139051 (0.040326)
potential : -4.313950 (0.040366)
energy : -2.174899 (0.000174)

kinetic : 2.139093 (0.040283)
potential : -4.313981 (0.040324)
energy : -2.174888 (0.000175)

kinetic : 2.137681 (0.040266)
potential : -4.312567 (0.040307)
energy : -2.174887 (0.000174)

kinetic : 2.137610 (0.040224)
potential : -4.312503 (0.040265)
energy : -2.174893 (0.000174)

kinetic : 2.138487 (0.040191)
potential : -4.313372 (0.040232)
energy : -2.174885 (0.000174)

kinetic : 2.137096 (0.040174)
potential : -4.311983 (0.040214)
energy : -2.174887 (0.000174)

kinetic : 2.136997 (0.040132)
potential : -4.311881 (0.040172)
energy : -2.174884 (0.000174)

kinetic : 2.139190 (0.040150)
potential : -4.314092 (0.040191)
energy : -2.174902 (0.000175)

kinetic : 2.139372 (0.040108)
potential : -4.314274 (0.040150)
energy : -2.174902 (0.000175)

kinetic : 2.138981 (0.040069)
potential : -4.313897 (0.040110)
energy : -2.174916 (0.000175)

kinetic : 2.137919 (0.040041)
potential : -4.312829 (0.040082)
energy : -2.174910 (0.000175)

kinetic : 2.138673 (0.040007)
potential : -4.313586 (0.040048)
energy : -2.174914 (0.000175)

kinetic : 2.139635 (0.039977)
potential : -4.314546 (0.040018)
energy : -2.174910 (0.000175)

kinetic : 2.140208 (0.039939)
potential : -4.315120 (0.039980)
energy : -2.174913 (0.000174)

kinetic : 2.140610 (0.039900)
potential : -4.315520 (0.039941)
energy : -2.174910 (0.000174)

kinetic : 2.140085 (0.039862)
potential : -4.314994 (0.039903)
energy : -2.174909 (0.000174)

kinetic : 2.139823 (0.039822)
potential : -4.314731 (0.039863)
energy : -2.174908 (0.000174)

kinetic : 2.139498 (0.039782)
potential : -4.314406 (0.039823)
energy : -2.174908 (0.000174)

kinetic : 2.139566 (0.039741)
potential : -4.314474 (0.039782)
energy : -2.174908 (0.000174)

kinetic : 2.139278 (0.039702)
potential : -4.314182 (0.039742)
energy : -2.174904 (0.000173)

kinetic : 2.142269 (0.039773)
potential : -4.317177 (0.039814)
energy : -2.174907 (0.000173)

kinetic : 2.141883 (0.039734)
potential : -4.316787 (0.039775)
energy : -2.174903 (0.000173)

kinetic : 2.140998 (0.039703)
potential : -4.315899 (0.039744)
energy : -2.174901 (0.000173)

kinetic : 2.139796 (0.039681)
potential : -4.314698 (0.039722)
energy : -2.174902 (0.000173)

kinetic : 2.140405 (0.039645)
potential : -4.315305 (0.039686)
energy : -2.174899 (0.000173)

kinetic : 2.140156 (0.039605)
potential : -4.315051 (0.039646)
energy : -2.174895 (0.000173)

kinetic : 2.139119 (0.039578)
potential : -4.314017 (0.039619)
energy : -2.174897 (0.000172)

kinetic : 2.138347 (0.039545)
potential : -4.313235 (0.039586)
energy : -2.174887 (0.000173)

kinetic : 2.137477 (0.039515)
potential : -4.312365 (0.039555)
energy : -2.174888 (0.000172)

kinetic : 2.137066 (0.039477)
potential : -4.311945 (0.039517)
energy : -2.174879 (0.000172)

kinetic : 2.138228 (0.039454)
potential : -4.313101 (0.039494)
energy : -2.174873 (0.000172)

kinetic : 2.139086 (0.039423)
potential : -4.313957 (0.039463)
energy : -2.174871 (0.000172)

kinetic : 2.140836 (0.039422)
potential : -4.315710 (0.039462)
energy : -2.174874 (0.000172)

kinetic : 2.140508 (0.039383)
potential : -4.315380 (0.039423)
energy : -2.174872 (0.000172)

kinetic : 2.141989 (0.039371)
potential : -4.316856 (0.039411)
energy : -2.174867 (0.000172)

kinetic : 2.141956 (0.039331)
potential : -4.316832 (0.039371)
energy : -2.174876 (0.000172)

kinetic : 2.141400 (0.039295)
potential : -4.316281 (0.039335)
energy : -2.174880 (0.000172)

kinetic : 2.141352 (0.039256)
potential : -4.316231 (0.039295)
energy : -2.174880 (0.000172)

kinetic : 2.140564 (0.039224)
potential : -4.315443 (0.039264)
energy : -2.174879 (0.000171)

kinetic : 2.140248 (0.039186)
potential : -4.315129 (0.039225)
energy : -2.174881 (0.000171)

kinetic : 2.139198 (0.039160)
potential : -4.314080 (0.039200)
energy : -2.174882 (0.000171)

kinetic : 2.141330 (0.039179)
potential : -4.316203 (0.039218)
energy : -2.174873 (0.000171)

kinetic : 2.140253 (0.039154)
potential : -4.315126 (0.039193)
energy : -2.174873 (0.000171)

kinetic : 2.140295 (0.039115)
potential : -4.315165 (0.039154)
energy : -2.174869 (0.000171)

kinetic : 2.141035 (0.039083)
potential : -4.315908 (0.039122)
energy : -2.174872 (0.000171)

kinetic : 2.140861 (0.039044)
potential : -4.315731 (0.039083)
energy : -2.174869 (0.000170)

kinetic : 2.142598 (0.039043)
potential : -4.317469 (0.039082)
energy : -2.174871 (0.000170)

kinetic : 2.141438 (0.039022)
potential : -4.316306 (0.039061)
energy : -2.174868 (0.000170)
         kinetic: 2.141(39), Sigma: 3.481, T_corr: 12.6
       potential: -4.316(39), Sigma: 3.485, T_corr: 12.6
          energy: -2.17487(17), Sigma: 0.023, T_corr: 5.6

For tau = 4.00e-01, acceptance ratio = 0.56
Time: 49.98s
