
kinetic : 2.698711 (inf)
potential : -5.629820 (inf)
energy : -2.931109 (inf)

kinetic : 2.711762 (inf)
potential : -5.635564 (inf)
energy : -2.923802 (inf)

kinetic : 3.084355 (0.397505)
potential : -5.992075 (0.380348)
energy : -2.907720 (0.017157)

kinetic : 3.131402 (0.237560)
potential : -6.043120 (0.228694)
energy : -2.911718 (0.010867)

kinetic : 3.152006 (0.170161)
potential : -6.055797 (0.163060)
energy : -2.903791 (0.011218)

kinetic : 3.059820 (0.165760)
potential : -5.963856 (0.161150)
energy : -2.904035 (0.008803)

kinetic : 3.042673 (0.136341)
potential : -5.944636 (0.132897)
energy : -2.901963 (0.007477)

kinetic : 3.069656 (0.118261)
potential : -5.969557 (0.114966)
energy : -2.899901 (0.006643)

kinetic : 3.087112 (0.103568)
potential : -5.988885 (0.101092)
energy : -2.901773 (0.006025)

kinetic : 3.083361 (0.091493)
potential : -5.984317 (0.089348)
energy : -2.900957 (0.005381)

kinetic : 3.068853 (0.082679)
potential : -5.968961 (0.080941)
energy : -2.900108 (0.004862)

kinetic : 3.120872 (0.091810)
potential : -6.020622 (0.090316)
energy : -2.899749 (0.004420)

kinetic : 3.127377 (0.084464)
potential : -6.025711 (0.082988)
energy : -2.898334 (0.004320)

kinetic : 3.112926 (0.078645)
potential : -6.012738 (0.077074)
energy : -2.899812 (0.004204)

kinetic : 3.103606 (0.073143)
potential : -6.003369 (0.071710)
energy : -2.899763 (0.003881)

kinetic : 3.056586 (0.079773)
potential : -5.958980 (0.077407)
energy : -2.902394 (0.004299)

kinetic : 3.060027 (0.074270)
potential : -5.962530 (0.072076)
energy : -2.902502 (0.004000)

kinetic : 3.072868 (0.071000)
potential : -5.974616 (0.068833)
energy : -2.901748 (0.003836)

kinetic : 3.052380 (0.069501)
potential : -5.954495 (0.067449)
energy : -2.902115 (0.003621)

kinetic : 3.042625 (0.066154)
potential : -5.945746 (0.064111)
energy : -2.903120 (0.003542)

kinetic : 3.064138 (0.066232)
potential : -5.966270 (0.064084)
energy : -2.902133 (0.003498)
         kinetic: 3.06(7), Sigma: 4.893, T_corr: 5.8
       potential: -5.97(6), Sigma: 4.843, T_corr: 5.6
          energy: -2.902(3), Sigma: 0.337, T_corr: 3.4

For tau = 1.00e-01, acceptance ratio = 0.87
Time: 14.51s
