
kinetic : 2.829659 (inf)
potential : -5.715430 (inf)
energy : -2.885771 (inf)

kinetic : 2.375298 (inf)
potential : -5.295214 (inf)
energy : -2.919916 (inf)

kinetic : 2.729596 (0.354297)
potential : -5.628208 (0.332993)
energy : -2.898612 (0.021304)

kinetic : 2.925815 (0.283450)
potential : -5.840468 (0.286384)
energy : -2.914654 (0.020214)

kinetic : 2.964113 (0.204056)
potential : -5.878749 (0.206091)
energy : -2.914637 (0.014294)

kinetic : 2.839578 (0.201226)
potential : -5.760120 (0.198889)
energy : -2.920542 (0.012548)

kinetic : 2.811152 (0.166741)
potential : -5.729256 (0.165299)
energy : -2.918103 (0.010532)

kinetic : 2.788319 (0.142760)
potential : -5.705624 (0.141688)
energy : -2.917305 (0.008937)

kinetic : 2.703311 (0.150039)
potential : -5.617195 (0.151249)
energy : -2.913884 (0.008462)

kinetic : 2.665808 (0.137534)
potential : -5.578933 (0.138768)
energy : -2.913125 (0.007501)

kinetic : 2.670580 (0.123106)
potential : -5.580237 (0.124125)
energy : -2.909657 (0.007553)

kinetic : 2.812429 (0.180335)
potential : -5.715581 (0.175852)
energy : -2.903152 (0.009433)

kinetic : 2.790725 (0.166047)
potential : -5.689120 (0.162696)
energy : -2.898395 (0.009838)

kinetic : 2.837144 (0.159639)
potential : -5.731458 (0.155532)
energy : -2.894314 (0.009927)

kinetic : 2.847981 (0.148193)
potential : -5.736360 (0.144078)
energy : -2.888379 (0.010940)

kinetic : 2.884470 (0.142705)
potential : -5.766957 (0.137575)
energy : -2.882487 (0.011766)

kinetic : 2.903745 (0.134872)
potential : -5.787030 (0.130246)
energy : -2.883284 (0.011035)

kinetic : 2.910499 (0.126870)
potential : -5.796772 (0.122732)
energy : -2.886274 (0.010788)

kinetic : 3.000525 (0.149708)
potential : -5.891810 (0.149738)
energy : -2.891284 (0.011338)

kinetic : 3.017866 (0.142667)
potential : -5.913456 (0.143283)
energy : -2.895590 (0.011557)

kinetic : 3.005322 (0.135926)
potential : -5.898008 (0.136805)
energy : -2.892686 (0.011342)

kinetic : 2.981018 (0.131556)
potential : -5.872332 (0.132636)
energy : -2.891315 (0.010876)

kinetic : 2.958758 (0.127394)
potential : -5.851205 (0.128216)
energy : -2.892447 (0.010431)

kinetic : 2.974693 (0.122767)
potential : -5.869164 (0.123824)
energy : -2.894471 (0.010171)

kinetic : 2.971961 (0.117573)
potential : -5.865125 (0.118622)
energy : -2.893164 (0.009825)

kinetic : 3.017889 (0.121765)
potential : -5.909463 (0.122111)
energy : -2.891573 (0.009557)

kinetic : 3.008100 (0.117397)
potential : -5.900423 (0.117669)
energy : -2.892323 (0.009213)

kinetic : 2.991675 (0.114153)
potential : -5.887363 (0.113977)
energy : -2.895688 (0.009482)

kinetic : 2.975120 (0.111240)
potential : -5.871326 (0.110996)
energy : -2.896205 (0.009152)

kinetic : 2.977999 (0.107374)
potential : -5.872110 (0.107103)
energy : -2.894111 (0.009075)

kinetic : 2.989371 (0.104354)
potential : -5.882368 (0.103979)
energy : -2.892998 (0.008838)

kinetic : 2.973257 (0.102210)
potential : -5.865508 (0.101972)
energy : -2.892251 (0.008581)

kinetic : 2.957528 (0.100207)
potential : -5.850499 (0.099868)
energy : -2.892971 (0.008339)

kinetic : 2.947548 (0.097634)
potential : -5.838637 (0.097519)
energy : -2.891089 (0.008299)

kinetic : 2.957787 (0.095271)
potential : -5.849058 (0.095179)
energy : -2.891271 (0.008053)

kinetic : 2.966698 (0.092937)
potential : -5.857031 (0.092763)
energy : -2.890332 (0.007876)

kinetic : 2.939561 (0.094307)
potential : -5.829463 (0.094270)
energy : -2.889903 (0.007666)

kinetic : 2.945767 (0.091933)
potential : -5.833621 (0.091781)
energy : -2.887854 (0.007732)

kinetic : 2.972485 (0.093385)
potential : -5.858320 (0.092685)
energy : -2.885835 (0.007792)

kinetic : 2.968735 (0.091036)
potential : -5.853477 (0.090407)
energy : -2.884742 (0.007668)

kinetic : 2.977019 (0.089117)
potential : -5.860223 (0.088376)
energy : -2.883204 (0.007630)

kinetic : 2.968321 (0.087350)
potential : -5.850349 (0.086757)
energy : -2.882028 (0.007534)

kinetic : 2.969568 (0.085254)
potential : -5.851122 (0.084670)
energy : -2.881554 (0.007368)

kinetic : 2.983004 (0.084325)
potential : -5.864249 (0.083713)
energy : -2.881245 (0.007201)

kinetic : 2.995779 (0.083371)
potential : -5.875839 (0.082605)
energy : -2.880060 (0.007135)

kinetic : 2.988576 (0.081815)
potential : -5.869439 (0.081002)
energy : -2.880864 (0.007021)

kinetic : 2.980158 (0.080458)
potential : -5.861555 (0.079613)
energy : -2.881397 (0.006887)

kinetic : 2.974427 (0.078936)
potential : -5.854943 (0.078181)
energy : -2.880516 (0.006796)

kinetic : 2.985205 (0.078022)
potential : -5.865937 (0.077320)
energy : -2.880732 (0.006657)

kinetic : 3.012783 (0.081237)
potential : -5.893702 (0.080655)
energy : -2.880919 (0.006522)

kinetic : 3.027307 (0.080910)
potential : -5.909470 (0.080583)
energy : -2.882163 (0.006510)

kinetic : 3.021949 (0.079489)
potential : -5.904280 (0.079158)
energy : -2.882331 (0.006384)

kinetic : 3.054749 (0.084566)
potential : -5.936438 (0.084018)
energy : -2.881688 (0.006293)

kinetic : 3.077307 (0.085967)
potential : -5.958966 (0.085441)
energy : -2.881659 (0.006173)

kinetic : 3.076715 (0.084362)
potential : -5.959460 (0.083846)
energy : -2.882745 (0.006154)

kinetic : 3.077079 (0.082815)
potential : -5.959462 (0.082307)
energy : -2.882383 (0.006052)

kinetic : 3.083204 (0.081553)
potential : -5.965570 (0.081054)
energy : -2.882366 (0.005943)

kinetic : 3.076276 (0.080408)
potential : -5.958322 (0.079949)
energy : -2.882046 (0.005846)

kinetic : 3.079675 (0.079083)
potential : -5.961538 (0.078624)
energy : -2.881862 (0.005748)

kinetic : 3.065431 (0.079025)
potential : -5.947009 (0.078634)
energy : -2.881578 (0.005656)

kinetic : 3.090493 (0.081639)
potential : -5.971871 (0.081212)
energy : -2.881378 (0.005565)

kinetic : 3.086817 (0.080374)
potential : -5.967882 (0.079969)
energy : -2.881065 (0.005482)

kinetic : 3.086770 (0.079067)
potential : -5.966568 (0.078679)
energy : -2.879799 (0.005539)

kinetic : 3.085690 (0.077809)
potential : -5.965611 (0.077426)
energy : -2.879921 (0.005452)

kinetic : 3.078728 (0.076900)
potential : -5.958877 (0.076504)
energy : -2.880150 (0.005371)

kinetic : 3.068886 (0.076344)
potential : -5.949716 (0.075873)
energy : -2.880831 (0.005332)

kinetic : 3.051502 (0.077162)
potential : -5.933019 (0.076557)
energy : -2.881516 (0.005295)

kinetic : 3.047661 (0.076099)
potential : -5.929473 (0.075489)
energy : -2.881811 (0.005223)

kinetic : 3.031030 (0.076794)
potential : -5.913259 (0.076118)
energy : -2.882229 (0.005163)

kinetic : 3.017938 (0.076797)
potential : -5.899548 (0.076249)
energy : -2.881610 (0.005125)

kinetic : 3.031293 (0.076861)
potential : -5.913253 (0.076392)
energy : -2.881960 (0.005063)

kinetic : 3.041959 (0.076518)
potential : -5.924932 (0.076208)
energy : -2.882974 (0.005094)

kinetic : 3.044546 (0.075492)
potential : -5.927807 (0.075197)
energy : -2.883261 (0.005031)

kinetic : 3.036798 (0.074853)
potential : -5.919916 (0.074579)
energy : -2.883118 (0.004963)

kinetic : 3.029629 (0.074182)
potential : -5.913502 (0.073843)
energy : -2.883873 (0.004954)

kinetic : 3.032464 (0.073241)
potential : -5.916137 (0.072900)
energy : -2.883673 (0.004891)

kinetic : 3.024480 (0.072710)
potential : -5.907629 (0.072436)
energy : -2.883148 (0.004855)

kinetic : 3.020864 (0.071851)
potential : -5.904380 (0.071562)
energy : -2.883516 (0.004805)

kinetic : 3.028390 (0.071322)
potential : -5.911504 (0.070997)
energy : -2.883113 (0.004760)

kinetic : 3.043714 (0.072061)
potential : -5.925490 (0.071475)
energy : -2.881776 (0.004886)

kinetic : 3.045758 (0.071184)
potential : -5.927643 (0.070608)
energy : -2.881884 (0.004826)

kinetic : 3.049232 (0.070386)
potential : -5.931675 (0.069848)
energy : -2.882442 (0.004799)

kinetic : 3.061413 (0.070581)
potential : -5.944442 (0.070162)
energy : -2.883030 (0.004776)

kinetic : 3.062634 (0.069736)
potential : -5.946762 (0.069350)
energy : -2.884128 (0.004844)

kinetic : 3.072048 (0.069541)
potential : -5.954953 (0.069008)
energy : -2.882904 (0.004940)

kinetic : 3.073167 (0.068727)
potential : -5.956312 (0.068205)
energy : -2.883145 (0.004888)

kinetic : 3.071920 (0.067935)
potential : -5.954709 (0.067426)
energy : -2.882789 (0.004844)

kinetic : 3.076964 (0.067339)
potential : -5.959335 (0.066807)
energy : -2.882371 (0.004806)

kinetic : 3.090148 (0.067862)
potential : -5.971982 (0.067243)
energy : -2.881834 (0.004781)

kinetic : 3.089258 (0.067101)
potential : -5.971168 (0.066488)
energy : -2.881910 (0.004728)

kinetic : 3.084183 (0.066545)
potential : -5.965953 (0.065952)
energy : -2.881770 (0.004677)

kinetic : 3.086099 (0.065838)
potential : -5.967900 (0.065252)
energy : -2.881802 (0.004626)

kinetic : 3.094341 (0.065638)
potential : -5.975366 (0.064970)
energy : -2.881026 (0.004640)

kinetic : 3.088334 (0.065205)
potential : -5.969164 (0.064566)
energy : -2.880829 (0.004594)

kinetic : 3.076963 (0.065502)
potential : -5.958339 (0.064786)
energy : -2.881376 (0.004578)

kinetic : 3.072006 (0.064999)
potential : -5.953159 (0.064309)
energy : -2.881153 (0.004535)

kinetic : 3.072313 (0.064319)
potential : -5.953204 (0.063636)
energy : -2.880891 (0.004495)

kinetic : 3.072285 (0.063652)
potential : -5.953050 (0.062977)
energy : -2.880765 (0.004450)

kinetic : 3.070230 (0.063033)
potential : -5.950865 (0.062369)
energy : -2.880635 (0.004407)

kinetic : 3.070925 (0.062397)
potential : -5.952099 (0.061748)
energy : -2.881174 (0.004395)

kinetic : 3.067439 (0.061868)
potential : -5.948306 (0.061245)
energy : -2.880867 (0.004362)
         kinetic: 3.07(6), Sigma: 4.060, T_corr: 4.6
       potential: -5.95(6), Sigma: 4.008, T_corr: 4.7
          energy: -2.881(4), Sigma: 0.336, T_corr: 3.4

For tau = 2.50e-01, acceptance ratio = 0.66
Time: 6.56s
