
kinetic : 0.607486 (inf)
potential : -1.139413 (inf)
energy : -0.531927 (inf)

kinetic : 0.522139 (inf)
potential : -1.048419 (inf)
energy : -0.526280 (inf)

kinetic : 0.513894 (0.008203)
potential : -1.041170 (0.007211)
energy : -0.527276 (0.000991)

kinetic : 0.508017 (0.007548)
potential : -1.035381 (0.007131)
energy : -0.527365 (0.000579)

kinetic : 0.495669 (0.013571)
potential : -1.022853 (0.013626)
energy : -0.527184 (0.000449)

kinetic : 0.493069 (0.010858)
potential : -1.019748 (0.011033)
energy : -0.526680 (0.000618)

kinetic : 0.493600 (0.008892)
potential : -1.020033 (0.009024)
energy : -0.526432 (0.000563)

kinetic : 0.498580 (0.009025)
potential : -1.024958 (0.009088)
energy : -0.526377 (0.000479)

kinetic : 0.507966 (0.012164)
potential : -1.034578 (0.012378)
energy : -0.526612 (0.000476)

kinetic : 0.506925 (0.010770)
potential : -1.033576 (0.010954)
energy : -0.526652 (0.000421)

kinetic : 0.504748 (0.009879)
potential : -1.031358 (0.010049)
energy : -0.526610 (0.000379)

kinetic : 0.502650 (0.009176)
potential : -1.029344 (0.009308)
energy : -0.526694 (0.000353)

kinetic : 0.504048 (0.008475)
potential : -1.031202 (0.008677)
energy : -0.527154 (0.000554)

kinetic : 0.504250 (0.007794)
potential : -1.031368 (0.007979)
energy : -0.527117 (0.000511)

kinetic : 0.507722 (0.008027)
potential : -1.034777 (0.008155)
energy : -0.527055 (0.000478)

kinetic : 0.508783 (0.007549)
potential : -1.035905 (0.007676)
energy : -0.527122 (0.000450)

kinetic : 0.510479 (0.007257)
potential : -1.037675 (0.007390)
energy : -0.527197 (0.000427)

kinetic : 0.510983 (0.006840)
potential : -1.038061 (0.006957)
energy : -0.527079 (0.000419)

kinetic : 0.512014 (0.006529)
potential : -1.039177 (0.006651)
energy : -0.527162 (0.000403)

kinetic : 0.513273 (0.006297)
potential : -1.040565 (0.006437)
energy : -0.527292 (0.000402)

kinetic : 0.516462 (0.006769)
potential : -1.043770 (0.006894)
energy : -0.527308 (0.000382)

kinetic : 0.518506 (0.006762)
potential : -1.045750 (0.006856)
energy : -0.527243 (0.000369)

kinetic : 0.518972 (0.006468)
potential : -1.046158 (0.006554)
energy : -0.527186 (0.000357)

kinetic : 0.517142 (0.006444)
potential : -1.044313 (0.006527)
energy : -0.527171 (0.000341)

kinetic : 0.518761 (0.006379)
potential : -1.045959 (0.006462)
energy : -0.527197 (0.000328)

kinetic : 0.518564 (0.006122)
potential : -1.045765 (0.006202)
energy : -0.527201 (0.000315)

kinetic : 0.518103 (0.005900)
potential : -1.045273 (0.005979)
energy : -0.527170 (0.000304)

kinetic : 0.517191 (0.005750)
potential : -1.044427 (0.005815)
energy : -0.527236 (0.000300)

kinetic : 0.517819 (0.005573)
potential : -1.045124 (0.005643)
energy : -0.527305 (0.000297)

kinetic : 0.519631 (0.005666)
potential : -1.047054 (0.005768)
energy : -0.527422 (0.000309)

kinetic : 0.518274 (0.005639)
potential : -1.045690 (0.005735)
energy : -0.527416 (0.000298)

kinetic : 0.518319 (0.005455)
potential : -1.045708 (0.005549)
energy : -0.527388 (0.000290)

kinetic : 0.518600 (0.005290)
potential : -1.046034 (0.005382)
energy : -0.527433 (0.000284)

kinetic : 0.518996 (0.005140)
potential : -1.046501 (0.005235)
energy : -0.527505 (0.000284)

kinetic : 0.518468 (0.005015)
potential : -1.045971 (0.005107)
energy : -0.527503 (0.000276)

kinetic : 0.519510 (0.004978)
potential : -1.047039 (0.005071)
energy : -0.527528 (0.000269)

kinetic : 0.520476 (0.004936)
potential : -1.047974 (0.005018)
energy : -0.527497 (0.000263)

kinetic : 0.520762 (0.004810)
potential : -1.048240 (0.004889)
energy : -0.527478 (0.000257)

kinetic : 0.520138 (0.004724)
potential : -1.047600 (0.004803)
energy : -0.527462 (0.000251)

kinetic : 0.519656 (0.004626)
potential : -1.047155 (0.004699)
energy : -0.527499 (0.000247)

kinetic : 0.519508 (0.004512)
potential : -1.046962 (0.004585)
energy : -0.527453 (0.000245)

kinetic : 0.519635 (0.004404)
potential : -1.047009 (0.004473)
energy : -0.527374 (0.000252)

kinetic : 0.520337 (0.004359)
potential : -1.047661 (0.004417)
energy : -0.527324 (0.000252)

kinetic : 0.520257 (0.004256)
potential : -1.047629 (0.004312)
energy : -0.527372 (0.000250)

kinetic : 0.521431 (0.004319)
potential : -1.048825 (0.004378)
energy : -0.527394 (0.000245)

kinetic : 0.522169 (0.004285)
potential : -1.049576 (0.004344)
energy : -0.527407 (0.000240)

kinetic : 0.522418 (0.004199)
potential : -1.049820 (0.004256)
energy : -0.527402 (0.000235)

kinetic : 0.520954 (0.004366)
potential : -1.048309 (0.004435)
energy : -0.527355 (0.000235)

kinetic : 0.520255 (0.004332)
potential : -1.047616 (0.004398)
energy : -0.527361 (0.000230)

kinetic : 0.520315 (0.004242)
potential : -1.047741 (0.004308)
energy : -0.527426 (0.000234)

kinetic : 0.520501 (0.004160)
potential : -1.047915 (0.004224)
energy : -0.527414 (0.000230)

kinetic : 0.520303 (0.004083)
potential : -1.047703 (0.004147)
energy : -0.527400 (0.000226)

kinetic : 0.520827 (0.004038)
potential : -1.048227 (0.004100)
energy : -0.527401 (0.000222)

kinetic : 0.519867 (0.004079)
potential : -1.047241 (0.004144)
energy : -0.527374 (0.000219)

kinetic : 0.520599 (0.004067)
potential : -1.048016 (0.004138)
energy : -0.527418 (0.000219)

kinetic : 0.520921 (0.004004)
potential : -1.048380 (0.004077)
energy : -0.527459 (0.000219)

kinetic : 0.520802 (0.003934)
potential : -1.048259 (0.004006)
energy : -0.527457 (0.000215)

kinetic : 0.521037 (0.003871)
potential : -1.048529 (0.003943)
energy : -0.527492 (0.000214)

kinetic : 0.521220 (0.003807)
potential : -1.048746 (0.003880)
energy : -0.527526 (0.000213)

kinetic : 0.520862 (0.003759)
potential : -1.048396 (0.003830)
energy : -0.527534 (0.000210)

kinetic : 0.521050 (0.003701)
potential : -1.048562 (0.003769)
energy : -0.527512 (0.000207)

kinetic : 0.520661 (0.003661)
potential : -1.048188 (0.003726)
energy : -0.527527 (0.000204)

kinetic : 0.520044 (0.003654)
potential : -1.047566 (0.003718)
energy : -0.527521 (0.000201)

kinetic : 0.518532 (0.003906)
potential : -1.046034 (0.003972)
energy : -0.527501 (0.000199)

kinetic : 0.518087 (0.003870)
potential : -1.045618 (0.003931)
energy : -0.527530 (0.000198)

kinetic : 0.517748 (0.003825)
potential : -1.045275 (0.003886)
energy : -0.527526 (0.000195)

kinetic : 0.516892 (0.003866)
potential : -1.044367 (0.003936)
energy : -0.527474 (0.000199)

kinetic : 0.517475 (0.003853)
potential : -1.044959 (0.003922)
energy : -0.527485 (0.000196)

kinetic : 0.517439 (0.003796)
potential : -1.044922 (0.003865)
energy : -0.527483 (0.000194)

kinetic : 0.517549 (0.003742)
potential : -1.045031 (0.003810)
energy : -0.527483 (0.000191)

kinetic : 0.516824 (0.003763)
potential : -1.044263 (0.003837)
energy : -0.527440 (0.000193)

kinetic : 0.516902 (0.003710)
potential : -1.044373 (0.003784)
energy : -0.527471 (0.000193)

kinetic : 0.517024 (0.003659)
potential : -1.044521 (0.003733)
energy : -0.527497 (0.000192)

kinetic : 0.516417 (0.003660)
potential : -1.043894 (0.003735)
energy : -0.527476 (0.000190)

kinetic : 0.516683 (0.003621)
potential : -1.044151 (0.003694)
energy : -0.527468 (0.000188)

kinetic : 0.516128 (0.003614)
potential : -1.043622 (0.003682)
energy : -0.527493 (0.000187)

kinetic : 0.516065 (0.003566)
potential : -1.043581 (0.003633)
energy : -0.527516 (0.000186)

kinetic : 0.516676 (0.003571)
potential : -1.044222 (0.003641)
energy : -0.527546 (0.000186)

kinetic : 0.516245 (0.003552)
potential : -1.043776 (0.003622)
energy : -0.527531 (0.000184)

kinetic : 0.516360 (0.003508)
potential : -1.043935 (0.003579)
energy : -0.527576 (0.000187)

kinetic : 0.516127 (0.003471)
potential : -1.043709 (0.003541)
energy : -0.527582 (0.000185)

kinetic : 0.516251 (0.003430)
potential : -1.043848 (0.003499)
energy : -0.527597 (0.000183)

kinetic : 0.515704 (0.003435)
potential : -1.043246 (0.003512)
energy : -0.527541 (0.000189)

kinetic : 0.515120 (0.003443)
potential : -1.042691 (0.003513)
energy : -0.527571 (0.000189)

kinetic : 0.514707 (0.003426)
potential : -1.042293 (0.003493)
energy : -0.527586 (0.000187)

kinetic : 0.514705 (0.003385)
potential : -1.042284 (0.003452)
energy : -0.527579 (0.000185)

kinetic : 0.515187 (0.003380)
potential : -1.042784 (0.003447)
energy : -0.527596 (0.000184)

kinetic : 0.515624 (0.003370)
potential : -1.043208 (0.003434)
energy : -0.527584 (0.000182)

kinetic : 0.516508 (0.003447)
potential : -1.044104 (0.003511)
energy : -0.527596 (0.000181)

kinetic : 0.516425 (0.003409)
potential : -1.044017 (0.003473)
energy : -0.527593 (0.000179)

kinetic : 0.515813 (0.003426)
potential : -1.043401 (0.003489)
energy : -0.527588 (0.000177)

kinetic : 0.515971 (0.003392)
potential : -1.043581 (0.003455)
energy : -0.527610 (0.000176)

kinetic : 0.515915 (0.003354)
potential : -1.043567 (0.003417)
energy : -0.527653 (0.000179)

kinetic : 0.516897 (0.003455)
potential : -1.044588 (0.003525)
energy : -0.527690 (0.000181)

kinetic : 0.517499 (0.003471)
potential : -1.045182 (0.003537)
energy : -0.527683 (0.000179)

kinetic : 0.517297 (0.003440)
potential : -1.044976 (0.003506)
energy : -0.527679 (0.000177)

kinetic : 0.517459 (0.003408)
potential : -1.045144 (0.003473)
energy : -0.527685 (0.000176)

kinetic : 0.517201 (0.003383)
potential : -1.044888 (0.003447)
energy : -0.527687 (0.000174)

kinetic : 0.517052 (0.003352)
potential : -1.044715 (0.003416)
energy : -0.527663 (0.000174)

kinetic : 0.517301 (0.003328)
potential : -1.044933 (0.003389)
energy : -0.527632 (0.000175)

kinetic : 0.517137 (0.003299)
potential : -1.044747 (0.003361)
energy : -0.527610 (0.000174)
         kinetic: 0.5171(33), Sigma: 0.970, T_corr: 23.1
       potential: -1.0447(34), Sigma: 0.975, T_corr: 23.8
          energy: -0.52761(17), Sigma: 0.046, T_corr: 29.0

For tau = 5.00e-02, acceptance ratio = 0.99
Time: 1465.70s
