
kinetic : 0.579430 (inf)
potential : -1.107897 (inf)
energy : -0.528467 (inf)

kinetic : 0.500117 (inf)
potential : -1.026657 (inf)
energy : -0.526540 (inf)

kinetic : 0.505030 (0.004861)
potential : -1.031693 (0.004982)
energy : -0.526662 (0.000121)

kinetic : 0.497233 (0.008239)
potential : -1.024231 (0.007951)
energy : -0.526998 (0.000341)

kinetic : 0.507156 (0.011450)
potential : -1.034458 (0.011612)
energy : -0.527302 (0.000386)

kinetic : 0.509378 (0.009151)
potential : -1.036515 (0.009234)
energy : -0.527137 (0.000342)

kinetic : 0.506552 (0.007985)
potential : -1.033825 (0.008002)
energy : -0.527273 (0.000310)

kinetic : 0.511879 (0.008552)
potential : -1.039535 (0.008801)
energy : -0.527656 (0.000460)

kinetic : 0.516764 (0.008843)
potential : -1.044743 (0.009200)
energy : -0.527979 (0.000511)

kinetic : 0.515955 (0.007843)
potential : -1.043920 (0.008158)
energy : -0.527965 (0.000451)

kinetic : 0.517036 (0.007101)
potential : -1.045005 (0.007380)
energy : -0.527969 (0.000404)

kinetic : 0.517881 (0.006485)
potential : -1.045721 (0.006721)
energy : -0.527841 (0.000388)

kinetic : 0.518212 (0.005929)
potential : -1.046048 (0.006144)
energy : -0.527836 (0.000354)

kinetic : 0.519462 (0.005600)
potential : -1.047268 (0.005786)
energy : -0.527806 (0.000327)

kinetic : 0.519595 (0.005186)
potential : -1.047408 (0.005358)
energy : -0.527813 (0.000303)

kinetic : 0.518661 (0.004919)
potential : -1.046434 (0.005084)
energy : -0.527773 (0.000285)

kinetic : 0.518814 (0.004604)
potential : -1.046603 (0.004759)
energy : -0.527789 (0.000267)

kinetic : 0.518896 (0.004327)
potential : -1.046629 (0.004472)
energy : -0.527733 (0.000257)

kinetic : 0.519316 (0.004101)
potential : -1.047065 (0.004239)
energy : -0.527749 (0.000243)

kinetic : 0.519428 (0.003882)
potential : -1.047114 (0.004011)
energy : -0.527686 (0.000239)

kinetic : 0.518989 (0.003710)
potential : -1.046619 (0.003839)
energy : -0.527630 (0.000233)

kinetic : 0.519558 (0.003576)
potential : -1.047145 (0.003690)
energy : -0.527587 (0.000226)

kinetic : 0.518453 (0.003585)
potential : -1.046008 (0.003699)
energy : -0.527555 (0.000218)

kinetic : 0.517968 (0.003460)
potential : -1.045508 (0.003570)
energy : -0.527540 (0.000209)

kinetic : 0.519166 (0.003521)
potential : -1.046749 (0.003634)
energy : -0.527583 (0.000205)

kinetic : 0.520662 (0.003688)
potential : -1.048306 (0.003812)
energy : -0.527644 (0.000205)

kinetic : 0.520460 (0.003550)
potential : -1.048083 (0.003669)
energy : -0.527623 (0.000198)

kinetic : 0.520650 (0.003422)
potential : -1.048221 (0.003534)
energy : -0.527571 (0.000198)

kinetic : 0.520667 (0.003297)
potential : -1.048229 (0.003406)
energy : -0.527562 (0.000191)

kinetic : 0.521900 (0.003411)
potential : -1.049484 (0.003516)
energy : -0.527584 (0.000186)

kinetic : 0.521471 (0.003323)
potential : -1.049057 (0.003424)
energy : -0.527586 (0.000179)

kinetic : 0.520654 (0.003316)
potential : -1.048253 (0.003407)
energy : -0.527599 (0.000174)

kinetic : 0.520444 (0.003217)
potential : -1.048067 (0.003304)
energy : -0.527623 (0.000170)

kinetic : 0.520657 (0.003125)
potential : -1.048261 (0.003208)
energy : -0.527604 (0.000166)

kinetic : 0.521406 (0.003122)
potential : -1.049051 (0.003210)
energy : -0.527645 (0.000166)

kinetic : 0.521135 (0.003043)
potential : -1.048786 (0.003128)
energy : -0.527651 (0.000161)

kinetic : 0.520582 (0.003009)
potential : -1.048244 (0.003088)
energy : -0.527662 (0.000157)

kinetic : 0.519091 (0.003286)
potential : -1.046747 (0.003357)
energy : -0.527656 (0.000153)

kinetic : 0.518692 (0.003223)
potential : -1.046342 (0.003293)
energy : -0.527650 (0.000149)

kinetic : 0.519153 (0.003172)
potential : -1.046825 (0.003243)
energy : -0.527672 (0.000147)

kinetic : 0.519821 (0.003162)
potential : -1.047516 (0.003234)
energy : -0.527696 (0.000145)

kinetic : 0.520305 (0.003123)
potential : -1.047979 (0.003189)
energy : -0.527674 (0.000143)

kinetic : 0.519747 (0.003098)
potential : -1.047419 (0.003162)
energy : -0.527672 (0.000140)

kinetic : 0.519294 (0.003059)
potential : -1.046951 (0.003123)
energy : -0.527657 (0.000137)

kinetic : 0.520197 (0.003120)
potential : -1.047881 (0.003188)
energy : -0.527684 (0.000137)

kinetic : 0.519818 (0.003074)
potential : -1.047506 (0.003139)
energy : -0.527688 (0.000134)

kinetic : 0.520201 (0.003030)
potential : -1.047915 (0.003096)
energy : -0.527714 (0.000133)

kinetic : 0.519799 (0.002992)
potential : -1.047511 (0.003057)
energy : -0.527713 (0.000130)

kinetic : 0.520183 (0.002954)
potential : -1.047893 (0.003017)
energy : -0.527710 (0.000128)

kinetic : 0.520108 (0.002895)
potential : -1.047803 (0.002956)
energy : -0.527695 (0.000126)

kinetic : 0.520248 (0.002840)
potential : -1.047947 (0.002900)
energy : -0.527699 (0.000124)

kinetic : 0.520278 (0.002784)
potential : -1.047971 (0.002843)
energy : -0.527693 (0.000121)

kinetic : 0.519662 (0.002797)
potential : -1.047401 (0.002844)
energy : -0.527738 (0.000127)

kinetic : 0.519302 (0.002767)
potential : -1.047023 (0.002815)
energy : -0.527721 (0.000126)

kinetic : 0.519591 (0.002731)
potential : -1.047318 (0.002778)
energy : -0.527728 (0.000124)

kinetic : 0.519343 (0.002692)
potential : -1.047070 (0.002739)
energy : -0.527727 (0.000122)

kinetic : 0.519971 (0.002718)
potential : -1.047694 (0.002761)
energy : -0.527723 (0.000119)

kinetic : 0.520582 (0.002738)
potential : -1.048325 (0.002784)
energy : -0.527742 (0.000119)

kinetic : 0.521141 (0.002747)
potential : -1.048898 (0.002794)
energy : -0.527757 (0.000118)

kinetic : 0.521401 (0.002712)
potential : -1.049164 (0.002759)
energy : -0.527763 (0.000116)

kinetic : 0.521327 (0.002668)
potential : -1.049079 (0.002714)
energy : -0.527753 (0.000114)

kinetic : 0.521459 (0.002628)
potential : -1.049189 (0.002672)
energy : -0.527730 (0.000115)

kinetic : 0.521176 (0.002600)
potential : -1.048903 (0.002644)
energy : -0.527727 (0.000113)

kinetic : 0.520739 (0.002596)
potential : -1.048461 (0.002639)
energy : -0.527723 (0.000111)

kinetic : 0.520792 (0.002556)
potential : -1.048513 (0.002598)
energy : -0.527722 (0.000110)

kinetic : 0.520619 (0.002522)
potential : -1.048344 (0.002563)
energy : -0.527726 (0.000108)

kinetic : 0.520365 (0.002497)
potential : -1.048065 (0.002540)
energy : -0.527701 (0.000109)

kinetic : 0.520643 (0.002475)
potential : -1.048341 (0.002517)
energy : -0.527698 (0.000108)

kinetic : 0.520407 (0.002450)
potential : -1.048108 (0.002491)
energy : -0.527701 (0.000106)

kinetic : 0.520244 (0.002419)
potential : -1.047964 (0.002458)
energy : -0.527720 (0.000106)

kinetic : 0.520160 (0.002386)
potential : -1.047898 (0.002424)
energy : -0.527737 (0.000106)

kinetic : 0.520160 (0.002352)
potential : -1.047897 (0.002389)
energy : -0.527736 (0.000105)

kinetic : 0.520377 (0.002329)
potential : -1.048115 (0.002366)
energy : -0.527738 (0.000103)

kinetic : 0.520216 (0.002303)
potential : -1.047937 (0.002340)
energy : -0.527722 (0.000103)

kinetic : 0.520135 (0.002273)
potential : -1.047876 (0.002309)
energy : -0.527741 (0.000103)

kinetic : 0.519806 (0.002267)
potential : -1.047524 (0.002306)
energy : -0.527717 (0.000105)

kinetic : 0.519248 (0.002308)
potential : -1.046929 (0.002354)
energy : -0.527681 (0.000110)

kinetic : 0.518982 (0.002294)
potential : -1.046640 (0.002342)
energy : -0.527658 (0.000111)

kinetic : 0.518610 (0.002294)
potential : -1.046266 (0.002342)
energy : -0.527656 (0.000109)

kinetic : 0.518902 (0.002284)
potential : -1.046566 (0.002331)
energy : -0.527664 (0.000108)

kinetic : 0.518658 (0.002269)
potential : -1.046314 (0.002316)
energy : -0.527656 (0.000107)

kinetic : 0.518682 (0.002240)
potential : -1.046365 (0.002288)
energy : -0.527683 (0.000109)

kinetic : 0.518830 (0.002218)
potential : -1.046517 (0.002265)
energy : -0.527687 (0.000108)

kinetic : 0.518881 (0.002191)
potential : -1.046573 (0.002238)
energy : -0.527692 (0.000107)

kinetic : 0.518851 (0.002165)
potential : -1.046544 (0.002211)
energy : -0.527693 (0.000106)

kinetic : 0.518685 (0.002146)
potential : -1.046390 (0.002190)
energy : -0.527705 (0.000105)

kinetic : 0.518383 (0.002143)
potential : -1.046052 (0.002192)
energy : -0.527669 (0.000110)

kinetic : 0.518427 (0.002119)
potential : -1.046106 (0.002167)
energy : -0.527679 (0.000109)

kinetic : 0.518321 (0.002097)
potential : -1.046000 (0.002145)
energy : -0.527679 (0.000108)

kinetic : 0.518468 (0.002078)
potential : -1.046167 (0.002127)
energy : -0.527699 (0.000109)

kinetic : 0.518317 (0.002061)
potential : -1.046005 (0.002110)
energy : -0.527688 (0.000108)

kinetic : 0.518591 (0.002056)
potential : -1.046285 (0.002105)
energy : -0.527693 (0.000107)

kinetic : 0.518519 (0.002035)
potential : -1.046206 (0.002084)
energy : -0.527687 (0.000106)

kinetic : 0.518594 (0.002015)
potential : -1.046278 (0.002062)
energy : -0.527684 (0.000105)

kinetic : 0.518799 (0.002004)
potential : -1.046478 (0.002050)
energy : -0.527678 (0.000104)

kinetic : 0.519219 (0.002026)
potential : -1.046901 (0.002072)
energy : -0.527682 (0.000103)

kinetic : 0.519324 (0.002008)
potential : -1.047007 (0.002053)
energy : -0.527683 (0.000102)

kinetic : 0.519305 (0.001987)
potential : -1.046997 (0.002032)
energy : -0.527692 (0.000101)

kinetic : 0.519390 (0.001969)
potential : -1.047083 (0.002013)
energy : -0.527694 (0.000100)

kinetic : 0.519359 (0.001949)
potential : -1.047054 (0.001993)
energy : -0.527695 (0.000099)

kinetic : 0.519176 (0.001938)
potential : -1.046858 (0.001983)
energy : -0.527682 (0.000099)
         kinetic: 0.5192(19), Sigma: 0.976, T_corr: 7.9
       potential: -1.0469(20), Sigma: 0.981, T_corr: 8.2
          energy: -0.527682(99), Sigma: 0.046, T_corr: 9.2

For tau = 2.00e-01, acceptance ratio = 0.96
Time: 1378.85s
