
kinetic : 0.554558 (inf)
potential : -1.083315 (inf)
energy : -0.528757 (inf)

kinetic : 0.521659 (inf)
potential : -1.048703 (inf)
energy : -0.527044 (inf)

kinetic : 0.509612 (0.011946)
potential : -1.037682 (0.010929)
energy : -0.528070 (0.001017)

kinetic : 0.508005 (0.007090)
potential : -1.035915 (0.006560)
energy : -0.527910 (0.000610)

kinetic : 0.510185 (0.005463)
potential : -1.038178 (0.005158)
energy : -0.527993 (0.000439)

kinetic : 0.519596 (0.010336)
potential : -1.047587 (0.010239)
energy : -0.527991 (0.000340)

kinetic : 0.523474 (0.009272)
potential : -1.051548 (0.009236)
energy : -0.528074 (0.000290)

kinetic : 0.523803 (0.007849)
potential : -1.051902 (0.007819)
energy : -0.528100 (0.000246)

kinetic : 0.520878 (0.007404)
potential : -1.048967 (0.007385)
energy : -0.528089 (0.000214)

kinetic : 0.522794 (0.006800)
potential : -1.051026 (0.006826)
energy : -0.528232 (0.000236)

kinetic : 0.522797 (0.006085)
potential : -1.050884 (0.006109)
energy : -0.528087 (0.000257)

kinetic : 0.521263 (0.005718)
potential : -1.049290 (0.005755)
energy : -0.528028 (0.000240)

kinetic : 0.520772 (0.005240)
potential : -1.048910 (0.005265)
energy : -0.528139 (0.000245)

kinetic : 0.519247 (0.005064)
potential : -1.047199 (0.005146)
energy : -0.527952 (0.000294)

kinetic : 0.517268 (0.005092)
potential : -1.045168 (0.005183)
energy : -0.527900 (0.000277)

kinetic : 0.516947 (0.004752)
potential : -1.044805 (0.004839)
energy : -0.527858 (0.000261)

kinetic : 0.514950 (0.004882)
potential : -1.042693 (0.005005)
energy : -0.527742 (0.000271)

kinetic : 0.515826 (0.004668)
potential : -1.043601 (0.004788)
energy : -0.527775 (0.000257)

kinetic : 0.518483 (0.005141)
potential : -1.046250 (0.005233)
energy : -0.527767 (0.000242)

kinetic : 0.516808 (0.005142)
potential : -1.044551 (0.005233)
energy : -0.527744 (0.000230)

kinetic : 0.515069 (0.005182)
potential : -1.042761 (0.005281)
energy : -0.527692 (0.000225)

kinetic : 0.516799 (0.005222)
potential : -1.044523 (0.005321)
energy : -0.527724 (0.000216)

kinetic : 0.517142 (0.004992)
potential : -1.044791 (0.005082)
energy : -0.527649 (0.000220)

kinetic : 0.517627 (0.004791)
potential : -1.045439 (0.004894)
energy : -0.527812 (0.000264)

kinetic : 0.517662 (0.004587)
potential : -1.045475 (0.004686)
energy : -0.527813 (0.000253)

kinetic : 0.516100 (0.004665)
potential : -1.043944 (0.004744)
energy : -0.527845 (0.000244)

kinetic : 0.516683 (0.004518)
potential : -1.044561 (0.004598)
energy : -0.527878 (0.000237)

kinetic : 0.516984 (0.004358)
potential : -1.044865 (0.004435)
energy : -0.527881 (0.000228)

kinetic : 0.518143 (0.004357)
potential : -1.046014 (0.004426)
energy : -0.527871 (0.000220)

kinetic : 0.519406 (0.004388)
potential : -1.047298 (0.004458)
energy : -0.527892 (0.000213)

kinetic : 0.519392 (0.004239)
potential : -1.047321 (0.004306)
energy : -0.527928 (0.000209)

kinetic : 0.518813 (0.004139)
potential : -1.046801 (0.004196)
energy : -0.527988 (0.000211)

kinetic : 0.518946 (0.004011)
potential : -1.046880 (0.004064)
energy : -0.527934 (0.000211)

kinetic : 0.517605 (0.004111)
potential : -1.045549 (0.004157)
energy : -0.527944 (0.000205)

kinetic : 0.516132 (0.004256)
potential : -1.044036 (0.004311)
energy : -0.527904 (0.000203)

kinetic : 0.516426 (0.004141)
potential : -1.044402 (0.004201)
energy : -0.527976 (0.000209)

kinetic : 0.516536 (0.004027)
potential : -1.044477 (0.004084)
energy : -0.527941 (0.000207)

kinetic : 0.516095 (0.003943)
potential : -1.043978 (0.004005)
energy : -0.527883 (0.000209)

kinetic : 0.516453 (0.003856)
potential : -1.044299 (0.003912)
energy : -0.527846 (0.000207)

kinetic : 0.517411 (0.003876)
potential : -1.045259 (0.003930)
energy : -0.527847 (0.000202)

kinetic : 0.517667 (0.003787)
potential : -1.045490 (0.003838)
energy : -0.527824 (0.000198)

kinetic : 0.518513 (0.003788)
potential : -1.046350 (0.003840)
energy : -0.527837 (0.000194)

kinetic : 0.518573 (0.003698)
potential : -1.046399 (0.003748)
energy : -0.527827 (0.000189)

kinetic : 0.519619 (0.003759)
potential : -1.047442 (0.003804)
energy : -0.527822 (0.000185)

kinetic : 0.520088 (0.003702)
potential : -1.047908 (0.003746)
energy : -0.527820 (0.000181)

kinetic : 0.521221 (0.003791)
potential : -1.049061 (0.003838)
energy : -0.527840 (0.000178)

kinetic : 0.522180 (0.003829)
potential : -1.050016 (0.003873)
energy : -0.527836 (0.000174)

kinetic : 0.521102 (0.003903)
potential : -1.048892 (0.003957)
energy : -0.527790 (0.000177)

kinetic : 0.520550 (0.003861)
potential : -1.048311 (0.003918)
energy : -0.527760 (0.000175)

kinetic : 0.519720 (0.003872)
potential : -1.047484 (0.003926)
energy : -0.527764 (0.000172)

kinetic : 0.520042 (0.003807)
potential : -1.047812 (0.003860)
energy : -0.527770 (0.000168)

kinetic : 0.519769 (0.003741)
potential : -1.047534 (0.003794)
energy : -0.527764 (0.000165)

kinetic : 0.519566 (0.003674)
potential : -1.047342 (0.003725)
energy : -0.527776 (0.000162)

kinetic : 0.519355 (0.003611)
potential : -1.047118 (0.003661)
energy : -0.527763 (0.000160)

kinetic : 0.519332 (0.003543)
potential : -1.047102 (0.003593)
energy : -0.527770 (0.000157)

kinetic : 0.519049 (0.003490)
potential : -1.046821 (0.003538)
energy : -0.527771 (0.000154)

kinetic : 0.518731 (0.003442)
potential : -1.046495 (0.003489)
energy : -0.527764 (0.000152)

kinetic : 0.518492 (0.003389)
potential : -1.046277 (0.003434)
energy : -0.527784 (0.000150)

kinetic : 0.518415 (0.003330)
potential : -1.046255 (0.003374)
energy : -0.527840 (0.000158)

kinetic : 0.518309 (0.003275)
potential : -1.046144 (0.003318)
energy : -0.527835 (0.000155)

kinetic : 0.518300 (0.003220)
potential : -1.046113 (0.003262)
energy : -0.527813 (0.000154)

kinetic : 0.518344 (0.003167)
potential : -1.046145 (0.003209)
energy : -0.527801 (0.000152)

kinetic : 0.518454 (0.003117)
potential : -1.046267 (0.003159)
energy : -0.527812 (0.000150)

kinetic : 0.518777 (0.003084)
potential : -1.046613 (0.003127)
energy : -0.527836 (0.000149)

kinetic : 0.519350 (0.003089)
potential : -1.047169 (0.003128)
energy : -0.527819 (0.000148)

kinetic : 0.519972 (0.003103)
potential : -1.047817 (0.003146)
energy : -0.527844 (0.000148)

kinetic : 0.519355 (0.003117)
potential : -1.047203 (0.003158)
energy : -0.527848 (0.000146)

kinetic : 0.519177 (0.003076)
potential : -1.047018 (0.003116)
energy : -0.527841 (0.000144)

kinetic : 0.518866 (0.003046)
potential : -1.046700 (0.003086)
energy : -0.527834 (0.000142)

kinetic : 0.518990 (0.003004)
potential : -1.046831 (0.003044)
energy : -0.527842 (0.000140)

kinetic : 0.518364 (0.003026)
potential : -1.046211 (0.003063)
energy : -0.527847 (0.000138)

kinetic : 0.517901 (0.003020)
potential : -1.045732 (0.003058)
energy : -0.527831 (0.000137)

kinetic : 0.518341 (0.003009)
potential : -1.046191 (0.003050)
energy : -0.527850 (0.000136)

kinetic : 0.517785 (0.003020)
potential : -1.045610 (0.003064)
energy : -0.527825 (0.000137)

kinetic : 0.518434 (0.003049)
potential : -1.046261 (0.003092)
energy : -0.527828 (0.000135)

kinetic : 0.517973 (0.003043)
potential : -1.045800 (0.003085)
energy : -0.527827 (0.000133)

kinetic : 0.518027 (0.003003)
potential : -1.045874 (0.003045)
energy : -0.527847 (0.000133)

kinetic : 0.518217 (0.002970)
potential : -1.046073 (0.003012)
energy : -0.527856 (0.000132)

kinetic : 0.518335 (0.002934)
potential : -1.046220 (0.002976)
energy : -0.527885 (0.000133)

kinetic : 0.517753 (0.002955)
potential : -1.045617 (0.003000)
energy : -0.527864 (0.000133)

kinetic : 0.517481 (0.002930)
potential : -1.045343 (0.002975)
energy : -0.527862 (0.000131)

kinetic : 0.517416 (0.002895)
potential : -1.045271 (0.002939)
energy : -0.527855 (0.000130)

kinetic : 0.518048 (0.002929)
potential : -1.045893 (0.002970)
energy : -0.527845 (0.000129)

kinetic : 0.518129 (0.002895)
potential : -1.045966 (0.002935)
energy : -0.527837 (0.000127)

kinetic : 0.517507 (0.002928)
potential : -1.045330 (0.002970)
energy : -0.527823 (0.000127)

kinetic : 0.517115 (0.002920)
potential : -1.044919 (0.002964)
energy : -0.527804 (0.000127)

kinetic : 0.517665 (0.002939)
potential : -1.045466 (0.002980)
energy : -0.527801 (0.000125)

kinetic : 0.517446 (0.002913)
potential : -1.045256 (0.002953)
energy : -0.527810 (0.000124)

kinetic : 0.517594 (0.002883)
potential : -1.045421 (0.002924)
energy : -0.527827 (0.000124)

kinetic : 0.517658 (0.002851)
potential : -1.045498 (0.002891)
energy : -0.527840 (0.000123)

kinetic : 0.517473 (0.002825)
potential : -1.045309 (0.002865)
energy : -0.527836 (0.000122)

kinetic : 0.517702 (0.002803)
potential : -1.045534 (0.002843)
energy : -0.527832 (0.000121)

kinetic : 0.517601 (0.002774)
potential : -1.045441 (0.002813)
energy : -0.527840 (0.000120)

kinetic : 0.517291 (0.002762)
potential : -1.045113 (0.002802)
energy : -0.527822 (0.000120)

kinetic : 0.517293 (0.002733)
potential : -1.045117 (0.002772)
energy : -0.527823 (0.000118)

kinetic : 0.516778 (0.002754)
potential : -1.044579 (0.002797)
energy : -0.527801 (0.000119)

kinetic : 0.516444 (0.002745)
potential : -1.044237 (0.002789)
energy : -0.527793 (0.000118)

kinetic : 0.516349 (0.002719)
potential : -1.044131 (0.002762)
energy : -0.527782 (0.000117)

kinetic : 0.516090 (0.002703)
potential : -1.043865 (0.002747)
energy : -0.527774 (0.000117)

kinetic : 0.515796 (0.002693)
potential : -1.043552 (0.002737)
energy : -0.527756 (0.000117)

kinetic : 0.516123 (0.002686)
potential : -1.043877 (0.002729)
energy : -0.527754 (0.000116)
         kinetic: 0.5161(27), Sigma: 0.994, T_corr: 14.6
       potential: -1.0439(27), Sigma: 0.999, T_corr: 14.9
          energy: -0.52775(12), Sigma: 0.046, T_corr: 12.8

For tau = 1.00e-01, acceptance ratio = 0.98
Time: 1484.58s
