
kinetic : 0.640910 (inf)
potential : -1.173821 (inf)
energy : -0.532912 (inf)

kinetic : 0.461600 (inf)
potential : -0.986187 (inf)
energy : -0.524586 (inf)

kinetic : 0.499383 (0.037146)
potential : -1.028036 (0.041145)
energy : -0.528654 (0.003999)

kinetic : 0.492248 (0.022562)
potential : -1.019613 (0.025158)
energy : -0.527366 (0.002638)

kinetic : 0.531273 (0.042388)
potential : -1.057828 (0.042373)
energy : -0.526555 (0.002038)

kinetic : 0.526421 (0.033160)
potential : -1.053989 (0.033016)
energy : -0.527568 (0.001873)

kinetic : 0.527253 (0.027058)
potential : -1.055372 (0.026963)
energy : -0.528119 (0.001622)

kinetic : 0.535391 (0.024332)
potential : -1.062396 (0.023899)
energy : -0.527005 (0.001775)

kinetic : 0.545980 (0.023751)
potential : -1.072510 (0.023196)
energy : -0.526530 (0.001617)

kinetic : 0.536358 (0.023118)
potential : -1.062591 (0.022805)
energy : -0.526232 (0.001459)

kinetic : 0.539137 (0.020872)
potential : -1.065549 (0.020619)
energy : -0.526412 (0.001318)

kinetic : 0.539878 (0.018874)
potential : -1.066507 (0.018656)
energy : -0.526630 (0.001210)

kinetic : 0.546961 (0.018577)
potential : -1.073836 (0.018487)
energy : -0.526875 (0.001130)

kinetic : 0.538381 (0.019160)
potential : -1.064833 (0.019282)
energy : -0.526452 (0.001124)

kinetic : 0.537921 (0.017758)
potential : -1.064017 (0.017885)
energy : -0.526096 (0.001102)

kinetic : 0.535669 (0.016699)
potential : -1.061813 (0.016809)
energy : -0.526144 (0.001028)

kinetic : 0.534501 (0.015672)
potential : -1.060458 (0.015790)
energy : -0.525958 (0.000980)

kinetic : 0.537387 (0.015000)
potential : -1.063439 (0.015127)
energy : -0.526052 (0.000925)

kinetic : 0.538307 (0.014164)
potential : -1.064378 (0.014284)
energy : -0.526071 (0.000872)

kinetic : 0.530591 (0.015444)
potential : -1.056532 (0.015608)
energy : -0.525940 (0.000835)

kinetic : 0.535207 (0.015341)
potential : -1.061364 (0.015554)
energy : -0.526157 (0.000820)

kinetic : 0.533906 (0.014639)
potential : -1.060286 (0.014824)
energy : -0.526380 (0.000810)

kinetic : 0.526237 (0.015913)
potential : -1.052463 (0.016141)
energy : -0.526225 (0.000787)

kinetic : 0.526173 (0.015198)
potential : -1.052564 (0.015416)
energy : -0.526390 (0.000770)

kinetic : 0.526325 (0.014538)
potential : -1.053010 (0.014753)
energy : -0.526686 (0.000791)

kinetic : 0.519218 (0.015628)
potential : -1.045670 (0.015917)
energy : -0.526452 (0.000793)

kinetic : 0.516690 (0.015231)
potential : -1.043092 (0.015513)
energy : -0.526403 (0.000764)

kinetic : 0.519717 (0.014973)
potential : -1.046023 (0.015220)
energy : -0.526306 (0.000741)

kinetic : 0.521230 (0.014520)
potential : -1.047270 (0.014730)
energy : -0.526040 (0.000765)

kinetic : 0.524733 (0.014473)
potential : -1.050691 (0.014650)
energy : -0.525958 (0.000743)

kinetic : 0.522989 (0.014101)
potential : -1.048847 (0.014284)
energy : -0.525857 (0.000725)

kinetic : 0.519688 (0.014038)
potential : -1.045482 (0.014225)
energy : -0.525794 (0.000705)

kinetic : 0.518947 (0.013614)
potential : -1.044805 (0.013791)
energy : -0.525858 (0.000685)

kinetic : 0.517490 (0.013265)
potential : -1.043491 (0.013422)
energy : -0.526001 (0.000679)

kinetic : 0.517563 (0.012864)
potential : -1.043599 (0.013016)
energy : -0.526036 (0.000659)

kinetic : 0.518437 (0.012517)
potential : -1.044496 (0.012666)
energy : -0.526059 (0.000640)

kinetic : 0.516465 (0.012319)
potential : -1.042540 (0.012460)
energy : -0.526075 (0.000622)

kinetic : 0.513711 (0.012293)
potential : -1.039804 (0.012422)
energy : -0.526093 (0.000605)

kinetic : 0.511328 (0.012194)
potential : -1.037388 (0.012324)
energy : -0.526060 (0.000590)

kinetic : 0.513968 (0.012166)
potential : -1.040097 (0.012304)
energy : -0.526129 (0.000579)

kinetic : 0.512270 (0.011975)
potential : -1.038404 (0.012108)
energy : -0.526134 (0.000564)

kinetic : 0.509775 (0.011942)
potential : -1.035933 (0.012064)
energy : -0.526158 (0.000551)

kinetic : 0.509480 (0.011653)
potential : -1.035739 (0.011770)
energy : -0.526259 (0.000546)

kinetic : 0.512053 (0.011654)
potential : -1.038358 (0.011775)
energy : -0.526304 (0.000535)

kinetic : 0.510284 (0.011525)
potential : -1.036502 (0.011655)
energy : -0.526218 (0.000530)

kinetic : 0.511525 (0.011343)
potential : -1.037564 (0.011451)
energy : -0.526039 (0.000549)

kinetic : 0.510084 (0.011199)
potential : -1.036045 (0.011314)
energy : -0.525961 (0.000544)

kinetic : 0.508278 (0.011112)
potential : -1.034291 (0.011215)
energy : -0.526014 (0.000535)

kinetic : 0.511312 (0.011267)
potential : -1.037516 (0.011414)
energy : -0.526205 (0.000555)

kinetic : 0.510856 (0.011039)
potential : -1.037083 (0.011182)
energy : -0.526227 (0.000544)

kinetic : 0.510800 (0.010817)
potential : -1.036940 (0.010957)
energy : -0.526140 (0.000540)

kinetic : 0.509221 (0.010719)
potential : -1.035347 (0.010857)
energy : -0.526126 (0.000530)

kinetic : 0.509364 (0.010515)
potential : -1.035413 (0.010650)
energy : -0.526049 (0.000525)

kinetic : 0.508592 (0.010347)
potential : -1.034538 (0.010488)
energy : -0.525946 (0.000526)

kinetic : 0.508678 (0.010159)
potential : -1.034585 (0.010297)
energy : -0.525907 (0.000518)

kinetic : 0.509695 (0.010027)
potential : -1.035600 (0.010162)
energy : -0.525905 (0.000509)

kinetic : 0.509204 (0.009860)
potential : -1.035036 (0.009995)
energy : -0.525832 (0.000505)

kinetic : 0.508386 (0.009720)
potential : -1.034219 (0.009853)
energy : -0.525832 (0.000496)

kinetic : 0.511255 (0.009978)
potential : -1.037018 (0.010084)
energy : -0.525763 (0.000492)

kinetic : 0.510744 (0.009821)
potential : -1.036574 (0.009921)
energy : -0.525830 (0.000488)

kinetic : 0.513426 (0.010016)
potential : -1.039236 (0.010106)
energy : -0.525811 (0.000480)

kinetic : 0.515429 (0.010050)
potential : -1.041230 (0.010135)
energy : -0.525801 (0.000473)

kinetic : 0.518030 (0.010217)
potential : -1.043908 (0.010317)
energy : -0.525878 (0.000471)

kinetic : 0.520579 (0.010358)
potential : -1.046554 (0.010476)
energy : -0.525974 (0.000473)

kinetic : 0.517436 (0.010632)
potential : -1.043552 (0.010707)
energy : -0.526116 (0.000485)

kinetic : 0.515613 (0.010616)
potential : -1.041714 (0.010691)
energy : -0.526101 (0.000478)

kinetic : 0.515186 (0.010460)
potential : -1.041382 (0.010530)
energy : -0.526195 (0.000479)

kinetic : 0.517013 (0.010457)
potential : -1.043184 (0.010520)
energy : -0.526171 (0.000473)

kinetic : 0.518712 (0.010444)
potential : -1.044821 (0.010496)
energy : -0.526108 (0.000470)

kinetic : 0.518492 (0.010292)
potential : -1.044689 (0.010342)
energy : -0.526197 (0.000471)

kinetic : 0.518351 (0.010144)
potential : -1.044544 (0.010193)
energy : -0.526193 (0.000465)

kinetic : 0.517978 (0.010006)
potential : -1.044216 (0.010052)
energy : -0.526238 (0.000460)

kinetic : 0.518851 (0.009901)
potential : -1.045144 (0.009951)
energy : -0.526292 (0.000457)

kinetic : 0.518367 (0.009775)
potential : -1.044660 (0.009824)
energy : -0.526293 (0.000450)

kinetic : 0.518968 (0.009661)
potential : -1.045197 (0.009706)
energy : -0.526229 (0.000449)

kinetic : 0.517853 (0.009597)
potential : -1.044115 (0.009637)
energy : -0.526262 (0.000444)

kinetic : 0.517589 (0.009473)
potential : -1.043882 (0.009512)
energy : -0.526292 (0.000439)

kinetic : 0.517280 (0.009354)
potential : -1.043574 (0.009392)
energy : -0.526294 (0.000433)

kinetic : 0.517374 (0.009230)
potential : -1.043832 (0.009271)
energy : -0.526459 (0.000457)

kinetic : 0.514033 (0.009685)
potential : -1.040467 (0.009731)
energy : -0.526434 (0.000452)

kinetic : 0.514709 (0.009586)
potential : -1.041146 (0.009632)
energy : -0.526437 (0.000446)

kinetic : 0.514978 (0.009469)
potential : -1.041474 (0.009516)
energy : -0.526495 (0.000444)

kinetic : 0.516388 (0.009456)
potential : -1.042867 (0.009499)
energy : -0.526480 (0.000439)

kinetic : 0.515054 (0.009438)
potential : -1.041482 (0.009488)
energy : -0.526428 (0.000437)

kinetic : 0.514425 (0.009346)
potential : -1.040894 (0.009393)
energy : -0.526470 (0.000433)

kinetic : 0.514992 (0.009252)
potential : -1.041484 (0.009299)
energy : -0.526493 (0.000429)

kinetic : 0.515507 (0.009158)
potential : -1.042017 (0.009206)
energy : -0.526510 (0.000424)

kinetic : 0.514218 (0.009138)
potential : -1.040823 (0.009172)
energy : -0.526605 (0.000429)

kinetic : 0.514158 (0.009031)
potential : -1.040830 (0.009065)
energy : -0.526672 (0.000429)

kinetic : 0.513708 (0.008938)
potential : -1.040389 (0.008971)
energy : -0.526682 (0.000425)

kinetic : 0.514634 (0.008884)
potential : -1.041372 (0.008923)
energy : -0.526739 (0.000424)

kinetic : 0.515697 (0.008846)
potential : -1.042485 (0.008889)
energy : -0.526788 (0.000422)

kinetic : 0.515742 (0.008749)
potential : -1.042503 (0.008792)
energy : -0.526761 (0.000418)

kinetic : 0.515922 (0.008655)
potential : -1.042737 (0.008699)
energy : -0.526816 (0.000417)

kinetic : 0.515999 (0.008562)
potential : -1.042870 (0.008606)
energy : -0.526871 (0.000416)

kinetic : 0.516609 (0.008493)
potential : -1.043419 (0.008532)
energy : -0.526810 (0.000416)

kinetic : 0.517620 (0.008465)
potential : -1.044451 (0.008507)
energy : -0.526831 (0.000412)

kinetic : 0.517685 (0.008378)
potential : -1.044530 (0.008418)
energy : -0.526845 (0.000408)

kinetic : 0.516616 (0.008361)
potential : -1.043454 (0.008402)
energy : -0.526838 (0.000404)

kinetic : 0.516905 (0.008281)
potential : -1.043748 (0.008322)
energy : -0.526843 (0.000400)

kinetic : 0.517407 (0.008213)
potential : -1.044273 (0.008254)
energy : -0.526866 (0.000397)
         kinetic: 0.517(8), Sigma: 0.961, T_corr: 11.7
       potential: -1.044(8), Sigma: 0.966, T_corr: 11.7
          energy: -0.5269(4), Sigma: 0.046, T_corr: 12.0

For tau = 1.00e-01, acceptance ratio = 0.98
Time: 133.12s
