
kinetic : 0.535778 (inf)
potential : -1.061319 (inf)
energy : -0.525541 (inf)

kinetic : 0.516075 (inf)
potential : -1.044003 (inf)
energy : -0.527928 (inf)

kinetic : 0.523395 (0.007355)
potential : -1.052019 (0.008055)
energy : -0.528624 (0.000699)

kinetic : 0.520922 (0.004925)
potential : -1.049540 (0.005282)
energy : -0.528617 (0.000404)

kinetic : 0.519182 (0.003899)
potential : -1.047647 (0.004193)
energy : -0.528465 (0.000325)

kinetic : 0.520978 (0.003522)
potential : -1.049312 (0.003657)
energy : -0.528334 (0.000284)

kinetic : 0.523165 (0.003611)
potential : -1.051576 (0.003745)
energy : -0.528410 (0.000244)

kinetic : 0.522175 (0.003211)
potential : -1.050518 (0.003340)
energy : -0.528343 (0.000217)

kinetic : 0.525070 (0.004007)
potential : -1.053444 (0.004107)
energy : -0.528375 (0.000191)

kinetic : 0.521861 (0.004778)
potential : -1.050183 (0.004879)
energy : -0.528322 (0.000176)

kinetic : 0.519886 (0.004709)
potential : -1.048193 (0.004798)
energy : -0.528307 (0.000158)

kinetic : 0.519842 (0.004260)
potential : -1.048187 (0.004339)
energy : -0.528345 (0.000148)

kinetic : 0.519907 (0.003890)
potential : -1.048241 (0.003962)
energy : -0.528334 (0.000136)

kinetic : 0.518147 (0.003989)
potential : -1.046447 (0.004064)
energy : -0.528300 (0.000130)

kinetic : 0.520339 (0.004294)
potential : -1.048621 (0.004345)
energy : -0.528282 (0.000121)

kinetic : 0.520327 (0.003998)
potential : -1.048594 (0.004046)
energy : -0.528267 (0.000114)

kinetic : 0.520128 (0.003745)
potential : -1.048368 (0.003792)
energy : -0.528241 (0.000110)

kinetic : 0.519548 (0.003567)
potential : -1.047714 (0.003623)
energy : -0.528165 (0.000128)

kinetic : 0.521199 (0.003747)
potential : -1.049325 (0.003777)
energy : -0.528126 (0.000127)

kinetic : 0.521119 (0.003545)
potential : -1.049234 (0.003574)
energy : -0.528115 (0.000120)

kinetic : 0.521210 (0.003365)
potential : -1.049280 (0.003392)
energy : -0.528070 (0.000123)

kinetic : 0.521885 (0.003271)
potential : -1.049964 (0.003298)
energy : -0.528079 (0.000117)

kinetic : 0.521692 (0.003125)
potential : -1.049725 (0.003154)
energy : -0.528033 (0.000121)

kinetic : 0.522120 (0.003017)
potential : -1.050167 (0.003046)
energy : -0.528048 (0.000116)

kinetic : 0.521427 (0.002969)
potential : -1.049512 (0.002988)
energy : -0.528084 (0.000117)

kinetic : 0.520346 (0.003046)
potential : -1.048399 (0.003074)
energy : -0.528053 (0.000117)

kinetic : 0.519941 (0.002954)
potential : -1.048004 (0.002980)
energy : -0.528063 (0.000112)

kinetic : 0.519452 (0.002885)
potential : -1.047502 (0.002911)
energy : -0.528050 (0.000109)

kinetic : 0.519422 (0.002780)
potential : -1.047446 (0.002806)
energy : -0.528024 (0.000108)

kinetic : 0.519732 (0.002700)
potential : -1.047747 (0.002724)
energy : -0.528015 (0.000105)

kinetic : 0.519436 (0.002626)
potential : -1.047429 (0.002651)
energy : -0.527994 (0.000104)

kinetic : 0.519711 (0.002553)
potential : -1.047765 (0.002585)
energy : -0.528054 (0.000117)

kinetic : 0.519688 (0.002472)
potential : -1.047746 (0.002503)
energy : -0.528058 (0.000113)

kinetic : 0.519993 (0.002416)
potential : -1.048015 (0.002441)
energy : -0.528022 (0.000115)

kinetic : 0.519667 (0.002367)
potential : -1.047691 (0.002391)
energy : -0.528023 (0.000112)

kinetic : 0.519907 (0.002311)
potential : -1.047914 (0.002332)
energy : -0.528007 (0.000110)

kinetic : 0.520336 (0.002286)
potential : -1.048351 (0.002308)
energy : -0.528015 (0.000107)

kinetic : 0.519443 (0.002397)
potential : -1.047427 (0.002429)
energy : -0.527984 (0.000109)

kinetic : 0.519580 (0.002337)
potential : -1.047582 (0.002369)
energy : -0.528002 (0.000107)

kinetic : 0.519738 (0.002282)
potential : -1.047707 (0.002311)
energy : -0.527969 (0.000110)

kinetic : 0.519580 (0.002230)
potential : -1.047531 (0.002259)
energy : -0.527951 (0.000109)

kinetic : 0.519438 (0.002179)
potential : -1.047388 (0.002208)
energy : -0.527950 (0.000106)

kinetic : 0.519210 (0.002139)
potential : -1.047157 (0.002167)
energy : -0.527947 (0.000103)

kinetic : 0.519215 (0.002089)
potential : -1.047146 (0.002116)
energy : -0.527932 (0.000102)

kinetic : 0.518958 (0.002057)
potential : -1.046887 (0.002084)
energy : -0.527929 (0.000100)

kinetic : 0.519107 (0.002016)
potential : -1.047037 (0.002042)
energy : -0.527930 (0.000098)

kinetic : 0.519081 (0.001972)
potential : -1.047025 (0.001997)
energy : -0.527945 (0.000097)

kinetic : 0.518684 (0.001970)
potential : -1.046614 (0.001997)
energy : -0.527930 (0.000096)

kinetic : 0.518760 (0.001930)
potential : -1.046690 (0.001957)
energy : -0.527931 (0.000094)

kinetic : 0.518670 (0.001893)
potential : -1.046579 (0.001920)
energy : -0.527908 (0.000094)

kinetic : 0.518635 (0.001855)
potential : -1.046538 (0.001882)
energy : -0.527903 (0.000093)

kinetic : 0.518551 (0.001820)
potential : -1.046454 (0.001846)
energy : -0.527902 (0.000091)

kinetic : 0.518241 (0.001811)
potential : -1.046123 (0.001841)
energy : -0.527882 (0.000091)

kinetic : 0.518431 (0.001787)
potential : -1.046320 (0.001816)
energy : -0.527889 (0.000090)

kinetic : 0.518969 (0.001834)
potential : -1.046855 (0.001861)
energy : -0.527887 (0.000088)

kinetic : 0.518619 (0.001834)
potential : -1.046511 (0.001859)
energy : -0.527892 (0.000087)

kinetic : 0.518321 (0.001825)
potential : -1.046197 (0.001852)
energy : -0.527877 (0.000087)

kinetic : 0.518622 (0.001818)
potential : -1.046500 (0.001844)
energy : -0.527877 (0.000085)

kinetic : 0.518951 (0.001817)
potential : -1.046830 (0.001842)
energy : -0.527879 (0.000084)

kinetic : 0.518791 (0.001793)
potential : -1.046654 (0.001819)
energy : -0.527863 (0.000084)

kinetic : 0.518536 (0.001781)
potential : -1.046397 (0.001807)
energy : -0.527861 (0.000082)

kinetic : 0.518558 (0.001752)
potential : -1.046425 (0.001777)
energy : -0.527867 (0.000081)

kinetic : 0.518703 (0.001729)
potential : -1.046587 (0.001756)
energy : -0.527884 (0.000082)

kinetic : 0.518940 (0.001718)
potential : -1.046817 (0.001743)
energy : -0.527878 (0.000081)

kinetic : 0.518946 (0.001691)
potential : -1.046824 (0.001716)
energy : -0.527878 (0.000079)

kinetic : 0.518355 (0.001766)
potential : -1.046246 (0.001784)
energy : -0.527891 (0.000079)

kinetic : 0.518420 (0.001740)
potential : -1.046301 (0.001758)
energy : -0.527882 (0.000079)

kinetic : 0.518766 (0.001748)
potential : -1.046649 (0.001766)
energy : -0.527884 (0.000078)

kinetic : 0.518562 (0.001734)
potential : -1.046449 (0.001751)
energy : -0.527887 (0.000076)

kinetic : 0.519029 (0.001771)
potential : -1.046923 (0.001789)
energy : -0.527895 (0.000076)

kinetic : 0.518886 (0.001751)
potential : -1.046788 (0.001769)
energy : -0.527901 (0.000075)

kinetic : 0.518762 (0.001731)
potential : -1.046681 (0.001747)
energy : -0.527919 (0.000076)

kinetic : 0.518705 (0.001707)
potential : -1.046640 (0.001722)
energy : -0.527935 (0.000077)

kinetic : 0.518407 (0.001710)
potential : -1.046330 (0.001727)
energy : -0.527923 (0.000076)

kinetic : 0.518501 (0.001690)
potential : -1.046428 (0.001706)
energy : -0.527927 (0.000076)

kinetic : 0.518620 (0.001671)
potential : -1.046525 (0.001686)
energy : -0.527904 (0.000078)

kinetic : 0.518599 (0.001649)
potential : -1.046514 (0.001664)
energy : -0.527916 (0.000078)

kinetic : 0.518607 (0.001628)
potential : -1.046529 (0.001642)
energy : -0.527922 (0.000077)

kinetic : 0.518522 (0.001609)
potential : -1.046453 (0.001623)
energy : -0.527930 (0.000076)

kinetic : 0.518328 (0.001600)
potential : -1.046250 (0.001615)
energy : -0.527922 (0.000076)

kinetic : 0.518344 (0.001580)
potential : -1.046242 (0.001595)
energy : -0.527898 (0.000079)

kinetic : 0.518444 (0.001564)
potential : -1.046331 (0.001577)
energy : -0.527887 (0.000079)

kinetic : 0.518286 (0.001553)
potential : -1.046170 (0.001566)
energy : -0.527884 (0.000078)

kinetic : 0.518089 (0.001547)
potential : -1.045961 (0.001562)
energy : -0.527872 (0.000078)

kinetic : 0.518250 (0.001537)
potential : -1.046110 (0.001550)
energy : -0.527860 (0.000078)

kinetic : 0.518086 (0.001527)
potential : -1.045945 (0.001541)
energy : -0.527859 (0.000077)

kinetic : 0.517860 (0.001526)
potential : -1.045709 (0.001541)
energy : -0.527849 (0.000077)

kinetic : 0.517819 (0.001509)
potential : -1.045682 (0.001523)
energy : -0.527863 (0.000077)

kinetic : 0.517901 (0.001494)
potential : -1.045763 (0.001508)
energy : -0.527862 (0.000076)

kinetic : 0.518205 (0.001508)
potential : -1.046079 (0.001524)
energy : -0.527874 (0.000076)

kinetic : 0.518144 (0.001492)
potential : -1.046006 (0.001509)
energy : -0.527862 (0.000076)

kinetic : 0.518107 (0.001476)
potential : -1.045974 (0.001492)
energy : -0.527866 (0.000076)

kinetic : 0.518097 (0.001460)
potential : -1.045968 (0.001476)
energy : -0.527871 (0.000075)

kinetic : 0.518026 (0.001446)
potential : -1.045890 (0.001462)
energy : -0.527864 (0.000074)

kinetic : 0.518231 (0.001445)
potential : -1.046093 (0.001461)
energy : -0.527862 (0.000074)

kinetic : 0.518229 (0.001430)
potential : -1.046091 (0.001445)
energy : -0.527863 (0.000073)

kinetic : 0.518234 (0.001415)
potential : -1.046107 (0.001430)
energy : -0.527872 (0.000073)

kinetic : 0.518224 (0.001400)
potential : -1.046094 (0.001415)
energy : -0.527870 (0.000072)

kinetic : 0.518417 (0.001400)
potential : -1.046272 (0.001412)
energy : -0.527855 (0.000073)

kinetic : 0.518283 (0.001392)
potential : -1.046144 (0.001404)
energy : -0.527861 (0.000072)

kinetic : 0.518348 (0.001379)
potential : -1.046221 (0.001391)
energy : -0.527873 (0.000073)
         kinetic: 0.5183(14), Sigma: 0.964, T_corr: 4.1
       potential: -1.0462(14), Sigma: 0.969, T_corr: 4.1
          energy: -0.527873(73), Sigma: 0.046, T_corr: 5.0

For tau = 5.00e-01, acceptance ratio = 0.88
Time: 1329.30s
