
kinetic : 0.593134 (inf)
potential : -1.121132 (inf)
energy : -0.527998 (inf)

kinetic : 0.542494 (inf)
potential : -1.070488 (inf)
energy : -0.527993 (inf)

kinetic : 0.530670 (0.011812)
potential : -1.059022 (0.011453)
energy : -0.528352 (0.000358)

kinetic : 0.535387 (0.008290)
potential : -1.063812 (0.008164)
energy : -0.528425 (0.000219)

kinetic : 0.526584 (0.010579)
potential : -1.054976 (0.010557)
energy : -0.528392 (0.000158)

kinetic : 0.526136 (0.008212)
potential : -1.054336 (0.008208)
energy : -0.528200 (0.000229)

kinetic : 0.524724 (0.006857)
potential : -1.052775 (0.006886)
energy : -0.528050 (0.000240)

kinetic : 0.524174 (0.005817)
potential : -1.052418 (0.005826)
energy : -0.528244 (0.000279)

kinetic : 0.522986 (0.005176)
potential : -1.051174 (0.005197)
energy : -0.528189 (0.000248)

kinetic : 0.520769 (0.005078)
potential : -1.048872 (0.005133)
energy : -0.528103 (0.000235)

kinetic : 0.521202 (0.004563)
potential : -1.049328 (0.004614)
energy : -0.528126 (0.000212)

kinetic : 0.519453 (0.004483)
potential : -1.047546 (0.004539)
energy : -0.528092 (0.000195)

kinetic : 0.517499 (0.004537)
potential : -1.045564 (0.004595)
energy : -0.528065 (0.000180)

kinetic : 0.519090 (0.004465)
potential : -1.047126 (0.004504)
energy : -0.528036 (0.000168)

kinetic : 0.519292 (0.004138)
potential : -1.047395 (0.004179)
energy : -0.528103 (0.000169)

kinetic : 0.519363 (0.003853)
potential : -1.047472 (0.003891)
energy : -0.528109 (0.000157)

kinetic : 0.520661 (0.003836)
potential : -1.048655 (0.003831)
energy : -0.527994 (0.000187)

kinetic : 0.520617 (0.003603)
potential : -1.048635 (0.003598)
energy : -0.528018 (0.000178)

kinetic : 0.519604 (0.003544)
potential : -1.047664 (0.003528)
energy : -0.528060 (0.000173)

kinetic : 0.519724 (0.003354)
potential : -1.047782 (0.003339)
energy : -0.528057 (0.000163)

kinetic : 0.518317 (0.003480)
potential : -1.046349 (0.003478)
energy : -0.528032 (0.000157)

kinetic : 0.519722 (0.003592)
potential : -1.047818 (0.003615)
energy : -0.528095 (0.000162)

kinetic : 0.519945 (0.003432)
potential : -1.048036 (0.003454)
energy : -0.528092 (0.000155)

kinetic : 0.518479 (0.003594)
potential : -1.046521 (0.003634)
energy : -0.528042 (0.000156)

kinetic : 0.518228 (0.003451)
potential : -1.046237 (0.003491)
energy : -0.528009 (0.000153)

kinetic : 0.517353 (0.003421)
potential : -1.045402 (0.003449)
energy : -0.528049 (0.000152)

kinetic : 0.517060 (0.003300)
potential : -1.045123 (0.003326)
energy : -0.528063 (0.000147)

kinetic : 0.517239 (0.003181)
potential : -1.045286 (0.003204)
energy : -0.528047 (0.000142)

kinetic : 0.516886 (0.003085)
potential : -1.044965 (0.003104)
energy : -0.528079 (0.000140)

kinetic : 0.516463 (0.003007)
potential : -1.044521 (0.003028)
energy : -0.528058 (0.000137)

kinetic : 0.516496 (0.002906)
potential : -1.044549 (0.002926)
energy : -0.528053 (0.000133)

kinetic : 0.517225 (0.002904)
potential : -1.045297 (0.002928)
energy : -0.528072 (0.000130)

kinetic : 0.517107 (0.002814)
potential : -1.045202 (0.002836)
energy : -0.528096 (0.000128)

kinetic : 0.516662 (0.002763)
potential : -1.044762 (0.002784)
energy : -0.528099 (0.000124)

kinetic : 0.517424 (0.002787)
potential : -1.045521 (0.002806)
energy : -0.528097 (0.000120)

kinetic : 0.517144 (0.002721)
potential : -1.045229 (0.002740)
energy : -0.528084 (0.000117)

kinetic : 0.517042 (0.002646)
potential : -1.045122 (0.002665)
energy : -0.528080 (0.000114)

kinetic : 0.517380 (0.002596)
potential : -1.045442 (0.002612)
energy : -0.528062 (0.000112)

kinetic : 0.517524 (0.002531)
potential : -1.045611 (0.002548)
energy : -0.528088 (0.000112)

kinetic : 0.518604 (0.002691)
potential : -1.046710 (0.002713)
energy : -0.528106 (0.000111)

kinetic : 0.518197 (0.002654)
potential : -1.046275 (0.002681)
energy : -0.528078 (0.000112)

kinetic : 0.517987 (0.002598)
potential : -1.046048 (0.002624)
energy : -0.528061 (0.000110)

kinetic : 0.518008 (0.002535)
potential : -1.046056 (0.002561)
energy : -0.528048 (0.000108)

kinetic : 0.517546 (0.002518)
potential : -1.045601 (0.002542)
energy : -0.528055 (0.000106)

kinetic : 0.517304 (0.002472)
potential : -1.045342 (0.002497)
energy : -0.528038 (0.000105)

kinetic : 0.517297 (0.002416)
potential : -1.045341 (0.002441)
energy : -0.528044 (0.000103)

kinetic : 0.517023 (0.002379)
potential : -1.045065 (0.002403)
energy : -0.528042 (0.000101)

kinetic : 0.516685 (0.002352)
potential : -1.044728 (0.002375)
energy : -0.528043 (0.000099)

kinetic : 0.516840 (0.002308)
potential : -1.044891 (0.002331)
energy : -0.528051 (0.000097)

kinetic : 0.516889 (0.002261)
potential : -1.044942 (0.002283)
energy : -0.528053 (0.000095)

kinetic : 0.516892 (0.002215)
potential : -1.044965 (0.002237)
energy : -0.528073 (0.000095)

kinetic : 0.517185 (0.002191)
potential : -1.045258 (0.002212)
energy : -0.528072 (0.000093)

kinetic : 0.517218 (0.002149)
potential : -1.045288 (0.002169)
energy : -0.528070 (0.000091)

kinetic : 0.517211 (0.002108)
potential : -1.045289 (0.002128)
energy : -0.528077 (0.000090)

kinetic : 0.517714 (0.002128)
potential : -1.045808 (0.002152)
energy : -0.528095 (0.000090)

kinetic : 0.517821 (0.002092)
potential : -1.045911 (0.002115)
energy : -0.528089 (0.000089)

kinetic : 0.517612 (0.002065)
potential : -1.045708 (0.002087)
energy : -0.528096 (0.000087)

kinetic : 0.517758 (0.002034)
potential : -1.045834 (0.002054)
energy : -0.528076 (0.000088)

kinetic : 0.518455 (0.002116)
potential : -1.046522 (0.002132)
energy : -0.528068 (0.000087)

kinetic : 0.518400 (0.002081)
potential : -1.046485 (0.002096)
energy : -0.528085 (0.000087)

kinetic : 0.518115 (0.002065)
potential : -1.046197 (0.002081)
energy : -0.528082 (0.000086)

kinetic : 0.517934 (0.002039)
potential : -1.046017 (0.002055)
energy : -0.528083 (0.000084)

kinetic : 0.517980 (0.002007)
potential : -1.046077 (0.002022)
energy : -0.528097 (0.000084)

kinetic : 0.517894 (0.001977)
potential : -1.045970 (0.001993)
energy : -0.528076 (0.000085)

kinetic : 0.518083 (0.001954)
potential : -1.046169 (0.001971)
energy : -0.528087 (0.000084)

kinetic : 0.518198 (0.001928)
potential : -1.046286 (0.001944)
energy : -0.528088 (0.000083)

kinetic : 0.518501 (0.001922)
potential : -1.046589 (0.001938)
energy : -0.528089 (0.000082)

kinetic : 0.518121 (0.001931)
potential : -1.046196 (0.001949)
energy : -0.528075 (0.000082)

kinetic : 0.517855 (0.001921)
potential : -1.045925 (0.001940)
energy : -0.528070 (0.000081)

kinetic : 0.517773 (0.001895)
potential : -1.045833 (0.001914)
energy : -0.528060 (0.000080)

kinetic : 0.517878 (0.001871)
potential : -1.045942 (0.001889)
energy : -0.528064 (0.000079)

kinetic : 0.517854 (0.001844)
potential : -1.045924 (0.001862)
energy : -0.528070 (0.000078)

kinetic : 0.517687 (0.001826)
potential : -1.045771 (0.001843)
energy : -0.528084 (0.000078)

kinetic : 0.517866 (0.001810)
potential : -1.045938 (0.001825)
energy : -0.528071 (0.000078)

kinetic : 0.517946 (0.001787)
potential : -1.046015 (0.001802)
energy : -0.528069 (0.000077)

kinetic : 0.517806 (0.001769)
potential : -1.045872 (0.001783)
energy : -0.528066 (0.000076)

kinetic : 0.517986 (0.001754)
potential : -1.046049 (0.001769)
energy : -0.528063 (0.000075)

kinetic : 0.517561 (0.001784)
potential : -1.045607 (0.001801)
energy : -0.528046 (0.000076)

kinetic : 0.517360 (0.001772)
potential : -1.045396 (0.001791)
energy : -0.528037 (0.000076)

kinetic : 0.517450 (0.001752)
potential : -1.045473 (0.001770)
energy : -0.528022 (0.000076)

kinetic : 0.517941 (0.001797)
potential : -1.045973 (0.001817)
energy : -0.528032 (0.000076)

kinetic : 0.517736 (0.001787)
potential : -1.045766 (0.001806)
energy : -0.528030 (0.000075)

kinetic : 0.517509 (0.001780)
potential : -1.045535 (0.001799)
energy : -0.528027 (0.000074)

kinetic : 0.517633 (0.001762)
potential : -1.045661 (0.001781)
energy : -0.528029 (0.000073)

kinetic : 0.517531 (0.001744)
potential : -1.045568 (0.001763)
energy : -0.528038 (0.000073)

kinetic : 0.517548 (0.001724)
potential : -1.045579 (0.001742)
energy : -0.528030 (0.000072)

kinetic : 0.517367 (0.001713)
potential : -1.045397 (0.001731)
energy : -0.528031 (0.000072)

kinetic : 0.517476 (0.001697)
potential : -1.045499 (0.001714)
energy : -0.528023 (0.000071)

kinetic : 0.517405 (0.001679)
potential : -1.045438 (0.001695)
energy : -0.528034 (0.000071)

kinetic : 0.517096 (0.001689)
potential : -1.045123 (0.001706)
energy : -0.528028 (0.000071)

kinetic : 0.516973 (0.001674)
potential : -1.044988 (0.001692)
energy : -0.528016 (0.000071)

kinetic : 0.516864 (0.001659)
potential : -1.044873 (0.001677)
energy : -0.528009 (0.000070)

kinetic : 0.516828 (0.001642)
potential : -1.044836 (0.001659)
energy : -0.528008 (0.000070)

kinetic : 0.516748 (0.001626)
potential : -1.044755 (0.001643)
energy : -0.528007 (0.000069)

kinetic : 0.516755 (0.001609)
potential : -1.044759 (0.001626)
energy : -0.528004 (0.000068)

kinetic : 0.516721 (0.001592)
potential : -1.044727 (0.001609)
energy : -0.528006 (0.000068)

kinetic : 0.516818 (0.001578)
potential : -1.044821 (0.001595)
energy : -0.528004 (0.000067)

kinetic : 0.517250 (0.001620)
potential : -1.045264 (0.001639)
energy : -0.528015 (0.000067)

kinetic : 0.517306 (0.001604)
potential : -1.045326 (0.001623)
energy : -0.528020 (0.000067)

kinetic : 0.517290 (0.001588)
potential : -1.045312 (0.001607)
energy : -0.528022 (0.000066)

kinetic : 0.517242 (0.001573)
potential : -1.045266 (0.001591)
energy : -0.528024 (0.000065)
         kinetic: 0.5172(16), Sigma: 0.980, T_corr: 5.2
       potential: -1.0453(16), Sigma: 0.986, T_corr: 5.2
          energy: -0.528024(65), Sigma: 0.046, T_corr: 4.0

For tau = 6.00e-01, acceptance ratio = 0.85
Time: 1271.37s
