
kinetic : 0.542830 (inf)
potential : -1.067215 (inf)
energy : -0.524385 (inf)

kinetic : 0.488771 (inf)
potential : -1.016030 (inf)
energy : -0.527259 (inf)

kinetic : 0.495707 (0.006912)
potential : -1.023658 (0.007601)
energy : -0.527951 (0.000689)

kinetic : 0.496487 (0.004072)
potential : -1.024066 (0.004414)
energy : -0.527579 (0.000547)

kinetic : 0.500076 (0.004586)
potential : -1.027962 (0.004975)
energy : -0.527885 (0.000492)

kinetic : 0.502486 (0.004295)
potential : -1.030553 (0.004646)
energy : -0.528067 (0.000422)

kinetic : 0.506864 (0.005605)
potential : -1.034932 (0.005789)
energy : -0.528067 (0.000345)

kinetic : 0.509480 (0.005419)
potential : -1.037409 (0.005492)
energy : -0.527929 (0.000323)

kinetic : 0.508889 (0.004727)
potential : -1.037022 (0.004769)
energy : -0.528132 (0.000345)

kinetic : 0.510449 (0.004450)
potential : -1.038623 (0.004499)
energy : -0.528174 (0.000307)

kinetic : 0.515052 (0.006095)
potential : -1.043124 (0.006047)
energy : -0.528072 (0.000293)

kinetic : 0.515856 (0.005571)
potential : -1.044046 (0.005546)
energy : -0.528190 (0.000290)

kinetic : 0.515391 (0.005109)
potential : -1.043488 (0.005096)
energy : -0.528097 (0.000281)

kinetic : 0.517184 (0.005028)
potential : -1.045344 (0.005040)
energy : -0.528160 (0.000266)

kinetic : 0.516998 (0.004660)
potential : -1.045114 (0.004673)
energy : -0.528116 (0.000250)

kinetic : 0.517578 (0.004377)
potential : -1.045786 (0.004401)
energy : -0.528208 (0.000250)

kinetic : 0.518825 (0.004277)
potential : -1.047170 (0.004340)
energy : -0.528344 (0.000271)

kinetic : 0.520118 (0.004221)
potential : -1.048424 (0.004267)
energy : -0.528307 (0.000257)

kinetic : 0.518995 (0.004135)
potential : -1.047333 (0.004168)
energy : -0.528338 (0.000244)

kinetic : 0.517820 (0.004087)
potential : -1.046076 (0.004142)
energy : -0.528256 (0.000246)

kinetic : 0.518558 (0.003948)
potential : -1.046806 (0.003997)
energy : -0.528248 (0.000233)

kinetic : 0.518692 (0.003758)
potential : -1.046899 (0.003804)
energy : -0.528207 (0.000226)

kinetic : 0.518995 (0.003596)
potential : -1.047184 (0.003638)
energy : -0.528189 (0.000216)

kinetic : 0.517454 (0.003768)
potential : -1.045623 (0.003812)
energy : -0.528169 (0.000207)

kinetic : 0.518736 (0.003829)
potential : -1.046896 (0.003866)
energy : -0.528160 (0.000199)

kinetic : 0.518051 (0.003737)
potential : -1.046164 (0.003781)
energy : -0.528114 (0.000196)

kinetic : 0.516874 (0.003779)
potential : -1.044979 (0.003822)
energy : -0.528105 (0.000189)

kinetic : 0.517706 (0.003730)
potential : -1.045829 (0.003774)
energy : -0.528124 (0.000182)

kinetic : 0.518507 (0.003683)
potential : -1.046627 (0.003724)
energy : -0.528120 (0.000176)

kinetic : 0.518792 (0.003565)
potential : -1.046969 (0.003609)
energy : -0.528176 (0.000179)

kinetic : 0.518599 (0.003449)
potential : -1.046796 (0.003490)
energy : -0.528197 (0.000174)

kinetic : 0.518838 (0.003345)
potential : -1.047021 (0.003383)
energy : -0.528183 (0.000169)

kinetic : 0.518137 (0.003314)
potential : -1.046312 (0.003352)
energy : -0.528175 (0.000164)

kinetic : 0.517858 (0.003224)
potential : -1.046021 (0.003262)
energy : -0.528163 (0.000159)

kinetic : 0.518785 (0.003263)
potential : -1.046918 (0.003291)
energy : -0.528134 (0.000157)

kinetic : 0.518520 (0.003180)
potential : -1.046655 (0.003206)
energy : -0.528135 (0.000152)

kinetic : 0.519135 (0.003149)
potential : -1.047309 (0.003183)
energy : -0.528174 (0.000153)

kinetic : 0.517603 (0.003424)
potential : -1.045784 (0.003450)
energy : -0.528181 (0.000149)

kinetic : 0.517547 (0.003333)
potential : -1.045731 (0.003358)
energy : -0.528184 (0.000145)

kinetic : 0.518037 (0.003283)
potential : -1.046240 (0.003310)
energy : -0.528203 (0.000143)

kinetic : 0.517719 (0.003216)
potential : -1.045912 (0.003243)
energy : -0.528193 (0.000139)

kinetic : 0.517026 (0.003212)
potential : -1.045205 (0.003241)
energy : -0.528179 (0.000137)

kinetic : 0.516665 (0.003156)
potential : -1.044821 (0.003186)
energy : -0.528156 (0.000135)

kinetic : 0.516761 (0.003083)
potential : -1.044889 (0.003112)
energy : -0.528128 (0.000135)

kinetic : 0.517055 (0.003026)
potential : -1.045165 (0.003053)
energy : -0.528110 (0.000133)

kinetic : 0.517228 (0.002963)
potential : -1.045325 (0.002989)
energy : -0.528098 (0.000131)

kinetic : 0.517038 (0.002904)
potential : -1.045159 (0.002928)
energy : -0.528122 (0.000130)

kinetic : 0.517802 (0.002944)
potential : -1.045900 (0.002960)
energy : -0.528098 (0.000130)

kinetic : 0.516985 (0.002996)
potential : -1.045089 (0.003009)
energy : -0.528104 (0.000127)

kinetic : 0.517161 (0.002939)
potential : -1.045297 (0.002954)
energy : -0.528137 (0.000129)

kinetic : 0.517606 (0.002913)
potential : -1.045765 (0.002931)
energy : -0.528159 (0.000128)

kinetic : 0.518026 (0.002887)
potential : -1.046187 (0.002904)
energy : -0.528160 (0.000125)

kinetic : 0.518413 (0.002857)
potential : -1.046569 (0.002874)
energy : -0.528156 (0.000123)

kinetic : 0.518156 (0.002815)
potential : -1.046311 (0.002831)
energy : -0.528155 (0.000121)

kinetic : 0.518203 (0.002762)
potential : -1.046358 (0.002779)
energy : -0.528155 (0.000118)

kinetic : 0.518850 (0.002788)
potential : -1.047005 (0.002803)
energy : -0.528155 (0.000116)

kinetic : 0.518530 (0.002756)
potential : -1.046675 (0.002772)
energy : -0.528145 (0.000115)

kinetic : 0.517770 (0.002813)
potential : -1.045905 (0.002831)
energy : -0.528135 (0.000113)

kinetic : 0.518298 (0.002813)
potential : -1.046455 (0.002834)
energy : -0.528157 (0.000113)

kinetic : 0.518513 (0.002773)
potential : -1.046663 (0.002794)
energy : -0.528150 (0.000111)

kinetic : 0.518470 (0.002727)
potential : -1.046608 (0.002747)
energy : -0.528138 (0.000110)

kinetic : 0.517950 (0.002732)
potential : -1.046085 (0.002752)
energy : -0.528136 (0.000109)

kinetic : 0.517418 (0.002740)
potential : -1.045558 (0.002758)
energy : -0.528139 (0.000107)

kinetic : 0.518075 (0.002773)
potential : -1.046232 (0.002796)
energy : -0.528157 (0.000107)

kinetic : 0.517817 (0.002742)
potential : -1.045967 (0.002764)
energy : -0.528149 (0.000105)

kinetic : 0.517619 (0.002707)
potential : -1.045770 (0.002729)
energy : -0.528151 (0.000104)

kinetic : 0.517272 (0.002688)
potential : -1.045403 (0.002712)
energy : -0.528131 (0.000104)

kinetic : 0.517835 (0.002706)
potential : -1.045975 (0.002731)
energy : -0.528140 (0.000103)

kinetic : 0.518473 (0.002742)
potential : -1.046609 (0.002765)
energy : -0.528136 (0.000101)

kinetic : 0.518555 (0.002703)
potential : -1.046691 (0.002725)
energy : -0.528136 (0.000100)

kinetic : 0.518544 (0.002664)
potential : -1.046688 (0.002686)
energy : -0.528144 (0.000099)

kinetic : 0.518408 (0.002629)
potential : -1.046564 (0.002651)
energy : -0.528156 (0.000098)

kinetic : 0.518508 (0.002594)
potential : -1.046671 (0.002616)
energy : -0.528163 (0.000097)

kinetic : 0.518432 (0.002560)
potential : -1.046591 (0.002581)
energy : -0.528158 (0.000096)

kinetic : 0.518383 (0.002526)
potential : -1.046549 (0.002546)
energy : -0.528166 (0.000095)

kinetic : 0.518478 (0.002493)
potential : -1.046644 (0.002514)
energy : -0.528166 (0.000094)

kinetic : 0.518077 (0.002493)
potential : -1.046242 (0.002513)
energy : -0.528165 (0.000092)

kinetic : 0.517754 (0.002481)
potential : -1.045931 (0.002500)
energy : -0.528177 (0.000092)

kinetic : 0.517532 (0.002460)
potential : -1.045707 (0.002478)
energy : -0.528176 (0.000091)

kinetic : 0.518112 (0.002496)
potential : -1.046285 (0.002513)
energy : -0.528173 (0.000090)

kinetic : 0.517801 (0.002485)
potential : -1.045956 (0.002504)
energy : -0.528156 (0.000090)

kinetic : 0.518274 (0.002500)
potential : -1.046419 (0.002516)
energy : -0.528144 (0.000090)

kinetic : 0.518509 (0.002480)
potential : -1.046653 (0.002496)
energy : -0.528144 (0.000089)

kinetic : 0.518189 (0.002471)
potential : -1.046346 (0.002484)
energy : -0.528158 (0.000089)

kinetic : 0.518336 (0.002445)
potential : -1.046505 (0.002460)
energy : -0.528169 (0.000088)

kinetic : 0.518521 (0.002423)
potential : -1.046690 (0.002437)
energy : -0.528169 (0.000087)

kinetic : 0.518364 (0.002400)
potential : -1.046552 (0.002413)
energy : -0.528187 (0.000088)

kinetic : 0.518083 (0.002389)
potential : -1.046280 (0.002400)
energy : -0.528197 (0.000088)

kinetic : 0.518441 (0.002388)
potential : -1.046631 (0.002398)
energy : -0.528190 (0.000087)

kinetic : 0.518294 (0.002366)
potential : -1.046484 (0.002376)
energy : -0.528191 (0.000086)

kinetic : 0.518484 (0.002347)
potential : -1.046670 (0.002357)
energy : -0.528186 (0.000085)

kinetic : 0.518373 (0.002324)
potential : -1.046560 (0.002333)
energy : -0.528187 (0.000084)

kinetic : 0.518578 (0.002308)
potential : -1.046761 (0.002317)
energy : -0.528184 (0.000083)

kinetic : 0.518963 (0.002315)
potential : -1.047145 (0.002323)
energy : -0.528182 (0.000083)

kinetic : 0.518926 (0.002291)
potential : -1.047122 (0.002298)
energy : -0.528197 (0.000083)

kinetic : 0.518799 (0.002270)
potential : -1.046972 (0.002279)
energy : -0.528173 (0.000085)

kinetic : 0.519094 (0.002266)
potential : -1.047257 (0.002274)
energy : -0.528164 (0.000085)

kinetic : 0.519089 (0.002242)
potential : -1.047244 (0.002250)
energy : -0.528155 (0.000085)

kinetic : 0.519100 (0.002219)
potential : -1.047259 (0.002227)
energy : -0.528159 (0.000084)

kinetic : 0.519032 (0.002198)
potential : -1.047192 (0.002206)
energy : -0.528159 (0.000083)

kinetic : 0.518959 (0.002177)
potential : -1.047121 (0.002184)
energy : -0.528162 (0.000082)
         kinetic: 0.5190(22), Sigma: 0.958, T_corr: 10.3
       potential: -1.0471(22), Sigma: 0.964, T_corr: 10.3
          energy: -0.528162(82), Sigma: 0.047, T_corr: 6.2

For tau = 1.00e+00, acceptance ratio = 0.74
Time: 1351.66s
