
kinetic : 0.602320 (inf)
potential : -1.129881 (inf)
energy : -0.527561 (inf)

kinetic : 0.532862 (inf)
potential : -1.060730 (inf)
energy : -0.527868 (inf)

kinetic : 0.524429 (0.008446)
potential : -1.052175 (0.008568)
energy : -0.527746 (0.000122)

kinetic : 0.527185 (0.005580)
potential : -1.055256 (0.005804)
energy : -0.528071 (0.000330)

kinetic : 0.528337 (0.004111)
potential : -1.056341 (0.004246)
energy : -0.528004 (0.000243)

kinetic : 0.526295 (0.003784)
potential : -1.054339 (0.003851)
energy : -0.528044 (0.000192)

kinetic : 0.524543 (0.003551)
potential : -1.052625 (0.003580)
energy : -0.528082 (0.000162)

kinetic : 0.524560 (0.003004)
potential : -1.052450 (0.003034)
energy : -0.527890 (0.000237)

kinetic : 0.525400 (0.002735)
potential : -1.053208 (0.002736)
energy : -0.527807 (0.000222)

kinetic : 0.523709 (0.002953)
potential : -1.051348 (0.003053)
energy : -0.527639 (0.000258)

kinetic : 0.525755 (0.003340)
potential : -1.053369 (0.003396)
energy : -0.527614 (0.000232)

kinetic : 0.526917 (0.003230)
potential : -1.054746 (0.003358)
energy : -0.527829 (0.000299)

kinetic : 0.526639 (0.002962)
potential : -1.054441 (0.003081)
energy : -0.527803 (0.000274)

kinetic : 0.524736 (0.003325)
potential : -1.052534 (0.003418)
energy : -0.527798 (0.000252)

kinetic : 0.523858 (0.003202)
potential : -1.051633 (0.003291)
energy : -0.527775 (0.000235)

kinetic : 0.523593 (0.002993)
potential : -1.051347 (0.003077)
energy : -0.527754 (0.000219)

kinetic : 0.522875 (0.002889)
potential : -1.050702 (0.002949)
energy : -0.527828 (0.000218)

kinetic : 0.523904 (0.002901)
potential : -1.051763 (0.002964)
energy : -0.527859 (0.000207)

kinetic : 0.526493 (0.003764)
potential : -1.054358 (0.003812)
energy : -0.527866 (0.000195)

kinetic : 0.526592 (0.003561)
potential : -1.054478 (0.003608)
energy : -0.527885 (0.000186)

kinetic : 0.525489 (0.003554)
potential : -1.053383 (0.003593)
energy : -0.527893 (0.000177)

kinetic : 0.525546 (0.003381)
potential : -1.053395 (0.003418)
energy : -0.527849 (0.000174)

kinetic : 0.526017 (0.003259)
potential : -1.053854 (0.003292)
energy : -0.527838 (0.000166)

kinetic : 0.526062 (0.003114)
potential : -1.053895 (0.003145)
energy : -0.527833 (0.000159)

kinetic : 0.526901 (0.003095)
potential : -1.054791 (0.003140)
energy : -0.527890 (0.000162)

kinetic : 0.526703 (0.002975)
potential : -1.054564 (0.003020)
energy : -0.527862 (0.000158)

kinetic : 0.526553 (0.002863)
potential : -1.054409 (0.002906)
energy : -0.527856 (0.000152)

kinetic : 0.525792 (0.002859)
potential : -1.053633 (0.002903)
energy : -0.527841 (0.000147)

kinetic : 0.526081 (0.002770)
potential : -1.053922 (0.002812)
energy : -0.527841 (0.000142)

kinetic : 0.525813 (0.002686)
potential : -1.053656 (0.002726)
energy : -0.527843 (0.000137)

kinetic : 0.524976 (0.002728)
potential : -1.052800 (0.002771)
energy : -0.527825 (0.000133)

kinetic : 0.524613 (0.002663)
potential : -1.052435 (0.002704)
energy : -0.527822 (0.000129)

kinetic : 0.524769 (0.002583)
potential : -1.052586 (0.002623)
energy : -0.527817 (0.000125)

kinetic : 0.524349 (0.002538)
potential : -1.052172 (0.002575)
energy : -0.527823 (0.000121)

kinetic : 0.524109 (0.002474)
potential : -1.051961 (0.002507)
energy : -0.527853 (0.000121)

kinetic : 0.523631 (0.002449)
potential : -1.051504 (0.002476)
energy : -0.527873 (0.000120)

kinetic : 0.523591 (0.002380)
potential : -1.051497 (0.002406)
energy : -0.527906 (0.000121)

kinetic : 0.523410 (0.002322)
potential : -1.051303 (0.002349)
energy : -0.527893 (0.000118)

kinetic : 0.523065 (0.002286)
potential : -1.050955 (0.002312)
energy : -0.527891 (0.000115)

kinetic : 0.524365 (0.002576)
potential : -1.052297 (0.002619)
energy : -0.527932 (0.000119)

kinetic : 0.524163 (0.002519)
potential : -1.052093 (0.002561)
energy : -0.527930 (0.000116)

kinetic : 0.523678 (0.002504)
potential : -1.051617 (0.002542)
energy : -0.527939 (0.000114)

kinetic : 0.523839 (0.002449)
potential : -1.051760 (0.002485)
energy : -0.527921 (0.000113)

kinetic : 0.522981 (0.002543)
potential : -1.050866 (0.002589)
energy : -0.527884 (0.000116)

kinetic : 0.522921 (0.002486)
potential : -1.050800 (0.002530)
energy : -0.527879 (0.000114)

kinetic : 0.522786 (0.002433)
potential : -1.050679 (0.002476)
energy : -0.527893 (0.000112)

kinetic : 0.523188 (0.002413)
potential : -1.051088 (0.002456)
energy : -0.527900 (0.000110)

kinetic : 0.522757 (0.002401)
potential : -1.050629 (0.002447)
energy : -0.527872 (0.000111)

kinetic : 0.522421 (0.002375)
potential : -1.050262 (0.002424)
energy : -0.527842 (0.000113)

kinetic : 0.522997 (0.002397)
potential : -1.050831 (0.002441)
energy : -0.527833 (0.000111)

kinetic : 0.522967 (0.002348)
potential : -1.050803 (0.002392)
energy : -0.527835 (0.000109)

kinetic : 0.522429 (0.002365)
potential : -1.050245 (0.002411)
energy : -0.527815 (0.000108)

kinetic : 0.522370 (0.002319)
potential : -1.050191 (0.002365)
energy : -0.527821 (0.000106)

kinetic : 0.522936 (0.002345)
potential : -1.050737 (0.002384)
energy : -0.527801 (0.000106)

kinetic : 0.523149 (0.002311)
potential : -1.050945 (0.002348)
energy : -0.527797 (0.000104)

kinetic : 0.522943 (0.002278)
potential : -1.050745 (0.002314)
energy : -0.527803 (0.000103)

kinetic : 0.522615 (0.002260)
potential : -1.050417 (0.002295)
energy : -0.527802 (0.000101)

kinetic : 0.522447 (0.002227)
potential : -1.050247 (0.002261)
energy : -0.527800 (0.000099)

kinetic : 0.522250 (0.002197)
potential : -1.050055 (0.002230)
energy : -0.527805 (0.000098)

kinetic : 0.522226 (0.002159)
potential : -1.050054 (0.002192)
energy : -0.527828 (0.000099)

kinetic : 0.522308 (0.002125)
potential : -1.050112 (0.002156)
energy : -0.527804 (0.000100)

kinetic : 0.522146 (0.002096)
potential : -1.049944 (0.002127)
energy : -0.527798 (0.000098)

kinetic : 0.522356 (0.002072)
potential : -1.050149 (0.002103)
energy : -0.527793 (0.000097)

kinetic : 0.522183 (0.002046)
potential : -1.049993 (0.002075)
energy : -0.527811 (0.000097)

kinetic : 0.522592 (0.002055)
potential : -1.050415 (0.002084)
energy : -0.527823 (0.000096)

kinetic : 0.522953 (0.002055)
potential : -1.050786 (0.002085)
energy : -0.527834 (0.000095)

kinetic : 0.523121 (0.002030)
potential : -1.050965 (0.002061)
energy : -0.527844 (0.000094)

kinetic : 0.522749 (0.002034)
potential : -1.050598 (0.002063)
energy : -0.527848 (0.000093)

kinetic : 0.522352 (0.002043)
potential : -1.050190 (0.002073)
energy : -0.527838 (0.000092)

kinetic : 0.522095 (0.002029)
potential : -1.049935 (0.002059)
energy : -0.527840 (0.000091)

kinetic : 0.521825 (0.002018)
potential : -1.049663 (0.002047)
energy : -0.527838 (0.000090)

kinetic : 0.521712 (0.001993)
potential : -1.049544 (0.002022)
energy : -0.527832 (0.000089)

kinetic : 0.521441 (0.001984)
potential : -1.049267 (0.002013)
energy : -0.527826 (0.000088)

kinetic : 0.521418 (0.001957)
potential : -1.049232 (0.001985)
energy : -0.527814 (0.000087)

kinetic : 0.521427 (0.001930)
potential : -1.049232 (0.001958)
energy : -0.527804 (0.000087)

kinetic : 0.521444 (0.001905)
potential : -1.049247 (0.001932)
energy : -0.527803 (0.000085)

kinetic : 0.521229 (0.001891)
potential : -1.049041 (0.001918)
energy : -0.527812 (0.000085)

kinetic : 0.521158 (0.001868)
potential : -1.048954 (0.001895)
energy : -0.527795 (0.000085)

kinetic : 0.521479 (0.001871)
potential : -1.049294 (0.001901)
energy : -0.527815 (0.000086)

kinetic : 0.521268 (0.001860)
potential : -1.049072 (0.001890)
energy : -0.527805 (0.000086)

kinetic : 0.521156 (0.001840)
potential : -1.048968 (0.001869)
energy : -0.527812 (0.000085)

kinetic : 0.520920 (0.001832)
potential : -1.048729 (0.001861)
energy : -0.527809 (0.000084)

kinetic : 0.520774 (0.001815)
potential : -1.048588 (0.001843)
energy : -0.527814 (0.000083)

kinetic : 0.520261 (0.001865)
potential : -1.048078 (0.001891)
energy : -0.527817 (0.000082)

kinetic : 0.520059 (0.001854)
potential : -1.047871 (0.001879)
energy : -0.527811 (0.000081)

kinetic : 0.519801 (0.001850)
potential : -1.047612 (0.001875)
energy : -0.527811 (0.000081)

kinetic : 0.519994 (0.001838)
potential : -1.047811 (0.001864)
energy : -0.527817 (0.000080)

kinetic : 0.519512 (0.001880)
potential : -1.047336 (0.001902)
energy : -0.527823 (0.000079)

kinetic : 0.519931 (0.001905)
potential : -1.047760 (0.001928)
energy : -0.527828 (0.000078)

kinetic : 0.520000 (0.001884)
potential : -1.047831 (0.001907)
energy : -0.527831 (0.000078)

kinetic : 0.519694 (0.001888)
potential : -1.047521 (0.001911)
energy : -0.527827 (0.000077)

kinetic : 0.519544 (0.001873)
potential : -1.047372 (0.001896)
energy : -0.527828 (0.000076)

kinetic : 0.519447 (0.001855)
potential : -1.047288 (0.001877)
energy : -0.527841 (0.000076)

kinetic : 0.519333 (0.001839)
potential : -1.047182 (0.001860)
energy : -0.527849 (0.000076)

kinetic : 0.519545 (0.001831)
potential : -1.047397 (0.001852)
energy : -0.527853 (0.000075)

kinetic : 0.519689 (0.001817)
potential : -1.047554 (0.001839)
energy : -0.527865 (0.000075)

kinetic : 0.519808 (0.001802)
potential : -1.047668 (0.001824)
energy : -0.527860 (0.000075)

kinetic : 0.519639 (0.001791)
potential : -1.047506 (0.001812)
energy : -0.527867 (0.000074)

kinetic : 0.519601 (0.001773)
potential : -1.047465 (0.001794)
energy : -0.527864 (0.000074)

kinetic : 0.519487 (0.001759)
potential : -1.047343 (0.001780)
energy : -0.527856 (0.000073)

kinetic : 0.519720 (0.001757)
potential : -1.047583 (0.001778)
energy : -0.527863 (0.000073)
         kinetic: 0.5197(18), Sigma: 0.977, T_corr: 6.5
       potential: -1.0476(18), Sigma: 0.983, T_corr: 6.5
          energy: -0.527863(73), Sigma: 0.046, T_corr: 5.0

For tau = 4.00e-01, acceptance ratio = 0.90
Time: 1305.38s
