
kinetic : 0.771867 (inf)
potential : -1.306619 (inf)
energy : -0.534752 (inf)

kinetic : 0.532598 (inf)
potential : -1.056067 (inf)
energy : -0.523468 (inf)

kinetic : 0.514302 (0.018296)
potential : -1.037920 (0.018146)
energy : -0.523618 (0.000150)

kinetic : 0.496017 (0.021117)
potential : -1.018798 (0.021804)
energy : -0.522781 (0.000841)

kinetic : 0.498189 (0.015090)
potential : -1.021926 (0.015732)
energy : -0.523737 (0.001126)

kinetic : 0.504881 (0.013468)
potential : -1.028250 (0.013729)
energy : -0.523369 (0.000947)

kinetic : 0.496593 (0.013770)
potential : -1.020715 (0.013507)
energy : -0.524122 (0.001079)

kinetic : 0.505497 (0.014653)
potential : -1.029801 (0.014590)
energy : -0.524304 (0.000930)

kinetic : 0.506945 (0.012772)
potential : -1.031464 (0.012744)
energy : -0.524520 (0.000834)

kinetic : 0.515394 (0.014081)
potential : -1.039952 (0.014084)
energy : -0.524558 (0.000736)

kinetic : 0.520294 (0.013514)
potential : -1.045047 (0.013588)
energy : -0.524752 (0.000687)

kinetic : 0.529829 (0.015503)
potential : -1.054402 (0.015447)
energy : -0.524573 (0.000647)

kinetic : 0.523794 (0.015385)
potential : -1.048083 (0.015452)
energy : -0.524289 (0.000655)

kinetic : 0.520339 (0.014568)
potential : -1.044650 (0.014622)
energy : -0.524311 (0.000603)

kinetic : 0.515593 (0.014298)
potential : -1.040262 (0.014231)
energy : -0.524669 (0.000663)

kinetic : 0.512851 (0.013590)
potential : -1.037840 (0.013468)
energy : -0.524989 (0.000696)

kinetic : 0.513726 (0.012743)
potential : -1.038573 (0.012620)
energy : -0.524847 (0.000666)

kinetic : 0.506271 (0.014101)
potential : -1.030896 (0.014122)
energy : -0.524626 (0.000664)

kinetic : 0.514923 (0.015862)
potential : -1.039658 (0.015939)
energy : -0.524734 (0.000635)

kinetic : 0.517300 (0.015191)
potential : -1.041843 (0.015234)
energy : -0.524543 (0.000630)

kinetic : 0.517683 (0.014417)
potential : -1.042490 (0.014467)
energy : -0.524807 (0.000653)

kinetic : 0.516805 (0.013741)
potential : -1.041611 (0.013789)
energy : -0.524806 (0.000622)

kinetic : 0.512853 (0.013685)
potential : -1.037623 (0.013738)
energy : -0.524770 (0.000594)

kinetic : 0.509991 (0.013386)
potential : -1.034854 (0.013416)
energy : -0.524863 (0.000575)

kinetic : 0.516913 (0.014566)
potential : -1.041620 (0.014518)
energy : -0.524706 (0.000572)

kinetic : 0.514391 (0.014197)
potential : -1.039231 (0.014129)
energy : -0.524840 (0.000565)

kinetic : 0.512259 (0.013806)
potential : -1.037237 (0.013720)
energy : -0.524979 (0.000560)

kinetic : 0.510732 (0.013372)
potential : -1.035662 (0.013296)
energy : -0.524930 (0.000541)

kinetic : 0.513219 (0.013123)
potential : -1.038308 (0.013082)
energy : -0.525089 (0.000545)

kinetic : 0.515605 (0.012886)
potential : -1.040842 (0.012875)
energy : -0.525237 (0.000546)

kinetic : 0.517927 (0.012663)
potential : -1.043255 (0.012670)
energy : -0.525328 (0.000536)

kinetic : 0.519696 (0.012375)
potential : -1.044945 (0.012371)
energy : -0.525249 (0.000524)

kinetic : 0.520076 (0.011988)
potential : -1.045439 (0.011988)
energy : -0.525363 (0.000520)

kinetic : 0.522522 (0.011874)
potential : -1.048017 (0.011902)
energy : -0.525495 (0.000521)

kinetic : 0.522753 (0.011522)
potential : -1.048297 (0.011550)
energy : -0.525544 (0.000508)

kinetic : 0.523062 (0.011192)
potential : -1.048584 (0.011219)
energy : -0.525522 (0.000493)

kinetic : 0.526769 (0.011491)
potential : -1.052269 (0.011508)
energy : -0.525500 (0.000480)

kinetic : 0.525249 (0.011279)
potential : -1.050749 (0.011296)
energy : -0.525501 (0.000467)

kinetic : 0.524317 (0.011018)
potential : -1.049724 (0.011042)
energy : -0.525407 (0.000464)

kinetic : 0.519668 (0.011695)
potential : -1.045173 (0.011679)
energy : -0.525505 (0.000462)

kinetic : 0.519166 (0.011410)
potential : -1.044617 (0.011396)
energy : -0.525451 (0.000454)

kinetic : 0.517779 (0.011214)
potential : -1.043218 (0.011203)
energy : -0.525439 (0.000443)

kinetic : 0.520050 (0.011177)
potential : -1.045543 (0.011177)
energy : -0.525492 (0.000435)

kinetic : 0.522486 (0.011183)
potential : -1.047997 (0.011187)
energy : -0.525511 (0.000425)

kinetic : 0.523561 (0.010978)
potential : -1.049151 (0.010990)
energy : -0.525590 (0.000423)

kinetic : 0.524207 (0.010751)
potential : -1.049799 (0.010763)
energy : -0.525591 (0.000413)

kinetic : 0.523341 (0.010550)
potential : -1.048832 (0.010570)
energy : -0.525491 (0.000417)

kinetic : 0.525883 (0.010632)
potential : -1.051385 (0.010653)
energy : -0.525502 (0.000408)

kinetic : 0.524796 (0.010465)
potential : -1.050322 (0.010483)
energy : -0.525526 (0.000400)

kinetic : 0.522602 (0.010481)
potential : -1.048179 (0.010488)
energy : -0.525577 (0.000395)

kinetic : 0.521101 (0.010378)
potential : -1.046613 (0.010395)
energy : -0.525511 (0.000393)

kinetic : 0.521602 (0.010185)
potential : -1.047075 (0.010200)
energy : -0.525473 (0.000387)

kinetic : 0.524321 (0.010351)
potential : -1.049745 (0.010352)
energy : -0.525424 (0.000382)

kinetic : 0.524600 (0.010157)
potential : -1.050049 (0.010159)
energy : -0.525449 (0.000376)

kinetic : 0.524952 (0.009974)
potential : -1.050304 (0.009973)
energy : -0.525352 (0.000381)

kinetic : 0.524496 (0.009801)
potential : -1.049909 (0.009798)
energy : -0.525413 (0.000379)

kinetic : 0.527173 (0.009990)
potential : -1.052534 (0.009973)
energy : -0.525361 (0.000376)

kinetic : 0.525135 (0.010023)
potential : -1.050553 (0.009994)
energy : -0.525418 (0.000374)

kinetic : 0.526526 (0.009946)
potential : -1.052010 (0.009928)
energy : -0.525484 (0.000373)

kinetic : 0.525078 (0.009883)
potential : -1.050608 (0.009859)
energy : -0.525530 (0.000370)

kinetic : 0.524647 (0.009726)
potential : -1.050143 (0.009704)
energy : -0.525497 (0.000365)

kinetic : 0.524400 (0.009569)
potential : -1.049829 (0.009549)
energy : -0.525429 (0.000365)

kinetic : 0.522909 (0.009530)
potential : -1.048240 (0.009527)
energy : -0.525331 (0.000372)

kinetic : 0.525202 (0.009654)
potential : -1.050563 (0.009658)
energy : -0.525361 (0.000368)

kinetic : 0.523360 (0.009679)
potential : -1.048765 (0.009674)
energy : -0.525405 (0.000365)

kinetic : 0.525190 (0.009703)
potential : -1.050583 (0.009696)
energy : -0.525393 (0.000359)

kinetic : 0.526818 (0.009692)
potential : -1.052207 (0.009685)
energy : -0.525389 (0.000354)

kinetic : 0.526895 (0.009547)
potential : -1.052266 (0.009540)
energy : -0.525371 (0.000349)

kinetic : 0.530041 (0.009918)
potential : -1.055435 (0.009918)
energy : -0.525394 (0.000344)

kinetic : 0.530907 (0.009811)
potential : -1.056257 (0.009808)
energy : -0.525350 (0.000342)

kinetic : 0.531622 (0.009696)
potential : -1.056907 (0.009689)
energy : -0.525284 (0.000344)

kinetic : 0.530782 (0.009596)
potential : -1.056088 (0.009586)
energy : -0.525306 (0.000339)

kinetic : 0.531350 (0.009479)
potential : -1.056705 (0.009472)
energy : -0.525355 (0.000338)

kinetic : 0.530957 (0.009356)
potential : -1.056350 (0.009349)
energy : -0.525393 (0.000336)

kinetic : 0.530347 (0.009249)
potential : -1.055742 (0.009241)
energy : -0.525395 (0.000331)

kinetic : 0.530319 (0.009125)
potential : -1.055693 (0.009117)
energy : -0.525374 (0.000327)

kinetic : 0.529663 (0.009028)
potential : -1.055034 (0.009021)
energy : -0.525371 (0.000323)

kinetic : 0.529690 (0.008910)
potential : -1.055079 (0.008903)
energy : -0.525389 (0.000319)

kinetic : 0.529516 (0.008797)
potential : -1.054888 (0.008790)
energy : -0.525372 (0.000316)

kinetic : 0.529557 (0.008685)
potential : -1.054929 (0.008678)
energy : -0.525372 (0.000312)

kinetic : 0.529216 (0.008582)
potential : -1.054688 (0.008572)
energy : -0.525472 (0.000323)

kinetic : 0.529892 (0.008502)
potential : -1.055369 (0.008493)
energy : -0.525477 (0.000319)

kinetic : 0.529332 (0.008417)
potential : -1.054799 (0.008408)
energy : -0.525467 (0.000316)

kinetic : 0.531265 (0.008537)
potential : -1.056725 (0.008527)
energy : -0.525460 (0.000312)

kinetic : 0.531344 (0.008435)
potential : -1.056785 (0.008425)
energy : -0.525442 (0.000309)

kinetic : 0.531102 (0.008338)
potential : -1.056564 (0.008328)
energy : -0.525462 (0.000306)

kinetic : 0.531774 (0.008268)
potential : -1.057266 (0.008261)
energy : -0.525492 (0.000304)

kinetic : 0.530833 (0.008227)
potential : -1.056341 (0.008217)
energy : -0.525508 (0.000300)

kinetic : 0.531100 (0.008137)
potential : -1.056583 (0.008127)
energy : -0.525483 (0.000298)

kinetic : 0.530840 (0.008049)
potential : -1.056328 (0.008039)
energy : -0.525488 (0.000295)

kinetic : 0.530851 (0.007959)
potential : -1.056401 (0.007950)
energy : -0.525550 (0.000298)

kinetic : 0.531007 (0.007873)
potential : -1.056531 (0.007863)
energy : -0.525524 (0.000296)

kinetic : 0.530135 (0.007836)
potential : -1.055601 (0.007833)
energy : -0.525466 (0.000298)

kinetic : 0.530236 (0.007751)
potential : -1.055713 (0.007749)
energy : -0.525477 (0.000295)

kinetic : 0.531459 (0.007766)
potential : -1.056889 (0.007756)
energy : -0.525430 (0.000296)

kinetic : 0.530139 (0.007796)
potential : -1.055599 (0.007781)
energy : -0.525460 (0.000294)

kinetic : 0.529942 (0.007717)
potential : -1.055399 (0.007702)
energy : -0.525457 (0.000291)

kinetic : 0.530640 (0.007669)
potential : -1.056056 (0.007651)
energy : -0.525416 (0.000291)

kinetic : 0.529996 (0.007617)
potential : -1.055354 (0.007605)
energy : -0.525358 (0.000294)

kinetic : 0.530685 (0.007571)
potential : -1.056049 (0.007560)
energy : -0.525365 (0.000291)

kinetic : 0.530523 (0.007497)
potential : -1.055901 (0.007485)
energy : -0.525378 (0.000288)

kinetic : 0.530551 (0.007423)
potential : -1.055900 (0.007411)
energy : -0.525349 (0.000287)

kinetic : 0.530116 (0.007362)
potential : -1.055466 (0.007350)
energy : -0.525350 (0.000284)

kinetic : 0.529579 (0.007310)
potential : -1.054948 (0.007297)
energy : -0.525369 (0.000282)

kinetic : 0.530182 (0.007265)
potential : -1.055576 (0.007254)
energy : -0.525394 (0.000280)

kinetic : 0.530534 (0.007204)
potential : -1.055941 (0.007194)
energy : -0.525407 (0.000278)

kinetic : 0.531396 (0.007187)
potential : -1.056749 (0.007171)
energy : -0.525353 (0.000280)

kinetic : 0.532158 (0.007160)
potential : -1.057512 (0.007145)
energy : -0.525354 (0.000278)

kinetic : 0.531547 (0.007120)
potential : -1.056967 (0.007099)
energy : -0.525420 (0.000283)

kinetic : 0.530912 (0.007083)
potential : -1.056347 (0.007061)
energy : -0.525435 (0.000281)

kinetic : 0.531095 (0.007021)
potential : -1.056529 (0.006999)
energy : -0.525434 (0.000278)

kinetic : 0.531442 (0.006966)
potential : -1.056901 (0.006946)
energy : -0.525459 (0.000277)

kinetic : 0.530723 (0.006941)
potential : -1.056210 (0.006918)
energy : -0.525486 (0.000276)

kinetic : 0.530032 (0.006914)
potential : -1.055493 (0.006894)
energy : -0.525461 (0.000274)

kinetic : 0.529262 (0.006896)
potential : -1.054743 (0.006874)
energy : -0.525481 (0.000273)

kinetic : 0.528481 (0.006880)
potential : -1.053938 (0.006861)
energy : -0.525457 (0.000272)

kinetic : 0.528181 (0.006827)
potential : -1.053643 (0.006808)
energy : -0.525462 (0.000269)

kinetic : 0.528609 (0.006782)
potential : -1.054156 (0.006770)
energy : -0.525547 (0.000280)

kinetic : 0.527628 (0.006796)
potential : -1.053214 (0.006778)
energy : -0.525586 (0.000280)

kinetic : 0.527205 (0.006751)
potential : -1.052815 (0.006732)
energy : -0.525610 (0.000279)

kinetic : 0.526013 (0.006800)
potential : -1.051623 (0.006782)
energy : -0.525610 (0.000277)

kinetic : 0.525316 (0.006780)
potential : -1.050935 (0.006760)
energy : -0.525620 (0.000275)

kinetic : 0.524546 (0.006768)
potential : -1.050143 (0.006751)
energy : -0.525598 (0.000273)

kinetic : 0.524689 (0.006714)
potential : -1.050311 (0.006698)
energy : -0.525622 (0.000272)

kinetic : 0.524914 (0.006664)
potential : -1.050543 (0.006648)
energy : -0.525630 (0.000270)

kinetic : 0.523910 (0.006686)
potential : -1.049542 (0.006670)
energy : -0.525632 (0.000268)

kinetic : 0.523338 (0.006657)
potential : -1.049019 (0.006638)
energy : -0.525681 (0.000270)

kinetic : 0.523729 (0.006616)
potential : -1.049436 (0.006599)
energy : -0.525707 (0.000269)

kinetic : 0.524557 (0.006616)
potential : -1.050284 (0.006602)
energy : -0.525727 (0.000268)

kinetic : 0.525304 (0.006607)
potential : -1.051054 (0.006595)
energy : -0.525750 (0.000267)

kinetic : 0.525477 (0.006558)
potential : -1.051211 (0.006546)
energy : -0.525733 (0.000265)

kinetic : 0.526591 (0.006603)
potential : -1.052329 (0.006592)
energy : -0.525738 (0.000263)

kinetic : 0.526687 (0.006553)
potential : -1.052427 (0.006542)
energy : -0.525740 (0.000261)

kinetic : 0.526583 (0.006505)
potential : -1.052351 (0.006493)
energy : -0.525768 (0.000261)

kinetic : 0.526202 (0.006467)
potential : -1.051966 (0.006456)
energy : -0.525764 (0.000259)

kinetic : 0.526055 (0.006421)
potential : -1.051816 (0.006410)
energy : -0.525761 (0.000257)

kinetic : 0.526464 (0.006386)
potential : -1.052227 (0.006376)
energy : -0.525763 (0.000255)

kinetic : 0.526825 (0.006350)
potential : -1.052596 (0.006340)
energy : -0.525771 (0.000253)

kinetic : 0.526301 (0.006325)
potential : -1.052079 (0.006315)
energy : -0.525777 (0.000252)

kinetic : 0.526773 (0.006298)
potential : -1.052557 (0.006288)
energy : -0.525783 (0.000250)

kinetic : 0.527469 (0.006291)
potential : -1.053240 (0.006280)
energy : -0.525771 (0.000248)

kinetic : 0.526902 (0.006272)
potential : -1.052717 (0.006257)
energy : -0.525815 (0.000250)

kinetic : 0.526417 (0.006246)
potential : -1.052240 (0.006231)
energy : -0.525823 (0.000249)

kinetic : 0.526226 (0.006205)
potential : -1.052050 (0.006190)
energy : -0.525824 (0.000247)

kinetic : 0.525485 (0.006207)
potential : -1.051306 (0.006192)
energy : -0.525821 (0.000245)

kinetic : 0.525219 (0.006169)
potential : -1.051029 (0.006155)
energy : -0.525810 (0.000244)

kinetic : 0.524540 (0.006164)
potential : -1.050334 (0.006152)
energy : -0.525794 (0.000243)

kinetic : 0.524095 (0.006139)
potential : -1.049893 (0.006126)
energy : -0.525798 (0.000241)

kinetic : 0.524612 (0.006119)
potential : -1.050441 (0.006109)
energy : -0.525830 (0.000241)

kinetic : 0.524588 (0.006078)
potential : -1.050401 (0.006068)
energy : -0.525813 (0.000240)

kinetic : 0.525240 (0.006072)
potential : -1.051080 (0.006066)
energy : -0.525840 (0.000240)

kinetic : 0.526186 (0.006105)
potential : -1.052019 (0.006098)
energy : -0.525833 (0.000239)

kinetic : 0.525985 (0.006068)
potential : -1.051846 (0.006060)
energy : -0.525861 (0.000239)

kinetic : 0.525927 (0.006029)
potential : -1.051784 (0.006021)
energy : -0.525857 (0.000237)

kinetic : 0.525770 (0.005992)
potential : -1.051633 (0.005984)
energy : -0.525863 (0.000236)

kinetic : 0.525294 (0.005972)
potential : -1.051154 (0.005964)
energy : -0.525860 (0.000234)

kinetic : 0.526205 (0.006003)
potential : -1.052062 (0.005995)
energy : -0.525857 (0.000233)

kinetic : 0.525953 (0.005970)
potential : -1.051813 (0.005962)
energy : -0.525860 (0.000231)

kinetic : 0.525787 (0.005935)
potential : -1.051657 (0.005926)
energy : -0.525870 (0.000230)

kinetic : 0.525470 (0.005906)
potential : -1.051357 (0.005896)
energy : -0.525887 (0.000229)

kinetic : 0.525470 (0.005869)
potential : -1.051357 (0.005859)
energy : -0.525887 (0.000228)

kinetic : 0.525300 (0.005835)
potential : -1.051186 (0.005826)
energy : -0.525886 (0.000227)

kinetic : 0.525982 (0.005838)
potential : -1.051867 (0.005829)
energy : -0.525885 (0.000225)

kinetic : 0.526429 (0.005820)
potential : -1.052343 (0.005813)
energy : -0.525914 (0.000226)

kinetic : 0.527455 (0.005874)
potential : -1.053364 (0.005867)
energy : -0.525908 (0.000224)

kinetic : 0.527432 (0.005839)
potential : -1.053350 (0.005831)
energy : -0.525917 (0.000223)

kinetic : 0.527594 (0.005806)
potential : -1.053475 (0.005797)
energy : -0.525880 (0.000225)

kinetic : 0.527327 (0.005777)
potential : -1.053192 (0.005770)
energy : -0.525865 (0.000224)

kinetic : 0.526981 (0.005753)
potential : -1.052858 (0.005745)
energy : -0.525877 (0.000223)

kinetic : 0.526762 (0.005723)
potential : -1.052682 (0.005713)
energy : -0.525921 (0.000226)

kinetic : 0.528049 (0.005833)
potential : -1.053969 (0.005824)
energy : -0.525920 (0.000225)

kinetic : 0.527267 (0.005851)
potential : -1.053215 (0.005838)
energy : -0.525947 (0.000225)

kinetic : 0.527288 (0.005817)
potential : -1.053250 (0.005804)
energy : -0.525962 (0.000224)

kinetic : 0.527603 (0.005792)
potential : -1.053594 (0.005781)
energy : -0.525990 (0.000225)

kinetic : 0.529589 (0.006092)
potential : -1.055624 (0.006096)
energy : -0.526034 (0.000228)

kinetic : 0.529599 (0.006057)
potential : -1.055640 (0.006061)
energy : -0.526041 (0.000226)

kinetic : 0.529146 (0.006039)
potential : -1.055182 (0.006043)
energy : -0.526037 (0.000225)

kinetic : 0.528965 (0.006008)
potential : -1.054984 (0.006012)
energy : -0.526020 (0.000224)

kinetic : 0.529689 (0.006018)
potential : -1.055739 (0.006026)
energy : -0.526050 (0.000225)

kinetic : 0.529642 (0.005984)
potential : -1.055688 (0.005993)
energy : -0.526046 (0.000224)

kinetic : 0.530045 (0.005964)
potential : -1.056076 (0.005972)
energy : -0.526032 (0.000223)

kinetic : 0.529757 (0.005938)
potential : -1.055807 (0.005945)
energy : -0.526049 (0.000223)

kinetic : 0.529878 (0.005907)
potential : -1.055914 (0.005913)
energy : -0.526036 (0.000222)

kinetic : 0.529416 (0.005893)
potential : -1.055463 (0.005898)
energy : -0.526047 (0.000221)

kinetic : 0.529427 (0.005860)
potential : -1.055489 (0.005866)
energy : -0.526062 (0.000220)

kinetic : 0.529472 (0.005829)
potential : -1.055537 (0.005834)
energy : -0.526065 (0.000219)

kinetic : 0.528762 (0.005841)
potential : -1.054801 (0.005849)
energy : -0.526039 (0.000219)

kinetic : 0.528513 (0.005815)
potential : -1.054576 (0.005822)
energy : -0.526063 (0.000219)

kinetic : 0.528112 (0.005798)
potential : -1.054183 (0.005805)
energy : -0.526071 (0.000218)

kinetic : 0.527912 (0.005770)
potential : -1.053994 (0.005777)
energy : -0.526082 (0.000218)

kinetic : 0.528221 (0.005748)
potential : -1.054296 (0.005754)
energy : -0.526076 (0.000217)

kinetic : 0.528821 (0.005750)
potential : -1.054906 (0.005756)
energy : -0.526085 (0.000216)

kinetic : 0.528827 (0.005720)
potential : -1.054942 (0.005726)
energy : -0.526115 (0.000217)

kinetic : 0.528231 (0.005721)
potential : -1.054344 (0.005728)
energy : -0.526113 (0.000215)

kinetic : 0.527885 (0.005702)
potential : -1.053992 (0.005709)
energy : -0.526107 (0.000214)

kinetic : 0.527414 (0.005692)
potential : -1.053518 (0.005700)
energy : -0.526104 (0.000213)

kinetic : 0.528043 (0.005698)
potential : -1.054113 (0.005702)
energy : -0.526070 (0.000215)

kinetic : 0.528172 (0.005670)
potential : -1.054217 (0.005674)
energy : -0.526045 (0.000215)

kinetic : 0.527884 (0.005649)
potential : -1.053930 (0.005652)
energy : -0.526046 (0.000214)

kinetic : 0.527971 (0.005621)
potential : -1.054033 (0.005625)
energy : -0.526062 (0.000214)

kinetic : 0.527994 (0.005593)
potential : -1.054064 (0.005597)
energy : -0.526070 (0.000213)

kinetic : 0.527516 (0.005586)
potential : -1.053559 (0.005591)
energy : -0.526043 (0.000214)

kinetic : 0.527665 (0.005560)
potential : -1.053703 (0.005566)
energy : -0.526039 (0.000213)

kinetic : 0.527323 (0.005543)
potential : -1.053356 (0.005549)
energy : -0.526033 (0.000212)

kinetic : 0.527141 (0.005519)
potential : -1.053160 (0.005525)
energy : -0.526019 (0.000211)

kinetic : 0.527019 (0.005493)
potential : -1.053054 (0.005499)
energy : -0.526035 (0.000210)

kinetic : 0.527023 (0.005466)
potential : -1.053053 (0.005472)
energy : -0.526030 (0.000209)

kinetic : 0.526949 (0.005440)
potential : -1.052989 (0.005446)
energy : -0.526040 (0.000209)

kinetic : 0.527362 (0.005430)
potential : -1.053393 (0.005435)
energy : -0.526031 (0.000208)

kinetic : 0.527240 (0.005405)
potential : -1.053245 (0.005411)
energy : -0.526005 (0.000208)

kinetic : 0.526756 (0.005401)
potential : -1.052760 (0.005407)
energy : -0.526005 (0.000207)

kinetic : 0.526572 (0.005379)
potential : -1.052569 (0.005385)
energy : -0.525996 (0.000207)

kinetic : 0.526301 (0.005360)
potential : -1.052291 (0.005367)
energy : -0.525990 (0.000206)

kinetic : 0.527023 (0.005383)
potential : -1.052987 (0.005386)
energy : -0.525964 (0.000207)

kinetic : 0.526788 (0.005363)
potential : -1.052742 (0.005367)
energy : -0.525954 (0.000206)

kinetic : 0.527017 (0.005343)
potential : -1.052953 (0.005346)
energy : -0.525936 (0.000206)

kinetic : 0.526514 (0.005342)
potential : -1.052452 (0.005345)
energy : -0.525938 (0.000205)

kinetic : 0.526563 (0.005318)
potential : -1.052495 (0.005320)
energy : -0.525932 (0.000204)

kinetic : 0.527313 (0.005346)
potential : -1.053239 (0.005348)
energy : -0.525926 (0.000203)

kinetic : 0.527191 (0.005323)
potential : -1.053125 (0.005324)
energy : -0.525933 (0.000202)

kinetic : 0.527528 (0.005310)
potential : -1.053473 (0.005312)
energy : -0.525945 (0.000202)

kinetic : 0.527878 (0.005297)
potential : -1.053827 (0.005299)
energy : -0.525948 (0.000201)

kinetic : 0.528661 (0.005331)
potential : -1.054594 (0.005331)
energy : -0.525933 (0.000200)

kinetic : 0.528740 (0.005308)
potential : -1.054639 (0.005307)
energy : -0.525899 (0.000202)

kinetic : 0.529019 (0.005291)
potential : -1.054880 (0.005289)
energy : -0.525861 (0.000205)

kinetic : 0.528997 (0.005268)
potential : -1.054829 (0.005266)
energy : -0.525832 (0.000206)

kinetic : 0.529069 (0.005245)
potential : -1.054906 (0.005243)
energy : -0.525836 (0.000205)

kinetic : 0.529328 (0.005228)
potential : -1.055165 (0.005226)
energy : -0.525837 (0.000204)

kinetic : 0.529588 (0.005212)
potential : -1.055407 (0.005209)
energy : -0.525820 (0.000204)

kinetic : 0.529756 (0.005191)
potential : -1.055553 (0.005188)
energy : -0.525798 (0.000205)

kinetic : 0.529246 (0.005194)
potential : -1.055033 (0.005191)
energy : -0.525787 (0.000204)

kinetic : 0.529523 (0.005179)
potential : -1.055296 (0.005176)
energy : -0.525773 (0.000204)

kinetic : 0.529464 (0.005157)
potential : -1.055226 (0.005154)
energy : -0.525762 (0.000203)

kinetic : 0.529397 (0.005135)
potential : -1.055172 (0.005132)
energy : -0.525775 (0.000202)

kinetic : 0.529224 (0.005116)
potential : -1.054986 (0.005113)
energy : -0.525762 (0.000202)

kinetic : 0.528845 (0.005108)
potential : -1.054633 (0.005104)
energy : -0.525788 (0.000203)

kinetic : 0.529118 (0.005094)
potential : -1.054913 (0.005090)
energy : -0.525795 (0.000202)

kinetic : 0.529408 (0.005081)
potential : -1.055210 (0.005077)
energy : -0.525803 (0.000201)

kinetic : 0.529585 (0.005062)
potential : -1.055377 (0.005058)
energy : -0.525792 (0.000201)

kinetic : 0.529297 (0.005049)
potential : -1.055081 (0.005046)
energy : -0.525784 (0.000200)

kinetic : 0.529155 (0.005030)
potential : -1.054935 (0.005027)
energy : -0.525780 (0.000199)

kinetic : 0.529348 (0.005013)
potential : -1.055146 (0.005010)
energy : -0.525798 (0.000199)

kinetic : 0.529413 (0.004993)
potential : -1.055214 (0.004990)
energy : -0.525801 (0.000199)

kinetic : 0.529311 (0.004973)
potential : -1.055119 (0.004970)
energy : -0.525808 (0.000198)

kinetic : 0.529340 (0.004953)
potential : -1.055164 (0.004950)
energy : -0.525825 (0.000198)

kinetic : 0.529169 (0.004935)
potential : -1.054982 (0.004933)
energy : -0.525812 (0.000197)

kinetic : 0.529357 (0.004919)
potential : -1.055145 (0.004916)
energy : -0.525787 (0.000198)

kinetic : 0.529398 (0.004899)
potential : -1.055155 (0.004896)
energy : -0.525757 (0.000200)

kinetic : 0.529599 (0.004883)
potential : -1.055364 (0.004881)
energy : -0.525765 (0.000199)

kinetic : 0.530149 (0.004895)
potential : -1.055910 (0.004892)
energy : -0.525761 (0.000198)

kinetic : 0.530278 (0.004877)
potential : -1.056041 (0.004874)
energy : -0.525762 (0.000198)

kinetic : 0.530503 (0.004863)
potential : -1.056257 (0.004859)
energy : -0.525754 (0.000197)

kinetic : 0.530786 (0.004852)
potential : -1.056552 (0.004849)
energy : -0.525766 (0.000197)

kinetic : 0.530594 (0.004836)
potential : -1.056367 (0.004833)
energy : -0.525773 (0.000196)

kinetic : 0.530640 (0.004817)
potential : -1.056450 (0.004815)
energy : -0.525809 (0.000198)

kinetic : 0.530689 (0.004799)
potential : -1.056493 (0.004796)
energy : -0.525804 (0.000198)

kinetic : 0.530752 (0.004780)
potential : -1.056551 (0.004778)
energy : -0.525799 (0.000197)

kinetic : 0.530883 (0.004763)
potential : -1.056692 (0.004761)
energy : -0.525810 (0.000197)

kinetic : 0.530869 (0.004745)
potential : -1.056677 (0.004743)
energy : -0.525809 (0.000196)

kinetic : 0.530695 (0.004730)
potential : -1.056498 (0.004728)
energy : -0.525803 (0.000195)

kinetic : 0.530619 (0.004712)
potential : -1.056426 (0.004710)
energy : -0.525807 (0.000194)

kinetic : 0.530424 (0.004698)
potential : -1.056267 (0.004695)
energy : -0.525843 (0.000197)

kinetic : 0.530581 (0.004683)
potential : -1.056428 (0.004679)
energy : -0.525847 (0.000196)

kinetic : 0.530397 (0.004668)
potential : -1.056244 (0.004665)
energy : -0.525847 (0.000195)

kinetic : 0.530299 (0.004652)
potential : -1.056157 (0.004648)
energy : -0.525858 (0.000195)

kinetic : 0.530209 (0.004635)
potential : -1.056055 (0.004632)
energy : -0.525846 (0.000195)

kinetic : 0.530194 (0.004618)
potential : -1.056050 (0.004615)
energy : -0.525857 (0.000194)

kinetic : 0.530220 (0.004600)
potential : -1.056063 (0.004597)
energy : -0.525844 (0.000194)

kinetic : 0.530194 (0.004583)
potential : -1.056023 (0.004580)
energy : -0.525830 (0.000194)

kinetic : 0.530501 (0.004577)
potential : -1.056343 (0.004574)
energy : -0.525842 (0.000193)

kinetic : 0.530373 (0.004561)
potential : -1.056203 (0.004560)
energy : -0.525830 (0.000193)

kinetic : 0.530755 (0.004560)
potential : -1.056575 (0.004558)
energy : -0.525820 (0.000193)

kinetic : 0.531266 (0.004572)
potential : -1.057078 (0.004569)
energy : -0.525812 (0.000192)

kinetic : 0.531034 (0.004561)
potential : -1.056846 (0.004558)
energy : -0.525812 (0.000191)

kinetic : 0.531367 (0.004557)
potential : -1.057188 (0.004554)
energy : -0.525822 (0.000191)

kinetic : 0.531244 (0.004542)
potential : -1.057056 (0.004540)
energy : -0.525812 (0.000191)

kinetic : 0.531359 (0.004527)
potential : -1.057166 (0.004524)
energy : -0.525807 (0.000190)

kinetic : 0.531606 (0.004517)
potential : -1.057399 (0.004514)
energy : -0.525793 (0.000190)

kinetic : 0.531369 (0.004507)
potential : -1.057173 (0.004504)
energy : -0.525804 (0.000189)

kinetic : 0.531146 (0.004497)
potential : -1.056949 (0.004493)
energy : -0.525802 (0.000189)

kinetic : 0.531473 (0.004493)
potential : -1.057276 (0.004489)
energy : -0.525803 (0.000188)

kinetic : 0.531544 (0.004477)
potential : -1.057356 (0.004474)
energy : -0.525812 (0.000188)

kinetic : 0.531267 (0.004470)
potential : -1.057088 (0.004466)
energy : -0.525821 (0.000187)

kinetic : 0.530960 (0.004464)
potential : -1.056773 (0.004461)
energy : -0.525812 (0.000187)

kinetic : 0.530666 (0.004458)
potential : -1.056474 (0.004455)
energy : -0.525808 (0.000186)

kinetic : 0.530451 (0.004448)
potential : -1.056261 (0.004445)
energy : -0.525810 (0.000185)

kinetic : 0.530151 (0.004443)
potential : -1.055992 (0.004437)
energy : -0.525841 (0.000187)

kinetic : 0.529937 (0.004432)
potential : -1.055789 (0.004427)
energy : -0.525853 (0.000187)

kinetic : 0.530355 (0.004437)
potential : -1.056216 (0.004432)
energy : -0.525861 (0.000187)

kinetic : 0.530251 (0.004422)
potential : -1.056107 (0.004418)
energy : -0.525856 (0.000186)

kinetic : 0.530330 (0.004408)
potential : -1.056184 (0.004403)
energy : -0.525854 (0.000185)

kinetic : 0.530447 (0.004394)
potential : -1.056282 (0.004389)
energy : -0.525834 (0.000186)

kinetic : 0.530132 (0.004391)
potential : -1.055953 (0.004386)
energy : -0.525821 (0.000186)

kinetic : 0.529810 (0.004387)
potential : -1.055634 (0.004383)
energy : -0.525824 (0.000185)

kinetic : 0.529657 (0.004375)
potential : -1.055490 (0.004371)
energy : -0.525833 (0.000185)

kinetic : 0.529743 (0.004361)
potential : -1.055589 (0.004357)
energy : -0.525846 (0.000184)

kinetic : 0.529463 (0.004355)
potential : -1.055289 (0.004352)
energy : -0.525826 (0.000185)

kinetic : 0.529515 (0.004341)
potential : -1.055342 (0.004338)
energy : -0.525827 (0.000184)

kinetic : 0.529611 (0.004327)
potential : -1.055431 (0.004324)
energy : -0.525820 (0.000184)

kinetic : 0.529665 (0.004313)
potential : -1.055503 (0.004310)
energy : -0.525837 (0.000184)

kinetic : 0.529790 (0.004301)
potential : -1.055631 (0.004298)
energy : -0.525841 (0.000183)

kinetic : 0.529958 (0.004290)
potential : -1.055801 (0.004287)
energy : -0.525844 (0.000183)

kinetic : 0.529894 (0.004276)
potential : -1.055737 (0.004273)
energy : -0.525843 (0.000182)

kinetic : 0.530243 (0.004276)
potential : -1.056077 (0.004273)
energy : -0.525834 (0.000182)

kinetic : 0.530059 (0.004266)
potential : -1.055902 (0.004262)
energy : -0.525843 (0.000181)

kinetic : 0.530284 (0.004258)
potential : -1.056136 (0.004255)
energy : -0.525852 (0.000181)

kinetic : 0.530549 (0.004252)
potential : -1.056404 (0.004249)
energy : -0.525855 (0.000180)
