
kinetic : 0.495023 (inf)
potential : -1.023078 (inf)
energy : -0.528055 (inf)

kinetic : 0.600224 (inf)
potential : -1.142736 (inf)
energy : -0.542512 (inf)

kinetic : 0.513678 (0.086546)
potential : -1.044323 (0.098413)
energy : -0.530645 (0.011867)

kinetic : 0.532898 (0.053536)
potential : -1.052555 (0.057412)
energy : -0.519658 (0.012948)

kinetic : 0.616746 (0.091998)
potential : -1.140797 (0.097132)
energy : -0.524051 (0.010155)

kinetic : 0.567582 (0.086575)
potential : -1.090961 (0.090246)
energy : -0.523380 (0.007895)

kinetic : 0.560013 (0.071092)
potential : -1.083151 (0.074098)
energy : -0.523138 (0.006451)

kinetic : 0.591257 (0.067722)
potential : -1.114568 (0.070063)
energy : -0.523312 (0.005455)

kinetic : 0.580418 (0.059642)
potential : -1.102942 (0.061781)
energy : -0.522524 (0.004789)

kinetic : 0.554459 (0.058657)
potential : -1.078013 (0.059917)
energy : -0.523555 (0.004347)

kinetic : 0.569927 (0.054697)
potential : -1.093784 (0.055864)
energy : -0.523857 (0.003900)

kinetic : 0.552153 (0.052571)
potential : -1.077161 (0.053195)
energy : -0.525008 (0.003711)

kinetic : 0.524463 (0.055406)
potential : -1.048882 (0.056194)
energy : -0.524420 (0.003438)

kinetic : 0.519884 (0.051172)
potential : -1.042692 (0.052061)
energy : -0.522808 (0.003550)

kinetic : 0.548604 (0.055401)
potential : -1.072006 (0.056413)
energy : -0.523402 (0.003340)

kinetic : 0.538312 (0.052593)
potential : -1.061943 (0.053473)
energy : -0.523631 (0.003118)

kinetic : 0.520691 (0.052256)
potential : -1.044167 (0.053084)
energy : -0.523476 (0.002920)

kinetic : 0.508088 (0.050679)
potential : -1.031740 (0.051389)
energy : -0.523652 (0.002749)

kinetic : 0.497696 (0.048897)
potential : -1.021110 (0.049602)
energy : -0.523415 (0.002603)

kinetic : 0.499837 (0.046302)
potential : -1.023740 (0.046993)
energy : -0.523903 (0.002510)

kinetic : 0.485995 (0.046055)
potential : -1.010585 (0.046482)
energy : -0.524590 (0.002478)

kinetic : 0.484261 (0.043841)
potential : -1.009742 (0.044221)
energy : -0.525482 (0.002520)

kinetic : 0.480373 (0.041981)
potential : -1.005798 (0.042347)
energy : -0.525425 (0.002404)

kinetic : 0.469580 (0.041541)
potential : -0.995292 (0.041806)
energy : -0.525712 (0.002315)

kinetic : 0.481285 (0.041460)
potential : -1.006710 (0.041623)
energy : -0.525425 (0.002235)

kinetic : 0.476754 (0.040024)
potential : -1.002080 (0.040191)
energy : -0.525325 (0.002146)

kinetic : 0.468366 (0.039358)
potential : -0.993862 (0.039479)
energy : -0.525496 (0.002068)

kinetic : 0.464197 (0.038101)
potential : -0.989626 (0.038224)
energy : -0.525429 (0.001992)

kinetic : 0.462329 (0.036763)
potential : -0.987718 (0.036883)
energy : -0.525390 (0.001919)

kinetic : 0.455818 (0.036065)
potential : -0.980939 (0.036228)
energy : -0.525122 (0.001871)

kinetic : 0.491280 (0.049715)
potential : -1.016701 (0.050039)
energy : -0.525421 (0.001833)

kinetic : 0.488820 (0.048147)
potential : -1.014500 (0.048448)
energy : -0.525680 (0.001791)

kinetic : 0.493275 (0.046831)
potential : -1.019683 (0.047195)
energy : -0.526408 (0.001881)

kinetic : 0.489335 (0.045560)
potential : -1.015625 (0.045922)
energy : -0.526290 (0.001827)

kinetic : 0.488175 (0.044215)
potential : -1.014675 (0.044561)
energy : -0.526500 (0.001785)

kinetic : 0.486256 (0.042976)
potential : -1.013050 (0.043300)
energy : -0.526794 (0.001758)

kinetic : 0.479161 (0.042364)
potential : -1.005776 (0.042704)
energy : -0.526615 (0.001718)

kinetic : 0.483811 (0.041464)
potential : -1.010607 (0.041814)
energy : -0.526795 (0.001680)

kinetic : 0.481265 (0.040439)
potential : -1.008839 (0.040737)
energy : -0.527574 (0.001811)

kinetic : 0.473015 (0.040243)
potential : -1.000333 (0.040580)
energy : -0.527317 (0.001783)

kinetic : 0.469912 (0.039346)
potential : -0.997211 (0.039676)
energy : -0.527300 (0.001738)

kinetic : 0.472357 (0.038453)
potential : -0.999751 (0.038779)
energy : -0.527394 (0.001698)

kinetic : 0.468780 (0.037696)
potential : -0.995913 (0.038039)
energy : -0.527133 (0.001677)

kinetic : 0.476687 (0.037649)
potential : -1.003636 (0.037938)
energy : -0.526949 (0.001648)

kinetic : 0.474883 (0.036827)
potential : -1.001508 (0.037127)
energy : -0.526624 (0.001642)

kinetic : 0.472922 (0.036053)
potential : -0.999412 (0.036353)
energy : -0.526491 (0.001611)

kinetic : 0.473380 (0.035263)
potential : -1.000389 (0.035567)
energy : -0.527009 (0.001659)

kinetic : 0.470354 (0.034637)
potential : -0.997574 (0.034916)
energy : -0.527220 (0.001637)

kinetic : 0.471159 (0.033918)
potential : -0.998249 (0.034187)
energy : -0.527090 (0.001608)

kinetic : 0.472832 (0.033260)
potential : -1.000211 (0.033540)
energy : -0.527380 (0.001601)

kinetic : 0.474671 (0.032640)
potential : -1.001988 (0.032910)
energy : -0.527317 (0.001570)

kinetic : 0.469872 (0.032352)
potential : -0.997416 (0.032581)
energy : -0.527544 (0.001555)

kinetic : 0.467983 (0.031780)
potential : -0.995390 (0.032012)
energy : -0.527407 (0.001531)

kinetic : 0.469031 (0.031192)
potential : -0.996454 (0.031421)
energy : -0.527423 (0.001502)

kinetic : 0.468181 (0.030621)
potential : -0.995764 (0.030841)
energy : -0.527583 (0.001483)

kinetic : 0.476780 (0.031265)
potential : -1.004363 (0.031473)
energy : -0.527583 (0.001456)

kinetic : 0.472504 (0.030998)
potential : -1.000197 (0.031185)
energy : -0.527693 (0.001434)

kinetic : 0.468454 (0.030717)
potential : -0.995829 (0.030943)
energy : -0.527374 (0.001444)

kinetic : 0.463713 (0.030553)
potential : -0.991099 (0.030770)
energy : -0.527386 (0.001419)

kinetic : 0.461823 (0.030090)
potential : -0.989046 (0.030314)
energy : -0.527223 (0.001404)

kinetic : 0.469241 (0.030500)
potential : -0.996240 (0.030660)
energy : -0.526999 (0.001399)

kinetic : 0.468966 (0.029997)
potential : -0.996031 (0.030154)
energy : -0.527065 (0.001377)

kinetic : 0.466759 (0.029592)
potential : -0.993786 (0.029749)
energy : -0.527026 (0.001355)

kinetic : 0.464075 (0.029242)
potential : -0.991217 (0.029385)
energy : -0.527142 (0.001338)

kinetic : 0.467874 (0.029031)
potential : -0.994888 (0.029154)
energy : -0.527014 (0.001324)

kinetic : 0.471150 (0.028768)
potential : -0.998001 (0.028871)
energy : -0.526851 (0.001313)

kinetic : 0.474806 (0.028564)
potential : -1.001458 (0.028639)
energy : -0.526652 (0.001308)

kinetic : 0.477656 (0.028278)
potential : -1.004627 (0.028386)
energy : -0.526971 (0.001328)

kinetic : 0.476529 (0.027882)
potential : -1.003467 (0.027990)
energy : -0.526938 (0.001308)

kinetic : 0.495034 (0.033125)
potential : -1.021877 (0.033161)
energy : -0.526843 (0.001293)

kinetic : 0.499194 (0.032913)
potential : -1.025969 (0.032939)
energy : -0.526775 (0.001276)

kinetic : 0.496708 (0.032541)
potential : -1.023529 (0.032563)
energy : -0.526821 (0.001259)

kinetic : 0.493099 (0.032288)
potential : -1.019837 (0.032319)
energy : -0.526738 (0.001244)

kinetic : 0.492623 (0.031846)
potential : -1.019452 (0.031876)
energy : -0.526829 (0.001230)

kinetic : 0.494667 (0.031479)
potential : -1.021418 (0.031503)
energy : -0.526752 (0.001216)

kinetic : 0.493159 (0.031093)
potential : -1.019850 (0.031120)
energy : -0.526691 (0.001201)

kinetic : 0.494826 (0.030727)
potential : -1.021636 (0.030760)
energy : -0.526809 (0.001191)

kinetic : 0.498863 (0.030593)
potential : -1.025793 (0.030641)
energy : -0.526930 (0.001182)

kinetic : 0.498902 (0.030198)
potential : -1.025725 (0.030246)
energy : -0.526822 (0.001171)

kinetic : 0.499225 (0.029815)
potential : -1.026113 (0.029863)
energy : -0.526888 (0.001158)

kinetic : 0.497626 (0.029483)
potential : -1.024560 (0.029528)
energy : -0.526935 (0.001145)

kinetic : 0.496663 (0.029133)
potential : -1.023589 (0.029177)
energy : -0.526926 (0.001130)

kinetic : 0.495144 (0.028816)
potential : -1.022231 (0.028851)
energy : -0.527087 (0.001128)

kinetic : 0.499060 (0.028734)
potential : -1.026144 (0.028769)
energy : -0.527084 (0.001114)

kinetic : 0.501211 (0.028472)
potential : -1.028254 (0.028503)
energy : -0.527043 (0.001102)

kinetic : 0.499985 (0.028161)
potential : -1.026932 (0.028196)
energy : -0.526947 (0.001093)

kinetic : 0.500662 (0.027840)
potential : -1.027556 (0.027874)
energy : -0.526894 (0.001082)

kinetic : 0.500175 (0.027523)
potential : -1.027059 (0.027556)
energy : -0.526884 (0.001069)

kinetic : 0.498206 (0.027279)
potential : -1.025147 (0.027308)
energy : -0.526941 (0.001058)

kinetic : 0.499385 (0.026997)
potential : -1.026349 (0.027026)
energy : -0.526964 (0.001047)

kinetic : 0.499814 (0.026699)
potential : -1.026679 (0.026726)
energy : -0.526865 (0.001040)

kinetic : 0.497640 (0.026493)
potential : -1.024480 (0.026522)
energy : -0.526840 (0.001029)

kinetic : 0.496892 (0.026214)
potential : -1.023865 (0.026240)
energy : -0.526972 (0.001026)

kinetic : 0.495902 (0.025950)
potential : -1.022814 (0.025977)
energy : -0.526911 (0.001017)

kinetic : 0.494909 (0.025691)
potential : -1.021666 (0.025725)
energy : -0.526757 (0.001018)

kinetic : 0.494348 (0.025426)
potential : -1.021073 (0.025460)
energy : -0.526725 (0.001007)

kinetic : 0.494578 (0.025160)
potential : -1.021331 (0.025194)
energy : -0.526753 (0.000997)

kinetic : 0.492938 (0.024954)
potential : -1.019773 (0.024982)
energy : -0.526834 (0.000990)

kinetic : 0.493780 (0.024712)
potential : -1.020558 (0.024738)
energy : -0.526778 (0.000982)

kinetic : 0.493686 (0.024461)
potential : -1.020359 (0.024488)
energy : -0.526673 (0.000977)

kinetic : 0.492646 (0.024238)
potential : -1.019376 (0.024262)
energy : -0.526730 (0.000969)
         kinetic: 0.493(24), Sigma: 0.989, T_corr: 6.0
       potential: -1.019(24), Sigma: 0.992, T_corr: 6.0
          energy: -0.52673(97), Sigma: 0.046, T_corr: 4.4

For tau = 1.00e+00, acceptance ratio = 0.75
Time: 4.70s
