
kinetic : 0.524015 (inf)
potential : -1.050886 (inf)
energy : -0.526872 (inf)

kinetic : 0.588063 (inf)
potential : -1.122035 (inf)
energy : -0.533972 (inf)

kinetic : 0.588784 (0.000721)
potential : -1.117276 (0.004760)
energy : -0.528491 (0.005481)

kinetic : 0.610831 (0.022051)
potential : -1.139830 (0.022721)
energy : -0.528999 (0.003205)

kinetic : 0.599796 (0.019102)
potential : -1.131452 (0.018119)
energy : -0.531656 (0.003492)

kinetic : 0.553324 (0.048771)
potential : -1.084533 (0.048974)
energy : -0.531209 (0.002742)

kinetic : 0.560225 (0.040415)
potential : -1.093023 (0.040878)
energy : -0.532798 (0.002745)

kinetic : 0.510711 (0.060153)
potential : -1.040769 (0.062642)
energy : -0.530058 (0.003590)

kinetic : 0.541556 (0.060540)
potential : -1.071405 (0.062302)
energy : -0.529849 (0.003116)

kinetic : 0.551596 (0.054327)
potential : -1.081344 (0.055837)
energy : -0.529748 (0.002750)

kinetic : 0.545700 (0.048948)
potential : -1.074673 (0.050386)
energy : -0.528972 (0.002579)

kinetic : 0.578554 (0.055133)
potential : -1.107036 (0.055897)
energy : -0.528481 (0.002384)

kinetic : 0.561847 (0.053030)
potential : -1.090012 (0.053792)
energy : -0.528165 (0.002199)

kinetic : 0.537091 (0.054703)
potential : -1.065557 (0.055195)
energy : -0.528466 (0.002045)

kinetic : 0.554369 (0.053511)
potential : -1.084147 (0.054376)
energy : -0.529778 (0.002303)

kinetic : 0.553845 (0.049819)
potential : -1.083119 (0.050632)
energy : -0.529274 (0.002203)

kinetic : 0.546134 (0.047235)
potential : -1.075229 (0.048015)
energy : -0.529095 (0.002068)

kinetic : 0.526412 (0.048555)
potential : -1.055151 (0.049369)
energy : -0.528739 (0.001975)

kinetic : 0.515111 (0.047152)
potential : -1.043987 (0.047866)
energy : -0.528876 (0.001867)

kinetic : 0.505374 (0.045652)
potential : -1.034923 (0.046175)
energy : -0.529549 (0.001890)

kinetic : 0.504474 (0.043319)
potential : -1.034596 (0.043806)
energy : -0.530121 (0.001882)

kinetic : 0.503277 (0.041222)
potential : -1.032399 (0.041726)
energy : -0.529122 (0.002050)

kinetic : 0.493868 (0.040414)
potential : -1.022836 (0.040917)
energy : -0.528968 (0.001961)

kinetic : 0.490385 (0.038774)
potential : -1.019499 (0.039240)
energy : -0.529114 (0.001880)

kinetic : 0.490429 (0.037123)
potential : -1.019318 (0.037570)
energy : -0.528890 (0.001813)

kinetic : 0.481475 (0.036716)
potential : -1.009863 (0.037256)
energy : -0.528388 (0.001810)

kinetic : 0.477151 (0.035539)
potential : -1.005097 (0.036110)
energy : -0.527947 (0.001794)

kinetic : 0.482849 (0.034669)
potential : -1.010870 (0.035223)
energy : -0.528022 (0.001728)

kinetic : 0.478355 (0.033709)
potential : -1.006216 (0.034259)
energy : -0.527861 (0.001673)

kinetic : 0.477288 (0.032543)
potential : -1.005032 (0.033078)
energy : -0.527744 (0.001619)

kinetic : 0.474964 (0.031526)
potential : -1.002422 (0.032063)
energy : -0.527458 (0.001590)

kinetic : 0.479676 (0.030854)
potential : -1.007302 (0.031393)
energy : -0.527626 (0.001547)

kinetic : 0.484975 (0.030340)
potential : -1.012875 (0.030903)
energy : -0.527900 (0.001523)

kinetic : 0.484309 (0.029414)
potential : -1.012540 (0.029954)
energy : -0.528232 (0.001512)

kinetic : 0.479964 (0.028864)
potential : -1.008218 (0.029379)
energy : -0.528253 (0.001467)

kinetic : 0.486438 (0.028766)
potential : -1.014694 (0.029253)
energy : -0.528256 (0.001425)

kinetic : 0.475472 (0.030029)
potential : -1.003073 (0.030712)
energy : -0.527601 (0.001532)

kinetic : 0.482083 (0.029945)
potential : -1.009880 (0.030636)
energy : -0.527797 (0.001503)

kinetic : 0.482250 (0.029146)
potential : -1.010089 (0.029820)
energy : -0.527839 (0.001463)

kinetic : 0.481776 (0.028393)
potential : -1.009627 (0.029049)
energy : -0.527850 (0.001426)

kinetic : 0.485213 (0.027887)
potential : -1.013113 (0.028527)
energy : -0.527900 (0.001390)

kinetic : 0.493258 (0.028363)
potential : -1.020626 (0.028819)
energy : -0.527368 (0.001457)

kinetic : 0.490206 (0.027847)
potential : -1.017328 (0.028318)
energy : -0.527122 (0.001443)

kinetic : 0.490514 (0.027194)
potential : -1.017449 (0.027651)
energy : -0.526935 (0.001421)

kinetic : 0.511208 (0.033676)
potential : -1.037971 (0.033927)
energy : -0.526764 (0.001399)

kinetic : 0.512406 (0.032941)
potential : -1.038978 (0.033179)
energy : -0.526573 (0.001381)

kinetic : 0.511614 (0.032227)
potential : -1.038300 (0.032457)
energy : -0.526686 (0.001355)

kinetic : 0.513634 (0.031598)
potential : -1.040052 (0.031807)
energy : -0.526418 (0.001353)

kinetic : 0.511491 (0.031007)
potential : -1.037808 (0.031218)
energy : -0.526317 (0.001328)

kinetic : 0.508749 (0.030491)
potential : -1.034965 (0.030706)
energy : -0.526216 (0.001305)

kinetic : 0.506851 (0.029936)
potential : -1.032734 (0.030169)
energy : -0.525883 (0.001321)

kinetic : 0.504037 (0.029477)
potential : -1.029848 (0.029712)
energy : -0.525811 (0.001297)

kinetic : 0.504770 (0.028914)
potential : -1.030615 (0.029145)
energy : -0.525846 (0.001272)

kinetic : 0.512798 (0.029478)
potential : -1.038689 (0.029708)
energy : -0.525891 (0.001249)

kinetic : 0.508603 (0.029229)
potential : -1.034920 (0.029395)
energy : -0.526317 (0.001297)

kinetic : 0.510253 (0.028740)
potential : -1.036622 (0.028906)
energy : -0.526369 (0.001274)

kinetic : 0.506631 (0.028454)
potential : -1.033142 (0.028597)
energy : -0.526511 (0.001259)

kinetic : 0.512949 (0.028655)
potential : -1.039879 (0.028888)
energy : -0.526930 (0.001306)

kinetic : 0.509959 (0.028315)
potential : -1.036768 (0.028555)
energy : -0.526810 (0.001289)

kinetic : 0.507392 (0.027949)
potential : -1.034091 (0.028195)
energy : -0.526699 (0.001272)

kinetic : 0.508643 (0.027508)
potential : -1.035399 (0.027751)
energy : -0.526756 (0.001252)

kinetic : 0.510388 (0.027109)
potential : -1.037143 (0.027348)
energy : -0.526755 (0.001231)

kinetic : 0.508529 (0.026733)
potential : -1.035321 (0.026965)
energy : -0.526792 (0.001212)

kinetic : 0.505399 (0.026491)
potential : -1.032217 (0.026715)
energy : -0.526817 (0.001193)

kinetic : 0.510516 (0.026571)
potential : -1.037166 (0.026756)
energy : -0.526650 (0.001186)

kinetic : 0.507794 (0.026300)
potential : -1.034244 (0.026503)
energy : -0.526450 (0.001184)

kinetic : 0.512700 (0.026359)
potential : -1.039321 (0.026587)
energy : -0.526622 (0.001179)

kinetic : 0.517135 (0.026339)
potential : -1.043873 (0.026580)
energy : -0.526738 (0.001167)

kinetic : 0.520113 (0.026119)
potential : -1.046872 (0.026357)
energy : -0.526759 (0.001150)

kinetic : 0.516397 (0.026005)
potential : -1.043145 (0.026239)
energy : -0.526749 (0.001133)

kinetic : 0.514961 (0.025671)
potential : -1.041759 (0.025898)
energy : -0.526798 (0.001118)

kinetic : 0.513672 (0.025339)
potential : -1.040388 (0.025568)
energy : -0.526716 (0.001105)

kinetic : 0.511887 (0.025049)
potential : -1.038591 (0.025274)
energy : -0.526704 (0.001090)

kinetic : 0.514809 (0.024875)
potential : -1.041309 (0.025073)
energy : -0.526500 (0.001094)

kinetic : 0.510011 (0.025002)
potential : -1.036374 (0.025220)
energy : -0.526363 (0.001087)

kinetic : 0.506572 (0.024905)
potential : -1.033101 (0.025096)
energy : -0.526528 (0.001085)

kinetic : 0.503433 (0.024775)
potential : -1.029969 (0.024960)
energy : -0.526536 (0.001071)

kinetic : 0.503327 (0.024451)
potential : -1.030010 (0.024634)
energy : -0.526683 (0.001067)

kinetic : 0.504654 (0.024172)
potential : -1.031260 (0.024348)
energy : -0.526606 (0.001056)

kinetic : 0.510196 (0.024499)
potential : -1.036903 (0.024692)
energy : -0.526707 (0.001048)

kinetic : 0.511460 (0.024224)
potential : -1.038050 (0.024408)
energy : -0.526590 (0.001041)

kinetic : 0.511082 (0.023926)
potential : -1.037858 (0.024106)
energy : -0.526776 (0.001045)

kinetic : 0.510094 (0.023653)
potential : -1.036810 (0.023833)
energy : -0.526716 (0.001034)

kinetic : 0.507942 (0.023465)
potential : -1.034666 (0.023641)
energy : -0.526724 (0.001021)

kinetic : 0.513990 (0.023960)
potential : -1.040890 (0.024173)
energy : -0.526900 (0.001024)

kinetic : 0.514554 (0.023683)
potential : -1.041330 (0.023891)
energy : -0.526776 (0.001020)

kinetic : 0.512910 (0.023464)
potential : -1.039699 (0.023668)
energy : -0.526789 (0.001008)

kinetic : 0.510628 (0.023304)
potential : -1.037426 (0.023504)
energy : -0.526798 (0.000996)

kinetic : 0.508616 (0.023126)
potential : -1.035454 (0.023319)
energy : -0.526838 (0.000986)

kinetic : 0.510230 (0.022922)
potential : -1.037116 (0.023116)
energy : -0.526886 (0.000976)

kinetic : 0.509371 (0.022682)
potential : -1.036139 (0.022878)
energy : -0.526768 (0.000972)

kinetic : 0.508519 (0.022447)
potential : -1.035154 (0.022647)
energy : -0.526636 (0.000970)

kinetic : 0.506916 (0.022260)
potential : -1.033560 (0.022456)
energy : -0.526644 (0.000960)

kinetic : 0.506026 (0.022037)
potential : -1.032651 (0.022232)
energy : -0.526625 (0.000950)

kinetic : 0.504181 (0.021879)
potential : -1.030585 (0.022091)
energy : -0.526404 (0.000965)

kinetic : 0.502222 (0.021736)
potential : -1.028678 (0.021940)
energy : -0.526455 (0.000956)

kinetic : 0.499833 (0.021641)
potential : -1.026206 (0.021851)
energy : -0.526373 (0.000950)

kinetic : 0.499333 (0.021422)
potential : -1.025726 (0.021630)
energy : -0.526393 (0.000940)

kinetic : 0.496299 (0.021419)
potential : -1.022538 (0.021644)
energy : -0.526240 (0.000943)

kinetic : 0.500076 (0.021535)
potential : -1.026346 (0.021760)
energy : -0.526270 (0.000934)

kinetic : 0.499578 (0.021325)
potential : -1.025699 (0.021551)
energy : -0.526121 (0.000937)
         kinetic: 0.500(21), Sigma: 0.917, T_corr: 5.4
       potential: -1.026(22), Sigma: 0.922, T_corr: 5.5
          energy: -0.52612(94), Sigma: 0.045, T_corr: 4.4

For tau = 4.00e-01, acceptance ratio = 0.91
Time: 4.75s
