
kinetic : 0.560764 (inf)
potential : -1.083159 (inf)
energy : -0.522396 (inf)

kinetic : 0.550747 (inf)
potential : -1.093019 (inf)
energy : -0.542272 (inf)

kinetic : 0.484768 (0.065979)
potential : -1.015113 (0.077907)
energy : -0.530345 (0.011928)

kinetic : 0.505898 (0.043561)
potential : -1.034817 (0.049106)
energy : -0.528919 (0.007033)

kinetic : 0.505951 (0.030802)
potential : -1.037443 (0.034822)
energy : -0.531492 (0.005599)

kinetic : 0.489750 (0.028840)
potential : -1.020339 (0.031939)
energy : -0.530588 (0.004430)

kinetic : 0.511330 (0.031940)
potential : -1.041004 (0.033274)
energy : -0.529674 (0.003731)

kinetic : 0.502127 (0.028520)
potential : -1.027946 (0.031005)
energy : -0.525819 (0.004981)

kinetic : 0.539407 (0.044719)
potential : -1.062732 (0.043944)
energy : -0.523326 (0.004982)

kinetic : 0.524544 (0.042146)
potential : -1.048377 (0.041329)
energy : -0.523833 (0.004423)

kinetic : 0.521314 (0.037835)
potential : -1.045177 (0.037104)
energy : -0.523863 (0.003956)

kinetic : 0.531396 (0.035677)
potential : -1.055539 (0.035124)
energy : -0.524143 (0.003589)

kinetic : 0.513474 (0.037174)
potential : -1.037722 (0.036682)
energy : -0.524248 (0.003278)

kinetic : 0.517528 (0.034434)
potential : -1.042043 (0.034018)
energy : -0.524516 (0.003027)

kinetic : 0.531137 (0.034663)
potential : -1.056925 (0.034833)
energy : -0.525787 (0.003078)

kinetic : 0.530515 (0.032276)
potential : -1.056966 (0.032428)
energy : -0.526450 (0.002941)

kinetic : 0.517674 (0.032809)
potential : -1.044167 (0.032923)
energy : -0.526493 (0.002751)

kinetic : 0.505567 (0.033111)
potential : -1.031635 (0.033368)
energy : -0.526068 (0.002619)

kinetic : 0.503360 (0.031296)
potential : -1.028961 (0.031574)
energy : -0.525601 (0.002513)

kinetic : 0.487537 (0.033566)
potential : -1.013906 (0.033446)
energy : -0.526368 (0.002498)

kinetic : 0.479771 (0.032777)
potential : -1.006722 (0.032532)
energy : -0.526951 (0.002440)

kinetic : 0.482336 (0.031282)
potential : -1.008831 (0.031016)
energy : -0.526494 (0.002366)

kinetic : 0.468136 (0.033034)
potential : -0.994581 (0.032827)
energy : -0.526445 (0.002256)

kinetic : 0.456978 (0.033480)
potential : -0.983577 (0.033241)
energy : -0.526599 (0.002162)

kinetic : 0.466619 (0.033473)
potential : -0.993039 (0.033203)
energy : -0.526420 (0.002077)

kinetic : 0.460041 (0.032773)
potential : -0.986024 (0.032610)
energy : -0.525983 (0.002040)

kinetic : 0.451766 (0.032556)
potential : -0.977467 (0.032479)
energy : -0.525700 (0.001980)

kinetic : 0.455537 (0.031553)
potential : -0.981148 (0.031468)
energy : -0.525611 (0.001907)

kinetic : 0.452971 (0.030513)
potential : -0.978536 (0.030436)
energy : -0.525565 (0.001839)

kinetic : 0.453619 (0.029450)
potential : -0.979191 (0.029375)
energy : -0.525572 (0.001774)

kinetic : 0.457950 (0.028779)
potential : -0.983148 (0.028654)
energy : -0.525198 (0.001754)

kinetic : 0.468922 (0.029919)
potential : -0.994039 (0.029777)
energy : -0.525116 (0.001699)

kinetic : 0.468045 (0.028983)
potential : -0.993487 (0.028837)
energy : -0.525442 (0.001677)

kinetic : 0.463215 (0.028503)
potential : -0.988838 (0.028333)
energy : -0.525622 (0.001635)

kinetic : 0.460169 (0.027819)
potential : -0.985655 (0.027671)
energy : -0.525486 (0.001592)

kinetic : 0.462055 (0.027078)
potential : -0.987508 (0.026932)
energy : -0.525452 (0.001546)

kinetic : 0.455134 (0.027210)
potential : -0.980374 (0.027128)
energy : -0.525240 (0.001518)

kinetic : 0.456853 (0.026520)
potential : -0.982163 (0.026445)
energy : -0.525309 (0.001478)

kinetic : 0.454758 (0.025898)
potential : -0.980244 (0.025811)
energy : -0.525486 (0.001449)

kinetic : 0.459721 (0.025709)
potential : -0.985523 (0.025689)
energy : -0.525801 (0.001446)

kinetic : 0.461209 (0.025102)
potential : -0.987240 (0.025097)
energy : -0.526032 (0.001428)

kinetic : 0.462014 (0.024495)
potential : -0.988171 (0.024495)
energy : -0.526157 (0.001399)

kinetic : 0.459430 (0.024044)
potential : -0.985356 (0.024070)
energy : -0.525925 (0.001385)

kinetic : 0.458890 (0.023485)
potential : -0.985297 (0.023504)
energy : -0.526407 (0.001435)

kinetic : 0.474596 (0.027805)
potential : -1.001106 (0.027879)
energy : -0.526510 (0.001406)

kinetic : 0.478436 (0.027450)
potential : -1.004815 (0.027504)
energy : -0.526379 (0.001381)

kinetic : 0.478531 (0.026847)
potential : -1.005164 (0.026902)
energy : -0.526633 (0.001374)

kinetic : 0.480133 (0.026318)
potential : -1.006917 (0.026381)
energy : -0.526783 (0.001353)

kinetic : 0.480502 (0.025767)
potential : -1.007406 (0.025830)
energy : -0.526905 (0.001330)

kinetic : 0.477867 (0.025373)
potential : -1.004738 (0.025438)
energy : -0.526871 (0.001303)

kinetic : 0.480655 (0.025016)
potential : -1.007303 (0.025056)
energy : -0.526648 (0.001296)

kinetic : 0.477334 (0.024744)
potential : -1.003948 (0.024788)
energy : -0.526614 (0.001271)

kinetic : 0.484108 (0.025192)
potential : -1.010559 (0.025189)
energy : -0.526451 (0.001257)

kinetic : 0.487488 (0.024942)
potential : -1.014115 (0.024964)
energy : -0.526627 (0.001245)

kinetic : 0.482770 (0.024926)
potential : -1.009575 (0.024914)
energy : -0.526805 (0.001235)

kinetic : 0.490896 (0.025783)
potential : -1.017311 (0.025652)
energy : -0.526415 (0.001273)

kinetic : 0.491722 (0.025332)
potential : -1.018387 (0.025213)
energy : -0.526664 (0.001275)

kinetic : 0.487607 (0.025222)
potential : -1.014193 (0.025119)
energy : -0.526586 (0.001255)

kinetic : 0.484976 (0.024922)
potential : -1.011501 (0.024828)
energy : -0.526525 (0.001234)

kinetic : 0.480211 (0.024955)
potential : -1.006755 (0.024861)
energy : -0.526544 (0.001214)

kinetic : 0.484713 (0.024945)
potential : -1.011355 (0.024872)
energy : -0.526642 (0.001197)

kinetic : 0.486222 (0.024579)
potential : -1.012887 (0.024509)
energy : -0.526665 (0.001178)

kinetic : 0.487704 (0.024225)
potential : -1.014202 (0.024146)
energy : -0.526499 (0.001170)

kinetic : 0.485596 (0.023930)
potential : -1.012130 (0.023850)
energy : -0.526534 (0.001152)

kinetic : 0.489008 (0.023799)
potential : -1.015443 (0.023707)
energy : -0.526435 (0.001138)

kinetic : 0.487090 (0.023509)
potential : -1.013309 (0.023437)
energy : -0.526219 (0.001141)

kinetic : 0.490687 (0.023428)
potential : -1.016935 (0.023362)
energy : -0.526248 (0.001124)

kinetic : 0.493397 (0.023234)
potential : -1.020013 (0.023216)
energy : -0.526615 (0.001167)

kinetic : 0.492130 (0.022925)
potential : -1.018817 (0.022903)
energy : -0.526687 (0.001152)

kinetic : 0.489195 (0.022780)
potential : -1.015807 (0.022769)
energy : -0.526612 (0.001137)

kinetic : 0.488066 (0.022480)
potential : -1.014608 (0.022473)
energy : -0.526541 (0.001123)

kinetic : 0.485111 (0.022358)
potential : -1.011581 (0.022360)
energy : -0.526470 (0.001109)

kinetic : 0.483287 (0.022120)
potential : -1.009806 (0.022119)
energy : -0.526519 (0.001095)

kinetic : 0.485374 (0.021915)
potential : -1.011808 (0.021905)
energy : -0.526434 (0.001083)

kinetic : 0.485258 (0.021617)
potential : -1.011510 (0.021609)
energy : -0.526252 (0.001084)

kinetic : 0.483809 (0.021376)
potential : -1.010186 (0.021360)
energy : -0.526377 (0.001077)

kinetic : 0.486226 (0.021231)
potential : -1.012827 (0.021242)
energy : -0.526601 (0.001086)

kinetic : 0.488167 (0.021043)
potential : -1.014694 (0.021047)
energy : -0.526527 (0.001074)

kinetic : 0.487509 (0.020782)
potential : -1.014039 (0.020786)
energy : -0.526531 (0.001060)

kinetic : 0.491585 (0.020918)
potential : -1.018178 (0.020934)
energy : -0.526593 (0.001049)

kinetic : 0.492659 (0.020683)
potential : -1.019124 (0.020693)
energy : -0.526464 (0.001043)

kinetic : 0.494993 (0.020559)
potential : -1.021585 (0.020583)
energy : -0.526592 (0.001038)

kinetic : 0.492347 (0.020478)
potential : -1.019040 (0.020489)
energy : -0.526693 (0.001031)

kinetic : 0.493760 (0.020279)
potential : -1.020221 (0.020275)
energy : -0.526461 (0.001044)

kinetic : 0.499157 (0.020751)
potential : -1.025629 (0.020750)
energy : -0.526473 (0.001032)

kinetic : 0.501283 (0.020615)
potential : -1.027696 (0.020608)
energy : -0.526413 (0.001021)

kinetic : 0.500645 (0.020384)
potential : -1.027066 (0.020377)
energy : -0.526421 (0.001009)

kinetic : 0.497662 (0.020368)
potential : -1.024065 (0.020364)
energy : -0.526404 (0.000998)

kinetic : 0.495386 (0.020263)
potential : -1.021791 (0.020259)
energy : -0.526405 (0.000986)

kinetic : 0.496297 (0.020055)
potential : -1.022721 (0.020052)
energy : -0.526424 (0.000976)

kinetic : 0.496615 (0.019833)
potential : -1.023091 (0.019831)
energy : -0.526475 (0.000966)

kinetic : 0.496532 (0.019614)
potential : -1.022980 (0.019612)
energy : -0.526448 (0.000956)

kinetic : 0.495621 (0.019421)
potential : -1.022132 (0.019416)
energy : -0.526511 (0.000947)

kinetic : 0.495101 (0.019218)
potential : -1.021569 (0.019215)
energy : -0.526468 (0.000938)

kinetic : 0.492541 (0.019184)
potential : -1.018859 (0.019201)
energy : -0.526319 (0.000940)

kinetic : 0.492728 (0.018982)
potential : -1.018998 (0.018999)
energy : -0.526269 (0.000931)

kinetic : 0.492081 (0.018795)
potential : -1.018304 (0.018812)
energy : -0.526223 (0.000923)

kinetic : 0.492631 (0.018608)
potential : -1.018748 (0.018623)
energy : -0.526117 (0.000919)

kinetic : 0.494344 (0.018497)
potential : -1.020465 (0.018512)
energy : -0.526121 (0.000910)

kinetic : 0.497953 (0.018661)
potential : -1.024032 (0.018668)
energy : -0.526079 (0.000902)

kinetic : 0.497466 (0.018480)
potential : -1.023473 (0.018489)
energy : -0.526007 (0.000895)
         kinetic: 0.497(18), Sigma: 0.822, T_corr: 5.0
       potential: -1.023(18), Sigma: 0.827, T_corr: 5.0
          energy: -0.52601(90), Sigma: 0.047, T_corr: 3.7

For tau = 6.00e-01, acceptance ratio = 0.84
Time: 4.98s
