
kinetic : 0.578366 (inf)
potential : -1.108081 (inf)
energy : -0.529716 (inf)

kinetic : 0.495434 (inf)
potential : -1.031448 (inf)
energy : -0.536013 (inf)

kinetic : 0.470332 (0.025102)
potential : -1.001656 (0.029792)
energy : -0.531324 (0.004689)

kinetic : 0.515713 (0.047639)
potential : -1.046626 (0.048147)
energy : -0.530913 (0.002738)

kinetic : 0.533715 (0.038195)
potential : -1.065606 (0.038978)
energy : -0.531891 (0.002169)

kinetic : 0.509437 (0.038272)
potential : -1.039391 (0.039985)
energy : -0.529954 (0.002564)

kinetic : 0.522413 (0.033836)
potential : -1.050607 (0.034521)
energy : -0.528194 (0.002735)

kinetic : 0.514704 (0.029617)
potential : -1.037875 (0.031832)
energy : -0.523171 (0.005529)

kinetic : 0.547891 (0.041944)
potential : -1.071794 (0.043709)
energy : -0.523902 (0.004844)

kinetic : 0.526319 (0.042822)
potential : -1.051366 (0.043626)
energy : -0.525047 (0.004422)

kinetic : 0.540853 (0.040966)
potential : -1.066279 (0.041773)
energy : -0.525426 (0.003973)

kinetic : 0.553982 (0.039312)
potential : -1.079530 (0.040041)
energy : -0.525547 (0.003596)

kinetic : 0.537778 (0.039376)
potential : -1.063133 (0.040061)
energy : -0.525355 (0.003289)

kinetic : 0.523073 (0.039092)
potential : -1.048747 (0.039560)
energy : -0.525674 (0.003042)

kinetic : 0.536969 (0.038768)
potential : -1.064088 (0.039708)
energy : -0.527119 (0.003165)

kinetic : 0.534519 (0.036174)
potential : -1.062005 (0.037025)
energy : -0.527486 (0.002969)

kinetic : 0.532047 (0.033928)
potential : -1.059963 (0.034694)
energy : -0.527915 (0.002811)

kinetic : 0.527268 (0.032226)
potential : -1.054653 (0.033019)
energy : -0.527386 (0.002693)

kinetic : 0.514761 (0.032856)
potential : -1.041853 (0.033659)
energy : -0.527092 (0.002556)

kinetic : 0.500725 (0.034102)
potential : -1.028393 (0.034567)
energy : -0.527667 (0.002485)

kinetic : 0.499533 (0.032374)
potential : -1.027804 (0.032798)
energy : -0.528271 (0.002433)

kinetic : 0.495218 (0.031094)
potential : -1.022706 (0.031611)
energy : -0.527488 (0.002444)

kinetic : 0.481033 (0.032866)
potential : -1.008337 (0.033390)
energy : -0.527304 (0.002337)

kinetic : 0.471238 (0.032897)
potential : -0.999070 (0.033224)
energy : -0.527832 (0.002295)

kinetic : 0.478083 (0.032232)
potential : -1.005957 (0.032547)
energy : -0.527874 (0.002197)

kinetic : 0.473684 (0.031227)
potential : -1.001088 (0.031595)
energy : -0.527403 (0.002160)

kinetic : 0.464904 (0.031260)
potential : -0.991897 (0.031716)
energy : -0.526994 (0.002115)

kinetic : 0.472459 (0.031015)
potential : -0.999188 (0.031378)
energy : -0.526729 (0.002052)

kinetic : 0.469366 (0.030046)
potential : -0.995864 (0.030419)
energy : -0.526498 (0.001991)

kinetic : 0.472091 (0.029119)
potential : -0.998274 (0.029450)
energy : -0.526183 (0.001947)

kinetic : 0.472318 (0.028133)
potential : -0.998409 (0.028451)
energy : -0.526091 (0.001883)

kinetic : 0.482684 (0.029118)
potential : -1.008802 (0.029415)
energy : -0.526119 (0.001821)

kinetic : 0.483031 (0.028195)
potential : -1.009522 (0.028490)
energy : -0.526492 (0.001803)

kinetic : 0.478374 (0.027721)
potential : -1.004965 (0.027987)
energy : -0.526591 (0.001750)

kinetic : 0.476454 (0.026962)
potential : -1.003301 (0.027203)
energy : -0.526847 (0.001717)

kinetic : 0.478656 (0.026273)
potential : -1.005387 (0.026496)
energy : -0.526731 (0.001671)

kinetic : 0.472756 (0.026205)
potential : -0.999216 (0.026479)
energy : -0.526460 (0.001647)

kinetic : 0.477562 (0.025936)
potential : -1.004100 (0.026212)
energy : -0.526538 (0.001603)

kinetic : 0.480265 (0.025389)
potential : -1.006903 (0.025667)
energy : -0.526638 (0.001564)

kinetic : 0.478597 (0.024786)
potential : -1.004848 (0.025084)
energy : -0.526251 (0.001572)

kinetic : 0.484352 (0.024834)
potential : -1.010587 (0.025114)
energy : -0.526234 (0.001532)

kinetic : 0.496864 (0.027262)
potential : -1.022452 (0.027216)
energy : -0.525588 (0.001628)

kinetic : 0.492025 (0.027041)
potential : -1.017346 (0.027046)
energy : -0.525322 (0.001611)

kinetic : 0.492537 (0.026410)
potential : -1.017922 (0.026416)
energy : -0.525385 (0.001574)

kinetic : 0.521625 (0.038883)
potential : -1.046888 (0.038796)
energy : -0.525263 (0.001543)

kinetic : 0.524067 (0.038088)
potential : -1.049216 (0.037996)
energy : -0.525149 (0.001512)

kinetic : 0.524398 (0.037252)
potential : -1.049458 (0.037161)
energy : -0.525059 (0.001482)

kinetic : 0.525848 (0.036479)
potential : -1.050731 (0.036384)
energy : -0.524883 (0.001461)

kinetic : 0.522819 (0.035840)
potential : -1.047712 (0.035746)
energy : -0.524893 (0.001430)

kinetic : 0.520697 (0.035165)
potential : -1.045568 (0.035075)
energy : -0.524871 (0.001401)

kinetic : 0.517854 (0.034571)
potential : -1.042493 (0.034503)
energy : -0.524639 (0.001392)

kinetic : 0.513966 (0.034109)
potential : -1.038700 (0.034032)
energy : -0.524734 (0.001368)

kinetic : 0.517413 (0.033624)
potential : -1.042096 (0.033543)
energy : -0.524683 (0.001342)

kinetic : 0.522935 (0.033442)
potential : -1.047677 (0.033374)
energy : -0.524742 (0.001318)

kinetic : 0.523349 (0.032820)
potential : -1.048549 (0.032762)
energy : -0.525200 (0.001372)

kinetic : 0.523267 (0.032217)
potential : -1.048526 (0.032161)
energy : -0.525259 (0.001348)

kinetic : 0.522969 (0.031638)
potential : -1.048380 (0.031582)
energy : -0.525410 (0.001332)

kinetic : 0.520918 (0.031146)
potential : -1.046375 (0.031087)
energy : -0.525457 (0.001309)

kinetic : 0.518508 (0.030699)
potential : -1.043847 (0.030651)
energy : -0.525340 (0.001292)

kinetic : 0.512490 (0.030768)
potential : -1.037857 (0.030717)
energy : -0.525368 (0.001270)

kinetic : 0.511748 (0.030260)
potential : -1.037280 (0.030206)
energy : -0.525532 (0.001260)

kinetic : 0.514183 (0.029860)
potential : -1.039905 (0.029822)
energy : -0.525722 (0.001253)

kinetic : 0.513891 (0.029375)
potential : -1.039476 (0.029340)
energy : -0.525585 (0.001240)

kinetic : 0.511038 (0.029046)
potential : -1.036656 (0.029008)
energy : -0.525618 (0.001221)

kinetic : 0.515290 (0.028903)
potential : -1.040824 (0.028854)
energy : -0.525535 (0.001205)

kinetic : 0.512943 (0.028551)
potential : -1.038262 (0.028522)
energy : -0.525319 (0.001206)

kinetic : 0.517775 (0.028528)
potential : -1.043205 (0.028518)
energy : -0.525430 (0.001192)

kinetic : 0.518920 (0.028122)
potential : -1.044409 (0.028115)
energy : -0.525488 (0.001176)

kinetic : 0.517795 (0.027728)
potential : -1.043300 (0.027721)
energy : -0.525505 (0.001158)

kinetic : 0.515043 (0.027462)
potential : -1.040369 (0.027473)
energy : -0.525326 (0.001156)

kinetic : 0.513034 (0.027141)
potential : -1.038399 (0.027149)
energy : -0.525364 (0.001140)

kinetic : 0.511148 (0.026822)
potential : -1.036611 (0.026824)
energy : -0.525463 (0.001128)

kinetic : 0.509421 (0.026504)
potential : -1.034926 (0.026502)
energy : -0.525505 (0.001113)

kinetic : 0.511005 (0.026186)
potential : -1.036486 (0.026183)
energy : -0.525481 (0.001098)

kinetic : 0.511095 (0.025830)
potential : -1.036554 (0.025827)
energy : -0.525459 (0.001083)

kinetic : 0.507729 (0.025704)
potential : -1.033230 (0.025696)
energy : -0.525500 (0.001069)

kinetic : 0.506632 (0.025388)
potential : -1.032129 (0.025380)
energy : -0.525496 (0.001055)

kinetic : 0.509064 (0.025174)
potential : -1.034853 (0.025196)
energy : -0.525789 (0.001082)

kinetic : 0.508892 (0.024849)
potential : -1.034687 (0.024871)
energy : -0.525795 (0.001068)

kinetic : 0.512531 (0.024801)
potential : -1.038370 (0.024829)
energy : -0.525839 (0.001055)

kinetic : 0.514171 (0.024544)
potential : -1.039888 (0.024564)
energy : -0.525716 (0.001049)

kinetic : 0.515137 (0.024258)
potential : -1.040638 (0.024270)
energy : -0.525502 (0.001058)

kinetic : 0.513933 (0.023991)
potential : -1.039524 (0.023998)
energy : -0.525591 (0.001049)

kinetic : 0.512240 (0.023761)
potential : -1.037836 (0.023767)
energy : -0.525596 (0.001036)

kinetic : 0.518436 (0.024280)
potential : -1.043962 (0.024269)
energy : -0.525526 (0.001026)

kinetic : 0.520230 (0.024060)
potential : -1.045623 (0.024039)
energy : -0.525393 (0.001022)

kinetic : 0.520617 (0.023781)
potential : -1.046101 (0.023763)
energy : -0.525484 (0.001015)

kinetic : 0.517716 (0.023685)
potential : -1.043231 (0.023663)
energy : -0.525515 (0.001003)

kinetic : 0.515434 (0.023525)
potential : -1.041008 (0.023498)
energy : -0.525573 (0.000994)

kinetic : 0.515054 (0.023262)
potential : -1.040663 (0.023235)
energy : -0.525609 (0.000983)

kinetic : 0.514261 (0.023016)
potential : -1.039929 (0.022987)
energy : -0.525669 (0.000974)

kinetic : 0.513306 (0.022782)
potential : -1.038974 (0.022753)
energy : -0.525668 (0.000963)

kinetic : 0.511450 (0.022609)
potential : -1.037087 (0.022583)
energy : -0.525637 (0.000953)

kinetic : 0.509571 (0.022443)
potential : -1.035230 (0.022416)
energy : -0.525659 (0.000943)

kinetic : 0.507899 (0.022266)
potential : -1.033405 (0.022251)
energy : -0.525506 (0.000945)

kinetic : 0.505793 (0.022131)
potential : -1.031389 (0.022108)
energy : -0.525596 (0.000940)

kinetic : 0.510354 (0.022369)
potential : -1.035921 (0.022341)
energy : -0.525567 (0.000930)

kinetic : 0.512253 (0.022218)
potential : -1.037861 (0.022194)
energy : -0.525608 (0.000921)

kinetic : 0.512016 (0.021992)
potential : -1.037564 (0.021969)
energy : -0.525548 (0.000914)

kinetic : 0.519422 (0.022994)
potential : -1.044928 (0.022959)
energy : -0.525507 (0.000906)

kinetic : 0.518807 (0.022771)
potential : -1.044221 (0.022739)
energy : -0.525414 (0.000901)
         kinetic: 0.519(23), Sigma: 1.027, T_corr: 4.9
       potential: -1.044(23), Sigma: 1.032, T_corr: 4.9
          energy: -0.52541(90), Sigma: 0.046, T_corr: 3.8

For tau = 5.00e-01, acceptance ratio = 0.88
Time: 4.75s
