
kinetic : 2.882572 (inf)
potential : -5.786251 (inf)
energy : -2.903679 (inf)

kinetic : 3.088932 (inf)
potential : -5.997885 (inf)
energy : -2.908953 (inf)

kinetic : 3.085839 (0.003319)
potential : -5.981735 (0.017334)
energy : -2.895895 (0.014014)

kinetic : 3.037831 (0.045498)
potential : -5.938118 (0.042449)
energy : -2.900287 (0.008952)

kinetic : 3.067522 (0.043933)
potential : -5.965303 (0.040636)
energy : -2.897781 (0.006814)

kinetic : 3.067567 (0.033804)
potential : -5.966120 (0.031277)
energy : -2.898553 (0.005296)

kinetic : 3.033901 (0.042180)
potential : -5.934729 (0.039203)
energy : -2.900828 (0.004805)

kinetic : 3.025724 (0.036186)
potential : -5.927538 (0.033551)
energy : -2.901814 (0.004134)

kinetic : 3.025149 (0.031416)
potential : -5.926553 (0.029141)
energy : -2.901403 (0.003613)

kinetic : 3.018948 (0.028482)
potential : -5.920418 (0.026509)
energy : -2.901469 (0.003194)

kinetic : 3.016283 (0.025663)
potential : -5.917301 (0.023964)
energy : -2.901018 (0.002898)

kinetic : 3.026671 (0.025417)
potential : -5.927430 (0.023913)
energy : -2.900759 (0.002633)

kinetic : 3.027518 (0.023286)
potential : -5.927759 (0.021895)
energy : -2.900241 (0.002470)

kinetic : 3.029308 (0.021588)
potential : -5.928891 (0.020256)
energy : -2.899584 (0.002384)

kinetic : 3.037254 (0.021556)
potential : -5.936984 (0.020475)
energy : -2.899730 (0.002213)

kinetic : 3.034832 (0.020176)
potential : -5.934698 (0.019162)
energy : -2.899866 (0.002062)

kinetic : 3.021682 (0.022911)
potential : -5.921978 (0.021891)
energy : -2.900296 (0.001973)

kinetic : 3.033537 (0.024686)
potential : -5.933527 (0.023698)
energy : -2.899990 (0.001881)

kinetic : 3.035897 (0.023397)
potential : -5.935696 (0.022451)
energy : -2.899799 (0.001784)

kinetic : 3.033849 (0.022285)
potential : -5.933171 (0.021448)
energy : -2.899322 (0.001763)

kinetic : 3.037447 (0.021398)
potential : -5.936947 (0.020647)
energy : -2.899500 (0.001679)

kinetic : 3.036820 (0.020378)
potential : -5.936389 (0.019660)
energy : -2.899570 (0.001600)

kinetic : 3.037302 (0.019423)
potential : -5.936742 (0.018737)
energy : -2.899440 (0.001530)

kinetic : 3.041196 (0.019017)
potential : -5.940467 (0.018338)
energy : -2.899270 (0.001474)

kinetic : 3.039883 (0.018256)
potential : -5.939265 (0.017600)
energy : -2.899382 (0.001416)

kinetic : 3.043287 (0.017836)
potential : -5.942654 (0.017216)
energy : -2.899367 (0.001358)

kinetic : 3.039588 (0.017484)
potential : -5.939055 (0.016882)
energy : -2.899467 (0.001307)

kinetic : 3.036293 (0.017225)
potential : -5.935355 (0.016753)
energy : -2.899061 (0.001332)

kinetic : 3.042523 (0.017697)
potential : -5.941716 (0.017319)
energy : -2.899193 (0.001290)

kinetic : 3.043565 (0.017124)
potential : -5.942577 (0.016748)
energy : -2.899011 (0.001259)

kinetic : 3.040965 (0.016696)
potential : -5.940548 (0.016265)
energy : -2.899583 (0.001330)

kinetic : 3.040251 (0.016146)
potential : -5.939706 (0.015735)
energy : -2.899455 (0.001291)

kinetic : 3.039930 (0.015641)
potential : -5.939419 (0.015243)
energy : -2.899489 (0.001250)

kinetic : 3.034910 (0.015810)
potential : -5.935046 (0.015275)
energy : -2.900136 (0.001347)

kinetic : 3.037814 (0.015658)
potential : -5.937696 (0.015098)
energy : -2.899882 (0.001335)

kinetic : 3.037163 (0.015225)
potential : -5.936988 (0.014684)
energy : -2.899825 (0.001298)

kinetic : 3.038379 (0.014859)
potential : -5.937850 (0.014308)
energy : -2.899471 (0.001314)

kinetic : 3.040214 (0.014608)
potential : -5.939562 (0.014058)
energy : -2.899348 (0.001287)

kinetic : 3.040778 (0.014216)
potential : -5.940331 (0.013691)
energy : -2.899552 (0.001267)

kinetic : 3.043261 (0.014017)
potential : -5.943065 (0.013557)
energy : -2.899804 (0.001254)

kinetic : 3.044292 (0.013709)
potential : -5.943921 (0.013248)
energy : -2.899629 (0.001236)

kinetic : 3.039825 (0.014144)
potential : -5.939382 (0.013745)
energy : -2.899557 (0.001209)

kinetic : 3.040612 (0.013810)
potential : -5.940283 (0.013428)
energy : -2.899671 (0.001183)

kinetic : 3.040039 (0.013484)
potential : -5.939989 (0.013103)
energy : -2.899950 (0.001185)

kinetic : 3.042012 (0.013314)
potential : -5.942100 (0.012967)
energy : -2.900088 (0.001166)

kinetic : 3.044191 (0.013169)
potential : -5.944361 (0.012847)
energy : -2.900170 (0.001141)

kinetic : 3.044443 (0.012882)
potential : -5.944523 (0.012567)
energy : -2.900079 (0.001120)

kinetic : 3.044242 (0.012607)
potential : -5.944447 (0.012297)
energy : -2.900205 (0.001103)

kinetic : 3.045085 (0.012377)
potential : -5.945105 (0.012062)
energy : -2.900020 (0.001097)

kinetic : 3.045176 (0.012139)
potential : -5.945142 (0.011829)
energy : -2.899966 (0.001077)

kinetic : 3.044347 (0.011919)
potential : -5.944230 (0.011622)
energy : -2.899883 (0.001058)

kinetic : 3.040170 (0.012274)
potential : -5.940515 (0.011871)
energy : -2.900344 (0.001118)

kinetic : 3.041296 (0.012102)
potential : -5.941528 (0.011697)
energy : -2.900232 (0.001104)

kinetic : 3.041468 (0.011871)
potential : -5.941674 (0.011474)
energy : -2.900205 (0.001083)

kinetic : 3.041338 (0.011637)
potential : -5.941807 (0.011248)
energy : -2.900469 (0.001090)

kinetic : 3.038316 (0.011798)
potential : -5.938830 (0.011418)
energy : -2.900514 (0.001071)

kinetic : 3.040233 (0.011780)
potential : -5.940492 (0.011366)
energy : -2.900258 (0.001088)

kinetic : 3.040770 (0.011588)
potential : -5.941021 (0.011181)
energy : -2.900252 (0.001069)

kinetic : 3.039558 (0.011440)
potential : -5.939894 (0.011034)
energy : -2.900336 (0.001053)

kinetic : 3.041202 (0.011355)
potential : -5.941617 (0.010972)
energy : -2.900414 (0.001037)

kinetic : 3.037776 (0.011622)
potential : -5.938398 (0.011206)
energy : -2.900621 (0.001038)

kinetic : 3.037975 (0.011432)
potential : -5.938559 (0.011022)
energy : -2.900584 (0.001021)

kinetic : 3.034715 (0.011673)
potential : -5.935456 (0.011245)
energy : -2.900741 (0.001015)

kinetic : 3.036663 (0.011649)
potential : -5.937422 (0.011237)
energy : -2.900759 (0.000999)

kinetic : 3.037529 (0.011512)
potential : -5.938185 (0.011099)
energy : -2.900656 (0.000990)

kinetic : 3.037784 (0.011340)
potential : -5.938353 (0.010931)
energy : -2.900569 (0.000979)

kinetic : 3.037009 (0.011191)
potential : -5.937621 (0.010787)
energy : -2.900612 (0.000965)

kinetic : 3.034634 (0.011249)
potential : -5.935404 (0.010829)
energy : -2.900770 (0.000962)

kinetic : 3.034707 (0.011079)
potential : -5.935513 (0.010665)
energy : -2.900805 (0.000948)

kinetic : 3.036568 (0.011062)
potential : -5.937487 (0.010679)
energy : -2.900919 (0.000940)

kinetic : 3.038047 (0.010998)
potential : -5.938969 (0.010625)
energy : -2.900922 (0.000927)

kinetic : 3.039062 (0.010895)
potential : -5.939965 (0.010527)
energy : -2.900903 (0.000914)

kinetic : 3.038384 (0.010762)
potential : -5.939296 (0.010400)
energy : -2.900911 (0.000901)

kinetic : 3.038791 (0.010620)
potential : -5.939769 (0.010266)
energy : -2.900977 (0.000891)

kinetic : 3.042792 (0.011219)
potential : -5.943700 (0.010868)
energy : -2.900908 (0.000882)

kinetic : 3.042931 (0.011069)
potential : -5.943890 (0.010723)
energy : -2.900959 (0.000871)

kinetic : 3.043543 (0.010934)
potential : -5.944647 (0.010602)
energy : -2.901104 (0.000871)

kinetic : 3.042425 (0.010833)
potential : -5.943736 (0.010490)
energy : -2.901311 (0.000880)

kinetic : 3.042805 (0.010700)
potential : -5.944086 (0.010361)
energy : -2.901281 (0.000870)

kinetic : 3.042621 (0.010568)
potential : -5.943839 (0.010234)
energy : -2.901218 (0.000861)

kinetic : 3.045214 (0.010754)
potential : -5.946481 (0.010447)
energy : -2.901268 (0.000852)

kinetic : 3.046277 (0.010665)
potential : -5.947592 (0.010368)
energy : -2.901314 (0.000842)

kinetic : 3.045440 (0.010567)
potential : -5.946806 (0.010271)
energy : -2.901366 (0.000833)

kinetic : 3.043757 (0.010579)
potential : -5.945036 (0.010305)
energy : -2.901279 (0.000828)

kinetic : 3.044145 (0.010463)
potential : -5.945399 (0.010192)
energy : -2.901254 (0.000819)

kinetic : 3.043815 (0.010347)
potential : -5.945040 (0.010080)
energy : -2.901225 (0.000810)

kinetic : 3.043804 (0.010227)
potential : -5.945004 (0.009963)
energy : -2.901200 (0.000801)

kinetic : 3.042124 (0.010246)
potential : -5.943387 (0.009978)
energy : -2.901263 (0.000794)

kinetic : 3.041254 (0.010167)
potential : -5.942476 (0.009907)
energy : -2.901222 (0.000786)

kinetic : 3.041263 (0.010055)
potential : -5.942522 (0.009799)
energy : -2.901260 (0.000778)

kinetic : 3.041984 (0.009961)
potential : -5.943299 (0.009712)
energy : -2.901315 (0.000771)

kinetic : 3.042089 (0.009856)
potential : -5.943297 (0.009609)
energy : -2.901208 (0.000771)

kinetic : 3.042072 (0.009754)
potential : -5.943181 (0.009510)
energy : -2.901109 (0.000770)

kinetic : 3.043347 (0.009749)
potential : -5.944413 (0.009503)
energy : -2.901066 (0.000763)

kinetic : 3.043007 (0.009645)
potential : -5.944223 (0.009398)
energy : -2.901216 (0.000768)

kinetic : 3.042679 (0.009548)
potential : -5.943854 (0.009306)
energy : -2.901175 (0.000761)

kinetic : 3.041467 (0.009512)
potential : -5.942760 (0.009261)
energy : -2.901293 (0.000761)

kinetic : 3.042688 (0.009490)
potential : -5.944029 (0.009250)
energy : -2.901341 (0.000755)

kinetic : 3.042427 (0.009395)
potential : -5.943802 (0.009157)
energy : -2.901375 (0.000748)

kinetic : 3.043516 (0.009375)
potential : -5.944835 (0.009134)
energy : -2.901320 (0.000743)

kinetic : 3.043683 (0.009283)
potential : -5.944953 (0.009044)
energy : -2.901270 (0.000737)
         kinetic: 3.0437(93), Sigma: 4.728, T_corr: 7.7
       potential: -5.9450(90), Sigma: 4.674, T_corr: 7.5
          energy: -2.90127(74), Sigma: 0.337, T_corr: 9.5

For tau = 5.00e-02, acceptance ratio = 0.94
Time: 651.45s
