
kinetic : 3.334127 (inf)
potential : -6.238774 (inf)
energy : -2.904647 (inf)

kinetic : 3.047973 (inf)
potential : -5.952865 (inf)
energy : -2.904892 (inf)

kinetic : 2.972408 (0.075034)
potential : -5.881216 (0.071145)
energy : -2.908808 (0.003889)

kinetic : 2.996442 (0.050283)
potential : -5.903882 (0.047615)
energy : -2.907441 (0.002670)

kinetic : 3.021788 (0.044499)
potential : -5.927659 (0.042000)
energy : -2.905872 (0.002507)

kinetic : 3.011229 (0.036168)
potential : -5.916545 (0.034500)
energy : -2.905315 (0.002027)

kinetic : 2.997186 (0.032551)
potential : -5.903053 (0.031090)
energy : -2.905867 (0.001738)

kinetic : 3.009408 (0.030328)
potential : -5.914902 (0.029042)
energy : -2.905495 (0.001523)

kinetic : 3.014288 (0.026707)
potential : -5.919754 (0.025608)
energy : -2.905466 (0.001319)

kinetic : 3.023563 (0.025103)
potential : -5.929828 (0.024499)
energy : -2.906265 (0.001391)

kinetic : 3.016965 (0.023427)
potential : -5.923537 (0.022821)
energy : -2.906573 (0.001283)

kinetic : 3.023903 (0.022196)
potential : -5.931009 (0.021843)
energy : -2.907106 (0.001269)

kinetic : 3.027992 (0.020867)
potential : -5.933815 (0.020298)
energy : -2.905823 (0.001810)

kinetic : 3.031189 (0.019518)
potential : -5.936728 (0.018953)
energy : -2.905539 (0.001694)

kinetic : 3.024595 (0.019497)
potential : -5.929205 (0.019402)
energy : -2.904610 (0.001866)

kinetic : 3.025019 (0.018229)
potential : -5.928820 (0.018139)
energy : -2.903801 (0.001945)

kinetic : 3.028920 (0.017520)
potential : -5.932610 (0.017413)
energy : -2.903689 (0.001824)

kinetic : 3.035884 (0.017957)
potential : -5.938861 (0.017586)
energy : -2.902976 (0.001865)

kinetic : 3.032811 (0.017244)
potential : -5.935348 (0.016989)
energy : -2.902537 (0.001817)

kinetic : 3.031185 (0.016391)
potential : -5.933659 (0.016158)
energy : -2.902474 (0.001720)

kinetic : 3.037750 (0.016933)
potential : -5.939840 (0.016577)
energy : -2.902090 (0.001679)

kinetic : 3.040247 (0.016316)
potential : -5.942054 (0.015938)
energy : -2.901806 (0.001624)

kinetic : 3.043989 (0.015908)
potential : -5.946114 (0.015628)
energy : -2.902125 (0.001573)

kinetic : 3.046817 (0.015452)
potential : -5.948790 (0.015163)
energy : -2.901973 (0.001510)

kinetic : 3.045012 (0.014863)
potential : -5.947382 (0.014548)
energy : -2.902370 (0.001491)

kinetic : 3.043806 (0.014270)
potential : -5.946666 (0.013940)
energy : -2.902860 (0.001501)

kinetic : 3.042647 (0.013729)
potential : -5.945867 (0.013390)
energy : -2.903220 (0.001479)

kinetic : 3.046048 (0.013617)
potential : -5.949291 (0.013307)
energy : -2.903243 (0.001423)

kinetic : 3.041187 (0.013913)
potential : -5.944745 (0.013531)
energy : -2.903558 (0.001402)

kinetic : 3.044328 (0.013823)
potential : -5.947562 (0.013388)
energy : -2.903234 (0.001395)

kinetic : 3.042088 (0.013535)
potential : -5.945391 (0.013109)
energy : -2.903303 (0.001349)

kinetic : 3.041074 (0.013124)
potential : -5.944391 (0.012713)
energy : -2.903317 (0.001304)

kinetic : 3.044349 (0.013128)
potential : -5.947527 (0.012707)
energy : -2.903178 (0.001271)

kinetic : 3.042135 (0.012914)
potential : -5.945388 (0.012499)
energy : -2.903253 (0.001234)

kinetic : 3.042028 (0.012536)
potential : -5.945116 (0.012136)
energy : -2.903089 (0.001209)

kinetic : 3.041269 (0.012196)
potential : -5.944300 (0.011812)
energy : -2.903032 (0.001176)

kinetic : 3.044676 (0.012432)
potential : -5.947364 (0.011968)
energy : -2.902688 (0.001203)

kinetic : 3.045159 (0.012098)
potential : -5.947933 (0.011651)
energy : -2.902774 (0.001173)

kinetic : 3.044849 (0.011768)
potential : -5.947754 (0.011331)
energy : -2.902904 (0.001148)

kinetic : 3.049162 (0.012267)
potential : -5.951970 (0.011835)
energy : -2.902808 (0.001122)

kinetic : 3.050525 (0.012035)
potential : -5.953327 (0.011616)
energy : -2.902802 (0.001094)

kinetic : 3.050537 (0.011728)
potential : -5.953567 (0.011322)
energy : -2.903029 (0.001089)

kinetic : 3.053775 (0.011930)
potential : -5.956534 (0.011472)
energy : -2.902759 (0.001099)

kinetic : 3.053331 (0.011656)
potential : -5.956114 (0.011209)
energy : -2.902783 (0.001073)

kinetic : 3.051018 (0.011599)
potential : -5.953975 (0.011138)
energy : -2.902956 (0.001061)

kinetic : 3.051981 (0.011394)
potential : -5.954721 (0.010926)
energy : -2.902740 (0.001063)

kinetic : 3.052880 (0.011192)
potential : -5.955405 (0.010719)
energy : -2.902525 (0.001064)

kinetic : 3.053638 (0.010972)
potential : -5.956154 (0.010509)
energy : -2.902515 (0.001041)

kinetic : 3.054111 (0.010755)
potential : -5.956499 (0.010297)
energy : -2.902389 (0.001027)

kinetic : 3.051424 (0.010857)
potential : -5.953930 (0.010395)
energy : -2.902506 (0.001012)

kinetic : 3.054347 (0.011081)
potential : -5.956633 (0.010581)
energy : -2.902286 (0.001019)

kinetic : 3.053028 (0.010931)
potential : -5.955460 (0.010429)
energy : -2.902432 (0.001009)

kinetic : 3.053701 (0.010743)
potential : -5.956068 (0.010247)
energy : -2.902367 (0.000991)

kinetic : 3.054561 (0.010581)
potential : -5.956773 (0.010084)
energy : -2.902212 (0.000986)

kinetic : 3.056285 (0.010524)
potential : -5.958542 (0.010050)
energy : -2.902256 (0.000969)

kinetic : 3.056999 (0.010358)
potential : -5.959214 (0.009891)
energy : -2.902215 (0.000952)

kinetic : 3.055469 (0.010278)
potential : -5.957724 (0.009819)
energy : -2.902255 (0.000935)

kinetic : 3.054408 (0.010141)
potential : -5.956827 (0.009677)
energy : -2.902419 (0.000931)

kinetic : 3.054382 (0.009962)
potential : -5.956735 (0.009507)
energy : -2.902354 (0.000917)

kinetic : 3.054819 (0.009802)
potential : -5.957211 (0.009357)
energy : -2.902393 (0.000903)

kinetic : 3.055753 (0.009682)
potential : -5.958090 (0.009241)
energy : -2.902338 (0.000889)

kinetic : 3.057720 (0.009744)
potential : -5.959895 (0.009285)
energy : -2.902175 (0.000891)

kinetic : 3.056305 (0.009687)
potential : -5.958455 (0.009244)
energy : -2.902150 (0.000877)

kinetic : 3.055345 (0.009575)
potential : -5.957598 (0.009132)
energy : -2.902253 (0.000868)

kinetic : 3.054258 (0.009485)
potential : -5.956436 (0.009061)
energy : -2.902178 (0.000858)

kinetic : 3.052042 (0.009577)
potential : -5.954284 (0.009157)
energy : -2.902242 (0.000846)

kinetic : 3.051522 (0.009443)
potential : -5.953773 (0.009029)
energy : -2.902251 (0.000833)

kinetic : 3.051165 (0.009304)
potential : -5.953415 (0.008897)
energy : -2.902250 (0.000820)

kinetic : 3.051245 (0.009164)
potential : -5.953515 (0.008764)
energy : -2.902269 (0.000808)

kinetic : 3.051096 (0.009034)
potential : -5.953251 (0.008643)
energy : -2.902154 (0.000805)

kinetic : 3.049886 (0.008986)
potential : -5.952050 (0.008603)
energy : -2.902163 (0.000794)

kinetic : 3.050432 (0.008873)
potential : -5.952640 (0.008498)
energy : -2.902208 (0.000784)

kinetic : 3.051444 (0.008815)
potential : -5.953564 (0.008437)
energy : -2.902119 (0.000778)

kinetic : 3.051684 (0.008698)
potential : -5.953761 (0.008325)
energy : -2.902077 (0.000769)

kinetic : 3.052354 (0.008601)
potential : -5.954454 (0.008236)
energy : -2.902101 (0.000759)

kinetic : 3.052709 (0.008493)
potential : -5.954820 (0.008134)
energy : -2.902111 (0.000748)

kinetic : 3.050610 (0.008637)
potential : -5.952709 (0.008296)
energy : -2.902099 (0.000739)

kinetic : 3.050718 (0.008529)
potential : -5.952673 (0.008192)
energy : -2.901955 (0.000744)

kinetic : 3.050179 (0.008434)
potential : -5.952247 (0.008096)
energy : -2.902068 (0.000743)

kinetic : 3.049215 (0.008375)
potential : -5.951360 (0.008035)
energy : -2.902144 (0.000737)

kinetic : 3.049422 (0.008274)
potential : -5.951515 (0.007937)
energy : -2.902093 (0.000730)

kinetic : 3.054105 (0.009515)
potential : -5.956074 (0.009164)
energy : -2.901969 (0.000732)

kinetic : 3.055939 (0.009601)
potential : -5.957778 (0.009233)
energy : -2.901839 (0.000737)

kinetic : 3.056688 (0.009515)
potential : -5.958545 (0.009154)
energy : -2.901857 (0.000728)

kinetic : 3.056840 (0.009410)
potential : -5.958514 (0.009052)
energy : -2.901674 (0.000746)

kinetic : 3.057735 (0.009340)
potential : -5.959449 (0.008991)
energy : -2.901714 (0.000739)

kinetic : 3.056215 (0.009332)
potential : -5.958080 (0.008971)
energy : -2.901865 (0.000743)

kinetic : 3.056742 (0.009244)
potential : -5.958534 (0.008883)
energy : -2.901792 (0.000738)

kinetic : 3.059210 (0.009468)
potential : -5.961042 (0.009135)
energy : -2.901832 (0.000731)

kinetic : 3.058346 (0.009400)
potential : -5.960142 (0.009076)
energy : -2.901796 (0.000724)

kinetic : 3.058387 (0.009295)
potential : -5.960147 (0.008975)
energy : -2.901760 (0.000716)

kinetic : 3.059868 (0.009316)
potential : -5.961517 (0.008986)
energy : -2.901649 (0.000717)

kinetic : 3.060295 (0.009227)
potential : -5.961902 (0.008899)
energy : -2.901606 (0.000711)

kinetic : 3.059123 (0.009194)
potential : -5.960789 (0.008864)
energy : -2.901666 (0.000706)

kinetic : 3.059239 (0.009092)
potential : -5.960939 (0.008767)
energy : -2.901700 (0.000699)

kinetic : 3.059145 (0.008994)
potential : -5.960859 (0.008673)
energy : -2.901714 (0.000691)

kinetic : 3.059529 (0.008908)
potential : -5.961296 (0.008592)
energy : -2.901768 (0.000686)

kinetic : 3.058832 (0.008829)
potential : -5.960814 (0.008506)
energy : -2.901982 (0.000705)

kinetic : 3.057908 (0.008781)
potential : -5.959940 (0.008458)
energy : -2.902032 (0.000699)

kinetic : 3.057575 (0.008700)
potential : -5.959571 (0.008382)
energy : -2.901996 (0.000693)

kinetic : 3.056917 (0.008629)
potential : -5.959071 (0.008306)
energy : -2.902154 (0.000702)
         kinetic: 3.0569(86), Sigma: 4.912, T_corr: 6.1
       potential: -5.9591(83), Sigma: 4.862, T_corr: 5.8
          energy: -2.90215(70), Sigma: 0.338, T_corr: 8.6

For tau = 1.00e-01, acceptance ratio = 0.87
Time: 626.87s
