
kinetic : 2.902863 (inf)
potential : -5.811035 (inf)
energy : -2.908172 (inf)

kinetic : 2.992095 (inf)
potential : -5.897493 (inf)
energy : -2.905397 (inf)

kinetic : 3.071063 (0.078383)
potential : -5.972140 (0.074095)
energy : -2.901077 (0.004288)

kinetic : 3.080708 (0.046064)
potential : -5.982727 (0.043868)
energy : -2.902019 (0.002635)

kinetic : 3.104791 (0.041142)
potential : -6.004975 (0.038757)
energy : -2.900184 (0.002665)

kinetic : 3.064385 (0.049774)
potential : -5.967364 (0.046556)
energy : -2.902979 (0.003357)

kinetic : 3.060370 (0.040835)
potential : -5.963686 (0.038187)
energy : -2.903316 (0.002761)

kinetic : 3.049425 (0.036304)
potential : -5.952680 (0.034197)
energy : -2.903254 (0.002338)

kinetic : 3.052171 (0.031625)
potential : -5.954932 (0.029761)
energy : -2.902761 (0.002090)

kinetic : 3.054193 (0.027940)
potential : -5.957224 (0.026324)
energy : -2.903030 (0.001861)

kinetic : 3.053274 (0.024975)
potential : -5.956892 (0.023518)
energy : -2.903618 (0.001761)

kinetic : 3.042249 (0.025322)
potential : -5.945115 (0.024519)
energy : -2.902866 (0.001774)

kinetic : 3.043580 (0.023138)
potential : -5.946691 (0.022423)
energy : -2.903110 (0.001637)

kinetic : 3.049148 (0.022021)
potential : -5.951910 (0.021296)
energy : -2.902762 (0.001546)

kinetic : 3.054175 (0.020994)
potential : -5.957102 (0.020384)
energy : -2.902926 (0.001441)

kinetic : 3.049699 (0.020099)
potential : -5.952347 (0.019614)
energy : -2.902647 (0.001373)

kinetic : 3.046046 (0.019167)
potential : -5.948634 (0.018734)
energy : -2.902588 (0.001286)

kinetic : 3.048044 (0.018147)
potential : -5.950390 (0.017715)
energy : -2.902347 (0.001235)

kinetic : 3.048290 (0.017111)
potential : -5.951097 (0.016717)
energy : -2.902807 (0.001252)

kinetic : 3.033123 (0.022068)
potential : -5.936168 (0.021635)
energy : -2.903045 (0.001207)

kinetic : 3.034395 (0.020968)
potential : -5.937459 (0.020559)
energy : -2.903064 (0.001145)

kinetic : 3.037846 (0.020183)
potential : -5.941195 (0.019848)
energy : -2.903349 (0.001121)

kinetic : 3.035859 (0.019340)
potential : -5.939125 (0.019031)
energy : -2.903266 (0.001072)

kinetic : 3.042199 (0.019535)
potential : -5.945522 (0.019275)
energy : -2.903323 (0.001026)

kinetic : 3.045408 (0.018975)
potential : -5.948805 (0.018742)
energy : -2.903397 (0.000985)

kinetic : 3.048648 (0.018501)
potential : -5.952010 (0.018275)
energy : -2.903362 (0.000946)

kinetic : 3.049947 (0.017815)
potential : -5.953251 (0.017595)
energy : -2.903304 (0.000910)

kinetic : 3.047657 (0.017273)
potential : -5.951179 (0.017037)
energy : -2.903522 (0.000901)

kinetic : 3.044140 (0.017025)
potential : -5.947561 (0.016824)
energy : -2.903422 (0.000874)

kinetic : 3.050615 (0.017586)
potential : -5.954225 (0.017473)
energy : -2.903611 (0.000862)

kinetic : 3.048068 (0.017178)
potential : -5.951731 (0.017062)
energy : -2.903664 (0.000835)

kinetic : 3.047618 (0.016638)
potential : -5.951114 (0.016531)
energy : -2.903496 (0.000827)

kinetic : 3.047429 (0.016114)
potential : -5.950808 (0.016013)
energy : -2.903379 (0.000809)

kinetic : 3.045211 (0.015757)
potential : -5.948657 (0.015651)
energy : -2.903446 (0.000786)

kinetic : 3.046048 (0.015315)
potential : -5.949397 (0.015207)
energy : -2.903350 (0.000770)

kinetic : 3.046322 (0.014880)
potential : -5.949645 (0.014775)
energy : -2.903323 (0.000748)

kinetic : 3.045674 (0.014487)
potential : -5.948885 (0.014390)
energy : -2.903211 (0.000737)

kinetic : 3.044023 (0.014170)
potential : -5.947424 (0.014057)
energy : -2.903401 (0.000739)

kinetic : 3.045349 (0.013866)
potential : -5.948738 (0.013755)
energy : -2.903389 (0.000720)

kinetic : 3.049584 (0.014142)
potential : -5.952968 (0.014038)
energy : -2.903383 (0.000701)

kinetic : 3.049974 (0.013785)
potential : -5.953325 (0.013682)
energy : -2.903351 (0.000684)

kinetic : 3.055408 (0.014477)
potential : -5.958787 (0.014394)
energy : -2.903380 (0.000668)

kinetic : 3.057741 (0.014332)
potential : -5.961055 (0.014242)
energy : -2.903315 (0.000655)

kinetic : 3.056289 (0.014076)
potential : -5.959544 (0.013995)
energy : -2.903255 (0.000643)

kinetic : 3.054495 (0.013862)
potential : -5.957943 (0.013760)
energy : -2.903447 (0.000656)

kinetic : 3.053746 (0.013571)
potential : -5.957276 (0.013467)
energy : -2.903530 (0.000646)

kinetic : 3.053218 (0.013289)
potential : -5.956737 (0.013188)
energy : -2.903519 (0.000633)

kinetic : 3.054126 (0.013025)
potential : -5.957860 (0.012943)
energy : -2.903735 (0.000653)

kinetic : 3.052571 (0.012850)
potential : -5.956202 (0.012783)
energy : -2.903631 (0.000648)

kinetic : 3.057151 (0.013447)
potential : -5.960646 (0.013337)
energy : -2.903496 (0.000650)

kinetic : 3.057939 (0.013202)
potential : -5.961289 (0.013087)
energy : -2.903350 (0.000654)

kinetic : 3.060113 (0.013111)
potential : -5.963526 (0.013010)
energy : -2.903412 (0.000644)

kinetic : 3.059547 (0.012873)
potential : -5.962927 (0.012775)
energy : -2.903381 (0.000632)

kinetic : 3.063369 (0.013170)
potential : -5.966930 (0.013130)
energy : -2.903560 (0.000644)

kinetic : 3.063239 (0.012928)
potential : -5.966695 (0.012890)
energy : -2.903456 (0.000641)

kinetic : 3.062294 (0.012729)
potential : -5.965710 (0.012695)
energy : -2.903416 (0.000631)

kinetic : 3.064253 (0.012663)
potential : -5.967606 (0.012620)
energy : -2.903353 (0.000623)

kinetic : 3.065710 (0.012524)
potential : -5.968968 (0.012471)
energy : -2.903258 (0.000619)

kinetic : 3.061963 (0.012874)
potential : -5.965296 (0.012802)
energy : -2.903333 (0.000613)

kinetic : 3.060265 (0.012750)
potential : -5.963670 (0.012672)
energy : -2.903404 (0.000606)

kinetic : 3.057253 (0.012884)
potential : -5.960756 (0.012787)
energy : -2.903503 (0.000604)

kinetic : 3.060361 (0.013060)
potential : -5.963800 (0.012952)
energy : -2.903439 (0.000598)

kinetic : 3.060401 (0.012847)
potential : -5.963857 (0.012741)
energy : -2.903457 (0.000588)

kinetic : 3.062071 (0.012745)
potential : -5.965491 (0.012637)
energy : -2.903420 (0.000580)

kinetic : 3.061481 (0.012550)
potential : -5.965022 (0.012439)
energy : -2.903541 (0.000582)

kinetic : 3.061125 (0.012362)
potential : -5.964589 (0.012255)
energy : -2.903464 (0.000578)

kinetic : 3.061713 (0.012185)
potential : -5.965249 (0.012084)
energy : -2.903536 (0.000574)

kinetic : 3.061408 (0.012010)
potential : -5.964889 (0.011911)
energy : -2.903481 (0.000568)

kinetic : 3.062676 (0.011902)
potential : -5.966141 (0.011804)
energy : -2.903465 (0.000560)

kinetic : 3.062213 (0.011743)
potential : -5.965574 (0.011651)
energy : -2.903361 (0.000563)

kinetic : 3.059686 (0.011853)
potential : -5.962977 (0.011781)
energy : -2.903290 (0.000559)

kinetic : 3.061995 (0.011898)
potential : -5.965375 (0.011845)
energy : -2.903381 (0.000558)

kinetic : 3.060616 (0.011818)
potential : -5.963945 (0.011772)
energy : -2.903329 (0.000553)

kinetic : 3.059532 (0.011710)
potential : -5.962869 (0.011664)
energy : -2.903337 (0.000545)

kinetic : 3.060099 (0.011568)
potential : -5.963434 (0.011523)
energy : -2.903335 (0.000538)

kinetic : 3.059308 (0.011443)
potential : -5.962617 (0.011400)
energy : -2.903309 (0.000532)

kinetic : 3.057829 (0.011383)
potential : -5.961268 (0.011326)
energy : -2.903439 (0.000540)

kinetic : 3.056003 (0.011375)
potential : -5.959483 (0.011313)
energy : -2.903480 (0.000534)

kinetic : 3.056461 (0.011234)
potential : -5.960047 (0.011177)
energy : -2.903586 (0.000538)

kinetic : 3.055716 (0.011118)
potential : -5.959287 (0.011063)
energy : -2.903572 (0.000531)

kinetic : 3.056057 (0.010985)
potential : -5.959551 (0.010928)
energy : -2.903494 (0.000530)

kinetic : 3.056075 (0.010851)
potential : -5.959563 (0.010795)
energy : -2.903488 (0.000524)

kinetic : 3.055466 (0.010736)
potential : -5.958921 (0.010682)
energy : -2.903455 (0.000518)

kinetic : 3.053078 (0.010885)
potential : -5.956527 (0.010836)
energy : -2.903449 (0.000512)

kinetic : 3.051771 (0.010835)
potential : -5.955195 (0.010790)
energy : -2.903424 (0.000507)

kinetic : 3.051167 (0.010728)
potential : -5.954555 (0.010685)
energy : -2.903389 (0.000502)

kinetic : 3.051005 (0.010601)
potential : -5.954458 (0.010558)
energy : -2.903452 (0.000500)

kinetic : 3.051296 (0.010484)
potential : -5.954662 (0.010439)
energy : -2.903366 (0.000502)

kinetic : 3.052014 (0.010386)
potential : -5.955469 (0.010349)
energy : -2.903455 (0.000504)

kinetic : 3.052184 (0.010270)
potential : -5.955664 (0.010233)
energy : -2.903480 (0.000499)

kinetic : 3.051697 (0.010169)
potential : -5.955136 (0.010135)
energy : -2.903439 (0.000495)

kinetic : 3.052090 (0.010059)
potential : -5.955637 (0.010029)
energy : -2.903548 (0.000500)

kinetic : 3.051579 (0.009959)
potential : -5.955150 (0.009929)
energy : -2.903571 (0.000495)

kinetic : 3.051627 (0.009850)
potential : -5.955204 (0.009821)
energy : -2.903577 (0.000490)

kinetic : 3.051955 (0.009750)
potential : -5.955531 (0.009721)
energy : -2.903577 (0.000484)

kinetic : 3.051427 (0.009663)
potential : -5.954949 (0.009638)
energy : -2.903522 (0.000483)

kinetic : 3.050339 (0.009618)
potential : -5.953917 (0.009587)
energy : -2.903578 (0.000481)

kinetic : 3.051539 (0.009593)
potential : -5.955189 (0.009571)
energy : -2.903651 (0.000481)

kinetic : 3.051560 (0.009492)
potential : -5.955296 (0.009472)
energy : -2.903736 (0.000483)

kinetic : 3.052006 (0.009406)
potential : -5.955723 (0.009385)
energy : -2.903717 (0.000479)

kinetic : 3.053042 (0.009369)
potential : -5.956714 (0.009343)
energy : -2.903672 (0.000476)
         kinetic: 3.0530(94), Sigma: 4.804, T_corr: 7.6
       potential: -5.9567(93), Sigma: 4.756, T_corr: 7.7
          energy: -2.90367(48), Sigma: 0.338, T_corr: 4.0

For tau = 2.50e-01, acceptance ratio = 0.65
Time: 769.21s
