
kinetic : 2.827704 (inf)
potential : -5.713668 (inf)
energy : -2.885964 (inf)

kinetic : 2.905580 (inf)
potential : -5.806977 (inf)
energy : -2.901398 (inf)

kinetic : 2.901525 (0.003940)
potential : -5.807193 (0.000210)
energy : -2.905668 (0.004149)

kinetic : 2.930709 (0.030220)
potential : -5.833571 (0.027236)
energy : -2.902862 (0.003775)

kinetic : 2.981944 (0.055344)
potential : -5.885390 (0.055111)
energy : -2.903446 (0.002729)

kinetic : 2.984688 (0.042997)
potential : -5.888180 (0.042820)
energy : -2.903492 (0.002116)

kinetic : 3.002430 (0.039328)
potential : -5.906696 (0.039556)
energy : -2.904266 (0.001893)

kinetic : 3.015228 (0.035612)
potential : -5.918970 (0.035607)
energy : -2.903742 (0.001683)

kinetic : 3.031658 (0.035251)
potential : -5.934501 (0.034815)
energy : -2.902843 (0.001730)

kinetic : 3.048895 (0.035642)
potential : -5.950667 (0.034787)
energy : -2.901772 (0.001870)

kinetic : 3.035040 (0.034556)
potential : -5.937597 (0.033557)
energy : -2.902557 (0.001836)

kinetic : 3.068768 (0.046379)
potential : -5.971196 (0.045676)
energy : -2.902428 (0.001668)

kinetic : 3.065163 (0.042604)
potential : -5.967015 (0.042020)
energy : -2.901851 (0.001638)

kinetic : 3.057755 (0.039937)
potential : -5.959475 (0.039434)
energy : -2.901721 (0.001514)

kinetic : 3.053588 (0.037139)
potential : -5.955619 (0.036645)
energy : -2.902030 (0.001432)

kinetic : 3.052900 (0.034558)
potential : -5.955254 (0.034094)
energy : -2.902354 (0.001370)

kinetic : 3.049927 (0.032468)
potential : -5.952003 (0.032063)
energy : -2.902076 (0.001312)

kinetic : 3.043157 (0.031209)
potential : -5.945501 (0.030781)
energy : -2.902343 (0.001260)

kinetic : 3.043401 (0.029402)
potential : -5.945632 (0.028997)
energy : -2.902231 (0.001192)

kinetic : 3.040251 (0.027951)
potential : -5.942771 (0.027541)
energy : -2.902520 (0.001161)

kinetic : 3.041643 (0.026504)
potential : -5.944453 (0.026132)
energy : -2.902810 (0.001134)

kinetic : 3.040266 (0.025185)
potential : -5.943594 (0.024812)
energy : -2.903328 (0.001184)

kinetic : 3.045518 (0.024653)
potential : -5.948594 (0.024249)
energy : -2.903076 (0.001160)

kinetic : 3.045986 (0.023569)
potential : -5.948864 (0.023179)
energy : -2.902879 (0.001126)

kinetic : 3.048307 (0.022697)
potential : -5.951228 (0.022330)
energy : -2.902920 (0.001080)

kinetic : 3.052424 (0.022165)
potential : -5.955113 (0.021777)
energy : -2.902689 (0.001062)

kinetic : 3.049534 (0.021528)
potential : -5.952024 (0.021187)
energy : -2.902490 (0.001042)

kinetic : 3.052925 (0.021013)
potential : -5.955164 (0.020649)
energy : -2.902239 (0.001035)

kinetic : 3.052421 (0.020247)
potential : -5.954716 (0.019895)
energy : -2.902295 (0.000998)

kinetic : 3.050002 (0.019671)
potential : -5.952313 (0.019332)
energy : -2.902312 (0.000963)

kinetic : 3.051587 (0.019067)
potential : -5.953748 (0.018729)
energy : -2.902161 (0.000942)

kinetic : 3.047117 (0.018942)
potential : -5.949439 (0.018587)
energy : -2.902322 (0.000924)

kinetic : 3.048604 (0.018417)
potential : -5.950822 (0.018066)
energy : -2.902219 (0.000902)

kinetic : 3.046492 (0.017977)
potential : -5.948732 (0.017636)
energy : -2.902240 (0.000875)

kinetic : 3.048677 (0.017582)
potential : -5.950783 (0.017237)
energy : -2.902105 (0.000859)

kinetic : 3.050100 (0.017120)
potential : -5.952224 (0.016789)
energy : -2.902123 (0.000834)

kinetic : 3.053343 (0.016950)
potential : -5.955449 (0.016630)
energy : -2.902106 (0.000811)

kinetic : 3.052799 (0.016495)
potential : -5.954929 (0.016184)
energy : -2.902130 (0.000789)

kinetic : 3.050208 (0.016258)
potential : -5.952290 (0.015966)
energy : -2.902082 (0.000769)

kinetic : 3.048197 (0.015963)
potential : -5.950259 (0.015684)
energy : -2.902061 (0.000750)

kinetic : 3.047388 (0.015578)
potential : -5.949387 (0.015310)
energy : -2.901999 (0.000733)

kinetic : 3.050941 (0.015580)
potential : -5.953002 (0.015339)
energy : -2.902061 (0.000717)

kinetic : 3.051754 (0.015241)
potential : -5.953672 (0.014999)
energy : -2.901918 (0.000716)

kinetic : 3.054126 (0.015066)
potential : -5.956025 (0.014829)
energy : -2.901899 (0.000699)

kinetic : 3.053365 (0.014736)
potential : -5.955236 (0.014507)
energy : -2.901871 (0.000684)

kinetic : 3.055258 (0.014549)
potential : -5.956894 (0.014296)
energy : -2.901636 (0.000712)

kinetic : 3.054983 (0.014229)
potential : -5.956706 (0.013980)
energy : -2.901722 (0.000701)

kinetic : 3.054958 (0.013927)
potential : -5.956566 (0.013683)
energy : -2.901607 (0.000696)

kinetic : 3.054510 (0.013646)
potential : -5.956107 (0.013408)
energy : -2.901596 (0.000682)

kinetic : 3.053688 (0.013389)
potential : -5.955281 (0.013157)
energy : -2.901593 (0.000668)

kinetic : 3.050542 (0.013487)
potential : -5.952201 (0.013251)
energy : -2.901659 (0.000658)

kinetic : 3.049915 (0.013240)
potential : -5.951497 (0.013013)
energy : -2.901582 (0.000650)

kinetic : 3.049957 (0.012995)
potential : -5.951462 (0.012772)
energy : -2.901505 (0.000643)

kinetic : 3.050221 (0.012744)
potential : -5.951835 (0.012528)
energy : -2.901614 (0.000639)

kinetic : 3.052013 (0.012627)
potential : -5.953661 (0.012422)
energy : -2.901648 (0.000628)

kinetic : 3.052721 (0.012416)
potential : -5.954243 (0.012208)
energy : -2.901522 (0.000629)

kinetic : 3.051159 (0.012286)
potential : -5.952791 (0.012070)
energy : -2.901631 (0.000627)

kinetic : 3.055581 (0.012831)
potential : -5.957284 (0.012656)
energy : -2.901703 (0.000620)

kinetic : 3.056590 (0.012658)
potential : -5.958202 (0.012480)
energy : -2.901612 (0.000617)

kinetic : 3.055956 (0.012453)
potential : -5.957640 (0.012274)
energy : -2.901684 (0.000610)

kinetic : 3.057542 (0.012357)
potential : -5.959068 (0.012162)
energy : -2.901527 (0.000622)

kinetic : 3.056433 (0.012192)
potential : -5.958062 (0.011993)
energy : -2.901629 (0.000619)

kinetic : 3.054835 (0.012097)
potential : -5.956510 (0.011897)
energy : -2.901676 (0.000611)

kinetic : 3.052713 (0.012078)
potential : -5.954477 (0.011869)
energy : -2.901764 (0.000607)

kinetic : 3.051827 (0.011919)
potential : -5.953581 (0.011715)
energy : -2.901754 (0.000597)

kinetic : 3.053495 (0.011859)
potential : -5.955189 (0.011651)
energy : -2.901694 (0.000591)

kinetic : 3.055440 (0.011854)
potential : -5.957075 (0.011642)
energy : -2.901635 (0.000586)

kinetic : 3.053975 (0.011756)
potential : -5.955703 (0.011538)
energy : -2.901728 (0.000584)

kinetic : 3.053720 (0.011582)
potential : -5.955516 (0.011366)
energy : -2.901796 (0.000579)

kinetic : 3.053353 (0.011414)
potential : -5.955141 (0.011202)
energy : -2.901788 (0.000570)

kinetic : 3.052273 (0.011302)
potential : -5.954066 (0.011094)
energy : -2.901794 (0.000562)

kinetic : 3.051554 (0.011159)
potential : -5.953388 (0.010951)
energy : -2.901834 (0.000555)

kinetic : 3.051594 (0.011002)
potential : -5.953373 (0.010797)
energy : -2.901779 (0.000550)

kinetic : 3.051929 (0.010852)
potential : -5.953801 (0.010653)
energy : -2.901873 (0.000550)

kinetic : 3.050343 (0.010823)
potential : -5.952124 (0.010643)
energy : -2.901781 (0.000551)

kinetic : 3.049481 (0.010707)
potential : -5.951342 (0.010525)
energy : -2.901861 (0.000549)

kinetic : 3.049399 (0.010567)
potential : -5.951263 (0.010387)
energy : -2.901864 (0.000541)

kinetic : 3.056206 (0.012496)
potential : -5.958008 (0.012313)
energy : -2.901802 (0.000538)

kinetic : 3.054114 (0.012501)
potential : -5.956019 (0.012307)
energy : -2.901905 (0.000540)

kinetic : 3.053642 (0.012351)
potential : -5.955519 (0.012161)
energy : -2.901877 (0.000534)

kinetic : 3.054010 (0.012200)
potential : -5.955964 (0.012014)
energy : -2.901954 (0.000533)

kinetic : 3.053562 (0.012057)
potential : -5.955518 (0.011874)
energy : -2.901956 (0.000526)

kinetic : 3.054169 (0.011922)
potential : -5.956126 (0.011741)
energy : -2.901957 (0.000520)

kinetic : 3.054988 (0.011802)
potential : -5.957023 (0.011630)
energy : -2.902036 (0.000519)

kinetic : 3.054138 (0.011693)
potential : -5.956129 (0.011527)
energy : -2.901991 (0.000515)

kinetic : 3.053891 (0.011556)
potential : -5.955897 (0.011391)
energy : -2.902006 (0.000509)

kinetic : 3.053024 (0.011456)
potential : -5.954969 (0.011299)
energy : -2.901945 (0.000507)

kinetic : 3.053960 (0.011365)
potential : -5.955861 (0.011206)
energy : -2.901901 (0.000503)

kinetic : 3.055146 (0.011297)
potential : -5.957005 (0.011137)
energy : -2.901859 (0.000499)

kinetic : 3.054333 (0.011198)
potential : -5.956179 (0.011041)
energy : -2.901846 (0.000494)

kinetic : 3.054566 (0.011071)
potential : -5.956491 (0.010917)
energy : -2.901925 (0.000494)

kinetic : 3.055643 (0.011003)
potential : -5.957530 (0.010848)
energy : -2.901887 (0.000490)

kinetic : 3.054548 (0.010936)
potential : -5.956443 (0.010782)
energy : -2.901895 (0.000484)

kinetic : 3.055302 (0.010842)
potential : -5.957203 (0.010692)
energy : -2.901901 (0.000479)

kinetic : 3.055994 (0.010750)
potential : -5.957891 (0.010601)
energy : -2.901896 (0.000474)

kinetic : 3.055211 (0.010664)
potential : -5.957137 (0.010514)
energy : -2.901926 (0.000470)

kinetic : 3.055269 (0.010548)
potential : -5.957268 (0.010401)
energy : -2.901999 (0.000470)

kinetic : 3.054986 (0.010443)
potential : -5.956983 (0.010298)
energy : -2.901997 (0.000465)

kinetic : 3.054495 (0.010347)
potential : -5.956499 (0.010203)
energy : -2.902004 (0.000461)

kinetic : 3.054683 (0.010243)
potential : -5.956680 (0.010100)
energy : -2.901997 (0.000456)

kinetic : 3.054492 (0.010141)
potential : -5.956522 (0.009999)
energy : -2.902031 (0.000453)
         kinetic: 3.054(10), Sigma: 4.788, T_corr: 9.0
       potential: -5.957(10), Sigma: 4.739, T_corr: 8.9
          energy: -2.90203(45), Sigma: 0.338, T_corr: 3.6

For tau = 2.00e-01, acceptance ratio = 0.72
Time: 703.88s
