
kinetic : 2.929906 (inf)
potential : -5.852193 (inf)
energy : -2.922287 (inf)

kinetic : 3.077813 (inf)
potential : -5.997950 (inf)
energy : -2.920137 (inf)

kinetic : 3.024602 (0.052822)
potential : -5.937205 (0.060301)
energy : -2.912603 (0.007479)

kinetic : 3.065207 (0.049585)
potential : -5.976744 (0.051524)
energy : -2.911537 (0.004397)

kinetic : 3.011919 (0.063658)
potential : -5.923260 (0.064583)
energy : -2.911341 (0.003112)

kinetic : 3.028228 (0.051771)
potential : -5.938899 (0.052251)
energy : -2.910671 (0.002494)

kinetic : 3.020030 (0.042957)
potential : -5.930171 (0.043442)
energy : -2.910141 (0.002099)

kinetic : 3.028137 (0.037017)
potential : -5.939291 (0.037637)
energy : -2.911154 (0.002024)

kinetic : 3.019748 (0.033060)
potential : -5.929839 (0.033854)
energy : -2.910090 (0.002041)

kinetic : 3.035413 (0.033451)
potential : -5.944949 (0.033799)
energy : -2.909536 (0.001895)

kinetic : 3.033999 (0.029983)
potential : -5.942821 (0.030336)
energy : -2.908823 (0.001844)

kinetic : 3.020595 (0.030001)
potential : -5.929348 (0.030318)
energy : -2.908753 (0.001665)

kinetic : 3.028679 (0.028600)
potential : -5.936748 (0.028689)
energy : -2.908069 (0.001670)

kinetic : 3.037200 (0.027484)
potential : -5.945994 (0.027778)
energy : -2.908794 (0.001683)

kinetic : 3.022223 (0.029534)
potential : -5.930960 (0.029798)
energy : -2.908738 (0.001560)

kinetic : 3.017228 (0.027843)
potential : -5.926713 (0.027970)
energy : -2.909485 (0.001617)

kinetic : 3.015197 (0.026083)
potential : -5.924904 (0.026185)
energy : -2.909707 (0.001526)

kinetic : 3.014330 (0.024504)
potential : -5.924041 (0.024600)
energy : -2.909711 (0.001433)

kinetic : 3.008983 (0.023697)
potential : -5.918877 (0.023745)
energy : -2.909894 (0.001363)

kinetic : 3.010175 (0.022462)
potential : -5.919940 (0.022501)
energy : -2.909765 (0.001296)

kinetic : 2.997672 (0.024549)
potential : -5.907659 (0.024474)
energy : -2.909986 (0.001247)

kinetic : 2.990212 (0.024460)
potential : -5.900458 (0.024316)
energy : -2.910247 (0.001213)

kinetic : 2.983959 (0.024101)
potential : -5.894475 (0.023901)
energy : -2.910516 (0.001186)

kinetic : 2.980990 (0.023224)
potential : -5.891464 (0.023040)
energy : -2.910475 (0.001134)

kinetic : 2.977745 (0.022464)
potential : -5.888574 (0.022242)
energy : -2.910829 (0.001141)

kinetic : 2.978618 (0.021554)
potential : -5.889509 (0.021343)
energy : -2.910891 (0.001096)

kinetic : 2.977628 (0.020738)
potential : -5.888536 (0.020535)
energy : -2.910907 (0.001053)

kinetic : 2.976655 (0.019981)
potential : -5.887502 (0.019790)
energy : -2.910846 (0.001016)

kinetic : 2.976386 (0.019267)
potential : -5.886963 (0.019088)
energy : -2.910577 (0.001017)

kinetic : 2.979455 (0.018877)
potential : -5.889632 (0.018642)
energy : -2.910177 (0.001065)

kinetic : 2.982342 (0.018474)
potential : -5.892227 (0.018204)
energy : -2.909885 (0.001071)

kinetic : 2.985195 (0.018074)
potential : -5.895016 (0.017807)
energy : -2.909822 (0.001037)

kinetic : 2.983686 (0.017564)
potential : -5.893482 (0.017308)
energy : -2.909796 (0.001004)

kinetic : 2.983050 (0.017035)
potential : -5.892799 (0.016790)
energy : -2.909749 (0.000974)

kinetic : 2.981521 (0.016592)
potential : -5.891291 (0.016353)
energy : -2.909771 (0.000945)

kinetic : 2.982429 (0.016135)
potential : -5.892167 (0.015901)
energy : -2.909738 (0.000918)

kinetic : 2.983386 (0.015711)
potential : -5.892955 (0.015474)
energy : -2.909570 (0.000908)

kinetic : 2.986204 (0.015523)
potential : -5.895727 (0.015289)
energy : -2.909523 (0.000884)

kinetic : 2.990053 (0.015639)
potential : -5.899267 (0.015339)
energy : -2.909214 (0.000919)

kinetic : 2.993993 (0.015747)
potential : -5.903033 (0.015420)
energy : -2.909040 (0.000912)

kinetic : 2.989520 (0.015946)
potential : -5.898617 (0.015625)
energy : -2.909097 (0.000890)

kinetic : 2.988970 (0.015557)
potential : -5.898075 (0.015244)
energy : -2.909104 (0.000868)

kinetic : 2.988939 (0.015178)
potential : -5.898077 (0.014873)
energy : -2.909138 (0.000848)

kinetic : 2.989119 (0.014816)
potential : -5.898275 (0.014518)
energy : -2.909155 (0.000828)

kinetic : 2.994859 (0.015594)
potential : -5.903840 (0.015258)
energy : -2.908982 (0.000827)

kinetic : 2.995043 (0.015237)
potential : -5.904176 (0.014911)
energy : -2.909133 (0.000822)

kinetic : 2.995803 (0.014918)
potential : -5.904909 (0.014599)
energy : -2.909106 (0.000804)

kinetic : 3.000613 (0.015386)
potential : -5.909617 (0.015057)
energy : -2.909004 (0.000794)

kinetic : 2.999447 (0.015097)
potential : -5.908481 (0.014774)
energy : -2.909034 (0.000777)

kinetic : 2.996838 (0.015007)
potential : -5.906001 (0.014674)
energy : -2.909163 (0.000772)

kinetic : 2.995311 (0.014779)
potential : -5.904418 (0.014460)
energy : -2.909108 (0.000758)

kinetic : 2.994660 (0.014509)
potential : -5.903688 (0.014201)
energy : -2.909028 (0.000748)

kinetic : 2.994465 (0.014226)
potential : -5.903426 (0.013925)
energy : -2.908961 (0.000736)

kinetic : 3.001518 (0.015547)
potential : -5.910499 (0.015292)
energy : -2.908981 (0.000722)

kinetic : 3.000942 (0.015272)
potential : -5.909891 (0.015022)
energy : -2.908949 (0.000709)

kinetic : 2.999216 (0.015086)
potential : -5.908055 (0.014856)
energy : -2.908838 (0.000705)

kinetic : 3.000724 (0.014884)
potential : -5.909660 (0.014669)
energy : -2.908936 (0.000699)

kinetic : 3.003653 (0.014912)
potential : -5.912524 (0.014693)
energy : -2.908871 (0.000689)

kinetic : 3.004413 (0.014670)
potential : -5.913378 (0.014460)
energy : -2.908965 (0.000684)

kinetic : 3.000588 (0.014908)
potential : -5.909569 (0.014704)
energy : -2.908981 (0.000672)

kinetic : 3.003905 (0.015038)
potential : -5.912864 (0.014838)
energy : -2.908959 (0.000661)

kinetic : 3.005778 (0.014914)
potential : -5.914782 (0.014724)
energy : -2.909004 (0.000652)

kinetic : 3.005588 (0.014677)
potential : -5.914560 (0.014491)
energy : -2.908972 (0.000642)

kinetic : 3.005777 (0.014445)
potential : -5.914706 (0.014261)
energy : -2.908929 (0.000634)

kinetic : 3.008499 (0.014491)
potential : -5.917369 (0.014302)
energy : -2.908870 (0.000627)

kinetic : 3.008932 (0.014270)
potential : -5.917826 (0.014086)
energy : -2.908894 (0.000618)

kinetic : 3.008438 (0.014057)
potential : -5.917427 (0.013873)
energy : -2.908989 (0.000615)

kinetic : 3.010796 (0.014052)
potential : -5.919771 (0.013870)
energy : -2.908975 (0.000606)

kinetic : 3.009604 (0.013894)
potential : -5.918611 (0.013713)
energy : -2.909007 (0.000598)

kinetic : 3.008353 (0.013748)
potential : -5.917387 (0.013567)
energy : -2.909034 (0.000590)

kinetic : 3.007705 (0.013562)
potential : -5.916829 (0.013381)
energy : -2.909124 (0.000588)

kinetic : 3.005967 (0.013487)
potential : -5.915000 (0.013323)
energy : -2.909032 (0.000587)

kinetic : 3.006670 (0.013316)
potential : -5.915761 (0.013157)
energy : -2.909091 (0.000582)

kinetic : 3.005411 (0.013180)
potential : -5.914720 (0.013006)
energy : -2.909309 (0.000611)

kinetic : 3.008835 (0.013435)
potential : -5.918190 (0.013281)
energy : -2.909355 (0.000604)

kinetic : 3.009464 (0.013274)
potential : -5.918792 (0.013121)
energy : -2.909327 (0.000597)

kinetic : 3.008299 (0.013140)
potential : -5.917837 (0.012974)
energy : -2.909538 (0.000623)

kinetic : 3.007509 (0.012993)
potential : -5.917107 (0.012825)
energy : -2.909599 (0.000618)

kinetic : 3.009598 (0.012983)
potential : -5.919276 (0.012833)
energy : -2.909677 (0.000614)

kinetic : 3.008266 (0.012893)
potential : -5.917843 (0.012756)
energy : -2.909577 (0.000615)

kinetic : 3.006956 (0.012795)
potential : -5.916540 (0.012660)
energy : -2.909584 (0.000607)

kinetic : 3.006801 (0.012638)
potential : -5.916376 (0.012505)
energy : -2.909575 (0.000600)

kinetic : 3.006255 (0.012490)
potential : -5.915887 (0.012357)
energy : -2.909633 (0.000595)

kinetic : 3.006476 (0.012341)
potential : -5.916027 (0.012208)
energy : -2.909552 (0.000593)

kinetic : 3.004870 (0.012297)
potential : -5.914430 (0.012165)
energy : -2.909560 (0.000586)

kinetic : 3.004787 (0.012149)
potential : -5.914401 (0.012019)
energy : -2.909614 (0.000582)

kinetic : 3.003264 (0.012099)
potential : -5.912891 (0.011970)
energy : -2.909627 (0.000575)

kinetic : 3.003517 (0.011959)
potential : -5.913198 (0.011832)
energy : -2.909681 (0.000571)

kinetic : 3.004769 (0.011887)
potential : -5.914534 (0.011772)
energy : -2.909765 (0.000570)

kinetic : 3.007228 (0.012039)
potential : -5.916908 (0.011908)
energy : -2.909680 (0.000571)

kinetic : 3.007612 (0.011908)
potential : -5.917302 (0.011780)
energy : -2.909690 (0.000565)

kinetic : 3.007260 (0.011785)
potential : -5.916950 (0.011658)
energy : -2.909690 (0.000558)

kinetic : 3.006380 (0.011694)
potential : -5.916001 (0.011575)
energy : -2.909621 (0.000557)

kinetic : 3.007412 (0.011617)
potential : -5.916993 (0.011496)
energy : -2.909581 (0.000553)

kinetic : 3.007237 (0.011495)
potential : -5.916837 (0.011374)
energy : -2.909600 (0.000547)

kinetic : 3.006026 (0.011437)
potential : -5.915659 (0.011315)
energy : -2.909633 (0.000542)

kinetic : 3.006226 (0.011320)
potential : -5.915771 (0.011198)
energy : -2.909545 (0.000544)

kinetic : 3.007243 (0.011257)
potential : -5.916722 (0.011131)
energy : -2.909480 (0.000543)

kinetic : 3.006137 (0.011200)
potential : -5.915596 (0.011077)
energy : -2.909459 (0.000538)

kinetic : 3.005813 (0.011091)
potential : -5.915381 (0.010967)
energy : -2.909568 (0.000543)

kinetic : 3.005131 (0.011001)
potential : -5.914714 (0.010878)
energy : -2.909582 (0.000538)
         kinetic: 3.005(11), Sigma: 4.524, T_corr: 11.8
       potential: -5.915(11), Sigma: 4.475, T_corr: 11.8
          energy: -2.90958(54), Sigma: 0.339, T_corr: 5.0

For tau = 4.00e-01, acceptance ratio = 0.48
Time: 919.58s
