
kinetic : 3.054270 (inf)
potential : -5.957936 (inf)
energy : -2.903666 (inf)

kinetic : 3.062437 (inf)
potential : -5.973226 (inf)
energy : -2.910790 (inf)

kinetic : 3.174735 (0.113866)
potential : -6.080693 (0.108968)
energy : -2.905958 (0.004899)

kinetic : 3.165439 (0.065720)
potential : -6.071609 (0.062918)
energy : -2.906170 (0.002808)

kinetic : 3.155478 (0.047564)
potential : -6.062293 (0.045490)
energy : -2.906815 (0.002090)

kinetic : 3.140753 (0.039259)
potential : -6.047955 (0.037637)
energy : -2.907202 (0.001651)

kinetic : 3.109885 (0.044313)
potential : -6.016298 (0.043925)
energy : -2.906413 (0.001557)

kinetic : 3.081856 (0.046527)
potential : -5.988823 (0.045939)
energy : -2.906967 (0.001423)

kinetic : 3.078255 (0.040530)
potential : -5.985359 (0.040009)
energy : -2.907104 (0.001242)

kinetic : 3.069516 (0.036830)
potential : -5.976331 (0.036455)
energy : -2.906814 (0.001134)

kinetic : 3.060584 (0.034276)
potential : -5.966616 (0.034178)
energy : -2.906032 (0.001296)

kinetic : 3.050128 (0.032650)
potential : -5.955903 (0.032648)
energy : -2.905775 (0.001198)

kinetic : 3.058770 (0.031059)
potential : -5.963825 (0.030862)
energy : -2.905056 (0.001312)

kinetic : 3.079936 (0.035663)
potential : -5.984325 (0.035120)
energy : -2.904390 (0.001381)

kinetic : 3.066577 (0.035527)
potential : -5.971169 (0.034986)
energy : -2.904592 (0.001293)

kinetic : 3.060080 (0.033629)
potential : -5.964915 (0.033090)
energy : -2.904836 (0.001225)

kinetic : 3.067891 (0.032447)
potential : -5.972377 (0.031873)
energy : -2.904485 (0.001200)

kinetic : 3.070253 (0.030560)
potential : -5.974638 (0.030015)
energy : -2.904385 (0.001131)

kinetic : 3.071811 (0.028811)
potential : -5.976353 (0.028307)
energy : -2.904542 (0.001076)

kinetic : 3.077898 (0.027835)
potential : -5.982271 (0.027335)
energy : -2.904372 (0.001029)

kinetic : 3.072675 (0.026878)
potential : -5.977408 (0.026346)
energy : -2.904733 (0.001038)

kinetic : 3.066868 (0.026158)
potential : -5.971632 (0.025659)
energy : -2.904763 (0.000987)

kinetic : 3.079677 (0.027824)
potential : -5.984427 (0.027394)
energy : -2.904750 (0.000940)

kinetic : 3.072547 (0.027416)
potential : -5.977682 (0.026926)
energy : -2.905135 (0.000970)

kinetic : 3.069653 (0.026373)
potential : -5.974934 (0.025892)
energy : -2.905281 (0.000939)

kinetic : 3.070035 (0.025296)
potential : -5.975349 (0.024836)
energy : -2.905314 (0.000901)

kinetic : 3.072218 (0.024390)
potential : -5.977419 (0.023940)
energy : -2.905201 (0.000872)

kinetic : 3.073563 (0.023516)
potential : -5.978644 (0.023077)
energy : -2.905081 (0.000848)

kinetic : 3.075742 (0.022797)
potential : -5.980668 (0.022360)
energy : -2.904926 (0.000834)

kinetic : 3.071757 (0.022366)
potential : -5.976592 (0.021968)
energy : -2.904834 (0.000810)

kinetic : 3.065973 (0.022297)
potential : -5.970986 (0.021882)
energy : -2.905013 (0.000801)

kinetic : 3.066452 (0.021557)
potential : -5.971566 (0.021158)
energy : -2.905114 (0.000780)

kinetic : 3.062481 (0.021199)
potential : -5.967771 (0.020790)
energy : -2.905290 (0.000774)

kinetic : 3.060875 (0.020618)
potential : -5.965963 (0.020239)
energy : -2.905088 (0.000778)

kinetic : 3.058532 (0.020134)
potential : -5.963724 (0.019758)
energy : -2.905192 (0.000761)

kinetic : 3.053437 (0.020184)
potential : -5.958830 (0.019781)
energy : -2.905393 (0.000766)

kinetic : 3.052789 (0.019655)
potential : -5.957769 (0.019283)
energy : -2.904980 (0.000863)

kinetic : 3.048941 (0.019532)
potential : -5.953968 (0.019168)
energy : -2.905027 (0.000841)

kinetic : 3.050196 (0.019053)
potential : -5.955165 (0.018695)
energy : -2.904969 (0.000820)

kinetic : 3.049656 (0.018558)
potential : -5.954686 (0.018208)
energy : -2.905030 (0.000801)

kinetic : 3.047025 (0.018271)
potential : -5.951931 (0.017953)
energy : -2.904905 (0.000790)

kinetic : 3.046580 (0.017829)
potential : -5.951482 (0.017518)
energy : -2.904902 (0.000771)

kinetic : 3.048141 (0.017461)
potential : -5.953178 (0.017171)
energy : -2.905037 (0.000764)

kinetic : 3.049832 (0.017137)
potential : -5.954730 (0.016843)
energy : -2.904898 (0.000759)

kinetic : 3.053710 (0.017164)
potential : -5.958595 (0.016881)
energy : -2.904885 (0.000741)

kinetic : 3.052209 (0.016831)
potential : -5.957258 (0.016542)
energy : -2.905049 (0.000741)

kinetic : 3.056615 (0.017020)
potential : -5.961704 (0.016757)
energy : -2.905089 (0.000726)

kinetic : 3.056722 (0.016650)
potential : -5.961780 (0.016393)
energy : -2.905058 (0.000711)

kinetic : 3.055372 (0.016350)
potential : -5.960515 (0.016092)
energy : -2.905143 (0.000701)

kinetic : 3.055751 (0.016022)
potential : -5.960859 (0.015769)
energy : -2.905109 (0.000687)

kinetic : 3.054658 (0.015734)
potential : -5.959751 (0.015488)
energy : -2.905094 (0.000674)

kinetic : 3.051479 (0.015724)
potential : -5.956706 (0.015462)
energy : -2.905227 (0.000673)

kinetic : 3.052668 (0.015463)
potential : -5.957822 (0.015201)
energy : -2.905154 (0.000664)

kinetic : 3.054354 (0.015256)
potential : -5.959563 (0.015007)
energy : -2.905209 (0.000653)

kinetic : 3.055089 (0.014988)
potential : -5.960222 (0.014740)
energy : -2.905133 (0.000645)

kinetic : 3.055167 (0.014711)
potential : -5.960341 (0.014469)
energy : -2.905174 (0.000635)

kinetic : 3.056378 (0.014490)
potential : -5.961694 (0.014264)
energy : -2.905316 (0.000638)

kinetic : 3.056567 (0.014239)
potential : -5.961759 (0.014016)
energy : -2.905193 (0.000640)

kinetic : 3.061657 (0.014878)
potential : -5.966924 (0.014698)
energy : -2.905266 (0.000633)

kinetic : 3.060551 (0.014666)
potential : -5.965845 (0.014488)
energy : -2.905294 (0.000623)

kinetic : 3.062548 (0.014567)
potential : -5.967780 (0.014385)
energy : -2.905232 (0.000616)

kinetic : 3.062985 (0.014330)
potential : -5.968295 (0.014153)
energy : -2.905310 (0.000610)

kinetic : 3.060593 (0.014284)
potential : -5.966022 (0.014094)
energy : -2.905429 (0.000611)

kinetic : 3.059184 (0.014114)
potential : -5.964722 (0.013918)
energy : -2.905538 (0.000610)

kinetic : 3.057296 (0.014022)
potential : -5.962848 (0.013829)
energy : -2.905552 (0.000601)

kinetic : 3.055340 (0.013941)
potential : -5.960948 (0.013745)
energy : -2.905608 (0.000594)

kinetic : 3.053132 (0.013888)
potential : -5.958915 (0.013672)
energy : -2.905783 (0.000609)

kinetic : 3.052181 (0.013707)
potential : -5.957987 (0.013493)
energy : -2.905806 (0.000600)

kinetic : 3.050489 (0.013604)
potential : -5.956287 (0.013396)
energy : -2.905797 (0.000591)

kinetic : 3.051085 (0.013421)
potential : -5.956874 (0.013216)
energy : -2.905789 (0.000583)

kinetic : 3.050727 (0.013233)
potential : -5.956470 (0.013032)
energy : -2.905744 (0.000576)

kinetic : 3.048829 (0.013198)
potential : -5.954495 (0.013015)
energy : -2.905666 (0.000574)

kinetic : 3.049875 (0.013048)
potential : -5.955506 (0.012865)
energy : -2.905631 (0.000567)

kinetic : 3.049659 (0.012865)
potential : -5.955369 (0.012684)
energy : -2.905710 (0.000564)

kinetic : 3.049696 (0.012695)
potential : -5.955372 (0.012516)
energy : -2.905676 (0.000558)

kinetic : 3.049783 (0.012525)
potential : -5.955520 (0.012349)
energy : -2.905737 (0.000554)

kinetic : 3.050449 (0.012378)
potential : -5.956120 (0.012201)
energy : -2.905671 (0.000550)

kinetic : 3.052990 (0.012468)
potential : -5.958583 (0.012281)
energy : -2.905594 (0.000548)

kinetic : 3.052034 (0.012350)
potential : -5.957607 (0.012168)
energy : -2.905573 (0.000542)

kinetic : 3.049763 (0.012387)
potential : -5.955434 (0.012194)
energy : -2.905671 (0.000543)

kinetic : 3.049163 (0.012245)
potential : -5.954850 (0.012054)
energy : -2.905687 (0.000537)

kinetic : 3.046757 (0.012328)
potential : -5.952469 (0.012137)
energy : -2.905711 (0.000531)

kinetic : 3.048215 (0.012264)
potential : -5.953856 (0.012069)
energy : -2.905641 (0.000529)

kinetic : 3.047982 (0.012122)
potential : -5.953573 (0.011930)
energy : -2.905591 (0.000525)

kinetic : 3.048941 (0.012024)
potential : -5.954542 (0.011837)
energy : -2.905601 (0.000519)

kinetic : 3.049055 (0.011879)
potential : -5.954687 (0.011694)
energy : -2.905631 (0.000514)

kinetic : 3.048485 (0.011757)
potential : -5.954073 (0.011577)
energy : -2.905588 (0.000510)

kinetic : 3.050574 (0.011802)
potential : -5.956141 (0.011623)
energy : -2.905566 (0.000504)

kinetic : 3.049452 (0.011721)
potential : -5.955090 (0.011538)
energy : -2.905638 (0.000504)

kinetic : 3.048958 (0.011598)
potential : -5.954647 (0.011415)
energy : -2.905689 (0.000500)

kinetic : 3.048166 (0.011494)
potential : -5.953854 (0.011313)
energy : -2.905688 (0.000495)

kinetic : 3.046997 (0.011420)
potential : -5.952794 (0.011232)
energy : -2.905797 (0.000500)

kinetic : 3.048751 (0.011426)
potential : -5.954565 (0.011245)
energy : -2.905814 (0.000495)

kinetic : 3.047343 (0.011386)
potential : -5.953258 (0.011197)
energy : -2.905915 (0.000500)

kinetic : 3.047341 (0.011266)
potential : -5.953146 (0.011080)
energy : -2.905805 (0.000507)

kinetic : 3.047809 (0.011158)
potential : -5.953582 (0.010972)
energy : -2.905773 (0.000503)

kinetic : 3.048065 (0.011042)
potential : -5.953911 (0.010860)
energy : -2.905846 (0.000503)

kinetic : 3.046932 (0.010984)
potential : -5.952770 (0.010806)
energy : -2.905839 (0.000497)

kinetic : 3.048721 (0.011031)
potential : -5.954456 (0.010839)
energy : -2.905735 (0.000504)

kinetic : 3.049410 (0.010944)
potential : -5.955127 (0.010754)
energy : -2.905717 (0.000499)

kinetic : 3.050043 (0.010855)
potential : -5.955732 (0.010665)
energy : -2.905689 (0.000495)
         kinetic: 3.050(11), Sigma: 4.724, T_corr: 10.5
       potential: -5.956(11), Sigma: 4.675, T_corr: 10.4
          energy: -2.90569(50), Sigma: 0.339, T_corr: 4.3

For tau = 3.00e-01, acceptance ratio = 0.59
Time: 827.32s
