
kinetic : 3.242488 (inf)
potential : -6.110661 (inf)
energy : -2.868173 (inf)

kinetic : 3.063860 (inf)
potential : -5.970815 (inf)
energy : -2.906955 (inf)

kinetic : 3.088931 (0.025476)
potential : -5.995702 (0.025290)
energy : -2.906771 (0.000187)

kinetic : 3.100667 (0.019060)
potential : -6.006089 (0.018136)
energy : -2.905422 (0.001383)

kinetic : 3.095620 (0.014431)
potential : -6.000958 (0.013852)
energy : -2.905338 (0.000983)

kinetic : 3.095039 (0.011172)
potential : -6.000717 (0.010712)
energy : -2.905678 (0.000832)

kinetic : 3.078125 (0.019108)
potential : -5.983632 (0.019083)
energy : -2.905507 (0.000699)

kinetic : 3.082295 (0.016864)
potential : -5.986586 (0.016554)
energy : -2.904290 (0.001416)

kinetic : 3.077539 (0.015483)
potential : -5.980782 (0.015615)
energy : -2.903243 (0.001644)

kinetic : 3.072684 (0.014510)
potential : -5.975633 (0.014721)
energy : -2.902949 (0.001480)

kinetic : 3.085958 (0.018334)
potential : -5.989392 (0.018803)
energy : -2.903433 (0.001403)

kinetic : 3.091626 (0.017595)
potential : -5.994484 (0.017816)
energy : -2.902858 (0.001401)

kinetic : 3.085066 (0.017410)
potential : -5.987588 (0.017730)
energy : -2.902522 (0.001325)

kinetic : 3.088595 (0.016416)
potential : -5.990876 (0.016653)
energy : -2.902281 (0.001244)

kinetic : 3.094004 (0.016069)
potential : -5.996494 (0.016344)
energy : -2.902490 (0.001168)

kinetic : 3.083871 (0.017920)
potential : -5.986650 (0.017980)
energy : -2.902780 (0.001122)

kinetic : 3.098102 (0.022270)
potential : -6.000315 (0.021935)
energy : -2.902213 (0.001202)

kinetic : 3.086537 (0.024020)
potential : -5.988442 (0.023903)
energy : -2.901905 (0.001172)

kinetic : 3.078774 (0.024000)
potential : -5.980367 (0.024002)
energy : -2.901593 (0.001151)

kinetic : 3.071665 (0.023773)
potential : -5.973336 (0.023752)
energy : -2.901671 (0.001091)

kinetic : 3.058983 (0.025476)
potential : -5.961106 (0.025261)
energy : -2.902123 (0.001117)

kinetic : 3.055148 (0.024490)
potential : -5.957609 (0.024239)
energy : -2.902461 (0.001111)

kinetic : 3.055373 (0.023300)
potential : -5.958354 (0.023072)
energy : -2.902981 (0.001167)

kinetic : 3.048613 (0.023182)
potential : -5.951823 (0.022910)
energy : -2.903210 (0.001136)

kinetic : 3.050367 (0.022293)
potential : -5.953370 (0.022017)
energy : -2.903003 (0.001110)

kinetic : 3.052190 (0.021460)
potential : -5.955250 (0.021201)
energy : -2.903060 (0.001066)

kinetic : 3.052739 (0.020644)
potential : -5.955426 (0.020388)
energy : -2.902688 (0.001094)

kinetic : 3.052962 (0.019867)
potential : -5.955464 (0.019620)
energy : -2.902502 (0.001069)

kinetic : 3.054668 (0.019198)
potential : -5.957345 (0.018976)
energy : -2.902677 (0.001043)

kinetic : 3.056103 (0.018560)
potential : -5.958970 (0.018362)
energy : -2.902867 (0.001023)

kinetic : 3.056250 (0.017913)
potential : -5.959313 (0.017725)
energy : -2.903063 (0.001005)

kinetic : 3.054796 (0.017372)
potential : -5.957969 (0.017182)
energy : -2.903173 (0.000977)

kinetic : 3.050925 (0.017262)
potential : -5.954203 (0.017059)
energy : -2.903278 (0.000952)

kinetic : 3.050107 (0.016761)
potential : -5.953163 (0.016578)
energy : -2.903057 (0.000951)

kinetic : 3.052278 (0.016418)
potential : -5.955212 (0.016225)
energy : -2.902934 (0.000931)

kinetic : 3.053792 (0.016013)
potential : -5.956594 (0.015814)
energy : -2.902802 (0.000914)

kinetic : 3.055705 (0.015709)
potential : -5.958212 (0.015480)
energy : -2.902507 (0.000941)

kinetic : 3.057223 (0.015352)
potential : -5.959696 (0.015127)
energy : -2.902473 (0.000916)

kinetic : 3.058119 (0.014970)
potential : -5.960598 (0.014752)
energy : -2.902479 (0.000891)

kinetic : 3.057224 (0.014612)
potential : -5.959606 (0.014406)
energy : -2.902382 (0.000874)

kinetic : 3.056933 (0.014244)
potential : -5.959196 (0.014047)
energy : -2.902263 (0.000860)

kinetic : 3.055225 (0.013981)
potential : -5.957595 (0.013778)
energy : -2.902371 (0.000845)

kinetic : 3.054227 (0.013680)
potential : -5.956498 (0.013490)
energy : -2.902270 (0.000830)

kinetic : 3.054403 (0.013356)
potential : -5.956651 (0.013170)
energy : -2.902248 (0.000811)

kinetic : 3.056062 (0.013148)
potential : -5.958286 (0.012965)
energy : -2.902225 (0.000792)

kinetic : 3.059184 (0.013247)
potential : -5.961346 (0.013058)
energy : -2.902161 (0.000778)

kinetic : 3.055800 (0.013324)
potential : -5.958348 (0.013062)
energy : -2.902548 (0.000842)

kinetic : 3.054691 (0.013074)
potential : -5.957335 (0.012811)
energy : -2.902644 (0.000829)

kinetic : 3.057185 (0.013049)
potential : -5.959754 (0.012782)
energy : -2.902569 (0.000815)

kinetic : 3.057437 (0.012773)
potential : -5.960065 (0.012513)
energy : -2.902628 (0.000799)

kinetic : 3.056717 (0.012534)
potential : -5.959439 (0.012274)
energy : -2.902722 (0.000789)

kinetic : 3.057230 (0.012290)
potential : -5.960023 (0.012039)
energy : -2.902793 (0.000776)

kinetic : 3.056668 (0.012060)
potential : -5.959559 (0.011810)
energy : -2.902891 (0.000767)

kinetic : 3.053192 (0.012271)
potential : -5.956360 (0.011965)
energy : -2.903168 (0.000796)

kinetic : 3.054505 (0.012123)
potential : -5.957560 (0.011813)
energy : -2.903055 (0.000790)

kinetic : 3.052775 (0.012025)
potential : -5.955844 (0.011722)
energy : -2.903069 (0.000776)

kinetic : 3.053440 (0.011839)
potential : -5.956388 (0.011534)
energy : -2.902948 (0.000773)

kinetic : 3.052144 (0.011703)
potential : -5.955116 (0.011402)
energy : -2.902972 (0.000760)

kinetic : 3.052905 (0.011535)
potential : -5.955670 (0.011227)
energy : -2.902766 (0.000777)

kinetic : 3.050426 (0.011609)
potential : -5.953191 (0.011314)
energy : -2.902765 (0.000764)

kinetic : 3.052211 (0.011540)
potential : -5.955038 (0.011263)
energy : -2.902827 (0.000753)

kinetic : 3.053253 (0.011401)
potential : -5.956045 (0.011126)
energy : -2.902792 (0.000742)

kinetic : 3.052940 (0.011222)
potential : -5.955662 (0.010954)
energy : -2.902722 (0.000733)

kinetic : 3.053999 (0.011085)
potential : -5.956777 (0.010828)
energy : -2.902777 (0.000723)

kinetic : 3.053492 (0.010924)
potential : -5.956188 (0.010675)
energy : -2.902696 (0.000717)

kinetic : 3.052688 (0.010787)
potential : -5.955321 (0.010548)
energy : -2.902633 (0.000709)

kinetic : 3.052581 (0.010618)
potential : -5.955260 (0.010383)
energy : -2.902679 (0.000699)

kinetic : 3.052704 (0.010456)
potential : -5.955479 (0.010226)
energy : -2.902774 (0.000695)

kinetic : 3.054595 (0.010478)
potential : -5.957281 (0.010239)
energy : -2.902686 (0.000690)

kinetic : 3.055202 (0.010350)
potential : -5.957740 (0.010106)
energy : -2.902538 (0.000697)

kinetic : 3.055052 (0.010199)
potential : -5.957625 (0.009958)
energy : -2.902574 (0.000688)

kinetic : 3.055506 (0.010061)
potential : -5.958174 (0.009829)
energy : -2.902669 (0.000685)

kinetic : 3.053362 (0.010146)
potential : -5.956054 (0.009918)
energy : -2.902691 (0.000675)

kinetic : 3.052954 (0.010010)
potential : -5.955748 (0.009781)
energy : -2.902794 (0.000673)

kinetic : 3.053833 (0.009907)
potential : -5.956764 (0.009695)
energy : -2.902931 (0.000677)

kinetic : 3.053168 (0.009793)
potential : -5.956144 (0.009582)
energy : -2.902975 (0.000669)

kinetic : 3.054931 (0.009850)
potential : -5.957781 (0.009621)
energy : -2.902850 (0.000674)

kinetic : 3.055186 (0.009723)
potential : -5.958099 (0.009498)
energy : -2.902913 (0.000668)

kinetic : 3.055114 (0.009603)
potential : -5.957932 (0.009382)
energy : -2.902818 (0.000667)

kinetic : 3.053565 (0.009608)
potential : -5.956404 (0.009390)
energy : -2.902839 (0.000659)

kinetic : 3.053521 (0.009486)
potential : -5.956365 (0.009271)
energy : -2.902844 (0.000651)

kinetic : 3.054129 (0.009388)
potential : -5.956960 (0.009175)
energy : -2.902832 (0.000643)

kinetic : 3.053971 (0.009276)
potential : -5.956754 (0.009066)
energy : -2.902783 (0.000637)

kinetic : 3.055740 (0.009344)
potential : -5.958480 (0.009133)
energy : -2.902740 (0.000631)

kinetic : 3.056503 (0.009269)
potential : -5.959128 (0.009051)
energy : -2.902625 (0.000635)

kinetic : 3.057340 (0.009207)
potential : -5.959860 (0.008983)
energy : -2.902520 (0.000637)

kinetic : 3.055901 (0.009197)
potential : -5.958554 (0.008959)
energy : -2.902653 (0.000642)

kinetic : 3.056116 (0.009094)
potential : -5.958732 (0.008858)
energy : -2.902615 (0.000636)

kinetic : 3.056930 (0.009030)
potential : -5.959440 (0.008788)
energy : -2.902510 (0.000638)

kinetic : 3.056094 (0.008970)
potential : -5.958599 (0.008732)
energy : -2.902505 (0.000631)

kinetic : 3.055108 (0.008925)
potential : -5.957593 (0.008694)
energy : -2.902485 (0.000624)

kinetic : 3.055112 (0.008828)
potential : -5.957519 (0.008600)
energy : -2.902407 (0.000622)

kinetic : 3.055801 (0.008760)
potential : -5.958190 (0.008534)
energy : -2.902389 (0.000616)

kinetic : 3.056844 (0.008722)
potential : -5.959284 (0.008506)
energy : -2.902440 (0.000611)

kinetic : 3.058034 (0.008723)
potential : -5.960398 (0.008500)
energy : -2.902364 (0.000610)

kinetic : 3.059584 (0.008767)
potential : -5.961939 (0.008548)
energy : -2.902355 (0.000604)

kinetic : 3.058767 (0.008710)
potential : -5.961177 (0.008490)
energy : -2.902410 (0.000600)

kinetic : 3.057317 (0.008741)
potential : -5.959696 (0.008532)
energy : -2.902379 (0.000594)

kinetic : 3.058054 (0.008687)
potential : -5.960387 (0.008476)
energy : -2.902334 (0.000590)

kinetic : 3.055642 (0.008928)
potential : -5.958007 (0.008719)
energy : -2.902365 (0.000585)

kinetic : 3.055400 (0.008843)
potential : -5.957775 (0.008635)
energy : -2.902376 (0.000579)
         kinetic: 3.0554(88), Sigma: 4.899, T_corr: 6.5
       potential: -5.9578(86), Sigma: 4.850, T_corr: 6.3
          energy: -2.90238(58), Sigma: 0.338, T_corr: 5.9

For tau = 1.50e-01, acceptance ratio = 0.79
Time: 707.89s
