
kinetic : 1.420914 (inf)
potential : -1.865377 (inf)
energy : -0.444463 (inf)

kinetic : 0.944588 (inf)
potential : -1.389343 (inf)
energy : -0.444755 (inf)

kinetic : 0.885661 (0.058927)
potential : -1.351249 (0.038094)
energy : -0.465588 (0.020833)

kinetic : 0.831059 (0.064334)
potential : -1.303664 (0.052422)
energy : -0.472605 (0.013925)

kinetic : 0.803555 (0.053159)
potential : -1.280589 (0.043663)
energy : -0.477034 (0.010797)

kinetic : 0.798737 (0.041458)
potential : -1.273896 (0.034477)
energy : -0.475159 (0.008571)

kinetic : 0.781484 (0.037993)
potential : -1.257333 (0.032661)
energy : -0.475850 (0.007032)

kinetic : 0.780220 (0.032135)
potential : -1.254382 (0.027761)
energy : -0.474162 (0.006178)

kinetic : 0.795041 (0.031531)
potential : -1.267411 (0.027345)
energy : -0.472369 (0.005643)

kinetic : 0.797524 (0.027918)
potential : -1.270219 (0.024279)
energy : -0.472696 (0.004987)

kinetic : 0.784763 (0.028042)
potential : -1.258906 (0.024486)
energy : -0.474143 (0.004690)

kinetic : 0.784193 (0.025371)
potential : -1.258776 (0.022149)
energy : -0.474583 (0.004265)

kinetic : 0.777754 (0.024039)
potential : -1.252504 (0.021170)
energy : -0.474750 (0.003897)

kinetic : 0.771489 (0.022983)
potential : -1.246760 (0.020303)
energy : -0.475272 (0.003622)

kinetic : 0.770042 (0.021328)
potential : -1.244718 (0.018907)
energy : -0.474676 (0.003406)

kinetic : 0.764522 (0.020608)
potential : -1.240102 (0.018197)
energy : -0.475580 (0.003297)

kinetic : 0.765566 (0.019305)
potential : -1.241048 (0.017048)
energy : -0.475483 (0.003086)

kinetic : 0.757981 (0.019656)
potential : -1.234111 (0.017452)
energy : -0.476129 (0.002970)

kinetic : 0.765646 (0.020055)
potential : -1.240329 (0.017590)
energy : -0.474683 (0.003151)

kinetic : 0.766824 (0.019006)
potential : -1.240739 (0.016643)
energy : -0.473915 (0.003078)

kinetic : 0.764826 (0.018141)
potential : -1.239089 (0.015875)
energy : -0.474263 (0.002941)

kinetic : 0.773712 (0.019410)
potential : -1.248331 (0.017704)
energy : -0.474619 (0.002820)

kinetic : 0.775204 (0.018566)
potential : -1.249829 (0.016947)
energy : -0.474625 (0.002689)

kinetic : 0.774077 (0.017776)
potential : -1.248909 (0.016219)
energy : -0.474831 (0.002577)

kinetic : 0.777531 (0.017366)
potential : -1.252071 (0.015847)
energy : -0.474540 (0.002485)

kinetic : 0.776591 (0.016684)
potential : -1.250844 (0.015250)
energy : -0.474254 (0.002401)

kinetic : 0.773404 (0.016343)
potential : -1.248339 (0.014864)
energy : -0.474935 (0.002405)

kinetic : 0.784133 (0.019037)
potential : -1.259296 (0.018017)
energy : -0.475163 (0.002325)

kinetic : 0.782932 (0.018384)
potential : -1.257723 (0.017433)
energy : -0.474791 (0.002271)

kinetic : 0.781494 (0.017797)
potential : -1.255993 (0.016910)
energy : -0.474499 (0.002211)

kinetic : 0.785168 (0.017581)
potential : -1.259377 (0.016683)
energy : -0.474210 (0.002156)

kinetic : 0.786654 (0.017070)
potential : -1.261262 (0.016246)
energy : -0.474608 (0.002123)

kinetic : 0.790063 (0.016875)
potential : -1.264539 (0.016068)
energy : -0.474477 (0.002059)

kinetic : 0.794640 (0.016984)
potential : -1.269364 (0.016303)
energy : -0.474724 (0.002011)

kinetic : 0.792330 (0.016638)
potential : -1.266859 (0.016014)
energy : -0.474529 (0.001961)

kinetic : 0.793392 (0.016191)
potential : -1.268173 (0.015605)
energy : -0.474781 (0.001921)

kinetic : 0.794372 (0.015765)
potential : -1.269754 (0.015247)
energy : -0.475382 (0.001961)

kinetic : 0.795403 (0.015368)
potential : -1.270438 (0.014845)
energy : -0.475034 (0.001939)

kinetic : 0.794064 (0.015018)
potential : -1.269513 (0.014479)
energy : -0.475449 (0.001932)

kinetic : 0.796536 (0.014835)
potential : -1.272153 (0.014348)
energy : -0.475617 (0.001889)

kinetic : 0.797306 (0.014480)
potential : -1.272759 (0.013997)
energy : -0.475453 (0.001849)

kinetic : 0.797021 (0.014125)
potential : -1.272159 (0.013665)
energy : -0.475138 (0.001830)

kinetic : 0.798222 (0.013837)
potential : -1.273077 (0.013367)
energy : -0.474855 (0.001808)

kinetic : 0.798908 (0.013529)
potential : -1.273921 (0.013080)
energy : -0.475013 (0.001773)

kinetic : 0.799311 (0.013224)
potential : -1.274179 (0.012782)
energy : -0.474868 (0.001738)

kinetic : 0.798779 (0.012938)
potential : -1.273478 (0.012514)
energy : -0.474699 (0.001708)

kinetic : 0.798593 (0.012655)
potential : -1.272808 (0.012257)
energy : -0.474215 (0.001739)

kinetic : 0.795281 (0.012818)
potential : -1.269718 (0.012385)
energy : -0.474437 (0.001716)

kinetic : 0.793014 (0.012751)
potential : -1.267649 (0.012300)
energy : -0.474635 (0.001691)

kinetic : 0.792463 (0.012500)
potential : -1.267232 (0.012053)
energy : -0.474769 (0.001662)

kinetic : 0.793137 (0.012266)
potential : -1.267654 (0.011817)
energy : -0.474517 (0.001647)

kinetic : 0.793212 (0.012023)
potential : -1.267639 (0.011583)
energy : -0.474426 (0.001617)

kinetic : 0.792642 (0.011804)
potential : -1.267204 (0.011367)
energy : -0.474562 (0.001592)

kinetic : 0.792438 (0.011581)
potential : -1.267340 (0.011151)
energy : -0.474903 (0.001598)

kinetic : 0.792523 (0.011364)
potential : -1.267453 (0.010943)
energy : -0.474930 (0.001569)

kinetic : 0.791163 (0.011238)
potential : -1.265925 (0.010850)
energy : -0.474763 (0.001549)

kinetic : 0.788816 (0.011283)
potential : -1.263508 (0.010926)
energy : -0.474692 (0.001523)

kinetic : 0.788987 (0.011084)
potential : -1.263499 (0.010732)
energy : -0.474512 (0.001506)

kinetic : 0.789528 (0.010905)
potential : -1.263948 (0.010555)
energy : -0.474420 (0.001483)

kinetic : 0.789684 (0.010720)
potential : -1.264068 (0.010375)
energy : -0.474384 (0.001458)

kinetic : 0.787558 (0.010752)
potential : -1.262300 (0.010353)
energy : -0.474742 (0.001478)

kinetic : 0.788327 (0.010602)
potential : -1.262799 (0.010194)
energy : -0.474473 (0.001478)

kinetic : 0.786451 (0.010597)
potential : -1.260981 (0.010192)
energy : -0.474530 (0.001455)

kinetic : 0.786248 (0.010429)
potential : -1.260656 (0.010034)
energy : -0.474407 (0.001437)

kinetic : 0.783730 (0.010570)
potential : -1.258619 (0.010084)
energy : -0.474889 (0.001494)

kinetic : 0.782552 (0.010472)
potential : -1.257613 (0.009978)
energy : -0.475061 (0.001481)

kinetic : 0.782593 (0.010312)
potential : -1.257558 (0.009826)
energy : -0.474965 (0.001462)

kinetic : 0.782225 (0.010164)
potential : -1.257220 (0.009684)
energy : -0.474995 (0.001440)

kinetic : 0.782149 (0.010014)
potential : -1.257171 (0.009541)
energy : -0.475022 (0.001419)

kinetic : 0.781341 (0.009900)
potential : -1.256172 (0.009455)
energy : -0.474831 (0.001411)

kinetic : 0.781275 (0.009758)
potential : -1.255890 (0.009323)
energy : -0.474615 (0.001408)

kinetic : 0.780384 (0.009661)
potential : -1.255081 (0.009226)
energy : -0.474696 (0.001390)

kinetic : 0.779339 (0.009583)
potential : -1.254112 (0.009148)
energy : -0.474773 (0.001373)

kinetic : 0.779186 (0.009452)
potential : -1.254071 (0.009022)
energy : -0.474884 (0.001358)

kinetic : 0.778679 (0.009337)
potential : -1.253699 (0.008907)
energy : -0.475020 (0.001347)

kinetic : 0.779949 (0.009299)
potential : -1.254784 (0.008854)
energy : -0.474834 (0.001342)

kinetic : 0.778958 (0.009229)
potential : -1.253848 (0.008787)
energy : -0.474890 (0.001325)

kinetic : 0.779764 (0.009144)
potential : -1.254474 (0.008695)
energy : -0.474710 (0.001320)

kinetic : 0.779578 (0.009028)
potential : -1.254215 (0.008587)
energy : -0.474637 (0.001305)

kinetic : 0.779398 (0.008915)
potential : -1.254084 (0.008478)
energy : -0.474686 (0.001289)

kinetic : 0.779112 (0.008807)
potential : -1.253946 (0.008373)
energy : -0.474834 (0.001282)

kinetic : 0.780106 (0.008755)
potential : -1.254742 (0.008307)
energy : -0.474636 (0.001281)

kinetic : 0.778995 (0.008718)
potential : -1.253813 (0.008257)
energy : -0.474818 (0.001279)

kinetic : 0.780963 (0.008834)
potential : -1.255524 (0.008335)
energy : -0.474561 (0.001289)

kinetic : 0.782108 (0.008803)
potential : -1.256543 (0.008298)
energy : -0.474435 (0.001280)

kinetic : 0.782019 (0.008700)
potential : -1.256336 (0.008202)
energy : -0.474317 (0.001270)

kinetic : 0.782013 (0.008598)
potential : -1.256392 (0.008106)
energy : -0.474379 (0.001257)

kinetic : 0.781748 (0.008503)
potential : -1.256185 (0.008015)
energy : -0.474437 (0.001243)

kinetic : 0.783085 (0.008511)
potential : -1.257296 (0.008001)
energy : -0.474211 (0.001250)

kinetic : 0.782131 (0.008469)
potential : -1.256414 (0.007960)
energy : -0.474283 (0.001238)

kinetic : 0.782554 (0.008385)
potential : -1.256781 (0.007880)
energy : -0.474227 (0.001225)

kinetic : 0.782394 (0.008294)
potential : -1.256626 (0.007794)
energy : -0.474232 (0.001212)

kinetic : 0.781427 (0.008260)
potential : -1.255827 (0.007750)
energy : -0.474400 (0.001210)

kinetic : 0.781250 (0.008173)
potential : -1.255796 (0.007666)
energy : -0.474546 (0.001206)

kinetic : 0.781030 (0.008088)
potential : -1.255577 (0.007588)
energy : -0.474547 (0.001193)

kinetic : 0.780382 (0.008029)
potential : -1.255162 (0.007519)
energy : -0.474781 (0.001203)

kinetic : 0.779811 (0.007965)
potential : -1.254846 (0.007447)
energy : -0.475035 (0.001218)

kinetic : 0.780447 (0.007908)
potential : -1.255421 (0.007392)
energy : -0.474974 (0.001206)

kinetic : 0.780126 (0.007834)
potential : -1.254940 (0.007332)
energy : -0.474814 (0.001205)

kinetic : 0.780663 (0.007773)
potential : -1.255424 (0.007274)
energy : -0.474761 (0.001194)

kinetic : 0.779981 (0.007725)
potential : -1.254820 (0.007226)
energy : -0.474839 (0.001184)

kinetic : 0.779662 (0.007655)
potential : -1.254499 (0.007161)
energy : -0.474837 (0.001173)

kinetic : 0.778809 (0.007627)
potential : -1.253636 (0.007143)
energy : -0.474827 (0.001161)

kinetic : 0.778901 (0.007553)
potential : -1.253702 (0.007074)
energy : -0.474801 (0.001150)

kinetic : 0.780380 (0.007625)
potential : -1.255013 (0.007127)
energy : -0.474633 (0.001151)

kinetic : 0.780670 (0.007558)
potential : -1.255101 (0.007059)
energy : -0.474432 (0.001158)

kinetic : 0.780894 (0.007489)
potential : -1.255377 (0.006998)
energy : -0.474483 (0.001148)

kinetic : 0.781582 (0.007451)
potential : -1.255959 (0.006956)
energy : -0.474376 (0.001142)

kinetic : 0.781265 (0.007388)
potential : -1.255682 (0.006897)
energy : -0.474417 (0.001132)

kinetic : 0.781323 (0.007320)
potential : -1.255839 (0.006835)
energy : -0.474516 (0.001126)

kinetic : 0.780848 (0.007269)
potential : -1.255348 (0.006791)
energy : -0.474500 (0.001116)

kinetic : 0.780425 (0.007216)
potential : -1.254936 (0.006742)
energy : -0.474511 (0.001106)

kinetic : 0.779897 (0.007170)
potential : -1.254489 (0.006696)
energy : -0.474592 (0.001099)

kinetic : 0.779791 (0.007108)
potential : -1.254456 (0.006637)
energy : -0.474665 (0.001092)

kinetic : 0.779086 (0.007080)
potential : -1.253918 (0.006600)
energy : -0.474831 (0.001095)

kinetic : 0.778265 (0.007066)
potential : -1.253289 (0.006573)
energy : -0.475024 (0.001102)

kinetic : 0.778773 (0.007023)
potential : -1.253901 (0.006545)
energy : -0.475128 (0.001098)

kinetic : 0.779169 (0.006974)
potential : -1.254195 (0.006495)
energy : -0.475026 (0.001093)

kinetic : 0.778075 (0.007001)
potential : -1.253228 (0.006512)
energy : -0.475153 (0.001091)

kinetic : 0.777833 (0.006946)
potential : -1.253003 (0.006461)
energy : -0.475170 (0.001082)

kinetic : 0.776606 (0.006996)
potential : -1.252056 (0.006477)
energy : -0.475450 (0.001109)

kinetic : 0.776015 (0.006963)
potential : -1.251586 (0.006440)
energy : -0.475571 (0.001106)

kinetic : 0.776147 (0.006907)
potential : -1.251633 (0.006387)
energy : -0.475486 (0.001100)

kinetic : 0.775860 (0.006857)
potential : -1.251416 (0.006339)
energy : -0.475556 (0.001094)

kinetic : 0.775639 (0.006805)
potential : -1.251271 (0.006289)
energy : -0.475632 (0.001087)

kinetic : 0.774564 (0.006835)
potential : -1.250430 (0.006295)
energy : -0.475866 (0.001104)

kinetic : 0.774887 (0.006789)
potential : -1.250898 (0.006262)
energy : -0.476010 (0.001104)

kinetic : 0.775728 (0.006787)
potential : -1.251681 (0.006262)
energy : -0.475953 (0.001097)

kinetic : 0.776168 (0.006748)
potential : -1.252110 (0.006228)
energy : -0.475942 (0.001089)

kinetic : 0.776025 (0.006697)
potential : -1.252076 (0.006179)
energy : -0.476050 (0.001086)

kinetic : 0.775950 (0.006646)
potential : -1.251978 (0.006132)
energy : -0.476028 (0.001077)

kinetic : 0.777407 (0.006754)
potential : -1.253242 (0.006215)
energy : -0.475835 (0.001086)

kinetic : 0.777721 (0.006710)
potential : -1.253559 (0.006176)
energy : -0.475838 (0.001078)

kinetic : 0.777537 (0.006662)
potential : -1.253343 (0.006133)
energy : -0.475806 (0.001071)

kinetic : 0.776777 (0.006656)
potential : -1.252655 (0.006126)
energy : -0.475879 (0.001065)

kinetic : 0.777193 (0.006619)
potential : -1.252978 (0.006089)
energy : -0.475785 (0.001061)

kinetic : 0.776491 (0.006608)
potential : -1.252453 (0.006067)
energy : -0.475962 (0.001068)

kinetic : 0.777392 (0.006621)
potential : -1.253210 (0.006070)
energy : -0.475819 (0.001070)

kinetic : 0.777382 (0.006573)
potential : -1.253160 (0.006026)
energy : -0.475778 (0.001063)

kinetic : 0.777254 (0.006527)
potential : -1.253005 (0.005984)
energy : -0.475751 (0.001056)

kinetic : 0.777356 (0.006481)
potential : -1.253059 (0.005942)
energy : -0.475703 (0.001049)

kinetic : 0.777274 (0.006435)
potential : -1.252916 (0.005901)
energy : -0.475642 (0.001044)

kinetic : 0.777197 (0.006390)
potential : -1.253038 (0.005861)
energy : -0.475841 (0.001055)

kinetic : 0.777200 (0.006345)
potential : -1.252996 (0.005820)
energy : -0.475796 (0.001049)

kinetic : 0.776445 (0.006346)
potential : -1.252266 (0.005825)
energy : -0.475821 (0.001042)

kinetic : 0.776008 (0.006317)
potential : -1.251882 (0.005797)
energy : -0.475874 (0.001036)

kinetic : 0.775909 (0.006275)
potential : -1.251798 (0.005758)
energy : -0.475889 (0.001029)

kinetic : 0.775658 (0.006237)
potential : -1.251520 (0.005726)
energy : -0.475862 (0.001022)

kinetic : 0.776181 (0.006217)
potential : -1.252109 (0.005717)
energy : -0.475928 (0.001017)

kinetic : 0.776247 (0.006175)
potential : -1.252147 (0.005679)
energy : -0.475901 (0.001011)

kinetic : 0.776566 (0.006142)
potential : -1.252458 (0.005649)
energy : -0.475892 (0.001004)

kinetic : 0.777637 (0.006195)
potential : -1.253467 (0.005702)
energy : -0.475830 (0.000999)

kinetic : 0.777634 (0.006154)
potential : -1.253391 (0.005665)
energy : -0.475757 (0.000995)

kinetic : 0.777125 (0.006135)
potential : -1.252893 (0.005650)
energy : -0.475768 (0.000989)

kinetic : 0.777028 (0.006095)
potential : -1.252770 (0.005614)
energy : -0.475742 (0.000983)

kinetic : 0.776126 (0.006123)
potential : -1.251881 (0.005648)
energy : -0.475755 (0.000977)

kinetic : 0.777022 (0.006149)
potential : -1.252650 (0.005664)
energy : -0.475628 (0.000979)

kinetic : 0.777546 (0.006132)
potential : -1.253067 (0.005644)
energy : -0.475521 (0.000978)

kinetic : 0.777482 (0.006094)
potential : -1.252932 (0.005609)
energy : -0.475450 (0.000975)

kinetic : 0.777257 (0.006059)
potential : -1.252665 (0.005580)
energy : -0.475408 (0.000969)

kinetic : 0.777352 (0.006022)
potential : -1.252715 (0.005546)
energy : -0.475364 (0.000964)

kinetic : 0.777084 (0.005991)
potential : -1.252393 (0.005520)
energy : -0.475309 (0.000960)

kinetic : 0.777701 (0.005985)
potential : -1.252824 (0.005503)
energy : -0.475123 (0.000972)

kinetic : 0.777403 (0.005956)
potential : -1.252544 (0.005477)
energy : -0.475142 (0.000966)

kinetic : 0.776972 (0.005935)
potential : -1.252273 (0.005450)
energy : -0.475301 (0.000973)

kinetic : 0.778231 (0.006032)
potential : -1.253542 (0.005563)
energy : -0.475311 (0.000967)

kinetic : 0.778558 (0.006004)
potential : -1.253776 (0.005535)
energy : -0.475218 (0.000966)

kinetic : 0.778002 (0.005994)
potential : -1.253303 (0.005522)
energy : -0.475301 (0.000964)

kinetic : 0.777658 (0.005968)
potential : -1.253103 (0.005492)
energy : -0.475446 (0.000969)

kinetic : 0.777169 (0.005953)
potential : -1.252753 (0.005471)
energy : -0.475585 (0.000973)

kinetic : 0.777548 (0.005930)
potential : -1.253028 (0.005446)
energy : -0.475481 (0.000973)

kinetic : 0.777324 (0.005900)
potential : -1.252861 (0.005416)
energy : -0.475537 (0.000969)

kinetic : 0.778067 (0.005912)
potential : -1.253476 (0.005420)
energy : -0.475409 (0.000972)

kinetic : 0.778502 (0.005894)
potential : -1.253895 (0.005405)
energy : -0.475393 (0.000966)

kinetic : 0.779526 (0.005949)
potential : -1.254915 (0.005469)
energy : -0.475389 (0.000961)

kinetic : 0.779452 (0.005915)
potential : -1.254860 (0.005438)
energy : -0.475408 (0.000955)

kinetic : 0.779773 (0.005890)
potential : -1.255100 (0.005413)
energy : -0.475327 (0.000953)

kinetic : 0.779198 (0.005885)
potential : -1.254644 (0.005401)
energy : -0.475445 (0.000955)

kinetic : 0.779232 (0.005852)
potential : -1.254686 (0.005371)
energy : -0.475454 (0.000950)

kinetic : 0.779416 (0.005822)
potential : -1.254860 (0.005344)
energy : -0.475444 (0.000945)

kinetic : 0.779149 (0.005796)
potential : -1.254648 (0.005318)
energy : -0.475498 (0.000941)

kinetic : 0.779401 (0.005769)
potential : -1.254954 (0.005298)
energy : -0.475553 (0.000937)

kinetic : 0.779759 (0.005748)
potential : -1.255286 (0.005279)
energy : -0.475527 (0.000932)

kinetic : 0.779633 (0.005718)
potential : -1.255152 (0.005252)
energy : -0.475518 (0.000927)

kinetic : 0.779906 (0.005694)
potential : -1.255396 (0.005229)
energy : -0.475490 (0.000923)

kinetic : 0.780594 (0.005704)
potential : -1.255931 (0.005228)
energy : -0.475337 (0.000930)

kinetic : 0.780660 (0.005674)
potential : -1.256089 (0.005202)
energy : -0.475429 (0.000930)

kinetic : 0.780708 (0.005644)
potential : -1.256055 (0.005174)
energy : -0.475347 (0.000929)

kinetic : 0.780608 (0.005615)
potential : -1.255979 (0.005147)
energy : -0.475371 (0.000924)

kinetic : 0.780806 (0.005588)
potential : -1.256184 (0.005124)
energy : -0.475378 (0.000919)

kinetic : 0.781681 (0.005627)
potential : -1.257010 (0.005164)
energy : -0.475329 (0.000915)

kinetic : 0.782213 (0.005623)
potential : -1.257498 (0.005160)
energy : -0.475285 (0.000912)

kinetic : 0.781978 (0.005598)
potential : -1.257316 (0.005136)
energy : -0.475338 (0.000908)

kinetic : 0.781588 (0.005583)
potential : -1.256979 (0.005120)
energy : -0.475391 (0.000905)

kinetic : 0.781510 (0.005555)
potential : -1.256906 (0.005094)
energy : -0.475395 (0.000901)

kinetic : 0.781467 (0.005526)
potential : -1.256817 (0.005069)
energy : -0.475350 (0.000897)

kinetic : 0.781866 (0.005512)
potential : -1.257149 (0.005054)
energy : -0.475283 (0.000895)

kinetic : 0.782336 (0.005504)
potential : -1.257539 (0.005043)
energy : -0.475203 (0.000894)

kinetic : 0.781884 (0.005495)
potential : -1.257106 (0.005036)
energy : -0.475221 (0.000890)

kinetic : 0.781991 (0.005469)
potential : -1.257235 (0.005013)
energy : -0.475245 (0.000886)

kinetic : 0.781532 (0.005460)
potential : -1.256871 (0.005001)
energy : -0.475339 (0.000886)

kinetic : 0.781338 (0.005437)
potential : -1.256695 (0.004979)
energy : -0.475356 (0.000882)

kinetic : 0.781968 (0.005446)
potential : -1.257269 (0.004988)
energy : -0.475300 (0.000879)

kinetic : 0.781500 (0.005440)
potential : -1.256827 (0.004982)
energy : -0.475327 (0.000875)

kinetic : 0.781429 (0.005413)
potential : -1.256691 (0.004960)
energy : -0.475262 (0.000874)

kinetic : 0.781800 (0.005400)
potential : -1.256999 (0.004945)
energy : -0.475199 (0.000872)

kinetic : 0.781819 (0.005373)
potential : -1.256937 (0.004922)
energy : -0.475117 (0.000871)

kinetic : 0.782005 (0.005350)
potential : -1.257055 (0.004899)
energy : -0.475050 (0.000870)

kinetic : 0.782688 (0.005368)
potential : -1.257664 (0.004913)
energy : -0.474976 (0.000869)

kinetic : 0.783347 (0.005383)
potential : -1.258304 (0.004932)
energy : -0.474957 (0.000865)

kinetic : 0.782899 (0.005376)
potential : -1.257976 (0.004919)
energy : -0.475077 (0.000869)

kinetic : 0.782379 (0.005376)
potential : -1.257565 (0.004913)
energy : -0.475186 (0.000872)

kinetic : 0.782457 (0.005351)
potential : -1.257677 (0.004891)
energy : -0.475220 (0.000868)

kinetic : 0.782659 (0.005330)
potential : -1.257807 (0.004870)
energy : -0.475148 (0.000867)

kinetic : 0.781939 (0.005353)
potential : -1.257040 (0.004907)
energy : -0.475101 (0.000864)

kinetic : 0.781926 (0.005328)
potential : -1.257012 (0.004884)
energy : -0.475086 (0.000860)

kinetic : 0.781650 (0.005311)
potential : -1.256809 (0.004866)
energy : -0.475159 (0.000860)

kinetic : 0.781783 (0.005288)
potential : -1.256957 (0.004846)
energy : -0.475174 (0.000856)

kinetic : 0.783054 (0.005415)
potential : -1.258140 (0.004966)
energy : -0.475087 (0.000856)

kinetic : 0.782898 (0.005392)
potential : -1.257994 (0.004946)
energy : -0.475096 (0.000852)

kinetic : 0.783288 (0.005382)
potential : -1.258324 (0.004934)
energy : -0.475035 (0.000851)

kinetic : 0.783100 (0.005361)
potential : -1.258134 (0.004916)
energy : -0.475034 (0.000847)

kinetic : 0.783255 (0.005339)
potential : -1.258195 (0.004894)
energy : -0.474940 (0.000848)

kinetic : 0.783246 (0.005315)
potential : -1.258186 (0.004872)
energy : -0.474940 (0.000844)

kinetic : 0.783436 (0.005294)
potential : -1.258318 (0.004852)
energy : -0.474881 (0.000843)

kinetic : 0.783221 (0.005275)
potential : -1.258171 (0.004832)
energy : -0.474949 (0.000842)

kinetic : 0.783217 (0.005252)
potential : -1.258165 (0.004811)
energy : -0.474948 (0.000838)

kinetic : 0.783494 (0.005236)
potential : -1.258345 (0.004793)
energy : -0.474851 (0.000840)

kinetic : 0.783438 (0.005213)
potential : -1.258241 (0.004773)
energy : -0.474803 (0.000837)

kinetic : 0.782999 (0.005209)
potential : -1.257777 (0.004775)
energy : -0.474778 (0.000834)

kinetic : 0.782500 (0.005210)
potential : -1.257347 (0.004774)
energy : -0.474847 (0.000833)

kinetic : 0.782590 (0.005188)
potential : -1.257385 (0.004753)
energy : -0.474795 (0.000831)

kinetic : 0.782335 (0.005172)
potential : -1.257127 (0.004740)
energy : -0.474792 (0.000828)

kinetic : 0.782517 (0.005153)
potential : -1.257291 (0.004722)
energy : -0.474774 (0.000825)

kinetic : 0.782230 (0.005139)
potential : -1.257071 (0.004707)
energy : -0.474842 (0.000824)

kinetic : 0.782131 (0.005118)
potential : -1.256969 (0.004688)
energy : -0.474839 (0.000820)

kinetic : 0.781833 (0.005105)
potential : -1.256689 (0.004676)
energy : -0.474856 (0.000817)

kinetic : 0.781985 (0.005086)
potential : -1.256778 (0.004658)
energy : -0.474793 (0.000816)

kinetic : 0.782179 (0.005068)
potential : -1.256975 (0.004642)
energy : -0.474795 (0.000812)

kinetic : 0.782469 (0.005055)
potential : -1.257260 (0.004631)
energy : -0.474790 (0.000809)

kinetic : 0.782560 (0.005035)
potential : -1.257339 (0.004613)
energy : -0.474778 (0.000806)

kinetic : 0.782573 (0.005014)
potential : -1.257339 (0.004594)
energy : -0.474766 (0.000803)

kinetic : 0.783220 (0.005035)
potential : -1.257905 (0.004609)
energy : -0.474685 (0.000803)

kinetic : 0.783082 (0.005016)
potential : -1.257816 (0.004591)
energy : -0.474735 (0.000802)

kinetic : 0.783484 (0.005012)
potential : -1.258209 (0.004589)
energy : -0.474725 (0.000798)

kinetic : 0.784387 (0.005072)
potential : -1.259039 (0.004645)
energy : -0.474652 (0.000798)

kinetic : 0.784422 (0.005052)
potential : -1.259112 (0.004627)
energy : -0.474689 (0.000796)

kinetic : 0.784650 (0.005037)
potential : -1.259286 (0.004611)
energy : -0.474636 (0.000795)

kinetic : 0.785093 (0.005036)
potential : -1.259646 (0.004607)
energy : -0.474553 (0.000796)

kinetic : 0.785580 (0.005039)
potential : -1.260063 (0.004607)
energy : -0.474483 (0.000796)

kinetic : 0.785531 (0.005019)
potential : -1.260025 (0.004589)
energy : -0.474493 (0.000793)

kinetic : 0.786219 (0.005046)
potential : -1.260693 (0.004619)
energy : -0.474474 (0.000790)

kinetic : 0.786809 (0.005061)
potential : -1.261135 (0.004622)
energy : -0.474326 (0.000800)

kinetic : 0.786547 (0.005047)
potential : -1.260967 (0.004607)
energy : -0.474420 (0.000803)

kinetic : 0.786422 (0.005029)
potential : -1.260806 (0.004591)
energy : -0.474384 (0.000800)

kinetic : 0.786826 (0.005025)
potential : -1.261140 (0.004586)
energy : -0.474314 (0.000800)

kinetic : 0.786602 (0.005011)
potential : -1.260912 (0.004573)
energy : -0.474310 (0.000797)

kinetic : 0.786417 (0.004995)
potential : -1.260768 (0.004558)
energy : -0.474351 (0.000795)

kinetic : 0.786281 (0.004977)
potential : -1.260618 (0.004543)
energy : -0.474337 (0.000792)

kinetic : 0.786239 (0.004958)
potential : -1.260610 (0.004525)
energy : -0.474372 (0.000790)

kinetic : 0.786141 (0.004940)
potential : -1.260537 (0.004508)
energy : -0.474396 (0.000787)

kinetic : 0.786030 (0.004922)
potential : -1.260415 (0.004492)
energy : -0.474385 (0.000784)

kinetic : 0.786280 (0.004910)
potential : -1.260641 (0.004481)
energy : -0.474360 (0.000781)

kinetic : 0.786137 (0.004893)
potential : -1.260463 (0.004467)
energy : -0.474326 (0.000779)

kinetic : 0.786151 (0.004875)
potential : -1.260488 (0.004451)
energy : -0.474338 (0.000776)

kinetic : 0.786204 (0.004856)
potential : -1.260557 (0.004434)
energy : -0.474353 (0.000774)

kinetic : 0.786069 (0.004840)
potential : -1.260397 (0.004420)
energy : -0.474328 (0.000771)

kinetic : 0.786076 (0.004822)
potential : -1.260406 (0.004404)
energy : -0.474330 (0.000768)

kinetic : 0.785943 (0.004806)
potential : -1.260190 (0.004393)
energy : -0.474246 (0.000770)

kinetic : 0.786078 (0.004790)
potential : -1.260351 (0.004379)
energy : -0.474273 (0.000768)

kinetic : 0.785619 (0.004794)
potential : -1.260014 (0.004376)
energy : -0.474395 (0.000774)

kinetic : 0.785868 (0.004783)
potential : -1.260229 (0.004365)
energy : -0.474361 (0.000772)

kinetic : 0.786057 (0.004769)
potential : -1.260463 (0.004355)
energy : -0.474406 (0.000771)

kinetic : 0.786088 (0.004751)
potential : -1.260502 (0.004340)
energy : -0.474414 (0.000768)

kinetic : 0.786271 (0.004738)
potential : -1.260610 (0.004325)
energy : -0.474339 (0.000769)

kinetic : 0.786258 (0.004720)
potential : -1.260546 (0.004310)
energy : -0.474288 (0.000768)

kinetic : 0.785822 (0.004723)
potential : -1.260136 (0.004314)
energy : -0.474314 (0.000765)

kinetic : 0.785997 (0.004710)
potential : -1.260322 (0.004302)
energy : -0.474325 (0.000762)

kinetic : 0.785679 (0.004703)
potential : -1.260045 (0.004296)
energy : -0.474366 (0.000761)

kinetic : 0.785962 (0.004695)
potential : -1.260319 (0.004289)
energy : -0.474356 (0.000758)

kinetic : 0.785851 (0.004680)
potential : -1.260143 (0.004277)
energy : -0.474292 (0.000758)

kinetic : 0.785827 (0.004663)
potential : -1.260184 (0.004262)
energy : -0.474357 (0.000758)

kinetic : 0.786084 (0.004653)
potential : -1.260394 (0.004252)
energy : -0.474311 (0.000757)

kinetic : 0.785753 (0.004649)
potential : -1.260121 (0.004246)
energy : -0.474367 (0.000757)

kinetic : 0.786095 (0.004645)
potential : -1.260452 (0.004244)
energy : -0.474357 (0.000754)

kinetic : 0.785939 (0.004631)
potential : -1.260272 (0.004233)
energy : -0.474333 (0.000752)

kinetic : 0.785805 (0.004617)
potential : -1.260143 (0.004220)
energy : -0.474337 (0.000749)

kinetic : 0.785911 (0.004602)
potential : -1.260320 (0.004209)
energy : -0.474409 (0.000750)

kinetic : 0.785862 (0.004586)
potential : -1.260245 (0.004195)
energy : -0.474383 (0.000748)

kinetic : 0.786060 (0.004575)
potential : -1.260403 (0.004183)
energy : -0.474343 (0.000746)

kinetic : 0.786058 (0.004559)
potential : -1.260434 (0.004169)
energy : -0.474376 (0.000744)

kinetic : 0.785901 (0.004546)
potential : -1.260308 (0.004157)
energy : -0.474407 (0.000742)

kinetic : 0.786798 (0.004618)
potential : -1.261161 (0.004229)
energy : -0.474364 (0.000741)

kinetic : 0.786675 (0.004604)
potential : -1.261087 (0.004216)
energy : -0.474412 (0.000740)

kinetic : 0.786815 (0.004590)
potential : -1.261216 (0.004203)
energy : -0.474401 (0.000738)

kinetic : 0.787110 (0.004584)
potential : -1.261425 (0.004194)
energy : -0.474315 (0.000740)

kinetic : 0.786734 (0.004584)
potential : -1.261141 (0.004190)
energy : -0.474407 (0.000743)

kinetic : 0.786531 (0.004573)
potential : -1.260968 (0.004179)
energy : -0.474438 (0.000742)

kinetic : 0.786336 (0.004562)
potential : -1.260819 (0.004168)
energy : -0.474483 (0.000740)

kinetic : 0.786635 (0.004557)
potential : -1.261110 (0.004164)
energy : -0.474475 (0.000738)

kinetic : 0.786826 (0.004546)
potential : -1.261217 (0.004151)
energy : -0.474391 (0.000740)

kinetic : 0.787013 (0.004534)
potential : -1.261375 (0.004141)
energy : -0.474362 (0.000738)

kinetic : 0.786843 (0.004522)
potential : -1.261221 (0.004130)
energy : -0.474378 (0.000736)

kinetic : 0.786944 (0.004509)
potential : -1.261324 (0.004117)
energy : -0.474380 (0.000734)

kinetic : 0.786765 (0.004497)
potential : -1.261147 (0.004108)
energy : -0.474382 (0.000731)

kinetic : 0.787988 (0.004646)
potential : -1.262362 (0.004271)
energy : -0.474374 (0.000729)

kinetic : 0.787949 (0.004631)
potential : -1.262347 (0.004257)
energy : -0.474398 (0.000727)

kinetic : 0.787627 (0.004627)
potential : -1.262029 (0.004255)
energy : -0.474402 (0.000725)

kinetic : 0.787865 (0.004619)
potential : -1.262260 (0.004247)
energy : -0.474395 (0.000722)

kinetic : 0.788169 (0.004614)
potential : -1.262494 (0.004240)
energy : -0.474325 (0.000723)

kinetic : 0.788098 (0.004599)
potential : -1.262518 (0.004226)
energy : -0.474420 (0.000727)

kinetic : 0.788034 (0.004585)
potential : -1.262467 (0.004213)
energy : -0.474433 (0.000725)

kinetic : 0.788711 (0.004620)
potential : -1.263144 (0.004254)
energy : -0.474433 (0.000723)

kinetic : 0.788982 (0.004613)
potential : -1.263372 (0.004246)
energy : -0.474391 (0.000722)

kinetic : 0.788853 (0.004600)
potential : -1.263269 (0.004234)
energy : -0.474416 (0.000720)

kinetic : 0.788680 (0.004589)
potential : -1.263087 (0.004224)
energy : -0.474407 (0.000718)

kinetic : 0.788362 (0.004585)
potential : -1.262826 (0.004219)
energy : -0.474464 (0.000718)

kinetic : 0.788530 (0.004574)
potential : -1.263046 (0.004211)
energy : -0.474515 (0.000717)

kinetic : 0.788526 (0.004560)
potential : -1.263087 (0.004198)
energy : -0.474561 (0.000716)

kinetic : 0.788645 (0.004547)
potential : -1.263188 (0.004186)
energy : -0.474543 (0.000714)

kinetic : 0.789632 (0.004639)
potential : -1.264168 (0.004287)
energy : -0.474536 (0.000712)

kinetic : 0.789462 (0.004628)
potential : -1.264027 (0.004276)
energy : -0.474565 (0.000710)

kinetic : 0.789545 (0.004614)
potential : -1.264144 (0.004264)
energy : -0.474599 (0.000709)

kinetic : 0.789725 (0.004603)
potential : -1.264326 (0.004255)
energy : -0.474600 (0.000707)

kinetic : 0.789974 (0.004596)
potential : -1.264596 (0.004250)
energy : -0.474622 (0.000705)

kinetic : 0.790110 (0.004583)
potential : -1.264783 (0.004241)
energy : -0.474672 (0.000705)

kinetic : 0.790113 (0.004569)
potential : -1.264710 (0.004229)
energy : -0.474597 (0.000707)

kinetic : 0.789925 (0.004559)
potential : -1.264568 (0.004218)
energy : -0.474642 (0.000706)

kinetic : 0.790407 (0.004571)
potential : -1.265005 (0.004228)
energy : -0.474597 (0.000705)

kinetic : 0.790518 (0.004558)
potential : -1.265048 (0.004215)
energy : -0.474530 (0.000706)

kinetic : 0.790047 (0.004569)
potential : -1.264607 (0.004226)
energy : -0.474560 (0.000705)

kinetic : 0.790142 (0.004556)
potential : -1.264652 (0.004213)
energy : -0.474510 (0.000704)

kinetic : 0.790439 (0.004552)
potential : -1.264919 (0.004209)
energy : -0.474481 (0.000703)

kinetic : 0.790562 (0.004540)
potential : -1.265040 (0.004198)
energy : -0.474478 (0.000701)

kinetic : 0.790654 (0.004527)
potential : -1.265150 (0.004187)
energy : -0.474496 (0.000699)

kinetic : 0.791078 (0.004534)
potential : -1.265562 (0.004195)
energy : -0.474485 (0.000697)

kinetic : 0.790925 (0.004523)
potential : -1.265397 (0.004185)
energy : -0.474471 (0.000695)

kinetic : 0.790748 (0.004513)
potential : -1.265221 (0.004177)
energy : -0.474472 (0.000693)

kinetic : 0.790893 (0.004502)
potential : -1.265324 (0.004166)
energy : -0.474432 (0.000692)

kinetic : 0.791116 (0.004494)
potential : -1.265493 (0.004157)
energy : -0.474377 (0.000692)

kinetic : 0.790774 (0.004494)
potential : -1.265175 (0.004157)
energy : -0.474401 (0.000690)

kinetic : 0.790273 (0.004508)
potential : -1.264700 (0.004172)
energy : -0.474428 (0.000689)

kinetic : 0.790337 (0.004496)
potential : -1.264714 (0.004159)
energy : -0.474377 (0.000689)

kinetic : 0.790589 (0.004490)
potential : -1.264882 (0.004151)
energy : -0.474292 (0.000692)

kinetic : 0.790689 (0.004478)
potential : -1.265050 (0.004142)
energy : -0.474361 (0.000693)

kinetic : 0.790629 (0.004465)
potential : -1.264978 (0.004131)
energy : -0.474349 (0.000691)

kinetic : 0.790234 (0.004470)
potential : -1.264651 (0.004132)
energy : -0.474417 (0.000693)

kinetic : 0.790057 (0.004460)
potential : -1.264475 (0.004123)
energy : -0.474417 (0.000691)

kinetic : 0.790009 (0.004448)
potential : -1.264422 (0.004112)
energy : -0.474413 (0.000689)

kinetic : 0.789851 (0.004438)
potential : -1.264263 (0.004103)
energy : -0.474413 (0.000687)

kinetic : 0.789690 (0.004428)
potential : -1.264104 (0.004095)
energy : -0.474415 (0.000685)

kinetic : 0.789665 (0.004415)
potential : -1.264071 (0.004083)
energy : -0.474407 (0.000683)

kinetic : 0.789549 (0.004404)
potential : -1.263972 (0.004073)
energy : -0.474423 (0.000681)

kinetic : 0.789673 (0.004394)
potential : -1.264054 (0.004062)
energy : -0.474381 (0.000681)

kinetic : 0.789454 (0.004387)
potential : -1.263860 (0.004055)
energy : -0.474406 (0.000679)

kinetic : 0.789835 (0.004391)
potential : -1.264233 (0.004061)
energy : -0.474398 (0.000677)

kinetic : 0.789564 (0.004387)
potential : -1.264002 (0.004056)
energy : -0.474439 (0.000677)

kinetic : 0.789418 (0.004377)
potential : -1.263884 (0.004046)
energy : -0.474467 (0.000675)

kinetic : 0.789457 (0.004365)
potential : -1.263900 (0.004035)
energy : -0.474443 (0.000674)

kinetic : 0.791471 (0.004796)
potential : -1.265874 (0.004482)
energy : -0.474403 (0.000673)

kinetic : 0.791881 (0.004800)
potential : -1.266285 (0.004488)
energy : -0.474404 (0.000671)

kinetic : 0.791790 (0.004788)
potential : -1.266162 (0.004477)
energy : -0.474372 (0.000670)

kinetic : 0.791437 (0.004788)
potential : -1.265816 (0.004478)
energy : -0.474380 (0.000668)

kinetic : 0.791598 (0.004777)
potential : -1.265936 (0.004468)
energy : -0.474338 (0.000668)

kinetic : 0.791674 (0.004765)
potential : -1.266020 (0.004456)
energy : -0.474346 (0.000666)

kinetic : 0.791354 (0.004762)
potential : -1.265711 (0.004455)
energy : -0.474357 (0.000664)

kinetic : 0.791056 (0.004759)
potential : -1.265470 (0.004449)
energy : -0.474414 (0.000665)

kinetic : 0.790718 (0.004758)
potential : -1.265175 (0.004447)
energy : -0.474457 (0.000664)

kinetic : 0.790509 (0.004749)
potential : -1.265012 (0.004437)
energy : -0.474503 (0.000664)

kinetic : 0.790551 (0.004737)
potential : -1.265057 (0.004426)
energy : -0.474506 (0.000662)

kinetic : 0.790412 (0.004726)
potential : -1.264911 (0.004416)
energy : -0.474500 (0.000661)

kinetic : 0.790727 (0.004724)
potential : -1.265156 (0.004411)
energy : -0.474429 (0.000663)

kinetic : 0.790611 (0.004712)
potential : -1.265098 (0.004399)
energy : -0.474487 (0.000663)

kinetic : 0.790471 (0.004702)
potential : -1.264974 (0.004389)
energy : -0.474503 (0.000662)

kinetic : 0.790006 (0.004712)
potential : -1.264596 (0.004394)
energy : -0.474590 (0.000666)

kinetic : 0.789958 (0.004700)
potential : -1.264592 (0.004382)
energy : -0.474634 (0.000665)

kinetic : 0.789986 (0.004687)
potential : -1.264592 (0.004371)
energy : -0.474606 (0.000664)

kinetic : 0.789867 (0.004676)
potential : -1.264435 (0.004362)
energy : -0.474567 (0.000664)

kinetic : 0.789524 (0.004677)
potential : -1.264132 (0.004361)
energy : -0.474608 (0.000663)

kinetic : 0.789606 (0.004665)
potential : -1.264254 (0.004351)
energy : -0.474648 (0.000663)

kinetic : 0.789311 (0.004662)
potential : -1.263973 (0.004348)
energy : -0.474662 (0.000661)

kinetic : 0.789234 (0.004650)
potential : -1.263910 (0.004338)
energy : -0.474676 (0.000659)

kinetic : 0.789622 (0.004654)
potential : -1.264248 (0.004339)
energy : -0.474626 (0.000660)

kinetic : 0.789577 (0.004642)
potential : -1.264172 (0.004329)
energy : -0.474595 (0.000659)

kinetic : 0.789714 (0.004632)
potential : -1.264233 (0.004318)
energy : -0.474519 (0.000661)

kinetic : 0.789949 (0.004626)
potential : -1.264403 (0.004310)
energy : -0.474453 (0.000663)

kinetic : 0.789529 (0.004633)
potential : -1.264047 (0.004313)
energy : -0.474519 (0.000664)

kinetic : 0.789849 (0.004632)
potential : -1.264337 (0.004312)
energy : -0.474489 (0.000663)

kinetic : 0.790082 (0.004626)
potential : -1.264591 (0.004308)
energy : -0.474508 (0.000662)

kinetic : 0.789723 (0.004629)
potential : -1.264265 (0.004310)
energy : -0.474542 (0.000661)

kinetic : 0.789437 (0.004625)
potential : -1.264041 (0.004304)
energy : -0.474604 (0.000662)

kinetic : 0.789583 (0.004616)
potential : -1.264148 (0.004295)
energy : -0.474565 (0.000662)

kinetic : 0.789701 (0.004606)
potential : -1.264267 (0.004285)
energy : -0.474566 (0.000660)

kinetic : 0.789765 (0.004594)
potential : -1.264332 (0.004275)
energy : -0.474567 (0.000658)

kinetic : 0.789543 (0.004588)
potential : -1.264171 (0.004267)
energy : -0.474628 (0.000659)

kinetic : 0.789386 (0.004579)
potential : -1.264022 (0.004259)
energy : -0.474636 (0.000658)

kinetic : 0.789219 (0.004571)
potential : -1.263863 (0.004251)
energy : -0.474644 (0.000656)

kinetic : 0.789155 (0.004560)
potential : -1.263780 (0.004241)
energy : -0.474625 (0.000655)

kinetic : 0.788877 (0.004557)
potential : -1.263534 (0.004238)
energy : -0.474657 (0.000654)

kinetic : 0.788583 (0.004555)
potential : -1.263265 (0.004236)
energy : -0.474683 (0.000653)

kinetic : 0.788426 (0.004546)
potential : -1.263137 (0.004227)
energy : -0.474711 (0.000652)

kinetic : 0.788519 (0.004536)
potential : -1.263221 (0.004217)
energy : -0.474702 (0.000650)

kinetic : 0.788761 (0.004531)
potential : -1.263469 (0.004214)
energy : -0.474708 (0.000649)

kinetic : 0.788905 (0.004522)
potential : -1.263604 (0.004206)
energy : -0.474699 (0.000647)

kinetic : 0.789456 (0.004544)
potential : -1.264164 (0.004232)
energy : -0.474708 (0.000646)

kinetic : 0.789210 (0.004540)
potential : -1.263977 (0.004226)
energy : -0.474767 (0.000647)

kinetic : 0.788793 (0.004547)
potential : -1.263584 (0.004234)
energy : -0.474791 (0.000646)

kinetic : 0.788751 (0.004536)
potential : -1.263540 (0.004224)
energy : -0.474789 (0.000644)

kinetic : 0.788809 (0.004526)
potential : -1.263603 (0.004214)
energy : -0.474794 (0.000642)

kinetic : 0.788579 (0.004520)
potential : -1.263452 (0.004206)
energy : -0.474873 (0.000646)

kinetic : 0.788422 (0.004512)
potential : -1.263286 (0.004199)
energy : -0.474864 (0.000644)

kinetic : 0.788503 (0.004502)
potential : -1.263354 (0.004190)
energy : -0.474851 (0.000643)

kinetic : 0.788439 (0.004491)
potential : -1.263285 (0.004180)
energy : -0.474847 (0.000641)

kinetic : 0.788872 (0.004501)
potential : -1.263653 (0.004186)
energy : -0.474781 (0.000643)

kinetic : 0.789212 (0.004503)
potential : -1.263916 (0.004184)
energy : -0.474705 (0.000646)

kinetic : 0.789537 (0.004504)
potential : -1.264235 (0.004186)
energy : -0.474699 (0.000645)

kinetic : 0.789524 (0.004493)
potential : -1.264212 (0.004176)
energy : -0.474688 (0.000643)

kinetic : 0.789515 (0.004483)
potential : -1.264211 (0.004166)
energy : -0.474696 (0.000642)

kinetic : 0.789360 (0.004475)
potential : -1.264063 (0.004159)
energy : -0.474703 (0.000640)

kinetic : 0.789245 (0.004465)
potential : -1.263980 (0.004150)
energy : -0.474735 (0.000639)

kinetic : 0.789281 (0.004455)
potential : -1.263968 (0.004140)
energy : -0.474687 (0.000640)

kinetic : 0.789059 (0.004450)
potential : -1.263735 (0.004137)
energy : -0.474676 (0.000638)

kinetic : 0.789221 (0.004442)
potential : -1.263861 (0.004129)
energy : -0.474640 (0.000638)

kinetic : 0.789067 (0.004434)
potential : -1.263699 (0.004122)
energy : -0.474632 (0.000636)

kinetic : 0.788847 (0.004429)
potential : -1.263515 (0.004117)
energy : -0.474668 (0.000636)

kinetic : 0.788515 (0.004431)
potential : -1.263250 (0.004115)
energy : -0.474735 (0.000638)

kinetic : 0.788462 (0.004421)
potential : -1.263198 (0.004106)
energy : -0.474736 (0.000636)

kinetic : 0.788672 (0.004416)
potential : -1.263393 (0.004101)
energy : -0.474721 (0.000635)

kinetic : 0.788370 (0.004416)
potential : -1.263118 (0.004101)
energy : -0.474748 (0.000634)

kinetic : 0.788433 (0.004406)
potential : -1.263189 (0.004092)
energy : -0.474756 (0.000633)

kinetic : 0.788446 (0.004396)
potential : -1.263177 (0.004082)
energy : -0.474731 (0.000632)

kinetic : 0.788524 (0.004386)
potential : -1.263235 (0.004073)
energy : -0.474711 (0.000630)

kinetic : 0.788692 (0.004379)
potential : -1.263390 (0.004067)
energy : -0.474698 (0.000629)

kinetic : 0.788724 (0.004369)
potential : -1.263460 (0.004058)
energy : -0.474735 (0.000629)

kinetic : 0.789213 (0.004387)
potential : -1.263908 (0.004073)
energy : -0.474695 (0.000629)

kinetic : 0.789218 (0.004376)
potential : -1.263917 (0.004064)
energy : -0.474700 (0.000627)

kinetic : 0.788974 (0.004373)
potential : -1.263729 (0.004059)
energy : -0.474756 (0.000628)

kinetic : 0.788531 (0.004386)
potential : -1.263347 (0.004068)
energy : -0.474817 (0.000630)

kinetic : 0.789052 (0.004407)
potential : -1.263791 (0.004082)
energy : -0.474739 (0.000633)

kinetic : 0.788880 (0.004400)
potential : -1.263612 (0.004077)
energy : -0.474733 (0.000632)

kinetic : 0.788929 (0.004390)
potential : -1.263656 (0.004068)
energy : -0.474727 (0.000630)

kinetic : 0.789058 (0.004382)
potential : -1.263783 (0.004061)
energy : -0.474725 (0.000629)

kinetic : 0.788743 (0.004384)
potential : -1.263511 (0.004061)
energy : -0.474768 (0.000629)

kinetic : 0.788899 (0.004376)
potential : -1.263626 (0.004053)
energy : -0.474727 (0.000629)

kinetic : 0.788847 (0.004367)
potential : -1.263569 (0.004044)
energy : -0.474723 (0.000627)

kinetic : 0.789102 (0.004365)
potential : -1.263796 (0.004042)
energy : -0.474693 (0.000627)

kinetic : 0.788874 (0.004361)
potential : -1.263581 (0.004038)
energy : -0.474707 (0.000625)

kinetic : 0.788610 (0.004359)
potential : -1.263340 (0.004036)
energy : -0.474731 (0.000624)

kinetic : 0.788727 (0.004351)
potential : -1.263445 (0.004029)
energy : -0.474718 (0.000623)

kinetic : 0.788623 (0.004342)
potential : -1.263374 (0.004020)
energy : -0.474750 (0.000623)

kinetic : 0.788683 (0.004333)
potential : -1.263430 (0.004012)
energy : -0.474748 (0.000621)

kinetic : 0.788668 (0.004323)
potential : -1.263387 (0.004003)
energy : -0.474719 (0.000620)

kinetic : 0.788780 (0.004315)
potential : -1.263548 (0.003998)
energy : -0.474768 (0.000621)

kinetic : 0.789007 (0.004312)
potential : -1.263740 (0.003993)
energy : -0.474733 (0.000621)

kinetic : 0.789034 (0.004302)
potential : -1.263820 (0.003985)
energy : -0.474787 (0.000622)

kinetic : 0.788963 (0.004293)
potential : -1.263776 (0.003977)
energy : -0.474813 (0.000621)

kinetic : 0.789195 (0.004290)
potential : -1.264008 (0.003975)
energy : -0.474813 (0.000619)

kinetic : 0.789038 (0.004284)
potential : -1.263870 (0.003969)
energy : -0.474832 (0.000618)

kinetic : 0.788880 (0.004277)
potential : -1.263731 (0.003962)
energy : -0.474850 (0.000617)

kinetic : 0.788759 (0.004270)
potential : -1.263619 (0.003955)
energy : -0.474860 (0.000616)

kinetic : 0.788634 (0.004262)
potential : -1.263530 (0.003948)
energy : -0.474896 (0.000616)

kinetic : 0.788736 (0.004254)
potential : -1.263645 (0.003941)
energy : -0.474909 (0.000615)

kinetic : 0.788915 (0.004249)
potential : -1.263856 (0.003938)
energy : -0.474941 (0.000614)

kinetic : 0.788979 (0.004240)
potential : -1.263903 (0.003930)
energy : -0.474924 (0.000613)

kinetic : 0.789263 (0.004240)
potential : -1.264162 (0.003930)
energy : -0.474899 (0.000612)

kinetic : 0.789117 (0.004234)
potential : -1.264048 (0.003923)
energy : -0.474931 (0.000612)

kinetic : 0.788949 (0.004228)
potential : -1.263914 (0.003917)
energy : -0.474964 (0.000611)

kinetic : 0.789033 (0.004220)
potential : -1.263956 (0.003909)
energy : -0.474923 (0.000611)

kinetic : 0.789133 (0.004212)
potential : -1.264030 (0.003901)
energy : -0.474897 (0.000611)

kinetic : 0.789297 (0.004206)
potential : -1.264186 (0.003896)
energy : -0.474889 (0.000609)

kinetic : 0.789312 (0.004197)
potential : -1.264192 (0.003887)
energy : -0.474880 (0.000608)

kinetic : 0.789242 (0.004189)
potential : -1.264139 (0.003880)
energy : -0.474897 (0.000607)

kinetic : 0.789337 (0.004181)
potential : -1.264210 (0.003872)
energy : -0.474872 (0.000606)

kinetic : 0.789182 (0.004175)
potential : -1.264091 (0.003866)
energy : -0.474910 (0.000606)

kinetic : 0.789334 (0.004169)
potential : -1.264199 (0.003859)
energy : -0.474864 (0.000607)

kinetic : 0.789227 (0.004162)
potential : -1.264103 (0.003852)
energy : -0.474876 (0.000605)

kinetic : 0.789389 (0.004156)
potential : -1.264228 (0.003846)
energy : -0.474840 (0.000605)

kinetic : 0.789465 (0.004148)
potential : -1.264287 (0.003838)
energy : -0.474822 (0.000604)

kinetic : 0.789301 (0.004143)
potential : -1.264122 (0.003834)
energy : -0.474820 (0.000603)

kinetic : 0.789623 (0.004147)
potential : -1.264446 (0.003840)
energy : -0.474822 (0.000602)

kinetic : 0.789569 (0.004138)
potential : -1.264403 (0.003832)
energy : -0.474833 (0.000600)

kinetic : 0.789484 (0.004131)
potential : -1.264308 (0.003825)
energy : -0.474824 (0.000599)

kinetic : 0.789746 (0.004130)
potential : -1.264551 (0.003825)
energy : -0.474805 (0.000598)

kinetic : 0.789650 (0.004123)
potential : -1.264441 (0.003818)
energy : -0.474791 (0.000597)

kinetic : 0.789460 (0.004119)
potential : -1.264271 (0.003814)
energy : -0.474811 (0.000596)

kinetic : 0.789181 (0.004120)
potential : -1.264007 (0.003816)
energy : -0.474825 (0.000595)

kinetic : 0.789195 (0.004111)
potential : -1.263991 (0.003808)
energy : -0.474796 (0.000595)

kinetic : 0.789274 (0.004103)
potential : -1.264059 (0.003801)
energy : -0.474785 (0.000594)

kinetic : 0.789286 (0.004095)
potential : -1.264095 (0.003793)
energy : -0.474809 (0.000593)

kinetic : 0.789269 (0.004087)
potential : -1.264086 (0.003785)
energy : -0.474817 (0.000592)

kinetic : 0.789055 (0.004084)
potential : -1.263900 (0.003782)
energy : -0.474845 (0.000591)

kinetic : 0.789186 (0.004078)
potential : -1.264040 (0.003777)
energy : -0.474854 (0.000590)

kinetic : 0.789566 (0.004087)
potential : -1.264390 (0.003785)
energy : -0.474824 (0.000590)

kinetic : 0.789537 (0.004079)
potential : -1.264357 (0.003778)
energy : -0.474820 (0.000588)

kinetic : 0.789355 (0.004075)
potential : -1.264202 (0.003773)
energy : -0.474847 (0.000588)

kinetic : 0.789385 (0.004067)
potential : -1.264226 (0.003766)
energy : -0.474841 (0.000587)

kinetic : 0.789162 (0.004065)
potential : -1.264015 (0.003764)
energy : -0.474852 (0.000586)

kinetic : 0.789108 (0.004057)
potential : -1.263942 (0.003757)
energy : -0.474834 (0.000585)

kinetic : 0.788957 (0.004051)
potential : -1.263818 (0.003752)
energy : -0.474861 (0.000584)

kinetic : 0.789066 (0.004045)
potential : -1.263920 (0.003746)
energy : -0.474854 (0.000583)

kinetic : 0.789163 (0.004038)
potential : -1.264031 (0.003740)
energy : -0.474867 (0.000582)

kinetic : 0.789457 (0.004040)
potential : -1.264302 (0.003742)
energy : -0.474845 (0.000581)

kinetic : 0.789526 (0.004033)
potential : -1.264386 (0.003736)
energy : -0.474860 (0.000580)

kinetic : 0.789627 (0.004026)
potential : -1.264482 (0.003730)
energy : -0.474855 (0.000579)

kinetic : 0.790107 (0.004047)
potential : -1.264938 (0.003750)
energy : -0.474831 (0.000579)

kinetic : 0.790034 (0.004039)
potential : -1.264880 (0.003743)
energy : -0.474846 (0.000578)

kinetic : 0.790130 (0.004032)
potential : -1.264992 (0.003737)
energy : -0.474862 (0.000577)

kinetic : 0.790307 (0.004028)
potential : -1.265117 (0.003732)
energy : -0.474809 (0.000578)

kinetic : 0.790281 (0.004021)
potential : -1.265093 (0.003725)
energy : -0.474812 (0.000577)

kinetic : 0.790257 (0.004013)
potential : -1.265066 (0.003717)
energy : -0.474808 (0.000576)

kinetic : 0.790230 (0.004005)
potential : -1.265037 (0.003710)
energy : -0.474806 (0.000575)

kinetic : 0.790155 (0.003998)
potential : -1.264978 (0.003703)
energy : -0.474823 (0.000574)

kinetic : 0.789938 (0.003996)
potential : -1.264816 (0.003700)
energy : -0.474878 (0.000575)

kinetic : 0.789963 (0.003988)
potential : -1.264842 (0.003693)
energy : -0.474879 (0.000574)

kinetic : 0.789837 (0.003982)
potential : -1.264744 (0.003687)
energy : -0.474907 (0.000574)

kinetic : 0.789843 (0.003975)
potential : -1.264731 (0.003680)
energy : -0.474888 (0.000573)

kinetic : 0.790032 (0.003971)
potential : -1.264869 (0.003675)
energy : -0.474838 (0.000574)

kinetic : 0.789992 (0.003964)
potential : -1.264824 (0.003668)
energy : -0.474832 (0.000573)

kinetic : 0.789939 (0.003957)
potential : -1.264770 (0.003661)
energy : -0.474831 (0.000572)

kinetic : 0.789945 (0.003949)
potential : -1.264773 (0.003654)
energy : -0.474827 (0.000571)

kinetic : 0.789804 (0.003944)
potential : -1.264631 (0.003650)
energy : -0.474827 (0.000570)

kinetic : 0.789851 (0.003937)
potential : -1.264642 (0.003643)
energy : -0.474792 (0.000570)

kinetic : 0.789833 (0.003929)
potential : -1.264639 (0.003636)
energy : -0.474806 (0.000569)

kinetic : 0.789963 (0.003924)
potential : -1.264772 (0.003632)
energy : -0.474809 (0.000568)

kinetic : 0.789968 (0.003916)
potential : -1.264774 (0.003625)
energy : -0.474805 (0.000566)

kinetic : 0.789979 (0.003909)
potential : -1.264798 (0.003618)
energy : -0.474818 (0.000566)

kinetic : 0.789873 (0.003903)
potential : -1.264700 (0.003612)
energy : -0.474827 (0.000565)

kinetic : 0.790045 (0.003899)
potential : -1.264863 (0.003609)
energy : -0.474818 (0.000564)

kinetic : 0.790184 (0.003894)
potential : -1.264977 (0.003604)
energy : -0.474793 (0.000563)

kinetic : 0.790256 (0.003888)
potential : -1.265068 (0.003598)
energy : -0.474812 (0.000562)

kinetic : 0.790101 (0.003883)
potential : -1.264957 (0.003593)
energy : -0.474856 (0.000563)

kinetic : 0.789997 (0.003877)
potential : -1.264883 (0.003587)
energy : -0.474886 (0.000563)

kinetic : 0.789970 (0.003870)
potential : -1.264832 (0.003581)
energy : -0.474862 (0.000562)

kinetic : 0.789884 (0.003864)
potential : -1.264766 (0.003575)
energy : -0.474882 (0.000561)

kinetic : 0.789817 (0.003857)
potential : -1.264726 (0.003568)
energy : -0.474909 (0.000561)

kinetic : 0.790047 (0.003857)
potential : -1.264931 (0.003568)
energy : -0.474884 (0.000560)

kinetic : 0.789889 (0.003853)
potential : -1.264790 (0.003564)
energy : -0.474901 (0.000560)

kinetic : 0.789961 (0.003846)
potential : -1.264860 (0.003558)
energy : -0.474899 (0.000559)

kinetic : 0.789741 (0.003845)
potential : -1.264659 (0.003557)
energy : -0.474918 (0.000558)

kinetic : 0.789652 (0.003839)
potential : -1.264605 (0.003551)
energy : -0.474952 (0.000558)

kinetic : 0.789653 (0.003832)
potential : -1.264633 (0.003544)
energy : -0.474980 (0.000558)

kinetic : 0.789528 (0.003827)
potential : -1.264522 (0.003539)
energy : -0.474994 (0.000557)

kinetic : 0.789601 (0.003821)
potential : -1.264605 (0.003534)
energy : -0.475004 (0.000556)

kinetic : 0.789613 (0.003814)
potential : -1.264622 (0.003527)
energy : -0.475009 (0.000555)

kinetic : 0.789755 (0.003809)
potential : -1.264739 (0.003523)
energy : -0.474984 (0.000554)

kinetic : 0.789741 (0.003802)
potential : -1.264732 (0.003516)
energy : -0.474991 (0.000553)

kinetic : 0.789662 (0.003796)
potential : -1.264658 (0.003511)
energy : -0.474996 (0.000552)

kinetic : 0.789681 (0.003789)
potential : -1.264663 (0.003504)
energy : -0.474983 (0.000551)

kinetic : 0.789668 (0.003782)
potential : -1.264654 (0.003498)
energy : -0.474986 (0.000550)

kinetic : 0.789771 (0.003777)
potential : -1.264760 (0.003493)
energy : -0.474989 (0.000549)

kinetic : 0.789841 (0.003771)
potential : -1.264818 (0.003487)
energy : -0.474977 (0.000549)

kinetic : 0.789936 (0.003765)
potential : -1.264927 (0.003483)
energy : -0.474991 (0.000548)

kinetic : 0.789913 (0.003758)
potential : -1.264907 (0.003476)
energy : -0.474994 (0.000547)

kinetic : 0.790041 (0.003754)
potential : -1.265026 (0.003472)
energy : -0.474985 (0.000546)

kinetic : 0.790210 (0.003751)
potential : -1.265223 (0.003471)
energy : -0.475012 (0.000546)

kinetic : 0.790403 (0.003749)
potential : -1.265372 (0.003468)
energy : -0.474969 (0.000546)

kinetic : 0.790450 (0.003742)
potential : -1.265407 (0.003462)
energy : -0.474957 (0.000545)

kinetic : 0.790249 (0.003741)
potential : -1.265206 (0.003462)
energy : -0.474957 (0.000544)

kinetic : 0.790501 (0.003743)
potential : -1.265425 (0.003463)
energy : -0.474924 (0.000545)

kinetic : 0.790333 (0.003740)
potential : -1.265261 (0.003460)
energy : -0.474929 (0.000544)

kinetic : 0.790510 (0.003738)
potential : -1.265398 (0.003457)
energy : -0.474889 (0.000544)

kinetic : 0.790450 (0.003731)
potential : -1.265342 (0.003451)
energy : -0.474892 (0.000543)

kinetic : 0.790359 (0.003726)
potential : -1.265258 (0.003446)
energy : -0.474899 (0.000542)

kinetic : 0.790498 (0.003722)
potential : -1.265371 (0.003442)
energy : -0.474873 (0.000542)

kinetic : 0.790461 (0.003715)
potential : -1.265348 (0.003436)
energy : -0.474887 (0.000541)

kinetic : 0.790316 (0.003712)
potential : -1.265193 (0.003433)
energy : -0.474877 (0.000540)

kinetic : 0.790406 (0.003706)
potential : -1.265256 (0.003427)
energy : -0.474850 (0.000540)

kinetic : 0.790240 (0.003703)
potential : -1.265100 (0.003425)
energy : -0.474860 (0.000539)

kinetic : 0.790159 (0.003698)
potential : -1.264996 (0.003421)
energy : -0.474837 (0.000539)

kinetic : 0.789971 (0.003696)
potential : -1.264830 (0.003418)
energy : -0.474860 (0.000538)

kinetic : 0.789996 (0.003690)
potential : -1.264858 (0.003413)
energy : -0.474862 (0.000537)

kinetic : 0.789942 (0.003683)
potential : -1.264816 (0.003407)
energy : -0.474875 (0.000536)

kinetic : 0.790101 (0.003680)
potential : -1.264944 (0.003403)
energy : -0.474843 (0.000536)

kinetic : 0.790196 (0.003675)
potential : -1.265015 (0.003398)
energy : -0.474820 (0.000536)

kinetic : 0.790385 (0.003674)
potential : -1.265193 (0.003397)
energy : -0.474808 (0.000535)

kinetic : 0.790375 (0.003667)
potential : -1.265186 (0.003391)
energy : -0.474811 (0.000534)

kinetic : 0.790126 (0.003669)
potential : -1.264950 (0.003393)
energy : -0.474825 (0.000534)

kinetic : 0.790182 (0.003664)
potential : -1.265017 (0.003388)
energy : -0.474836 (0.000533)

kinetic : 0.790188 (0.003657)
potential : -1.264999 (0.003382)
energy : -0.474811 (0.000532)

kinetic : 0.790060 (0.003653)
potential : -1.264904 (0.003378)
energy : -0.474844 (0.000532)

kinetic : 0.789892 (0.003651)
potential : -1.264735 (0.003376)
energy : -0.474843 (0.000532)

kinetic : 0.789672 (0.003651)
potential : -1.264551 (0.003375)
energy : -0.474879 (0.000532)

kinetic : 0.789709 (0.003645)
potential : -1.264603 (0.003370)
energy : -0.474895 (0.000531)

kinetic : 0.789610 (0.003640)
potential : -1.264524 (0.003365)
energy : -0.474913 (0.000531)

kinetic : 0.789541 (0.003634)
potential : -1.264480 (0.003360)
energy : -0.474939 (0.000530)

kinetic : 0.789381 (0.003632)
potential : -1.264349 (0.003356)
energy : -0.474968 (0.000530)

kinetic : 0.789425 (0.003626)
potential : -1.264422 (0.003351)
energy : -0.474997 (0.000530)

kinetic : 0.789422 (0.003620)
potential : -1.264404 (0.003346)
energy : -0.474982 (0.000529)

kinetic : 0.789447 (0.003614)
potential : -1.264403 (0.003340)
energy : -0.474955 (0.000529)

kinetic : 0.789299 (0.003610)
potential : -1.264267 (0.003337)
energy : -0.474968 (0.000528)

kinetic : 0.789096 (0.003610)
potential : -1.264081 (0.003337)
energy : -0.474985 (0.000528)

kinetic : 0.789069 (0.003604)
potential : -1.264052 (0.003331)
energy : -0.474984 (0.000527)

kinetic : 0.788994 (0.003599)
potential : -1.263968 (0.003327)
energy : -0.474974 (0.000526)

kinetic : 0.789076 (0.003594)
potential : -1.264013 (0.003321)
energy : -0.474936 (0.000527)

kinetic : 0.789081 (0.003588)
potential : -1.263997 (0.003316)
energy : -0.474916 (0.000526)

kinetic : 0.788916 (0.003585)
potential : -1.263902 (0.003312)
energy : -0.474986 (0.000530)

kinetic : 0.788990 (0.003580)
potential : -1.263965 (0.003307)
energy : -0.474975 (0.000529)

kinetic : 0.788884 (0.003576)
potential : -1.263864 (0.003303)
energy : -0.474980 (0.000528)

kinetic : 0.788887 (0.003570)
potential : -1.263893 (0.003297)
energy : -0.475006 (0.000528)

kinetic : 0.788755 (0.003566)
potential : -1.263781 (0.003294)
energy : -0.475026 (0.000527)

kinetic : 0.788880 (0.003562)
potential : -1.263908 (0.003291)
energy : -0.475028 (0.000526)

kinetic : 0.789162 (0.003568)
potential : -1.264166 (0.003295)
energy : -0.475004 (0.000526)

kinetic : 0.789140 (0.003562)
potential : -1.264120 (0.003290)
energy : -0.474981 (0.000526)

kinetic : 0.789162 (0.003556)
potential : -1.264155 (0.003285)
energy : -0.474993 (0.000525)

kinetic : 0.789204 (0.003550)
potential : -1.264188 (0.003279)
energy : -0.474984 (0.000524)

kinetic : 0.789106 (0.003546)
potential : -1.264104 (0.003275)
energy : -0.474998 (0.000524)

kinetic : 0.789190 (0.003541)
potential : -1.264160 (0.003270)
energy : -0.474969 (0.000523)

kinetic : 0.789137 (0.003535)
potential : -1.264121 (0.003265)
energy : -0.474983 (0.000523)

kinetic : 0.789237 (0.003531)
potential : -1.264222 (0.003261)
energy : -0.474985 (0.000522)

kinetic : 0.789160 (0.003526)
potential : -1.264160 (0.003256)
energy : -0.475000 (0.000521)

kinetic : 0.789102 (0.003521)
potential : -1.264091 (0.003252)
energy : -0.474989 (0.000521)

kinetic : 0.789168 (0.003516)
potential : -1.264181 (0.003248)
energy : -0.475013 (0.000520)

kinetic : 0.789256 (0.003511)
potential : -1.264268 (0.003244)
energy : -0.475012 (0.000519)

kinetic : 0.789240 (0.003505)
potential : -1.264258 (0.003238)
energy : -0.475018 (0.000519)

kinetic : 0.789318 (0.003500)
potential : -1.264302 (0.003233)
energy : -0.474983 (0.000519)

kinetic : 0.789406 (0.003496)
potential : -1.264371 (0.003229)
energy : -0.474965 (0.000518)

kinetic : 0.789449 (0.003490)
potential : -1.264435 (0.003224)
energy : -0.474986 (0.000518)

kinetic : 0.789394 (0.003485)
potential : -1.264372 (0.003220)
energy : -0.474978 (0.000517)

kinetic : 0.789319 (0.003480)
potential : -1.264330 (0.003215)
energy : -0.475010 (0.000517)

kinetic : 0.789305 (0.003475)
potential : -1.264309 (0.003210)
energy : -0.475004 (0.000517)

kinetic : 0.789057 (0.003478)
potential : -1.264085 (0.003212)
energy : -0.475028 (0.000516)

kinetic : 0.789232 (0.003477)
potential : -1.264228 (0.003210)
energy : -0.474996 (0.000516)

kinetic : 0.789258 (0.003471)
potential : -1.264237 (0.003205)
energy : -0.474979 (0.000516)

kinetic : 0.789199 (0.003466)
potential : -1.264196 (0.003200)
energy : -0.474996 (0.000515)

kinetic : 0.789210 (0.003461)
potential : -1.264183 (0.003195)
energy : -0.474973 (0.000515)

kinetic : 0.789139 (0.003456)
potential : -1.264099 (0.003191)
energy : -0.474961 (0.000514)

kinetic : 0.788941 (0.003456)
potential : -1.263896 (0.003193)
energy : -0.474955 (0.000514)

kinetic : 0.788983 (0.003451)
potential : -1.263943 (0.003188)
energy : -0.474959 (0.000513)

kinetic : 0.788993 (0.003445)
potential : -1.263958 (0.003183)
energy : -0.474965 (0.000512)

kinetic : 0.788905 (0.003441)
potential : -1.263855 (0.003179)
energy : -0.474950 (0.000511)

kinetic : 0.788944 (0.003436)
potential : -1.263896 (0.003175)
energy : -0.474952 (0.000511)

kinetic : 0.788856 (0.003431)
potential : -1.263815 (0.003171)
energy : -0.474959 (0.000510)

kinetic : 0.788915 (0.003426)
potential : -1.263845 (0.003166)
energy : -0.474930 (0.000510)

kinetic : 0.788809 (0.003423)
potential : -1.263754 (0.003162)
energy : -0.474945 (0.000509)

kinetic : 0.788824 (0.003417)
potential : -1.263757 (0.003157)
energy : -0.474933 (0.000509)

kinetic : 0.788892 (0.003412)
potential : -1.263807 (0.003152)
energy : -0.474915 (0.000508)

kinetic : 0.788824 (0.003408)
potential : -1.263729 (0.003148)
energy : -0.474905 (0.000507)

kinetic : 0.789051 (0.003410)
potential : -1.263905 (0.003148)
energy : -0.474854 (0.000509)

kinetic : 0.789131 (0.003406)
potential : -1.263960 (0.003144)
energy : -0.474829 (0.000509)

kinetic : 0.789068 (0.003401)
potential : -1.263888 (0.003140)
energy : -0.474820 (0.000508)

kinetic : 0.789113 (0.003396)
potential : -1.263935 (0.003135)
energy : -0.474822 (0.000507)

kinetic : 0.789482 (0.003410)
potential : -1.264292 (0.003151)
energy : -0.474811 (0.000507)

kinetic : 0.789587 (0.003407)
potential : -1.264397 (0.003147)
energy : -0.474810 (0.000506)

kinetic : 0.789479 (0.003403)
potential : -1.264302 (0.003144)
energy : -0.474824 (0.000505)

kinetic : 0.789421 (0.003398)
potential : -1.264254 (0.003139)
energy : -0.474833 (0.000505)

kinetic : 0.789355 (0.003394)
potential : -1.264190 (0.003135)
energy : -0.474834 (0.000504)

kinetic : 0.789365 (0.003388)
potential : -1.264175 (0.003130)
energy : -0.474809 (0.000504)

kinetic : 0.789469 (0.003385)
potential : -1.264278 (0.003127)
energy : -0.474809 (0.000503)

kinetic : 0.789362 (0.003381)
potential : -1.264191 (0.003124)
energy : -0.474829 (0.000503)

kinetic : 0.789373 (0.003376)
potential : -1.264207 (0.003119)
energy : -0.474833 (0.000502)

kinetic : 0.789368 (0.003371)
potential : -1.264176 (0.003114)
energy : -0.474808 (0.000502)

kinetic : 0.789517 (0.003369)
potential : -1.264302 (0.003112)
energy : -0.474785 (0.000502)

kinetic : 0.789459 (0.003364)
potential : -1.264227 (0.003108)
energy : -0.474768 (0.000501)

kinetic : 0.789406 (0.003360)
potential : -1.264176 (0.003104)
energy : -0.474770 (0.000500)

kinetic : 0.789184 (0.003362)
potential : -1.263962 (0.003106)
energy : -0.474777 (0.000500)

kinetic : 0.789102 (0.003358)
potential : -1.263906 (0.003102)
energy : -0.474804 (0.000499)

kinetic : 0.788933 (0.003357)
potential : -1.263784 (0.003100)
energy : -0.474850 (0.000501)

kinetic : 0.788852 (0.003353)
potential : -1.263721 (0.003096)
energy : -0.474869 (0.000500)

kinetic : 0.788659 (0.003353)
potential : -1.263549 (0.003096)
energy : -0.474890 (0.000500)

kinetic : 0.788595 (0.003349)
potential : -1.263512 (0.003091)
energy : -0.474917 (0.000500)

kinetic : 0.788487 (0.003345)
potential : -1.263432 (0.003088)
energy : -0.474944 (0.000500)

kinetic : 0.788414 (0.003341)
potential : -1.263410 (0.003083)
energy : -0.474996 (0.000502)

kinetic : 0.788441 (0.003336)
potential : -1.263431 (0.003079)
energy : -0.474990 (0.000501)

kinetic : 0.788563 (0.003333)
potential : -1.263539 (0.003076)
energy : -0.474976 (0.000501)

kinetic : 0.788502 (0.003329)
potential : -1.263491 (0.003072)
energy : -0.474989 (0.000500)

kinetic : 0.788478 (0.003324)
potential : -1.263476 (0.003067)
energy : -0.474998 (0.000500)

kinetic : 0.788403 (0.003320)
potential : -1.263423 (0.003063)
energy : -0.475019 (0.000499)

kinetic : 0.788518 (0.003317)
potential : -1.263541 (0.003061)
energy : -0.475023 (0.000498)

kinetic : 0.788620 (0.003313)
potential : -1.263607 (0.003057)
energy : -0.474986 (0.000499)

kinetic : 0.788634 (0.003308)
potential : -1.263603 (0.003052)
energy : -0.474969 (0.000499)

kinetic : 0.788654 (0.003304)
potential : -1.263648 (0.003048)
energy : -0.474993 (0.000499)

kinetic : 0.788794 (0.003302)
potential : -1.263774 (0.003046)
energy : -0.474980 (0.000498)

kinetic : 0.788784 (0.003297)
potential : -1.263746 (0.003042)
energy : -0.474962 (0.000498)

kinetic : 0.788891 (0.003294)
potential : -1.263853 (0.003039)
energy : -0.474962 (0.000497)

kinetic : 0.788665 (0.003296)
potential : -1.263652 (0.003041)
energy : -0.474987 (0.000497)

kinetic : 0.788738 (0.003292)
potential : -1.263710 (0.003037)
energy : -0.474972 (0.000496)

kinetic : 0.788547 (0.003293)
potential : -1.263544 (0.003037)
energy : -0.474996 (0.000496)

kinetic : 0.788554 (0.003288)
potential : -1.263568 (0.003033)
energy : -0.475014 (0.000496)

kinetic : 0.788309 (0.003292)
potential : -1.263359 (0.003035)
energy : -0.475050 (0.000496)

kinetic : 0.788304 (0.003288)
potential : -1.263338 (0.003031)
energy : -0.475034 (0.000496)

kinetic : 0.788223 (0.003284)
potential : -1.263261 (0.003028)
energy : -0.475039 (0.000495)

kinetic : 0.788074 (0.003282)
potential : -1.263142 (0.003025)
energy : -0.475069 (0.000495)

kinetic : 0.788385 (0.003292)
potential : -1.263461 (0.003038)
energy : -0.475076 (0.000495)

kinetic : 0.788514 (0.003290)
potential : -1.263591 (0.003036)
energy : -0.475077 (0.000494)

kinetic : 0.788435 (0.003286)
potential : -1.263516 (0.003033)
energy : -0.475080 (0.000493)

kinetic : 0.788440 (0.003281)
potential : -1.263482 (0.003028)
energy : -0.475041 (0.000494)

kinetic : 0.788481 (0.003277)
potential : -1.263511 (0.003024)
energy : -0.475030 (0.000493)

kinetic : 0.788435 (0.003272)
potential : -1.263463 (0.003020)
energy : -0.475028 (0.000493)

kinetic : 0.788669 (0.003276)
potential : -1.263663 (0.003022)
energy : -0.474993 (0.000493)

kinetic : 0.789446 (0.003362)
potential : -1.264443 (0.003117)
energy : -0.474997 (0.000492)

kinetic : 0.789519 (0.003358)
potential : -1.264544 (0.003114)
energy : -0.475025 (0.000493)

kinetic : 0.789541 (0.003353)
potential : -1.264549 (0.003110)
energy : -0.475008 (0.000492)

kinetic : 0.789548 (0.003348)
potential : -1.264542 (0.003105)
energy : -0.474994 (0.000492)

kinetic : 0.789378 (0.003348)
potential : -1.264403 (0.003104)
energy : -0.475025 (0.000492)

kinetic : 0.789311 (0.003344)
potential : -1.264356 (0.003100)
energy : -0.475045 (0.000492)

kinetic : 0.789203 (0.003341)
potential : -1.264274 (0.003096)
energy : -0.475071 (0.000492)

kinetic : 0.789112 (0.003337)
potential : -1.264205 (0.003093)
energy : -0.475093 (0.000491)

kinetic : 0.789216 (0.003334)
potential : -1.264297 (0.003090)
energy : -0.475081 (0.000491)

kinetic : 0.789367 (0.003333)
potential : -1.264449 (0.003089)
energy : -0.475082 (0.000490)

kinetic : 0.789223 (0.003331)
potential : -1.264324 (0.003087)
energy : -0.475102 (0.000490)

kinetic : 0.789181 (0.003327)
potential : -1.264287 (0.003083)
energy : -0.475106 (0.000489)

kinetic : 0.789216 (0.003322)
potential : -1.264334 (0.003079)
energy : -0.475118 (0.000489)

kinetic : 0.789226 (0.003317)
potential : -1.264329 (0.003074)
energy : -0.475103 (0.000488)

kinetic : 0.789240 (0.003313)
potential : -1.264330 (0.003070)
energy : -0.475090 (0.000488)

kinetic : 0.789311 (0.003309)
potential : -1.264389 (0.003066)
energy : -0.475078 (0.000487)

kinetic : 0.789188 (0.003306)
potential : -1.264283 (0.003064)
energy : -0.475095 (0.000487)

kinetic : 0.789176 (0.003302)
potential : -1.264268 (0.003059)
energy : -0.475091 (0.000486)

kinetic : 0.789053 (0.003299)
potential : -1.264169 (0.003057)
energy : -0.475116 (0.000486)

kinetic : 0.789122 (0.003295)
potential : -1.264223 (0.003053)
energy : -0.475101 (0.000485)

kinetic : 0.789262 (0.003294)
potential : -1.264338 (0.003051)
energy : -0.475076 (0.000485)

kinetic : 0.789218 (0.003289)
potential : -1.264300 (0.003047)
energy : -0.475082 (0.000485)

kinetic : 0.789389 (0.003289)
potential : -1.264459 (0.003047)
energy : -0.475070 (0.000484)

kinetic : 0.789217 (0.003289)
potential : -1.264309 (0.003046)
energy : -0.475093 (0.000484)

kinetic : 0.789170 (0.003285)
potential : -1.264247 (0.003042)
energy : -0.475077 (0.000484)

kinetic : 0.789173 (0.003280)
potential : -1.264268 (0.003038)
energy : -0.475095 (0.000483)

kinetic : 0.789266 (0.003277)
potential : -1.264356 (0.003035)
energy : -0.475090 (0.000483)

kinetic : 0.789152 (0.003274)
potential : -1.264266 (0.003032)
energy : -0.475114 (0.000483)

kinetic : 0.789158 (0.003270)
potential : -1.264265 (0.003028)
energy : -0.475107 (0.000482)

kinetic : 0.789173 (0.003265)
potential : -1.264271 (0.003024)
energy : -0.475097 (0.000481)

kinetic : 0.789156 (0.003261)
potential : -1.264282 (0.003020)
energy : -0.475126 (0.000481)

kinetic : 0.789097 (0.003257)
potential : -1.264223 (0.003016)
energy : -0.475125 (0.000481)

kinetic : 0.789080 (0.003252)
potential : -1.264196 (0.003012)
energy : -0.475116 (0.000480)

kinetic : 0.789211 (0.003250)
potential : -1.264345 (0.003012)
energy : -0.475134 (0.000480)

kinetic : 0.788989 (0.003253)
potential : -1.264132 (0.003015)
energy : -0.475142 (0.000479)

kinetic : 0.788897 (0.003250)
potential : -1.264038 (0.003012)
energy : -0.475141 (0.000479)

kinetic : 0.788770 (0.003248)
potential : -1.263923 (0.003010)
energy : -0.475153 (0.000478)

kinetic : 0.788737 (0.003244)
potential : -1.263901 (0.003006)
energy : -0.475164 (0.000478)

kinetic : 0.788712 (0.003239)
potential : -1.263874 (0.003002)
energy : -0.475161 (0.000477)

kinetic : 0.788806 (0.003236)
potential : -1.263969 (0.003000)
energy : -0.475163 (0.000476)

kinetic : 0.788782 (0.003232)
potential : -1.263949 (0.002995)
energy : -0.475166 (0.000476)

kinetic : 0.788621 (0.003232)
potential : -1.263828 (0.002994)
energy : -0.475206 (0.000477)

kinetic : 0.788602 (0.003227)
potential : -1.263825 (0.002990)
energy : -0.475223 (0.000476)

kinetic : 0.788441 (0.003227)
potential : -1.263684 (0.002989)
energy : -0.475243 (0.000476)

kinetic : 0.788439 (0.003222)
potential : -1.263666 (0.002985)
energy : -0.475227 (0.000476)

kinetic : 0.788411 (0.003218)
potential : -1.263659 (0.002981)
energy : -0.475248 (0.000476)

kinetic : 0.788422 (0.003214)
potential : -1.263658 (0.002977)
energy : -0.475235 (0.000475)

kinetic : 0.788347 (0.003210)
potential : -1.263590 (0.002974)
energy : -0.475243 (0.000474)

kinetic : 0.788352 (0.003206)
potential : -1.263557 (0.002970)
energy : -0.475205 (0.000475)

kinetic : 0.788259 (0.003203)
potential : -1.263469 (0.002967)
energy : -0.475210 (0.000475)

kinetic : 0.788366 (0.003200)
potential : -1.263530 (0.002964)
energy : -0.475164 (0.000476)

kinetic : 0.788205 (0.003200)
potential : -1.263388 (0.002963)
energy : -0.475183 (0.000476)

kinetic : 0.788259 (0.003196)
potential : -1.263434 (0.002959)
energy : -0.475176 (0.000475)

kinetic : 0.788079 (0.003197)
potential : -1.263268 (0.002960)
energy : -0.475189 (0.000475)

kinetic : 0.788250 (0.003197)
potential : -1.263429 (0.002960)
energy : -0.475179 (0.000474)

kinetic : 0.788369 (0.003195)
potential : -1.263524 (0.002958)
energy : -0.475155 (0.000474)

kinetic : 0.788259 (0.003193)
potential : -1.263428 (0.002956)
energy : -0.475168 (0.000474)

kinetic : 0.788255 (0.003189)
potential : -1.263428 (0.002952)
energy : -0.475172 (0.000473)

kinetic : 0.788202 (0.003185)
potential : -1.263389 (0.002948)
energy : -0.475188 (0.000473)

kinetic : 0.788228 (0.003181)
potential : -1.263398 (0.002944)
energy : -0.475170 (0.000473)

kinetic : 0.788120 (0.003178)
potential : -1.263298 (0.002942)
energy : -0.475179 (0.000472)

kinetic : 0.788137 (0.003174)
potential : -1.263287 (0.002938)
energy : -0.475150 (0.000472)

kinetic : 0.788113 (0.003170)
potential : -1.263253 (0.002934)
energy : -0.475141 (0.000472)

kinetic : 0.788165 (0.003166)
potential : -1.263277 (0.002930)
energy : -0.475112 (0.000472)

kinetic : 0.788109 (0.003162)
potential : -1.263249 (0.002927)
energy : -0.475139 (0.000472)

kinetic : 0.788080 (0.003158)
potential : -1.263230 (0.002923)
energy : -0.475150 (0.000472)

kinetic : 0.787819 (0.003165)
potential : -1.262998 (0.002928)
energy : -0.475179 (0.000472)

kinetic : 0.787734 (0.003162)
potential : -1.262919 (0.002925)
energy : -0.475185 (0.000471)

kinetic : 0.787640 (0.003159)
potential : -1.262859 (0.002922)
energy : -0.475219 (0.000472)

kinetic : 0.787593 (0.003155)
potential : -1.262829 (0.002918)
energy : -0.475237 (0.000472)

kinetic : 0.787551 (0.003151)
potential : -1.262780 (0.002915)
energy : -0.475229 (0.000471)

kinetic : 0.787562 (0.003147)
potential : -1.262791 (0.002911)
energy : -0.475229 (0.000471)

kinetic : 0.787508 (0.003143)
potential : -1.262735 (0.002908)
energy : -0.475227 (0.000470)

kinetic : 0.787433 (0.003140)
potential : -1.262667 (0.002905)
energy : -0.475234 (0.000469)

kinetic : 0.787411 (0.003136)
potential : -1.262645 (0.002901)
energy : -0.475234 (0.000469)

kinetic : 0.787253 (0.003136)
potential : -1.262506 (0.002901)
energy : -0.475253 (0.000469)

kinetic : 0.787262 (0.003132)
potential : -1.262515 (0.002897)
energy : -0.475252 (0.000468)

kinetic : 0.787335 (0.003129)
potential : -1.262565 (0.002893)
energy : -0.475230 (0.000468)

kinetic : 0.787434 (0.003126)
potential : -1.262648 (0.002891)
energy : -0.475214 (0.000467)

kinetic : 0.787790 (0.003142)
potential : -1.262987 (0.002907)
energy : -0.475197 (0.000467)

kinetic : 0.787926 (0.003141)
potential : -1.263080 (0.002905)
energy : -0.475154 (0.000469)

kinetic : 0.788092 (0.003142)
potential : -1.263217 (0.002904)
energy : -0.475125 (0.000469)

kinetic : 0.788430 (0.003156)
potential : -1.263537 (0.002918)
energy : -0.475106 (0.000469)

kinetic : 0.788332 (0.003153)
potential : -1.263434 (0.002916)
energy : -0.475102 (0.000468)

kinetic : 0.788208 (0.003151)
potential : -1.263315 (0.002915)
energy : -0.475107 (0.000467)

kinetic : 0.788330 (0.003150)
potential : -1.263436 (0.002913)
energy : -0.475106 (0.000467)

kinetic : 0.788322 (0.003146)
potential : -1.263431 (0.002910)
energy : -0.475109 (0.000466)

kinetic : 0.788472 (0.003145)
potential : -1.263564 (0.002909)
energy : -0.475092 (0.000466)

kinetic : 0.788523 (0.003142)
potential : -1.263588 (0.002905)
energy : -0.475066 (0.000466)

kinetic : 0.788391 (0.003140)
potential : -1.263467 (0.002904)
energy : -0.475076 (0.000466)

kinetic : 0.788257 (0.003139)
potential : -1.263361 (0.002902)
energy : -0.475104 (0.000466)

kinetic : 0.788247 (0.003135)
potential : -1.263356 (0.002898)
energy : -0.475109 (0.000465)

kinetic : 0.788274 (0.003131)
potential : -1.263364 (0.002895)
energy : -0.475090 (0.000465)

kinetic : 0.788404 (0.003130)
potential : -1.263477 (0.002893)
energy : -0.475073 (0.000465)

kinetic : 0.788262 (0.003129)
potential : -1.263357 (0.002892)
energy : -0.475095 (0.000465)

kinetic : 0.788223 (0.003125)
potential : -1.263313 (0.002889)
energy : -0.475091 (0.000464)

kinetic : 0.788171 (0.003122)
potential : -1.263274 (0.002885)
energy : -0.475103 (0.000464)

kinetic : 0.788081 (0.003119)
potential : -1.263209 (0.002882)
energy : -0.475128 (0.000464)

kinetic : 0.788114 (0.003115)
potential : -1.263231 (0.002879)
energy : -0.475116 (0.000463)

kinetic : 0.788243 (0.003114)
potential : -1.263350 (0.002878)
energy : -0.475107 (0.000463)

kinetic : 0.788114 (0.003113)
potential : -1.263204 (0.002878)
energy : -0.475090 (0.000463)

kinetic : 0.788208 (0.003110)
potential : -1.263277 (0.002875)
energy : -0.475069 (0.000462)

kinetic : 0.788132 (0.003107)
potential : -1.263213 (0.002872)
energy : -0.475081 (0.000462)

kinetic : 0.788159 (0.003103)
potential : -1.263257 (0.002869)
energy : -0.475099 (0.000462)

kinetic : 0.788200 (0.003100)
potential : -1.263294 (0.002865)
energy : -0.475094 (0.000461)

kinetic : 0.788102 (0.003097)
potential : -1.263207 (0.002863)
energy : -0.475106 (0.000461)

kinetic : 0.788149 (0.003094)
potential : -1.263256 (0.002860)
energy : -0.475107 (0.000460)

kinetic : 0.788037 (0.003092)
potential : -1.263150 (0.002858)
energy : -0.475113 (0.000460)

kinetic : 0.788239 (0.003095)
potential : -1.263349 (0.002861)
energy : -0.475110 (0.000459)

kinetic : 0.788053 (0.003096)
potential : -1.263199 (0.002862)
energy : -0.475147 (0.000460)

kinetic : 0.788028 (0.003093)
potential : -1.263167 (0.002858)
energy : -0.475139 (0.000459)

kinetic : 0.788225 (0.003095)
potential : -1.263334 (0.002860)
energy : -0.475110 (0.000460)

kinetic : 0.788165 (0.003092)
potential : -1.263271 (0.002857)
energy : -0.475106 (0.000459)

kinetic : 0.788016 (0.003091)
potential : -1.263128 (0.002857)
energy : -0.475112 (0.000459)

kinetic : 0.787945 (0.003088)
potential : -1.263057 (0.002854)
energy : -0.475112 (0.000458)

kinetic : 0.787938 (0.003085)
potential : -1.263052 (0.002851)
energy : -0.475114 (0.000458)

kinetic : 0.788051 (0.003083)
potential : -1.263151 (0.002849)
energy : -0.475100 (0.000457)

kinetic : 0.788030 (0.003079)
potential : -1.263119 (0.002845)
energy : -0.475089 (0.000457)

kinetic : 0.788011 (0.003075)
potential : -1.263084 (0.002842)
energy : -0.475073 (0.000456)

kinetic : 0.787953 (0.003072)
potential : -1.263048 (0.002839)
energy : -0.475095 (0.000456)

kinetic : 0.788188 (0.003077)
potential : -1.263234 (0.002841)
energy : -0.475046 (0.000458)

kinetic : 0.788210 (0.003074)
potential : -1.263236 (0.002838)
energy : -0.475026 (0.000458)

kinetic : 0.788134 (0.003071)
potential : -1.263182 (0.002835)
energy : -0.475049 (0.000458)

kinetic : 0.788160 (0.003067)
potential : -1.263183 (0.002831)
energy : -0.475024 (0.000458)

kinetic : 0.788118 (0.003064)
potential : -1.263143 (0.002828)
energy : -0.475025 (0.000458)

kinetic : 0.787904 (0.003067)
potential : -1.262944 (0.002832)
energy : -0.475041 (0.000458)

kinetic : 0.787854 (0.003064)
potential : -1.262902 (0.002829)
energy : -0.475049 (0.000457)

kinetic : 0.787814 (0.003060)
potential : -1.262881 (0.002825)
energy : -0.475067 (0.000457)

kinetic : 0.787775 (0.003057)
potential : -1.262838 (0.002822)
energy : -0.475064 (0.000456)

kinetic : 0.787911 (0.003056)
potential : -1.262946 (0.002821)
energy : -0.475035 (0.000457)

kinetic : 0.787829 (0.003054)
potential : -1.262873 (0.002818)
energy : -0.475043 (0.000456)

kinetic : 0.787867 (0.003050)
potential : -1.262901 (0.002815)
energy : -0.475034 (0.000456)

kinetic : 0.787938 (0.003047)
potential : -1.262984 (0.002813)
energy : -0.475047 (0.000455)

kinetic : 0.787997 (0.003044)
potential : -1.263034 (0.002810)
energy : -0.475037 (0.000455)

kinetic : 0.788309 (0.003056)
potential : -1.263298 (0.002819)
energy : -0.474989 (0.000457)

kinetic : 0.788319 (0.003053)
potential : -1.263309 (0.002815)
energy : -0.474990 (0.000456)

kinetic : 0.788616 (0.003063)
potential : -1.263620 (0.002829)
energy : -0.475003 (0.000456)

kinetic : 0.788814 (0.003066)
potential : -1.263786 (0.002831)
energy : -0.474972 (0.000456)

kinetic : 0.789189 (0.003085)
potential : -1.264115 (0.002846)
energy : -0.474926 (0.000458)

kinetic : 0.788975 (0.003089)
potential : -1.263925 (0.002849)
energy : -0.474950 (0.000458)

kinetic : 0.789070 (0.003087)
potential : -1.264008 (0.002847)
energy : -0.474938 (0.000458)

kinetic : 0.788998 (0.003084)
potential : -1.263940 (0.002844)
energy : -0.474942 (0.000457)

kinetic : 0.789066 (0.003081)
potential : -1.263971 (0.002841)
energy : -0.474905 (0.000458)

kinetic : 0.789312 (0.003087)
potential : -1.264203 (0.002847)
energy : -0.474891 (0.000458)

kinetic : 0.789531 (0.003091)
potential : -1.264391 (0.002850)
energy : -0.474860 (0.000458)

kinetic : 0.789547 (0.003087)
potential : -1.264400 (0.002846)
energy : -0.474853 (0.000458)

kinetic : 0.789641 (0.003085)
potential : -1.264485 (0.002844)
energy : -0.474844 (0.000457)

kinetic : 0.789600 (0.003082)
potential : -1.264444 (0.002841)
energy : -0.474844 (0.000457)

kinetic : 0.789528 (0.003079)
potential : -1.264380 (0.002839)
energy : -0.474852 (0.000456)

kinetic : 0.789670 (0.003078)
potential : -1.264483 (0.002837)
energy : -0.474813 (0.000458)

kinetic : 0.789481 (0.003080)
potential : -1.264297 (0.002840)
energy : -0.474815 (0.000457)

kinetic : 0.789639 (0.003081)
potential : -1.264484 (0.002843)
energy : -0.474845 (0.000457)

kinetic : 0.789490 (0.003081)
potential : -1.264354 (0.002842)
energy : -0.474865 (0.000457)

kinetic : 0.789397 (0.003079)
potential : -1.264280 (0.002840)
energy : -0.474883 (0.000457)

kinetic : 0.789284 (0.003077)
potential : -1.264175 (0.002838)
energy : -0.474891 (0.000457)

kinetic : 0.789326 (0.003074)
potential : -1.264221 (0.002835)
energy : -0.474895 (0.000456)

kinetic : 0.789340 (0.003070)
potential : -1.264235 (0.002832)
energy : -0.474895 (0.000456)

kinetic : 0.789442 (0.003068)
potential : -1.264349 (0.002831)
energy : -0.474907 (0.000455)

kinetic : 0.789514 (0.003065)
potential : -1.264400 (0.002828)
energy : -0.474886 (0.000455)

kinetic : 0.789495 (0.003062)
potential : -1.264392 (0.002825)
energy : -0.474897 (0.000455)

kinetic : 0.789413 (0.003059)
potential : -1.264322 (0.002822)
energy : -0.474909 (0.000454)

kinetic : 0.789804 (0.003080)
potential : -1.264705 (0.002845)
energy : -0.474901 (0.000454)

kinetic : 0.789719 (0.003078)
potential : -1.264620 (0.002843)
energy : -0.474901 (0.000453)

kinetic : 0.789604 (0.003077)
potential : -1.264533 (0.002841)
energy : -0.474930 (0.000454)

kinetic : 0.789485 (0.003075)
potential : -1.264428 (0.002839)
energy : -0.474943 (0.000453)

kinetic : 0.789444 (0.003072)
potential : -1.264401 (0.002836)
energy : -0.474958 (0.000453)

kinetic : 0.789479 (0.003069)
potential : -1.264416 (0.002833)
energy : -0.474937 (0.000453)

kinetic : 0.789435 (0.003065)
potential : -1.264351 (0.002830)
energy : -0.474916 (0.000453)

kinetic : 0.789365 (0.003062)
potential : -1.264290 (0.002828)
energy : -0.474925 (0.000453)

kinetic : 0.789388 (0.003059)
potential : -1.264319 (0.002824)
energy : -0.474931 (0.000452)

kinetic : 0.789448 (0.003056)
potential : -1.264362 (0.002821)
energy : -0.474913 (0.000452)

kinetic : 0.789475 (0.003053)
potential : -1.264378 (0.002818)
energy : -0.474904 (0.000451)

kinetic : 0.789472 (0.003049)
potential : -1.264369 (0.002815)
energy : -0.474897 (0.000451)

kinetic : 0.789537 (0.003046)
potential : -1.264451 (0.002813)
energy : -0.474914 (0.000451)

kinetic : 0.789562 (0.003043)
potential : -1.264459 (0.002810)
energy : -0.474897 (0.000451)

kinetic : 0.789462 (0.003041)
potential : -1.264343 (0.002809)
energy : -0.474882 (0.000450)

kinetic : 0.789385 (0.003038)
potential : -1.264265 (0.002807)
energy : -0.474880 (0.000450)

kinetic : 0.789429 (0.003035)
potential : -1.264308 (0.002804)
energy : -0.474880 (0.000449)

kinetic : 0.789480 (0.003032)
potential : -1.264350 (0.002801)
energy : -0.474870 (0.000449)

kinetic : 0.789662 (0.003034)
potential : -1.264523 (0.002803)
energy : -0.474861 (0.000449)

kinetic : 0.789654 (0.003031)
potential : -1.264495 (0.002800)
energy : -0.474841 (0.000448)

kinetic : 0.789671 (0.003027)
potential : -1.264484 (0.002797)
energy : -0.474813 (0.000449)

kinetic : 0.789596 (0.003025)
potential : -1.264416 (0.002794)
energy : -0.474820 (0.000448)

kinetic : 0.789636 (0.003021)
potential : -1.264476 (0.002792)
energy : -0.474840 (0.000448)

kinetic : 0.789727 (0.003019)
potential : -1.264551 (0.002790)
energy : -0.474824 (0.000448)

kinetic : 0.789649 (0.003017)
potential : -1.264469 (0.002788)
energy : -0.474820 (0.000448)

kinetic : 0.789622 (0.003014)
potential : -1.264431 (0.002785)
energy : -0.474809 (0.000447)

kinetic : 0.789384 (0.003020)
potential : -1.264220 (0.002789)
energy : -0.474837 (0.000448)

kinetic : 0.790272 (0.003144)
potential : -1.265109 (0.002924)
energy : -0.474837 (0.000447)

kinetic : 0.790283 (0.003141)
potential : -1.265134 (0.002921)
energy : -0.474851 (0.000447)

kinetic : 0.790341 (0.003138)
potential : -1.265206 (0.002919)
energy : -0.474865 (0.000446)

kinetic : 0.790344 (0.003134)
potential : -1.265209 (0.002915)
energy : -0.474865 (0.000446)

kinetic : 0.790269 (0.003131)
potential : -1.265143 (0.002913)
energy : -0.474874 (0.000446)

kinetic : 0.790210 (0.003128)
potential : -1.265092 (0.002910)
energy : -0.474882 (0.000445)

kinetic : 0.790359 (0.003128)
potential : -1.265219 (0.002909)
energy : -0.474860 (0.000445)

kinetic : 0.790424 (0.003125)
potential : -1.265265 (0.002907)
energy : -0.474841 (0.000445)

kinetic : 0.790385 (0.003122)
potential : -1.265254 (0.002903)
energy : -0.474869 (0.000445)

kinetic : 0.790444 (0.003119)
potential : -1.265299 (0.002900)
energy : -0.474855 (0.000445)

kinetic : 0.790545 (0.003117)
potential : -1.265375 (0.002898)
energy : -0.474830 (0.000445)

kinetic : 0.790504 (0.003114)
potential : -1.265345 (0.002895)
energy : -0.474841 (0.000445)

kinetic : 0.790556 (0.003111)
potential : -1.265394 (0.002892)
energy : -0.474838 (0.000444)

kinetic : 0.790624 (0.003108)
potential : -1.265456 (0.002890)
energy : -0.474832 (0.000444)

kinetic : 0.790588 (0.003105)
potential : -1.265412 (0.002887)
energy : -0.474825 (0.000444)

kinetic : 0.790576 (0.003102)
potential : -1.265392 (0.002883)
energy : -0.474816 (0.000443)

kinetic : 0.790628 (0.003098)
potential : -1.265441 (0.002881)
energy : -0.474813 (0.000443)

kinetic : 0.790693 (0.003096)
potential : -1.265482 (0.002878)
energy : -0.474789 (0.000443)

kinetic : 0.790663 (0.003092)
potential : -1.265469 (0.002875)
energy : -0.474805 (0.000443)

kinetic : 0.790466 (0.003095)
potential : -1.265298 (0.002876)
energy : -0.474833 (0.000443)

kinetic : 0.790516 (0.003092)
potential : -1.265338 (0.002873)
energy : -0.474822 (0.000443)

kinetic : 0.790593 (0.003090)
potential : -1.265410 (0.002871)
energy : -0.474816 (0.000442)

kinetic : 0.790774 (0.003092)
potential : -1.265576 (0.002873)
energy : -0.474802 (0.000442)

kinetic : 0.790794 (0.003088)
potential : -1.265593 (0.002870)
energy : -0.474799 (0.000441)

kinetic : 0.790910 (0.003087)
potential : -1.265693 (0.002868)
energy : -0.474783 (0.000441)

kinetic : 0.790920 (0.003084)
potential : -1.265692 (0.002865)
energy : -0.474772 (0.000441)

kinetic : 0.790775 (0.003084)
potential : -1.265566 (0.002865)
energy : -0.474791 (0.000441)

kinetic : 0.790694 (0.003081)
potential : -1.265490 (0.002862)
energy : -0.474796 (0.000440)

kinetic : 0.790609 (0.003079)
potential : -1.265407 (0.002860)
energy : -0.474798 (0.000440)

kinetic : 0.790581 (0.003076)
potential : -1.265383 (0.002857)
energy : -0.474801 (0.000439)

kinetic : 0.790672 (0.003074)
potential : -1.265458 (0.002855)
energy : -0.474787 (0.000439)

kinetic : 0.790645 (0.003070)
potential : -1.265423 (0.002852)
energy : -0.474777 (0.000439)

kinetic : 0.790667 (0.003067)
potential : -1.265436 (0.002849)
energy : -0.474769 (0.000438)

kinetic : 0.790522 (0.003067)
potential : -1.265299 (0.002849)
energy : -0.474777 (0.000438)

kinetic : 0.790602 (0.003065)
potential : -1.265371 (0.002847)
energy : -0.474770 (0.000437)

kinetic : 0.790651 (0.003062)
potential : -1.265407 (0.002844)
energy : -0.474756 (0.000437)

kinetic : 0.790653 (0.003058)
potential : -1.265410 (0.002841)
energy : -0.474757 (0.000437)

kinetic : 0.790462 (0.003061)
potential : -1.265239 (0.002843)
energy : -0.474777 (0.000437)

kinetic : 0.790306 (0.003062)
potential : -1.265106 (0.002843)
energy : -0.474800 (0.000437)

kinetic : 0.790298 (0.003058)
potential : -1.265086 (0.002840)
energy : -0.474788 (0.000437)

kinetic : 0.790295 (0.003055)
potential : -1.265074 (0.002837)
energy : -0.474779 (0.000436)

kinetic : 0.790194 (0.003053)
potential : -1.264990 (0.002835)
energy : -0.474796 (0.000436)

kinetic : 0.790403 (0.003057)
potential : -1.265190 (0.002839)
energy : -0.474787 (0.000436)

kinetic : 0.790588 (0.003059)
potential : -1.265357 (0.002841)
energy : -0.474769 (0.000435)

kinetic : 0.790474 (0.003058)
potential : -1.265257 (0.002840)
energy : -0.474783 (0.000435)

kinetic : 0.790483 (0.003055)
potential : -1.265268 (0.002837)
energy : -0.474785 (0.000435)

kinetic : 0.790473 (0.003052)
potential : -1.265288 (0.002834)
energy : -0.474815 (0.000435)

kinetic : 0.790493 (0.003048)
potential : -1.265290 (0.002831)
energy : -0.474797 (0.000435)

kinetic : 0.790563 (0.003046)
potential : -1.265350 (0.002828)
energy : -0.474788 (0.000435)

kinetic : 0.790551 (0.003043)
potential : -1.265321 (0.002825)
energy : -0.474770 (0.000435)

kinetic : 0.790856 (0.003055)
potential : -1.265607 (0.002837)
energy : -0.474751 (0.000435)

kinetic : 0.790917 (0.003052)
potential : -1.265659 (0.002834)
energy : -0.474742 (0.000434)

kinetic : 0.790875 (0.003049)
potential : -1.265618 (0.002831)
energy : -0.474743 (0.000434)

kinetic : 0.790839 (0.003046)
potential : -1.265588 (0.002829)
energy : -0.474749 (0.000433)

kinetic : 0.790861 (0.003043)
potential : -1.265611 (0.002826)
energy : -0.474751 (0.000433)

kinetic : 0.790917 (0.003040)
potential : -1.265664 (0.002823)
energy : -0.474747 (0.000433)

kinetic : 0.790798 (0.003039)
potential : -1.265568 (0.002822)
energy : -0.474770 (0.000433)

kinetic : 0.790860 (0.003036)
potential : -1.265632 (0.002819)
energy : -0.474773 (0.000432)

kinetic : 0.790756 (0.003035)
potential : -1.265527 (0.002818)
energy : -0.474771 (0.000432)

kinetic : 0.790709 (0.003032)
potential : -1.265495 (0.002815)
energy : -0.474786 (0.000432)

kinetic : 0.790705 (0.003029)
potential : -1.265468 (0.002813)
energy : -0.474763 (0.000432)

kinetic : 0.790811 (0.003027)
potential : -1.265585 (0.002812)
energy : -0.474774 (0.000431)

kinetic : 0.790855 (0.003025)
potential : -1.265615 (0.002809)
energy : -0.474760 (0.000431)

kinetic : 0.790897 (0.003022)
potential : -1.265672 (0.002807)
energy : -0.474775 (0.000431)

kinetic : 0.791125 (0.003027)
potential : -1.265877 (0.002811)
energy : -0.474752 (0.000431)

kinetic : 0.791166 (0.003024)
potential : -1.265905 (0.002808)
energy : -0.474740 (0.000431)

kinetic : 0.791099 (0.003022)
potential : -1.265849 (0.002806)
energy : -0.474750 (0.000431)

kinetic : 0.791102 (0.003018)
potential : -1.265862 (0.002803)
energy : -0.474760 (0.000430)

kinetic : 0.791162 (0.003016)
potential : -1.265918 (0.002801)
energy : -0.474756 (0.000430)

kinetic : 0.791126 (0.003013)
potential : -1.265883 (0.002798)
energy : -0.474758 (0.000429)

kinetic : 0.791187 (0.003010)
potential : -1.265941 (0.002796)
energy : -0.474754 (0.000429)

kinetic : 0.791119 (0.003008)
potential : -1.265864 (0.002794)
energy : -0.474745 (0.000429)

kinetic : 0.791054 (0.003005)
potential : -1.265819 (0.002791)
energy : -0.474765 (0.000429)

kinetic : 0.791023 (0.003002)
potential : -1.265795 (0.002788)
energy : -0.474772 (0.000428)

kinetic : 0.791085 (0.003000)
potential : -1.265862 (0.002786)
energy : -0.474777 (0.000428)

kinetic : 0.791040 (0.002997)
potential : -1.265825 (0.002783)
energy : -0.474786 (0.000427)

kinetic : 0.791215 (0.002999)
potential : -1.266008 (0.002787)
energy : -0.474793 (0.000427)

kinetic : 0.791179 (0.002996)
potential : -1.265979 (0.002784)
energy : -0.474800 (0.000427)

kinetic : 0.791113 (0.002994)
potential : -1.265927 (0.002781)
energy : -0.474815 (0.000426)

kinetic : 0.791094 (0.002991)
potential : -1.265909 (0.002778)
energy : -0.474815 (0.000426)

kinetic : 0.790962 (0.002990)
potential : -1.265797 (0.002778)
energy : -0.474835 (0.000426)

kinetic : 0.790878 (0.002988)
potential : -1.265731 (0.002776)
energy : -0.474852 (0.000426)

kinetic : 0.791030 (0.002989)
potential : -1.265875 (0.002777)
energy : -0.474845 (0.000426)

kinetic : 0.791006 (0.002986)
potential : -1.265848 (0.002774)
energy : -0.474842 (0.000425)

kinetic : 0.790946 (0.002984)
potential : -1.265803 (0.002771)
energy : -0.474857 (0.000425)

kinetic : 0.790960 (0.002981)
potential : -1.265813 (0.002768)
energy : -0.474853 (0.000424)

kinetic : 0.790961 (0.002978)
potential : -1.265806 (0.002766)
energy : -0.474844 (0.000424)

kinetic : 0.791033 (0.002975)
potential : -1.265859 (0.002763)
energy : -0.474826 (0.000424)

kinetic : 0.791007 (0.002972)
potential : -1.265850 (0.002760)
energy : -0.474844 (0.000424)

kinetic : 0.790884 (0.002972)
potential : -1.265742 (0.002760)
energy : -0.474858 (0.000424)

kinetic : 0.790924 (0.002969)
potential : -1.265782 (0.002757)
energy : -0.474857 (0.000423)

kinetic : 0.790857 (0.002967)
potential : -1.265720 (0.002755)
energy : -0.474863 (0.000423)

kinetic : 0.790833 (0.002964)
potential : -1.265703 (0.002752)
energy : -0.474871 (0.000423)

kinetic : 0.790747 (0.002962)
potential : -1.265618 (0.002751)
energy : -0.474872 (0.000422)

kinetic : 0.790744 (0.002959)
potential : -1.265618 (0.002748)
energy : -0.474874 (0.000422)

kinetic : 0.790771 (0.002956)
potential : -1.265619 (0.002745)
energy : -0.474847 (0.000422)

kinetic : 0.790939 (0.002958)
potential : -1.265767 (0.002746)
energy : -0.474828 (0.000422)

kinetic : 0.790933 (0.002955)
potential : -1.265752 (0.002743)
energy : -0.474819 (0.000422)

kinetic : 0.791059 (0.002954)
potential : -1.265841 (0.002742)
energy : -0.474782 (0.000423)

kinetic : 0.791096 (0.002951)
potential : -1.265885 (0.002739)
energy : -0.474788 (0.000423)

kinetic : 0.791215 (0.002951)
potential : -1.266002 (0.002739)
energy : -0.474787 (0.000422)

kinetic : 0.791357 (0.002951)
potential : -1.266125 (0.002739)
energy : -0.474768 (0.000422)

kinetic : 0.791401 (0.002948)
potential : -1.266157 (0.002736)
energy : -0.474756 (0.000422)

kinetic : 0.791340 (0.002946)
potential : -1.266091 (0.002734)
energy : -0.474751 (0.000422)

kinetic : 0.791304 (0.002943)
potential : -1.266058 (0.002732)
energy : -0.474754 (0.000421)

kinetic : 0.791320 (0.002940)
potential : -1.266076 (0.002729)
energy : -0.474756 (0.000421)

kinetic : 0.791324 (0.002937)
potential : -1.266071 (0.002726)
energy : -0.474747 (0.000420)

kinetic : 0.791378 (0.002935)
potential : -1.266120 (0.002724)
energy : -0.474742 (0.000420)

kinetic : 0.791381 (0.002932)
potential : -1.266106 (0.002721)
energy : -0.474725 (0.000420)

kinetic : 0.791421 (0.002929)
potential : -1.266128 (0.002719)
energy : -0.474707 (0.000420)

kinetic : 0.791428 (0.002926)
potential : -1.266151 (0.002716)
energy : -0.474723 (0.000420)

kinetic : 0.791523 (0.002925)
potential : -1.266230 (0.002714)
energy : -0.474706 (0.000420)

kinetic : 0.791670 (0.002926)
potential : -1.266366 (0.002715)
energy : -0.474696 (0.000419)

kinetic : 0.791528 (0.002926)
potential : -1.266246 (0.002715)
energy : -0.474718 (0.000419)

kinetic : 0.791495 (0.002923)
potential : -1.266212 (0.002712)
energy : -0.474717 (0.000419)

kinetic : 0.791531 (0.002921)
potential : -1.266235 (0.002710)
energy : -0.474703 (0.000419)

kinetic : 0.791470 (0.002918)
potential : -1.266183 (0.002708)
energy : -0.474713 (0.000418)

kinetic : 0.791402 (0.002916)
potential : -1.266114 (0.002706)
energy : -0.474712 (0.000418)

kinetic : 0.791524 (0.002916)
potential : -1.266225 (0.002705)
energy : -0.474701 (0.000418)

kinetic : 0.791565 (0.002913)
potential : -1.266241 (0.002703)
energy : -0.474676 (0.000418)

kinetic : 0.791626 (0.002911)
potential : -1.266306 (0.002701)
energy : -0.474680 (0.000418)

kinetic : 0.791723 (0.002910)
potential : -1.266397 (0.002699)
energy : -0.474673 (0.000417)

kinetic : 0.791803 (0.002908)
potential : -1.266463 (0.002698)
energy : -0.474659 (0.000417)

kinetic : 0.791839 (0.002905)
potential : -1.266509 (0.002695)
energy : -0.474669 (0.000417)
         kinetic: 0.7918(29), Sigma: 1.204, T_corr: 5.8
       potential: -1.2665(27), Sigma: 1.154, T_corr: 5.5
          energy: -0.47467(42), Sigma: 0.143, T_corr: 8.5

For tau = 6.00e-01, acceptance ratio = 0.79
Time: 678.88s
