
kinetic : 0.663110 (inf)
potential : -1.158131 (inf)
energy : -0.495020 (inf)

kinetic : 0.458964 (inf)
potential : -0.932169 (inf)
energy : -0.473205 (inf)

kinetic : 0.452584 (0.006380)
potential : -0.927229 (0.004940)
energy : -0.474644 (0.001440)

kinetic : 0.430706 (0.022186)
potential : -0.905718 (0.021699)
energy : -0.475012 (0.000909)

kinetic : 0.435589 (0.016430)
potential : -0.912120 (0.016626)
energy : -0.476532 (0.001650)

kinetic : 0.439866 (0.013426)
potential : -0.912276 (0.012879)
energy : -0.472410 (0.004315)

kinetic : 0.440151 (0.010966)
potential : -0.911282 (0.010563)
energy : -0.471132 (0.003748)

kinetic : 0.451226 (0.014441)
potential : -0.918997 (0.011799)
energy : -0.467771 (0.004618)

kinetic : 0.456321 (0.013505)
potential : -0.920323 (0.010304)
energy : -0.464001 (0.005496)

kinetic : 0.454088 (0.012118)
potential : -0.918507 (0.009267)
energy : -0.464419 (0.004865)

kinetic : 0.446515 (0.013222)
potential : -0.912859 (0.010030)
energy : -0.466345 (0.004758)

kinetic : 0.445122 (0.012041)
potential : -0.910788 (0.009306)
energy : -0.465665 (0.004357)

kinetic : 0.442644 (0.011268)
potential : -0.908031 (0.008931)
energy : -0.465387 (0.003988)

kinetic : 0.444675 (0.010562)
potential : -0.907871 (0.008217)
energy : -0.463195 (0.004273)

kinetic : 0.448298 (0.010428)
potential : -0.912631 (0.008974)
energy : -0.464333 (0.004116)

kinetic : 0.446228 (0.009926)
potential : -0.911239 (0.008469)
energy : -0.465011 (0.003891)

kinetic : 0.447229 (0.009339)
potential : -0.913321 (0.008191)
energy : -0.466092 (0.003797)

kinetic : 0.443680 (0.009463)
potential : -0.910749 (0.008113)
energy : -0.467069 (0.003698)

kinetic : 0.457060 (0.016082)
potential : -0.923245 (0.014651)
energy : -0.466184 (0.003597)

kinetic : 0.462152 (0.016041)
potential : -0.929839 (0.015347)
energy : -0.467687 (0.003720)

kinetic : 0.462206 (0.015218)
potential : -0.929538 (0.014563)
energy : -0.467332 (0.003547)

kinetic : 0.459720 (0.014687)
potential : -0.928542 (0.013888)
energy : -0.468822 (0.003688)

kinetic : 0.459134 (0.014016)
potential : -0.928287 (0.013244)
energy : -0.469153 (0.003532)

kinetic : 0.456049 (0.013744)
potential : -0.924865 (0.013109)
energy : -0.468817 (0.003392)

kinetic : 0.458631 (0.013410)
potential : -0.927494 (0.012824)
energy : -0.468863 (0.003248)

kinetic : 0.459025 (0.012868)
potential : -0.927682 (0.012301)
energy : -0.468657 (0.003122)

kinetic : 0.458916 (0.012364)
potential : -0.927334 (0.011824)
energy : -0.468418 (0.003009)

kinetic : 0.461528 (0.012180)
potential : -0.930024 (0.011691)
energy : -0.468497 (0.002897)

kinetic : 0.462745 (0.011800)
potential : -0.930274 (0.011269)
energy : -0.467529 (0.002954)

kinetic : 0.462021 (0.011409)
potential : -0.929409 (0.010908)
energy : -0.467388 (0.002854)

kinetic : 0.462678 (0.011042)
potential : -0.929621 (0.010540)
energy : -0.466942 (0.002793)

kinetic : 0.465354 (0.011010)
potential : -0.932838 (0.010690)
energy : -0.467484 (0.002755)

kinetic : 0.464811 (0.010674)
potential : -0.932758 (0.010351)
energy : -0.467947 (0.002708)

kinetic : 0.463078 (0.010490)
potential : -0.931342 (0.010132)
energy : -0.468264 (0.002643)

kinetic : 0.462794 (0.010180)
potential : -0.931374 (0.009829)
energy : -0.468580 (0.002584)

kinetic : 0.462223 (0.009902)
potential : -0.930536 (0.009581)
energy : -0.468312 (0.002523)

kinetic : 0.462002 (0.009625)
potential : -0.930367 (0.009313)
energy : -0.468366 (0.002453)

kinetic : 0.460016 (0.009570)
potential : -0.927891 (0.009390)
energy : -0.467874 (0.002435)

kinetic : 0.458089 (0.009512)
potential : -0.925992 (0.009335)
energy : -0.467903 (0.002371)

kinetic : 0.457515 (0.009282)
potential : -0.925433 (0.009109)
energy : -0.467918 (0.002309)

kinetic : 0.458320 (0.009083)
potential : -0.926919 (0.009002)
energy : -0.468598 (0.002351)

kinetic : 0.458464 (0.008860)
potential : -0.926883 (0.008780)
energy : -0.468419 (0.002300)

kinetic : 0.459704 (0.008735)
potential : -0.928262 (0.008679)
energy : -0.468558 (0.002249)

kinetic : 0.460979 (0.008624)
potential : -0.929592 (0.008578)
energy : -0.468613 (0.002197)

kinetic : 0.461154 (0.008428)
potential : -0.929880 (0.008386)
energy : -0.468726 (0.002149)

kinetic : 0.462558 (0.008357)
potential : -0.930899 (0.008261)
energy : -0.468341 (0.002136)

kinetic : 0.462188 (0.008182)
potential : -0.930610 (0.008084)
energy : -0.468422 (0.002091)

kinetic : 0.462757 (0.008026)
potential : -0.930869 (0.007915)
energy : -0.468112 (0.002069)

kinetic : 0.466209 (0.008582)
potential : -0.934338 (0.008489)
energy : -0.468129 (0.002025)

kinetic : 0.465737 (0.008418)
potential : -0.933434 (0.008363)
energy : -0.467698 (0.002030)

kinetic : 0.466156 (0.008259)
potential : -0.933659 (0.008197)
energy : -0.467503 (0.001998)

kinetic : 0.466782 (0.008120)
potential : -0.934240 (0.008056)
energy : -0.467458 (0.001959)

kinetic : 0.467785 (0.008025)
potential : -0.935678 (0.008029)
energy : -0.467893 (0.001970)

kinetic : 0.466519 (0.007973)
potential : -0.934235 (0.008007)
energy : -0.467716 (0.001940)

kinetic : 0.466993 (0.007838)
potential : -0.934998 (0.007894)
energy : -0.468005 (0.001926)

kinetic : 0.465867 (0.007777)
potential : -0.933950 (0.007820)
energy : -0.468084 (0.001892)

kinetic : 0.468177 (0.007978)
potential : -0.936578 (0.008116)
energy : -0.468401 (0.001885)

kinetic : 0.466171 (0.008089)
potential : -0.934170 (0.008328)
energy : -0.467999 (0.001895)

kinetic : 0.466551 (0.007958)
potential : -0.934307 (0.008184)
energy : -0.467756 (0.001878)

kinetic : 0.465733 (0.007865)
potential : -0.933324 (0.008104)
energy : -0.467591 (0.001853)

kinetic : 0.465174 (0.007753)
potential : -0.933111 (0.007971)
energy : -0.467937 (0.001854)

kinetic : 0.463914 (0.007728)
potential : -0.932301 (0.007881)
energy : -0.468386 (0.001878)

kinetic : 0.463589 (0.007609)
potential : -0.932317 (0.007753)
energy : -0.468728 (0.001879)

kinetic : 0.464597 (0.007555)
potential : -0.933150 (0.007674)
energy : -0.468553 (0.001857)

kinetic : 0.464411 (0.007438)
potential : -0.933198 (0.007553)
energy : -0.468787 (0.001843)

kinetic : 0.464329 (0.007323)
potential : -0.933043 (0.007438)
energy : -0.468714 (0.001816)

kinetic : 0.465316 (0.007279)
potential : -0.933774 (0.007361)
energy : -0.468458 (0.001806)

kinetic : 0.466985 (0.007361)
potential : -0.935546 (0.007464)
energy : -0.468561 (0.001782)

kinetic : 0.467266 (0.007257)
potential : -0.935826 (0.007358)
energy : -0.468560 (0.001756)

kinetic : 0.467548 (0.007157)
potential : -0.935850 (0.007251)
energy : -0.468301 (0.001749)

kinetic : 0.466831 (0.007090)
potential : -0.935444 (0.007158)
energy : -0.468613 (0.001752)

kinetic : 0.466193 (0.007019)
potential : -0.935031 (0.007069)
energy : -0.468838 (0.001742)

kinetic : 0.466277 (0.006921)
potential : -0.934951 (0.006970)
energy : -0.468674 (0.001725)

kinetic : 0.465462 (0.006874)
potential : -0.934215 (0.006913)
energy : -0.468753 (0.001703)

kinetic : 0.464893 (0.006805)
potential : -0.933862 (0.006829)
energy : -0.468969 (0.001694)

kinetic : 0.464904 (0.006713)
potential : -0.934086 (0.006741)
energy : -0.469182 (0.001685)

kinetic : 0.464855 (0.006625)
potential : -0.934039 (0.006652)
energy : -0.469185 (0.001662)

kinetic : 0.465163 (0.006545)
potential : -0.934557 (0.006585)
energy : -0.469394 (0.001654)

kinetic : 0.465188 (0.006461)
potential : -0.934539 (0.006500)
energy : -0.469351 (0.001633)

kinetic : 0.464531 (0.006412)
potential : -0.934004 (0.006439)
energy : -0.469473 (0.001617)

kinetic : 0.464480 (0.006332)
potential : -0.933762 (0.006363)
energy : -0.469282 (0.001608)

kinetic : 0.464424 (0.006253)
potential : -0.933446 (0.006292)
energy : -0.469022 (0.001609)

kinetic : 0.463988 (0.006192)
potential : -0.933080 (0.006226)
energy : -0.469092 (0.001591)

kinetic : 0.466446 (0.006592)
potential : -0.935697 (0.006684)
energy : -0.469252 (0.001580)

kinetic : 0.467910 (0.006676)
potential : -0.937318 (0.006800)
energy : -0.469408 (0.001569)

kinetic : 0.468952 (0.006679)
potential : -0.938462 (0.006816)
energy : -0.469510 (0.001553)

kinetic : 0.468699 (0.006605)
potential : -0.938041 (0.006749)
energy : -0.469342 (0.001544)

kinetic : 0.468620 (0.006529)
potential : -0.937933 (0.006672)
energy : -0.469313 (0.001527)

kinetic : 0.469436 (0.006506)
potential : -0.938861 (0.006661)
energy : -0.469425 (0.001513)

kinetic : 0.468890 (0.006456)
potential : -0.938398 (0.006602)
energy : -0.469507 (0.001499)

kinetic : 0.468355 (0.006406)
potential : -0.937533 (0.006585)
energy : -0.469177 (0.001518)

kinetic : 0.468398 (0.006335)
potential : -0.937492 (0.006513)
energy : -0.469094 (0.001504)

kinetic : 0.466893 (0.006444)
potential : -0.935862 (0.006644)
energy : -0.468969 (0.001493)

kinetic : 0.467006 (0.006376)
potential : -0.936033 (0.006575)
energy : -0.469027 (0.001478)

kinetic : 0.467684 (0.006344)
potential : -0.936918 (0.006564)
energy : -0.469234 (0.001476)

kinetic : 0.466264 (0.006435)
potential : -0.935492 (0.006649)
energy : -0.469228 (0.001461)

kinetic : 0.465686 (0.006394)
potential : -0.934975 (0.006600)
energy : -0.469288 (0.001447)

kinetic : 0.466867 (0.006437)
potential : -0.936096 (0.006627)
energy : -0.469229 (0.001433)

kinetic : 0.466445 (0.006385)
potential : -0.935577 (0.006580)
energy : -0.469132 (0.001422)

kinetic : 0.467213 (0.006366)
potential : -0.936421 (0.006567)
energy : -0.469208 (0.001409)

kinetic : 0.467935 (0.006344)
potential : -0.937355 (0.006568)
energy : -0.469419 (0.001411)

kinetic : 0.468294 (0.006291)
potential : -0.937753 (0.006515)
energy : -0.469459 (0.001397)

kinetic : 0.469014 (0.006270)
potential : -0.938649 (0.006513)
energy : -0.469635 (0.001395)

kinetic : 0.468934 (0.006210)
potential : -0.938605 (0.006449)
energy : -0.469671 (0.001382)

kinetic : 0.468849 (0.006150)
potential : -0.938357 (0.006392)
energy : -0.469509 (0.001378)

kinetic : 0.468869 (0.006091)
potential : -0.938387 (0.006331)
energy : -0.469517 (0.001365)

kinetic : 0.468835 (0.006034)
potential : -0.938376 (0.006271)
energy : -0.469541 (0.001352)

kinetic : 0.469538 (0.006018)
potential : -0.939200 (0.006266)
energy : -0.469662 (0.001345)

kinetic : 0.468509 (0.006051)
potential : -0.937961 (0.006330)
energy : -0.469453 (0.001349)

kinetic : 0.468134 (0.006006)
potential : -0.937331 (0.006303)
energy : -0.469196 (0.001361)

kinetic : 0.469142 (0.006036)
potential : -0.938341 (0.006327)
energy : -0.469199 (0.001348)

kinetic : 0.469016 (0.005983)
potential : -0.938125 (0.006274)
energy : -0.469109 (0.001339)

kinetic : 0.469074 (0.005930)
potential : -0.938267 (0.006219)
energy : -0.469193 (0.001330)

kinetic : 0.468492 (0.005906)
potential : -0.937928 (0.006173)
energy : -0.469436 (0.001340)

kinetic : 0.468447 (0.005854)
potential : -0.938046 (0.006120)
energy : -0.469599 (0.001338)

kinetic : 0.467985 (0.005821)
potential : -0.937549 (0.006087)
energy : -0.469565 (0.001327)

kinetic : 0.467569 (0.005786)
potential : -0.937024 (0.006057)
energy : -0.469455 (0.001320)

kinetic : 0.468193 (0.005770)
potential : -0.937616 (0.006034)
energy : -0.469424 (0.001309)

kinetic : 0.467965 (0.005725)
potential : -0.937414 (0.005986)
energy : -0.469449 (0.001298)

kinetic : 0.467462 (0.005699)
potential : -0.936964 (0.005952)
energy : -0.469502 (0.001288)

kinetic : 0.466795 (0.005691)
potential : -0.936154 (0.005958)
energy : -0.469359 (0.001285)

kinetic : 0.466591 (0.005647)
potential : -0.935985 (0.005911)
energy : -0.469394 (0.001275)

kinetic : 0.466597 (0.005601)
potential : -0.935924 (0.005863)
energy : -0.469327 (0.001267)

kinetic : 0.467105 (0.005578)
potential : -0.936315 (0.005828)
energy : -0.469210 (0.001262)

kinetic : 0.467187 (0.005533)
potential : -0.936433 (0.005782)
energy : -0.469246 (0.001252)

kinetic : 0.467185 (0.005489)
potential : -0.936492 (0.005736)
energy : -0.469307 (0.001243)

kinetic : 0.466528 (0.005485)
potential : -0.935685 (0.005747)
energy : -0.469157 (0.001243)

kinetic : 0.466584 (0.005442)
potential : -0.935696 (0.005701)
energy : -0.469111 (0.001234)

kinetic : 0.467208 (0.005435)
potential : -0.936358 (0.005695)
energy : -0.469150 (0.001224)

kinetic : 0.466739 (0.005413)
potential : -0.935852 (0.005674)
energy : -0.469113 (0.001216)

kinetic : 0.466788 (0.005371)
potential : -0.935958 (0.005631)
energy : -0.469169 (0.001207)

kinetic : 0.467246 (0.005350)
potential : -0.936312 (0.005599)
energy : -0.469065 (0.001203)

kinetic : 0.466578 (0.005351)
potential : -0.935723 (0.005587)
energy : -0.469145 (0.001196)

kinetic : 0.466651 (0.005311)
potential : -0.935715 (0.005545)
energy : -0.469064 (0.001190)

kinetic : 0.466846 (0.005275)
potential : -0.935820 (0.005505)
energy : -0.468974 (0.001184)

kinetic : 0.467143 (0.005244)
potential : -0.936076 (0.005470)
energy : -0.468933 (0.001176)

kinetic : 0.466668 (0.005227)
potential : -0.935417 (0.005469)
energy : -0.468749 (0.001182)

kinetic : 0.467505 (0.005256)
potential : -0.936164 (0.005480)
energy : -0.468659 (0.001177)

kinetic : 0.467103 (0.005233)
potential : -0.935756 (0.005455)
energy : -0.468653 (0.001168)

kinetic : 0.466568 (0.005223)
potential : -0.935202 (0.005444)
energy : -0.468634 (0.001160)

kinetic : 0.467142 (0.005217)
potential : -0.935780 (0.005436)
energy : -0.468638 (0.001152)

kinetic : 0.467421 (0.005187)
potential : -0.935987 (0.005402)
energy : -0.468566 (0.001146)

kinetic : 0.466889 (0.005178)
potential : -0.935328 (0.005404)
energy : -0.468440 (0.001145)

kinetic : 0.467322 (0.005160)
potential : -0.935837 (0.005390)
energy : -0.468515 (0.001139)

kinetic : 0.466942 (0.005138)
potential : -0.935336 (0.005376)
energy : -0.468394 (0.001138)

kinetic : 0.467197 (0.005109)
potential : -0.935582 (0.005344)
energy : -0.468385 (0.001130)

kinetic : 0.466859 (0.005085)
potential : -0.935022 (0.005337)
energy : -0.468163 (0.001144)

kinetic : 0.467076 (0.005055)
potential : -0.935293 (0.005307)
energy : -0.468217 (0.001137)

kinetic : 0.467177 (0.005022)
potential : -0.935414 (0.005273)
energy : -0.468237 (0.001130)

kinetic : 0.467062 (0.004989)
potential : -0.935315 (0.005238)
energy : -0.468253 (0.001122)

kinetic : 0.466797 (0.004963)
potential : -0.935151 (0.005206)
energy : -0.468354 (0.001119)

kinetic : 0.467390 (0.004966)
potential : -0.935502 (0.005183)
energy : -0.468113 (0.001138)

kinetic : 0.467047 (0.004945)
potential : -0.935087 (0.005166)
energy : -0.468040 (0.001133)

kinetic : 0.466591 (0.004933)
potential : -0.934564 (0.005158)
energy : -0.467973 (0.001127)

kinetic : 0.466094 (0.004926)
potential : -0.934128 (0.005143)
energy : -0.468033 (0.001121)

kinetic : 0.465698 (0.004911)
potential : -0.933665 (0.005131)
energy : -0.467968 (0.001116)

kinetic : 0.465645 (0.004879)
potential : -0.933535 (0.005099)
energy : -0.467890 (0.001112)

kinetic : 0.465492 (0.004850)
potential : -0.933323 (0.005071)
energy : -0.467831 (0.001106)

kinetic : 0.465705 (0.004824)
potential : -0.933517 (0.005043)
energy : -0.467812 (0.001099)

kinetic : 0.465512 (0.004798)
potential : -0.933223 (0.005020)
energy : -0.467711 (0.001097)

kinetic : 0.465576 (0.004768)
potential : -0.933386 (0.004991)
energy : -0.467810 (0.001095)

kinetic : 0.465624 (0.004739)
potential : -0.933330 (0.004960)
energy : -0.467706 (0.001093)

kinetic : 0.465572 (0.004710)
potential : -0.933340 (0.004929)
energy : -0.467768 (0.001088)

kinetic : 0.465507 (0.004681)
potential : -0.933271 (0.004899)
energy : -0.467765 (0.001081)

kinetic : 0.465280 (0.004658)
potential : -0.933164 (0.004871)
energy : -0.467884 (0.001081)

kinetic : 0.465439 (0.004632)
potential : -0.933342 (0.004844)
energy : -0.467902 (0.001075)

kinetic : 0.465653 (0.004609)
potential : -0.933521 (0.004818)
energy : -0.467868 (0.001069)

kinetic : 0.465975 (0.004593)
potential : -0.933978 (0.004811)
energy : -0.468003 (0.001071)

kinetic : 0.466024 (0.004566)
potential : -0.934025 (0.004783)
energy : -0.468002 (0.001065)

kinetic : 0.465269 (0.004601)
potential : -0.933046 (0.004854)
energy : -0.467777 (0.001082)

kinetic : 0.465654 (0.004590)
potential : -0.933448 (0.004842)
energy : -0.467794 (0.001076)

kinetic : 0.465439 (0.004568)
potential : -0.933164 (0.004822)
energy : -0.467725 (0.001071)

kinetic : 0.465704 (0.004549)
potential : -0.933446 (0.004802)
energy : -0.467743 (0.001065)

kinetic : 0.466378 (0.004573)
potential : -0.933988 (0.004805)
energy : -0.467610 (0.001067)

kinetic : 0.466990 (0.004588)
potential : -0.934599 (0.004816)
energy : -0.467609 (0.001061)

kinetic : 0.467193 (0.004566)
potential : -0.934790 (0.004793)
energy : -0.467597 (0.001055)

kinetic : 0.467178 (0.004540)
potential : -0.934630 (0.004768)
energy : -0.467452 (0.001059)

kinetic : 0.466902 (0.004523)
potential : -0.934358 (0.004749)
energy : -0.467456 (0.001053)

kinetic : 0.466719 (0.004501)
potential : -0.934185 (0.004725)
energy : -0.467467 (0.001047)

kinetic : 0.466377 (0.004489)
potential : -0.933707 (0.004723)
energy : -0.467330 (0.001050)

kinetic : 0.466377 (0.004464)
potential : -0.933669 (0.004697)
energy : -0.467292 (0.001045)

kinetic : 0.466208 (0.004442)
potential : -0.933441 (0.004676)
energy : -0.467234 (0.001041)

kinetic : 0.466029 (0.004421)
potential : -0.933209 (0.004657)
energy : -0.467180 (0.001037)

kinetic : 0.465834 (0.004401)
potential : -0.932989 (0.004636)
energy : -0.467155 (0.001031)

kinetic : 0.465623 (0.004382)
potential : -0.932679 (0.004621)
energy : -0.467056 (0.001031)

kinetic : 0.465429 (0.004363)
potential : -0.932488 (0.004600)
energy : -0.467059 (0.001025)

kinetic : 0.464928 (0.004368)
potential : -0.932011 (0.004600)
energy : -0.467083 (0.001020)

kinetic : 0.464672 (0.004352)
potential : -0.931789 (0.004581)
energy : -0.467117 (0.001015)

kinetic : 0.464495 (0.004333)
potential : -0.931498 (0.004566)
energy : -0.467004 (0.001016)

kinetic : 0.464766 (0.004318)
potential : -0.931736 (0.004548)
energy : -0.466970 (0.001011)

kinetic : 0.465203 (0.004318)
potential : -0.932174 (0.004545)
energy : -0.466972 (0.001006)

kinetic : 0.465286 (0.004296)
potential : -0.932171 (0.004521)
energy : -0.466885 (0.001004)

kinetic : 0.465286 (0.004273)
potential : -0.932391 (0.004503)
energy : -0.467105 (0.001023)

kinetic : 0.465360 (0.004252)
potential : -0.932436 (0.004480)
energy : -0.467076 (0.001018)

kinetic : 0.465089 (0.004239)
potential : -0.932172 (0.004464)
energy : -0.467083 (0.001013)

kinetic : 0.465201 (0.004218)
potential : -0.932305 (0.004443)
energy : -0.467104 (0.001008)

kinetic : 0.465327 (0.004199)
potential : -0.932381 (0.004421)
energy : -0.467054 (0.001004)

kinetic : 0.465544 (0.004183)
potential : -0.932624 (0.004406)
energy : -0.467080 (0.000999)

kinetic : 0.465425 (0.004163)
potential : -0.932641 (0.004383)
energy : -0.467216 (0.001003)

kinetic : 0.465368 (0.004143)
potential : -0.932582 (0.004362)
energy : -0.467214 (0.000998)

kinetic : 0.465057 (0.004134)
potential : -0.932245 (0.004353)
energy : -0.467188 (0.000994)

kinetic : 0.465023 (0.004113)
potential : -0.932311 (0.004332)
energy : -0.467288 (0.000994)

kinetic : 0.465038 (0.004093)
potential : -0.932318 (0.004310)
energy : -0.467281 (0.000989)

kinetic : 0.464660 (0.004090)
potential : -0.932025 (0.004299)
energy : -0.467365 (0.000987)

kinetic : 0.465016 (0.004086)
potential : -0.932531 (0.004308)
energy : -0.467515 (0.000994)

kinetic : 0.465372 (0.004081)
potential : -0.932926 (0.004305)
energy : -0.467554 (0.000990)

kinetic : 0.465147 (0.004067)
potential : -0.932705 (0.004289)
energy : -0.467558 (0.000985)

kinetic : 0.465363 (0.004054)
potential : -0.933030 (0.004281)
energy : -0.467667 (0.000986)

kinetic : 0.465561 (0.004039)
potential : -0.933196 (0.004264)
energy : -0.467635 (0.000982)

kinetic : 0.465712 (0.004022)
potential : -0.933469 (0.004252)
energy : -0.467757 (0.000985)

kinetic : 0.465481 (0.004010)
potential : -0.933202 (0.004240)
energy : -0.467721 (0.000981)

kinetic : 0.464976 (0.004023)
potential : -0.932633 (0.004258)
energy : -0.467657 (0.000979)

kinetic : 0.464496 (0.004032)
potential : -0.932110 (0.004270)
energy : -0.467615 (0.000975)

kinetic : 0.465401 (0.004114)
potential : -0.933049 (0.004352)
energy : -0.467648 (0.000971)

kinetic : 0.465221 (0.004099)
potential : -0.932905 (0.004334)
energy : -0.467684 (0.000967)

kinetic : 0.465553 (0.004093)
potential : -0.933184 (0.004323)
energy : -0.467631 (0.000964)

kinetic : 0.465207 (0.004089)
potential : -0.932872 (0.004315)
energy : -0.467665 (0.000960)

kinetic : 0.464846 (0.004086)
potential : -0.932646 (0.004301)
energy : -0.467799 (0.000965)

kinetic : 0.465143 (0.004078)
potential : -0.932902 (0.004288)
energy : -0.467759 (0.000961)

kinetic : 0.464845 (0.004070)
potential : -0.932517 (0.004286)
energy : -0.467671 (0.000961)

kinetic : 0.464884 (0.004052)
potential : -0.932480 (0.004267)
energy : -0.467597 (0.000960)

kinetic : 0.465259 (0.004051)
potential : -0.932825 (0.004261)
energy : -0.467566 (0.000956)

kinetic : 0.465413 (0.004036)
potential : -0.932851 (0.004242)
energy : -0.467438 (0.000960)

kinetic : 0.465429 (0.004017)
potential : -0.932862 (0.004223)
energy : -0.467433 (0.000956)

kinetic : 0.465589 (0.004003)
potential : -0.933181 (0.004216)
energy : -0.467591 (0.000964)

kinetic : 0.465516 (0.003986)
potential : -0.933133 (0.004198)
energy : -0.467618 (0.000960)

kinetic : 0.465154 (0.003984)
potential : -0.932716 (0.004200)
energy : -0.467562 (0.000958)

kinetic : 0.465320 (0.003970)
potential : -0.932913 (0.004186)
energy : -0.467593 (0.000954)

kinetic : 0.465225 (0.003954)
potential : -0.932917 (0.004168)
energy : -0.467693 (0.000955)

kinetic : 0.465725 (0.003968)
potential : -0.933374 (0.004174)
energy : -0.467649 (0.000952)

kinetic : 0.465304 (0.003973)
potential : -0.932949 (0.004178)
energy : -0.467645 (0.000948)

kinetic : 0.465235 (0.003957)
potential : -0.932907 (0.004160)
energy : -0.467672 (0.000944)

kinetic : 0.465463 (0.003946)
potential : -0.933237 (0.004155)
energy : -0.467774 (0.000945)

kinetic : 0.465531 (0.003930)
potential : -0.933341 (0.004139)
energy : -0.467810 (0.000942)

kinetic : 0.465553 (0.003913)
potential : -0.933370 (0.004121)
energy : -0.467817 (0.000938)

kinetic : 0.465374 (0.003900)
potential : -0.933194 (0.004107)
energy : -0.467820 (0.000934)

kinetic : 0.465420 (0.003884)
potential : -0.933211 (0.004090)
energy : -0.467790 (0.000931)

kinetic : 0.465530 (0.003869)
potential : -0.933297 (0.004073)
energy : -0.467767 (0.000927)

kinetic : 0.465841 (0.003866)
potential : -0.933684 (0.004075)
energy : -0.467843 (0.000926)

kinetic : 0.465861 (0.003849)
potential : -0.933715 (0.004058)
energy : -0.467854 (0.000922)

kinetic : 0.466327 (0.003862)
potential : -0.934179 (0.004067)
energy : -0.467852 (0.000919)

kinetic : 0.466430 (0.003847)
potential : -0.934228 (0.004051)
energy : -0.467798 (0.000916)

kinetic : 0.466483 (0.003831)
potential : -0.934289 (0.004034)
energy : -0.467806 (0.000913)

kinetic : 0.466527 (0.003816)
potential : -0.934383 (0.004019)
energy : -0.467856 (0.000910)

kinetic : 0.466511 (0.003800)
potential : -0.934289 (0.004003)
energy : -0.467778 (0.000910)

kinetic : 0.466240 (0.003794)
potential : -0.933938 (0.004002)
energy : -0.467698 (0.000910)

kinetic : 0.465823 (0.003802)
potential : -0.933511 (0.004009)
energy : -0.467689 (0.000906)

kinetic : 0.465639 (0.003791)
potential : -0.933372 (0.003995)
energy : -0.467733 (0.000903)

kinetic : 0.467138 (0.004062)
potential : -0.934825 (0.004236)
energy : -0.467687 (0.000901)

kinetic : 0.467312 (0.004050)
potential : -0.935005 (0.004223)
energy : -0.467692 (0.000897)

kinetic : 0.467290 (0.004033)
potential : -0.934961 (0.004206)
energy : -0.467671 (0.000894)

kinetic : 0.467494 (0.004022)
potential : -0.935260 (0.004200)
energy : -0.467766 (0.000895)

kinetic : 0.467671 (0.004010)
potential : -0.935474 (0.004189)
energy : -0.467803 (0.000893)

kinetic : 0.467653 (0.003994)
potential : -0.935378 (0.004173)
energy : -0.467724 (0.000892)

kinetic : 0.467515 (0.003981)
potential : -0.935262 (0.004158)
energy : -0.467747 (0.000889)

kinetic : 0.467412 (0.003967)
potential : -0.935172 (0.004143)
energy : -0.467759 (0.000886)

kinetic : 0.467375 (0.003951)
potential : -0.935126 (0.004127)
energy : -0.467751 (0.000882)

kinetic : 0.467422 (0.003936)
potential : -0.935202 (0.004112)
energy : -0.467779 (0.000879)

kinetic : 0.467382 (0.003921)
potential : -0.935226 (0.004096)
energy : -0.467843 (0.000878)

kinetic : 0.467122 (0.003915)
potential : -0.934984 (0.004087)
energy : -0.467862 (0.000875)

kinetic : 0.466801 (0.003913)
potential : -0.934611 (0.004088)
energy : -0.467810 (0.000873)

kinetic : 0.466921 (0.003900)
potential : -0.934687 (0.004073)
energy : -0.467765 (0.000871)

kinetic : 0.466889 (0.003885)
potential : -0.934569 (0.004059)
energy : -0.467680 (0.000872)

kinetic : 0.466952 (0.003871)
potential : -0.934576 (0.004044)
energy : -0.467624 (0.000870)

kinetic : 0.466887 (0.003857)
potential : -0.934536 (0.004029)
energy : -0.467650 (0.000868)

kinetic : 0.466450 (0.003867)
potential : -0.934068 (0.004041)
energy : -0.467617 (0.000865)

kinetic : 0.466461 (0.003852)
potential : -0.933997 (0.004026)
energy : -0.467536 (0.000865)

kinetic : 0.466240 (0.003844)
potential : -0.933753 (0.004019)
energy : -0.467513 (0.000862)

kinetic : 0.466417 (0.003834)
potential : -0.933985 (0.004010)
energy : -0.467568 (0.000861)

kinetic : 0.466612 (0.003824)
potential : -0.934145 (0.003999)
energy : -0.467533 (0.000858)

kinetic : 0.466188 (0.003834)
potential : -0.933673 (0.004011)
energy : -0.467485 (0.000857)

kinetic : 0.466500 (0.003832)
potential : -0.934067 (0.004016)
energy : -0.467568 (0.000857)

kinetic : 0.466521 (0.003818)
potential : -0.934078 (0.004001)
energy : -0.467557 (0.000854)

kinetic : 0.466516 (0.003804)
potential : -0.934042 (0.003987)
energy : -0.467526 (0.000852)

kinetic : 0.466503 (0.003790)
potential : -0.934056 (0.003972)
energy : -0.467552 (0.000849)

kinetic : 0.466449 (0.003777)
potential : -0.933932 (0.003960)
energy : -0.467483 (0.000849)

kinetic : 0.466435 (0.003763)
potential : -0.933952 (0.003945)
energy : -0.467517 (0.000846)

kinetic : 0.466380 (0.003750)
potential : -0.933886 (0.003932)
energy : -0.467506 (0.000843)

kinetic : 0.466888 (0.003771)
potential : -0.934321 (0.003941)
energy : -0.467433 (0.000844)

kinetic : 0.466786 (0.003759)
potential : -0.934192 (0.003929)
energy : -0.467406 (0.000841)

kinetic : 0.467307 (0.003781)
potential : -0.934762 (0.003957)
energy : -0.467456 (0.000839)

kinetic : 0.467298 (0.003768)
potential : -0.934732 (0.003943)
energy : -0.467434 (0.000837)

kinetic : 0.467146 (0.003757)
potential : -0.934565 (0.003932)
energy : -0.467419 (0.000834)

kinetic : 0.466711 (0.003769)
potential : -0.934105 (0.003945)
energy : -0.467393 (0.000831)

kinetic : 0.466597 (0.003758)
potential : -0.934035 (0.003932)
energy : -0.467437 (0.000830)

kinetic : 0.466339 (0.003753)
potential : -0.933730 (0.003930)
energy : -0.467391 (0.000828)

kinetic : 0.466111 (0.003747)
potential : -0.933439 (0.003927)
energy : -0.467328 (0.000827)

kinetic : 0.466098 (0.003734)
potential : -0.933324 (0.003915)
energy : -0.467225 (0.000831)

kinetic : 0.465950 (0.003724)
potential : -0.933133 (0.003906)
energy : -0.467183 (0.000829)

kinetic : 0.465952 (0.003711)
potential : -0.933125 (0.003893)
energy : -0.467173 (0.000826)

kinetic : 0.466089 (0.003701)
potential : -0.933227 (0.003880)
energy : -0.467138 (0.000824)

kinetic : 0.466044 (0.003688)
potential : -0.933222 (0.003867)
energy : -0.467178 (0.000822)

kinetic : 0.466077 (0.003676)
potential : -0.933265 (0.003854)
energy : -0.467189 (0.000820)

kinetic : 0.466086 (0.003663)
potential : -0.933256 (0.003841)
energy : -0.467170 (0.000817)

kinetic : 0.466367 (0.003662)
potential : -0.933469 (0.003834)
energy : -0.467102 (0.000817)

kinetic : 0.466401 (0.003649)
potential : -0.933461 (0.003821)
energy : -0.467060 (0.000815)

kinetic : 0.466006 (0.003658)
potential : -0.933001 (0.003835)
energy : -0.466995 (0.000815)

kinetic : 0.466198 (0.003651)
potential : -0.933233 (0.003829)
energy : -0.467034 (0.000813)

kinetic : 0.466536 (0.003655)
potential : -0.933614 (0.003836)
energy : -0.467078 (0.000812)

kinetic : 0.466464 (0.003643)
potential : -0.933531 (0.003824)
energy : -0.467067 (0.000809)

kinetic : 0.467229 (0.003711)
potential : -0.934296 (0.003887)
energy : -0.467067 (0.000806)

kinetic : 0.467390 (0.003702)
potential : -0.934466 (0.003878)
energy : -0.467077 (0.000804)

kinetic : 0.467558 (0.003693)
potential : -0.934679 (0.003871)
energy : -0.467120 (0.000802)

kinetic : 0.467582 (0.003681)
potential : -0.934694 (0.003858)
energy : -0.467112 (0.000800)

kinetic : 0.467422 (0.003672)
potential : -0.934523 (0.003849)
energy : -0.467101 (0.000797)

kinetic : 0.467652 (0.003668)
potential : -0.934739 (0.003842)
energy : -0.467086 (0.000795)

kinetic : 0.468060 (0.003678)
potential : -0.935208 (0.003858)
energy : -0.467148 (0.000794)

kinetic : 0.467893 (0.003670)
potential : -0.935069 (0.003848)
energy : -0.467176 (0.000792)

kinetic : 0.467796 (0.003659)
potential : -0.934982 (0.003837)
energy : -0.467186 (0.000790)

kinetic : 0.467554 (0.003656)
potential : -0.934711 (0.003834)
energy : -0.467157 (0.000788)

kinetic : 0.467773 (0.003650)
potential : -0.934888 (0.003826)
energy : -0.467115 (0.000786)

kinetic : 0.467762 (0.003639)
potential : -0.934799 (0.003814)
energy : -0.467037 (0.000788)

kinetic : 0.467719 (0.003627)
potential : -0.934730 (0.003803)
energy : -0.467011 (0.000786)

kinetic : 0.467970 (0.003624)
potential : -0.934979 (0.003799)
energy : -0.467009 (0.000783)

kinetic : 0.467839 (0.003615)
potential : -0.934783 (0.003792)
energy : -0.466944 (0.000783)

kinetic : 0.468116 (0.003614)
potential : -0.935059 (0.003790)
energy : -0.466944 (0.000781)

kinetic : 0.467884 (0.003610)
potential : -0.934766 (0.003789)
energy : -0.466883 (0.000781)

kinetic : 0.467898 (0.003599)
potential : -0.934803 (0.003777)
energy : -0.466906 (0.000779)

kinetic : 0.467794 (0.003589)
potential : -0.934793 (0.003765)
energy : -0.466999 (0.000782)

kinetic : 0.468040 (0.003586)
potential : -0.935024 (0.003761)
energy : -0.466984 (0.000779)

kinetic : 0.467983 (0.003575)
potential : -0.934999 (0.003749)
energy : -0.467016 (0.000778)

kinetic : 0.468076 (0.003565)
potential : -0.935069 (0.003738)
energy : -0.466993 (0.000776)

kinetic : 0.467937 (0.003557)
potential : -0.934885 (0.003731)
energy : -0.466948 (0.000774)

kinetic : 0.467722 (0.003552)
potential : -0.934696 (0.003724)
energy : -0.466975 (0.000773)

kinetic : 0.467475 (0.003550)
potential : -0.934483 (0.003719)
energy : -0.467008 (0.000771)

kinetic : 0.467557 (0.003540)
potential : -0.934525 (0.003707)
energy : -0.466969 (0.000770)

kinetic : 0.467715 (0.003533)
potential : -0.934651 (0.003698)
energy : -0.466936 (0.000768)

kinetic : 0.467593 (0.003524)
potential : -0.934550 (0.003688)
energy : -0.466956 (0.000766)

kinetic : 0.467822 (0.003521)
potential : -0.934820 (0.003687)
energy : -0.466998 (0.000765)

kinetic : 0.468402 (0.003558)
potential : -0.935392 (0.003720)
energy : -0.466990 (0.000762)

kinetic : 0.468306 (0.003548)
potential : -0.935275 (0.003710)
energy : -0.466969 (0.000760)

kinetic : 0.468377 (0.003538)
potential : -0.935341 (0.003700)
energy : -0.466964 (0.000758)

kinetic : 0.468860 (0.003560)
potential : -0.935904 (0.003731)
energy : -0.467044 (0.000760)

kinetic : 0.469112 (0.003559)
potential : -0.936183 (0.003731)
energy : -0.467071 (0.000758)

kinetic : 0.468981 (0.003550)
potential : -0.936065 (0.003721)
energy : -0.467084 (0.000756)

kinetic : 0.469393 (0.003564)
potential : -0.936482 (0.003733)
energy : -0.467088 (0.000754)

kinetic : 0.469278 (0.003555)
potential : -0.936396 (0.003723)
energy : -0.467117 (0.000752)

kinetic : 0.469153 (0.003546)
potential : -0.936229 (0.003716)
energy : -0.467076 (0.000751)

kinetic : 0.469117 (0.003536)
potential : -0.936226 (0.003705)
energy : -0.467109 (0.000749)

kinetic : 0.469165 (0.003526)
potential : -0.936322 (0.003695)
energy : -0.467157 (0.000749)

kinetic : 0.469080 (0.003517)
potential : -0.936210 (0.003686)
energy : -0.467131 (0.000747)

kinetic : 0.468791 (0.003518)
potential : -0.935894 (0.003689)
energy : -0.467103 (0.000745)

kinetic : 0.469196 (0.003531)
potential : -0.936310 (0.003701)
energy : -0.467114 (0.000743)

kinetic : 0.469397 (0.003527)
potential : -0.936595 (0.003702)
energy : -0.467197 (0.000746)

kinetic : 0.469447 (0.003517)
potential : -0.936635 (0.003691)
energy : -0.467189 (0.000744)

kinetic : 0.469228 (0.003513)
potential : -0.936363 (0.003690)
energy : -0.467135 (0.000743)

kinetic : 0.469119 (0.003505)
potential : -0.936305 (0.003680)
energy : -0.467186 (0.000743)

kinetic : 0.468993 (0.003497)
potential : -0.936150 (0.003673)
energy : -0.467158 (0.000741)

kinetic : 0.469016 (0.003487)
potential : -0.936245 (0.003663)
energy : -0.467229 (0.000743)

kinetic : 0.469133 (0.003479)
potential : -0.936359 (0.003655)
energy : -0.467226 (0.000740)

kinetic : 0.468927 (0.003475)
potential : -0.936117 (0.003652)
energy : -0.467190 (0.000739)

kinetic : 0.468893 (0.003465)
potential : -0.936041 (0.003643)
energy : -0.467148 (0.000738)

kinetic : 0.468811 (0.003457)
potential : -0.936002 (0.003633)
energy : -0.467191 (0.000737)

kinetic : 0.468933 (0.003449)
potential : -0.936128 (0.003624)
energy : -0.467195 (0.000735)

kinetic : 0.469070 (0.003442)
potential : -0.936314 (0.003619)
energy : -0.467243 (0.000735)

kinetic : 0.469051 (0.003432)
potential : -0.936329 (0.003609)
energy : -0.467278 (0.000734)

kinetic : 0.469110 (0.003423)
potential : -0.936446 (0.003600)
energy : -0.467336 (0.000734)

kinetic : 0.468999 (0.003415)
potential : -0.936363 (0.003591)
energy : -0.467364 (0.000732)

kinetic : 0.469191 (0.003411)
potential : -0.936617 (0.003590)
energy : -0.467426 (0.000733)

kinetic : 0.469162 (0.003402)
potential : -0.936532 (0.003581)
energy : -0.467370 (0.000733)

kinetic : 0.469283 (0.003394)
potential : -0.936714 (0.003576)
energy : -0.467431 (0.000733)

kinetic : 0.469054 (0.003393)
potential : -0.936465 (0.003575)
energy : -0.467411 (0.000732)

kinetic : 0.469120 (0.003384)
potential : -0.936586 (0.003567)
energy : -0.467467 (0.000732)

kinetic : 0.469491 (0.003395)
potential : -0.936949 (0.003576)
energy : -0.467458 (0.000730)

kinetic : 0.469573 (0.003387)
potential : -0.936976 (0.003566)
energy : -0.467403 (0.000730)

kinetic : 0.469568 (0.003377)
potential : -0.936958 (0.003556)
energy : -0.467389 (0.000728)

kinetic : 0.469378 (0.003374)
potential : -0.936738 (0.003553)
energy : -0.467360 (0.000727)

kinetic : 0.469318 (0.003365)
potential : -0.936694 (0.003544)
energy : -0.467376 (0.000725)

kinetic : 0.469346 (0.003356)
potential : -0.936743 (0.003534)
energy : -0.467397 (0.000723)

kinetic : 0.469373 (0.003347)
potential : -0.936743 (0.003525)
energy : -0.467370 (0.000722)

kinetic : 0.469338 (0.003338)
potential : -0.936669 (0.003516)
energy : -0.467331 (0.000721)

kinetic : 0.469411 (0.003330)
potential : -0.936729 (0.003507)
energy : -0.467318 (0.000719)

kinetic : 0.469346 (0.003322)
potential : -0.936660 (0.003498)
energy : -0.467313 (0.000717)

kinetic : 0.469329 (0.003313)
potential : -0.936659 (0.003489)
energy : -0.467330 (0.000715)

kinetic : 0.468820 (0.003343)
potential : -0.936120 (0.003521)
energy : -0.467301 (0.000714)

kinetic : 0.468651 (0.003338)
potential : -0.935893 (0.003519)
energy : -0.467243 (0.000714)

kinetic : 0.468758 (0.003331)
potential : -0.936006 (0.003511)
energy : -0.467247 (0.000713)

kinetic : 0.468660 (0.003324)
potential : -0.935879 (0.003504)
energy : -0.467219 (0.000711)

kinetic : 0.468256 (0.003339)
potential : -0.935386 (0.003530)
energy : -0.467130 (0.000715)

kinetic : 0.468334 (0.003331)
potential : -0.935481 (0.003522)
energy : -0.467147 (0.000713)

kinetic : 0.468459 (0.003325)
potential : -0.935638 (0.003516)
energy : -0.467180 (0.000712)

kinetic : 0.468585 (0.003319)
potential : -0.935834 (0.003512)
energy : -0.467249 (0.000714)

kinetic : 0.468717 (0.003313)
potential : -0.935946 (0.003505)
energy : -0.467228 (0.000712)

kinetic : 0.468942 (0.003312)
potential : -0.936143 (0.003501)
energy : -0.467201 (0.000711)

kinetic : 0.469148 (0.003309)
potential : -0.936393 (0.003501)
energy : -0.467246 (0.000710)

kinetic : 0.469336 (0.003306)
potential : -0.936530 (0.003495)
energy : -0.467194 (0.000710)

kinetic : 0.468883 (0.003328)
potential : -0.936089 (0.003513)
energy : -0.467206 (0.000709)

kinetic : 0.468742 (0.003323)
potential : -0.935898 (0.003509)
energy : -0.467156 (0.000709)

kinetic : 0.468729 (0.003314)
potential : -0.935874 (0.003500)
energy : -0.467144 (0.000707)

kinetic : 0.468589 (0.003309)
potential : -0.935744 (0.003494)
energy : -0.467155 (0.000705)

kinetic : 0.468417 (0.003305)
potential : -0.935616 (0.003487)
energy : -0.467199 (0.000705)

kinetic : 0.468298 (0.003298)
potential : -0.935440 (0.003483)
energy : -0.467142 (0.000705)

kinetic : 0.468612 (0.003305)
potential : -0.935761 (0.003489)
energy : -0.467149 (0.000703)

kinetic : 0.468609 (0.003296)
potential : -0.935706 (0.003480)
energy : -0.467097 (0.000703)

kinetic : 0.468456 (0.003292)
potential : -0.935519 (0.003476)
energy : -0.467063 (0.000703)

kinetic : 0.468299 (0.003287)
potential : -0.935377 (0.003470)
energy : -0.467078 (0.000701)

kinetic : 0.468228 (0.003279)
potential : -0.935237 (0.003464)
energy : -0.467009 (0.000703)

kinetic : 0.468043 (0.003276)
potential : -0.934992 (0.003464)
energy : -0.466949 (0.000703)

kinetic : 0.467946 (0.003270)
potential : -0.934934 (0.003456)
energy : -0.466988 (0.000703)

kinetic : 0.467795 (0.003265)
potential : -0.934788 (0.003451)
energy : -0.466993 (0.000701)

kinetic : 0.467878 (0.003258)
potential : -0.934855 (0.003443)
energy : -0.466977 (0.000699)

kinetic : 0.467999 (0.003252)
potential : -0.934994 (0.003437)
energy : -0.466994 (0.000698)

kinetic : 0.468041 (0.003244)
potential : -0.934985 (0.003428)
energy : -0.466944 (0.000698)

kinetic : 0.467750 (0.003249)
potential : -0.934653 (0.003436)
energy : -0.466903 (0.000697)

kinetic : 0.467706 (0.003241)
potential : -0.934592 (0.003428)
energy : -0.466885 (0.000696)

kinetic : 0.467338 (0.003254)
potential : -0.934152 (0.003448)
energy : -0.466814 (0.000698)

kinetic : 0.467905 (0.003295)
potential : -0.934696 (0.003482)
energy : -0.466791 (0.000697)

kinetic : 0.467926 (0.003287)
potential : -0.934725 (0.003473)
energy : -0.466799 (0.000695)

kinetic : 0.467802 (0.003282)
potential : -0.934566 (0.003469)
energy : -0.466764 (0.000694)

kinetic : 0.467742 (0.003274)
potential : -0.934457 (0.003462)
energy : -0.466715 (0.000694)

kinetic : 0.467736 (0.003266)
potential : -0.934482 (0.003453)
energy : -0.466746 (0.000693)

kinetic : 0.467681 (0.003259)
potential : -0.934445 (0.003445)
energy : -0.466764 (0.000692)

kinetic : 0.467712 (0.003251)
potential : -0.934431 (0.003437)
energy : -0.466720 (0.000691)

kinetic : 0.467913 (0.003249)
potential : -0.934652 (0.003436)
energy : -0.466739 (0.000690)

kinetic : 0.468022 (0.003243)
potential : -0.934781 (0.003430)
energy : -0.466759 (0.000689)

kinetic : 0.468094 (0.003236)
potential : -0.934862 (0.003422)
energy : -0.466768 (0.000687)

kinetic : 0.468074 (0.003228)
potential : -0.934803 (0.003415)
energy : -0.466729 (0.000686)

kinetic : 0.468108 (0.003221)
potential : -0.934829 (0.003407)
energy : -0.466721 (0.000685)

kinetic : 0.467959 (0.003217)
potential : -0.934656 (0.003403)
energy : -0.466698 (0.000684)

kinetic : 0.467614 (0.003227)
potential : -0.934286 (0.003415)
energy : -0.466672 (0.000682)

kinetic : 0.467710 (0.003221)
potential : -0.934401 (0.003409)
energy : -0.466691 (0.000681)

kinetic : 0.467778 (0.003214)
potential : -0.934454 (0.003401)
energy : -0.466676 (0.000680)

kinetic : 0.467690 (0.003208)
potential : -0.934325 (0.003395)
energy : -0.466635 (0.000679)

kinetic : 0.467631 (0.003201)
potential : -0.934247 (0.003388)
energy : -0.466617 (0.000678)

kinetic : 0.467785 (0.003197)
potential : -0.934407 (0.003384)
energy : -0.466622 (0.000676)

kinetic : 0.467592 (0.003195)
potential : -0.934240 (0.003380)
energy : -0.466648 (0.000675)

kinetic : 0.467740 (0.003191)
potential : -0.934396 (0.003376)
energy : -0.466656 (0.000674)

kinetic : 0.467808 (0.003184)
potential : -0.934498 (0.003369)
energy : -0.466690 (0.000673)

kinetic : 0.467671 (0.003180)
potential : -0.934431 (0.003362)
energy : -0.466760 (0.000675)

kinetic : 0.467569 (0.003174)
potential : -0.934358 (0.003355)
energy : -0.466788 (0.000674)

kinetic : 0.467661 (0.003168)
potential : -0.934469 (0.003349)
energy : -0.466809 (0.000673)

kinetic : 0.467670 (0.003161)
potential : -0.934492 (0.003341)
energy : -0.466822 (0.000671)

kinetic : 0.467888 (0.003161)
potential : -0.934733 (0.003342)
energy : -0.466845 (0.000670)

kinetic : 0.467895 (0.003154)
potential : -0.934769 (0.003335)
energy : -0.466874 (0.000669)

kinetic : 0.468055 (0.003150)
potential : -0.934907 (0.003330)
energy : -0.466852 (0.000668)

kinetic : 0.468140 (0.003144)
potential : -0.934984 (0.003323)
energy : -0.466844 (0.000667)

kinetic : 0.467941 (0.003143)
potential : -0.934725 (0.003326)
energy : -0.466784 (0.000668)

kinetic : 0.467844 (0.003138)
potential : -0.934661 (0.003319)
energy : -0.466817 (0.000667)

kinetic : 0.468068 (0.003138)
potential : -0.934883 (0.003319)
energy : -0.466815 (0.000665)

kinetic : 0.467906 (0.003135)
potential : -0.934700 (0.003316)
energy : -0.466794 (0.000664)

kinetic : 0.467959 (0.003129)
potential : -0.934795 (0.003310)
energy : -0.466836 (0.000664)

kinetic : 0.468159 (0.003128)
potential : -0.934973 (0.003307)
energy : -0.466814 (0.000663)

kinetic : 0.468027 (0.003124)
potential : -0.934870 (0.003301)
energy : -0.466843 (0.000662)

kinetic : 0.467985 (0.003117)
potential : -0.934835 (0.003294)
energy : -0.466851 (0.000661)

kinetic : 0.468013 (0.003110)
potential : -0.934856 (0.003287)
energy : -0.466843 (0.000659)

kinetic : 0.468266 (0.003113)
potential : -0.935144 (0.003292)
energy : -0.466878 (0.000659)

kinetic : 0.468067 (0.003113)
potential : -0.934937 (0.003291)
energy : -0.466870 (0.000657)

kinetic : 0.468106 (0.003106)
potential : -0.934959 (0.003284)
energy : -0.466853 (0.000656)

kinetic : 0.467875 (0.003108)
potential : -0.934674 (0.003289)
energy : -0.466799 (0.000657)

kinetic : 0.467865 (0.003101)
potential : -0.934678 (0.003281)
energy : -0.466813 (0.000655)

kinetic : 0.467730 (0.003097)
potential : -0.934538 (0.003277)
energy : -0.466808 (0.000654)

kinetic : 0.467836 (0.003092)
potential : -0.934651 (0.003272)
energy : -0.466815 (0.000653)

kinetic : 0.467628 (0.003092)
potential : -0.934430 (0.003272)
energy : -0.466802 (0.000651)

kinetic : 0.467677 (0.003085)
potential : -0.934497 (0.003265)
energy : -0.466821 (0.000650)

kinetic : 0.467694 (0.003079)
potential : -0.934477 (0.003258)
energy : -0.466783 (0.000650)

kinetic : 0.467616 (0.003073)
potential : -0.934404 (0.003252)
energy : -0.466788 (0.000648)

kinetic : 0.467510 (0.003068)
potential : -0.934264 (0.003248)
energy : -0.466754 (0.000648)

kinetic : 0.467583 (0.003062)
potential : -0.934314 (0.003241)
energy : -0.466731 (0.000647)

kinetic : 0.467422 (0.003060)
potential : -0.934158 (0.003238)
energy : -0.466736 (0.000645)

kinetic : 0.467908 (0.003092)
potential : -0.934704 (0.003277)
energy : -0.466797 (0.000647)

kinetic : 0.467772 (0.003088)
potential : -0.934553 (0.003273)
energy : -0.466781 (0.000646)

kinetic : 0.467818 (0.003081)
potential : -0.934614 (0.003266)
energy : -0.466796 (0.000644)

kinetic : 0.467611 (0.003082)
potential : -0.934419 (0.003265)
energy : -0.466808 (0.000643)

kinetic : 0.467728 (0.003077)
potential : -0.934548 (0.003261)
energy : -0.466820 (0.000642)

kinetic : 0.467749 (0.003071)
potential : -0.934584 (0.003254)
energy : -0.466835 (0.000641)

kinetic : 0.467634 (0.003066)
potential : -0.934474 (0.003249)
energy : -0.466840 (0.000639)

kinetic : 0.467520 (0.003062)
potential : -0.934336 (0.003245)
energy : -0.466815 (0.000638)

kinetic : 0.467695 (0.003060)
potential : -0.934495 (0.003242)
energy : -0.466800 (0.000637)

kinetic : 0.467715 (0.003054)
potential : -0.934501 (0.003235)
energy : -0.466786 (0.000636)

kinetic : 0.468015 (0.003062)
potential : -0.934744 (0.003237)
energy : -0.466729 (0.000637)

kinetic : 0.467883 (0.003058)
potential : -0.934619 (0.003232)
energy : -0.466736 (0.000636)

kinetic : 0.467716 (0.003056)
potential : -0.934454 (0.003230)
energy : -0.466738 (0.000635)

kinetic : 0.467948 (0.003059)
potential : -0.934708 (0.003233)
energy : -0.466761 (0.000634)

kinetic : 0.467932 (0.003052)
potential : -0.934693 (0.003226)
energy : -0.466760 (0.000632)

kinetic : 0.467772 (0.003050)
potential : -0.934524 (0.003224)
energy : -0.466751 (0.000631)

kinetic : 0.467615 (0.003048)
potential : -0.934327 (0.003223)
energy : -0.466712 (0.000631)

kinetic : 0.467638 (0.003041)
potential : -0.934375 (0.003216)
energy : -0.466737 (0.000630)

kinetic : 0.467628 (0.003035)
potential : -0.934337 (0.003210)
energy : -0.466709 (0.000629)

kinetic : 0.467480 (0.003032)
potential : -0.934164 (0.003208)
energy : -0.466684 (0.000629)

kinetic : 0.467344 (0.003029)
potential : -0.934037 (0.003204)
energy : -0.466693 (0.000627)

kinetic : 0.467113 (0.003031)
potential : -0.933837 (0.003203)
energy : -0.466723 (0.000627)

kinetic : 0.466954 (0.003029)
potential : -0.933642 (0.003203)
energy : -0.466688 (0.000626)

kinetic : 0.467107 (0.003027)
potential : -0.933802 (0.003200)
energy : -0.466695 (0.000625)

kinetic : 0.467191 (0.003022)
potential : -0.933849 (0.003194)
energy : -0.466658 (0.000625)

kinetic : 0.467174 (0.003015)
potential : -0.933830 (0.003187)
energy : -0.466656 (0.000624)

kinetic : 0.467002 (0.003014)
potential : -0.933654 (0.003185)
energy : -0.466652 (0.000622)

kinetic : 0.466971 (0.003008)
potential : -0.933678 (0.003179)
energy : -0.466707 (0.000624)

kinetic : 0.466860 (0.003004)
potential : -0.933561 (0.003174)
energy : -0.466701 (0.000622)

kinetic : 0.466906 (0.002998)
potential : -0.933631 (0.003169)
energy : -0.466724 (0.000621)

kinetic : 0.466864 (0.002992)
potential : -0.933586 (0.003163)
energy : -0.466722 (0.000620)

kinetic : 0.466720 (0.002990)
potential : -0.933438 (0.003160)
energy : -0.466718 (0.000619)

kinetic : 0.466690 (0.002984)
potential : -0.933370 (0.003154)
energy : -0.466680 (0.000619)

kinetic : 0.466767 (0.002979)
potential : -0.933499 (0.003150)
energy : -0.466731 (0.000620)

kinetic : 0.466937 (0.002977)
potential : -0.933698 (0.003150)
energy : -0.466761 (0.000619)

kinetic : 0.466949 (0.002971)
potential : -0.933724 (0.003144)
energy : -0.466775 (0.000618)

kinetic : 0.466918 (0.002966)
potential : -0.933688 (0.003138)
energy : -0.466769 (0.000617)

kinetic : 0.466874 (0.002960)
potential : -0.933721 (0.003131)
energy : -0.466847 (0.000620)

kinetic : 0.466909 (0.002954)
potential : -0.933753 (0.003125)
energy : -0.466844 (0.000619)

kinetic : 0.466708 (0.002955)
potential : -0.933484 (0.003131)
energy : -0.466776 (0.000622)

kinetic : 0.466786 (0.002950)
potential : -0.933547 (0.003125)
energy : -0.466761 (0.000621)

kinetic : 0.466873 (0.002945)
potential : -0.933658 (0.003121)
energy : -0.466785 (0.000620)

kinetic : 0.466895 (0.002940)
potential : -0.933661 (0.003114)
energy : -0.466766 (0.000619)

kinetic : 0.466875 (0.002934)
potential : -0.933651 (0.003108)
energy : -0.466776 (0.000618)

kinetic : 0.466751 (0.002931)
potential : -0.933475 (0.003107)
energy : -0.466724 (0.000619)

kinetic : 0.466952 (0.002932)
potential : -0.933700 (0.003109)
energy : -0.466748 (0.000618)

kinetic : 0.467118 (0.002931)
potential : -0.933862 (0.003107)
energy : -0.466744 (0.000617)

kinetic : 0.467027 (0.002926)
potential : -0.933726 (0.003104)
energy : -0.466699 (0.000617)

kinetic : 0.467038 (0.002920)
potential : -0.933725 (0.003098)
energy : -0.466687 (0.000616)

kinetic : 0.466994 (0.002915)
potential : -0.933710 (0.003092)
energy : -0.466716 (0.000615)

kinetic : 0.467036 (0.002910)
potential : -0.933780 (0.003086)
energy : -0.466744 (0.000615)

kinetic : 0.467052 (0.002904)
potential : -0.933771 (0.003080)
energy : -0.466719 (0.000614)

kinetic : 0.467141 (0.002900)
potential : -0.933913 (0.003078)
energy : -0.466772 (0.000615)

kinetic : 0.466918 (0.002903)
potential : -0.933624 (0.003085)
energy : -0.466706 (0.000618)

kinetic : 0.466921 (0.002897)
potential : -0.933679 (0.003080)
energy : -0.466759 (0.000619)

kinetic : 0.466911 (0.002891)
potential : -0.933711 (0.003074)
energy : -0.466800 (0.000619)

kinetic : 0.466845 (0.002886)
potential : -0.933611 (0.003069)
energy : -0.466766 (0.000619)

kinetic : 0.466949 (0.002883)
potential : -0.933708 (0.003065)
energy : -0.466760 (0.000617)

kinetic : 0.466916 (0.002877)
potential : -0.933669 (0.003059)
energy : -0.466753 (0.000616)

kinetic : 0.466982 (0.002872)
potential : -0.933754 (0.003055)
energy : -0.466771 (0.000615)

kinetic : 0.466979 (0.002867)
potential : -0.933746 (0.003049)
energy : -0.466766 (0.000614)

kinetic : 0.466944 (0.002862)
potential : -0.933706 (0.003043)
energy : -0.466762 (0.000613)

kinetic : 0.467053 (0.002858)
potential : -0.933813 (0.003039)
energy : -0.466760 (0.000612)

kinetic : 0.467144 (0.002854)
potential : -0.933878 (0.003034)
energy : -0.466734 (0.000611)

kinetic : 0.467141 (0.002849)
potential : -0.933856 (0.003028)
energy : -0.466715 (0.000610)

kinetic : 0.466973 (0.002848)
potential : -0.933685 (0.003027)
energy : -0.466711 (0.000609)

kinetic : 0.467093 (0.002845)
potential : -0.933827 (0.003025)
energy : -0.466734 (0.000608)

kinetic : 0.467097 (0.002840)
potential : -0.933841 (0.003019)
energy : -0.466744 (0.000607)

kinetic : 0.467268 (0.002840)
potential : -0.934024 (0.003019)
energy : -0.466756 (0.000606)

kinetic : 0.467327 (0.002835)
potential : -0.934102 (0.003014)
energy : -0.466774 (0.000605)

kinetic : 0.467234 (0.002831)
potential : -0.933995 (0.003010)
energy : -0.466762 (0.000604)

kinetic : 0.467113 (0.002828)
potential : -0.933897 (0.003006)
energy : -0.466784 (0.000604)

kinetic : 0.467101 (0.002823)
potential : -0.933854 (0.003001)
energy : -0.466753 (0.000603)

kinetic : 0.467193 (0.002819)
potential : -0.933936 (0.002996)
energy : -0.466742 (0.000602)

kinetic : 0.467300 (0.002816)
potential : -0.934010 (0.002992)
energy : -0.466710 (0.000602)

kinetic : 0.467421 (0.002813)
potential : -0.934160 (0.002990)
energy : -0.466739 (0.000602)

kinetic : 0.467317 (0.002810)
potential : -0.934071 (0.002986)
energy : -0.466754 (0.000601)

kinetic : 0.467263 (0.002805)
potential : -0.933978 (0.002981)
energy : -0.466714 (0.000601)

kinetic : 0.467359 (0.002802)
potential : -0.934071 (0.002977)
energy : -0.466712 (0.000600)

kinetic : 0.467255 (0.002798)
potential : -0.933991 (0.002973)
energy : -0.466736 (0.000599)

kinetic : 0.467299 (0.002793)
potential : -0.934003 (0.002967)
energy : -0.466705 (0.000599)

kinetic : 0.467407 (0.002790)
potential : -0.934107 (0.002964)
energy : -0.466699 (0.000598)

kinetic : 0.467327 (0.002786)
potential : -0.934025 (0.002959)
energy : -0.466697 (0.000597)

kinetic : 0.467286 (0.002782)
potential : -0.933972 (0.002954)
energy : -0.466687 (0.000596)

kinetic : 0.467118 (0.002781)
potential : -0.933806 (0.002954)
energy : -0.466688 (0.000594)

kinetic : 0.467236 (0.002779)
potential : -0.933944 (0.002951)
energy : -0.466708 (0.000594)

kinetic : 0.467124 (0.002776)
potential : -0.933803 (0.002949)
energy : -0.466679 (0.000593)

kinetic : 0.467204 (0.002772)
potential : -0.933852 (0.002944)
energy : -0.466648 (0.000593)

kinetic : 0.467080 (0.002770)
potential : -0.933733 (0.002941)
energy : -0.466653 (0.000592)

kinetic : 0.467036 (0.002765)
potential : -0.933697 (0.002936)
energy : -0.466661 (0.000591)

kinetic : 0.467201 (0.002765)
potential : -0.933881 (0.002937)
energy : -0.466680 (0.000590)

kinetic : 0.467202 (0.002760)
potential : -0.933887 (0.002931)
energy : -0.466685 (0.000589)

kinetic : 0.467271 (0.002756)
potential : -0.933945 (0.002927)
energy : -0.466674 (0.000588)

kinetic : 0.467195 (0.002752)
potential : -0.933860 (0.002923)
energy : -0.466664 (0.000587)

kinetic : 0.467398 (0.002754)
potential : -0.934058 (0.002924)
energy : -0.466660 (0.000586)

kinetic : 0.467379 (0.002749)
potential : -0.934037 (0.002919)
energy : -0.466658 (0.000585)

kinetic : 0.467496 (0.002747)
potential : -0.934164 (0.002916)
energy : -0.466668 (0.000584)

kinetic : 0.467596 (0.002744)
potential : -0.934320 (0.002915)
energy : -0.466724 (0.000586)

kinetic : 0.467517 (0.002740)
potential : -0.934232 (0.002911)
energy : -0.466715 (0.000585)

kinetic : 0.467885 (0.002760)
potential : -0.934564 (0.002925)
energy : -0.466680 (0.000585)

kinetic : 0.467918 (0.002755)
potential : -0.934635 (0.002921)
energy : -0.466717 (0.000585)

kinetic : 0.468044 (0.002753)
potential : -0.934756 (0.002918)
energy : -0.466712 (0.000584)

kinetic : 0.468059 (0.002748)
potential : -0.934766 (0.002913)
energy : -0.466708 (0.000583)

kinetic : 0.468106 (0.002744)
potential : -0.934857 (0.002909)
energy : -0.466750 (0.000583)

kinetic : 0.468239 (0.002742)
potential : -0.934993 (0.002907)
energy : -0.466754 (0.000582)

kinetic : 0.468191 (0.002737)
potential : -0.934954 (0.002902)
energy : -0.466763 (0.000581)

kinetic : 0.468160 (0.002733)
potential : -0.934909 (0.002897)
energy : -0.466749 (0.000580)

kinetic : 0.468264 (0.002730)
potential : -0.935000 (0.002894)
energy : -0.466735 (0.000580)

kinetic : 0.468225 (0.002725)
potential : -0.934975 (0.002889)
energy : -0.466750 (0.000579)

kinetic : 0.468290 (0.002721)
potential : -0.935069 (0.002885)
energy : -0.466779 (0.000578)

kinetic : 0.468323 (0.002717)
potential : -0.935108 (0.002880)
energy : -0.466786 (0.000577)

kinetic : 0.468195 (0.002715)
potential : -0.934972 (0.002878)
energy : -0.466777 (0.000577)

kinetic : 0.468180 (0.002710)
potential : -0.934956 (0.002873)
energy : -0.466776 (0.000576)

kinetic : 0.468326 (0.002710)
potential : -0.935107 (0.002872)
energy : -0.466781 (0.000575)

kinetic : 0.468376 (0.002705)
potential : -0.935180 (0.002868)
energy : -0.466803 (0.000574)

kinetic : 0.468396 (0.002701)
potential : -0.935192 (0.002863)
energy : -0.466796 (0.000573)

kinetic : 0.468389 (0.002696)
potential : -0.935182 (0.002858)
energy : -0.466793 (0.000572)

kinetic : 0.468269 (0.002694)
potential : -0.935066 (0.002856)
energy : -0.466797 (0.000571)

kinetic : 0.468329 (0.002690)
potential : -0.935125 (0.002851)
energy : -0.466796 (0.000570)

kinetic : 0.468362 (0.002685)
potential : -0.935129 (0.002846)
energy : -0.466767 (0.000570)

kinetic : 0.468343 (0.002681)
potential : -0.935143 (0.002842)
energy : -0.466800 (0.000570)

kinetic : 0.468360 (0.002676)
potential : -0.935210 (0.002837)
energy : -0.466849 (0.000571)

kinetic : 0.468843 (0.002715)
potential : -0.935688 (0.002873)
energy : -0.466846 (0.000570)

kinetic : 0.468839 (0.002710)
potential : -0.935719 (0.002868)
energy : -0.466880 (0.000570)

kinetic : 0.468773 (0.002706)
potential : -0.935643 (0.002864)
energy : -0.466870 (0.000569)

kinetic : 0.468567 (0.002710)
potential : -0.935417 (0.002868)
energy : -0.466849 (0.000568)

kinetic : 0.468483 (0.002706)
potential : -0.935308 (0.002865)
energy : -0.466825 (0.000568)

kinetic : 0.468411 (0.002703)
potential : -0.935227 (0.002861)
energy : -0.466816 (0.000567)

kinetic : 0.468400 (0.002698)
potential : -0.935209 (0.002857)
energy : -0.466809 (0.000566)

kinetic : 0.468568 (0.002699)
potential : -0.935374 (0.002857)
energy : -0.466806 (0.000565)

kinetic : 0.468480 (0.002695)
potential : -0.935287 (0.002853)
energy : -0.466807 (0.000564)

kinetic : 0.468467 (0.002691)
potential : -0.935263 (0.002848)
energy : -0.466796 (0.000563)

kinetic : 0.468463 (0.002686)
potential : -0.935249 (0.002843)
energy : -0.466786 (0.000563)

kinetic : 0.468532 (0.002683)
potential : -0.935336 (0.002840)
energy : -0.466804 (0.000562)

kinetic : 0.468555 (0.002678)
potential : -0.935375 (0.002835)
energy : -0.466820 (0.000561)

kinetic : 0.468647 (0.002675)
potential : -0.935496 (0.002833)
energy : -0.466849 (0.000561)

kinetic : 0.468431 (0.002680)
potential : -0.935236 (0.002840)
energy : -0.466806 (0.000562)

kinetic : 0.468454 (0.002675)
potential : -0.935232 (0.002836)
energy : -0.466778 (0.000561)

kinetic : 0.468570 (0.002673)
potential : -0.935340 (0.002833)
energy : -0.466770 (0.000561)

kinetic : 0.468590 (0.002669)
potential : -0.935392 (0.002829)
energy : -0.466802 (0.000560)

kinetic : 0.468691 (0.002666)
potential : -0.935489 (0.002826)
energy : -0.466798 (0.000560)

kinetic : 0.468673 (0.002662)
potential : -0.935497 (0.002821)
energy : -0.466824 (0.000559)

kinetic : 0.468710 (0.002658)
potential : -0.935554 (0.002817)
energy : -0.466843 (0.000559)

kinetic : 0.468778 (0.002654)
potential : -0.935654 (0.002814)
energy : -0.466876 (0.000559)

kinetic : 0.468734 (0.002650)
potential : -0.935654 (0.002809)
energy : -0.466920 (0.000559)

kinetic : 0.468762 (0.002646)
potential : -0.935668 (0.002805)
energy : -0.466905 (0.000559)

kinetic : 0.468705 (0.002642)
potential : -0.935654 (0.002800)
energy : -0.466949 (0.000559)

kinetic : 0.468602 (0.002640)
potential : -0.935584 (0.002796)
energy : -0.466982 (0.000560)

kinetic : 0.468739 (0.002639)
potential : -0.935705 (0.002794)
energy : -0.466966 (0.000559)

kinetic : 0.468968 (0.002645)
potential : -0.935907 (0.002797)
energy : -0.466939 (0.000559)

kinetic : 0.468904 (0.002641)
potential : -0.935830 (0.002793)
energy : -0.466926 (0.000558)

kinetic : 0.468860 (0.002637)
potential : -0.935811 (0.002789)
energy : -0.466951 (0.000557)

kinetic : 0.468787 (0.002634)
potential : -0.935742 (0.002785)
energy : -0.466955 (0.000557)

kinetic : 0.468724 (0.002630)
potential : -0.935665 (0.002782)
energy : -0.466941 (0.000556)

kinetic : 0.468709 (0.002626)
potential : -0.935647 (0.002777)
energy : -0.466938 (0.000555)

kinetic : 0.468848 (0.002625)
potential : -0.935794 (0.002777)
energy : -0.466946 (0.000554)

kinetic : 0.468760 (0.002623)
potential : -0.935701 (0.002774)
energy : -0.466941 (0.000553)

kinetic : 0.468741 (0.002618)
potential : -0.935705 (0.002769)
energy : -0.466963 (0.000553)

kinetic : 0.468743 (0.002614)
potential : -0.935728 (0.002765)
energy : -0.466984 (0.000552)

kinetic : 0.468763 (0.002610)
potential : -0.935756 (0.002760)
energy : -0.466993 (0.000551)

kinetic : 0.468863 (0.002608)
potential : -0.935902 (0.002760)
energy : -0.467038 (0.000552)

kinetic : 0.468872 (0.002603)
potential : -0.935885 (0.002755)
energy : -0.467013 (0.000552)

kinetic : 0.468765 (0.002601)
potential : -0.935792 (0.002752)
energy : -0.467027 (0.000551)

kinetic : 0.468859 (0.002599)
potential : -0.935901 (0.002750)
energy : -0.467043 (0.000551)

kinetic : 0.468827 (0.002595)
potential : -0.935869 (0.002746)
energy : -0.467042 (0.000550)

kinetic : 0.468904 (0.002592)
potential : -0.935939 (0.002742)
energy : -0.467035 (0.000549)

kinetic : 0.468967 (0.002589)
potential : -0.935999 (0.002739)
energy : -0.467032 (0.000548)

kinetic : 0.468906 (0.002585)
potential : -0.935946 (0.002735)
energy : -0.467040 (0.000547)

kinetic : 0.468893 (0.002581)
potential : -0.935923 (0.002731)
energy : -0.467030 (0.000546)

kinetic : 0.468988 (0.002579)
potential : -0.936021 (0.002728)
energy : -0.467033 (0.000546)

kinetic : 0.468954 (0.002575)
potential : -0.935995 (0.002724)
energy : -0.467041 (0.000545)

kinetic : 0.468962 (0.002571)
potential : -0.936022 (0.002720)
energy : -0.467060 (0.000544)

kinetic : 0.469120 (0.002572)
potential : -0.936197 (0.002721)
energy : -0.467077 (0.000544)

kinetic : 0.469263 (0.002571)
potential : -0.936348 (0.002721)
energy : -0.467085 (0.000543)

kinetic : 0.469143 (0.002570)
potential : -0.936249 (0.002718)
energy : -0.467107 (0.000542)

kinetic : 0.469140 (0.002566)
potential : -0.936218 (0.002714)
energy : -0.467078 (0.000542)

kinetic : 0.469102 (0.002562)
potential : -0.936195 (0.002710)
energy : -0.467094 (0.000542)

kinetic : 0.469164 (0.002559)
potential : -0.936235 (0.002706)
energy : -0.467071 (0.000541)

kinetic : 0.469395 (0.002565)
potential : -0.936493 (0.002714)
energy : -0.467098 (0.000541)

kinetic : 0.469451 (0.002562)
potential : -0.936582 (0.002711)
energy : -0.467131 (0.000541)

kinetic : 0.469365 (0.002560)
potential : -0.936476 (0.002709)
energy : -0.467111 (0.000541)

kinetic : 0.469436 (0.002556)
potential : -0.936541 (0.002706)
energy : -0.467105 (0.000540)

kinetic : 0.469366 (0.002553)
potential : -0.936465 (0.002702)
energy : -0.467099 (0.000539)

kinetic : 0.469473 (0.002552)
potential : -0.936625 (0.002703)
energy : -0.467152 (0.000541)

kinetic : 0.469495 (0.002548)
potential : -0.936644 (0.002699)
energy : -0.467149 (0.000540)

kinetic : 0.469450 (0.002544)
potential : -0.936587 (0.002695)
energy : -0.467137 (0.000539)

kinetic : 0.469416 (0.002541)
potential : -0.936567 (0.002691)
energy : -0.467152 (0.000539)

kinetic : 0.469363 (0.002537)
potential : -0.936486 (0.002688)
energy : -0.467123 (0.000539)

kinetic : 0.469357 (0.002533)
potential : -0.936477 (0.002684)
energy : -0.467120 (0.000538)

kinetic : 0.469391 (0.002530)
potential : -0.936494 (0.002680)
energy : -0.467103 (0.000537)

kinetic : 0.469429 (0.002526)
potential : -0.936541 (0.002676)
energy : -0.467113 (0.000537)

kinetic : 0.469421 (0.002522)
potential : -0.936545 (0.002672)
energy : -0.467125 (0.000536)

kinetic : 0.469466 (0.002519)
potential : -0.936594 (0.002668)
energy : -0.467127 (0.000535)

kinetic : 0.469538 (0.002516)
potential : -0.936648 (0.002665)
energy : -0.467110 (0.000535)

kinetic : 0.469528 (0.002512)
potential : -0.936629 (0.002661)
energy : -0.467101 (0.000534)

kinetic : 0.469509 (0.002508)
potential : -0.936596 (0.002657)
energy : -0.467087 (0.000533)

kinetic : 0.469375 (0.002508)
potential : -0.936435 (0.002658)
energy : -0.467060 (0.000533)

kinetic : 0.469307 (0.002505)
potential : -0.936360 (0.002655)
energy : -0.467053 (0.000532)

kinetic : 0.469306 (0.002501)
potential : -0.936369 (0.002651)
energy : -0.467063 (0.000532)

kinetic : 0.469153 (0.002502)
potential : -0.936183 (0.002653)
energy : -0.467029 (0.000532)

kinetic : 0.469261 (0.002501)
potential : -0.936336 (0.002654)
energy : -0.467075 (0.000533)

kinetic : 0.469127 (0.002500)
potential : -0.936185 (0.002654)
energy : -0.467057 (0.000532)

kinetic : 0.469032 (0.002498)
potential : -0.936083 (0.002652)
energy : -0.467051 (0.000532)

kinetic : 0.468844 (0.002502)
potential : -0.935906 (0.002654)
energy : -0.467062 (0.000531)

kinetic : 0.468909 (0.002499)
potential : -0.935956 (0.002650)
energy : -0.467047 (0.000530)

kinetic : 0.468836 (0.002496)
potential : -0.935877 (0.002648)
energy : -0.467041 (0.000530)

kinetic : 0.468859 (0.002492)
potential : -0.935888 (0.002644)
energy : -0.467029 (0.000529)

kinetic : 0.469015 (0.002494)
potential : -0.936054 (0.002645)
energy : -0.467039 (0.000528)

kinetic : 0.469008 (0.002490)
potential : -0.936037 (0.002641)
energy : -0.467028 (0.000528)

kinetic : 0.469170 (0.002491)
potential : -0.936200 (0.002642)
energy : -0.467030 (0.000527)

kinetic : 0.469212 (0.002488)
potential : -0.936272 (0.002639)
energy : -0.467060 (0.000527)

kinetic : 0.469185 (0.002484)
potential : -0.936253 (0.002635)
energy : -0.467068 (0.000526)

kinetic : 0.469269 (0.002482)
potential : -0.936345 (0.002633)
energy : -0.467076 (0.000525)

kinetic : 0.469254 (0.002478)
potential : -0.936333 (0.002629)
energy : -0.467078 (0.000525)

kinetic : 0.469304 (0.002475)
potential : -0.936428 (0.002627)
energy : -0.467124 (0.000526)

kinetic : 0.469230 (0.002473)
potential : -0.936329 (0.002625)
energy : -0.467098 (0.000526)

kinetic : 0.469256 (0.002469)
potential : -0.936356 (0.002621)
energy : -0.467100 (0.000525)

kinetic : 0.469180 (0.002467)
potential : -0.936245 (0.002619)
energy : -0.467065 (0.000525)

kinetic : 0.469123 (0.002464)
potential : -0.936212 (0.002616)
energy : -0.467089 (0.000525)

kinetic : 0.469018 (0.002462)
potential : -0.936049 (0.002617)
energy : -0.467031 (0.000527)

kinetic : 0.469210 (0.002466)
potential : -0.936244 (0.002620)
energy : -0.467034 (0.000527)

kinetic : 0.469124 (0.002464)
potential : -0.936189 (0.002617)
energy : -0.467065 (0.000527)

kinetic : 0.469082 (0.002461)
potential : -0.936167 (0.002613)
energy : -0.467085 (0.000526)

kinetic : 0.469168 (0.002459)
potential : -0.936275 (0.002612)
energy : -0.467107 (0.000526)

kinetic : 0.469093 (0.002456)
potential : -0.936221 (0.002609)
energy : -0.467128 (0.000526)

kinetic : 0.469178 (0.002454)
potential : -0.936302 (0.002606)
energy : -0.467125 (0.000525)

kinetic : 0.469318 (0.002454)
potential : -0.936486 (0.002609)
energy : -0.467168 (0.000526)

kinetic : 0.469316 (0.002451)
potential : -0.936501 (0.002605)
energy : -0.467185 (0.000526)

kinetic : 0.469333 (0.002447)
potential : -0.936523 (0.002601)
energy : -0.467190 (0.000525)

kinetic : 0.469398 (0.002445)
potential : -0.936586 (0.002598)
energy : -0.467188 (0.000524)

kinetic : 0.469373 (0.002441)
potential : -0.936592 (0.002594)
energy : -0.467219 (0.000524)

kinetic : 0.469407 (0.002438)
potential : -0.936653 (0.002591)
energy : -0.467246 (0.000524)

kinetic : 0.469658 (0.002447)
potential : -0.936928 (0.002602)
energy : -0.467270 (0.000524)

kinetic : 0.469594 (0.002445)
potential : -0.936886 (0.002599)
energy : -0.467293 (0.000524)

kinetic : 0.469478 (0.002444)
potential : -0.936768 (0.002598)
energy : -0.467290 (0.000523)

kinetic : 0.469519 (0.002441)
potential : -0.936821 (0.002595)
energy : -0.467302 (0.000522)

kinetic : 0.469434 (0.002439)
potential : -0.936740 (0.002592)
energy : -0.467307 (0.000522)

kinetic : 0.469460 (0.002435)
potential : -0.936761 (0.002588)
energy : -0.467301 (0.000521)

kinetic : 0.469591 (0.002435)
potential : -0.936873 (0.002587)
energy : -0.467282 (0.000520)

kinetic : 0.469471 (0.002435)
potential : -0.936763 (0.002586)
energy : -0.467292 (0.000520)

kinetic : 0.469401 (0.002432)
potential : -0.936663 (0.002584)
energy : -0.467262 (0.000520)

kinetic : 0.469269 (0.002432)
potential : -0.936539 (0.002583)
energy : -0.467270 (0.000519)

kinetic : 0.469257 (0.002429)
potential : -0.936511 (0.002580)
energy : -0.467254 (0.000519)

kinetic : 0.469182 (0.002427)
potential : -0.936424 (0.002578)
energy : -0.467242 (0.000518)

kinetic : 0.469159 (0.002423)
potential : -0.936410 (0.002574)
energy : -0.467251 (0.000517)

kinetic : 0.469176 (0.002420)
potential : -0.936433 (0.002570)
energy : -0.467257 (0.000517)

kinetic : 0.469147 (0.002417)
potential : -0.936405 (0.002567)
energy : -0.467259 (0.000516)

kinetic : 0.469152 (0.002413)
potential : -0.936407 (0.002563)
energy : -0.467254 (0.000515)

kinetic : 0.469079 (0.002411)
potential : -0.936377 (0.002560)
energy : -0.467299 (0.000517)

kinetic : 0.469241 (0.002413)
potential : -0.936507 (0.002559)
energy : -0.467266 (0.000517)

kinetic : 0.469144 (0.002412)
potential : -0.936395 (0.002558)
energy : -0.467250 (0.000516)

kinetic : 0.469194 (0.002409)
potential : -0.936442 (0.002555)
energy : -0.467247 (0.000516)

kinetic : 0.469190 (0.002405)
potential : -0.936441 (0.002552)
energy : -0.467252 (0.000515)

kinetic : 0.469161 (0.002402)
potential : -0.936429 (0.002548)
energy : -0.467268 (0.000514)

kinetic : 0.469156 (0.002399)
potential : -0.936411 (0.002544)
energy : -0.467255 (0.000514)

kinetic : 0.469100 (0.002396)
potential : -0.936298 (0.002543)
energy : -0.467197 (0.000516)

kinetic : 0.469063 (0.002393)
potential : -0.936247 (0.002540)
energy : -0.467184 (0.000516)

kinetic : 0.468979 (0.002391)
potential : -0.936164 (0.002538)
energy : -0.467185 (0.000515)

kinetic : 0.469097 (0.002391)
potential : -0.936267 (0.002537)
energy : -0.467170 (0.000515)

kinetic : 0.469096 (0.002387)
potential : -0.936276 (0.002533)
energy : -0.467180 (0.000514)

kinetic : 0.469048 (0.002385)
potential : -0.936237 (0.002530)
energy : -0.467189 (0.000513)

kinetic : 0.469027 (0.002381)
potential : -0.936231 (0.002526)
energy : -0.467204 (0.000513)

kinetic : 0.469182 (0.002383)
potential : -0.936378 (0.002527)
energy : -0.467195 (0.000512)

kinetic : 0.469128 (0.002380)
potential : -0.936307 (0.002525)
energy : -0.467178 (0.000512)

kinetic : 0.469071 (0.002378)
potential : -0.936229 (0.002522)
energy : -0.467158 (0.000511)

kinetic : 0.468965 (0.002377)
potential : -0.936121 (0.002521)
energy : -0.467156 (0.000511)

kinetic : 0.468856 (0.002376)
potential : -0.936023 (0.002520)
energy : -0.467167 (0.000510)

kinetic : 0.468741 (0.002376)
potential : -0.935869 (0.002521)
energy : -0.467127 (0.000511)

kinetic : 0.468753 (0.002372)
potential : -0.935878 (0.002517)
energy : -0.467125 (0.000510)

kinetic : 0.468762 (0.002369)
potential : -0.935895 (0.002514)
energy : -0.467133 (0.000510)

kinetic : 0.468798 (0.002366)
potential : -0.935925 (0.002511)
energy : -0.467127 (0.000509)

kinetic : 0.468825 (0.002363)
potential : -0.935965 (0.002508)
energy : -0.467140 (0.000508)

kinetic : 0.469013 (0.002367)
potential : -0.936161 (0.002512)
energy : -0.467148 (0.000508)

kinetic : 0.468944 (0.002365)
potential : -0.936067 (0.002510)
energy : -0.467124 (0.000508)

kinetic : 0.468957 (0.002362)
potential : -0.936065 (0.002507)
energy : -0.467108 (0.000507)

kinetic : 0.469041 (0.002360)
potential : -0.936139 (0.002504)
energy : -0.467098 (0.000507)

kinetic : 0.469132 (0.002359)
potential : -0.936230 (0.002503)
energy : -0.467097 (0.000506)

kinetic : 0.469121 (0.002355)
potential : -0.936214 (0.002499)
energy : -0.467092 (0.000505)

kinetic : 0.469161 (0.002353)
potential : -0.936288 (0.002497)
energy : -0.467127 (0.000506)

kinetic : 0.469102 (0.002350)
potential : -0.936247 (0.002494)
energy : -0.467146 (0.000505)

kinetic : 0.469213 (0.002350)
potential : -0.936340 (0.002492)
energy : -0.467127 (0.000505)

kinetic : 0.469029 (0.002354)
potential : -0.936153 (0.002496)
energy : -0.467123 (0.000504)

kinetic : 0.469040 (0.002350)
potential : -0.936132 (0.002493)
energy : -0.467093 (0.000505)

kinetic : 0.468977 (0.002348)
potential : -0.936067 (0.002490)
energy : -0.467090 (0.000504)

kinetic : 0.468879 (0.002347)
potential : -0.935958 (0.002489)
energy : -0.467079 (0.000503)

kinetic : 0.468877 (0.002344)
potential : -0.935954 (0.002486)
energy : -0.467077 (0.000503)

kinetic : 0.468836 (0.002341)
potential : -0.935915 (0.002483)
energy : -0.467080 (0.000502)

kinetic : 0.468856 (0.002338)
potential : -0.935929 (0.002479)
energy : -0.467072 (0.000501)

kinetic : 0.468729 (0.002338)
potential : -0.935839 (0.002478)
energy : -0.467110 (0.000502)

kinetic : 0.468660 (0.002336)
potential : -0.935768 (0.002475)
energy : -0.467108 (0.000502)

kinetic : 0.468619 (0.002333)
potential : -0.935721 (0.002473)
energy : -0.467101 (0.000501)

kinetic : 0.468624 (0.002330)
potential : -0.935715 (0.002469)
energy : -0.467091 (0.000500)

kinetic : 0.468673 (0.002328)
potential : -0.935727 (0.002466)
energy : -0.467054 (0.000501)

kinetic : 0.468734 (0.002325)
potential : -0.935784 (0.002463)
energy : -0.467050 (0.000500)

kinetic : 0.468668 (0.002323)
potential : -0.935695 (0.002462)
energy : -0.467027 (0.000500)

kinetic : 0.468489 (0.002327)
potential : -0.935462 (0.002469)
energy : -0.466973 (0.000503)

kinetic : 0.468348 (0.002328)
potential : -0.935300 (0.002472)
energy : -0.466952 (0.000502)

kinetic : 0.468363 (0.002325)
potential : -0.935268 (0.002468)
energy : -0.466904 (0.000504)

kinetic : 0.468356 (0.002322)
potential : -0.935259 (0.002465)
energy : -0.466903 (0.000503)

kinetic : 0.468278 (0.002320)
potential : -0.935153 (0.002464)
energy : -0.466875 (0.000503)

kinetic : 0.468321 (0.002318)
potential : -0.935218 (0.002462)
energy : -0.466897 (0.000503)

kinetic : 0.468406 (0.002316)
potential : -0.935299 (0.002460)
energy : -0.466893 (0.000503)

kinetic : 0.468485 (0.002315)
potential : -0.935395 (0.002459)
energy : -0.466909 (0.000502)

kinetic : 0.468453 (0.002312)
potential : -0.935344 (0.002456)
energy : -0.466891 (0.000502)

kinetic : 0.468376 (0.002310)
potential : -0.935247 (0.002455)
energy : -0.466871 (0.000502)

kinetic : 0.468367 (0.002307)
potential : -0.935233 (0.002451)
energy : -0.466867 (0.000501)

kinetic : 0.468319 (0.002304)
potential : -0.935205 (0.002448)
energy : -0.466886 (0.000501)

kinetic : 0.468376 (0.002302)
potential : -0.935276 (0.002446)
energy : -0.466899 (0.000500)

kinetic : 0.468413 (0.002299)
potential : -0.935304 (0.002443)
energy : -0.466892 (0.000500)

kinetic : 0.468471 (0.002297)
potential : -0.935372 (0.002441)
energy : -0.466901 (0.000499)

kinetic : 0.468626 (0.002299)
potential : -0.935560 (0.002445)
energy : -0.466934 (0.000499)

kinetic : 0.468622 (0.002296)
potential : -0.935566 (0.002442)
energy : -0.466945 (0.000499)

kinetic : 0.468671 (0.002294)
potential : -0.935614 (0.002439)
energy : -0.466944 (0.000498)

kinetic : 0.468596 (0.002292)
potential : -0.935546 (0.002437)
energy : -0.466950 (0.000498)

kinetic : 0.468529 (0.002290)
potential : -0.935480 (0.002435)
energy : -0.466951 (0.000497)

kinetic : 0.468543 (0.002287)
potential : -0.935492 (0.002431)
energy : -0.466950 (0.000496)

kinetic : 0.468521 (0.002284)
potential : -0.935468 (0.002428)
energy : -0.466947 (0.000496)

kinetic : 0.468722 (0.002290)
potential : -0.935668 (0.002434)
energy : -0.466946 (0.000495)

kinetic : 0.468810 (0.002289)
potential : -0.935772 (0.002433)
energy : -0.466962 (0.000495)

kinetic : 0.468751 (0.002287)
potential : -0.935697 (0.002431)
energy : -0.466946 (0.000494)

kinetic : 0.468762 (0.002284)
potential : -0.935724 (0.002428)
energy : -0.466962 (0.000494)

kinetic : 0.468694 (0.002282)
potential : -0.935673 (0.002425)
energy : -0.466979 (0.000494)

kinetic : 0.468608 (0.002281)
potential : -0.935590 (0.002423)
energy : -0.466982 (0.000493)

kinetic : 0.468676 (0.002279)
potential : -0.935642 (0.002421)
energy : -0.466967 (0.000493)

kinetic : 0.468586 (0.002278)
potential : -0.935530 (0.002420)
energy : -0.466944 (0.000492)

kinetic : 0.468536 (0.002275)
potential : -0.935465 (0.002418)
energy : -0.466929 (0.000492)

kinetic : 0.468759 (0.002283)
potential : -0.935731 (0.002430)
energy : -0.466972 (0.000493)

kinetic : 0.468619 (0.002285)
potential : -0.935560 (0.002433)
energy : -0.466941 (0.000494)

kinetic : 0.468644 (0.002282)
potential : -0.935583 (0.002430)
energy : -0.466940 (0.000493)

kinetic : 0.468766 (0.002282)
potential : -0.935697 (0.002429)
energy : -0.466931 (0.000493)

kinetic : 0.468677 (0.002281)
potential : -0.935582 (0.002429)
energy : -0.466905 (0.000493)

kinetic : 0.468636 (0.002279)
potential : -0.935519 (0.002427)
energy : -0.466883 (0.000492)

kinetic : 0.468702 (0.002277)
potential : -0.935587 (0.002425)
energy : -0.466885 (0.000492)

kinetic : 0.468613 (0.002276)
potential : -0.935515 (0.002423)
energy : -0.466901 (0.000491)

kinetic : 0.468477 (0.002277)
potential : -0.935381 (0.002423)
energy : -0.466905 (0.000491)

kinetic : 0.468485 (0.002274)
potential : -0.935398 (0.002420)
energy : -0.466913 (0.000490)

kinetic : 0.468431 (0.002272)
potential : -0.935347 (0.002418)
energy : -0.466916 (0.000490)

kinetic : 0.468908 (0.002319)
potential : -0.935836 (0.002464)
energy : -0.466927 (0.000489)

kinetic : 0.468886 (0.002316)
potential : -0.935785 (0.002461)
energy : -0.466899 (0.000489)

kinetic : 0.468946 (0.002314)
potential : -0.935829 (0.002458)
energy : -0.466883 (0.000489)

kinetic : 0.468910 (0.002311)
potential : -0.935802 (0.002455)
energy : -0.466892 (0.000489)

kinetic : 0.468966 (0.002309)
potential : -0.935848 (0.002453)
energy : -0.466881 (0.000488)

kinetic : 0.468951 (0.002306)
potential : -0.935822 (0.002450)
energy : -0.466871 (0.000488)

kinetic : 0.468900 (0.002304)
potential : -0.935755 (0.002448)
energy : -0.466855 (0.000487)

kinetic : 0.468895 (0.002301)
potential : -0.935736 (0.002445)
energy : -0.466841 (0.000487)

kinetic : 0.468778 (0.002301)
potential : -0.935621 (0.002444)
energy : -0.466843 (0.000486)

kinetic : 0.468765 (0.002298)
potential : -0.935611 (0.002441)
energy : -0.466846 (0.000486)

kinetic : 0.468662 (0.002298)
potential : -0.935522 (0.002440)
energy : -0.466860 (0.000485)

kinetic : 0.468686 (0.002295)
potential : -0.935541 (0.002437)
energy : -0.466854 (0.000485)

kinetic : 0.468814 (0.002295)
potential : -0.935676 (0.002438)
energy : -0.466862 (0.000484)

kinetic : 0.469068 (0.002307)
potential : -0.935937 (0.002449)
energy : -0.466869 (0.000484)

kinetic : 0.468993 (0.002305)
potential : -0.935879 (0.002446)
energy : -0.466886 (0.000483)

kinetic : 0.468962 (0.002302)
potential : -0.935866 (0.002443)
energy : -0.466905 (0.000483)

kinetic : 0.468985 (0.002300)
potential : -0.935882 (0.002440)
energy : -0.466897 (0.000482)

kinetic : 0.468937 (0.002297)
potential : -0.935849 (0.002438)
energy : -0.466912 (0.000482)

kinetic : 0.468866 (0.002296)
potential : -0.935793 (0.002435)
energy : -0.466927 (0.000482)

kinetic : 0.469036 (0.002299)
potential : -0.935969 (0.002439)
energy : -0.466933 (0.000481)

kinetic : 0.468964 (0.002297)
potential : -0.935923 (0.002436)
energy : -0.466959 (0.000481)

kinetic : 0.468985 (0.002295)
potential : -0.935973 (0.002433)
energy : -0.466988 (0.000482)

kinetic : 0.469034 (0.002292)
potential : -0.936036 (0.002431)
energy : -0.467002 (0.000481)

kinetic : 0.469030 (0.002290)
potential : -0.936042 (0.002428)
energy : -0.467012 (0.000481)

kinetic : 0.469089 (0.002288)
potential : -0.936103 (0.002426)
energy : -0.467014 (0.000480)

kinetic : 0.469006 (0.002286)
potential : -0.936009 (0.002425)
energy : -0.467003 (0.000480)

kinetic : 0.469066 (0.002284)
potential : -0.936080 (0.002423)
energy : -0.467014 (0.000479)

kinetic : 0.469064 (0.002281)
potential : -0.936067 (0.002420)
energy : -0.467003 (0.000479)

kinetic : 0.469187 (0.002282)
potential : -0.936186 (0.002420)
energy : -0.466999 (0.000478)

kinetic : 0.469201 (0.002279)
potential : -0.936212 (0.002417)
energy : -0.467011 (0.000478)

kinetic : 0.469148 (0.002277)
potential : -0.936172 (0.002415)
energy : -0.467024 (0.000477)

kinetic : 0.469210 (0.002275)
potential : -0.936225 (0.002412)
energy : -0.467015 (0.000477)

kinetic : 0.469192 (0.002273)
potential : -0.936194 (0.002410)
energy : -0.467001 (0.000477)

kinetic : 0.469191 (0.002270)
potential : -0.936182 (0.002407)
energy : -0.466990 (0.000476)

kinetic : 0.469249 (0.002268)
potential : -0.936249 (0.002405)
energy : -0.467001 (0.000476)

kinetic : 0.469268 (0.002265)
potential : -0.936275 (0.002402)
energy : -0.467007 (0.000475)

kinetic : 0.469464 (0.002271)
potential : -0.936480 (0.002408)
energy : -0.467016 (0.000475)

kinetic : 0.469777 (0.002290)
potential : -0.936796 (0.002426)
energy : -0.467019 (0.000474)

kinetic : 0.469766 (0.002287)
potential : -0.936791 (0.002423)
energy : -0.467026 (0.000474)

kinetic : 0.469789 (0.002284)
potential : -0.936794 (0.002420)
energy : -0.467005 (0.000473)

kinetic : 0.469881 (0.002284)
potential : -0.936865 (0.002418)
energy : -0.466985 (0.000473)

kinetic : 0.469844 (0.002281)
potential : -0.936839 (0.002415)
energy : -0.466995 (0.000473)

kinetic : 0.469949 (0.002281)
potential : -0.936980 (0.002417)
energy : -0.467031 (0.000474)

kinetic : 0.469897 (0.002279)
potential : -0.936915 (0.002415)
energy : -0.467018 (0.000473)

kinetic : 0.469825 (0.002277)
potential : -0.936839 (0.002413)
energy : -0.467014 (0.000473)

kinetic : 0.469834 (0.002274)
potential : -0.936839 (0.002410)
energy : -0.467005 (0.000472)

kinetic : 0.469758 (0.002273)
potential : -0.936746 (0.002409)
energy : -0.466989 (0.000472)

kinetic : 0.469836 (0.002272)
potential : -0.936804 (0.002407)
energy : -0.466969 (0.000472)

kinetic : 0.469708 (0.002273)
potential : -0.936671 (0.002408)
energy : -0.466963 (0.000471)

kinetic : 0.469632 (0.002271)
potential : -0.936594 (0.002406)
energy : -0.466962 (0.000471)

kinetic : 0.469706 (0.002270)
potential : -0.936680 (0.002405)
energy : -0.466974 (0.000470)

kinetic : 0.469723 (0.002267)
potential : -0.936694 (0.002402)
energy : -0.466971 (0.000470)

kinetic : 0.469646 (0.002266)
potential : -0.936619 (0.002400)
energy : -0.466973 (0.000469)

kinetic : 0.469552 (0.002265)
potential : -0.936512 (0.002400)
energy : -0.466960 (0.000469)

kinetic : 0.469585 (0.002263)
potential : -0.936561 (0.002398)
energy : -0.466976 (0.000469)

kinetic : 0.469490 (0.002262)
potential : -0.936467 (0.002397)
energy : -0.466977 (0.000468)

kinetic : 0.469413 (0.002261)
potential : -0.936397 (0.002395)
energy : -0.466984 (0.000467)

kinetic : 0.469406 (0.002258)
potential : -0.936391 (0.002392)
energy : -0.466985 (0.000467)

kinetic : 0.469310 (0.002257)
potential : -0.936272 (0.002392)
energy : -0.466962 (0.000467)

kinetic : 0.469355 (0.002255)
potential : -0.936328 (0.002390)
energy : -0.466974 (0.000467)

kinetic : 0.469295 (0.002253)
potential : -0.936268 (0.002388)
energy : -0.466973 (0.000466)

kinetic : 0.469243 (0.002251)
potential : -0.936210 (0.002386)
energy : -0.466967 (0.000465)

kinetic : 0.469194 (0.002249)
potential : -0.936175 (0.002383)
energy : -0.466981 (0.000465)

kinetic : 0.469288 (0.002248)
potential : -0.936298 (0.002384)
energy : -0.467010 (0.000466)

kinetic : 0.469305 (0.002246)
potential : -0.936312 (0.002381)
energy : -0.467007 (0.000465)

kinetic : 0.469304 (0.002243)
potential : -0.936311 (0.002378)
energy : -0.467007 (0.000464)

kinetic : 0.469281 (0.002241)
potential : -0.936299 (0.002376)
energy : -0.467017 (0.000464)

kinetic : 0.469689 (0.002275)
potential : -0.936746 (0.002414)
energy : -0.467057 (0.000465)

kinetic : 0.469696 (0.002272)
potential : -0.936783 (0.002412)
energy : -0.467087 (0.000466)

kinetic : 0.469758 (0.002271)
potential : -0.936856 (0.002410)
energy : -0.467098 (0.000465)

kinetic : 0.469744 (0.002268)
potential : -0.936857 (0.002408)
energy : -0.467113 (0.000465)

kinetic : 0.469833 (0.002267)
potential : -0.936967 (0.002407)
energy : -0.467133 (0.000465)

kinetic : 0.470034 (0.002273)
potential : -0.937169 (0.002413)
energy : -0.467136 (0.000464)

kinetic : 0.470078 (0.002271)
potential : -0.937234 (0.002411)
energy : -0.467156 (0.000464)

kinetic : 0.470186 (0.002271)
potential : -0.937339 (0.002411)
energy : -0.467152 (0.000464)

kinetic : 0.470206 (0.002269)
potential : -0.937360 (0.002408)
energy : -0.467154 (0.000463)

kinetic : 0.470099 (0.002269)
potential : -0.937241 (0.002408)
energy : -0.467142 (0.000463)

kinetic : 0.470184 (0.002268)
potential : -0.937328 (0.002407)
energy : -0.467144 (0.000462)

kinetic : 0.470320 (0.002269)
potential : -0.937468 (0.002408)
energy : -0.467147 (0.000462)

kinetic : 0.470404 (0.002268)
potential : -0.937567 (0.002407)
energy : -0.467163 (0.000461)

kinetic : 0.470303 (0.002268)
potential : -0.937458 (0.002407)
energy : -0.467155 (0.000461)

kinetic : 0.470190 (0.002268)
potential : -0.937336 (0.002408)
energy : -0.467146 (0.000461)

kinetic : 0.470162 (0.002265)
potential : -0.937317 (0.002405)
energy : -0.467155 (0.000460)

kinetic : 0.470184 (0.002263)
potential : -0.937343 (0.002402)
energy : -0.467159 (0.000460)

kinetic : 0.470178 (0.002260)
potential : -0.937365 (0.002400)
energy : -0.467187 (0.000460)

kinetic : 0.470175 (0.002258)
potential : -0.937369 (0.002397)
energy : -0.467194 (0.000459)

kinetic : 0.470172 (0.002255)
potential : -0.937370 (0.002394)
energy : -0.467198 (0.000459)

kinetic : 0.470163 (0.002253)
potential : -0.937330 (0.002392)
energy : -0.467167 (0.000459)

kinetic : 0.470228 (0.002251)
potential : -0.937409 (0.002390)
energy : -0.467181 (0.000459)

kinetic : 0.470088 (0.002253)
potential : -0.937272 (0.002392)
energy : -0.467184 (0.000459)

kinetic : 0.470019 (0.002251)
potential : -0.937216 (0.002390)
energy : -0.467198 (0.000458)

kinetic : 0.469924 (0.002251)
potential : -0.937121 (0.002389)
energy : -0.467197 (0.000458)

kinetic : 0.469920 (0.002248)
potential : -0.937090 (0.002386)
energy : -0.467170 (0.000458)

kinetic : 0.469973 (0.002246)
potential : -0.937148 (0.002384)
energy : -0.467175 (0.000458)

kinetic : 0.470041 (0.002245)
potential : -0.937204 (0.002382)
energy : -0.467164 (0.000457)

kinetic : 0.470046 (0.002242)
potential : -0.937221 (0.002380)
energy : -0.467175 (0.000457)

kinetic : 0.470152 (0.002242)
potential : -0.937340 (0.002380)
energy : -0.467188 (0.000457)

kinetic : 0.470280 (0.002244)
potential : -0.937444 (0.002380)
energy : -0.467164 (0.000457)

kinetic : 0.470375 (0.002243)
potential : -0.937548 (0.002379)
energy : -0.467173 (0.000456)

kinetic : 0.470351 (0.002241)
potential : -0.937522 (0.002377)
energy : -0.467171 (0.000456)

kinetic : 0.470258 (0.002240)
potential : -0.937441 (0.002375)
energy : -0.467183 (0.000455)

kinetic : 0.470375 (0.002241)
potential : -0.937557 (0.002376)
energy : -0.467182 (0.000455)

kinetic : 0.470384 (0.002238)
potential : -0.937561 (0.002373)
energy : -0.467176 (0.000454)

kinetic : 0.470370 (0.002236)
potential : -0.937560 (0.002370)
energy : -0.467190 (0.000454)

kinetic : 0.470333 (0.002234)
potential : -0.937511 (0.002368)
energy : -0.467178 (0.000454)

kinetic : 0.470379 (0.002232)
potential : -0.937544 (0.002366)
energy : -0.467165 (0.000453)

kinetic : 0.470475 (0.002231)
potential : -0.937663 (0.002366)
energy : -0.467188 (0.000453)

kinetic : 0.470403 (0.002230)
potential : -0.937590 (0.002365)
energy : -0.467187 (0.000453)

kinetic : 0.470425 (0.002228)
potential : -0.937619 (0.002362)
energy : -0.467194 (0.000453)

kinetic : 0.470319 (0.002228)
potential : -0.937526 (0.002361)
energy : -0.467207 (0.000452)

kinetic : 0.470272 (0.002226)
potential : -0.937490 (0.002359)
energy : -0.467218 (0.000452)

kinetic : 0.470201 (0.002224)
potential : -0.937407 (0.002358)
energy : -0.467207 (0.000451)

kinetic : 0.470226 (0.002222)
potential : -0.937447 (0.002356)
energy : -0.467220 (0.000451)

kinetic : 0.470257 (0.002220)
potential : -0.937483 (0.002353)
energy : -0.467225 (0.000451)

kinetic : 0.470200 (0.002218)
potential : -0.937436 (0.002351)
energy : -0.467236 (0.000450)

kinetic : 0.470196 (0.002216)
potential : -0.937439 (0.002349)
energy : -0.467243 (0.000450)

kinetic : 0.470266 (0.002214)
potential : -0.937523 (0.002348)
energy : -0.467257 (0.000450)

kinetic : 0.470244 (0.002212)
potential : -0.937498 (0.002345)
energy : -0.467254 (0.000449)

kinetic : 0.470131 (0.002213)
potential : -0.937377 (0.002346)
energy : -0.467246 (0.000449)

kinetic : 0.470100 (0.002210)
potential : -0.937343 (0.002343)
energy : -0.467243 (0.000448)

kinetic : 0.470083 (0.002208)
potential : -0.937314 (0.002341)
energy : -0.467232 (0.000448)

kinetic : 0.470040 (0.002206)
potential : -0.937276 (0.002339)
energy : -0.467236 (0.000447)

kinetic : 0.469945 (0.002206)
potential : -0.937183 (0.002338)
energy : -0.467238 (0.000447)

kinetic : 0.469950 (0.002203)
potential : -0.937161 (0.002336)
energy : -0.467211 (0.000447)

kinetic : 0.469889 (0.002202)
potential : -0.937086 (0.002334)
energy : -0.467197 (0.000447)

kinetic : 0.469940 (0.002200)
potential : -0.937160 (0.002333)
energy : -0.467220 (0.000447)

kinetic : 0.469882 (0.002198)
potential : -0.937066 (0.002332)
energy : -0.467184 (0.000448)

kinetic : 0.469868 (0.002196)
potential : -0.937062 (0.002330)
energy : -0.467194 (0.000448)

kinetic : 0.469816 (0.002194)
potential : -0.936996 (0.002328)
energy : -0.467180 (0.000447)

kinetic : 0.470259 (0.002236)
potential : -0.937422 (0.002364)
energy : -0.467163 (0.000447)

kinetic : 0.470341 (0.002235)
potential : -0.937538 (0.002365)
energy : -0.467197 (0.000448)

kinetic : 0.470378 (0.002233)
potential : -0.937587 (0.002363)
energy : -0.467209 (0.000448)

kinetic : 0.470407 (0.002231)
potential : -0.937644 (0.002361)
energy : -0.467238 (0.000448)

kinetic : 0.470395 (0.002229)
potential : -0.937620 (0.002358)
energy : -0.467225 (0.000448)

kinetic : 0.470302 (0.002228)
potential : -0.937529 (0.002357)
energy : -0.467227 (0.000447)

kinetic : 0.470321 (0.002226)
potential : -0.937523 (0.002355)
energy : -0.467202 (0.000448)

kinetic : 0.470214 (0.002226)
potential : -0.937380 (0.002357)
energy : -0.467166 (0.000449)

kinetic : 0.470097 (0.002227)
potential : -0.937243 (0.002358)
energy : -0.467147 (0.000449)

kinetic : 0.470174 (0.002226)
potential : -0.937323 (0.002357)
energy : -0.467148 (0.000448)

kinetic : 0.470220 (0.002224)
potential : -0.937383 (0.002355)
energy : -0.467163 (0.000448)

kinetic : 0.470157 (0.002222)
potential : -0.937307 (0.002354)
energy : -0.467150 (0.000448)

kinetic : 0.470197 (0.002220)
potential : -0.937380 (0.002353)
energy : -0.467183 (0.000448)

kinetic : 0.470137 (0.002219)
potential : -0.937318 (0.002351)
energy : -0.467180 (0.000448)

kinetic : 0.470222 (0.002218)
potential : -0.937399 (0.002350)
energy : -0.467177 (0.000447)

kinetic : 0.470452 (0.002227)
potential : -0.937628 (0.002358)
energy : -0.467177 (0.000447)

kinetic : 0.470444 (0.002225)
potential : -0.937628 (0.002356)
energy : -0.467184 (0.000446)

kinetic : 0.470385 (0.002224)
potential : -0.937555 (0.002355)
energy : -0.467170 (0.000446)

kinetic : 0.470331 (0.002222)
potential : -0.937523 (0.002352)
energy : -0.467192 (0.000446)

kinetic : 0.470347 (0.002220)
potential : -0.937547 (0.002350)
energy : -0.467200 (0.000446)

kinetic : 0.470510 (0.002223)
potential : -0.937708 (0.002353)
energy : -0.467199 (0.000445)

kinetic : 0.470504 (0.002221)
potential : -0.937683 (0.002351)
energy : -0.467179 (0.000445)

kinetic : 0.470539 (0.002219)
potential : -0.937716 (0.002348)
energy : -0.467176 (0.000445)

kinetic : 0.470565 (0.002217)
potential : -0.937738 (0.002346)
energy : -0.467173 (0.000444)

kinetic : 0.470430 (0.002218)
potential : -0.937569 (0.002350)
energy : -0.467139 (0.000445)

kinetic : 0.470313 (0.002219)
potential : -0.937452 (0.002350)
energy : -0.467139 (0.000445)

kinetic : 0.470359 (0.002217)
potential : -0.937514 (0.002348)
energy : -0.467155 (0.000445)

kinetic : 0.470330 (0.002215)
potential : -0.937484 (0.002346)
energy : -0.467154 (0.000444)

kinetic : 0.470317 (0.002213)
potential : -0.937454 (0.002344)
energy : -0.467136 (0.000444)

kinetic : 0.470372 (0.002211)
potential : -0.937529 (0.002343)
energy : -0.467157 (0.000444)

kinetic : 0.470305 (0.002210)
potential : -0.937450 (0.002342)
energy : -0.467145 (0.000444)

kinetic : 0.470387 (0.002209)
potential : -0.937546 (0.002341)
energy : -0.467159 (0.000443)

kinetic : 0.470658 (0.002223)
potential : -0.937820 (0.002355)
energy : -0.467162 (0.000443)

kinetic : 0.470589 (0.002222)
potential : -0.937731 (0.002354)
energy : -0.467142 (0.000443)

kinetic : 0.470570 (0.002220)
potential : -0.937730 (0.002351)
energy : -0.467160 (0.000443)

kinetic : 0.470511 (0.002218)
potential : -0.937665 (0.002350)
energy : -0.467154 (0.000442)

kinetic : 0.470538 (0.002216)
potential : -0.937687 (0.002347)
energy : -0.467149 (0.000442)

kinetic : 0.470478 (0.002215)
potential : -0.937636 (0.002346)
energy : -0.467158 (0.000442)

kinetic : 0.470479 (0.002212)
potential : -0.937645 (0.002343)
energy : -0.467166 (0.000441)

kinetic : 0.470763 (0.002228)
potential : -0.937933 (0.002358)
energy : -0.467170 (0.000441)

kinetic : 0.470855 (0.002228)
potential : -0.938027 (0.002358)
energy : -0.467173 (0.000440)

kinetic : 0.470740 (0.002229)
potential : -0.937867 (0.002361)
energy : -0.467127 (0.000442)

kinetic : 0.470729 (0.002226)
potential : -0.937845 (0.002359)
energy : -0.467117 (0.000442)

kinetic : 0.470730 (0.002224)
potential : -0.937846 (0.002356)
energy : -0.467116 (0.000441)

kinetic : 0.470725 (0.002222)
potential : -0.937847 (0.002354)
energy : -0.467122 (0.000441)

kinetic : 0.470688 (0.002220)
potential : -0.937797 (0.002352)
energy : -0.467109 (0.000441)

kinetic : 0.470592 (0.002220)
potential : -0.937715 (0.002351)
energy : -0.467123 (0.000441)

kinetic : 0.470747 (0.002223)
potential : -0.937879 (0.002354)
energy : -0.467132 (0.000440)

kinetic : 0.470727 (0.002220)
potential : -0.937864 (0.002352)
energy : -0.467137 (0.000440)

kinetic : 0.470651 (0.002220)
potential : -0.937775 (0.002351)
energy : -0.467124 (0.000440)

kinetic : 0.470759 (0.002220)
potential : -0.937872 (0.002351)
energy : -0.467113 (0.000439)

kinetic : 0.470748 (0.002218)
potential : -0.937854 (0.002348)
energy : -0.467106 (0.000439)

kinetic : 0.470726 (0.002215)
potential : -0.937833 (0.002346)
energy : -0.467107 (0.000438)

kinetic : 0.470710 (0.002213)
potential : -0.937828 (0.002344)
energy : -0.467118 (0.000438)

kinetic : 0.470678 (0.002211)
potential : -0.937787 (0.002342)
energy : -0.467109 (0.000438)

kinetic : 0.470652 (0.002209)
potential : -0.937764 (0.002339)
energy : -0.467113 (0.000437)

kinetic : 0.470604 (0.002207)
potential : -0.937704 (0.002338)
energy : -0.467100 (0.000437)

kinetic : 0.470562 (0.002206)
potential : -0.937691 (0.002335)
energy : -0.467129 (0.000438)

kinetic : 0.470624 (0.002204)
potential : -0.937743 (0.002334)
energy : -0.467119 (0.000437)

kinetic : 0.470655 (0.002202)
potential : -0.937794 (0.002332)
energy : -0.467139 (0.000437)

kinetic : 0.470760 (0.002202)
potential : -0.937911 (0.002332)
energy : -0.467151 (0.000437)

kinetic : 0.470870 (0.002203)
potential : -0.938059 (0.002335)
energy : -0.467188 (0.000438)

kinetic : 0.470790 (0.002202)
potential : -0.937960 (0.002334)
energy : -0.467169 (0.000438)

kinetic : 0.470819 (0.002200)
potential : -0.937979 (0.002332)
energy : -0.467160 (0.000438)

kinetic : 0.470955 (0.002202)
potential : -0.938118 (0.002334)
energy : -0.467163 (0.000437)

kinetic : 0.470833 (0.002203)
potential : -0.937999 (0.002334)
energy : -0.467166 (0.000437)

kinetic : 0.470729 (0.002203)
potential : -0.937929 (0.002333)
energy : -0.467200 (0.000438)

kinetic : 0.470635 (0.002203)
potential : -0.937839 (0.002333)
energy : -0.467204 (0.000437)

kinetic : 0.470528 (0.002204)
potential : -0.937734 (0.002333)
energy : -0.467206 (0.000437)

kinetic : 0.470640 (0.002204)
potential : -0.937866 (0.002334)
energy : -0.467226 (0.000437)

kinetic : 0.470686 (0.002202)
potential : -0.937936 (0.002333)
energy : -0.467251 (0.000437)

kinetic : 0.470727 (0.002201)
potential : -0.937963 (0.002330)
energy : -0.467237 (0.000437)

kinetic : 0.470810 (0.002200)
potential : -0.938045 (0.002330)
energy : -0.467235 (0.000436)

kinetic : 0.470862 (0.002198)
potential : -0.938099 (0.002328)
energy : -0.467237 (0.000436)

kinetic : 0.470974 (0.002199)
potential : -0.938222 (0.002329)
energy : -0.467248 (0.000436)

kinetic : 0.470974 (0.002197)
potential : -0.938216 (0.002326)
energy : -0.467242 (0.000435)
         kinetic: 0.4710(22), Sigma: 0.872, T_corr: 6.4
       potential: -0.9382(23), Sigma: 0.889, T_corr: 6.8
          energy: -0.46724(44), Sigma: 0.211, T_corr: 4.3

For tau = 6.00e-01, acceptance ratio = 0.87
Time: 310.36s
