
kinetic : 0.682596 (inf)
potential : -1.193748 (inf)
energy : -0.511152 (inf)

kinetic : 0.816929 (inf)
potential : -1.273488 (inf)
energy : -0.456559 (inf)

kinetic : 0.802231 (0.014698)
potential : -1.274256 (0.000768)
energy : -0.472024 (0.015466)

kinetic : 0.762891 (0.040245)
potential : -1.242246 (0.032013)
energy : -0.479355 (0.011553)

kinetic : 0.755388 (0.029430)
potential : -1.237539 (0.023120)
energy : -0.482151 (0.008634)

kinetic : 0.751280 (0.023164)
potential : -1.233002 (0.018475)
energy : -0.481723 (0.006702)

kinetic : 0.741941 (0.021093)
potential : -1.224234 (0.017448)
energy : -0.482293 (0.005502)

kinetic : 0.755609 (0.022463)
potential : -1.236160 (0.018965)
energy : -0.480551 (0.004965)

kinetic : 0.765795 (0.021959)
potential : -1.245198 (0.018747)
energy : -0.479403 (0.004451)

kinetic : 0.761081 (0.019932)
potential : -1.241230 (0.017003)
energy : -0.480148 (0.003995)

kinetic : 0.751313 (0.020328)
potential : -1.232258 (0.017657)
energy : -0.480944 (0.003661)

kinetic : 0.750253 (0.018418)
potential : -1.231396 (0.015995)
energy : -0.481143 (0.003317)

kinetic : 0.747592 (0.017023)
potential : -1.228814 (0.014828)
energy : -0.481222 (0.003029)

kinetic : 0.739643 (0.017561)
potential : -1.221382 (0.015533)
energy : -0.481739 (0.002834)

kinetic : 0.739953 (0.016261)
potential : -1.221217 (0.014382)
energy : -0.481265 (0.002667)

kinetic : 0.734511 (0.016087)
potential : -1.216475 (0.014204)
energy : -0.481964 (0.002579)

kinetic : 0.734757 (0.015050)
potential : -1.216647 (0.013288)
energy : -0.481890 (0.002414)

kinetic : 0.728963 (0.015278)
potential : -1.211375 (0.013549)
energy : -0.482413 (0.002327)

kinetic : 0.740706 (0.018585)
potential : -1.221378 (0.016224)
energy : -0.480671 (0.002801)

kinetic : 0.746027 (0.018367)
potential : -1.226112 (0.016060)
energy : -0.480084 (0.002714)

kinetic : 0.742573 (0.017764)
potential : -1.223039 (0.015543)
energy : -0.480466 (0.002602)

kinetic : 0.759347 (0.023809)
potential : -1.240254 (0.022692)
energy : -0.480907 (0.002514)

kinetic : 0.756681 (0.022857)
potential : -1.237524 (0.021807)
energy : -0.480843 (0.002398)

kinetic : 0.753811 (0.022028)
potential : -1.235372 (0.020948)
energy : -0.481561 (0.002401)

kinetic : 0.759905 (0.021953)
potential : -1.240981 (0.020826)
energy : -0.481076 (0.002350)

kinetic : 0.760525 (0.021066)
potential : -1.241109 (0.019976)
energy : -0.480584 (0.002307)

kinetic : 0.755953 (0.020749)
potential : -1.237687 (0.019495)
energy : -0.481734 (0.002497)

kinetic : 0.760165 (0.020405)
potential : -1.242315 (0.019321)
energy : -0.482150 (0.002438)

kinetic : 0.758182 (0.019763)
potential : -1.240063 (0.018754)
energy : -0.481881 (0.002365)

kinetic : 0.757787 (0.019073)
potential : -1.239501 (0.018105)
energy : -0.481714 (0.002288)

kinetic : 0.759231 (0.018483)
potential : -1.240748 (0.017535)
energy : -0.481517 (0.002219)

kinetic : 0.759528 (0.017879)
potential : -1.241446 (0.016974)
energy : -0.481918 (0.002184)

kinetic : 0.760715 (0.017352)
potential : -1.242504 (0.016469)
energy : -0.481789 (0.002118)

kinetic : 0.764404 (0.017218)
potential : -1.246373 (0.016425)
energy : -0.481969 (0.002061)

kinetic : 0.762535 (0.016808)
potential : -1.244680 (0.016024)
energy : -0.482145 (0.002007)

kinetic : 0.763355 (0.016341)
potential : -1.245717 (0.015594)
energy : -0.482363 (0.001961)

kinetic : 0.764839 (0.015950)
potential : -1.247800 (0.015297)
energy : -0.482961 (0.001998)

kinetic : 0.764815 (0.015513)
potential : -1.247411 (0.014883)
energy : -0.482596 (0.001977)

kinetic : 0.762781 (0.015236)
potential : -1.245795 (0.014576)
energy : -0.483014 (0.001969)

kinetic : 0.764997 (0.015005)
potential : -1.248147 (0.014391)
energy : -0.483150 (0.001923)

kinetic : 0.766660 (0.014719)
potential : -1.249616 (0.014103)
energy : -0.482956 (0.001884)

kinetic : 0.764705 (0.014488)
potential : -1.247642 (0.013896)
energy : -0.482938 (0.001838)

kinetic : 0.765722 (0.014175)
potential : -1.248347 (0.013579)
energy : -0.482625 (0.001820)

kinetic : 0.766813 (0.013885)
potential : -1.249673 (0.013326)
energy : -0.482860 (0.001793)

kinetic : 0.767650 (0.013591)
potential : -1.250320 (0.013035)
energy : -0.482671 (0.001762)

kinetic : 0.767567 (0.013286)
potential : -1.250054 (0.012745)
energy : -0.482486 (0.001732)

kinetic : 0.766835 (0.013015)
potential : -1.248975 (0.012512)
energy : -0.482140 (0.001729)

kinetic : 0.763894 (0.013070)
potential : -1.246267 (0.012538)
energy : -0.482374 (0.001708)

kinetic : 0.763456 (0.012802)
potential : -1.245768 (0.012284)
energy : -0.482312 (0.001673)

kinetic : 0.764160 (0.012558)
potential : -1.246458 (0.012051)
energy : -0.482298 (0.001639)

kinetic : 0.764514 (0.012309)
potential : -1.246691 (0.011810)
energy : -0.482177 (0.001610)

kinetic : 0.763546 (0.012104)
potential : -1.245710 (0.011617)
energy : -0.482164 (0.001578)

kinetic : 0.764197 (0.011887)
potential : -1.246478 (0.011418)
energy : -0.482280 (0.001552)

kinetic : 0.763452 (0.011684)
potential : -1.245960 (0.011212)
energy : -0.482508 (0.001539)

kinetic : 0.763343 (0.011467)
potential : -1.245752 (0.011004)
energy : -0.482409 (0.001514)

kinetic : 0.762043 (0.011331)
potential : -1.244329 (0.010896)
energy : -0.482286 (0.001491)

kinetic : 0.760183 (0.011281)
potential : -1.242432 (0.010866)
energy : -0.482249 (0.001465)

kinetic : 0.760206 (0.011082)
potential : -1.242148 (0.010678)
energy : -0.481941 (0.001471)

kinetic : 0.759952 (0.010892)
potential : -1.241826 (0.010497)
energy : -0.481874 (0.001447)

kinetic : 0.760722 (0.010733)
potential : -1.242445 (0.010336)
energy : -0.481723 (0.001431)

kinetic : 0.758063 (0.010883)
potential : -1.240088 (0.010432)
energy : -0.482026 (0.001439)

kinetic : 0.759166 (0.010760)
potential : -1.241093 (0.010309)
energy : -0.481927 (0.001418)

kinetic : 0.757467 (0.010720)
potential : -1.239380 (0.010285)
energy : -0.481913 (0.001395)

kinetic : 0.757711 (0.010552)
potential : -1.239480 (0.010121)
energy : -0.481769 (0.001381)

kinetic : 0.755264 (0.010670)
potential : -1.237364 (0.010183)
energy : -0.482099 (0.001398)

kinetic : 0.754418 (0.010538)
potential : -1.236636 (0.010052)
energy : -0.482218 (0.001382)

kinetic : 0.755395 (0.010423)
potential : -1.237435 (0.009931)
energy : -0.482040 (0.001372)

kinetic : 0.754864 (0.010280)
potential : -1.236919 (0.009795)
energy : -0.482055 (0.001352)

kinetic : 0.754714 (0.010129)
potential : -1.236750 (0.009651)
energy : -0.482036 (0.001332)

kinetic : 0.754040 (0.010004)
potential : -1.235893 (0.009549)
energy : -0.481853 (0.001325)

kinetic : 0.759738 (0.011388)
potential : -1.241433 (0.010921)
energy : -0.481695 (0.001315)

kinetic : 0.758580 (0.011286)
potential : -1.240333 (0.010822)
energy : -0.481753 (0.001298)

kinetic : 0.758198 (0.011134)
potential : -1.239883 (0.010680)
energy : -0.481685 (0.001282)

kinetic : 0.758144 (0.010981)
potential : -1.239922 (0.010533)
energy : -0.481777 (0.001267)

kinetic : 0.757421 (0.010856)
potential : -1.239265 (0.010411)
energy : -0.481844 (0.001252)

kinetic : 0.757837 (0.010718)
potential : -1.239654 (0.010278)
energy : -0.481817 (0.001235)

kinetic : 0.756969 (0.010612)
potential : -1.238832 (0.010175)
energy : -0.481863 (0.001220)

kinetic : 0.757334 (0.010479)
potential : -1.239097 (0.010046)
energy : -0.481763 (0.001208)

kinetic : 0.757013 (0.010349)
potential : -1.238647 (0.009926)
energy : -0.481634 (0.001199)

kinetic : 0.756461 (0.010232)
potential : -1.238010 (0.009821)
energy : -0.481549 (0.001187)

kinetic : 0.756734 (0.010107)
potential : -1.238310 (0.009702)
energy : -0.481576 (0.001173)

kinetic : 0.757772 (0.010035)
potential : -1.239121 (0.009616)
energy : -0.481349 (0.001180)

kinetic : 0.756678 (0.009972)
potential : -1.238164 (0.009546)
energy : -0.481486 (0.001174)

kinetic : 0.757816 (0.009917)
potential : -1.239219 (0.009489)
energy : -0.481403 (0.001162)

kinetic : 0.758662 (0.009835)
potential : -1.239980 (0.009406)
energy : -0.481318 (0.001151)

kinetic : 0.758427 (0.009721)
potential : -1.239560 (0.009304)
energy : -0.481133 (0.001153)

kinetic : 0.758748 (0.009613)
potential : -1.240002 (0.009206)
energy : -0.481254 (0.001146)

kinetic : 0.758257 (0.009514)
potential : -1.239584 (0.009109)
energy : -0.481327 (0.001135)

kinetic : 0.758983 (0.009434)
potential : -1.240149 (0.009023)
energy : -0.481166 (0.001133)

kinetic : 0.758260 (0.009355)
potential : -1.239512 (0.008943)
energy : -0.481252 (0.001124)

kinetic : 0.758866 (0.009270)
potential : -1.240036 (0.008859)
energy : -0.481171 (0.001114)

kinetic : 0.758435 (0.009178)
potential : -1.239684 (0.008768)
energy : -0.481249 (0.001105)

kinetic : 0.756990 (0.009192)
potential : -1.238472 (0.008757)
energy : -0.481482 (0.001117)

kinetic : 0.757127 (0.009094)
potential : -1.238773 (0.008667)
energy : -0.481646 (0.001117)

kinetic : 0.756939 (0.008998)
potential : -1.238628 (0.008576)
energy : -0.481689 (0.001106)

kinetic : 0.756499 (0.008914)
potential : -1.238356 (0.008489)
energy : -0.481856 (0.001107)

kinetic : 0.755821 (0.008847)
potential : -1.237892 (0.008413)
energy : -0.482071 (0.001116)

kinetic : 0.757243 (0.008869)
potential : -1.239235 (0.008434)
energy : -0.481993 (0.001107)

kinetic : 0.756448 (0.008814)
potential : -1.238368 (0.008392)
energy : -0.481920 (0.001099)

kinetic : 0.757940 (0.008852)
potential : -1.239774 (0.008425)
energy : -0.481834 (0.001091)

kinetic : 0.757089 (0.008804)
potential : -1.239027 (0.008374)
energy : -0.481938 (0.001085)

kinetic : 0.756890 (0.008719)
potential : -1.238711 (0.008296)
energy : -0.481820 (0.001080)

kinetic : 0.756076 (0.008671)
potential : -1.237902 (0.008254)
energy : -0.481827 (0.001070)

kinetic : 0.755745 (0.008593)
potential : -1.237552 (0.008181)
energy : -0.481806 (0.001060)

kinetic : 0.757234 (0.008639)
potential : -1.238949 (0.008222)
energy : -0.481716 (0.001053)

kinetic : 0.756970 (0.008560)
potential : -1.238534 (0.008154)
energy : -0.481564 (0.001054)

kinetic : 0.757122 (0.008480)
potential : -1.238801 (0.008081)
energy : -0.481679 (0.001051)

kinetic : 0.758216 (0.008472)
potential : -1.239824 (0.008070)
energy : -0.481608 (0.001043)

kinetic : 0.757796 (0.008403)
potential : -1.239444 (0.008004)
energy : -0.481648 (0.001034)

kinetic : 0.757257 (0.008343)
potential : -1.239007 (0.007942)
energy : -0.481750 (0.001030)

kinetic : 0.756594 (0.008294)
potential : -1.238307 (0.007901)
energy : -0.481713 (0.001021)

kinetic : 0.755948 (0.008244)
potential : -1.237667 (0.007855)
energy : -0.481719 (0.001012)

kinetic : 0.755600 (0.008178)
potential : -1.237389 (0.007790)
energy : -0.481789 (0.001005)

kinetic : 0.755119 (0.008119)
potential : -1.236991 (0.007731)
energy : -0.481872 (0.000999)

kinetic : 0.754976 (0.008049)
potential : -1.236907 (0.007663)
energy : -0.481931 (0.000992)

kinetic : 0.754360 (0.008002)
potential : -1.236389 (0.007614)
energy : -0.482029 (0.000989)

kinetic : 0.754597 (0.007936)
potential : -1.236697 (0.007554)
energy : -0.482100 (0.000983)

kinetic : 0.754228 (0.007877)
potential : -1.236361 (0.007497)
energy : -0.482132 (0.000975)

kinetic : 0.753194 (0.007878)
potential : -1.235447 (0.007489)
energy : -0.482253 (0.000974)

kinetic : 0.752689 (0.007828)
potential : -1.235005 (0.007439)
energy : -0.482316 (0.000968)

kinetic : 0.751175 (0.007909)
potential : -1.233724 (0.007487)
energy : -0.482549 (0.000988)

kinetic : 0.750631 (0.007862)
potential : -1.233235 (0.007441)
energy : -0.482603 (0.000981)

kinetic : 0.750789 (0.007799)
potential : -1.233304 (0.007380)
energy : -0.482515 (0.000977)

kinetic : 0.751349 (0.007755)
potential : -1.233907 (0.007345)
energy : -0.482558 (0.000970)

kinetic : 0.750816 (0.007711)
potential : -1.233440 (0.007300)
energy : -0.482624 (0.000964)

kinetic : 0.750420 (0.007659)
potential : -1.233233 (0.007245)
energy : -0.482813 (0.000975)

kinetic : 0.750586 (0.007600)
potential : -1.233495 (0.007192)
energy : -0.482910 (0.000972)

kinetic : 0.751351 (0.007579)
potential : -1.234212 (0.007171)
energy : -0.482861 (0.000966)

kinetic : 0.751906 (0.007540)
potential : -1.234705 (0.007132)
energy : -0.482800 (0.000960)

kinetic : 0.752178 (0.007486)
potential : -1.235127 (0.007089)
energy : -0.482950 (0.000964)

kinetic : 0.752417 (0.007432)
potential : -1.235346 (0.007037)
energy : -0.482930 (0.000957)

kinetic : 0.754016 (0.007547)
potential : -1.236776 (0.007128)
energy : -0.482760 (0.000965)

kinetic : 0.754370 (0.007498)
potential : -1.237112 (0.007082)
energy : -0.482743 (0.000957)

kinetic : 0.754184 (0.007443)
potential : -1.236892 (0.007032)
energy : -0.482709 (0.000951)

kinetic : 0.753516 (0.007418)
potential : -1.236237 (0.007010)
energy : -0.482722 (0.000944)

kinetic : 0.754273 (0.007401)
potential : -1.236821 (0.006982)
energy : -0.482548 (0.000953)

kinetic : 0.753846 (0.007359)
potential : -1.236539 (0.006937)
energy : -0.482693 (0.000957)

kinetic : 0.754574 (0.007341)
potential : -1.237119 (0.006910)
energy : -0.482545 (0.000961)

kinetic : 0.754093 (0.007304)
potential : -1.236609 (0.006879)
energy : -0.482515 (0.000955)

kinetic : 0.754044 (0.007251)
potential : -1.236519 (0.006830)
energy : -0.482476 (0.000949)

kinetic : 0.754415 (0.007209)
potential : -1.236848 (0.006789)
energy : -0.482433 (0.000943)

kinetic : 0.754366 (0.007158)
potential : -1.236720 (0.006742)
energy : -0.482354 (0.000940)

kinetic : 0.754437 (0.007108)
potential : -1.236894 (0.006696)
energy : -0.482457 (0.000939)

kinetic : 0.754131 (0.007064)
potential : -1.236524 (0.006660)
energy : -0.482393 (0.000934)

kinetic : 0.753339 (0.007060)
potential : -1.235772 (0.006656)
energy : -0.482433 (0.000928)

kinetic : 0.752711 (0.007039)
potential : -1.235193 (0.006635)
energy : -0.482482 (0.000923)

kinetic : 0.752114 (0.007016)
potential : -1.234613 (0.006615)
energy : -0.482499 (0.000917)

kinetic : 0.751813 (0.006975)
potential : -1.234281 (0.006578)
energy : -0.482468 (0.000911)

kinetic : 0.751993 (0.006930)
potential : -1.234533 (0.006538)
energy : -0.482541 (0.000908)

kinetic : 0.752041 (0.006883)
potential : -1.234551 (0.006494)
energy : -0.482510 (0.000903)

kinetic : 0.752511 (0.006853)
potential : -1.234993 (0.006466)
energy : -0.482482 (0.000897)

kinetic : 0.753868 (0.006942)
potential : -1.236260 (0.006547)
energy : -0.482392 (0.000896)

kinetic : 0.753838 (0.006896)
potential : -1.236151 (0.006505)
energy : -0.482314 (0.000893)

kinetic : 0.753586 (0.006855)
potential : -1.235931 (0.006466)
energy : -0.482344 (0.000888)

kinetic : 0.753146 (0.006825)
potential : -1.235512 (0.006437)
energy : -0.482365 (0.000882)

kinetic : 0.752393 (0.006822)
potential : -1.234807 (0.006434)
energy : -0.482414 (0.000878)

kinetic : 0.752942 (0.006801)
potential : -1.235274 (0.006410)
energy : -0.482332 (0.000876)

kinetic : 0.753151 (0.006761)
potential : -1.235425 (0.006371)
energy : -0.482274 (0.000872)

kinetic : 0.753237 (0.006718)
potential : -1.235479 (0.006331)
energy : -0.482241 (0.000867)

kinetic : 0.752879 (0.006685)
potential : -1.235100 (0.006302)
energy : -0.482221 (0.000862)

kinetic : 0.753001 (0.006645)
potential : -1.235169 (0.006263)
energy : -0.482168 (0.000859)

kinetic : 0.752908 (0.006604)
potential : -1.235016 (0.006226)
energy : -0.482108 (0.000855)

kinetic : 0.753501 (0.006590)
potential : -1.235438 (0.006202)
energy : -0.481937 (0.000867)

kinetic : 0.753428 (0.006550)
potential : -1.235408 (0.006163)
energy : -0.481980 (0.000863)

kinetic : 0.752734 (0.006546)
potential : -1.234883 (0.006148)
energy : -0.482149 (0.000874)

kinetic : 0.754194 (0.006669)
potential : -1.236325 (0.006279)
energy : -0.482131 (0.000869)

kinetic : 0.754396 (0.006631)
potential : -1.236452 (0.006242)
energy : -0.482056 (0.000867)

kinetic : 0.753800 (0.006618)
potential : -1.235947 (0.006225)
energy : -0.482147 (0.000867)

kinetic : 0.753402 (0.006591)
potential : -1.235641 (0.006195)
energy : -0.482239 (0.000866)

kinetic : 0.753108 (0.006558)
potential : -1.235454 (0.006162)
energy : -0.482346 (0.000868)

kinetic : 0.753420 (0.006527)
potential : -1.235640 (0.006128)
energy : -0.482221 (0.000872)

kinetic : 0.753187 (0.006493)
potential : -1.235398 (0.006097)
energy : -0.482211 (0.000867)

kinetic : 0.753748 (0.006480)
potential : -1.235850 (0.006078)
energy : -0.482102 (0.000868)

kinetic : 0.754198 (0.006458)
potential : -1.236272 (0.006058)
energy : -0.482075 (0.000864)

kinetic : 0.754625 (0.006435)
potential : -1.236743 (0.006041)
energy : -0.482118 (0.000860)

kinetic : 0.754523 (0.006399)
potential : -1.236705 (0.006007)
energy : -0.482182 (0.000857)

kinetic : 0.754376 (0.006364)
potential : -1.236470 (0.005977)
energy : -0.482094 (0.000857)

kinetic : 0.754125 (0.006333)
potential : -1.236280 (0.005946)
energy : -0.482155 (0.000854)

kinetic : 0.754528 (0.006310)
potential : -1.236668 (0.005925)
energy : -0.482140 (0.000850)

kinetic : 0.754085 (0.006290)
potential : -1.236238 (0.005908)
energy : -0.482154 (0.000845)

kinetic : 0.754044 (0.006255)
potential : -1.236234 (0.005875)
energy : -0.482190 (0.000841)

kinetic : 0.754348 (0.006228)
potential : -1.236589 (0.005853)
energy : -0.482241 (0.000838)

kinetic : 0.754893 (0.006218)
potential : -1.237142 (0.005847)
energy : -0.482249 (0.000833)

kinetic : 0.754742 (0.006185)
potential : -1.236990 (0.005817)
energy : -0.482248 (0.000829)

kinetic : 0.754804 (0.006152)
potential : -1.237046 (0.005786)
energy : -0.482242 (0.000824)

kinetic : 0.755634 (0.006175)
potential : -1.237776 (0.005800)
energy : -0.482142 (0.000826)

kinetic : 0.755517 (0.006143)
potential : -1.237720 (0.005769)
energy : -0.482203 (0.000824)

kinetic : 0.755513 (0.006110)
potential : -1.237657 (0.005739)
energy : -0.482143 (0.000822)

kinetic : 0.756079 (0.006103)
potential : -1.238251 (0.005739)
energy : -0.482171 (0.000818)

kinetic : 0.756421 (0.006081)
potential : -1.238579 (0.005718)
energy : -0.482158 (0.000813)

kinetic : 0.756902 (0.006068)
potential : -1.239039 (0.005706)
energy : -0.482137 (0.000809)

kinetic : 0.757522 (0.006067)
potential : -1.239633 (0.005707)
energy : -0.482111 (0.000806)

kinetic : 0.757340 (0.006039)
potential : -1.239533 (0.005679)
energy : -0.482193 (0.000806)

kinetic : 0.756458 (0.006072)
potential : -1.238702 (0.005710)
energy : -0.482244 (0.000803)

kinetic : 0.757079 (0.006072)
potential : -1.239304 (0.005712)
energy : -0.482225 (0.000799)

kinetic : 0.757015 (0.006041)
potential : -1.239197 (0.005684)
energy : -0.482182 (0.000796)

kinetic : 0.758693 (0.006240)
potential : -1.240819 (0.005883)
energy : -0.482126 (0.000794)

kinetic : 0.759396 (0.006248)
potential : -1.241446 (0.005886)
energy : -0.482050 (0.000794)

kinetic : 0.758842 (0.006241)
potential : -1.240943 (0.005878)
energy : -0.482100 (0.000791)

kinetic : 0.759135 (0.006217)
potential : -1.241221 (0.005855)
energy : -0.482085 (0.000787)

kinetic : 0.758783 (0.006195)
potential : -1.240921 (0.005834)
energy : -0.482138 (0.000785)

kinetic : 0.758497 (0.006171)
potential : -1.240653 (0.005811)
energy : -0.482157 (0.000782)

kinetic : 0.758975 (0.006159)
potential : -1.241069 (0.005797)
energy : -0.482094 (0.000780)

kinetic : 0.758515 (0.006146)
potential : -1.240636 (0.005784)
energy : -0.482121 (0.000777)

kinetic : 0.758313 (0.006119)
potential : -1.240426 (0.005760)
energy : -0.482113 (0.000773)

kinetic : 0.758646 (0.006098)
potential : -1.240724 (0.005739)
energy : -0.482079 (0.000770)

kinetic : 0.758454 (0.006072)
potential : -1.240461 (0.005718)
energy : -0.482007 (0.000770)

kinetic : 0.758678 (0.006046)
potential : -1.240622 (0.005692)
energy : -0.481944 (0.000768)

kinetic : 0.759120 (0.006034)
potential : -1.241022 (0.005679)
energy : -0.481902 (0.000766)

kinetic : 0.759674 (0.006030)
potential : -1.241532 (0.005675)
energy : -0.481858 (0.000763)

kinetic : 0.759125 (0.006026)
potential : -1.241108 (0.005663)
energy : -0.481982 (0.000770)

kinetic : 0.758479 (0.006033)
potential : -1.240566 (0.005663)
energy : -0.482087 (0.000773)

kinetic : 0.758598 (0.006005)
potential : -1.240728 (0.005638)
energy : -0.482130 (0.000771)

kinetic : 0.759483 (0.006042)
potential : -1.241492 (0.005663)
energy : -0.482009 (0.000777)

kinetic : 0.758832 (0.006049)
potential : -1.240813 (0.005678)
energy : -0.481980 (0.000774)

kinetic : 0.759130 (0.006028)
potential : -1.241070 (0.005657)
energy : -0.481940 (0.000771)

kinetic : 0.758777 (0.006011)
potential : -1.240791 (0.005638)
energy : -0.482014 (0.000771)

kinetic : 0.759391 (0.006014)
potential : -1.241455 (0.005651)
energy : -0.482064 (0.000769)

kinetic : 0.760627 (0.006113)
potential : -1.242632 (0.005747)
energy : -0.482005 (0.000768)

kinetic : 0.760358 (0.006091)
potential : -1.242383 (0.005726)
energy : -0.482025 (0.000765)

kinetic : 0.760876 (0.006085)
potential : -1.242841 (0.005718)
energy : -0.481965 (0.000763)

kinetic : 0.760884 (0.006058)
potential : -1.242826 (0.005692)
energy : -0.481942 (0.000760)

kinetic : 0.761058 (0.006033)
potential : -1.242883 (0.005667)
energy : -0.481825 (0.000766)

kinetic : 0.760774 (0.006012)
potential : -1.242638 (0.005647)
energy : -0.481864 (0.000763)

kinetic : 0.760726 (0.005986)
potential : -1.242533 (0.005622)
energy : -0.481807 (0.000762)

kinetic : 0.760475 (0.005964)
potential : -1.242350 (0.005600)
energy : -0.481875 (0.000762)

kinetic : 0.760372 (0.005939)
potential : -1.242282 (0.005576)
energy : -0.481911 (0.000759)

kinetic : 0.760633 (0.005918)
potential : -1.242484 (0.005555)
energy : -0.481851 (0.000758)

kinetic : 0.760642 (0.005892)
potential : -1.242434 (0.005531)
energy : -0.481792 (0.000757)

kinetic : 0.760103 (0.005891)
potential : -1.241917 (0.005531)
energy : -0.481814 (0.000754)

kinetic : 0.759783 (0.005874)
potential : -1.241636 (0.005514)
energy : -0.481852 (0.000752)

kinetic : 0.759858 (0.005849)
potential : -1.241677 (0.005490)
energy : -0.481819 (0.000749)

kinetic : 0.759750 (0.005825)
potential : -1.241572 (0.005467)
energy : -0.481822 (0.000746)

kinetic : 0.759720 (0.005800)
potential : -1.241545 (0.005444)
energy : -0.481825 (0.000743)

kinetic : 0.759514 (0.005779)
potential : -1.241367 (0.005424)
energy : -0.481854 (0.000740)

kinetic : 0.759270 (0.005759)
potential : -1.241165 (0.005404)
energy : -0.481894 (0.000738)

kinetic : 0.759196 (0.005735)
potential : -1.241119 (0.005381)
energy : -0.481923 (0.000736)

kinetic : 0.759443 (0.005716)
potential : -1.241279 (0.005361)
energy : -0.481836 (0.000738)

kinetic : 0.759692 (0.005698)
potential : -1.241509 (0.005343)
energy : -0.481818 (0.000735)

kinetic : 0.759445 (0.005679)
potential : -1.241254 (0.005327)
energy : -0.481809 (0.000732)

kinetic : 0.759319 (0.005657)
potential : -1.241107 (0.005307)
energy : -0.481788 (0.000729)

kinetic : 0.759417 (0.005634)
potential : -1.241162 (0.005285)
energy : -0.481745 (0.000727)

kinetic : 0.760147 (0.005658)
potential : -1.241819 (0.005304)
energy : -0.481672 (0.000728)

kinetic : 0.759971 (0.005638)
potential : -1.241693 (0.005284)
energy : -0.481721 (0.000727)

kinetic : 0.760056 (0.005615)
potential : -1.241770 (0.005263)
energy : -0.481714 (0.000724)

kinetic : 0.760755 (0.005635)
potential : -1.242434 (0.005283)
energy : -0.481679 (0.000722)

kinetic : 0.760906 (0.005615)
potential : -1.242623 (0.005265)
energy : -0.481717 (0.000720)

kinetic : 0.760803 (0.005593)
potential : -1.242509 (0.005245)
energy : -0.481706 (0.000717)

kinetic : 0.761246 (0.005588)
potential : -1.242863 (0.005235)
energy : -0.481616 (0.000720)

kinetic : 0.761767 (0.005590)
potential : -1.243342 (0.005236)
energy : -0.481575 (0.000718)

kinetic : 0.761916 (0.005569)
potential : -1.243494 (0.005218)
energy : -0.481578 (0.000715)

kinetic : 0.762409 (0.005569)
potential : -1.243947 (0.005216)
energy : -0.481538 (0.000713)

kinetic : 0.762969 (0.005575)
potential : -1.244414 (0.005217)
energy : -0.481444 (0.000717)

kinetic : 0.762615 (0.005564)
potential : -1.244120 (0.005204)
energy : -0.481506 (0.000716)

kinetic : 0.762347 (0.005549)
potential : -1.243859 (0.005190)
energy : -0.481512 (0.000714)

kinetic : 0.762420 (0.005527)
potential : -1.243911 (0.005170)
energy : -0.481491 (0.000711)

kinetic : 0.762425 (0.005506)
potential : -1.243880 (0.005150)
energy : -0.481455 (0.000709)

kinetic : 0.762127 (0.005492)
potential : -1.243642 (0.005135)
energy : -0.481514 (0.000709)

kinetic : 0.762077 (0.005471)
potential : -1.243584 (0.005116)
energy : -0.481506 (0.000706)

kinetic : 0.761996 (0.005451)
potential : -1.243504 (0.005097)
energy : -0.481508 (0.000703)

kinetic : 0.762124 (0.005431)
potential : -1.243652 (0.005079)
energy : -0.481528 (0.000701)

kinetic : 0.761742 (0.005424)
potential : -1.243270 (0.005074)
energy : -0.481528 (0.000698)

kinetic : 0.761880 (0.005405)
potential : -1.243422 (0.005057)
energy : -0.481542 (0.000696)

kinetic : 0.761713 (0.005387)
potential : -1.243234 (0.005041)
energy : -0.481520 (0.000693)

kinetic : 0.761508 (0.005370)
potential : -1.243045 (0.005026)
energy : -0.481536 (0.000691)

kinetic : 0.761161 (0.005361)
potential : -1.242723 (0.005017)
energy : -0.481561 (0.000689)

kinetic : 0.760834 (0.005351)
potential : -1.242406 (0.005008)
energy : -0.481572 (0.000686)

kinetic : 0.760796 (0.005331)
potential : -1.242352 (0.004990)
energy : -0.481556 (0.000684)

kinetic : 0.760739 (0.005311)
potential : -1.242246 (0.004972)
energy : -0.481506 (0.000683)

kinetic : 0.760920 (0.005295)
potential : -1.242446 (0.004958)
energy : -0.481526 (0.000681)

kinetic : 0.760695 (0.005280)
potential : -1.242335 (0.004940)
energy : -0.481640 (0.000688)

kinetic : 0.760627 (0.005261)
potential : -1.242242 (0.004923)
energy : -0.481615 (0.000686)

kinetic : 0.760718 (0.005242)
potential : -1.242386 (0.004907)
energy : -0.481669 (0.000685)

kinetic : 0.760732 (0.005223)
potential : -1.242412 (0.004889)
energy : -0.481680 (0.000683)

kinetic : 0.760930 (0.005208)
potential : -1.242525 (0.004873)
energy : -0.481595 (0.000686)

kinetic : 0.760578 (0.005200)
potential : -1.242141 (0.004870)
energy : -0.481562 (0.000684)

kinetic : 0.760483 (0.005182)
potential : -1.242064 (0.004853)
energy : -0.481581 (0.000682)

kinetic : 0.760604 (0.005165)
potential : -1.242198 (0.004837)
energy : -0.481594 (0.000679)

kinetic : 0.760265 (0.005158)
potential : -1.241925 (0.004827)
energy : -0.481661 (0.000680)

kinetic : 0.760272 (0.005139)
potential : -1.241881 (0.004810)
energy : -0.481609 (0.000680)

kinetic : 0.760349 (0.005121)
potential : -1.241906 (0.004793)
energy : -0.481557 (0.000679)

kinetic : 0.760553 (0.005107)
potential : -1.242134 (0.004782)
energy : -0.481581 (0.000677)

kinetic : 0.760309 (0.005095)
potential : -1.241870 (0.004772)
energy : -0.481561 (0.000675)

kinetic : 0.759947 (0.005090)
potential : -1.241564 (0.004765)
energy : -0.481618 (0.000675)

kinetic : 0.760539 (0.005106)
potential : -1.242149 (0.004784)
energy : -0.481611 (0.000673)

kinetic : 0.760227 (0.005098)
potential : -1.241829 (0.004778)
energy : -0.481602 (0.000671)

kinetic : 0.760054 (0.005083)
potential : -1.241644 (0.004765)
energy : -0.481590 (0.000668)

kinetic : 0.760198 (0.005067)
potential : -1.241818 (0.004751)
energy : -0.481620 (0.000667)

kinetic : 0.759979 (0.005054)
potential : -1.241591 (0.004740)
energy : -0.481612 (0.000664)

kinetic : 0.759988 (0.005037)
potential : -1.241574 (0.004724)
energy : -0.481586 (0.000663)

kinetic : 0.760016 (0.005019)
potential : -1.241657 (0.004708)
energy : -0.481641 (0.000663)

kinetic : 0.759878 (0.005004)
potential : -1.241541 (0.004693)
energy : -0.481663 (0.000661)

kinetic : 0.760186 (0.004996)
potential : -1.241854 (0.004688)
energy : -0.481668 (0.000658)

kinetic : 0.759858 (0.004990)
potential : -1.241551 (0.004681)
energy : -0.481693 (0.000657)

kinetic : 0.760234 (0.004987)
potential : -1.241907 (0.004679)
energy : -0.481673 (0.000655)

kinetic : 0.760690 (0.004991)
potential : -1.242269 (0.004677)
energy : -0.481579 (0.000659)

kinetic : 0.760029 (0.005018)
potential : -1.241679 (0.004699)
energy : -0.481650 (0.000661)

kinetic : 0.759820 (0.005005)
potential : -1.241488 (0.004687)
energy : -0.481667 (0.000659)

kinetic : 0.759677 (0.004991)
potential : -1.241379 (0.004672)
energy : -0.481702 (0.000657)

kinetic : 0.760233 (0.005005)
potential : -1.241890 (0.004684)
energy : -0.481657 (0.000657)

kinetic : 0.760661 (0.005007)
potential : -1.242220 (0.004680)
energy : -0.481560 (0.000662)

kinetic : 0.761013 (0.005002)
potential : -1.242543 (0.004676)
energy : -0.481530 (0.000660)

kinetic : 0.760898 (0.004987)
potential : -1.242441 (0.004662)
energy : -0.481543 (0.000658)

kinetic : 0.760804 (0.004971)
potential : -1.242333 (0.004647)
energy : -0.481529 (0.000656)

kinetic : 0.760672 (0.004957)
potential : -1.242188 (0.004634)
energy : -0.481516 (0.000654)

kinetic : 0.761110 (0.004960)
potential : -1.242604 (0.004638)
energy : -0.481494 (0.000652)

kinetic : 0.761381 (0.004951)
potential : -1.242844 (0.004629)
energy : -0.481463 (0.000651)

kinetic : 0.761276 (0.004936)
potential : -1.242730 (0.004615)
energy : -0.481454 (0.000649)

kinetic : 0.761339 (0.004920)
potential : -1.242791 (0.004601)
energy : -0.481452 (0.000647)

kinetic : 0.761504 (0.004907)
potential : -1.242918 (0.004588)
energy : -0.481414 (0.000646)

kinetic : 0.761655 (0.004894)
potential : -1.243150 (0.004579)
energy : -0.481496 (0.000649)

kinetic : 0.761839 (0.004881)
potential : -1.243290 (0.004566)
energy : -0.481452 (0.000648)

kinetic : 0.762080 (0.004872)
potential : -1.243540 (0.004558)
energy : -0.481460 (0.000646)

kinetic : 0.762001 (0.004857)
potential : -1.243423 (0.004545)
energy : -0.481422 (0.000645)

kinetic : 0.762054 (0.004842)
potential : -1.243497 (0.004531)
energy : -0.481443 (0.000644)

kinetic : 0.762161 (0.004827)
potential : -1.243571 (0.004517)
energy : -0.481409 (0.000642)

kinetic : 0.761722 (0.004832)
potential : -1.243184 (0.004520)
energy : -0.481462 (0.000643)

kinetic : 0.762196 (0.004840)
potential : -1.243675 (0.004532)
energy : -0.481479 (0.000641)

kinetic : 0.762021 (0.004828)
potential : -1.243580 (0.004519)
energy : -0.481558 (0.000644)

kinetic : 0.762282 (0.004820)
potential : -1.243797 (0.004510)
energy : -0.481515 (0.000643)

kinetic : 0.761919 (0.004818)
potential : -1.243458 (0.004508)
energy : -0.481538 (0.000642)

kinetic : 0.761717 (0.004808)
potential : -1.243282 (0.004498)
energy : -0.481566 (0.000640)

kinetic : 0.761870 (0.004795)
potential : -1.243443 (0.004487)
energy : -0.481574 (0.000638)

kinetic : 0.761917 (0.004781)
potential : -1.243508 (0.004473)
energy : -0.481591 (0.000636)

kinetic : 0.761959 (0.004766)
potential : -1.243591 (0.004460)
energy : -0.481632 (0.000636)

kinetic : 0.762218 (0.004758)
potential : -1.243866 (0.004455)
energy : -0.481647 (0.000634)

kinetic : 0.762570 (0.004757)
potential : -1.244113 (0.004448)
energy : -0.481543 (0.000641)

kinetic : 0.762418 (0.004745)
potential : -1.243970 (0.004437)
energy : -0.481551 (0.000639)

kinetic : 0.762723 (0.004740)
potential : -1.244252 (0.004432)
energy : -0.481529 (0.000637)

kinetic : 0.763159 (0.004746)
potential : -1.244609 (0.004433)
energy : -0.481450 (0.000640)

kinetic : 0.762854 (0.004741)
potential : -1.244315 (0.004429)
energy : -0.481461 (0.000638)

kinetic : 0.762929 (0.004727)
potential : -1.244341 (0.004416)
energy : -0.481412 (0.000638)

kinetic : 0.763599 (0.004760)
potential : -1.245006 (0.004453)
energy : -0.481406 (0.000636)

kinetic : 0.763742 (0.004748)
potential : -1.245146 (0.004441)
energy : -0.481404 (0.000635)

kinetic : 0.763786 (0.004734)
potential : -1.245204 (0.004428)
energy : -0.481418 (0.000633)

kinetic : 0.763835 (0.004720)
potential : -1.245246 (0.004415)
energy : -0.481411 (0.000631)

kinetic : 0.763778 (0.004707)
potential : -1.245166 (0.004403)
energy : -0.481388 (0.000629)

kinetic : 0.763716 (0.004693)
potential : -1.245089 (0.004391)
energy : -0.481373 (0.000628)

kinetic : 0.763940 (0.004685)
potential : -1.245277 (0.004382)
energy : -0.481337 (0.000627)

kinetic : 0.764347 (0.004688)
potential : -1.245601 (0.004381)
energy : -0.481254 (0.000631)

kinetic : 0.763940 (0.004692)
potential : -1.245220 (0.004384)
energy : -0.481280 (0.000629)

kinetic : 0.763645 (0.004688)
potential : -1.244929 (0.004381)
energy : -0.481284 (0.000627)

kinetic : 0.763656 (0.004674)
potential : -1.244890 (0.004369)
energy : -0.481234 (0.000628)

kinetic : 0.763705 (0.004661)
potential : -1.244890 (0.004356)
energy : -0.481184 (0.000628)

kinetic : 0.764041 (0.004659)
potential : -1.245277 (0.004360)
energy : -0.481236 (0.000628)

kinetic : 0.764030 (0.004646)
potential : -1.245259 (0.004348)
energy : -0.481229 (0.000626)

kinetic : 0.763612 (0.004651)
potential : -1.244898 (0.004350)
energy : -0.481286 (0.000627)

kinetic : 0.763327 (0.004646)
potential : -1.244639 (0.004345)
energy : -0.481312 (0.000626)

kinetic : 0.763227 (0.004634)
potential : -1.244533 (0.004334)
energy : -0.481306 (0.000624)

kinetic : 0.763041 (0.004625)
potential : -1.244339 (0.004326)
energy : -0.481298 (0.000622)

kinetic : 0.762930 (0.004613)
potential : -1.244232 (0.004315)
energy : -0.481302 (0.000620)

kinetic : 0.763110 (0.004603)
potential : -1.244338 (0.004304)
energy : -0.481228 (0.000623)

kinetic : 0.762946 (0.004593)
potential : -1.244188 (0.004294)
energy : -0.481242 (0.000621)

kinetic : 0.763056 (0.004581)
potential : -1.244264 (0.004283)
energy : -0.481208 (0.000621)

kinetic : 0.762893 (0.004571)
potential : -1.244119 (0.004273)
energy : -0.481226 (0.000619)

kinetic : 0.762885 (0.004558)
potential : -1.244111 (0.004261)
energy : -0.481226 (0.000617)

kinetic : 0.762877 (0.004545)
potential : -1.244127 (0.004249)
energy : -0.481250 (0.000616)

kinetic : 0.762684 (0.004537)
potential : -1.243979 (0.004240)
energy : -0.481295 (0.000616)

kinetic : 0.762778 (0.004525)
potential : -1.244058 (0.004229)
energy : -0.481281 (0.000614)

kinetic : 0.762908 (0.004514)
potential : -1.244151 (0.004218)
energy : -0.481243 (0.000614)

kinetic : 0.763174 (0.004510)
potential : -1.244433 (0.004216)
energy : -0.481259 (0.000612)

kinetic : 0.763006 (0.004500)
potential : -1.244261 (0.004207)
energy : -0.481254 (0.000611)

kinetic : 0.762654 (0.004502)
potential : -1.243911 (0.004210)
energy : -0.481257 (0.000609)

kinetic : 0.762829 (0.004493)
potential : -1.244058 (0.004201)
energy : -0.481229 (0.000608)

kinetic : 0.762722 (0.004481)
potential : -1.243960 (0.004191)
energy : -0.481238 (0.000606)

kinetic : 0.762553 (0.004472)
potential : -1.243806 (0.004182)
energy : -0.481253 (0.000605)

kinetic : 0.762256 (0.004470)
potential : -1.243562 (0.004178)
energy : -0.481305 (0.000605)

kinetic : 0.762033 (0.004463)
potential : -1.243351 (0.004172)
energy : -0.481318 (0.000604)

kinetic : 0.761857 (0.004455)
potential : -1.243217 (0.004163)
energy : -0.481360 (0.000604)

kinetic : 0.761876 (0.004443)
potential : -1.243221 (0.004151)
energy : -0.481345 (0.000602)

kinetic : 0.761747 (0.004433)
potential : -1.243085 (0.004142)
energy : -0.481338 (0.000601)

kinetic : 0.761972 (0.004426)
potential : -1.243259 (0.004135)
energy : -0.481286 (0.000601)

kinetic : 0.761833 (0.004417)
potential : -1.243151 (0.004125)
energy : -0.481318 (0.000601)

kinetic : 0.761708 (0.004407)
potential : -1.243032 (0.004116)
energy : -0.481324 (0.000599)

kinetic : 0.761325 (0.004411)
potential : -1.242720 (0.004117)
energy : -0.481395 (0.000602)

kinetic : 0.761126 (0.004404)
potential : -1.242564 (0.004109)
energy : -0.481437 (0.000601)

kinetic : 0.761165 (0.004393)
potential : -1.242601 (0.004098)
energy : -0.481436 (0.000600)

kinetic : 0.760992 (0.004384)
potential : -1.242414 (0.004091)
energy : -0.481422 (0.000598)

kinetic : 0.760799 (0.004377)
potential : -1.242249 (0.004084)
energy : -0.481450 (0.000597)

kinetic : 0.760957 (0.004368)
potential : -1.242436 (0.004077)
energy : -0.481479 (0.000597)

kinetic : 0.760752 (0.004362)
potential : -1.242241 (0.004071)
energy : -0.481490 (0.000595)

kinetic : 0.761107 (0.004365)
potential : -1.242623 (0.004078)
energy : -0.481516 (0.000594)

kinetic : 0.761255 (0.004356)
potential : -1.242712 (0.004069)
energy : -0.481457 (0.000595)

kinetic : 0.761430 (0.004348)
potential : -1.242858 (0.004061)
energy : -0.481428 (0.000595)

kinetic : 0.761516 (0.004337)
potential : -1.242896 (0.004050)
energy : -0.481379 (0.000595)

kinetic : 0.761843 (0.004338)
potential : -1.243151 (0.004048)
energy : -0.481308 (0.000598)

kinetic : 0.761396 (0.004350)
potential : -1.242761 (0.004056)
energy : -0.481365 (0.000599)

kinetic : 0.761624 (0.004345)
potential : -1.242968 (0.004051)
energy : -0.481344 (0.000598)

kinetic : 0.761823 (0.004338)
potential : -1.243189 (0.004046)
energy : -0.481366 (0.000597)

kinetic : 0.761566 (0.004335)
potential : -1.242965 (0.004042)
energy : -0.481399 (0.000596)

kinetic : 0.761288 (0.004333)
potential : -1.242745 (0.004038)
energy : -0.481457 (0.000597)

kinetic : 0.761515 (0.004327)
potential : -1.242938 (0.004032)
energy : -0.481423 (0.000597)

kinetic : 0.761446 (0.004317)
potential : -1.242876 (0.004022)
energy : -0.481430 (0.000595)

kinetic : 0.761505 (0.004306)
potential : -1.242953 (0.004013)
energy : -0.481448 (0.000594)

kinetic : 0.761212 (0.004305)
potential : -1.242705 (0.004010)
energy : -0.481493 (0.000594)

kinetic : 0.761007 (0.004299)
potential : -1.242512 (0.004005)
energy : -0.481504 (0.000593)

kinetic : 0.760762 (0.004295)
potential : -1.242266 (0.004002)
energy : -0.481505 (0.000591)

kinetic : 0.760652 (0.004286)
potential : -1.242144 (0.003994)
energy : -0.481492 (0.000590)

kinetic : 0.760471 (0.004279)
potential : -1.241977 (0.003987)
energy : -0.481507 (0.000589)

kinetic : 0.760243 (0.004274)
potential : -1.241779 (0.003982)
energy : -0.481536 (0.000588)

kinetic : 0.760157 (0.004265)
potential : -1.241702 (0.003973)
energy : -0.481545 (0.000587)

kinetic : 0.760321 (0.004257)
potential : -1.241850 (0.003966)
energy : -0.481529 (0.000585)

kinetic : 0.760704 (0.004264)
potential : -1.242219 (0.003973)
energy : -0.481515 (0.000584)

kinetic : 0.760645 (0.004254)
potential : -1.242171 (0.003964)
energy : -0.481525 (0.000583)

kinetic : 0.760814 (0.004246)
potential : -1.242368 (0.003959)
energy : -0.481554 (0.000582)

kinetic : 0.760558 (0.004244)
potential : -1.242161 (0.003954)
energy : -0.481603 (0.000583)

kinetic : 0.760185 (0.004250)
potential : -1.241806 (0.003961)
energy : -0.481621 (0.000581)

kinetic : 0.760090 (0.004240)
potential : -1.241711 (0.003952)
energy : -0.481621 (0.000580)

kinetic : 0.760238 (0.004232)
potential : -1.241849 (0.003945)
energy : -0.481611 (0.000579)

kinetic : 0.760270 (0.004222)
potential : -1.241940 (0.003936)
energy : -0.481670 (0.000580)

kinetic : 0.759993 (0.004221)
potential : -1.241666 (0.003936)
energy : -0.481673 (0.000579)

kinetic : 0.760002 (0.004211)
potential : -1.241660 (0.003926)
energy : -0.481658 (0.000578)

kinetic : 0.760024 (0.004200)
potential : -1.241676 (0.003917)
energy : -0.481652 (0.000576)

kinetic : 0.760377 (0.004205)
potential : -1.241969 (0.003918)
energy : -0.481592 (0.000578)

kinetic : 0.760677 (0.004206)
potential : -1.242200 (0.003916)
energy : -0.481524 (0.000581)

kinetic : 0.760904 (0.004202)
potential : -1.242415 (0.003912)
energy : -0.481511 (0.000579)

kinetic : 0.760881 (0.004192)
potential : -1.242382 (0.003903)
energy : -0.481500 (0.000578)

kinetic : 0.761023 (0.004184)
potential : -1.242526 (0.003896)
energy : -0.481504 (0.000577)

kinetic : 0.760929 (0.004175)
potential : -1.242433 (0.003888)
energy : -0.481504 (0.000575)

kinetic : 0.760974 (0.004165)
potential : -1.242500 (0.003879)
energy : -0.481526 (0.000574)

kinetic : 0.761073 (0.004156)
potential : -1.242569 (0.003871)
energy : -0.481496 (0.000574)

kinetic : 0.760910 (0.004150)
potential : -1.242391 (0.003866)
energy : -0.481481 (0.000573)

kinetic : 0.761105 (0.004145)
potential : -1.242547 (0.003860)
energy : -0.481442 (0.000573)

kinetic : 0.761065 (0.004135)
potential : -1.242497 (0.003851)
energy : -0.481433 (0.000571)

kinetic : 0.760907 (0.004128)
potential : -1.242356 (0.003844)
energy : -0.481449 (0.000570)

kinetic : 0.760610 (0.004129)
potential : -1.242113 (0.003843)
energy : -0.481503 (0.000571)

kinetic : 0.760539 (0.004120)
potential : -1.242051 (0.003834)
energy : -0.481512 (0.000570)

kinetic : 0.760715 (0.004114)
potential : -1.242226 (0.003829)
energy : -0.481511 (0.000569)

kinetic : 0.760393 (0.004117)
potential : -1.241940 (0.003831)
energy : -0.481547 (0.000569)

kinetic : 0.760525 (0.004110)
potential : -1.242085 (0.003825)
energy : -0.481560 (0.000567)

kinetic : 0.760530 (0.004100)
potential : -1.242068 (0.003816)
energy : -0.481538 (0.000566)

kinetic : 0.760358 (0.004094)
potential : -1.241883 (0.003812)
energy : -0.481526 (0.000565)

kinetic : 0.760497 (0.004087)
potential : -1.242023 (0.003805)
energy : -0.481527 (0.000564)

kinetic : 0.760547 (0.004078)
potential : -1.242090 (0.003797)
energy : -0.481543 (0.000563)

kinetic : 0.760823 (0.004078)
potential : -1.242330 (0.003796)
energy : -0.481506 (0.000563)

kinetic : 0.760732 (0.004070)
potential : -1.242240 (0.003788)
energy : -0.481508 (0.000562)

kinetic : 0.760432 (0.004071)
potential : -1.241990 (0.003788)
energy : -0.481558 (0.000563)

kinetic : 0.760157 (0.004071)
potential : -1.241765 (0.003786)
energy : -0.481608 (0.000563)

kinetic : 0.760237 (0.004063)
potential : -1.241789 (0.003777)
energy : -0.481552 (0.000565)

kinetic : 0.760179 (0.004054)
potential : -1.241716 (0.003769)
energy : -0.481537 (0.000564)

kinetic : 0.760261 (0.004045)
potential : -1.241784 (0.003761)
energy : -0.481523 (0.000563)

kinetic : 0.760438 (0.004040)
potential : -1.241952 (0.003757)
energy : -0.481513 (0.000562)

kinetic : 0.760234 (0.004036)
potential : -1.241786 (0.003752)
energy : -0.481552 (0.000562)

kinetic : 0.760181 (0.004027)
potential : -1.241712 (0.003744)
energy : -0.481531 (0.000561)

kinetic : 0.760154 (0.004018)
potential : -1.241677 (0.003736)
energy : -0.481524 (0.000560)

kinetic : 0.760444 (0.004020)
potential : -1.241935 (0.003736)
energy : -0.481491 (0.000559)

kinetic : 0.760320 (0.004013)
potential : -1.241831 (0.003729)
energy : -0.481512 (0.000558)

kinetic : 0.760026 (0.004014)
potential : -1.241562 (0.003731)
energy : -0.481536 (0.000558)

kinetic : 0.760039 (0.004006)
potential : -1.241582 (0.003722)
energy : -0.481543 (0.000556)

kinetic : 0.760101 (0.003997)
potential : -1.241667 (0.003715)
energy : -0.481566 (0.000556)

kinetic : 0.760087 (0.003988)
potential : -1.241664 (0.003707)
energy : -0.481577 (0.000555)

kinetic : 0.760119 (0.003980)
potential : -1.241685 (0.003699)
energy : -0.481566 (0.000553)

kinetic : 0.760325 (0.003976)
potential : -1.241937 (0.003699)
energy : -0.481612 (0.000554)

kinetic : 0.760498 (0.003971)
potential : -1.242067 (0.003693)
energy : -0.481569 (0.000554)

kinetic : 0.760356 (0.003965)
potential : -1.241977 (0.003686)
energy : -0.481621 (0.000556)

kinetic : 0.760421 (0.003957)
potential : -1.242059 (0.003679)
energy : -0.481638 (0.000555)

kinetic : 0.760675 (0.003956)
potential : -1.242302 (0.003679)
energy : -0.481626 (0.000554)

kinetic : 0.760610 (0.003948)
potential : -1.242244 (0.003671)
energy : -0.481634 (0.000552)

kinetic : 0.760447 (0.003943)
potential : -1.242106 (0.003666)
energy : -0.481659 (0.000552)

kinetic : 0.760328 (0.003936)
potential : -1.241989 (0.003660)
energy : -0.481660 (0.000551)

kinetic : 0.760287 (0.003928)
potential : -1.241990 (0.003652)
energy : -0.481703 (0.000551)

kinetic : 0.760552 (0.003928)
potential : -1.242272 (0.003655)
energy : -0.481720 (0.000550)

kinetic : 0.760614 (0.003920)
potential : -1.242375 (0.003648)
energy : -0.481761 (0.000550)

kinetic : 0.760765 (0.003914)
potential : -1.242494 (0.003642)
energy : -0.481730 (0.000550)

kinetic : 0.760844 (0.003907)
potential : -1.242563 (0.003635)
energy : -0.481720 (0.000549)

kinetic : 0.760676 (0.003902)
potential : -1.242413 (0.003630)
energy : -0.481737 (0.000548)

kinetic : 0.760599 (0.003894)
potential : -1.242364 (0.003623)
energy : -0.481765 (0.000548)

kinetic : 0.760667 (0.003887)
potential : -1.242396 (0.003615)
energy : -0.481729 (0.000548)

kinetic : 0.760754 (0.003879)
potential : -1.242470 (0.003608)
energy : -0.481715 (0.000547)

kinetic : 0.761332 (0.003914)
potential : -1.243038 (0.003645)
energy : -0.481706 (0.000546)

kinetic : 0.761230 (0.003907)
potential : -1.242943 (0.003639)
energy : -0.481714 (0.000544)

kinetic : 0.761174 (0.003899)
potential : -1.242907 (0.003631)
energy : -0.481733 (0.000544)

kinetic : 0.761281 (0.003892)
potential : -1.243004 (0.003625)
energy : -0.481723 (0.000543)

kinetic : 0.761362 (0.003885)
potential : -1.243108 (0.003618)
energy : -0.481746 (0.000542)

kinetic : 0.761608 (0.003884)
potential : -1.243312 (0.003617)
energy : -0.481704 (0.000542)

kinetic : 0.762330 (0.003943)
potential : -1.244054 (0.003684)
energy : -0.481725 (0.000542)

kinetic : 0.762446 (0.003936)
potential : -1.244134 (0.003678)
energy : -0.481688 (0.000542)

kinetic : 0.762565 (0.003930)
potential : -1.244236 (0.003671)
energy : -0.481670 (0.000541)

kinetic : 0.762372 (0.003926)
potential : -1.244043 (0.003669)
energy : -0.481671 (0.000540)

kinetic : 0.762477 (0.003919)
potential : -1.244137 (0.003662)
energy : -0.481659 (0.000539)

kinetic : 0.762521 (0.003911)
potential : -1.244192 (0.003655)
energy : -0.481671 (0.000538)

kinetic : 0.762322 (0.003908)
potential : -1.243981 (0.003653)
energy : -0.481659 (0.000537)

kinetic : 0.762762 (0.003925)
potential : -1.244381 (0.003668)
energy : -0.481620 (0.000537)

kinetic : 0.762582 (0.003921)
potential : -1.244203 (0.003664)
energy : -0.481621 (0.000536)

kinetic : 0.762435 (0.003916)
potential : -1.244076 (0.003659)
energy : -0.481640 (0.000535)

kinetic : 0.762193 (0.003915)
potential : -1.243849 (0.003659)
energy : -0.481656 (0.000534)

kinetic : 0.762198 (0.003907)
potential : -1.243831 (0.003651)
energy : -0.481633 (0.000534)

kinetic : 0.762230 (0.003899)
potential : -1.243856 (0.003644)
energy : -0.481626 (0.000533)

kinetic : 0.762242 (0.003891)
potential : -1.243899 (0.003636)
energy : -0.481657 (0.000533)

kinetic : 0.762200 (0.003883)
potential : -1.243859 (0.003629)
energy : -0.481659 (0.000531)

kinetic : 0.761991 (0.003881)
potential : -1.243678 (0.003626)
energy : -0.481687 (0.000531)

kinetic : 0.762208 (0.003879)
potential : -1.243898 (0.003626)
energy : -0.481690 (0.000530)

kinetic : 0.762340 (0.003874)
potential : -1.244007 (0.003620)
energy : -0.481667 (0.000529)

kinetic : 0.762323 (0.003866)
potential : -1.243991 (0.003613)
energy : -0.481667 (0.000528)

kinetic : 0.762160 (0.003861)
potential : -1.243856 (0.003608)
energy : -0.481695 (0.000528)

kinetic : 0.762182 (0.003854)
potential : -1.243871 (0.003601)
energy : -0.481689 (0.000527)

kinetic : 0.762021 (0.003849)
potential : -1.243725 (0.003596)
energy : -0.481705 (0.000526)

kinetic : 0.761969 (0.003842)
potential : -1.243656 (0.003590)
energy : -0.481686 (0.000525)

kinetic : 0.761861 (0.003836)
potential : -1.243568 (0.003584)
energy : -0.481706 (0.000525)

kinetic : 0.762083 (0.003834)
potential : -1.243777 (0.003582)
energy : -0.481694 (0.000524)

kinetic : 0.762303 (0.003833)
potential : -1.244015 (0.003583)
energy : -0.481713 (0.000523)

kinetic : 0.762600 (0.003837)
potential : -1.244291 (0.003587)
energy : -0.481691 (0.000523)

kinetic : 0.762623 (0.003829)
potential : -1.244321 (0.003580)
energy : -0.481698 (0.000522)

kinetic : 0.762609 (0.003822)
potential : -1.244314 (0.003573)
energy : -0.481705 (0.000521)

kinetic : 0.762915 (0.003826)
potential : -1.244596 (0.003577)
energy : -0.481681 (0.000520)

kinetic : 0.762711 (0.003824)
potential : -1.244398 (0.003575)
energy : -0.481688 (0.000519)

kinetic : 0.762886 (0.003821)
potential : -1.244588 (0.003573)
energy : -0.481702 (0.000518)

kinetic : 0.763002 (0.003815)
potential : -1.244660 (0.003567)
energy : -0.481659 (0.000519)

kinetic : 0.763046 (0.003808)
potential : -1.244718 (0.003560)
energy : -0.481673 (0.000518)

kinetic : 0.762932 (0.003802)
potential : -1.244622 (0.003554)
energy : -0.481689 (0.000517)

kinetic : 0.762855 (0.003795)
potential : -1.244549 (0.003548)
energy : -0.481694 (0.000516)

kinetic : 0.762807 (0.003788)
potential : -1.244514 (0.003541)
energy : -0.481707 (0.000516)

kinetic : 0.762629 (0.003785)
potential : -1.244397 (0.003536)
energy : -0.481767 (0.000518)

kinetic : 0.762518 (0.003779)
potential : -1.244296 (0.003531)
energy : -0.481779 (0.000517)

kinetic : 0.762396 (0.003774)
potential : -1.244210 (0.003525)
energy : -0.481814 (0.000517)

kinetic : 0.762433 (0.003766)
potential : -1.244230 (0.003518)
energy : -0.481796 (0.000517)

kinetic : 0.762599 (0.003763)
potential : -1.244348 (0.003513)
energy : -0.481749 (0.000518)

kinetic : 0.762471 (0.003758)
potential : -1.244226 (0.003509)
energy : -0.481755 (0.000517)

kinetic : 0.762399 (0.003751)
potential : -1.244165 (0.003503)
energy : -0.481766 (0.000516)

kinetic : 0.762371 (0.003744)
potential : -1.244130 (0.003496)
energy : -0.481759 (0.000515)

kinetic : 0.762211 (0.003740)
potential : -1.243973 (0.003493)
energy : -0.481763 (0.000514)

kinetic : 0.762221 (0.003733)
potential : -1.243950 (0.003486)
energy : -0.481729 (0.000514)

kinetic : 0.762106 (0.003728)
potential : -1.243854 (0.003481)
energy : -0.481748 (0.000514)

kinetic : 0.762144 (0.003721)
potential : -1.243904 (0.003474)
energy : -0.481760 (0.000513)

kinetic : 0.762116 (0.003714)
potential : -1.243878 (0.003468)
energy : -0.481761 (0.000512)

kinetic : 0.762012 (0.003708)
potential : -1.243795 (0.003462)
energy : -0.481783 (0.000511)

kinetic : 0.761994 (0.003701)
potential : -1.243784 (0.003456)
energy : -0.481791 (0.000510)

kinetic : 0.762056 (0.003695)
potential : -1.243836 (0.003450)
energy : -0.481779 (0.000510)

kinetic : 0.762234 (0.003692)
potential : -1.243993 (0.003447)
energy : -0.481758 (0.000509)

kinetic : 0.762153 (0.003686)
potential : -1.243931 (0.003441)
energy : -0.481778 (0.000508)

kinetic : 0.762063 (0.003680)
potential : -1.243877 (0.003435)
energy : -0.481814 (0.000509)

kinetic : 0.762001 (0.003674)
potential : -1.243842 (0.003428)
energy : -0.481841 (0.000509)

kinetic : 0.762066 (0.003667)
potential : -1.243877 (0.003422)
energy : -0.481811 (0.000508)

kinetic : 0.762080 (0.003660)
potential : -1.243924 (0.003416)
energy : -0.481844 (0.000509)

kinetic : 0.762072 (0.003654)
potential : -1.243940 (0.003409)
energy : -0.481869 (0.000508)

kinetic : 0.762086 (0.003647)
potential : -1.243947 (0.003403)
energy : -0.481861 (0.000507)

kinetic : 0.761976 (0.003642)
potential : -1.243848 (0.003398)
energy : -0.481872 (0.000506)

kinetic : 0.762078 (0.003636)
potential : -1.243960 (0.003394)
energy : -0.481882 (0.000506)

kinetic : 0.761859 (0.003636)
potential : -1.243758 (0.003393)
energy : -0.481899 (0.000505)

kinetic : 0.761873 (0.003629)
potential : -1.243799 (0.003387)
energy : -0.481926 (0.000505)

kinetic : 0.761860 (0.003623)
potential : -1.243807 (0.003381)
energy : -0.481947 (0.000504)

kinetic : 0.761843 (0.003616)
potential : -1.243803 (0.003375)
energy : -0.481960 (0.000503)

kinetic : 0.762009 (0.003613)
potential : -1.243978 (0.003373)
energy : -0.481969 (0.000503)

kinetic : 0.761866 (0.003609)
potential : -1.243854 (0.003369)
energy : -0.481988 (0.000502)

kinetic : 0.762017 (0.003606)
potential : -1.243983 (0.003366)
energy : -0.481966 (0.000502)

kinetic : 0.761974 (0.003599)
potential : -1.243952 (0.003359)
energy : -0.481979 (0.000501)

kinetic : 0.761844 (0.003595)
potential : -1.243833 (0.003355)
energy : -0.481989 (0.000500)

kinetic : 0.761788 (0.003589)
potential : -1.243773 (0.003350)
energy : -0.481985 (0.000499)

kinetic : 0.761880 (0.003584)
potential : -1.243863 (0.003345)
energy : -0.481982 (0.000498)

kinetic : 0.761922 (0.003577)
potential : -1.243894 (0.003339)
energy : -0.481973 (0.000497)

kinetic : 0.761964 (0.003571)
potential : -1.243934 (0.003333)
energy : -0.481971 (0.000497)

kinetic : 0.762071 (0.003566)
potential : -1.244040 (0.003329)
energy : -0.481969 (0.000496)

kinetic : 0.762115 (0.003560)
potential : -1.244085 (0.003323)
energy : -0.481970 (0.000495)

kinetic : 0.762275 (0.003557)
potential : -1.244223 (0.003320)
energy : -0.481948 (0.000494)

kinetic : 0.762091 (0.003555)
potential : -1.244075 (0.003317)
energy : -0.481984 (0.000495)

kinetic : 0.762227 (0.003552)
potential : -1.244164 (0.003312)
energy : -0.481937 (0.000496)

kinetic : 0.762276 (0.003546)
potential : -1.244208 (0.003307)
energy : -0.481932 (0.000495)

kinetic : 0.762210 (0.003540)
potential : -1.244134 (0.003302)
energy : -0.481924 (0.000494)

kinetic : 0.762380 (0.003538)
potential : -1.244280 (0.003299)
energy : -0.481900 (0.000494)

kinetic : 0.762319 (0.003532)
potential : -1.244233 (0.003293)
energy : -0.481914 (0.000493)

kinetic : 0.762597 (0.003536)
potential : -1.244482 (0.003297)
energy : -0.481885 (0.000493)

kinetic : 0.762577 (0.003530)
potential : -1.244479 (0.003291)
energy : -0.481901 (0.000493)

kinetic : 0.762904 (0.003539)
potential : -1.244800 (0.003301)
energy : -0.481896 (0.000492)

kinetic : 0.763124 (0.003540)
potential : -1.245001 (0.003301)
energy : -0.481878 (0.000491)

kinetic : 0.763206 (0.003534)
potential : -1.245075 (0.003296)
energy : -0.481869 (0.000491)

kinetic : 0.763192 (0.003528)
potential : -1.245046 (0.003290)
energy : -0.481853 (0.000490)

kinetic : 0.763288 (0.003523)
potential : -1.245109 (0.003285)
energy : -0.481822 (0.000490)

kinetic : 0.763179 (0.003518)
potential : -1.244999 (0.003281)
energy : -0.481820 (0.000489)

kinetic : 0.763082 (0.003514)
potential : -1.244885 (0.003277)
energy : -0.481803 (0.000489)

kinetic : 0.762937 (0.003510)
potential : -1.244763 (0.003274)
energy : -0.481826 (0.000488)

kinetic : 0.762797 (0.003507)
potential : -1.244630 (0.003271)
energy : -0.481834 (0.000488)

kinetic : 0.762654 (0.003504)
potential : -1.244498 (0.003268)
energy : -0.481844 (0.000487)

kinetic : 0.762810 (0.003501)
potential : -1.244623 (0.003264)
energy : -0.481813 (0.000487)

kinetic : 0.762882 (0.003496)
potential : -1.244676 (0.003259)
energy : -0.481793 (0.000486)

kinetic : 0.762962 (0.003491)
potential : -1.244741 (0.003254)
energy : -0.481779 (0.000486)

kinetic : 0.763246 (0.003496)
potential : -1.245035 (0.003262)
energy : -0.481789 (0.000485)

kinetic : 0.762958 (0.003502)
potential : -1.244763 (0.003267)
energy : -0.481805 (0.000484)

kinetic : 0.763023 (0.003496)
potential : -1.244837 (0.003263)
energy : -0.481815 (0.000484)

kinetic : 0.763044 (0.003490)
potential : -1.244836 (0.003257)
energy : -0.481792 (0.000483)

kinetic : 0.762971 (0.003485)
potential : -1.244789 (0.003252)
energy : -0.481818 (0.000483)

kinetic : 0.762765 (0.003485)
potential : -1.244592 (0.003252)
energy : -0.481826 (0.000483)

kinetic : 0.762576 (0.003484)
potential : -1.244437 (0.003250)
energy : -0.481860 (0.000483)

kinetic : 0.762638 (0.003479)
potential : -1.244538 (0.003246)
energy : -0.481900 (0.000484)

kinetic : 0.762513 (0.003475)
potential : -1.244440 (0.003242)
energy : -0.481928 (0.000484)

kinetic : 0.762440 (0.003470)
potential : -1.244388 (0.003237)
energy : -0.481949 (0.000483)

kinetic : 0.762267 (0.003468)
potential : -1.244235 (0.003235)
energy : -0.481968 (0.000483)

kinetic : 0.762308 (0.003463)
potential : -1.244329 (0.003231)
energy : -0.482021 (0.000485)

kinetic : 0.762291 (0.003457)
potential : -1.244286 (0.003226)
energy : -0.481995 (0.000485)

kinetic : 0.762398 (0.003453)
potential : -1.244367 (0.003221)
energy : -0.481969 (0.000485)

kinetic : 0.762269 (0.003449)
potential : -1.244260 (0.003217)
energy : -0.481991 (0.000484)

kinetic : 0.762095 (0.003448)
potential : -1.244107 (0.003216)
energy : -0.482012 (0.000484)

kinetic : 0.762191 (0.003443)
potential : -1.244194 (0.003211)
energy : -0.482002 (0.000483)

kinetic : 0.762140 (0.003438)
potential : -1.244136 (0.003206)
energy : -0.481997 (0.000482)

kinetic : 0.762164 (0.003432)
potential : -1.244122 (0.003201)
energy : -0.481958 (0.000483)

kinetic : 0.762164 (0.003426)
potential : -1.244100 (0.003196)
energy : -0.481936 (0.000483)

kinetic : 0.762112 (0.003421)
potential : -1.244108 (0.003190)
energy : -0.481997 (0.000486)

kinetic : 0.762027 (0.003416)
potential : -1.244022 (0.003186)
energy : -0.481995 (0.000485)

kinetic : 0.761944 (0.003411)
potential : -1.243952 (0.003182)
energy : -0.482008 (0.000484)

kinetic : 0.762047 (0.003407)
potential : -1.244081 (0.003179)
energy : -0.482034 (0.000484)

kinetic : 0.761935 (0.003403)
potential : -1.243979 (0.003175)
energy : -0.482044 (0.000484)

kinetic : 0.761983 (0.003398)
potential : -1.244027 (0.003170)
energy : -0.482044 (0.000483)

kinetic : 0.762130 (0.003396)
potential : -1.244160 (0.003168)
energy : -0.482030 (0.000482)

kinetic : 0.762119 (0.003390)
potential : -1.244123 (0.003163)
energy : -0.482004 (0.000482)

kinetic : 0.762357 (0.003393)
potential : -1.244378 (0.003168)
energy : -0.482021 (0.000482)

kinetic : 0.762362 (0.003387)
potential : -1.244376 (0.003163)
energy : -0.482014 (0.000481)

kinetic : 0.762241 (0.003384)
potential : -1.244267 (0.003159)
energy : -0.482026 (0.000480)

kinetic : 0.762322 (0.003379)
potential : -1.244318 (0.003154)
energy : -0.481996 (0.000480)

kinetic : 0.762255 (0.003374)
potential : -1.244251 (0.003150)
energy : -0.481996 (0.000480)

kinetic : 0.762733 (0.003402)
potential : -1.244719 (0.003179)
energy : -0.481986 (0.000479)

kinetic : 0.762636 (0.003398)
potential : -1.244645 (0.003175)
energy : -0.482009 (0.000479)

kinetic : 0.762668 (0.003393)
potential : -1.244679 (0.003170)
energy : -0.482011 (0.000478)

kinetic : 0.762755 (0.003388)
potential : -1.244781 (0.003166)
energy : -0.482026 (0.000477)

kinetic : 0.762933 (0.003387)
potential : -1.244940 (0.003165)
energy : -0.482007 (0.000477)

kinetic : 0.762857 (0.003383)
potential : -1.244866 (0.003161)
energy : -0.482009 (0.000476)

kinetic : 0.762951 (0.003379)
potential : -1.244935 (0.003157)
energy : -0.481984 (0.000476)

kinetic : 0.762873 (0.003374)
potential : -1.244838 (0.003153)
energy : -0.481965 (0.000476)

kinetic : 0.762681 (0.003374)
potential : -1.244687 (0.003151)
energy : -0.482006 (0.000477)

kinetic : 0.762694 (0.003368)
potential : -1.244693 (0.003146)
energy : -0.481999 (0.000476)

kinetic : 0.762594 (0.003365)
potential : -1.244617 (0.003142)
energy : -0.482023 (0.000476)

kinetic : 0.762697 (0.003361)
potential : -1.244705 (0.003138)
energy : -0.482009 (0.000475)

kinetic : 0.762481 (0.003362)
potential : -1.244500 (0.003140)
energy : -0.482019 (0.000475)

kinetic : 0.762667 (0.003362)
potential : -1.244662 (0.003139)
energy : -0.481995 (0.000474)

kinetic : 0.762701 (0.003357)
potential : -1.244676 (0.003134)
energy : -0.481975 (0.000474)

kinetic : 0.762654 (0.003352)
potential : -1.244634 (0.003129)
energy : -0.481980 (0.000473)

kinetic : 0.762696 (0.003346)
potential : -1.244659 (0.003124)
energy : -0.481963 (0.000473)

kinetic : 0.762622 (0.003342)
potential : -1.244578 (0.003120)
energy : -0.481956 (0.000472)

kinetic : 0.762463 (0.003340)
potential : -1.244412 (0.003120)
energy : -0.481950 (0.000471)

kinetic : 0.762449 (0.003335)
potential : -1.244401 (0.003115)
energy : -0.481952 (0.000471)

kinetic : 0.762394 (0.003330)
potential : -1.244352 (0.003110)
energy : -0.481958 (0.000470)

kinetic : 0.762267 (0.003327)
potential : -1.244204 (0.003109)
energy : -0.481936 (0.000470)

kinetic : 0.762277 (0.003322)
potential : -1.244221 (0.003104)
energy : -0.481944 (0.000469)

kinetic : 0.762286 (0.003317)
potential : -1.244228 (0.003099)
energy : -0.481942 (0.000468)

kinetic : 0.762374 (0.003313)
potential : -1.244288 (0.003095)
energy : -0.481914 (0.000468)

kinetic : 0.762199 (0.003312)
potential : -1.244139 (0.003094)
energy : -0.481940 (0.000468)

kinetic : 0.762256 (0.003307)
potential : -1.244177 (0.003089)
energy : -0.481920 (0.000468)

kinetic : 0.762298 (0.003302)
potential : -1.244208 (0.003084)
energy : -0.481909 (0.000467)

kinetic : 0.762220 (0.003298)
potential : -1.244123 (0.003081)
energy : -0.481903 (0.000467)

kinetic : 0.762406 (0.003298)
potential : -1.244263 (0.003079)
energy : -0.481857 (0.000468)

kinetic : 0.762433 (0.003293)
potential : -1.244279 (0.003074)
energy : -0.481846 (0.000468)

kinetic : 0.762331 (0.003290)
potential : -1.244174 (0.003071)
energy : -0.481842 (0.000467)

kinetic : 0.762313 (0.003284)
potential : -1.244155 (0.003066)
energy : -0.481842 (0.000466)

kinetic : 0.762829 (0.003320)
potential : -1.244664 (0.003104)
energy : -0.481835 (0.000465)

kinetic : 0.763017 (0.003320)
potential : -1.244841 (0.003104)
energy : -0.481825 (0.000465)

kinetic : 0.762935 (0.003316)
potential : -1.244775 (0.003100)
energy : -0.481840 (0.000464)

kinetic : 0.762842 (0.003312)
potential : -1.244691 (0.003096)
energy : -0.481849 (0.000464)

kinetic : 0.762658 (0.003312)
potential : -1.244520 (0.003096)
energy : -0.481862 (0.000463)

kinetic : 0.762648 (0.003307)
potential : -1.244492 (0.003091)
energy : -0.481844 (0.000463)

kinetic : 0.762633 (0.003302)
potential : -1.244483 (0.003087)
energy : -0.481850 (0.000462)

kinetic : 0.762582 (0.003297)
potential : -1.244450 (0.003082)
energy : -0.481868 (0.000462)

kinetic : 0.762567 (0.003292)
potential : -1.244448 (0.003077)
energy : -0.481880 (0.000461)

kinetic : 0.762581 (0.003287)
potential : -1.244442 (0.003072)
energy : -0.481860 (0.000461)

kinetic : 0.762394 (0.003287)
potential : -1.244246 (0.003074)
energy : -0.481853 (0.000460)

kinetic : 0.762441 (0.003282)
potential : -1.244262 (0.003069)
energy : -0.481821 (0.000461)

kinetic : 0.762392 (0.003278)
potential : -1.244220 (0.003065)
energy : -0.481828 (0.000460)

kinetic : 0.762237 (0.003276)
potential : -1.244064 (0.003064)
energy : -0.481827 (0.000459)

kinetic : 0.762123 (0.003273)
potential : -1.243958 (0.003061)
energy : -0.481835 (0.000459)

kinetic : 0.761963 (0.003272)
potential : -1.243835 (0.003059)
energy : -0.481872 (0.000460)

kinetic : 0.761829 (0.003270)
potential : -1.243741 (0.003056)
energy : -0.481912 (0.000461)

kinetic : 0.761708 (0.003267)
potential : -1.243630 (0.003053)
energy : -0.481922 (0.000460)

kinetic : 0.761579 (0.003265)
potential : -1.243528 (0.003050)
energy : -0.481949 (0.000460)

kinetic : 0.761490 (0.003261)
potential : -1.243456 (0.003047)
energy : -0.481966 (0.000460)

kinetic : 0.761488 (0.003256)
potential : -1.243507 (0.003042)
energy : -0.482019 (0.000462)

kinetic : 0.761490 (0.003251)
potential : -1.243508 (0.003038)
energy : -0.482018 (0.000461)

kinetic : 0.761540 (0.003247)
potential : -1.243557 (0.003034)
energy : -0.482017 (0.000461)

kinetic : 0.761462 (0.003243)
potential : -1.243492 (0.003030)
energy : -0.482030 (0.000460)

kinetic : 0.761410 (0.003238)
potential : -1.243448 (0.003025)
energy : -0.482039 (0.000459)

kinetic : 0.761323 (0.003235)
potential : -1.243377 (0.003022)
energy : -0.482055 (0.000459)

kinetic : 0.761422 (0.003231)
potential : -1.243482 (0.003019)
energy : -0.482060 (0.000458)

kinetic : 0.761432 (0.003227)
potential : -1.243470 (0.003014)
energy : -0.482038 (0.000458)

kinetic : 0.761476 (0.003222)
potential : -1.243500 (0.003010)
energy : -0.482024 (0.000458)

kinetic : 0.761562 (0.003218)
potential : -1.243594 (0.003007)
energy : -0.482032 (0.000457)

kinetic : 0.761771 (0.003220)
potential : -1.243788 (0.003009)
energy : -0.482017 (0.000457)

kinetic : 0.761753 (0.003216)
potential : -1.243758 (0.003005)
energy : -0.482004 (0.000456)

kinetic : 0.761843 (0.003212)
potential : -1.243853 (0.003002)
energy : -0.482010 (0.000456)

kinetic : 0.761653 (0.003213)
potential : -1.243685 (0.003002)
energy : -0.482032 (0.000455)

kinetic : 0.761868 (0.003215)
potential : -1.243877 (0.003004)
energy : -0.482009 (0.000455)

kinetic : 0.761710 (0.003214)
potential : -1.243732 (0.003003)
energy : -0.482022 (0.000455)

kinetic : 0.761741 (0.003210)
potential : -1.243793 (0.002999)
energy : -0.482052 (0.000455)

kinetic : 0.761564 (0.003210)
potential : -1.243638 (0.002998)
energy : -0.482074 (0.000455)

kinetic : 0.761559 (0.003205)
potential : -1.243618 (0.002994)
energy : -0.482059 (0.000455)

kinetic : 0.761490 (0.003201)
potential : -1.243559 (0.002990)
energy : -0.482069 (0.000454)

kinetic : 0.761302 (0.003202)
potential : -1.243409 (0.002990)
energy : -0.482107 (0.000455)

kinetic : 0.761632 (0.003214)
potential : -1.243740 (0.003003)
energy : -0.482108 (0.000454)

kinetic : 0.761707 (0.003211)
potential : -1.243813 (0.003000)
energy : -0.482106 (0.000454)

kinetic : 0.761608 (0.003207)
potential : -1.243720 (0.002997)
energy : -0.482112 (0.000453)

kinetic : 0.761593 (0.003203)
potential : -1.243676 (0.002993)
energy : -0.482083 (0.000453)

kinetic : 0.761669 (0.003199)
potential : -1.243747 (0.002989)
energy : -0.482079 (0.000453)

kinetic : 0.761629 (0.003195)
potential : -1.243697 (0.002985)
energy : -0.482068 (0.000452)

kinetic : 0.761799 (0.003195)
potential : -1.243839 (0.002985)
energy : -0.482040 (0.000452)

kinetic : 0.761800 (0.003190)
potential : -1.243833 (0.002980)
energy : -0.482034 (0.000452)

kinetic : 0.761863 (0.003186)
potential : -1.243914 (0.002977)
energy : -0.482051 (0.000451)

kinetic : 0.761852 (0.003181)
potential : -1.243902 (0.002973)
energy : -0.482050 (0.000451)

kinetic : 0.761711 (0.003180)
potential : -1.243753 (0.002972)
energy : -0.482042 (0.000450)

kinetic : 0.761541 (0.003180)
potential : -1.243619 (0.002971)
energy : -0.482079 (0.000451)

kinetic : 0.761502 (0.003175)
potential : -1.243589 (0.002967)
energy : -0.482087 (0.000450)

kinetic : 0.761390 (0.003173)
potential : -1.243502 (0.002964)
energy : -0.482113 (0.000450)

kinetic : 0.761366 (0.003168)
potential : -1.243490 (0.002959)
energy : -0.482124 (0.000450)

kinetic : 0.761420 (0.003164)
potential : -1.243525 (0.002955)
energy : -0.482105 (0.000450)

kinetic : 0.761489 (0.003160)
potential : -1.243594 (0.002952)
energy : -0.482105 (0.000449)

kinetic : 0.761358 (0.003159)
potential : -1.243487 (0.002950)
energy : -0.482130 (0.000449)

kinetic : 0.761296 (0.003155)
potential : -1.243427 (0.002946)
energy : -0.482131 (0.000448)

kinetic : 0.761357 (0.003151)
potential : -1.243505 (0.002943)
energy : -0.482148 (0.000448)

kinetic : 0.761393 (0.003147)
potential : -1.243528 (0.002939)
energy : -0.482135 (0.000448)

kinetic : 0.761426 (0.003142)
potential : -1.243572 (0.002935)
energy : -0.482146 (0.000447)

kinetic : 0.761595 (0.003142)
potential : -1.243727 (0.002935)
energy : -0.482132 (0.000447)

kinetic : 0.761454 (0.003141)
potential : -1.243602 (0.002933)
energy : -0.482149 (0.000446)

kinetic : 0.761354 (0.003138)
potential : -1.243499 (0.002931)
energy : -0.482145 (0.000446)

kinetic : 0.761338 (0.003134)
potential : -1.243504 (0.002927)
energy : -0.482165 (0.000446)

kinetic : 0.761378 (0.003130)
potential : -1.243531 (0.002923)
energy : -0.482153 (0.000445)

kinetic : 0.761500 (0.003128)
potential : -1.243624 (0.002920)
energy : -0.482123 (0.000446)

kinetic : 0.761438 (0.003124)
potential : -1.243569 (0.002917)
energy : -0.482131 (0.000445)

kinetic : 0.761583 (0.003123)
potential : -1.243708 (0.002916)
energy : -0.482125 (0.000444)

kinetic : 0.761440 (0.003122)
potential : -1.243569 (0.002915)
energy : -0.482129 (0.000444)

kinetic : 0.761419 (0.003117)
potential : -1.243525 (0.002911)
energy : -0.482106 (0.000444)

kinetic : 0.761441 (0.003113)
potential : -1.243566 (0.002908)
energy : -0.482126 (0.000444)

kinetic : 0.761567 (0.003111)
potential : -1.243680 (0.002906)
energy : -0.482113 (0.000443)

kinetic : 0.761440 (0.003110)
potential : -1.243592 (0.002903)
energy : -0.482152 (0.000444)

kinetic : 0.761480 (0.003105)
potential : -1.243619 (0.002899)
energy : -0.482139 (0.000444)

kinetic : 0.761477 (0.003101)
potential : -1.243609 (0.002895)
energy : -0.482133 (0.000443)

kinetic : 0.761414 (0.003097)
potential : -1.243567 (0.002891)
energy : -0.482154 (0.000443)

kinetic : 0.761334 (0.003094)
potential : -1.243492 (0.002888)
energy : -0.482158 (0.000442)

kinetic : 0.761310 (0.003090)
potential : -1.243457 (0.002885)
energy : -0.482147 (0.000442)

kinetic : 0.761415 (0.003087)
potential : -1.243571 (0.002883)
energy : -0.482156 (0.000441)

kinetic : 0.761264 (0.003087)
potential : -1.243433 (0.002882)
energy : -0.482169 (0.000441)

kinetic : 0.761161 (0.003084)
potential : -1.243327 (0.002880)
energy : -0.482166 (0.000440)

kinetic : 0.761034 (0.003083)
potential : -1.243213 (0.002878)
energy : -0.482179 (0.000440)

kinetic : 0.760966 (0.003079)
potential : -1.243151 (0.002875)
energy : -0.482186 (0.000439)

kinetic : 0.760924 (0.003075)
potential : -1.243101 (0.002872)
energy : -0.482177 (0.000439)

kinetic : 0.760987 (0.003072)
potential : -1.243162 (0.002868)
energy : -0.482175 (0.000438)

kinetic : 0.760959 (0.003068)
potential : -1.243127 (0.002865)
energy : -0.482168 (0.000438)

kinetic : 0.760842 (0.003066)
potential : -1.243030 (0.002862)
energy : -0.482188 (0.000438)

kinetic : 0.760846 (0.003061)
potential : -1.243054 (0.002858)
energy : -0.482208 (0.000437)

kinetic : 0.760707 (0.003060)
potential : -1.242926 (0.002857)
energy : -0.482219 (0.000437)

kinetic : 0.760843 (0.003059)
potential : -1.243044 (0.002856)
energy : -0.482201 (0.000437)

kinetic : 0.760870 (0.003055)
potential : -1.243073 (0.002852)
energy : -0.482203 (0.000436)

kinetic : 0.760964 (0.003052)
potential : -1.243157 (0.002850)
energy : -0.482193 (0.000436)

kinetic : 0.760930 (0.003049)
potential : -1.243124 (0.002846)
energy : -0.482193 (0.000435)

kinetic : 0.760855 (0.003045)
potential : -1.243023 (0.002844)
energy : -0.482168 (0.000435)

kinetic : 0.760915 (0.003042)
potential : -1.243092 (0.002841)
energy : -0.482177 (0.000435)

kinetic : 0.761037 (0.003040)
potential : -1.243170 (0.002838)
energy : -0.482133 (0.000436)

kinetic : 0.760963 (0.003037)
potential : -1.243112 (0.002835)
energy : -0.482149 (0.000436)

kinetic : 0.760907 (0.003033)
potential : -1.243048 (0.002832)
energy : -0.482141 (0.000436)

kinetic : 0.760847 (0.003030)
potential : -1.242998 (0.002828)
energy : -0.482152 (0.000435)

kinetic : 0.760882 (0.003026)
potential : -1.243032 (0.002825)
energy : -0.482149 (0.000434)

kinetic : 0.760977 (0.003023)
potential : -1.243106 (0.002822)
energy : -0.482129 (0.000434)

kinetic : 0.760900 (0.003020)
potential : -1.243037 (0.002819)
energy : -0.482137 (0.000434)

kinetic : 0.760956 (0.003017)
potential : -1.243089 (0.002816)
energy : -0.482132 (0.000433)

kinetic : 0.761038 (0.003014)
potential : -1.243186 (0.002813)
energy : -0.482148 (0.000433)

kinetic : 0.761115 (0.003011)
potential : -1.243246 (0.002810)
energy : -0.482131 (0.000433)

kinetic : 0.760977 (0.003010)
potential : -1.243117 (0.002810)
energy : -0.482140 (0.000432)

kinetic : 0.761045 (0.003007)
potential : -1.243147 (0.002806)
energy : -0.482102 (0.000433)

kinetic : 0.761042 (0.003003)
potential : -1.243136 (0.002802)
energy : -0.482094 (0.000433)

kinetic : 0.760989 (0.002999)
potential : -1.243064 (0.002799)
energy : -0.482075 (0.000433)

kinetic : 0.761079 (0.002997)
potential : -1.243183 (0.002798)
energy : -0.482104 (0.000433)

kinetic : 0.761065 (0.002993)
potential : -1.243182 (0.002795)
energy : -0.482117 (0.000433)

kinetic : 0.760794 (0.003001)
potential : -1.242942 (0.002801)
energy : -0.482148 (0.000433)

kinetic : 0.760725 (0.002998)
potential : -1.242874 (0.002798)
energy : -0.482149 (0.000433)

kinetic : 0.760579 (0.002997)
potential : -1.242771 (0.002796)
energy : -0.482192 (0.000434)

kinetic : 0.760645 (0.002994)
potential : -1.242856 (0.002794)
energy : -0.482211 (0.000434)

kinetic : 0.760606 (0.002990)
potential : -1.242806 (0.002791)
energy : -0.482201 (0.000434)

kinetic : 0.760752 (0.002990)
potential : -1.242943 (0.002790)
energy : -0.482191 (0.000433)

kinetic : 0.760694 (0.002987)
potential : -1.242875 (0.002788)
energy : -0.482181 (0.000433)

kinetic : 0.760610 (0.002984)
potential : -1.242795 (0.002785)
energy : -0.482184 (0.000432)

kinetic : 0.760619 (0.002980)
potential : -1.242796 (0.002781)
energy : -0.482177 (0.000432)

kinetic : 0.760471 (0.002980)
potential : -1.242658 (0.002781)
energy : -0.482187 (0.000431)

kinetic : 0.760499 (0.002976)
potential : -1.242698 (0.002778)
energy : -0.482199 (0.000431)

kinetic : 0.760448 (0.002972)
potential : -1.242622 (0.002775)
energy : -0.482174 (0.000431)

kinetic : 0.760449 (0.002969)
potential : -1.242608 (0.002772)
energy : -0.482159 (0.000431)

kinetic : 0.760619 (0.002970)
potential : -1.242774 (0.002773)
energy : -0.482156 (0.000430)

kinetic : 0.760673 (0.002966)
potential : -1.242794 (0.002769)
energy : -0.482120 (0.000431)

kinetic : 0.760738 (0.002963)
potential : -1.242839 (0.002766)
energy : -0.482101 (0.000431)

kinetic : 0.760903 (0.002964)
potential : -1.242991 (0.002767)
energy : -0.482088 (0.000431)

kinetic : 0.760827 (0.002961)
potential : -1.242914 (0.002764)
energy : -0.482086 (0.000430)

kinetic : 0.760749 (0.002958)
potential : -1.242840 (0.002762)
energy : -0.482091 (0.000429)

kinetic : 0.760806 (0.002955)
potential : -1.242894 (0.002759)
energy : -0.482087 (0.000429)

kinetic : 0.760852 (0.002951)
potential : -1.242947 (0.002756)
energy : -0.482095 (0.000428)

kinetic : 0.760875 (0.002948)
potential : -1.242968 (0.002752)
energy : -0.482092 (0.000428)

kinetic : 0.760989 (0.002946)
potential : -1.243064 (0.002750)
energy : -0.482076 (0.000428)

kinetic : 0.760895 (0.002944)
potential : -1.242979 (0.002748)
energy : -0.482084 (0.000427)

kinetic : 0.760835 (0.002941)
potential : -1.242941 (0.002745)
energy : -0.482106 (0.000427)

kinetic : 0.760815 (0.002937)
potential : -1.242921 (0.002741)
energy : -0.482106 (0.000427)

kinetic : 0.760747 (0.002934)
potential : -1.242867 (0.002738)
energy : -0.482120 (0.000426)

kinetic : 0.760848 (0.002932)
potential : -1.242948 (0.002736)
energy : -0.482099 (0.000426)

kinetic : 0.760780 (0.002929)
potential : -1.242887 (0.002733)
energy : -0.482107 (0.000426)

kinetic : 0.760764 (0.002925)
potential : -1.242861 (0.002730)
energy : -0.482097 (0.000425)

kinetic : 0.760715 (0.002922)
potential : -1.242820 (0.002727)
energy : -0.482106 (0.000425)

kinetic : 0.760667 (0.002919)
potential : -1.242802 (0.002723)
energy : -0.482135 (0.000425)

kinetic : 0.760664 (0.002915)
potential : -1.242789 (0.002720)
energy : -0.482125 (0.000425)

kinetic : 0.760917 (0.002922)
potential : -1.243033 (0.002727)
energy : -0.482117 (0.000425)

kinetic : 0.760764 (0.002923)
potential : -1.242872 (0.002729)
energy : -0.482109 (0.000424)

kinetic : 0.760820 (0.002919)
potential : -1.242912 (0.002726)
energy : -0.482092 (0.000424)

kinetic : 0.760819 (0.002916)
potential : -1.242913 (0.002722)
energy : -0.482094 (0.000423)

kinetic : 0.760859 (0.002912)
potential : -1.242970 (0.002719)
energy : -0.482111 (0.000423)

kinetic : 0.760874 (0.002909)
potential : -1.242982 (0.002716)
energy : -0.482108 (0.000423)

kinetic : 0.760783 (0.002906)
potential : -1.242900 (0.002714)
energy : -0.482117 (0.000422)

kinetic : 0.760879 (0.002904)
potential : -1.242988 (0.002712)
energy : -0.482109 (0.000422)

kinetic : 0.760748 (0.002904)
potential : -1.242860 (0.002711)
energy : -0.482113 (0.000421)

kinetic : 0.760683 (0.002901)
potential : -1.242801 (0.002709)
energy : -0.482117 (0.000421)

kinetic : 0.760526 (0.002901)
potential : -1.242684 (0.002708)
energy : -0.482158 (0.000422)

kinetic : 0.760492 (0.002898)
potential : -1.242653 (0.002704)
energy : -0.482160 (0.000422)

kinetic : 0.760657 (0.002899)
potential : -1.242790 (0.002705)
energy : -0.482133 (0.000422)

kinetic : 0.760645 (0.002895)
potential : -1.242776 (0.002701)
energy : -0.482130 (0.000421)

kinetic : 0.760567 (0.002893)
potential : -1.242701 (0.002699)
energy : -0.482134 (0.000421)

kinetic : 0.760483 (0.002890)
potential : -1.242631 (0.002696)
energy : -0.482149 (0.000421)

kinetic : 0.760502 (0.002887)
potential : -1.242656 (0.002693)
energy : -0.482153 (0.000420)

kinetic : 0.760534 (0.002883)
potential : -1.242680 (0.002690)
energy : -0.482145 (0.000420)

kinetic : 0.760521 (0.002880)
potential : -1.242659 (0.002687)
energy : -0.482138 (0.000419)

kinetic : 0.760530 (0.002876)
potential : -1.242650 (0.002683)
energy : -0.482120 (0.000419)

kinetic : 0.760461 (0.002874)
potential : -1.242606 (0.002680)
energy : -0.482145 (0.000419)

kinetic : 0.760717 (0.002882)
potential : -1.242821 (0.002686)
energy : -0.482104 (0.000421)

kinetic : 0.760728 (0.002878)
potential : -1.242818 (0.002682)
energy : -0.482089 (0.000421)

kinetic : 0.760709 (0.002874)
potential : -1.242824 (0.002679)
energy : -0.482114 (0.000421)

kinetic : 0.760694 (0.002871)
potential : -1.242787 (0.002676)
energy : -0.482094 (0.000421)

kinetic : 0.760695 (0.002867)
potential : -1.242787 (0.002673)
energy : -0.482093 (0.000420)

kinetic : 0.760576 (0.002866)
potential : -1.242673 (0.002672)
energy : -0.482098 (0.000420)

kinetic : 0.760514 (0.002864)
potential : -1.242627 (0.002669)
energy : -0.482113 (0.000420)

kinetic : 0.760432 (0.002861)
potential : -1.242558 (0.002667)
energy : -0.482126 (0.000419)

kinetic : 0.760404 (0.002858)
potential : -1.242532 (0.002664)
energy : -0.482128 (0.000419)

kinetic : 0.760573 (0.002859)
potential : -1.242674 (0.002664)
energy : -0.482101 (0.000419)

kinetic : 0.760442 (0.002859)
potential : -1.242551 (0.002664)
energy : -0.482109 (0.000419)

kinetic : 0.760623 (0.002861)
potential : -1.242725 (0.002666)
energy : -0.482102 (0.000418)

kinetic : 0.760700 (0.002859)
potential : -1.242808 (0.002664)
energy : -0.482109 (0.000418)

kinetic : 0.760630 (0.002856)
potential : -1.242743 (0.002662)
energy : -0.482113 (0.000417)

kinetic : 0.760867 (0.002862)
potential : -1.242956 (0.002667)
energy : -0.482089 (0.000417)

kinetic : 0.760806 (0.002859)
potential : -1.242894 (0.002664)
energy : -0.482088 (0.000417)

kinetic : 0.761348 (0.002907)
potential : -1.243448 (0.002718)
energy : -0.482100 (0.000417)

kinetic : 0.761407 (0.002904)
potential : -1.243487 (0.002715)
energy : -0.482080 (0.000417)

kinetic : 0.761561 (0.002904)
potential : -1.243615 (0.002715)
energy : -0.482055 (0.000417)

kinetic : 0.761427 (0.002904)
potential : -1.243499 (0.002714)
energy : -0.482071 (0.000417)

kinetic : 0.761454 (0.002901)
potential : -1.243521 (0.002711)
energy : -0.482066 (0.000416)

kinetic : 0.761391 (0.002898)
potential : -1.243457 (0.002709)
energy : -0.482066 (0.000416)

kinetic : 0.761481 (0.002896)
potential : -1.243514 (0.002706)
energy : -0.482033 (0.000417)

kinetic : 0.761580 (0.002894)
potential : -1.243607 (0.002704)
energy : -0.482027 (0.000416)

kinetic : 0.761791 (0.002898)
potential : -1.243799 (0.002708)
energy : -0.482007 (0.000416)

kinetic : 0.761822 (0.002895)
potential : -1.243828 (0.002705)
energy : -0.482005 (0.000416)

kinetic : 0.761928 (0.002893)
potential : -1.243907 (0.002703)
energy : -0.481980 (0.000416)

kinetic : 0.761948 (0.002890)
potential : -1.243923 (0.002699)
energy : -0.481975 (0.000415)

kinetic : 0.761894 (0.002887)
potential : -1.243878 (0.002697)
energy : -0.481985 (0.000415)

kinetic : 0.761974 (0.002885)
potential : -1.243934 (0.002694)
energy : -0.481960 (0.000415)

kinetic : 0.761840 (0.002884)
potential : -1.243801 (0.002694)
energy : -0.481961 (0.000415)

kinetic : 0.761770 (0.002882)
potential : -1.243763 (0.002691)
energy : -0.481993 (0.000416)

kinetic : 0.761625 (0.002882)
potential : -1.243636 (0.002691)
energy : -0.482011 (0.000415)

kinetic : 0.761522 (0.002880)
potential : -1.243556 (0.002689)
energy : -0.482033 (0.000416)

kinetic : 0.761348 (0.002882)
potential : -1.243387 (0.002691)
energy : -0.482040 (0.000415)

kinetic : 0.761622 (0.002892)
potential : -1.243667 (0.002702)
energy : -0.482045 (0.000415)

kinetic : 0.761584 (0.002889)
potential : -1.243639 (0.002699)
energy : -0.482055 (0.000414)

kinetic : 0.761623 (0.002886)
potential : -1.243684 (0.002696)
energy : -0.482061 (0.000414)

kinetic : 0.761631 (0.002882)
potential : -1.243680 (0.002693)
energy : -0.482049 (0.000413)

kinetic : 0.761561 (0.002880)
potential : -1.243621 (0.002691)
energy : -0.482060 (0.000413)

kinetic : 0.761611 (0.002877)
potential : -1.243680 (0.002688)
energy : -0.482069 (0.000413)

kinetic : 0.761929 (0.002891)
potential : -1.243988 (0.002703)
energy : -0.482059 (0.000412)

kinetic : 0.761927 (0.002887)
potential : -1.243979 (0.002699)
energy : -0.482052 (0.000412)

kinetic : 0.761946 (0.002884)
potential : -1.244012 (0.002696)
energy : -0.482066 (0.000412)

kinetic : 0.761881 (0.002882)
potential : -1.243949 (0.002694)
energy : -0.482069 (0.000411)

kinetic : 0.761854 (0.002878)
potential : -1.243942 (0.002691)
energy : -0.482088 (0.000411)

kinetic : 0.761899 (0.002875)
potential : -1.243972 (0.002688)
energy : -0.482073 (0.000411)

kinetic : 0.761841 (0.002872)
potential : -1.243891 (0.002686)
energy : -0.482050 (0.000411)

kinetic : 0.761768 (0.002870)
potential : -1.243832 (0.002684)
energy : -0.482064 (0.000411)

kinetic : 0.761870 (0.002869)
potential : -1.243933 (0.002682)
energy : -0.482063 (0.000410)

kinetic : 0.761935 (0.002866)
potential : -1.243978 (0.002680)
energy : -0.482044 (0.000410)

kinetic : 0.761870 (0.002863)
potential : -1.243913 (0.002677)
energy : -0.482043 (0.000410)

kinetic : 0.761876 (0.002860)
potential : -1.243911 (0.002674)
energy : -0.482035 (0.000410)

kinetic : 0.761876 (0.002857)
potential : -1.243942 (0.002671)
energy : -0.482066 (0.000410)

kinetic : 0.761929 (0.002854)
potential : -1.243972 (0.002668)
energy : -0.482043 (0.000410)

kinetic : 0.761865 (0.002851)
potential : -1.243899 (0.002666)
energy : -0.482034 (0.000410)

kinetic : 0.761806 (0.002849)
potential : -1.243847 (0.002664)
energy : -0.482040 (0.000410)

kinetic : 0.761691 (0.002848)
potential : -1.243729 (0.002663)
energy : -0.482038 (0.000409)

kinetic : 0.761660 (0.002845)
potential : -1.243694 (0.002660)
energy : -0.482034 (0.000409)

kinetic : 0.761760 (0.002843)
potential : -1.243786 (0.002659)
energy : -0.482025 (0.000408)

kinetic : 0.761741 (0.002840)
potential : -1.243757 (0.002656)
energy : -0.482016 (0.000408)

kinetic : 0.761863 (0.002839)
potential : -1.243837 (0.002654)
energy : -0.481974 (0.000410)

kinetic : 0.761783 (0.002837)
potential : -1.243766 (0.002652)
energy : -0.481983 (0.000409)

kinetic : 0.761843 (0.002834)
potential : -1.243836 (0.002650)
energy : -0.481993 (0.000409)

kinetic : 0.762008 (0.002836)
potential : -1.243983 (0.002651)
energy : -0.481975 (0.000409)

kinetic : 0.761965 (0.002833)
potential : -1.243929 (0.002648)
energy : -0.481965 (0.000409)

kinetic : 0.761956 (0.002830)
potential : -1.243905 (0.002646)
energy : -0.481949 (0.000408)

kinetic : 0.761749 (0.002834)
potential : -1.243730 (0.002648)
energy : -0.481980 (0.000409)

kinetic : 0.761702 (0.002831)
potential : -1.243682 (0.002646)
energy : -0.481980 (0.000409)

kinetic : 0.761679 (0.002828)
potential : -1.243677 (0.002643)
energy : -0.481998 (0.000409)

kinetic : 0.761688 (0.002825)
potential : -1.243688 (0.002640)
energy : -0.482000 (0.000408)

kinetic : 0.761687 (0.002822)
potential : -1.243691 (0.002637)
energy : -0.482004 (0.000408)

kinetic : 0.761590 (0.002820)
potential : -1.243601 (0.002635)
energy : -0.482012 (0.000407)

kinetic : 0.761535 (0.002818)
potential : -1.243553 (0.002633)
energy : -0.482018 (0.000407)

kinetic : 0.761741 (0.002822)
potential : -1.243736 (0.002636)
energy : -0.481995 (0.000407)

kinetic : 0.761786 (0.002819)
potential : -1.243782 (0.002634)
energy : -0.481997 (0.000407)

kinetic : 0.761745 (0.002816)
potential : -1.243768 (0.002631)
energy : -0.482023 (0.000407)

kinetic : 0.761800 (0.002814)
potential : -1.243816 (0.002628)
energy : -0.482016 (0.000407)

kinetic : 0.761841 (0.002811)
potential : -1.243837 (0.002625)
energy : -0.481996 (0.000407)

kinetic : 0.761765 (0.002809)
potential : -1.243769 (0.002623)
energy : -0.482004 (0.000406)

kinetic : 0.761808 (0.002806)
potential : -1.243804 (0.002620)
energy : -0.481996 (0.000406)

kinetic : 0.761900 (0.002804)
potential : -1.243889 (0.002619)
energy : -0.481988 (0.000405)

kinetic : 0.761783 (0.002803)
potential : -1.243770 (0.002619)
energy : -0.481987 (0.000405)

kinetic : 0.761730 (0.002801)
potential : -1.243709 (0.002616)
energy : -0.481979 (0.000405)

kinetic : 0.761737 (0.002798)
potential : -1.243713 (0.002613)
energy : -0.481976 (0.000404)

kinetic : 0.761775 (0.002795)
potential : -1.243741 (0.002611)
energy : -0.481966 (0.000404)

kinetic : 0.761787 (0.002792)
potential : -1.243764 (0.002608)
energy : -0.481977 (0.000404)

kinetic : 0.761599 (0.002795)
potential : -1.243602 (0.002610)
energy : -0.482003 (0.000404)

kinetic : 0.761639 (0.002792)
potential : -1.243625 (0.002607)
energy : -0.481986 (0.000404)

kinetic : 0.761744 (0.002791)
potential : -1.243733 (0.002607)
energy : -0.481989 (0.000403)

kinetic : 0.761949 (0.002795)
potential : -1.243933 (0.002611)
energy : -0.481985 (0.000403)

kinetic : 0.761887 (0.002793)
potential : -1.243877 (0.002609)
energy : -0.481990 (0.000403)

kinetic : 0.761938 (0.002790)
potential : -1.243921 (0.002607)
energy : -0.481984 (0.000402)

kinetic : 0.762025 (0.002788)
potential : -1.244000 (0.002605)
energy : -0.481975 (0.000402)

kinetic : 0.761917 (0.002788)
potential : -1.243914 (0.002603)
energy : -0.481998 (0.000402)

kinetic : 0.761821 (0.002786)
potential : -1.243826 (0.002602)
energy : -0.482005 (0.000402)

kinetic : 0.761783 (0.002783)
potential : -1.243789 (0.002599)
energy : -0.482006 (0.000401)

kinetic : 0.761769 (0.002780)
potential : -1.243783 (0.002596)
energy : -0.482015 (0.000401)

kinetic : 0.761790 (0.002777)
potential : -1.243795 (0.002594)
energy : -0.482005 (0.000400)

kinetic : 0.761770 (0.002774)
potential : -1.243767 (0.002591)
energy : -0.481997 (0.000400)

kinetic : 0.761789 (0.002771)
potential : -1.243770 (0.002588)
energy : -0.481980 (0.000400)

kinetic : 0.761733 (0.002769)
potential : -1.243718 (0.002586)
energy : -0.481984 (0.000400)

kinetic : 0.762143 (0.002796)
potential : -1.244130 (0.002616)
energy : -0.481988 (0.000399)

kinetic : 0.762181 (0.002793)
potential : -1.244164 (0.002613)
energy : -0.481983 (0.000399)

kinetic : 0.762254 (0.002791)
potential : -1.244238 (0.002611)
energy : -0.481984 (0.000398)

kinetic : 0.762098 (0.002792)
potential : -1.244097 (0.002612)
energy : -0.481999 (0.000398)

kinetic : 0.761991 (0.002791)
potential : -1.244006 (0.002611)
energy : -0.482015 (0.000398)

kinetic : 0.762041 (0.002789)
potential : -1.244043 (0.002608)
energy : -0.482001 (0.000398)

kinetic : 0.761991 (0.002786)
potential : -1.243990 (0.002606)
energy : -0.481999 (0.000397)

kinetic : 0.761889 (0.002785)
potential : -1.243911 (0.002604)
energy : -0.482021 (0.000398)

kinetic : 0.762085 (0.002789)
potential : -1.244091 (0.002608)
energy : -0.482007 (0.000397)

kinetic : 0.762217 (0.002789)
potential : -1.244219 (0.002608)
energy : -0.482002 (0.000397)

kinetic : 0.762177 (0.002786)
potential : -1.244186 (0.002605)
energy : -0.482009 (0.000397)

kinetic : 0.762215 (0.002783)
potential : -1.244229 (0.002603)
energy : -0.482014 (0.000396)

kinetic : 0.762191 (0.002780)
potential : -1.244233 (0.002600)
energy : -0.482042 (0.000397)

kinetic : 0.762192 (0.002777)
potential : -1.244225 (0.002597)
energy : -0.482033 (0.000396)

kinetic : 0.762416 (0.002783)
potential : -1.244445 (0.002604)
energy : -0.482029 (0.000396)

kinetic : 0.762410 (0.002780)
potential : -1.244421 (0.002601)
energy : -0.482011 (0.000396)

kinetic : 0.762611 (0.002785)
potential : -1.244602 (0.002605)
energy : -0.481990 (0.000396)

kinetic : 0.762717 (0.002784)
potential : -1.244701 (0.002604)
energy : -0.481984 (0.000396)

kinetic : 0.762723 (0.002781)
potential : -1.244716 (0.002601)
energy : -0.481993 (0.000395)

kinetic : 0.762596 (0.002781)
potential : -1.244602 (0.002601)
energy : -0.482006 (0.000395)

kinetic : 0.762603 (0.002778)
potential : -1.244610 (0.002598)
energy : -0.482007 (0.000395)

kinetic : 0.762631 (0.002775)
potential : -1.244637 (0.002595)
energy : -0.482006 (0.000394)

kinetic : 0.762464 (0.002777)
potential : -1.244498 (0.002596)
energy : -0.482034 (0.000395)

kinetic : 0.762504 (0.002774)
potential : -1.244547 (0.002594)
energy : -0.482042 (0.000395)

kinetic : 0.762458 (0.002772)
potential : -1.244499 (0.002591)
energy : -0.482042 (0.000394)

kinetic : 0.762452 (0.002769)
potential : -1.244503 (0.002589)
energy : -0.482051 (0.000394)

kinetic : 0.762443 (0.002766)
potential : -1.244479 (0.002586)
energy : -0.482035 (0.000394)

kinetic : 0.762409 (0.002763)
potential : -1.244456 (0.002583)
energy : -0.482047 (0.000394)

kinetic : 0.762371 (0.002760)
potential : -1.244416 (0.002581)
energy : -0.482045 (0.000393)

kinetic : 0.762402 (0.002757)
potential : -1.244455 (0.002579)
energy : -0.482053 (0.000393)

kinetic : 0.762652 (0.002766)
potential : -1.244694 (0.002587)
energy : -0.482042 (0.000393)

kinetic : 0.762617 (0.002763)
potential : -1.244650 (0.002584)
energy : -0.482034 (0.000392)

kinetic : 0.762599 (0.002760)
potential : -1.244639 (0.002582)
energy : -0.482041 (0.000392)

kinetic : 0.762613 (0.002757)
potential : -1.244658 (0.002579)
energy : -0.482045 (0.000391)

kinetic : 0.762724 (0.002757)
potential : -1.244761 (0.002578)
energy : -0.482037 (0.000391)

kinetic : 0.762644 (0.002755)
potential : -1.244691 (0.002577)
energy : -0.482046 (0.000391)

kinetic : 0.762714 (0.002753)
potential : -1.244749 (0.002575)
energy : -0.482035 (0.000391)

kinetic : 0.762621 (0.002752)
potential : -1.244641 (0.002574)
energy : -0.482021 (0.000390)

kinetic : 0.762515 (0.002751)
potential : -1.244560 (0.002573)
energy : -0.482045 (0.000391)

kinetic : 0.762496 (0.002748)
potential : -1.244549 (0.002570)
energy : -0.482054 (0.000390)

kinetic : 0.762519 (0.002745)
potential : -1.244580 (0.002567)
energy : -0.482061 (0.000390)

kinetic : 0.762475 (0.002743)
potential : -1.244544 (0.002565)
energy : -0.482068 (0.000390)

kinetic : 0.762569 (0.002741)
potential : -1.244643 (0.002564)
energy : -0.482075 (0.000389)

kinetic : 0.762474 (0.002740)
potential : -1.244560 (0.002563)
energy : -0.482087 (0.000389)

kinetic : 0.762405 (0.002738)
potential : -1.244514 (0.002561)
energy : -0.482108 (0.000389)

kinetic : 0.762345 (0.002736)
potential : -1.244443 (0.002559)
energy : -0.482098 (0.000389)

kinetic : 0.762311 (0.002733)
potential : -1.244416 (0.002556)
energy : -0.482105 (0.000389)

kinetic : 0.762246 (0.002731)
potential : -1.244364 (0.002554)
energy : -0.482118 (0.000389)

kinetic : 0.762389 (0.002732)
potential : -1.244493 (0.002555)
energy : -0.482104 (0.000388)

kinetic : 0.762411 (0.002729)
potential : -1.244505 (0.002552)
energy : -0.482094 (0.000388)

kinetic : 0.762319 (0.002728)
potential : -1.244428 (0.002551)
energy : -0.482109 (0.000388)

kinetic : 0.762309 (0.002725)
potential : -1.244418 (0.002548)
energy : -0.482109 (0.000388)

kinetic : 0.762293 (0.002722)
potential : -1.244398 (0.002546)
energy : -0.482106 (0.000387)

kinetic : 0.762279 (0.002720)
potential : -1.244372 (0.002543)
energy : -0.482093 (0.000387)

kinetic : 0.762766 (0.002760)
potential : -1.244876 (0.002590)
energy : -0.482110 (0.000387)

kinetic : 0.762693 (0.002758)
potential : -1.244807 (0.002588)
energy : -0.482114 (0.000387)

kinetic : 0.762737 (0.002756)
potential : -1.244844 (0.002586)
energy : -0.482107 (0.000386)

kinetic : 0.762694 (0.002753)
potential : -1.244804 (0.002583)
energy : -0.482109 (0.000386)

kinetic : 0.762710 (0.002750)
potential : -1.244814 (0.002581)
energy : -0.482105 (0.000386)

kinetic : 0.762597 (0.002750)
potential : -1.244707 (0.002580)
energy : -0.482110 (0.000385)

kinetic : 0.762492 (0.002749)
potential : -1.244604 (0.002580)
energy : -0.482112 (0.000385)

kinetic : 0.762566 (0.002747)
potential : -1.244661 (0.002578)
energy : -0.482095 (0.000385)

kinetic : 0.762762 (0.002751)
potential : -1.244840 (0.002581)
energy : -0.482079 (0.000385)

kinetic : 0.762789 (0.002749)
potential : -1.244857 (0.002579)
energy : -0.482068 (0.000384)

kinetic : 0.762893 (0.002748)
potential : -1.244922 (0.002577)
energy : -0.482029 (0.000386)

kinetic : 0.762955 (0.002746)
potential : -1.244974 (0.002575)
energy : -0.482019 (0.000386)

kinetic : 0.763110 (0.002747)
potential : -1.245121 (0.002576)
energy : -0.482011 (0.000386)

kinetic : 0.763243 (0.002748)
potential : -1.245239 (0.002576)
energy : -0.481996 (0.000385)

kinetic : 0.763272 (0.002745)
potential : -1.245255 (0.002574)
energy : -0.481984 (0.000385)

kinetic : 0.763291 (0.002742)
potential : -1.245267 (0.002571)
energy : -0.481976 (0.000385)

kinetic : 0.763267 (0.002740)
potential : -1.245248 (0.002569)
energy : -0.481981 (0.000385)

kinetic : 0.763263 (0.002737)
potential : -1.245244 (0.002566)
energy : -0.481981 (0.000384)

kinetic : 0.763337 (0.002735)
potential : -1.245302 (0.002564)
energy : -0.481965 (0.000384)

kinetic : 0.763334 (0.002732)
potential : -1.245297 (0.002561)
energy : -0.481963 (0.000384)

kinetic : 0.763343 (0.002729)
potential : -1.245288 (0.002559)
energy : -0.481945 (0.000384)

kinetic : 0.763364 (0.002727)
potential : -1.245297 (0.002556)
energy : -0.481933 (0.000384)

kinetic : 0.763531 (0.002729)
potential : -1.245479 (0.002560)
energy : -0.481948 (0.000383)

kinetic : 0.763554 (0.002726)
potential : -1.245490 (0.002558)
energy : -0.481936 (0.000383)

kinetic : 0.763683 (0.002727)
potential : -1.245608 (0.002558)
energy : -0.481925 (0.000383)

kinetic : 0.763498 (0.002730)
potential : -1.245448 (0.002560)
energy : -0.481951 (0.000383)

kinetic : 0.763497 (0.002728)
potential : -1.245447 (0.002558)
energy : -0.481950 (0.000383)

kinetic : 0.763593 (0.002726)
potential : -1.245527 (0.002556)
energy : -0.481933 (0.000383)

kinetic : 0.763530 (0.002724)
potential : -1.245474 (0.002554)
energy : -0.481945 (0.000383)

kinetic : 0.763480 (0.002722)
potential : -1.245417 (0.002552)
energy : -0.481937 (0.000383)

kinetic : 0.763539 (0.002720)
potential : -1.245454 (0.002550)
energy : -0.481915 (0.000383)

kinetic : 0.763575 (0.002718)
potential : -1.245471 (0.002547)
energy : -0.481896 (0.000383)

kinetic : 0.763555 (0.002715)
potential : -1.245457 (0.002545)
energy : -0.481902 (0.000383)

kinetic : 0.763639 (0.002714)
potential : -1.245530 (0.002543)
energy : -0.481891 (0.000382)

kinetic : 0.763685 (0.002711)
potential : -1.245563 (0.002541)
energy : -0.481878 (0.000382)

kinetic : 0.763754 (0.002709)
potential : -1.245637 (0.002540)
energy : -0.481883 (0.000382)
         kinetic: 0.7638(27), Sigma: 1.136, T_corr: 5.7
       potential: -1.2456(25), Sigma: 1.090, T_corr: 5.4
          energy: -0.48188(38), Sigma: 0.135, T_corr: 8.0

For tau = 6.00e-01, acceptance ratio = 0.80
Time: 644.79s
