
kinetic : 0.884640 (inf)
potential : -1.313677 (inf)
energy : -0.429037 (inf)

kinetic : 0.626700 (inf)
potential : -1.111273 (inf)
energy : -0.484572 (inf)

kinetic : 0.705107 (0.078407)
potential : -1.183203 (0.071931)
energy : -0.478096 (0.006476)

kinetic : 0.806611 (0.111141)
potential : -1.282948 (0.108045)
energy : -0.476337 (0.004132)

kinetic : 0.775911 (0.084372)
potential : -1.255821 (0.081073)
energy : -0.479910 (0.004615)

kinetic : 0.797897 (0.068953)
potential : -1.273981 (0.065372)
energy : -0.476084 (0.005236)

kinetic : 0.789163 (0.056973)
potential : -1.266884 (0.053846)
energy : -0.477721 (0.004578)

kinetic : 0.790103 (0.048160)
potential : -1.266278 (0.045512)
energy : -0.476175 (0.004166)

kinetic : 0.778590 (0.043268)
potential : -1.257360 (0.040411)
energy : -0.478770 (0.004445)

kinetic : 0.781048 (0.038238)
potential : -1.258605 (0.035661)
energy : -0.477558 (0.004103)

kinetic : 0.767938 (0.036627)
potential : -1.246152 (0.034241)
energy : -0.478213 (0.003728)

kinetic : 0.769479 (0.033166)
potential : -1.247601 (0.031006)
energy : -0.478122 (0.003373)

kinetic : 0.762978 (0.030967)
potential : -1.241481 (0.028959)
energy : -0.478502 (0.003103)

kinetic : 0.755884 (0.029355)
potential : -1.234338 (0.027579)
energy : -0.478454 (0.002854)

kinetic : 0.750271 (0.027751)
potential : -1.228702 (0.026148)
energy : -0.478432 (0.002643)

kinetic : 0.752209 (0.025908)
potential : -1.230487 (0.024408)
energy : -0.478278 (0.002465)

kinetic : 0.751179 (0.024256)
potential : -1.229564 (0.022850)
energy : -0.478385 (0.002308)

kinetic : 0.746794 (0.023203)
potential : -1.224964 (0.021951)
energy : -0.478170 (0.002179)

kinetic : 0.753419 (0.022857)
potential : -1.230456 (0.021412)
energy : -0.477037 (0.002346)

kinetic : 0.753501 (0.021621)
potential : -1.230445 (0.020254)
energy : -0.476944 (0.002221)

kinetic : 0.752179 (0.020554)
potential : -1.228779 (0.019286)
energy : -0.476600 (0.002135)

kinetic : 0.754297 (0.019665)
potential : -1.230825 (0.018459)
energy : -0.476528 (0.002032)

kinetic : 0.763450 (0.020865)
potential : -1.239537 (0.019638)
energy : -0.476088 (0.001987)

kinetic : 0.763175 (0.019939)
potential : -1.239793 (0.018767)
energy : -0.476618 (0.001971)

kinetic : 0.767064 (0.019482)
potential : -1.242249 (0.018135)
energy : -0.475186 (0.002369)

kinetic : 0.766737 (0.018689)
potential : -1.242276 (0.017395)
energy : -0.475539 (0.002300)

kinetic : 0.767472 (0.017971)
potential : -1.243793 (0.016781)
energy : -0.476320 (0.002344)

kinetic : 0.762642 (0.017955)
potential : -1.239284 (0.016765)
energy : -0.476642 (0.002278)

kinetic : 0.764795 (0.017435)
potential : -1.240989 (0.016245)
energy : -0.476194 (0.002240)

kinetic : 0.761228 (0.017197)
potential : -1.237406 (0.016079)
energy : -0.476178 (0.002162)

kinetic : 0.762619 (0.016672)
potential : -1.238486 (0.015571)
energy : -0.475868 (0.002111)

kinetic : 0.763282 (0.016139)
potential : -1.239617 (0.015103)
energy : -0.476335 (0.002095)

kinetic : 0.767099 (0.016085)
potential : -1.242737 (0.014953)
energy : -0.475639 (0.002144)

kinetic : 0.769958 (0.015850)
potential : -1.245598 (0.014772)
energy : -0.475640 (0.002078)

kinetic : 0.768120 (0.015487)
potential : -1.243517 (0.014481)
energy : -0.475397 (0.002031)

kinetic : 0.770424 (0.015213)
potential : -1.246012 (0.014281)
energy : -0.475588 (0.001981)

kinetic : 0.768056 (0.014973)
potential : -1.244187 (0.013998)
energy : -0.476131 (0.002000)

kinetic : 0.766727 (0.014623)
potential : -1.242522 (0.013716)
energy : -0.475794 (0.001975)

kinetic : 0.766079 (0.014248)
potential : -1.241979 (0.013361)
energy : -0.475900 (0.001925)

kinetic : 0.766253 (0.013879)
potential : -1.242703 (0.013034)
energy : -0.476451 (0.001954)

kinetic : 0.764758 (0.013610)
potential : -1.241507 (0.012760)
energy : -0.476748 (0.001928)

kinetic : 0.763703 (0.013316)
potential : -1.240705 (0.012471)
energy : -0.477003 (0.001897)

kinetic : 0.767938 (0.013667)
potential : -1.244588 (0.012775)
energy : -0.476649 (0.001885)

kinetic : 0.766608 (0.013412)
potential : -1.243583 (0.012514)
energy : -0.476975 (0.001869)

kinetic : 0.764661 (0.013247)
potential : -1.241824 (0.012353)
energy : -0.477162 (0.001836)

kinetic : 0.765909 (0.013010)
potential : -1.242748 (0.012110)
energy : -0.476839 (0.001823)

kinetic : 0.767558 (0.012830)
potential : -1.243730 (0.011885)
energy : -0.476171 (0.001904)

kinetic : 0.767221 (0.012559)
potential : -1.243424 (0.011633)
energy : -0.476203 (0.001863)

kinetic : 0.766549 (0.012313)
potential : -1.242921 (0.011399)
energy : -0.476372 (0.001832)

kinetic : 0.767075 (0.012070)
potential : -1.243295 (0.011171)
energy : -0.476220 (0.001801)

kinetic : 0.766385 (0.011846)
potential : -1.242319 (0.010988)
energy : -0.475934 (0.001787)

kinetic : 0.767990 (0.011722)
potential : -1.243750 (0.010865)
energy : -0.475761 (0.001760)

kinetic : 0.768092 (0.011495)
potential : -1.244022 (0.010658)
energy : -0.475929 (0.001735)

kinetic : 0.768305 (0.011278)
potential : -1.244336 (0.010459)
energy : -0.476032 (0.001705)

kinetic : 0.769739 (0.011160)
potential : -1.245566 (0.010337)
energy : -0.475826 (0.001685)

kinetic : 0.768439 (0.011032)
potential : -1.244301 (0.010226)
energy : -0.475862 (0.001655)

kinetic : 0.767304 (0.010892)
potential : -1.243085 (0.010115)
energy : -0.475781 (0.001627)

kinetic : 0.769144 (0.010857)
potential : -1.244991 (0.010117)
energy : -0.475847 (0.001599)

kinetic : 0.769308 (0.010669)
potential : -1.245224 (0.009944)
energy : -0.475917 (0.001573)

kinetic : 0.768407 (0.010525)
potential : -1.244381 (0.009810)
energy : -0.475974 (0.001547)

kinetic : 0.768222 (0.010350)
potential : -1.244616 (0.009648)
energy : -0.476394 (0.001578)

kinetic : 0.769630 (0.010276)
potential : -1.245343 (0.009517)
energy : -0.475713 (0.001695)

kinetic : 0.769406 (0.010111)
potential : -1.245250 (0.009362)
energy : -0.475844 (0.001673)

kinetic : 0.768829 (0.009966)
potential : -1.244578 (0.009237)
energy : -0.475749 (0.001649)

kinetic : 0.767335 (0.009923)
potential : -1.243525 (0.009152)
energy : -0.476191 (0.001682)

kinetic : 0.766178 (0.009837)
potential : -1.242445 (0.009075)
energy : -0.476266 (0.001657)

kinetic : 0.765742 (0.009697)
potential : -1.242117 (0.008943)
energy : -0.476375 (0.001636)

kinetic : 0.765874 (0.009552)
potential : -1.242160 (0.008808)
energy : -0.476287 (0.001614)

kinetic : 0.766114 (0.009413)
potential : -1.242389 (0.008681)
energy : -0.476275 (0.001590)

kinetic : 0.765274 (0.009314)
potential : -1.241675 (0.008584)
energy : -0.476402 (0.001572)

kinetic : 0.765605 (0.009186)
potential : -1.241809 (0.008461)
energy : -0.476205 (0.001561)

kinetic : 0.765158 (0.009066)
potential : -1.241581 (0.008344)
energy : -0.476423 (0.001555)

kinetic : 0.765913 (0.008971)
potential : -1.242331 (0.008262)
energy : -0.476419 (0.001533)

kinetic : 0.765306 (0.008868)
potential : -1.241850 (0.008162)
energy : -0.476544 (0.001517)

kinetic : 0.766047 (0.008779)
potential : -1.242480 (0.008076)
energy : -0.476432 (0.001501)

kinetic : 0.768139 (0.008910)
potential : -1.244593 (0.008243)
energy : -0.476454 (0.001481)

kinetic : 0.767528 (0.008814)
potential : -1.243932 (0.008160)
energy : -0.476403 (0.001462)

kinetic : 0.768994 (0.008821)
potential : -1.245230 (0.008158)
energy : -0.476236 (0.001452)

kinetic : 0.771491 (0.009058)
potential : -1.247864 (0.008472)
energy : -0.476373 (0.001440)

kinetic : 0.770437 (0.009005)
potential : -1.247070 (0.008402)
energy : -0.476634 (0.001446)

kinetic : 0.772350 (0.009095)
potential : -1.249029 (0.008524)
energy : -0.476679 (0.001428)

kinetic : 0.772816 (0.008994)
potential : -1.249341 (0.008424)
energy : -0.476525 (0.001419)

kinetic : 0.772780 (0.008884)
potential : -1.249133 (0.008323)
energy : -0.476353 (0.001412)

kinetic : 0.778684 (0.010577)
potential : -1.254529 (0.009835)
energy : -0.475844 (0.001485)

kinetic : 0.780236 (0.010565)
potential : -1.255991 (0.009826)
energy : -0.475756 (0.001469)

kinetic : 0.781410 (0.010506)
potential : -1.257067 (0.009770)
energy : -0.475658 (0.001455)

kinetic : 0.781961 (0.010397)
potential : -1.257542 (0.009667)
energy : -0.475581 (0.001440)

kinetic : 0.781413 (0.010292)
potential : -1.257004 (0.009570)
energy : -0.475591 (0.001424)

kinetic : 0.783448 (0.010376)
potential : -1.258944 (0.009658)
energy : -0.475497 (0.001411)

kinetic : 0.784064 (0.010277)
potential : -1.259522 (0.009566)
energy : -0.475458 (0.001395)

kinetic : 0.784599 (0.010176)
potential : -1.260053 (0.009474)
energy : -0.475454 (0.001380)

kinetic : 0.783863 (0.010091)
potential : -1.259444 (0.009389)
energy : -0.475581 (0.001370)

kinetic : 0.782189 (0.010120)
potential : -1.257951 (0.009406)
energy : -0.475762 (0.001367)

kinetic : 0.782440 (0.010014)
potential : -1.258184 (0.009307)
energy : -0.475744 (0.001353)

kinetic : 0.781639 (0.009939)
potential : -1.257446 (0.009237)
energy : -0.475806 (0.001340)

kinetic : 0.781014 (0.009853)
potential : -1.256779 (0.009164)
energy : -0.475765 (0.001326)

kinetic : 0.779656 (0.009844)
potential : -1.255611 (0.009143)
energy : -0.475955 (0.001326)

kinetic : 0.779561 (0.009743)
potential : -1.255414 (0.009050)
energy : -0.475853 (0.001316)

kinetic : 0.778282 (0.009727)
potential : -1.254148 (0.009046)
energy : -0.475866 (0.001303)

kinetic : 0.778976 (0.009654)
potential : -1.254683 (0.008970)
energy : -0.475707 (0.001299)

kinetic : 0.778508 (0.009568)
potential : -1.254202 (0.008893)
energy : -0.475693 (0.001286)

kinetic : 0.778090 (0.009482)
potential : -1.253776 (0.008815)
energy : -0.475686 (0.001273)

kinetic : 0.778211 (0.009389)
potential : -1.253875 (0.008729)
energy : -0.475664 (0.001261)

kinetic : 0.777099 (0.009364)
potential : -1.252736 (0.008718)
energy : -0.475637 (0.001249)

kinetic : 0.777042 (0.009274)
potential : -1.252566 (0.008636)
energy : -0.475524 (0.001242)

kinetic : 0.782423 (0.010645)
potential : -1.257961 (0.010113)
energy : -0.475538 (0.001230)

kinetic : 0.782108 (0.010549)
potential : -1.257767 (0.010019)
energy : -0.475660 (0.001225)

kinetic : 0.784179 (0.010653)
potential : -1.259751 (0.010121)
energy : -0.475572 (0.001216)

kinetic : 0.783630 (0.010568)
potential : -1.259238 (0.010040)
energy : -0.475608 (0.001206)

kinetic : 0.782658 (0.010516)
potential : -1.258270 (0.009994)
energy : -0.475612 (0.001195)

kinetic : 0.782601 (0.010420)
potential : -1.258176 (0.009903)
energy : -0.475575 (0.001184)

kinetic : 0.782458 (0.010327)
potential : -1.258094 (0.009814)
energy : -0.475636 (0.001175)

kinetic : 0.782643 (0.010236)
potential : -1.258406 (0.009731)
energy : -0.475763 (0.001171)

kinetic : 0.782950 (0.010149)
potential : -1.258815 (0.009653)
energy : -0.475865 (0.001166)

kinetic : 0.784775 (0.010224)
potential : -1.260610 (0.009735)
energy : -0.475835 (0.001156)

kinetic : 0.784510 (0.010138)
potential : -1.260252 (0.009657)
energy : -0.475742 (0.001149)

kinetic : 0.783924 (0.010068)
potential : -1.259769 (0.009585)
energy : -0.475846 (0.001144)

kinetic : 0.785005 (0.010039)
potential : -1.260725 (0.009551)
energy : -0.475720 (0.001141)

kinetic : 0.784113 (0.009994)
potential : -1.259953 (0.009501)
energy : -0.475840 (0.001138)

kinetic : 0.783372 (0.009937)
potential : -1.259225 (0.009449)
energy : -0.475853 (0.001128)

kinetic : 0.783171 (0.009856)
potential : -1.259188 (0.009370)
energy : -0.476017 (0.001131)

kinetic : 0.782790 (0.009782)
potential : -1.258885 (0.009297)
energy : -0.476094 (0.001124)

kinetic : 0.782447 (0.009707)
potential : -1.258489 (0.009229)
energy : -0.476041 (0.001116)

kinetic : 0.782695 (0.009631)
potential : -1.258741 (0.009157)
energy : -0.476046 (0.001107)

kinetic : 0.783171 (0.009565)
potential : -1.259139 (0.009092)
energy : -0.475968 (0.001101)

kinetic : 0.784526 (0.009584)
potential : -1.260401 (0.009107)
energy : -0.475876 (0.001096)

kinetic : 0.784284 (0.009511)
potential : -1.260194 (0.009036)
energy : -0.475910 (0.001088)

kinetic : 0.783901 (0.009444)
potential : -1.259829 (0.008972)
energy : -0.475928 (0.001079)

kinetic : 0.786331 (0.009680)
potential : -1.262201 (0.009213)
energy : -0.475870 (0.001072)

kinetic : 0.786267 (0.009605)
potential : -1.262250 (0.009141)
energy : -0.475983 (0.001070)

kinetic : 0.785416 (0.009568)
potential : -1.261355 (0.009115)
energy : -0.475939 (0.001063)

kinetic : 0.785386 (0.009495)
potential : -1.261276 (0.009045)
energy : -0.475889 (0.001056)

kinetic : 0.785479 (0.009423)
potential : -1.261269 (0.008976)
energy : -0.475791 (0.001052)

kinetic : 0.787587 (0.009587)
potential : -1.263386 (0.009156)
energy : -0.475799 (0.001044)

kinetic : 0.787049 (0.009530)
potential : -1.262943 (0.009099)
energy : -0.475894 (0.001041)

kinetic : 0.787323 (0.009463)
potential : -1.263165 (0.009034)
energy : -0.475842 (0.001035)

kinetic : 0.787170 (0.009395)
potential : -1.263043 (0.008968)
energy : -0.475873 (0.001027)

kinetic : 0.788540 (0.009426)
potential : -1.264348 (0.008997)
energy : -0.475809 (0.001022)

kinetic : 0.787963 (0.009375)
potential : -1.263728 (0.008953)
energy : -0.475765 (0.001015)

kinetic : 0.789200 (0.009389)
potential : -1.264710 (0.008943)
energy : -0.475510 (0.001040)

kinetic : 0.788975 (0.009325)
potential : -1.264559 (0.008880)
energy : -0.475584 (0.001035)

kinetic : 0.788371 (0.009278)
potential : -1.263975 (0.008836)
energy : -0.475604 (0.001028)

kinetic : 0.787529 (0.009251)
potential : -1.263256 (0.008803)
energy : -0.475727 (0.001028)

kinetic : 0.787551 (0.009186)
potential : -1.263343 (0.008742)
energy : -0.475791 (0.001023)

kinetic : 0.786958 (0.009141)
potential : -1.262876 (0.008693)
energy : -0.475918 (0.001024)

kinetic : 0.785910 (0.009138)
potential : -1.261979 (0.008680)
energy : -0.476069 (0.001028)

kinetic : 0.785773 (0.009076)
potential : -1.262018 (0.008620)
energy : -0.476245 (0.001036)

kinetic : 0.785638 (0.009015)
potential : -1.261850 (0.008563)
energy : -0.476212 (0.001029)

kinetic : 0.785675 (0.008954)
potential : -1.261768 (0.008505)
energy : -0.476093 (0.001029)

kinetic : 0.785508 (0.008896)
potential : -1.261622 (0.008449)
energy : -0.476114 (0.001022)

kinetic : 0.785213 (0.008841)
potential : -1.261343 (0.008397)
energy : -0.476129 (0.001015)

kinetic : 0.785344 (0.008783)
potential : -1.261417 (0.008342)
energy : -0.476072 (0.001010)

kinetic : 0.784719 (0.008748)
potential : -1.260764 (0.008312)
energy : -0.476045 (0.001004)

kinetic : 0.786331 (0.008839)
potential : -1.262355 (0.008410)
energy : -0.476024 (0.000998)

kinetic : 0.787192 (0.008823)
potential : -1.263305 (0.008409)
energy : -0.476113 (0.000995)

kinetic : 0.786663 (0.008782)
potential : -1.262734 (0.008374)
energy : -0.476071 (0.000990)

kinetic : 0.787796 (0.008799)
potential : -1.263797 (0.008388)
energy : -0.476001 (0.000986)

kinetic : 0.787760 (0.008743)
potential : -1.263723 (0.008334)
energy : -0.475962 (0.000980)

kinetic : 0.788197 (0.008698)
potential : -1.263980 (0.008286)
energy : -0.475783 (0.000990)

kinetic : 0.788733 (0.008660)
potential : -1.264407 (0.008244)
energy : -0.475674 (0.000990)

kinetic : 0.789417 (0.008633)
potential : -1.264958 (0.008211)
energy : -0.475542 (0.000993)

kinetic : 0.788687 (0.008610)
potential : -1.264233 (0.008192)
energy : -0.475546 (0.000987)

kinetic : 0.788798 (0.008557)
potential : -1.264232 (0.008141)
energy : -0.475434 (0.000987)

kinetic : 0.789329 (0.008521)
potential : -1.264655 (0.008102)
energy : -0.475326 (0.000987)

kinetic : 0.790216 (0.008515)
potential : -1.265678 (0.008118)
energy : -0.475462 (0.000990)

kinetic : 0.789453 (0.008498)
potential : -1.265026 (0.008095)
energy : -0.475573 (0.000990)

kinetic : 0.789964 (0.008462)
potential : -1.265414 (0.008055)
energy : -0.475450 (0.000992)

kinetic : 0.789173 (0.008448)
potential : -1.264684 (0.008040)
energy : -0.475511 (0.000988)

kinetic : 0.789303 (0.008399)
potential : -1.264884 (0.007994)
energy : -0.475581 (0.000984)

kinetic : 0.789479 (0.008351)
potential : -1.265110 (0.007950)
energy : -0.475631 (0.000980)

kinetic : 0.790701 (0.008391)
potential : -1.266187 (0.007976)
energy : -0.475486 (0.000985)

kinetic : 0.790071 (0.008366)
potential : -1.265615 (0.007950)
energy : -0.475544 (0.000981)

kinetic : 0.790463 (0.008326)
potential : -1.265951 (0.007911)
energy : -0.475488 (0.000977)

kinetic : 0.790841 (0.008286)
potential : -1.266270 (0.007872)
energy : -0.475429 (0.000973)

kinetic : 0.791550 (0.008269)
potential : -1.267023 (0.007862)
energy : -0.475473 (0.000968)

kinetic : 0.791646 (0.008222)
potential : -1.267009 (0.007817)
energy : -0.475363 (0.000969)

kinetic : 0.792428 (0.008213)
potential : -1.267688 (0.007802)
energy : -0.475261 (0.000969)

kinetic : 0.792286 (0.008167)
potential : -1.267596 (0.007759)
energy : -0.475310 (0.000964)

kinetic : 0.791924 (0.008129)
potential : -1.267241 (0.007723)
energy : -0.475317 (0.000959)

kinetic : 0.791918 (0.008084)
potential : -1.267212 (0.007680)
energy : -0.475295 (0.000954)

kinetic : 0.792207 (0.008044)
potential : -1.267488 (0.007642)
energy : -0.475282 (0.000949)

kinetic : 0.792296 (0.008000)
potential : -1.267566 (0.007600)
energy : -0.475270 (0.000944)

kinetic : 0.792547 (0.007960)
potential : -1.267757 (0.007561)
energy : -0.475210 (0.000940)

kinetic : 0.792008 (0.007934)
potential : -1.267209 (0.007539)
energy : -0.475200 (0.000935)

kinetic : 0.791493 (0.007908)
potential : -1.266647 (0.007519)
energy : -0.475153 (0.000931)

kinetic : 0.792108 (0.007889)
potential : -1.267147 (0.007495)
energy : -0.475040 (0.000933)

kinetic : 0.791772 (0.007854)
potential : -1.266833 (0.007461)
energy : -0.475061 (0.000928)

kinetic : 0.792390 (0.007836)
potential : -1.267403 (0.007443)
energy : -0.475012 (0.000925)

kinetic : 0.791810 (0.007816)
potential : -1.266892 (0.007421)
energy : -0.475082 (0.000922)

kinetic : 0.792110 (0.007780)
potential : -1.267131 (0.007386)
energy : -0.475021 (0.000920)

kinetic : 0.792882 (0.007778)
potential : -1.267839 (0.007381)
energy : -0.474957 (0.000917)

kinetic : 0.792928 (0.007737)
potential : -1.267867 (0.007342)
energy : -0.474939 (0.000912)

kinetic : 0.792862 (0.007697)
potential : -1.267826 (0.007304)
energy : -0.474965 (0.000908)

kinetic : 0.792239 (0.007682)
potential : -1.267278 (0.007286)
energy : -0.475039 (0.000906)

kinetic : 0.791573 (0.007671)
potential : -1.266634 (0.007277)
energy : -0.475061 (0.000902)

kinetic : 0.791128 (0.007645)
potential : -1.266174 (0.007255)
energy : -0.475046 (0.000897)

kinetic : 0.791352 (0.007609)
potential : -1.266293 (0.007218)
energy : -0.474941 (0.000899)

kinetic : 0.791922 (0.007592)
potential : -1.266809 (0.007200)
energy : -0.474886 (0.000896)

kinetic : 0.792153 (0.007557)
potential : -1.267052 (0.007168)
energy : -0.474899 (0.000892)

kinetic : 0.791931 (0.007522)
potential : -1.266793 (0.007136)
energy : -0.474862 (0.000888)

kinetic : 0.791437 (0.007501)
potential : -1.266319 (0.007116)
energy : -0.474882 (0.000884)

kinetic : 0.790726 (0.007497)
potential : -1.265679 (0.007110)
energy : -0.474953 (0.000882)

kinetic : 0.790461 (0.007465)
potential : -1.265419 (0.007079)
energy : -0.474959 (0.000878)

kinetic : 0.790182 (0.007433)
potential : -1.265218 (0.007047)
energy : -0.475035 (0.000877)

kinetic : 0.789579 (0.007421)
potential : -1.264651 (0.007035)
energy : -0.475072 (0.000873)

kinetic : 0.789978 (0.007395)
potential : -1.265013 (0.007010)
energy : -0.475034 (0.000870)

kinetic : 0.789944 (0.007359)
potential : -1.264911 (0.006977)
energy : -0.474967 (0.000868)

kinetic : 0.789908 (0.007324)
potential : -1.264899 (0.006943)
energy : -0.474990 (0.000864)

kinetic : 0.790157 (0.007293)
potential : -1.265028 (0.006911)
energy : -0.474870 (0.000868)

kinetic : 0.790121 (0.007258)
potential : -1.264941 (0.006878)
energy : -0.474820 (0.000866)

kinetic : 0.789740 (0.007233)
potential : -1.264612 (0.006853)
energy : -0.474871 (0.000863)

kinetic : 0.789109 (0.007227)
potential : -1.264125 (0.006838)
energy : -0.475016 (0.000871)

kinetic : 0.789122 (0.007192)
potential : -1.264169 (0.006806)
energy : -0.475047 (0.000868)

kinetic : 0.789583 (0.007173)
potential : -1.264537 (0.006784)
energy : -0.474954 (0.000868)

kinetic : 0.789360 (0.007143)
potential : -1.264277 (0.006757)
energy : -0.474916 (0.000865)

kinetic : 0.789883 (0.007129)
potential : -1.264751 (0.006742)
energy : -0.474869 (0.000863)

kinetic : 0.789583 (0.007102)
potential : -1.264477 (0.006717)
energy : -0.474894 (0.000859)

kinetic : 0.789536 (0.007070)
potential : -1.264440 (0.006686)
energy : -0.474904 (0.000855)

kinetic : 0.790030 (0.007055)
potential : -1.264906 (0.006671)
energy : -0.474876 (0.000851)

kinetic : 0.789420 (0.007049)
potential : -1.264327 (0.006666)
energy : -0.474907 (0.000848)

kinetic : 0.789447 (0.007017)
potential : -1.264309 (0.006636)
energy : -0.474863 (0.000845)

kinetic : 0.789288 (0.006987)
potential : -1.264187 (0.006607)
energy : -0.474898 (0.000842)

kinetic : 0.790493 (0.007059)
potential : -1.265273 (0.006666)
energy : -0.474780 (0.000847)

kinetic : 0.790188 (0.007034)
potential : -1.264975 (0.006643)
energy : -0.474788 (0.000843)

kinetic : 0.790411 (0.007006)
potential : -1.265087 (0.006614)
energy : -0.474677 (0.000847)

kinetic : 0.790539 (0.006976)
potential : -1.265315 (0.006589)
energy : -0.474776 (0.000849)

kinetic : 0.790053 (0.006962)
potential : -1.264895 (0.006573)
energy : -0.474842 (0.000848)

kinetic : 0.790025 (0.006931)
potential : -1.264799 (0.006545)
energy : -0.474774 (0.000846)

kinetic : 0.789945 (0.006901)
potential : -1.264665 (0.006517)
energy : -0.474720 (0.000844)

kinetic : 0.789517 (0.006884)
potential : -1.264275 (0.006500)
energy : -0.474757 (0.000842)

kinetic : 0.788803 (0.006891)
potential : -1.263602 (0.006507)
energy : -0.474799 (0.000839)

kinetic : 0.788607 (0.006864)
potential : -1.263363 (0.006483)
energy : -0.474755 (0.000836)

kinetic : 0.788980 (0.006845)
potential : -1.263676 (0.006463)
energy : -0.474696 (0.000835)

kinetic : 0.789515 (0.006836)
potential : -1.264226 (0.006458)
energy : -0.474711 (0.000831)

kinetic : 0.789336 (0.006809)
potential : -1.264062 (0.006433)
energy : -0.474726 (0.000828)

kinetic : 0.789232 (0.006781)
potential : -1.263930 (0.006407)
energy : -0.474698 (0.000825)

kinetic : 0.788948 (0.006758)
potential : -1.263672 (0.006385)
energy : -0.474725 (0.000822)

kinetic : 0.788923 (0.006730)
potential : -1.263594 (0.006358)
energy : -0.474671 (0.000820)

kinetic : 0.788759 (0.006703)
potential : -1.263457 (0.006333)
energy : -0.474698 (0.000817)

kinetic : 0.788312 (0.006690)
potential : -1.263098 (0.006317)
energy : -0.474787 (0.000819)

kinetic : 0.788103 (0.006666)
potential : -1.262863 (0.006295)
energy : -0.474760 (0.000816)

kinetic : 0.788305 (0.006641)
potential : -1.262972 (0.006269)
energy : -0.474667 (0.000818)

kinetic : 0.788220 (0.006614)
potential : -1.262872 (0.006244)
energy : -0.474653 (0.000814)

kinetic : 0.787534 (0.006622)
potential : -1.262246 (0.006250)
energy : -0.474712 (0.000813)

kinetic : 0.787191 (0.006604)
potential : -1.261963 (0.006231)
energy : -0.474772 (0.000812)

kinetic : 0.787356 (0.006579)
potential : -1.262077 (0.006206)
energy : -0.474721 (0.000810)

kinetic : 0.787333 (0.006552)
potential : -1.262078 (0.006181)
energy : -0.474744 (0.000807)

kinetic : 0.789303 (0.006817)
potential : -1.263991 (0.006446)
energy : -0.474688 (0.000806)

kinetic : 0.789376 (0.006790)
potential : -1.264047 (0.006421)
energy : -0.474671 (0.000803)

kinetic : 0.789621 (0.006767)
potential : -1.264279 (0.006399)
energy : -0.474658 (0.000800)

kinetic : 0.789283 (0.006748)
potential : -1.263980 (0.006380)
energy : -0.474697 (0.000798)

kinetic : 0.788919 (0.006731)
potential : -1.263621 (0.006365)
energy : -0.474702 (0.000795)

kinetic : 0.789181 (0.006709)
potential : -1.263795 (0.006342)
energy : -0.474614 (0.000796)

kinetic : 0.789173 (0.006683)
potential : -1.263852 (0.006317)
energy : -0.474678 (0.000796)

kinetic : 0.789008 (0.006658)
potential : -1.263734 (0.006293)
energy : -0.474726 (0.000794)

kinetic : 0.788990 (0.006632)
potential : -1.263713 (0.006269)
energy : -0.474722 (0.000791)

kinetic : 0.788774 (0.006610)
potential : -1.263514 (0.006247)
energy : -0.474741 (0.000788)

kinetic : 0.788403 (0.006594)
potential : -1.263225 (0.006230)
energy : -0.474822 (0.000789)

kinetic : 0.787900 (0.006588)
potential : -1.262774 (0.006222)
energy : -0.474873 (0.000788)

kinetic : 0.788144 (0.006567)
potential : -1.262938 (0.006200)
energy : -0.474795 (0.000789)

kinetic : 0.788184 (0.006542)
potential : -1.263010 (0.006176)
energy : -0.474826 (0.000786)

kinetic : 0.788799 (0.006546)
potential : -1.263561 (0.006177)
energy : -0.474762 (0.000786)

kinetic : 0.789473 (0.006555)
potential : -1.264188 (0.006186)
energy : -0.474715 (0.000784)

kinetic : 0.789749 (0.006536)
potential : -1.264435 (0.006167)
energy : -0.474686 (0.000782)

kinetic : 0.789681 (0.006512)
potential : -1.264338 (0.006144)
energy : -0.474657 (0.000779)

kinetic : 0.789253 (0.006501)
potential : -1.263944 (0.006134)
energy : -0.474690 (0.000777)

kinetic : 0.789050 (0.006480)
potential : -1.263772 (0.006113)
energy : -0.474722 (0.000775)

kinetic : 0.789400 (0.006465)
potential : -1.264131 (0.006101)
energy : -0.474732 (0.000772)

kinetic : 0.789678 (0.006447)
potential : -1.264328 (0.006081)
energy : -0.474650 (0.000773)

kinetic : 0.789336 (0.006432)
potential : -1.264040 (0.006065)
energy : -0.474704 (0.000772)

kinetic : 0.788878 (0.006425)
potential : -1.263591 (0.006060)
energy : -0.474713 (0.000770)

kinetic : 0.788679 (0.006404)
potential : -1.263397 (0.006040)
energy : -0.474718 (0.000767)

kinetic : 0.789039 (0.006390)
potential : -1.263763 (0.006029)
energy : -0.474723 (0.000764)

kinetic : 0.789065 (0.006367)
potential : -1.263806 (0.006007)
energy : -0.474741 (0.000761)

kinetic : 0.789426 (0.006354)
potential : -1.264133 (0.005994)
energy : -0.474707 (0.000759)

kinetic : 0.789543 (0.006332)
potential : -1.264200 (0.005973)
energy : -0.474656 (0.000758)

kinetic : 0.789038 (0.006329)
potential : -1.263730 (0.005969)
energy : -0.474693 (0.000756)

kinetic : 0.789018 (0.006306)
potential : -1.263714 (0.005948)
energy : -0.474696 (0.000754)

kinetic : 0.788477 (0.006307)
potential : -1.263256 (0.005944)
energy : -0.474779 (0.000755)

kinetic : 0.788269 (0.006288)
potential : -1.263031 (0.005927)
energy : -0.474761 (0.000753)

kinetic : 0.788066 (0.006269)
potential : -1.262812 (0.005910)
energy : -0.474747 (0.000750)

kinetic : 0.788398 (0.006255)
potential : -1.263086 (0.005895)
energy : -0.474688 (0.000750)

kinetic : 0.788978 (0.006260)
potential : -1.263598 (0.005897)
energy : -0.474621 (0.000750)

kinetic : 0.788837 (0.006239)
potential : -1.263516 (0.005876)
energy : -0.474679 (0.000750)

kinetic : 0.789075 (0.006222)
potential : -1.263756 (0.005861)
energy : -0.474681 (0.000747)

kinetic : 0.789259 (0.006203)
potential : -1.263989 (0.005845)
energy : -0.474730 (0.000746)

kinetic : 0.789032 (0.006185)
potential : -1.263778 (0.005828)
energy : -0.474747 (0.000744)

kinetic : 0.789653 (0.006195)
potential : -1.264291 (0.005830)
energy : -0.474637 (0.000749)

kinetic : 0.789366 (0.006180)
potential : -1.263999 (0.005817)
energy : -0.474634 (0.000747)

kinetic : 0.789203 (0.006161)
potential : -1.263840 (0.005799)
energy : -0.474637 (0.000744)

kinetic : 0.789293 (0.006140)
potential : -1.263973 (0.005781)
energy : -0.474680 (0.000743)

kinetic : 0.789036 (0.006124)
potential : -1.263759 (0.005765)
energy : -0.474723 (0.000742)

kinetic : 0.789348 (0.006111)
potential : -1.264018 (0.005751)
energy : -0.474670 (0.000741)

kinetic : 0.789280 (0.006091)
potential : -1.263874 (0.005733)
energy : -0.474594 (0.000742)

kinetic : 0.789467 (0.006073)
potential : -1.264075 (0.005717)
energy : -0.474608 (0.000740)

kinetic : 0.789839 (0.006064)
potential : -1.264398 (0.005707)
energy : -0.474559 (0.000739)

kinetic : 0.789455 (0.006055)
potential : -1.264088 (0.005696)
energy : -0.474633 (0.000740)

kinetic : 0.789407 (0.006035)
potential : -1.264035 (0.005677)
energy : -0.474627 (0.000738)

kinetic : 0.789067 (0.006024)
potential : -1.263714 (0.005667)
energy : -0.474647 (0.000736)

kinetic : 0.788686 (0.006016)
potential : -1.263371 (0.005658)
energy : -0.474685 (0.000734)

kinetic : 0.789038 (0.006006)
potential : -1.263634 (0.005645)
energy : -0.474596 (0.000737)

kinetic : 0.788805 (0.005991)
potential : -1.263396 (0.005632)
energy : -0.474591 (0.000735)

kinetic : 0.788675 (0.005973)
potential : -1.263231 (0.005615)
energy : -0.474555 (0.000733)

kinetic : 0.788984 (0.005961)
potential : -1.263523 (0.005605)
energy : -0.474540 (0.000731)

kinetic : 0.789338 (0.005952)
potential : -1.263874 (0.005597)
energy : -0.474535 (0.000728)

kinetic : 0.789357 (0.005932)
potential : -1.263921 (0.005579)
energy : -0.474564 (0.000726)

kinetic : 0.789627 (0.005919)
potential : -1.264126 (0.005564)
energy : -0.474499 (0.000727)

kinetic : 0.789294 (0.005909)
potential : -1.263803 (0.005556)
energy : -0.474509 (0.000725)

kinetic : 0.789199 (0.005891)
potential : -1.263721 (0.005538)
energy : -0.474522 (0.000722)

kinetic : 0.789574 (0.005883)
potential : -1.264037 (0.005529)
energy : -0.474462 (0.000723)

kinetic : 0.789459 (0.005866)
potential : -1.263938 (0.005512)
energy : -0.474478 (0.000720)

kinetic : 0.789675 (0.005851)
potential : -1.264134 (0.005498)
energy : -0.474460 (0.000718)

kinetic : 0.789426 (0.005837)
potential : -1.263883 (0.005486)
energy : -0.474457 (0.000716)

kinetic : 0.789290 (0.005820)
potential : -1.263720 (0.005471)
energy : -0.474429 (0.000714)

kinetic : 0.789233 (0.005802)
potential : -1.263721 (0.005454)
energy : -0.474487 (0.000714)

kinetic : 0.789541 (0.005791)
potential : -1.264056 (0.005447)
energy : -0.474515 (0.000713)

kinetic : 0.789326 (0.005777)
potential : -1.263879 (0.005432)
energy : -0.474553 (0.000711)

kinetic : 0.789685 (0.005770)
potential : -1.264216 (0.005425)
energy : -0.474531 (0.000709)

kinetic : 0.789765 (0.005752)
potential : -1.264349 (0.005410)
energy : -0.474584 (0.000709)

kinetic : 0.789810 (0.005735)
potential : -1.264364 (0.005393)
energy : -0.474554 (0.000708)

kinetic : 0.790200 (0.005730)
potential : -1.264736 (0.005389)
energy : -0.474536 (0.000706)

kinetic : 0.790037 (0.005714)
potential : -1.264626 (0.005373)
energy : -0.474589 (0.000705)

kinetic : 0.790225 (0.005700)
potential : -1.264831 (0.005360)
energy : -0.474606 (0.000703)

kinetic : 0.790139 (0.005683)
potential : -1.264762 (0.005344)
energy : -0.474623 (0.000701)

kinetic : 0.789979 (0.005667)
potential : -1.264648 (0.005329)
energy : -0.474669 (0.000701)

kinetic : 0.790121 (0.005652)
potential : -1.264811 (0.005315)
energy : -0.474690 (0.000699)

kinetic : 0.790207 (0.005635)
potential : -1.264877 (0.005299)
energy : -0.474670 (0.000697)

kinetic : 0.789710 (0.005639)
potential : -1.264429 (0.005302)
energy : -0.474719 (0.000697)

kinetic : 0.789968 (0.005628)
potential : -1.264604 (0.005288)
energy : -0.474636 (0.000700)

kinetic : 0.789654 (0.005620)
potential : -1.264274 (0.005283)
energy : -0.474620 (0.000698)

kinetic : 0.789903 (0.005608)
potential : -1.264527 (0.005273)
energy : -0.474625 (0.000696)

kinetic : 0.790554 (0.005629)
potential : -1.265161 (0.005295)
energy : -0.474607 (0.000694)

kinetic : 0.790350 (0.005616)
potential : -1.264951 (0.005283)
energy : -0.474601 (0.000692)

kinetic : 0.790586 (0.005604)
potential : -1.265183 (0.005272)
energy : -0.474597 (0.000690)

kinetic : 0.790415 (0.005590)
potential : -1.265005 (0.005259)
energy : -0.474591 (0.000688)

kinetic : 0.790580 (0.005575)
potential : -1.265194 (0.005247)
energy : -0.474614 (0.000686)

kinetic : 0.790660 (0.005559)
potential : -1.265278 (0.005232)
energy : -0.474618 (0.000684)

kinetic : 0.790959 (0.005551)
potential : -1.265566 (0.005225)
energy : -0.474606 (0.000682)

kinetic : 0.790813 (0.005536)
potential : -1.265427 (0.005211)
energy : -0.474614 (0.000680)

kinetic : 0.791157 (0.005531)
potential : -1.265701 (0.005203)
energy : -0.474543 (0.000682)

kinetic : 0.790973 (0.005518)
potential : -1.265524 (0.005190)
energy : -0.474551 (0.000680)

kinetic : 0.790631 (0.005512)
potential : -1.265187 (0.005186)
energy : -0.474556 (0.000678)

kinetic : 0.790837 (0.005500)
potential : -1.265370 (0.005174)
energy : -0.474533 (0.000676)

kinetic : 0.791133 (0.005492)
potential : -1.265584 (0.005164)
energy : -0.474450 (0.000679)

kinetic : 0.791323 (0.005479)
potential : -1.265800 (0.005153)
energy : -0.474477 (0.000678)

kinetic : 0.791579 (0.005469)
potential : -1.265999 (0.005142)
energy : -0.474420 (0.000678)

kinetic : 0.791255 (0.005463)
potential : -1.265680 (0.005137)
energy : -0.474425 (0.000676)

kinetic : 0.791270 (0.005447)
potential : -1.265700 (0.005122)
energy : -0.474430 (0.000674)

kinetic : 0.791019 (0.005437)
potential : -1.265478 (0.005112)
energy : -0.474459 (0.000673)

kinetic : 0.790724 (0.005430)
potential : -1.265213 (0.005104)
energy : -0.474489 (0.000671)

kinetic : 0.790891 (0.005417)
potential : -1.265407 (0.005094)
energy : -0.474517 (0.000670)

kinetic : 0.790923 (0.005401)
potential : -1.265439 (0.005079)
energy : -0.474516 (0.000668)

kinetic : 0.791290 (0.005398)
potential : -1.265819 (0.005079)
energy : -0.474529 (0.000666)

kinetic : 0.791325 (0.005383)
potential : -1.265825 (0.005065)
energy : -0.474500 (0.000665)

kinetic : 0.791020 (0.005377)
potential : -1.265512 (0.005060)
energy : -0.474492 (0.000663)

kinetic : 0.790826 (0.005365)
potential : -1.265345 (0.005048)
energy : -0.474519 (0.000662)

kinetic : 0.790832 (0.005350)
potential : -1.265394 (0.005034)
energy : -0.474562 (0.000662)

kinetic : 0.790522 (0.005344)
potential : -1.265100 (0.005029)
energy : -0.474578 (0.000660)

kinetic : 0.790798 (0.005336)
potential : -1.265370 (0.005022)
energy : -0.474572 (0.000658)

kinetic : 0.790766 (0.005321)
potential : -1.265322 (0.005008)
energy : -0.474556 (0.000656)

kinetic : 0.790837 (0.005307)
potential : -1.265374 (0.004995)
energy : -0.474537 (0.000655)

kinetic : 0.790890 (0.005293)
potential : -1.265427 (0.004981)
energy : -0.474537 (0.000653)

kinetic : 0.790913 (0.005278)
potential : -1.265437 (0.004967)
energy : -0.474524 (0.000651)

kinetic : 0.790811 (0.005264)
potential : -1.265299 (0.004955)
energy : -0.474489 (0.000651)

kinetic : 0.790837 (0.005250)
potential : -1.265308 (0.004942)
energy : -0.474472 (0.000649)

kinetic : 0.790594 (0.005241)
potential : -1.265086 (0.004933)
energy : -0.474493 (0.000648)

kinetic : 0.790153 (0.005245)
potential : -1.264661 (0.004938)
energy : -0.474508 (0.000646)

kinetic : 0.790541 (0.005246)
potential : -1.265043 (0.004940)
energy : -0.474502 (0.000644)

kinetic : 0.790221 (0.005241)
potential : -1.264749 (0.004935)
energy : -0.474528 (0.000643)

kinetic : 0.790099 (0.005228)
potential : -1.264651 (0.004922)
energy : -0.474551 (0.000642)

kinetic : 0.790391 (0.005222)
potential : -1.264926 (0.004917)
energy : -0.474535 (0.000640)

kinetic : 0.790482 (0.005209)
potential : -1.264998 (0.004904)
energy : -0.474516 (0.000639)

kinetic : 0.790795 (0.005204)
potential : -1.265272 (0.004899)
energy : -0.474477 (0.000638)

kinetic : 0.790603 (0.005194)
potential : -1.265090 (0.004889)
energy : -0.474487 (0.000637)

kinetic : 0.790174 (0.005198)
potential : -1.264687 (0.004892)
energy : -0.474513 (0.000635)

kinetic : 0.790083 (0.005185)
potential : -1.264629 (0.004880)
energy : -0.474546 (0.000635)

kinetic : 0.789984 (0.005172)
potential : -1.264526 (0.004868)
energy : -0.474542 (0.000633)

kinetic : 0.789625 (0.005171)
potential : -1.264179 (0.004867)
energy : -0.474554 (0.000631)

kinetic : 0.789468 (0.005159)
potential : -1.264036 (0.004857)
energy : -0.474568 (0.000630)

kinetic : 0.790437 (0.005236)
potential : -1.265024 (0.004943)
energy : -0.474587 (0.000628)

kinetic : 0.790178 (0.005229)
potential : -1.264807 (0.004935)
energy : -0.474629 (0.000628)

kinetic : 0.790486 (0.005224)
potential : -1.265147 (0.004934)
energy : -0.474662 (0.000627)

kinetic : 0.790850 (0.005223)
potential : -1.265487 (0.004933)
energy : -0.474637 (0.000626)

kinetic : 0.790545 (0.005218)
potential : -1.265194 (0.004929)
energy : -0.474649 (0.000625)

kinetic : 0.790629 (0.005206)
potential : -1.265205 (0.004916)
energy : -0.474576 (0.000627)

kinetic : 0.790992 (0.005205)
potential : -1.265513 (0.004913)
energy : -0.474520 (0.000628)

kinetic : 0.791242 (0.005197)
potential : -1.265767 (0.004906)
energy : -0.474525 (0.000626)

kinetic : 0.791213 (0.005184)
potential : -1.265770 (0.004894)
energy : -0.474557 (0.000626)

kinetic : 0.791252 (0.005171)
potential : -1.265783 (0.004881)
energy : -0.474531 (0.000625)

kinetic : 0.791055 (0.005161)
potential : -1.265575 (0.004873)
energy : -0.474520 (0.000623)

kinetic : 0.790867 (0.005151)
potential : -1.265405 (0.004863)
energy : -0.474539 (0.000622)

kinetic : 0.790966 (0.005139)
potential : -1.265511 (0.004852)
energy : -0.474546 (0.000620)

kinetic : 0.790747 (0.005131)
potential : -1.265291 (0.004845)
energy : -0.474544 (0.000619)

kinetic : 0.790409 (0.005129)
potential : -1.264957 (0.004844)
energy : -0.474548 (0.000617)

kinetic : 0.790004 (0.005132)
potential : -1.264626 (0.004843)
energy : -0.474622 (0.000620)

kinetic : 0.790132 (0.005120)
potential : -1.264742 (0.004832)
energy : -0.474610 (0.000619)

kinetic : 0.790215 (0.005108)
potential : -1.264842 (0.004821)
energy : -0.474627 (0.000617)

kinetic : 0.790245 (0.005095)
potential : -1.264852 (0.004809)
energy : -0.474607 (0.000616)

kinetic : 0.789805 (0.005101)
potential : -1.264476 (0.004811)
energy : -0.474672 (0.000618)

kinetic : 0.789518 (0.005097)
potential : -1.264212 (0.004807)
energy : -0.474694 (0.000617)

kinetic : 0.789630 (0.005085)
potential : -1.264379 (0.004798)
energy : -0.474749 (0.000617)

kinetic : 0.789622 (0.005072)
potential : -1.264331 (0.004786)
energy : -0.474709 (0.000617)

kinetic : 0.790327 (0.005109)
potential : -1.264995 (0.004820)
energy : -0.474668 (0.000617)

kinetic : 0.790375 (0.005096)
potential : -1.265074 (0.004809)
energy : -0.474699 (0.000616)

kinetic : 0.790637 (0.005090)
potential : -1.265311 (0.004802)
energy : -0.474674 (0.000615)

kinetic : 0.790595 (0.005078)
potential : -1.265295 (0.004791)
energy : -0.474699 (0.000614)

kinetic : 0.790245 (0.005077)
potential : -1.264977 (0.004789)
energy : -0.474732 (0.000614)

kinetic : 0.790676 (0.005083)
potential : -1.265417 (0.004798)
energy : -0.474740 (0.000612)

kinetic : 0.790850 (0.005074)
potential : -1.265607 (0.004790)
energy : -0.474757 (0.000611)

kinetic : 0.790751 (0.005062)
potential : -1.265512 (0.004779)
energy : -0.474761 (0.000609)

kinetic : 0.790573 (0.005053)
potential : -1.265376 (0.004769)
energy : -0.474803 (0.000609)

kinetic : 0.790486 (0.005042)
potential : -1.265250 (0.004759)
energy : -0.474763 (0.000609)

kinetic : 0.790355 (0.005031)
potential : -1.265129 (0.004749)
energy : -0.474774 (0.000608)

kinetic : 0.790252 (0.005020)
potential : -1.265039 (0.004739)
energy : -0.474787 (0.000606)

kinetic : 0.790394 (0.005010)
potential : -1.265113 (0.004728)
energy : -0.474720 (0.000609)

kinetic : 0.790386 (0.004998)
potential : -1.265124 (0.004716)
energy : -0.474738 (0.000608)

kinetic : 0.790209 (0.004989)
potential : -1.264975 (0.004707)
energy : -0.474766 (0.000607)

kinetic : 0.790606 (0.004993)
potential : -1.265360 (0.004712)
energy : -0.474754 (0.000605)

kinetic : 0.790786 (0.004984)
potential : -1.265499 (0.004703)
energy : -0.474713 (0.000605)

kinetic : 0.790530 (0.004979)
potential : -1.265297 (0.004696)
energy : -0.474767 (0.000606)

kinetic : 0.790764 (0.004972)
potential : -1.265482 (0.004688)
energy : -0.474718 (0.000607)

kinetic : 0.790632 (0.004962)
potential : -1.265348 (0.004679)
energy : -0.474716 (0.000605)

kinetic : 0.790519 (0.004952)
potential : -1.265211 (0.004670)
energy : -0.474692 (0.000604)

kinetic : 0.790581 (0.004940)
potential : -1.265280 (0.004659)
energy : -0.474700 (0.000603)

kinetic : 0.790646 (0.004929)
potential : -1.265382 (0.004649)
energy : -0.474736 (0.000603)

kinetic : 0.790716 (0.004918)
potential : -1.265474 (0.004639)
energy : -0.474758 (0.000602)

kinetic : 0.790558 (0.004909)
potential : -1.265288 (0.004632)
energy : -0.474731 (0.000601)

kinetic : 0.790382 (0.004901)
potential : -1.265125 (0.004624)
energy : -0.474743 (0.000600)

kinetic : 0.790160 (0.004894)
potential : -1.264912 (0.004618)
energy : -0.474752 (0.000598)

kinetic : 0.790180 (0.004883)
potential : -1.264900 (0.004607)
energy : -0.474719 (0.000598)

kinetic : 0.790198 (0.004871)
potential : -1.264901 (0.004597)
energy : -0.474703 (0.000597)

kinetic : 0.790138 (0.004861)
potential : -1.264818 (0.004587)
energy : -0.474680 (0.000596)

kinetic : 0.790151 (0.004849)
potential : -1.264827 (0.004576)
energy : -0.474676 (0.000594)

kinetic : 0.790845 (0.004888)
potential : -1.265534 (0.004620)
energy : -0.474689 (0.000593)

kinetic : 0.790853 (0.004876)
potential : -1.265495 (0.004610)
energy : -0.474642 (0.000594)

kinetic : 0.791075 (0.004870)
potential : -1.265673 (0.004602)
energy : -0.474598 (0.000594)

kinetic : 0.791242 (0.004862)
potential : -1.265824 (0.004594)
energy : -0.474582 (0.000593)

kinetic : 0.791158 (0.004852)
potential : -1.265760 (0.004584)
energy : -0.474602 (0.000592)

kinetic : 0.791203 (0.004841)
potential : -1.265758 (0.004574)
energy : -0.474554 (0.000592)

kinetic : 0.791019 (0.004833)
potential : -1.265579 (0.004567)
energy : -0.474560 (0.000591)

kinetic : 0.791364 (0.004834)
potential : -1.265906 (0.004568)
energy : -0.474543 (0.000590)

kinetic : 0.791509 (0.004826)
potential : -1.266055 (0.004560)
energy : -0.474546 (0.000589)

kinetic : 0.791340 (0.004818)
potential : -1.265881 (0.004553)
energy : -0.474541 (0.000587)

kinetic : 0.791240 (0.004808)
potential : -1.265750 (0.004545)
energy : -0.474510 (0.000587)

kinetic : 0.791861 (0.004837)
potential : -1.266308 (0.004569)
energy : -0.474447 (0.000589)

kinetic : 0.792691 (0.004897)
potential : -1.267122 (0.004631)
energy : -0.474431 (0.000588)

kinetic : 0.792559 (0.004888)
potential : -1.266964 (0.004623)
energy : -0.474404 (0.000587)

kinetic : 0.792197 (0.004890)
potential : -1.266643 (0.004624)
energy : -0.474446 (0.000587)

kinetic : 0.792427 (0.004885)
potential : -1.266880 (0.004620)
energy : -0.474453 (0.000586)

kinetic : 0.792500 (0.004874)
potential : -1.266938 (0.004610)
energy : -0.474438 (0.000585)

kinetic : 0.792368 (0.004865)
potential : -1.266797 (0.004602)
energy : -0.474429 (0.000584)

kinetic : 0.792547 (0.004858)
potential : -1.266960 (0.004594)
energy : -0.474413 (0.000582)

kinetic : 0.792880 (0.004859)
potential : -1.267310 (0.004597)
energy : -0.474430 (0.000581)

kinetic : 0.793040 (0.004850)
potential : -1.267450 (0.004589)
energy : -0.474410 (0.000580)

kinetic : 0.792798 (0.004846)
potential : -1.267240 (0.004584)
energy : -0.474443 (0.000580)

kinetic : 0.792835 (0.004835)
potential : -1.267266 (0.004574)
energy : -0.474431 (0.000579)

kinetic : 0.792832 (0.004825)
potential : -1.267253 (0.004564)
energy : -0.474421 (0.000578)

kinetic : 0.792774 (0.004814)
potential : -1.267203 (0.004554)
energy : -0.474429 (0.000577)

kinetic : 0.792600 (0.004807)
potential : -1.267051 (0.004547)
energy : -0.474452 (0.000576)

kinetic : 0.792539 (0.004797)
potential : -1.266980 (0.004538)
energy : -0.474441 (0.000575)

kinetic : 0.792644 (0.004788)
potential : -1.267081 (0.004529)
energy : -0.474437 (0.000573)

kinetic : 0.792508 (0.004779)
potential : -1.266946 (0.004521)
energy : -0.474439 (0.000572)

kinetic : 0.792692 (0.004772)
potential : -1.267138 (0.004515)
energy : -0.474446 (0.000571)

kinetic : 0.792696 (0.004762)
potential : -1.267158 (0.004506)
energy : -0.474463 (0.000570)

kinetic : 0.792642 (0.004752)
potential : -1.267118 (0.004496)
energy : -0.474475 (0.000569)

kinetic : 0.792413 (0.004747)
potential : -1.266939 (0.004490)
energy : -0.474527 (0.000570)

kinetic : 0.792095 (0.004748)
potential : -1.266635 (0.004491)
energy : -0.474541 (0.000569)

kinetic : 0.792261 (0.004741)
potential : -1.266765 (0.004483)
energy : -0.474504 (0.000569)

kinetic : 0.792034 (0.004736)
potential : -1.266587 (0.004477)
energy : -0.474553 (0.000570)

kinetic : 0.792338 (0.004736)
potential : -1.266893 (0.004478)
energy : -0.474555 (0.000569)

kinetic : 0.792649 (0.004736)
potential : -1.267188 (0.004478)
energy : -0.474538 (0.000568)

kinetic : 0.792274 (0.004741)
potential : -1.266827 (0.004483)
energy : -0.474553 (0.000567)

kinetic : 0.792539 (0.004738)
potential : -1.267081 (0.004481)
energy : -0.474543 (0.000565)

kinetic : 0.792642 (0.004729)
potential : -1.267204 (0.004473)
energy : -0.474562 (0.000565)

kinetic : 0.792609 (0.004719)
potential : -1.267177 (0.004463)
energy : -0.474567 (0.000563)

kinetic : 0.792753 (0.004711)
potential : -1.267314 (0.004456)
energy : -0.474562 (0.000562)

kinetic : 0.792787 (0.004702)
potential : -1.267319 (0.004447)
energy : -0.474531 (0.000562)

kinetic : 0.792945 (0.004694)
potential : -1.267481 (0.004440)
energy : -0.474536 (0.000561)

kinetic : 0.793280 (0.004697)
potential : -1.267779 (0.004441)
energy : -0.474499 (0.000561)

kinetic : 0.793444 (0.004690)
potential : -1.267911 (0.004434)
energy : -0.474467 (0.000560)

kinetic : 0.793757 (0.004690)
potential : -1.268232 (0.004436)
energy : -0.474474 (0.000559)

kinetic : 0.793424 (0.004692)
potential : -1.267925 (0.004437)
energy : -0.474501 (0.000559)

kinetic : 0.793752 (0.004694)
potential : -1.268196 (0.004437)
energy : -0.474444 (0.000561)

kinetic : 0.793848 (0.004685)
potential : -1.268289 (0.004428)
energy : -0.474441 (0.000559)

kinetic : 0.793699 (0.004678)
potential : -1.268160 (0.004421)
energy : -0.474461 (0.000559)

kinetic : 0.793741 (0.004669)
potential : -1.268217 (0.004412)
energy : -0.474475 (0.000558)

kinetic : 0.793511 (0.004665)
potential : -1.268001 (0.004408)
energy : -0.474491 (0.000557)

kinetic : 0.793233 (0.004663)
potential : -1.267765 (0.004406)
energy : -0.474532 (0.000557)

kinetic : 0.793168 (0.004654)
potential : -1.267715 (0.004397)
energy : -0.474547 (0.000556)

kinetic : 0.793406 (0.004651)
potential : -1.267901 (0.004392)
energy : -0.474494 (0.000558)

kinetic : 0.793584 (0.004645)
potential : -1.268053 (0.004386)
energy : -0.474469 (0.000557)

kinetic : 0.793450 (0.004637)
potential : -1.267949 (0.004378)
energy : -0.474499 (0.000557)

kinetic : 0.793527 (0.004628)
potential : -1.268025 (0.004370)
energy : -0.474497 (0.000556)

kinetic : 0.793854 (0.004630)
potential : -1.268347 (0.004373)
energy : -0.474493 (0.000554)

kinetic : 0.793832 (0.004621)
potential : -1.268348 (0.004364)
energy : -0.474516 (0.000554)

kinetic : 0.793781 (0.004612)
potential : -1.268316 (0.004355)
energy : -0.474535 (0.000553)

kinetic : 0.793694 (0.004604)
potential : -1.268249 (0.004347)
energy : -0.474555 (0.000552)

kinetic : 0.793748 (0.004595)
potential : -1.268316 (0.004339)
energy : -0.474568 (0.000551)

kinetic : 0.793557 (0.004589)
potential : -1.268178 (0.004332)
energy : -0.474621 (0.000553)

kinetic : 0.794002 (0.004602)
potential : -1.268593 (0.004343)
energy : -0.474591 (0.000552)

kinetic : 0.794257 (0.004600)
potential : -1.268851 (0.004342)
energy : -0.474594 (0.000551)

kinetic : 0.794209 (0.004591)
potential : -1.268807 (0.004334)
energy : -0.474599 (0.000550)

kinetic : 0.793965 (0.004588)
potential : -1.268593 (0.004330)
energy : -0.474629 (0.000550)

kinetic : 0.794054 (0.004580)
potential : -1.268649 (0.004322)
energy : -0.474594 (0.000550)

kinetic : 0.794013 (0.004571)
potential : -1.268598 (0.004314)
energy : -0.474585 (0.000549)

kinetic : 0.793795 (0.004567)
potential : -1.268385 (0.004310)
energy : -0.474590 (0.000548)

kinetic : 0.793764 (0.004558)
potential : -1.268364 (0.004302)
energy : -0.474600 (0.000547)

kinetic : 0.793914 (0.004552)
potential : -1.268461 (0.004295)
energy : -0.474547 (0.000548)

kinetic : 0.793962 (0.004543)
potential : -1.268491 (0.004286)
energy : -0.474529 (0.000548)

kinetic : 0.793911 (0.004534)
potential : -1.268421 (0.004278)
energy : -0.474511 (0.000547)

kinetic : 0.794136 (0.004531)
potential : -1.268644 (0.004276)
energy : -0.474508 (0.000546)

kinetic : 0.793998 (0.004524)
potential : -1.268529 (0.004269)
energy : -0.474531 (0.000545)

kinetic : 0.793653 (0.004528)
potential : -1.268243 (0.004270)
energy : -0.474591 (0.000547)

kinetic : 0.793524 (0.004521)
potential : -1.268123 (0.004264)
energy : -0.474599 (0.000546)

kinetic : 0.793235 (0.004522)
potential : -1.267851 (0.004264)
energy : -0.474616 (0.000546)

kinetic : 0.793225 (0.004513)
potential : -1.267817 (0.004256)
energy : -0.474592 (0.000545)

kinetic : 0.793466 (0.004511)
potential : -1.268025 (0.004253)
energy : -0.474559 (0.000545)

kinetic : 0.793277 (0.004506)
potential : -1.267867 (0.004247)
energy : -0.474590 (0.000545)

kinetic : 0.793361 (0.004498)
potential : -1.267944 (0.004240)
energy : -0.474583 (0.000544)

kinetic : 0.793346 (0.004490)
potential : -1.267922 (0.004232)
energy : -0.474577 (0.000543)

kinetic : 0.793275 (0.004481)
potential : -1.267875 (0.004224)
energy : -0.474600 (0.000542)

kinetic : 0.793339 (0.004473)
potential : -1.267930 (0.004216)
energy : -0.474591 (0.000541)

kinetic : 0.793163 (0.004468)
potential : -1.267788 (0.004210)
energy : -0.474625 (0.000541)

kinetic : 0.793037 (0.004461)
potential : -1.267688 (0.004204)
energy : -0.474651 (0.000541)

kinetic : 0.793066 (0.004453)
potential : -1.267722 (0.004196)
energy : -0.474656 (0.000540)

kinetic : 0.792802 (0.004452)
potential : -1.267475 (0.004195)
energy : -0.474672 (0.000539)

kinetic : 0.792642 (0.004447)
potential : -1.267313 (0.004190)
energy : -0.474671 (0.000538)

kinetic : 0.792673 (0.004438)
potential : -1.267343 (0.004182)
energy : -0.474670 (0.000537)

kinetic : 0.792644 (0.004430)
potential : -1.267292 (0.004175)
energy : -0.474648 (0.000536)

kinetic : 0.792796 (0.004424)
potential : -1.267416 (0.004169)
energy : -0.474620 (0.000536)

kinetic : 0.792560 (0.004422)
potential : -1.267204 (0.004166)
energy : -0.474644 (0.000536)

kinetic : 0.792303 (0.004421)
potential : -1.266994 (0.004164)
energy : -0.474691 (0.000537)

kinetic : 0.792825 (0.004444)
potential : -1.267475 (0.004183)
energy : -0.474650 (0.000537)

kinetic : 0.793011 (0.004439)
potential : -1.267699 (0.004182)
energy : -0.474687 (0.000538)

kinetic : 0.792808 (0.004436)
potential : -1.267504 (0.004178)
energy : -0.474696 (0.000537)

kinetic : 0.792875 (0.004428)
potential : -1.267531 (0.004171)
energy : -0.474657 (0.000537)

kinetic : 0.792843 (0.004420)
potential : -1.267519 (0.004163)
energy : -0.474676 (0.000536)

kinetic : 0.793246 (0.004430)
potential : -1.267909 (0.004173)
energy : -0.474663 (0.000536)

kinetic : 0.793517 (0.004430)
potential : -1.268192 (0.004175)
energy : -0.474675 (0.000535)

kinetic : 0.793347 (0.004425)
potential : -1.268072 (0.004169)
energy : -0.474725 (0.000536)

kinetic : 0.793291 (0.004417)
potential : -1.268053 (0.004161)
energy : -0.474762 (0.000536)

kinetic : 0.793254 (0.004409)
potential : -1.267997 (0.004154)
energy : -0.474742 (0.000536)

kinetic : 0.793150 (0.004402)
potential : -1.267923 (0.004147)
energy : -0.474773 (0.000536)

kinetic : 0.793298 (0.004397)
potential : -1.268025 (0.004141)
energy : -0.474727 (0.000537)

kinetic : 0.793234 (0.004389)
potential : -1.267958 (0.004134)
energy : -0.474723 (0.000536)

kinetic : 0.793113 (0.004383)
potential : -1.267871 (0.004127)
energy : -0.474758 (0.000536)

kinetic : 0.792956 (0.004377)
potential : -1.267725 (0.004122)
energy : -0.474770 (0.000535)

kinetic : 0.792815 (0.004372)
potential : -1.267596 (0.004116)
energy : -0.474780 (0.000534)

kinetic : 0.792714 (0.004365)
potential : -1.267509 (0.004110)
energy : -0.474794 (0.000533)

kinetic : 0.792728 (0.004357)
potential : -1.267519 (0.004102)
energy : -0.474791 (0.000532)

kinetic : 0.792545 (0.004353)
potential : -1.267332 (0.004099)
energy : -0.474787 (0.000531)

kinetic : 0.792411 (0.004347)
potential : -1.267233 (0.004093)
energy : -0.474822 (0.000531)

kinetic : 0.792670 (0.004347)
potential : -1.267515 (0.004095)
energy : -0.474845 (0.000531)

kinetic : 0.792654 (0.004339)
potential : -1.267503 (0.004088)
energy : -0.474849 (0.000530)

kinetic : 0.792516 (0.004333)
potential : -1.267405 (0.004082)
energy : -0.474889 (0.000531)

kinetic : 0.792705 (0.004330)
potential : -1.267558 (0.004077)
energy : -0.474853 (0.000531)

kinetic : 0.792834 (0.004324)
potential : -1.267679 (0.004072)
energy : -0.474845 (0.000530)

kinetic : 0.792707 (0.004318)
potential : -1.267564 (0.004066)
energy : -0.474857 (0.000529)

kinetic : 0.792634 (0.004311)
potential : -1.267459 (0.004060)
energy : -0.474825 (0.000529)

kinetic : 0.792563 (0.004304)
potential : -1.267402 (0.004053)
energy : -0.474839 (0.000528)

kinetic : 0.792689 (0.004298)
potential : -1.267511 (0.004047)
energy : -0.474822 (0.000528)

kinetic : 0.792513 (0.004294)
potential : -1.267337 (0.004044)
energy : -0.474824 (0.000527)

kinetic : 0.792389 (0.004288)
potential : -1.267231 (0.004038)
energy : -0.474843 (0.000526)

kinetic : 0.792478 (0.004281)
potential : -1.267283 (0.004031)
energy : -0.474806 (0.000527)

kinetic : 0.792378 (0.004275)
potential : -1.267217 (0.004025)
energy : -0.474839 (0.000527)

kinetic : 0.792378 (0.004267)
potential : -1.267212 (0.004017)
energy : -0.474834 (0.000526)

kinetic : 0.792648 (0.004268)
potential : -1.267454 (0.004018)
energy : -0.474806 (0.000526)

kinetic : 0.792426 (0.004266)
potential : -1.267250 (0.004016)
energy : -0.474824 (0.000525)

kinetic : 0.792297 (0.004261)
potential : -1.267099 (0.004012)
energy : -0.474802 (0.000524)

kinetic : 0.792262 (0.004253)
potential : -1.267059 (0.004005)
energy : -0.474797 (0.000524)

kinetic : 0.792121 (0.004248)
potential : -1.266945 (0.003999)
energy : -0.474824 (0.000523)

kinetic : 0.792069 (0.004241)
potential : -1.266867 (0.003993)
energy : -0.474798 (0.000523)

kinetic : 0.792018 (0.004234)
potential : -1.266795 (0.003987)
energy : -0.474777 (0.000523)

kinetic : 0.792183 (0.004230)
potential : -1.266931 (0.003982)
energy : -0.474748 (0.000522)

kinetic : 0.792044 (0.004225)
potential : -1.266773 (0.003978)
energy : -0.474729 (0.000522)

kinetic : 0.792278 (0.004224)
potential : -1.267001 (0.003978)
energy : -0.474723 (0.000521)

kinetic : 0.792235 (0.004217)
potential : -1.266953 (0.003971)
energy : -0.474718 (0.000520)

kinetic : 0.792308 (0.004210)
potential : -1.266990 (0.003965)
energy : -0.474682 (0.000521)

kinetic : 0.792146 (0.004206)
potential : -1.266861 (0.003960)
energy : -0.474715 (0.000521)

kinetic : 0.792097 (0.004199)
potential : -1.266826 (0.003953)
energy : -0.474729 (0.000520)

kinetic : 0.791924 (0.004195)
potential : -1.266653 (0.003950)
energy : -0.474729 (0.000519)

kinetic : 0.791807 (0.004190)
potential : -1.266562 (0.003944)
energy : -0.474756 (0.000519)

kinetic : 0.791910 (0.004184)
potential : -1.266665 (0.003939)
energy : -0.474755 (0.000518)

kinetic : 0.791912 (0.004177)
potential : -1.266693 (0.003932)
energy : -0.474780 (0.000518)

kinetic : 0.792233 (0.004182)
potential : -1.267016 (0.003939)
energy : -0.474784 (0.000517)

kinetic : 0.792003 (0.004181)
potential : -1.266827 (0.003937)
energy : -0.474824 (0.000518)

kinetic : 0.792165 (0.004177)
potential : -1.267001 (0.003934)
energy : -0.474836 (0.000517)

kinetic : 0.792143 (0.004170)
potential : -1.266989 (0.003927)
energy : -0.474846 (0.000516)

kinetic : 0.792002 (0.004165)
potential : -1.266852 (0.003923)
energy : -0.474850 (0.000515)

kinetic : 0.792027 (0.004158)
potential : -1.266879 (0.003916)
energy : -0.474852 (0.000514)

kinetic : 0.792452 (0.004173)
potential : -1.267254 (0.003928)
energy : -0.474803 (0.000516)

kinetic : 0.792297 (0.004169)
potential : -1.267096 (0.003924)
energy : -0.474799 (0.000515)

kinetic : 0.792290 (0.004162)
potential : -1.267079 (0.003917)
energy : -0.474789 (0.000514)

kinetic : 0.792344 (0.004155)
potential : -1.267107 (0.003911)
energy : -0.474764 (0.000514)

kinetic : 0.792317 (0.004148)
potential : -1.267063 (0.003905)
energy : -0.474746 (0.000513)

kinetic : 0.792219 (0.004142)
potential : -1.267009 (0.003898)
energy : -0.474790 (0.000514)

kinetic : 0.792323 (0.004137)
potential : -1.267083 (0.003893)
energy : -0.474760 (0.000514)

kinetic : 0.792219 (0.004131)
potential : -1.267005 (0.003887)
energy : -0.474786 (0.000514)

kinetic : 0.792181 (0.004124)
potential : -1.266979 (0.003880)
energy : -0.474799 (0.000513)

kinetic : 0.792109 (0.004118)
potential : -1.266950 (0.003874)
energy : -0.474841 (0.000514)

kinetic : 0.792107 (0.004111)
potential : -1.266945 (0.003868)
energy : -0.474838 (0.000514)

kinetic : 0.792102 (0.004104)
potential : -1.266926 (0.003861)
energy : -0.474823 (0.000513)

kinetic : 0.791902 (0.004102)
potential : -1.266720 (0.003860)
energy : -0.474818 (0.000512)

kinetic : 0.791804 (0.004097)
potential : -1.266634 (0.003855)
energy : -0.474830 (0.000511)

kinetic : 0.791802 (0.004090)
potential : -1.266609 (0.003849)
energy : -0.474807 (0.000511)

kinetic : 0.791626 (0.004087)
potential : -1.266427 (0.003846)
energy : -0.474801 (0.000510)

kinetic : 0.791622 (0.004080)
potential : -1.266427 (0.003840)
energy : -0.474805 (0.000509)

kinetic : 0.791818 (0.004078)
potential : -1.266630 (0.003839)
energy : -0.474812 (0.000509)

kinetic : 0.791804 (0.004071)
potential : -1.266624 (0.003833)
energy : -0.474820 (0.000508)

kinetic : 0.791599 (0.004070)
potential : -1.266451 (0.003830)
energy : -0.474852 (0.000508)

kinetic : 0.791507 (0.004064)
potential : -1.266344 (0.003826)
energy : -0.474837 (0.000507)

kinetic : 0.791320 (0.004062)
potential : -1.266194 (0.003822)
energy : -0.474874 (0.000508)

kinetic : 0.791250 (0.004056)
potential : -1.266126 (0.003817)
energy : -0.474876 (0.000507)

kinetic : 0.791483 (0.004056)
potential : -1.266329 (0.003816)
energy : -0.474846 (0.000507)

kinetic : 0.791695 (0.004055)
potential : -1.266522 (0.003815)
energy : -0.474827 (0.000507)

kinetic : 0.791806 (0.004050)
potential : -1.266586 (0.003809)
energy : -0.474780 (0.000508)

kinetic : 0.791852 (0.004044)
potential : -1.266681 (0.003804)
energy : -0.474829 (0.000510)

kinetic : 0.791902 (0.004037)
potential : -1.266720 (0.003798)
energy : -0.474818 (0.000509)

kinetic : 0.791744 (0.004034)
potential : -1.266582 (0.003794)
energy : -0.474838 (0.000509)

kinetic : 0.791692 (0.004028)
potential : -1.266515 (0.003789)
energy : -0.474824 (0.000508)

kinetic : 0.791413 (0.004031)
potential : -1.266275 (0.003790)
energy : -0.474862 (0.000509)

kinetic : 0.791314 (0.004026)
potential : -1.266173 (0.003786)
energy : -0.474858 (0.000508)

kinetic : 0.791297 (0.004019)
potential : -1.266142 (0.003780)
energy : -0.474845 (0.000507)

kinetic : 0.791218 (0.004013)
potential : -1.266079 (0.003774)
energy : -0.474862 (0.000507)

kinetic : 0.791456 (0.004014)
potential : -1.266256 (0.003772)
energy : -0.474800 (0.000510)

kinetic : 0.791415 (0.004008)
potential : -1.266218 (0.003766)
energy : -0.474802 (0.000509)

kinetic : 0.791319 (0.004003)
potential : -1.266117 (0.003762)
energy : -0.474799 (0.000508)

kinetic : 0.791472 (0.003999)
potential : -1.266274 (0.003759)
energy : -0.474802 (0.000507)

kinetic : 0.791457 (0.003993)
potential : -1.266264 (0.003753)
energy : -0.474807 (0.000506)

kinetic : 0.791355 (0.003988)
potential : -1.266158 (0.003748)
energy : -0.474803 (0.000506)

kinetic : 0.791375 (0.003981)
potential : -1.266168 (0.003742)
energy : -0.474793 (0.000505)

kinetic : 0.791233 (0.003978)
potential : -1.266050 (0.003738)
energy : -0.474817 (0.000505)

kinetic : 0.791162 (0.003972)
potential : -1.265972 (0.003733)
energy : -0.474810 (0.000504)

kinetic : 0.791255 (0.003967)
potential : -1.266076 (0.003729)
energy : -0.474820 (0.000503)

kinetic : 0.791236 (0.003961)
potential : -1.266047 (0.003723)
energy : -0.474810 (0.000503)

kinetic : 0.791126 (0.003956)
potential : -1.265924 (0.003719)
energy : -0.474798 (0.000502)

kinetic : 0.791237 (0.003951)
potential : -1.266021 (0.003715)
energy : -0.474784 (0.000501)

kinetic : 0.791301 (0.003946)
potential : -1.266077 (0.003709)
energy : -0.474777 (0.000501)

kinetic : 0.791289 (0.003939)
potential : -1.266075 (0.003703)
energy : -0.474786 (0.000500)

kinetic : 0.791125 (0.003937)
potential : -1.265899 (0.003702)
energy : -0.474773 (0.000499)

kinetic : 0.791274 (0.003933)
potential : -1.266048 (0.003699)
energy : -0.474774 (0.000498)

kinetic : 0.791236 (0.003927)
potential : -1.266012 (0.003693)
energy : -0.474776 (0.000498)

kinetic : 0.791189 (0.003922)
potential : -1.265945 (0.003688)
energy : -0.474756 (0.000497)

kinetic : 0.791040 (0.003918)
potential : -1.265813 (0.003685)
energy : -0.474773 (0.000497)

kinetic : 0.791103 (0.003913)
potential : -1.265880 (0.003680)
energy : -0.474777 (0.000496)

kinetic : 0.791289 (0.003911)
potential : -1.266037 (0.003677)
energy : -0.474749 (0.000496)

kinetic : 0.791248 (0.003905)
potential : -1.265973 (0.003672)
energy : -0.474725 (0.000496)

kinetic : 0.791208 (0.003899)
potential : -1.265921 (0.003667)
energy : -0.474713 (0.000495)

kinetic : 0.791098 (0.003895)
potential : -1.265829 (0.003662)
energy : -0.474730 (0.000495)

kinetic : 0.791018 (0.003890)
potential : -1.265767 (0.003657)
energy : -0.474749 (0.000494)

kinetic : 0.790835 (0.003888)
potential : -1.265577 (0.003657)
energy : -0.474743 (0.000494)

kinetic : 0.790839 (0.003882)
potential : -1.265574 (0.003651)
energy : -0.474735 (0.000493)

kinetic : 0.790827 (0.003876)
potential : -1.265539 (0.003646)
energy : -0.474712 (0.000493)

kinetic : 0.790801 (0.003870)
potential : -1.265506 (0.003640)
energy : -0.474705 (0.000492)

kinetic : 0.790847 (0.003865)
potential : -1.265516 (0.003635)
energy : -0.474668 (0.000493)

kinetic : 0.790613 (0.003866)
potential : -1.265314 (0.003635)
energy : -0.474701 (0.000493)

kinetic : 0.790512 (0.003861)
potential : -1.265262 (0.003629)
energy : -0.474750 (0.000495)

kinetic : 0.790349 (0.003859)
potential : -1.265124 (0.003627)
energy : -0.474775 (0.000495)

kinetic : 0.790126 (0.003859)
potential : -1.264930 (0.003626)
energy : -0.474804 (0.000495)

kinetic : 0.790177 (0.003854)
potential : -1.264984 (0.003621)
energy : -0.474807 (0.000494)

kinetic : 0.789888 (0.003859)
potential : -1.264725 (0.003625)
energy : -0.474837 (0.000494)

kinetic : 0.789995 (0.003855)
potential : -1.264863 (0.003622)
energy : -0.474868 (0.000494)

kinetic : 0.789785 (0.003854)
potential : -1.264670 (0.003622)
energy : -0.474886 (0.000494)

kinetic : 0.790114 (0.003863)
potential : -1.264989 (0.003630)
energy : -0.474875 (0.000493)

kinetic : 0.789937 (0.003861)
potential : -1.264828 (0.003628)
energy : -0.474890 (0.000493)

kinetic : 0.789812 (0.003857)
potential : -1.264705 (0.003625)
energy : -0.474893 (0.000492)

kinetic : 0.789712 (0.003853)
potential : -1.264644 (0.003620)
energy : -0.474932 (0.000493)

kinetic : 0.789622 (0.003848)
potential : -1.264554 (0.003616)
energy : -0.474932 (0.000492)

kinetic : 0.789680 (0.003843)
potential : -1.264627 (0.003611)
energy : -0.474947 (0.000492)

kinetic : 0.789578 (0.003838)
potential : -1.264535 (0.003607)
energy : -0.474957 (0.000491)

kinetic : 0.789402 (0.003837)
potential : -1.264373 (0.003605)
energy : -0.474972 (0.000490)

kinetic : 0.789512 (0.003832)
potential : -1.264483 (0.003601)
energy : -0.474971 (0.000490)

kinetic : 0.789456 (0.003827)
potential : -1.264449 (0.003596)
energy : -0.474993 (0.000489)

kinetic : 0.789545 (0.003822)
potential : -1.264512 (0.003591)
energy : -0.474968 (0.000489)

kinetic : 0.789595 (0.003817)
potential : -1.264581 (0.003587)
energy : -0.474985 (0.000489)

kinetic : 0.789777 (0.003816)
potential : -1.264742 (0.003585)
energy : -0.474965 (0.000489)

kinetic : 0.789890 (0.003812)
potential : -1.264830 (0.003581)
energy : -0.474940 (0.000489)

kinetic : 0.789843 (0.003806)
potential : -1.264808 (0.003576)
energy : -0.474965 (0.000489)

kinetic : 0.789796 (0.003801)
potential : -1.264778 (0.003570)
energy : -0.474982 (0.000488)

kinetic : 0.789565 (0.003803)
potential : -1.264554 (0.003572)
energy : -0.474990 (0.000487)

kinetic : 0.789849 (0.003808)
potential : -1.264825 (0.003577)
energy : -0.474975 (0.000487)

kinetic : 0.789566 (0.003813)
potential : -1.264585 (0.003580)
energy : -0.475018 (0.000488)

kinetic : 0.789435 (0.003809)
potential : -1.264460 (0.003577)
energy : -0.475025 (0.000487)

kinetic : 0.789483 (0.003804)
potential : -1.264535 (0.003572)
energy : -0.475052 (0.000487)

kinetic : 0.789417 (0.003799)
potential : -1.264488 (0.003567)
energy : -0.475072 (0.000487)

kinetic : 0.789478 (0.003794)
potential : -1.264518 (0.003562)
energy : -0.475040 (0.000488)

kinetic : 0.789308 (0.003792)
potential : -1.264343 (0.003561)
energy : -0.475035 (0.000487)

kinetic : 0.789477 (0.003790)
potential : -1.264502 (0.003560)
energy : -0.475025 (0.000486)

kinetic : 0.789654 (0.003789)
potential : -1.264662 (0.003558)
energy : -0.475008 (0.000486)

kinetic : 0.789593 (0.003784)
potential : -1.264596 (0.003554)
energy : -0.475003 (0.000485)

kinetic : 0.789438 (0.003782)
potential : -1.264479 (0.003550)
energy : -0.475041 (0.000486)

kinetic : 0.789429 (0.003776)
potential : -1.264451 (0.003545)
energy : -0.475023 (0.000486)

kinetic : 0.789287 (0.003773)
potential : -1.264314 (0.003543)
energy : -0.475027 (0.000485)

kinetic : 0.789072 (0.003774)
potential : -1.264129 (0.003543)
energy : -0.475057 (0.000485)

kinetic : 0.788934 (0.003771)
potential : -1.264013 (0.003539)
energy : -0.475079 (0.000485)

kinetic : 0.788894 (0.003766)
potential : -1.263997 (0.003534)
energy : -0.475103 (0.000485)

kinetic : 0.788838 (0.003761)
potential : -1.263958 (0.003530)
energy : -0.475120 (0.000484)

kinetic : 0.789094 (0.003764)
potential : -1.264244 (0.003536)
energy : -0.475150 (0.000485)

kinetic : 0.789026 (0.003759)
potential : -1.264181 (0.003532)
energy : -0.475155 (0.000484)

kinetic : 0.788879 (0.003757)
potential : -1.264033 (0.003530)
energy : -0.475154 (0.000483)

kinetic : 0.788716 (0.003755)
potential : -1.263890 (0.003527)
energy : -0.475174 (0.000483)

kinetic : 0.788641 (0.003750)
potential : -1.263807 (0.003523)
energy : -0.475166 (0.000482)

kinetic : 0.788601 (0.003745)
potential : -1.263770 (0.003519)
energy : -0.475169 (0.000482)

kinetic : 0.788510 (0.003741)
potential : -1.263671 (0.003515)
energy : -0.475160 (0.000481)

kinetic : 0.788352 (0.003739)
potential : -1.263507 (0.003514)
energy : -0.475155 (0.000480)

kinetic : 0.788289 (0.003734)
potential : -1.263448 (0.003509)
energy : -0.475159 (0.000480)

kinetic : 0.788151 (0.003732)
potential : -1.263307 (0.003507)
energy : -0.475155 (0.000479)

kinetic : 0.788251 (0.003728)
potential : -1.263406 (0.003504)
energy : -0.475154 (0.000478)

kinetic : 0.788213 (0.003723)
potential : -1.263368 (0.003499)
energy : -0.475155 (0.000478)

kinetic : 0.788318 (0.003719)
potential : -1.263459 (0.003495)
energy : -0.475141 (0.000477)

kinetic : 0.788339 (0.003714)
potential : -1.263498 (0.003490)
energy : -0.475160 (0.000477)

kinetic : 0.788320 (0.003708)
potential : -1.263488 (0.003485)
energy : -0.475168 (0.000476)

kinetic : 0.788314 (0.003703)
potential : -1.263492 (0.003481)
energy : -0.475178 (0.000476)

kinetic : 0.788423 (0.003700)
potential : -1.263620 (0.003478)
energy : -0.475197 (0.000475)

kinetic : 0.788550 (0.003697)
potential : -1.263739 (0.003475)
energy : -0.475189 (0.000475)

kinetic : 0.788426 (0.003694)
potential : -1.263615 (0.003472)
energy : -0.475189 (0.000474)

kinetic : 0.788307 (0.003690)
potential : -1.263526 (0.003469)
energy : -0.475219 (0.000474)

kinetic : 0.788095 (0.003691)
potential : -1.263311 (0.003471)
energy : -0.475216 (0.000474)

kinetic : 0.788061 (0.003686)
potential : -1.263268 (0.003466)
energy : -0.475207 (0.000473)

kinetic : 0.788355 (0.003693)
potential : -1.263585 (0.003476)
energy : -0.475230 (0.000473)

kinetic : 0.788220 (0.003690)
potential : -1.263458 (0.003473)
energy : -0.475238 (0.000473)

kinetic : 0.788307 (0.003686)
potential : -1.263542 (0.003469)
energy : -0.475236 (0.000472)

kinetic : 0.788373 (0.003682)
potential : -1.263605 (0.003465)
energy : -0.475232 (0.000471)

kinetic : 0.788165 (0.003682)
potential : -1.263405 (0.003466)
energy : -0.475240 (0.000471)

kinetic : 0.788127 (0.003677)
potential : -1.263356 (0.003462)
energy : -0.475229 (0.000470)

kinetic : 0.788046 (0.003673)
potential : -1.263274 (0.003458)
energy : -0.475228 (0.000469)

kinetic : 0.788009 (0.003668)
potential : -1.263248 (0.003453)
energy : -0.475239 (0.000469)

kinetic : 0.787964 (0.003664)
potential : -1.263201 (0.003449)
energy : -0.475237 (0.000468)

kinetic : 0.787917 (0.003659)
potential : -1.263144 (0.003444)
energy : -0.475227 (0.000468)

kinetic : 0.787780 (0.003656)
potential : -1.263011 (0.003442)
energy : -0.475231 (0.000467)

kinetic : 0.787830 (0.003652)
potential : -1.263080 (0.003438)
energy : -0.475250 (0.000467)

kinetic : 0.787871 (0.003647)
potential : -1.263141 (0.003434)
energy : -0.475270 (0.000467)

kinetic : 0.787820 (0.003642)
potential : -1.263103 (0.003430)
energy : -0.475283 (0.000466)

kinetic : 0.787898 (0.003638)
potential : -1.263155 (0.003425)
energy : -0.475257 (0.000466)

kinetic : 0.787846 (0.003634)
potential : -1.263113 (0.003421)
energy : -0.475267 (0.000466)

kinetic : 0.787835 (0.003629)
potential : -1.263074 (0.003416)
energy : -0.475239 (0.000466)

kinetic : 0.787623 (0.003630)
potential : -1.262886 (0.003417)
energy : -0.475263 (0.000466)

kinetic : 0.787860 (0.003633)
potential : -1.263100 (0.003419)
energy : -0.475240 (0.000466)

kinetic : 0.787728 (0.003630)
potential : -1.262995 (0.003416)
energy : -0.475266 (0.000466)

kinetic : 0.787888 (0.003629)
potential : -1.263117 (0.003414)
energy : -0.475228 (0.000467)

kinetic : 0.787814 (0.003625)
potential : -1.263077 (0.003409)
energy : -0.475263 (0.000467)

kinetic : 0.787753 (0.003620)
potential : -1.263013 (0.003405)
energy : -0.475259 (0.000467)

kinetic : 0.787592 (0.003619)
potential : -1.262882 (0.003403)
energy : -0.475290 (0.000467)

kinetic : 0.787444 (0.003617)
potential : -1.262756 (0.003401)
energy : -0.475312 (0.000467)

kinetic : 0.787485 (0.003613)
potential : -1.262809 (0.003397)
energy : -0.475323 (0.000467)

kinetic : 0.787458 (0.003608)
potential : -1.262787 (0.003392)
energy : -0.475328 (0.000466)

kinetic : 0.787406 (0.003603)
potential : -1.262731 (0.003388)
energy : -0.475325 (0.000465)

kinetic : 0.787594 (0.003603)
potential : -1.262897 (0.003388)
energy : -0.475303 (0.000465)

kinetic : 0.787540 (0.003599)
potential : -1.262851 (0.003383)
energy : -0.475312 (0.000465)

kinetic : 0.787538 (0.003594)
potential : -1.262866 (0.003379)
energy : -0.475328 (0.000464)

kinetic : 0.787476 (0.003590)
potential : -1.262783 (0.003375)
energy : -0.475307 (0.000464)

kinetic : 0.787650 (0.003589)
potential : -1.262946 (0.003375)
energy : -0.475297 (0.000464)

kinetic : 0.787814 (0.003588)
potential : -1.263107 (0.003374)
energy : -0.475294 (0.000463)

kinetic : 0.788286 (0.003614)
potential : -1.263595 (0.003405)
energy : -0.475310 (0.000463)

kinetic : 0.788320 (0.003610)
potential : -1.263678 (0.003401)
energy : -0.475358 (0.000465)

kinetic : 0.788144 (0.003609)
potential : -1.263516 (0.003401)
energy : -0.475372 (0.000464)

kinetic : 0.788276 (0.003607)
potential : -1.263660 (0.003399)
energy : -0.475384 (0.000464)

kinetic : 0.788204 (0.003603)
potential : -1.263610 (0.003395)
energy : -0.475406 (0.000464)

kinetic : 0.788059 (0.003601)
potential : -1.263491 (0.003393)
energy : -0.475432 (0.000464)

kinetic : 0.788004 (0.003597)
potential : -1.263416 (0.003389)
energy : -0.475412 (0.000464)

kinetic : 0.787930 (0.003593)
potential : -1.263349 (0.003385)
energy : -0.475420 (0.000463)

kinetic : 0.787947 (0.003588)
potential : -1.263352 (0.003381)
energy : -0.475404 (0.000463)

kinetic : 0.787892 (0.003584)
potential : -1.263299 (0.003377)
energy : -0.475407 (0.000462)

kinetic : 0.787833 (0.003580)
potential : -1.263245 (0.003373)
energy : -0.475412 (0.000462)

kinetic : 0.787853 (0.003575)
potential : -1.263295 (0.003369)
energy : -0.475442 (0.000462)

kinetic : 0.787914 (0.003571)
potential : -1.263331 (0.003365)
energy : -0.475417 (0.000462)

kinetic : 0.788022 (0.003568)
potential : -1.263403 (0.003361)
energy : -0.475381 (0.000463)

kinetic : 0.787966 (0.003564)
potential : -1.263342 (0.003357)
energy : -0.475376 (0.000462)

kinetic : 0.788217 (0.003568)
potential : -1.263588 (0.003362)
energy : -0.475371 (0.000462)

kinetic : 0.788217 (0.003563)
potential : -1.263565 (0.003357)
energy : -0.475348 (0.000462)

kinetic : 0.788159 (0.003559)
potential : -1.263503 (0.003354)
energy : -0.475343 (0.000461)

kinetic : 0.788218 (0.003555)
potential : -1.263534 (0.003349)
energy : -0.475315 (0.000461)

kinetic : 0.788192 (0.003550)
potential : -1.263514 (0.003345)
energy : -0.475322 (0.000461)

kinetic : 0.788040 (0.003549)
potential : -1.263377 (0.003344)
energy : -0.475336 (0.000461)

kinetic : 0.788065 (0.003545)
potential : -1.263409 (0.003340)
energy : -0.475345 (0.000460)

kinetic : 0.787967 (0.003541)
potential : -1.263321 (0.003336)
energy : -0.475354 (0.000459)

kinetic : 0.787982 (0.003537)
potential : -1.263343 (0.003332)
energy : -0.475361 (0.000459)

kinetic : 0.788028 (0.003533)
potential : -1.263365 (0.003328)
energy : -0.475336 (0.000459)

kinetic : 0.787870 (0.003532)
potential : -1.263223 (0.003327)
energy : -0.475353 (0.000459)

kinetic : 0.787750 (0.003529)
potential : -1.263123 (0.003324)
energy : -0.475373 (0.000459)

kinetic : 0.787791 (0.003525)
potential : -1.263161 (0.003320)
energy : -0.475370 (0.000458)

kinetic : 0.787683 (0.003522)
potential : -1.263079 (0.003317)
energy : -0.475396 (0.000458)

kinetic : 0.787857 (0.003522)
potential : -1.263242 (0.003316)
energy : -0.475385 (0.000458)

kinetic : 0.787676 (0.003522)
potential : -1.263085 (0.003316)
energy : -0.475409 (0.000458)

kinetic : 0.787621 (0.003518)
potential : -1.263042 (0.003312)
energy : -0.475420 (0.000457)

kinetic : 0.787614 (0.003513)
potential : -1.263021 (0.003308)
energy : -0.475407 (0.000457)

kinetic : 0.787675 (0.003509)
potential : -1.263075 (0.003304)
energy : -0.475400 (0.000456)

kinetic : 0.787519 (0.003508)
potential : -1.262926 (0.003303)
energy : -0.475407 (0.000456)

kinetic : 0.787731 (0.003510)
potential : -1.263099 (0.003303)
energy : -0.475367 (0.000457)

kinetic : 0.787575 (0.003509)
potential : -1.262946 (0.003303)
energy : -0.475371 (0.000457)

kinetic : 0.787496 (0.003506)
potential : -1.262873 (0.003299)
energy : -0.475378 (0.000456)

kinetic : 0.787420 (0.003502)
potential : -1.262802 (0.003296)
energy : -0.475382 (0.000455)

kinetic : 0.787437 (0.003498)
potential : -1.262843 (0.003292)
energy : -0.475406 (0.000456)

kinetic : 0.787558 (0.003496)
potential : -1.262960 (0.003290)
energy : -0.475402 (0.000455)

kinetic : 0.787723 (0.003495)
potential : -1.263109 (0.003289)
energy : -0.475385 (0.000455)

kinetic : 0.787599 (0.003493)
potential : -1.263012 (0.003287)
energy : -0.475413 (0.000455)

kinetic : 0.787545 (0.003489)
potential : -1.262947 (0.003283)
energy : -0.475403 (0.000454)

kinetic : 0.787484 (0.003485)
potential : -1.262887 (0.003280)
energy : -0.475403 (0.000454)

kinetic : 0.787343 (0.003484)
potential : -1.262764 (0.003278)
energy : -0.475421 (0.000454)

kinetic : 0.787313 (0.003479)
potential : -1.262716 (0.003274)
energy : -0.475403 (0.000453)

kinetic : 0.787328 (0.003475)
potential : -1.262708 (0.003270)
energy : -0.475380 (0.000453)

kinetic : 0.787279 (0.003471)
potential : -1.262644 (0.003266)
energy : -0.475365 (0.000453)

kinetic : 0.787133 (0.003470)
potential : -1.262530 (0.003264)
energy : -0.475397 (0.000454)

kinetic : 0.787231 (0.003467)
potential : -1.262635 (0.003262)
energy : -0.475405 (0.000453)

kinetic : 0.787147 (0.003463)
potential : -1.262559 (0.003259)
energy : -0.475412 (0.000453)

kinetic : 0.787216 (0.003460)
potential : -1.262601 (0.003255)
energy : -0.475385 (0.000453)

kinetic : 0.787099 (0.003458)
potential : -1.262474 (0.003253)
energy : -0.475375 (0.000453)

kinetic : 0.786943 (0.003457)
potential : -1.262323 (0.003253)
energy : -0.475381 (0.000452)

kinetic : 0.786932 (0.003453)
potential : -1.262346 (0.003249)
energy : -0.475414 (0.000453)

kinetic : 0.786906 (0.003448)
potential : -1.262312 (0.003245)
energy : -0.475405 (0.000452)

kinetic : 0.787196 (0.003456)
potential : -1.262585 (0.003253)
energy : -0.475389 (0.000452)

kinetic : 0.787102 (0.003453)
potential : -1.262511 (0.003249)
energy : -0.475408 (0.000452)

kinetic : 0.787282 (0.003454)
potential : -1.262651 (0.003248)
energy : -0.475369 (0.000453)

kinetic : 0.787253 (0.003450)
potential : -1.262633 (0.003244)
energy : -0.475380 (0.000453)

kinetic : 0.787353 (0.003447)
potential : -1.262735 (0.003242)
energy : -0.475382 (0.000452)

kinetic : 0.787214 (0.003445)
potential : -1.262612 (0.003240)
energy : -0.475397 (0.000452)

kinetic : 0.787084 (0.003444)
potential : -1.262509 (0.003238)
energy : -0.475425 (0.000452)

kinetic : 0.787084 (0.003439)
potential : -1.262495 (0.003234)
energy : -0.475411 (0.000452)

kinetic : 0.787446 (0.003454)
potential : -1.262823 (0.003247)
energy : -0.475377 (0.000452)

kinetic : 0.787200 (0.003459)
potential : -1.262602 (0.003250)
energy : -0.475402 (0.000453)

kinetic : 0.787325 (0.003457)
potential : -1.262704 (0.003248)
energy : -0.475379 (0.000453)

kinetic : 0.787277 (0.003453)
potential : -1.262663 (0.003244)
energy : -0.475386 (0.000452)

kinetic : 0.787315 (0.003449)
potential : -1.262709 (0.003241)
energy : -0.475395 (0.000452)

kinetic : 0.787283 (0.003445)
potential : -1.262667 (0.003237)
energy : -0.475385 (0.000451)

kinetic : 0.787333 (0.003441)
potential : -1.262721 (0.003234)
energy : -0.475387 (0.000451)

kinetic : 0.787443 (0.003439)
potential : -1.262805 (0.003231)
energy : -0.475361 (0.000451)

kinetic : 0.787428 (0.003434)
potential : -1.262768 (0.003227)
energy : -0.475340 (0.000451)

kinetic : 0.787541 (0.003432)
potential : -1.262850 (0.003224)
energy : -0.475309 (0.000451)

kinetic : 0.787583 (0.003428)
potential : -1.262904 (0.003221)
energy : -0.475321 (0.000451)

kinetic : 0.787712 (0.003427)
potential : -1.263008 (0.003219)
energy : -0.475296 (0.000451)

kinetic : 0.787490 (0.003430)
potential : -1.262801 (0.003221)
energy : -0.475311 (0.000451)

kinetic : 0.787655 (0.003429)
potential : -1.262961 (0.003221)
energy : -0.475306 (0.000450)

kinetic : 0.787611 (0.003426)
potential : -1.262915 (0.003218)
energy : -0.475304 (0.000450)

kinetic : 0.787670 (0.003422)
potential : -1.262969 (0.003214)
energy : -0.475299 (0.000449)

kinetic : 0.787693 (0.003418)
potential : -1.262989 (0.003211)
energy : -0.475297 (0.000449)

kinetic : 0.787978 (0.003426)
potential : -1.263234 (0.003216)
energy : -0.475256 (0.000450)

kinetic : 0.788000 (0.003422)
potential : -1.263272 (0.003213)
energy : -0.475273 (0.000450)

kinetic : 0.787979 (0.003418)
potential : -1.263254 (0.003209)
energy : -0.475275 (0.000449)

kinetic : 0.787988 (0.003414)
potential : -1.263235 (0.003205)
energy : -0.475247 (0.000450)

kinetic : 0.787814 (0.003414)
potential : -1.263056 (0.003206)
energy : -0.475243 (0.000449)

kinetic : 0.787944 (0.003412)
potential : -1.263190 (0.003205)
energy : -0.475246 (0.000449)

kinetic : 0.788076 (0.003411)
potential : -1.263325 (0.003204)
energy : -0.475249 (0.000448)

kinetic : 0.788179 (0.003408)
potential : -1.263443 (0.003202)
energy : -0.475264 (0.000448)

kinetic : 0.788003 (0.003409)
potential : -1.263277 (0.003203)
energy : -0.475273 (0.000447)

kinetic : 0.787846 (0.003409)
potential : -1.263126 (0.003203)
energy : -0.475280 (0.000447)

kinetic : 0.787966 (0.003407)
potential : -1.263256 (0.003202)
energy : -0.475290 (0.000446)

kinetic : 0.787937 (0.003403)
potential : -1.263232 (0.003198)
energy : -0.475295 (0.000446)

kinetic : 0.787806 (0.003401)
potential : -1.263110 (0.003197)
energy : -0.475304 (0.000445)

kinetic : 0.787816 (0.003397)
potential : -1.263102 (0.003193)
energy : -0.475286 (0.000445)

kinetic : 0.787793 (0.003393)
potential : -1.263074 (0.003189)
energy : -0.475281 (0.000445)

kinetic : 0.787815 (0.003389)
potential : -1.263073 (0.003185)
energy : -0.475258 (0.000445)

kinetic : 0.787625 (0.003391)
potential : -1.262889 (0.003187)
energy : -0.475264 (0.000444)

kinetic : 0.787569 (0.003387)
potential : -1.262846 (0.003183)
energy : -0.475277 (0.000444)

kinetic : 0.787572 (0.003383)
potential : -1.262852 (0.003180)
energy : -0.475280 (0.000444)

kinetic : 0.787593 (0.003379)
potential : -1.262882 (0.003176)
energy : -0.475289 (0.000443)

kinetic : 0.787619 (0.003375)
potential : -1.262896 (0.003172)
energy : -0.475277 (0.000443)

kinetic : 0.787533 (0.003373)
potential : -1.262813 (0.003170)
energy : -0.475280 (0.000442)

kinetic : 0.787495 (0.003369)
potential : -1.262783 (0.003166)
energy : -0.475288 (0.000442)

kinetic : 0.787423 (0.003366)
potential : -1.262720 (0.003163)
energy : -0.475296 (0.000441)

kinetic : 0.787559 (0.003365)
potential : -1.262838 (0.003162)
energy : -0.475279 (0.000441)

kinetic : 0.787496 (0.003361)
potential : -1.262775 (0.003159)
energy : -0.475279 (0.000441)

kinetic : 0.787837 (0.003375)
potential : -1.263093 (0.003171)
energy : -0.475257 (0.000441)

kinetic : 0.787876 (0.003371)
potential : -1.263139 (0.003168)
energy : -0.475263 (0.000440)

kinetic : 0.788043 (0.003371)
potential : -1.263291 (0.003168)
energy : -0.475248 (0.000440)

kinetic : 0.787955 (0.003368)
potential : -1.263193 (0.003166)
energy : -0.475239 (0.000440)

kinetic : 0.787902 (0.003365)
potential : -1.263151 (0.003162)
energy : -0.475249 (0.000439)

kinetic : 0.787853 (0.003361)
potential : -1.263089 (0.003159)
energy : -0.475237 (0.000439)

kinetic : 0.787939 (0.003359)
potential : -1.263188 (0.003157)
energy : -0.475249 (0.000439)

kinetic : 0.787936 (0.003355)
potential : -1.263161 (0.003153)
energy : -0.475225 (0.000439)

kinetic : 0.787880 (0.003351)
potential : -1.263094 (0.003151)
energy : -0.475214 (0.000438)

kinetic : 0.787975 (0.003349)
potential : -1.263158 (0.003148)
energy : -0.475184 (0.000439)

kinetic : 0.787956 (0.003345)
potential : -1.263154 (0.003144)
energy : -0.475198 (0.000439)

kinetic : 0.787841 (0.003343)
potential : -1.263045 (0.003142)
energy : -0.475204 (0.000438)

kinetic : 0.787854 (0.003339)
potential : -1.263045 (0.003139)
energy : -0.475191 (0.000438)

kinetic : 0.787977 (0.003338)
potential : -1.263155 (0.003137)
energy : -0.475177 (0.000438)

kinetic : 0.787899 (0.003335)
potential : -1.263076 (0.003134)
energy : -0.475177 (0.000437)

kinetic : 0.787656 (0.003340)
potential : -1.262858 (0.003138)
energy : -0.475202 (0.000437)

kinetic : 0.787663 (0.003336)
potential : -1.262865 (0.003135)
energy : -0.475202 (0.000437)

kinetic : 0.787699 (0.003333)
potential : -1.262914 (0.003132)
energy : -0.475216 (0.000436)

kinetic : 0.787797 (0.003330)
potential : -1.263011 (0.003130)
energy : -0.475215 (0.000436)

kinetic : 0.787888 (0.003328)
potential : -1.263106 (0.003128)
energy : -0.475218 (0.000436)

kinetic : 0.787905 (0.003324)
potential : -1.263125 (0.003124)
energy : -0.475220 (0.000435)

kinetic : 0.787812 (0.003321)
potential : -1.263064 (0.003121)
energy : -0.475252 (0.000436)

kinetic : 0.787969 (0.003321)
potential : -1.263209 (0.003121)
energy : -0.475240 (0.000435)

kinetic : 0.788164 (0.003323)
potential : -1.263390 (0.003123)
energy : -0.475226 (0.000435)

kinetic : 0.788119 (0.003320)
potential : -1.263354 (0.003119)
energy : -0.475235 (0.000435)

kinetic : 0.788042 (0.003317)
potential : -1.263292 (0.003116)
energy : -0.475251 (0.000435)

kinetic : 0.787988 (0.003314)
potential : -1.263241 (0.003113)
energy : -0.475252 (0.000434)

kinetic : 0.787932 (0.003311)
potential : -1.263198 (0.003110)
energy : -0.475266 (0.000434)

kinetic : 0.788008 (0.003308)
potential : -1.263266 (0.003107)
energy : -0.475257 (0.000433)

kinetic : 0.787929 (0.003305)
potential : -1.263194 (0.003105)
energy : -0.475265 (0.000433)

kinetic : 0.788509 (0.003352)
potential : -1.263767 (0.003154)
energy : -0.475258 (0.000432)

kinetic : 0.788750 (0.003357)
potential : -1.263997 (0.003159)
energy : -0.475246 (0.000432)

kinetic : 0.788729 (0.003353)
potential : -1.263959 (0.003155)
energy : -0.475230 (0.000432)

kinetic : 0.788880 (0.003353)
potential : -1.264082 (0.003154)
energy : -0.475202 (0.000432)

kinetic : 0.788924 (0.003349)
potential : -1.264154 (0.003151)
energy : -0.475230 (0.000433)

kinetic : 0.788773 (0.003349)
potential : -1.264031 (0.003150)
energy : -0.475258 (0.000433)

kinetic : 0.788851 (0.003346)
potential : -1.264097 (0.003148)
energy : -0.475246 (0.000433)

kinetic : 0.788867 (0.003342)
potential : -1.264115 (0.003144)
energy : -0.475248 (0.000432)

kinetic : 0.788927 (0.003339)
potential : -1.264184 (0.003141)
energy : -0.475257 (0.000432)

kinetic : 0.788922 (0.003335)
potential : -1.264190 (0.003138)
energy : -0.475268 (0.000432)

kinetic : 0.789023 (0.003333)
potential : -1.264283 (0.003136)
energy : -0.475260 (0.000431)

kinetic : 0.788970 (0.003330)
potential : -1.264237 (0.003133)
energy : -0.475267 (0.000431)

kinetic : 0.788816 (0.003330)
potential : -1.264091 (0.003133)
energy : -0.475275 (0.000430)

kinetic : 0.788765 (0.003327)
potential : -1.264057 (0.003129)
energy : -0.475292 (0.000430)

kinetic : 0.788645 (0.003325)
potential : -1.263925 (0.003129)
energy : -0.475279 (0.000430)

kinetic : 0.788535 (0.003323)
potential : -1.263826 (0.003127)
energy : -0.475291 (0.000430)

kinetic : 0.788879 (0.003337)
potential : -1.264152 (0.003140)
energy : -0.475273 (0.000430)

kinetic : 0.789092 (0.003340)
potential : -1.264372 (0.003144)
energy : -0.475280 (0.000429)

kinetic : 0.788957 (0.003339)
potential : -1.264234 (0.003144)
energy : -0.475277 (0.000429)

kinetic : 0.788826 (0.003338)
potential : -1.264102 (0.003143)
energy : -0.475276 (0.000428)

kinetic : 0.788849 (0.003335)
potential : -1.264129 (0.003140)
energy : -0.475281 (0.000428)

kinetic : 0.788997 (0.003334)
potential : -1.264295 (0.003141)
energy : -0.475298 (0.000428)

kinetic : 0.788870 (0.003333)
potential : -1.264190 (0.003139)
energy : -0.475320 (0.000428)

kinetic : 0.788761 (0.003331)
potential : -1.264111 (0.003137)
energy : -0.475350 (0.000428)

kinetic : 0.788519 (0.003336)
potential : -1.263897 (0.003141)
energy : -0.475378 (0.000429)

kinetic : 0.788650 (0.003335)
potential : -1.264014 (0.003139)
energy : -0.475364 (0.000429)

kinetic : 0.788856 (0.003338)
potential : -1.264212 (0.003142)
energy : -0.475357 (0.000428)

kinetic : 0.789050 (0.003340)
potential : -1.264401 (0.003144)
energy : -0.475351 (0.000428)

kinetic : 0.789062 (0.003336)
potential : -1.264384 (0.003141)
energy : -0.475321 (0.000428)

kinetic : 0.789099 (0.003333)
potential : -1.264410 (0.003138)
energy : -0.475311 (0.000428)

kinetic : 0.789428 (0.003346)
potential : -1.264744 (0.003152)
energy : -0.475316 (0.000427)

kinetic : 0.789319 (0.003344)
potential : -1.264626 (0.003151)
energy : -0.475307 (0.000427)

kinetic : 0.789286 (0.003340)
potential : -1.264621 (0.003147)
energy : -0.475335 (0.000428)

kinetic : 0.789218 (0.003337)
potential : -1.264562 (0.003145)
energy : -0.475344 (0.000427)

kinetic : 0.789285 (0.003334)
potential : -1.264624 (0.003142)
energy : -0.475339 (0.000427)

kinetic : 0.789244 (0.003331)
potential : -1.264570 (0.003139)
energy : -0.475326 (0.000426)

kinetic : 0.789432 (0.003333)
potential : -1.264745 (0.003140)
energy : -0.475313 (0.000426)

kinetic : 0.789305 (0.003332)
potential : -1.264630 (0.003139)
energy : -0.475325 (0.000426)

kinetic : 0.789367 (0.003329)
potential : -1.264678 (0.003136)
energy : -0.475311 (0.000426)

kinetic : 0.789243 (0.003327)
potential : -1.264551 (0.003135)
energy : -0.475309 (0.000425)

kinetic : 0.789224 (0.003324)
potential : -1.264524 (0.003132)
energy : -0.475300 (0.000425)

kinetic : 0.789349 (0.003323)
potential : -1.264647 (0.003131)
energy : -0.475298 (0.000424)

kinetic : 0.789240 (0.003321)
potential : -1.264558 (0.003129)
energy : -0.475318 (0.000424)

kinetic : 0.789364 (0.003320)
potential : -1.264660 (0.003127)
energy : -0.475295 (0.000425)

kinetic : 0.789268 (0.003317)
potential : -1.264584 (0.003125)
energy : -0.475315 (0.000425)

kinetic : 0.789318 (0.003314)
potential : -1.264638 (0.003122)
energy : -0.475320 (0.000424)

kinetic : 0.789265 (0.003311)
potential : -1.264576 (0.003119)
energy : -0.475310 (0.000424)

kinetic : 0.789266 (0.003308)
potential : -1.264580 (0.003116)
energy : -0.475314 (0.000423)

kinetic : 0.789237 (0.003304)
potential : -1.264549 (0.003113)
energy : -0.475312 (0.000423)

kinetic : 0.789257 (0.003301)
potential : -1.264592 (0.003110)
energy : -0.475335 (0.000423)

kinetic : 0.789428 (0.003302)
potential : -1.264735 (0.003110)
energy : -0.475307 (0.000424)

kinetic : 0.789484 (0.003299)
potential : -1.264803 (0.003107)
energy : -0.475319 (0.000423)

kinetic : 0.789363 (0.003297)
potential : -1.264696 (0.003106)
energy : -0.475334 (0.000423)

kinetic : 0.789417 (0.003294)
potential : -1.264746 (0.003103)
energy : -0.475329 (0.000423)

kinetic : 0.789331 (0.003292)
potential : -1.264668 (0.003101)
energy : -0.475337 (0.000422)

kinetic : 0.789374 (0.003289)
potential : -1.264698 (0.003097)
energy : -0.475324 (0.000422)

kinetic : 0.789453 (0.003286)
potential : -1.264767 (0.003095)
energy : -0.475315 (0.000422)

kinetic : 0.789305 (0.003286)
potential : -1.264636 (0.003094)
energy : -0.475331 (0.000422)

kinetic : 0.789187 (0.003285)
potential : -1.264530 (0.003093)
energy : -0.475343 (0.000421)

kinetic : 0.789168 (0.003281)
potential : -1.264521 (0.003090)
energy : -0.475353 (0.000421)

kinetic : 0.789145 (0.003278)
potential : -1.264492 (0.003087)
energy : -0.475347 (0.000421)

kinetic : 0.789037 (0.003276)
potential : -1.264378 (0.003086)
energy : -0.475341 (0.000420)

kinetic : 0.789053 (0.003273)
potential : -1.264376 (0.003082)
energy : -0.475323 (0.000420)

kinetic : 0.788962 (0.003271)
potential : -1.264289 (0.003080)
energy : -0.475327 (0.000420)

kinetic : 0.788911 (0.003268)
potential : -1.264243 (0.003077)
energy : -0.475331 (0.000419)

kinetic : 0.788889 (0.003264)
potential : -1.264221 (0.003074)
energy : -0.475332 (0.000419)

kinetic : 0.788905 (0.003261)
potential : -1.264248 (0.003071)
energy : -0.475343 (0.000419)

kinetic : 0.788896 (0.003258)
potential : -1.264256 (0.003068)
energy : -0.475360 (0.000419)

kinetic : 0.789021 (0.003257)
potential : -1.264377 (0.003067)
energy : -0.475356 (0.000418)

kinetic : 0.789059 (0.003253)
potential : -1.264419 (0.003064)
energy : -0.475360 (0.000418)

kinetic : 0.789061 (0.003250)
potential : -1.264423 (0.003061)
energy : -0.475363 (0.000417)

kinetic : 0.789047 (0.003247)
potential : -1.264405 (0.003058)
energy : -0.475357 (0.000417)

kinetic : 0.789236 (0.003249)
potential : -1.264568 (0.003059)
energy : -0.475332 (0.000417)

kinetic : 0.789280 (0.003246)
potential : -1.264610 (0.003056)
energy : -0.475329 (0.000417)

kinetic : 0.789226 (0.003243)
potential : -1.264561 (0.003053)
energy : -0.475335 (0.000416)

kinetic : 0.789116 (0.003241)
potential : -1.264475 (0.003052)
energy : -0.475359 (0.000417)

kinetic : 0.789021 (0.003239)
potential : -1.264380 (0.003050)
energy : -0.475359 (0.000416)

kinetic : 0.789192 (0.003241)
potential : -1.264542 (0.003051)
energy : -0.475350 (0.000416)

kinetic : 0.789169 (0.003237)
potential : -1.264524 (0.003048)
energy : -0.475355 (0.000415)

kinetic : 0.789027 (0.003237)
potential : -1.264416 (0.003047)
energy : -0.475389 (0.000416)

kinetic : 0.789059 (0.003234)
potential : -1.264434 (0.003044)
energy : -0.475375 (0.000416)

kinetic : 0.789015 (0.003231)
potential : -1.264373 (0.003041)
energy : -0.475358 (0.000416)

kinetic : 0.789013 (0.003228)
potential : -1.264341 (0.003038)
energy : -0.475328 (0.000417)

kinetic : 0.788840 (0.003229)
potential : -1.264154 (0.003041)
energy : -0.475313 (0.000417)

kinetic : 0.789014 (0.003230)
potential : -1.264307 (0.003042)
energy : -0.475294 (0.000417)

kinetic : 0.789059 (0.003227)
potential : -1.264343 (0.003039)
energy : -0.475284 (0.000416)

kinetic : 0.788955 (0.003226)
potential : -1.264239 (0.003037)
energy : -0.475284 (0.000416)

kinetic : 0.788941 (0.003222)
potential : -1.264213 (0.003034)
energy : -0.475272 (0.000416)

kinetic : 0.788916 (0.003219)
potential : -1.264164 (0.003032)
energy : -0.475248 (0.000416)

kinetic : 0.788870 (0.003216)
potential : -1.264120 (0.003029)
energy : -0.475249 (0.000416)

kinetic : 0.789023 (0.003216)
potential : -1.264277 (0.003030)
energy : -0.475254 (0.000415)

kinetic : 0.788964 (0.003214)
potential : -1.264232 (0.003027)
energy : -0.475268 (0.000415)

kinetic : 0.788924 (0.003211)
potential : -1.264195 (0.003024)
energy : -0.475271 (0.000415)

kinetic : 0.788986 (0.003208)
potential : -1.264259 (0.003022)
energy : -0.475273 (0.000414)

kinetic : 0.789179 (0.003211)
potential : -1.264440 (0.003024)
energy : -0.475262 (0.000414)

kinetic : 0.789201 (0.003207)
potential : -1.264456 (0.003021)
energy : -0.475255 (0.000413)

kinetic : 0.789501 (0.003218)
potential : -1.264774 (0.003035)
energy : -0.475273 (0.000413)

kinetic : 0.790157 (0.003281)
potential : -1.265394 (0.003094)
energy : -0.475237 (0.000415)

kinetic : 0.790102 (0.003278)
potential : -1.265350 (0.003092)
energy : -0.475248 (0.000414)

kinetic : 0.790003 (0.003276)
potential : -1.265264 (0.003090)
energy : -0.475261 (0.000414)

kinetic : 0.790071 (0.003274)
potential : -1.265336 (0.003087)
energy : -0.475265 (0.000414)

kinetic : 0.790036 (0.003271)
potential : -1.265301 (0.003085)
energy : -0.475265 (0.000413)

kinetic : 0.789855 (0.003272)
potential : -1.265130 (0.003086)
energy : -0.475275 (0.000413)

kinetic : 0.789907 (0.003270)
potential : -1.265161 (0.003083)
energy : -0.475255 (0.000413)

kinetic : 0.789944 (0.003266)
potential : -1.265190 (0.003080)
energy : -0.475247 (0.000413)

kinetic : 0.789964 (0.003263)
potential : -1.265204 (0.003077)
energy : -0.475239 (0.000412)

kinetic : 0.790077 (0.003262)
potential : -1.265313 (0.003076)
energy : -0.475236 (0.000412)

kinetic : 0.790115 (0.003259)
potential : -1.265355 (0.003073)
energy : -0.475240 (0.000412)

kinetic : 0.790146 (0.003256)
potential : -1.265379 (0.003070)
energy : -0.475233 (0.000411)

kinetic : 0.790201 (0.003253)
potential : -1.265431 (0.003068)
energy : -0.475229 (0.000411)
         kinetic: 0.7902(33), Sigma: 1.150, T_corr: 8.0
       potential: -1.2654(31), Sigma: 1.096, T_corr: 7.8
          energy: -0.47523(41), Sigma: 0.143, T_corr: 8.3

For tau = 1.00e+00, acceptance ratio = 0.65
Time: 715.40s
