
kinetic : 0.621999 (inf)
potential : -1.132490 (inf)
energy : -0.510491 (inf)

kinetic : 0.837700 (inf)
potential : -1.309105 (inf)
energy : -0.471404 (inf)

kinetic : 0.783413 (0.054287)
potential : -1.264301 (0.044804)
energy : -0.480888 (0.009483)

kinetic : 0.766579 (0.035577)
potential : -1.251737 (0.028757)
energy : -0.485159 (0.006944)

kinetic : 0.763310 (0.025369)
potential : -1.245163 (0.021371)
energy : -0.481853 (0.005919)

kinetic : 0.769898 (0.020725)
potential : -1.249118 (0.017020)
energy : -0.479221 (0.005287)

kinetic : 0.773668 (0.017337)
potential : -1.251904 (0.014173)
energy : -0.478236 (0.004428)

kinetic : 0.764754 (0.017151)
potential : -1.242296 (0.015356)
energy : -0.477542 (0.003806)

kinetic : 0.771147 (0.016170)
potential : -1.247679 (0.014346)
energy : -0.476531 (0.003447)

kinetic : 0.769581 (0.014347)
potential : -1.246942 (0.012674)
energy : -0.477361 (0.003152)

kinetic : 0.764867 (0.013671)
potential : -1.242815 (0.012064)
energy : -0.477948 (0.002879)

kinetic : 0.777897 (0.017964)
potential : -1.255037 (0.016384)
energy : -0.477140 (0.002727)

kinetic : 0.773859 (0.016888)
potential : -1.250643 (0.015588)
energy : -0.476784 (0.002515)

kinetic : 0.775012 (0.015578)
potential : -1.251686 (0.014377)
energy : -0.476674 (0.002316)

kinetic : 0.771957 (0.014742)
potential : -1.248430 (0.013703)
energy : -0.476473 (0.002153)

kinetic : 0.769410 (0.013958)
potential : -1.246664 (0.012878)
energy : -0.477254 (0.002152)

kinetic : 0.770168 (0.013079)
potential : -1.246772 (0.012047)
energy : -0.476604 (0.002115)

kinetic : 0.760877 (0.015403)
potential : -1.239142 (0.013648)
energy : -0.478265 (0.002590)

kinetic : 0.764305 (0.014921)
potential : -1.241085 (0.013014)
energy : -0.476780 (0.002858)

kinetic : 0.770704 (0.015497)
potential : -1.246604 (0.013490)
energy : -0.475900 (0.002843)

kinetic : 0.770225 (0.014710)
potential : -1.246066 (0.012809)
energy : -0.475841 (0.002697)

kinetic : 0.765148 (0.014884)
potential : -1.241380 (0.013054)
energy : -0.476232 (0.002595)

kinetic : 0.765367 (0.014193)
potential : -1.241499 (0.012447)
energy : -0.476132 (0.002477)

kinetic : 0.763709 (0.013663)
potential : -1.240219 (0.011962)
energy : -0.476510 (0.002396)

kinetic : 0.768172 (0.013822)
potential : -1.243674 (0.011963)
energy : -0.475502 (0.002506)

kinetic : 0.768111 (0.013257)
potential : -1.243577 (0.011475)
energy : -0.475467 (0.002404)

kinetic : 0.765131 (0.013081)
potential : -1.241893 (0.011152)
energy : -0.476762 (0.002648)

kinetic : 0.766121 (0.012626)
potential : -1.242891 (0.010778)
energy : -0.476770 (0.002548)

kinetic : 0.767609 (0.012258)
potential : -1.243974 (0.010442)
energy : -0.476364 (0.002489)

kinetic : 0.770273 (0.012124)
potential : -1.246127 (0.010303)
energy : -0.475853 (0.002455)

kinetic : 0.773784 (0.012227)
potential : -1.249327 (0.010456)
energy : -0.475543 (0.002392)

kinetic : 0.773651 (0.011827)
potential : -1.249255 (0.010113)
energy : -0.475604 (0.002314)

kinetic : 0.775933 (0.011677)
potential : -1.251113 (0.009967)
energy : -0.475179 (0.002281)

kinetic : 0.777093 (0.011377)
potential : -1.252568 (0.009769)
energy : -0.475474 (0.002230)

kinetic : 0.777164 (0.011037)
potential : -1.252758 (0.009479)
energy : -0.475593 (0.002167)

kinetic : 0.776462 (0.010740)
potential : -1.252516 (0.009207)
energy : -0.476053 (0.002154)

kinetic : 0.776964 (0.010450)
potential : -1.253326 (0.008985)
energy : -0.476362 (0.002116)

kinetic : 0.776470 (0.010175)
potential : -1.252762 (0.008757)
energy : -0.476292 (0.002059)

kinetic : 0.775333 (0.009969)
potential : -1.252328 (0.008534)
energy : -0.476995 (0.002124)

kinetic : 0.770947 (0.010655)
potential : -1.248591 (0.009114)
energy : -0.477643 (0.002168)

kinetic : 0.771988 (0.010437)
potential : -1.249430 (0.008923)
energy : -0.477441 (0.002122)

kinetic : 0.771980 (0.010179)
potential : -1.249381 (0.008702)
energy : -0.477401 (0.002070)

kinetic : 0.772756 (0.009964)
potential : -1.250013 (0.008516)
energy : -0.477256 (0.002026)

kinetic : 0.773358 (0.009748)
potential : -1.250960 (0.008369)
energy : -0.477601 (0.002008)

kinetic : 0.772993 (0.009531)
potential : -1.250461 (0.008192)
energy : -0.477468 (0.001966)

kinetic : 0.773508 (0.009331)
potential : -1.250953 (0.008023)
energy : -0.477444 (0.001922)

kinetic : 0.774703 (0.009204)
potential : -1.251893 (0.007903)
energy : -0.477190 (0.001897)

kinetic : 0.775151 (0.009017)
potential : -1.252121 (0.007736)
energy : -0.476970 (0.001869)

kinetic : 0.774106 (0.008889)
potential : -1.251138 (0.007637)
energy : -0.477033 (0.001831)

kinetic : 0.773517 (0.008725)
potential : -1.250960 (0.007482)
energy : -0.477443 (0.001840)

kinetic : 0.771848 (0.008711)
potential : -1.249407 (0.007493)
energy : -0.477559 (0.001806)

kinetic : 0.774785 (0.009029)
potential : -1.252332 (0.007906)
energy : -0.477547 (0.001770)

kinetic : 0.775157 (0.008862)
potential : -1.252666 (0.007760)
energy : -0.477509 (0.001736)

kinetic : 0.774006 (0.008769)
potential : -1.252196 (0.007626)
energy : -0.478190 (0.001835)

kinetic : 0.772755 (0.008695)
potential : -1.251189 (0.007551)
energy : -0.478434 (0.001817)

kinetic : 0.772999 (0.008539)
potential : -1.251423 (0.007416)
energy : -0.478424 (0.001783)

kinetic : 0.774702 (0.008557)
potential : -1.252871 (0.007425)
energy : -0.478170 (0.001770)

kinetic : 0.775284 (0.008425)
potential : -1.253160 (0.007300)
energy : -0.477876 (0.001763)

kinetic : 0.775890 (0.008301)
potential : -1.253522 (0.007182)
energy : -0.477632 (0.001749)

kinetic : 0.776860 (0.008216)
potential : -1.254597 (0.007141)
energy : -0.477737 (0.001723)

kinetic : 0.775323 (0.008223)
potential : -1.253239 (0.007151)
energy : -0.477916 (0.001703)

kinetic : 0.778141 (0.008564)
potential : -1.255793 (0.007482)
energy : -0.477653 (0.001695)

kinetic : 0.777205 (0.008477)
potential : -1.254888 (0.007416)
energy : -0.477683 (0.001668)

kinetic : 0.779599 (0.008678)
potential : -1.256773 (0.007537)
energy : -0.477175 (0.001719)

kinetic : 0.778289 (0.008641)
potential : -1.255804 (0.007481)
energy : -0.477515 (0.001725)

kinetic : 0.778169 (0.008508)
potential : -1.255657 (0.007367)
energy : -0.477488 (0.001699)

kinetic : 0.779022 (0.008421)
potential : -1.256390 (0.007291)
energy : -0.477369 (0.001677)

kinetic : 0.781387 (0.008625)
potential : -1.258410 (0.007460)
energy : -0.477023 (0.001688)

kinetic : 0.780386 (0.008556)
potential : -1.257280 (0.007436)
energy : -0.476894 (0.001668)

kinetic : 0.781316 (0.008483)
potential : -1.257862 (0.007351)
energy : -0.476547 (0.001680)

kinetic : 0.782158 (0.008403)
potential : -1.258620 (0.007284)
energy : -0.476462 (0.001658)

kinetic : 0.780810 (0.008393)
potential : -1.257424 (0.007280)
energy : -0.476614 (0.001641)

kinetic : 0.781576 (0.008311)
potential : -1.258276 (0.007228)
energy : -0.476699 (0.001621)

kinetic : 0.780923 (0.008222)
potential : -1.257571 (0.007163)
energy : -0.476649 (0.001599)

kinetic : 0.780320 (0.008133)
potential : -1.256923 (0.007096)
energy : -0.476603 (0.001578)

kinetic : 0.780260 (0.008024)
potential : -1.256857 (0.007001)
energy : -0.476598 (0.001557)

kinetic : 0.780013 (0.007921)
potential : -1.256520 (0.006916)
energy : -0.476507 (0.001539)

kinetic : 0.780259 (0.007821)
potential : -1.256625 (0.006827)
energy : -0.476366 (0.001525)

kinetic : 0.780873 (0.007745)
potential : -1.257099 (0.006755)
energy : -0.476226 (0.001512)

kinetic : 0.780779 (0.007647)
potential : -1.256821 (0.006675)
energy : -0.476042 (0.001504)

kinetic : 0.780453 (0.007558)
potential : -1.256648 (0.006593)
energy : -0.476195 (0.001493)

kinetic : 0.783215 (0.007958)
potential : -1.259041 (0.006937)
energy : -0.475826 (0.001520)

kinetic : 0.782946 (0.007865)
potential : -1.258834 (0.006855)
energy : -0.475888 (0.001503)

kinetic : 0.784594 (0.007943)
potential : -1.260280 (0.006925)
energy : -0.475686 (0.001498)

kinetic : 0.784863 (0.007852)
potential : -1.260538 (0.006847)
energy : -0.475675 (0.001480)

kinetic : 0.786695 (0.007973)
potential : -1.262278 (0.006986)
energy : -0.475583 (0.001466)

kinetic : 0.786838 (0.007881)
potential : -1.262505 (0.006908)
energy : -0.475667 (0.001451)

kinetic : 0.786559 (0.007795)
potential : -1.262216 (0.006834)
energy : -0.475657 (0.001434)

kinetic : 0.788168 (0.007872)
potential : -1.263486 (0.006874)
energy : -0.475318 (0.001458)

kinetic : 0.787928 (0.007786)
potential : -1.263192 (0.006803)
energy : -0.475264 (0.001442)

kinetic : 0.788081 (0.007701)
potential : -1.263471 (0.006733)
energy : -0.475390 (0.001432)

kinetic : 0.787199 (0.007667)
potential : -1.262526 (0.006725)
energy : -0.475326 (0.001417)

kinetic : 0.786540 (0.007611)
potential : -1.262105 (0.006665)
energy : -0.475565 (0.001422)

kinetic : 0.787029 (0.007545)
potential : -1.262697 (0.006619)
energy : -0.475668 (0.001410)

kinetic : 0.787569 (0.007484)
potential : -1.263187 (0.006567)
energy : -0.475619 (0.001396)

kinetic : 0.786317 (0.007510)
potential : -1.262294 (0.006558)
energy : -0.475976 (0.001427)

kinetic : 0.785727 (0.007454)
potential : -1.261828 (0.006506)
energy : -0.476101 (0.001417)

kinetic : 0.786293 (0.007399)
potential : -1.262198 (0.006450)
energy : -0.475905 (0.001416)

kinetic : 0.785894 (0.007334)
potential : -1.261670 (0.006405)
energy : -0.475776 (0.001408)

kinetic : 0.786394 (0.007277)
potential : -1.262140 (0.006358)
energy : -0.475746 (0.001394)

kinetic : 0.785672 (0.007240)
potential : -1.261398 (0.006337)
energy : -0.475727 (0.001380)

kinetic : 0.786223 (0.007189)
potential : -1.261705 (0.006282)
energy : -0.475482 (0.001388)

kinetic : 0.786157 (0.007118)
potential : -1.261596 (0.006221)
energy : -0.475439 (0.001375)

kinetic : 0.785510 (0.007078)
potential : -1.260898 (0.006200)
energy : -0.475388 (0.001362)

kinetic : 0.786851 (0.007137)
potential : -1.262105 (0.006257)
energy : -0.475254 (0.001356)

kinetic : 0.786405 (0.007083)
potential : -1.261603 (0.006218)
energy : -0.475199 (0.001344)

kinetic : 0.786960 (0.007038)
potential : -1.262234 (0.006191)
energy : -0.475274 (0.001333)

kinetic : 0.786225 (0.007010)
potential : -1.261505 (0.006176)
energy : -0.475280 (0.001321)

kinetic : 0.784662 (0.007119)
potential : -1.260063 (0.006286)
energy : -0.475401 (0.001314)

kinetic : 0.784617 (0.007053)
potential : -1.260118 (0.006228)
energy : -0.475501 (0.001306)

kinetic : 0.785260 (0.007018)
potential : -1.260719 (0.006201)
energy : -0.475459 (0.001295)

kinetic : 0.784763 (0.006973)
potential : -1.260290 (0.006159)
energy : -0.475527 (0.001285)

kinetic : 0.784152 (0.006937)
potential : -1.259701 (0.006133)
energy : -0.475549 (0.001273)

kinetic : 0.783423 (0.006914)
potential : -1.258931 (0.006127)
energy : -0.475508 (0.001263)

kinetic : 0.783756 (0.006861)
potential : -1.259430 (0.006093)
energy : -0.475674 (0.001263)

kinetic : 0.783039 (0.006839)
potential : -1.258854 (0.006067)
energy : -0.475815 (0.001259)

kinetic : 0.782964 (0.006780)
potential : -1.258800 (0.006015)
energy : -0.475836 (0.001249)

kinetic : 0.782967 (0.006722)
potential : -1.258755 (0.005963)
energy : -0.475788 (0.001239)

kinetic : 0.782377 (0.006691)
potential : -1.258224 (0.005937)
energy : -0.475846 (0.001230)

kinetic : 0.781903 (0.006651)
potential : -1.257914 (0.005895)
energy : -0.476011 (0.001231)

kinetic : 0.780864 (0.006677)
potential : -1.257142 (0.005896)
energy : -0.476278 (0.001249)

kinetic : 0.780318 (0.006644)
potential : -1.256710 (0.005863)
energy : -0.476391 (0.001244)

kinetic : 0.780001 (0.006597)
potential : -1.256411 (0.005822)
energy : -0.476409 (0.001234)

kinetic : 0.779431 (0.006568)
potential : -1.255908 (0.005797)
energy : -0.476477 (0.001226)

kinetic : 0.779402 (0.006515)
potential : -1.255926 (0.005750)
energy : -0.476524 (0.001217)

kinetic : 0.778859 (0.006485)
potential : -1.255702 (0.005708)
energy : -0.476843 (0.001248)

kinetic : 0.778564 (0.006440)
potential : -1.255625 (0.005663)
energy : -0.477061 (0.001257)

kinetic : 0.778885 (0.006397)
potential : -1.255989 (0.005630)
energy : -0.477104 (0.001248)

kinetic : 0.779869 (0.006423)
potential : -1.256885 (0.005657)
energy : -0.477016 (0.001241)

kinetic : 0.779007 (0.006431)
potential : -1.256269 (0.005647)
energy : -0.477263 (0.001256)

kinetic : 0.778857 (0.006383)
potential : -1.256018 (0.005609)
energy : -0.477161 (0.001251)

kinetic : 0.779858 (0.006413)
potential : -1.256869 (0.005631)
energy : -0.477011 (0.001250)

kinetic : 0.780629 (0.006411)
potential : -1.257575 (0.005632)
energy : -0.476946 (0.001242)

kinetic : 0.780587 (0.006362)
potential : -1.257426 (0.005592)
energy : -0.476839 (0.001238)

kinetic : 0.780054 (0.006337)
potential : -1.257009 (0.005565)
energy : -0.476955 (0.001234)

kinetic : 0.780627 (0.006316)
potential : -1.257368 (0.005536)
energy : -0.476741 (0.001243)

kinetic : 0.779473 (0.006375)
potential : -1.256336 (0.005591)
energy : -0.476864 (0.001240)

kinetic : 0.779378 (0.006329)
potential : -1.256166 (0.005553)
energy : -0.476788 (0.001233)

kinetic : 0.779117 (0.006288)
potential : -1.255974 (0.005516)
energy : -0.476857 (0.001226)

kinetic : 0.779820 (0.006282)
potential : -1.256628 (0.005515)
energy : -0.476808 (0.001218)

kinetic : 0.780207 (0.006249)
potential : -1.256983 (0.005487)
energy : -0.476776 (0.001210)

kinetic : 0.780078 (0.006206)
potential : -1.256771 (0.005452)
energy : -0.476693 (0.001204)

kinetic : 0.779375 (0.006202)
potential : -1.256229 (0.005440)
energy : -0.476854 (0.001206)

kinetic : 0.779515 (0.006160)
potential : -1.256287 (0.005402)
energy : -0.476772 (0.001201)

kinetic : 0.778704 (0.006171)
potential : -1.255575 (0.005412)
energy : -0.476871 (0.001197)

kinetic : 0.778848 (0.006130)
potential : -1.255673 (0.005375)
energy : -0.476825 (0.001189)

kinetic : 0.778295 (0.006113)
potential : -1.255197 (0.005360)
energy : -0.476901 (0.001183)

kinetic : 0.778602 (0.006079)
potential : -1.255502 (0.005332)
energy : -0.476900 (0.001175)

kinetic : 0.778634 (0.006038)
potential : -1.255529 (0.005296)
energy : -0.476895 (0.001167)

kinetic : 0.779105 (0.006015)
potential : -1.256002 (0.005281)
energy : -0.476897 (0.001160)

kinetic : 0.780102 (0.006058)
potential : -1.256942 (0.005329)
energy : -0.476840 (0.001153)

kinetic : 0.781484 (0.006174)
potential : -1.258242 (0.005451)
energy : -0.476758 (0.001148)

kinetic : 0.781883 (0.006146)
potential : -1.258515 (0.005422)
energy : -0.476632 (0.001148)

kinetic : 0.781671 (0.006110)
potential : -1.258361 (0.005389)
energy : -0.476689 (0.001142)

kinetic : 0.781369 (0.006078)
potential : -1.258040 (0.005363)
energy : -0.476671 (0.001135)

kinetic : 0.781070 (0.006046)
potential : -1.257744 (0.005337)
energy : -0.476674 (0.001127)

kinetic : 0.781651 (0.006035)
potential : -1.258205 (0.005322)
energy : -0.476554 (0.001126)

kinetic : 0.782819 (0.006109)
potential : -1.259282 (0.005397)
energy : -0.476464 (0.001123)

kinetic : 0.783549 (0.006114)
potential : -1.259905 (0.005399)
energy : -0.476355 (0.001121)

kinetic : 0.783378 (0.006078)
potential : -1.259667 (0.005370)
energy : -0.476289 (0.001116)

kinetic : 0.783588 (0.006043)
potential : -1.259902 (0.005341)
energy : -0.476314 (0.001109)

kinetic : 0.783598 (0.006006)
potential : -1.259843 (0.005309)
energy : -0.476245 (0.001104)

kinetic : 0.784120 (0.005991)
potential : -1.260289 (0.005295)
energy : -0.476169 (0.001100)

kinetic : 0.784545 (0.005969)
potential : -1.260668 (0.005276)
energy : -0.476123 (0.001094)

kinetic : 0.783711 (0.005991)
potential : -1.260045 (0.005280)
energy : -0.476334 (0.001108)

kinetic : 0.784838 (0.006060)
potential : -1.261243 (0.005383)
energy : -0.476405 (0.001103)

kinetic : 0.784674 (0.006026)
potential : -1.260995 (0.005356)
energy : -0.476320 (0.001100)

kinetic : 0.784032 (0.006024)
potential : -1.260485 (0.005348)
energy : -0.476454 (0.001102)

kinetic : 0.783251 (0.006039)
potential : -1.259818 (0.005358)
energy : -0.476567 (0.001101)

kinetic : 0.782860 (0.006016)
potential : -1.259530 (0.005334)
energy : -0.476670 (0.001099)

kinetic : 0.783019 (0.005982)
potential : -1.259705 (0.005306)
energy : -0.476686 (0.001093)

kinetic : 0.782327 (0.005987)
potential : -1.259074 (0.005312)
energy : -0.476747 (0.001088)

kinetic : 0.782691 (0.005964)
potential : -1.259349 (0.005288)
energy : -0.476659 (0.001085)

kinetic : 0.783875 (0.006046)
potential : -1.260416 (0.005365)
energy : -0.476541 (0.001086)

kinetic : 0.784575 (0.006052)
potential : -1.261178 (0.005388)
energy : -0.476603 (0.001081)

kinetic : 0.784667 (0.006018)
potential : -1.261257 (0.005357)
energy : -0.476590 (0.001075)

kinetic : 0.784705 (0.005984)
potential : -1.261206 (0.005327)
energy : -0.476501 (0.001073)

kinetic : 0.784024 (0.005989)
potential : -1.260608 (0.005331)
energy : -0.476584 (0.001070)

kinetic : 0.785523 (0.006141)
potential : -1.262153 (0.005521)
energy : -0.476630 (0.001065)

kinetic : 0.785132 (0.006119)
potential : -1.261756 (0.005505)
energy : -0.476624 (0.001059)

kinetic : 0.784895 (0.006089)
potential : -1.261569 (0.005477)
energy : -0.476674 (0.001054)

kinetic : 0.784849 (0.006056)
potential : -1.261605 (0.005447)
energy : -0.476756 (0.001051)

kinetic : 0.784968 (0.006023)
potential : -1.261626 (0.005417)
energy : -0.476657 (0.001050)

kinetic : 0.784738 (0.005995)
potential : -1.261370 (0.005393)
energy : -0.476632 (0.001045)

kinetic : 0.784928 (0.005965)
potential : -1.261537 (0.005367)
energy : -0.476609 (0.001039)

kinetic : 0.785489 (0.005959)
potential : -1.262023 (0.005359)
energy : -0.476534 (0.001036)

kinetic : 0.784992 (0.005948)
potential : -1.261546 (0.005352)
energy : -0.476554 (0.001031)

kinetic : 0.784955 (0.005916)
potential : -1.261439 (0.005324)
energy : -0.476484 (0.001028)

kinetic : 0.785064 (0.005886)
potential : -1.261533 (0.005297)
energy : -0.476469 (0.001022)

kinetic : 0.785753 (0.005895)
potential : -1.262174 (0.005308)
energy : -0.476421 (0.001018)

kinetic : 0.786266 (0.005886)
potential : -1.262603 (0.005297)
energy : -0.476337 (0.001016)

kinetic : 0.786532 (0.005861)
potential : -1.262884 (0.005277)
energy : -0.476353 (0.001011)

kinetic : 0.786061 (0.005850)
potential : -1.262474 (0.005265)
energy : -0.476413 (0.001008)

kinetic : 0.785671 (0.005832)
potential : -1.262068 (0.005253)
energy : -0.476397 (0.001003)

kinetic : 0.785027 (0.005838)
potential : -1.261437 (0.005264)
energy : -0.476410 (0.000997)

kinetic : 0.785191 (0.005810)
potential : -1.261533 (0.005238)
energy : -0.476342 (0.000995)

kinetic : 0.786067 (0.005846)
potential : -1.262321 (0.005270)
energy : -0.476254 (0.000993)

kinetic : 0.786616 (0.005843)
potential : -1.262772 (0.005263)
energy : -0.476155 (0.000993)

kinetic : 0.786818 (0.005816)
potential : -1.263009 (0.005242)
energy : -0.476191 (0.000989)

kinetic : 0.787242 (0.005803)
potential : -1.263397 (0.005230)
energy : -0.476155 (0.000985)

kinetic : 0.786976 (0.005780)
potential : -1.263201 (0.005207)
energy : -0.476225 (0.000982)

kinetic : 0.786751 (0.005755)
potential : -1.262973 (0.005186)
energy : -0.476222 (0.000977)

kinetic : 0.786891 (0.005728)
potential : -1.263067 (0.005161)
energy : -0.476177 (0.000973)

kinetic : 0.786592 (0.005708)
potential : -1.262793 (0.005143)
energy : -0.476201 (0.000969)

kinetic : 0.786743 (0.005682)
potential : -1.262918 (0.005119)
energy : -0.476175 (0.000965)

kinetic : 0.787257 (0.005677)
potential : -1.263384 (0.005116)
energy : -0.476127 (0.000961)

kinetic : 0.787447 (0.005653)
potential : -1.263427 (0.005091)
energy : -0.475980 (0.000968)

kinetic : 0.787980 (0.005651)
potential : -1.263932 (0.005091)
energy : -0.475952 (0.000963)

kinetic : 0.788241 (0.005630)
potential : -1.264140 (0.005071)
energy : -0.475899 (0.000960)

kinetic : 0.788155 (0.005603)
potential : -1.264047 (0.005048)
energy : -0.475892 (0.000956)

kinetic : 0.787919 (0.005582)
potential : -1.263899 (0.005026)
energy : -0.475980 (0.000955)

kinetic : 0.787548 (0.005567)
potential : -1.263628 (0.005009)
energy : -0.476079 (0.000956)

kinetic : 0.787125 (0.005557)
potential : -1.263271 (0.004998)
energy : -0.476146 (0.000954)

kinetic : 0.787615 (0.005553)
potential : -1.263698 (0.004993)
energy : -0.476083 (0.000951)

kinetic : 0.787362 (0.005532)
potential : -1.263361 (0.004981)
energy : -0.475999 (0.000950)

kinetic : 0.787668 (0.005515)
potential : -1.263679 (0.004968)
energy : -0.476011 (0.000946)

kinetic : 0.786978 (0.005533)
potential : -1.263121 (0.004976)
energy : -0.476142 (0.000951)

kinetic : 0.787077 (0.005508)
potential : -1.263320 (0.004957)
energy : -0.476243 (0.000952)

kinetic : 0.787782 (0.005528)
potential : -1.263942 (0.004974)
energy : -0.476160 (0.000951)

kinetic : 0.787398 (0.005516)
potential : -1.263648 (0.004960)
energy : -0.476249 (0.000951)

kinetic : 0.787486 (0.005491)
potential : -1.263629 (0.004937)
energy : -0.476143 (0.000952)

kinetic : 0.787670 (0.005470)
potential : -1.263881 (0.004921)
energy : -0.476211 (0.000951)

kinetic : 0.788621 (0.005527)
potential : -1.264682 (0.004964)
energy : -0.476061 (0.000958)

kinetic : 0.788675 (0.005503)
potential : -1.264722 (0.004942)
energy : -0.476047 (0.000954)

kinetic : 0.789146 (0.005498)
potential : -1.265076 (0.004932)
energy : -0.475930 (0.000957)

kinetic : 0.788964 (0.005477)
potential : -1.264915 (0.004913)
energy : -0.475952 (0.000953)

kinetic : 0.788426 (0.005479)
potential : -1.264499 (0.004909)
energy : -0.476074 (0.000956)

kinetic : 0.789247 (0.005516)
potential : -1.265261 (0.004946)
energy : -0.476014 (0.000954)

kinetic : 0.789161 (0.005493)
potential : -1.265126 (0.004926)
energy : -0.475965 (0.000951)

kinetic : 0.788764 (0.005483)
potential : -1.264687 (0.004924)
energy : -0.475923 (0.000948)

kinetic : 0.788489 (0.005466)
potential : -1.264443 (0.004909)
energy : -0.475954 (0.000944)

kinetic : 0.788618 (0.005444)
potential : -1.264531 (0.004888)
energy : -0.475913 (0.000941)

kinetic : 0.788223 (0.005435)
potential : -1.264189 (0.004879)
energy : -0.475967 (0.000939)

kinetic : 0.788249 (0.005411)
potential : -1.264199 (0.004858)
energy : -0.475950 (0.000935)

kinetic : 0.787906 (0.005399)
potential : -1.263952 (0.004844)
energy : -0.476046 (0.000936)

kinetic : 0.787804 (0.005377)
potential : -1.263879 (0.004823)
energy : -0.476075 (0.000932)

kinetic : 0.788248 (0.005372)
potential : -1.264307 (0.004822)
energy : -0.476060 (0.000928)

kinetic : 0.788633 (0.005364)
potential : -1.264584 (0.004810)
energy : -0.475950 (0.000931)

kinetic : 0.788935 (0.005350)
potential : -1.264820 (0.004795)
energy : -0.475885 (0.000929)

kinetic : 0.788636 (0.005336)
potential : -1.264517 (0.004785)
energy : -0.475882 (0.000925)

kinetic : 0.788570 (0.005314)
potential : -1.264446 (0.004765)
energy : -0.475875 (0.000921)

kinetic : 0.788774 (0.005296)
potential : -1.264650 (0.004750)
energy : -0.475875 (0.000918)

kinetic : 0.788782 (0.005274)
potential : -1.264564 (0.004731)
energy : -0.475782 (0.000919)

kinetic : 0.788845 (0.005252)
potential : -1.264669 (0.004713)
energy : -0.475823 (0.000916)

kinetic : 0.788845 (0.005231)
potential : -1.264656 (0.004693)
energy : -0.475811 (0.000912)

kinetic : 0.788513 (0.005220)
potential : -1.264356 (0.004684)
energy : -0.475842 (0.000909)

kinetic : 0.788273 (0.005204)
potential : -1.264165 (0.004669)
energy : -0.475892 (0.000907)

kinetic : 0.788532 (0.005189)
potential : -1.264377 (0.004654)
energy : -0.475845 (0.000904)

kinetic : 0.789239 (0.005217)
potential : -1.264977 (0.004674)
energy : -0.475738 (0.000907)

kinetic : 0.789653 (0.005212)
potential : -1.265302 (0.004667)
energy : -0.475648 (0.000908)

kinetic : 0.789952 (0.005200)
potential : -1.265533 (0.004654)
energy : -0.475581 (0.000906)

kinetic : 0.790102 (0.005181)
potential : -1.265599 (0.004636)
energy : -0.475497 (0.000907)

kinetic : 0.790540 (0.005179)
potential : -1.265957 (0.004631)
energy : -0.475417 (0.000907)

kinetic : 0.790290 (0.005165)
potential : -1.265754 (0.004617)
energy : -0.475464 (0.000904)

kinetic : 0.790313 (0.005144)
potential : -1.265739 (0.004599)
energy : -0.475426 (0.000901)

kinetic : 0.789942 (0.005138)
potential : -1.265373 (0.004596)
energy : -0.475431 (0.000898)

kinetic : 0.790026 (0.005118)
potential : -1.265471 (0.004579)
energy : -0.475445 (0.000895)

kinetic : 0.789790 (0.005104)
potential : -1.265276 (0.004565)
energy : -0.475486 (0.000892)

kinetic : 0.789877 (0.005085)
potential : -1.265334 (0.004548)
energy : -0.475457 (0.000889)

kinetic : 0.789749 (0.005067)
potential : -1.265200 (0.004532)
energy : -0.475451 (0.000886)

kinetic : 0.789783 (0.005047)
potential : -1.265250 (0.004515)
energy : -0.475467 (0.000882)

kinetic : 0.789542 (0.005034)
potential : -1.264984 (0.004505)
energy : -0.475442 (0.000879)

kinetic : 0.789326 (0.005019)
potential : -1.264790 (0.004492)
energy : -0.475463 (0.000876)

kinetic : 0.789248 (0.005000)
potential : -1.264659 (0.004477)
energy : -0.475411 (0.000874)

kinetic : 0.788950 (0.004990)
potential : -1.264367 (0.004470)
energy : -0.475417 (0.000871)

kinetic : 0.788905 (0.004972)
potential : -1.264344 (0.004453)
energy : -0.475439 (0.000868)

kinetic : 0.788946 (0.004953)
potential : -1.264350 (0.004436)
energy : -0.475404 (0.000865)

kinetic : 0.788664 (0.004943)
potential : -1.264069 (0.004428)
energy : -0.475405 (0.000862)

kinetic : 0.788732 (0.004925)
potential : -1.264063 (0.004412)
energy : -0.475331 (0.000862)

kinetic : 0.788959 (0.004912)
potential : -1.264286 (0.004401)
energy : -0.475326 (0.000859)

kinetic : 0.788706 (0.004900)
potential : -1.264132 (0.004387)
energy : -0.475426 (0.000862)

kinetic : 0.789037 (0.004893)
potential : -1.264384 (0.004378)
energy : -0.475347 (0.000862)

kinetic : 0.789039 (0.004875)
potential : -1.264427 (0.004362)
energy : -0.475388 (0.000860)

kinetic : 0.789065 (0.004857)
potential : -1.264458 (0.004346)
energy : -0.475393 (0.000857)

kinetic : 0.789299 (0.004845)
potential : -1.264612 (0.004333)
energy : -0.475313 (0.000857)

kinetic : 0.789044 (0.004834)
potential : -1.264328 (0.004327)
energy : -0.475284 (0.000855)

kinetic : 0.788908 (0.004818)
potential : -1.264192 (0.004313)
energy : -0.475284 (0.000852)

kinetic : 0.789126 (0.004806)
potential : -1.264379 (0.004302)
energy : -0.475253 (0.000849)

kinetic : 0.789259 (0.004790)
potential : -1.264541 (0.004289)
energy : -0.475282 (0.000847)

kinetic : 0.789480 (0.004778)
potential : -1.264770 (0.004280)
energy : -0.475290 (0.000844)

kinetic : 0.789633 (0.004764)
potential : -1.264848 (0.004265)
energy : -0.475215 (0.000844)

kinetic : 0.789636 (0.004747)
potential : -1.264941 (0.004251)
energy : -0.475305 (0.000846)

kinetic : 0.789519 (0.004731)
potential : -1.264813 (0.004238)
energy : -0.475294 (0.000843)

kinetic : 0.789226 (0.004724)
potential : -1.264596 (0.004229)
energy : -0.475369 (0.000843)

kinetic : 0.789267 (0.004707)
potential : -1.264648 (0.004214)
energy : -0.475381 (0.000840)

kinetic : 0.788958 (0.004701)
potential : -1.264357 (0.004209)
energy : -0.475400 (0.000837)

kinetic : 0.789200 (0.004691)
potential : -1.264528 (0.004198)
energy : -0.475328 (0.000838)

kinetic : 0.789228 (0.004674)
potential : -1.264592 (0.004184)
energy : -0.475364 (0.000835)

kinetic : 0.789261 (0.004658)
potential : -1.264571 (0.004169)
energy : -0.475310 (0.000834)

kinetic : 0.789087 (0.004645)
potential : -1.264367 (0.004160)
energy : -0.475280 (0.000832)

kinetic : 0.789342 (0.004636)
potential : -1.264639 (0.004155)
energy : -0.475297 (0.000829)

kinetic : 0.789234 (0.004622)
potential : -1.264541 (0.004141)
energy : -0.475307 (0.000826)

kinetic : 0.789113 (0.004607)
potential : -1.264436 (0.004129)
energy : -0.475323 (0.000824)

kinetic : 0.788803 (0.004602)
potential : -1.264162 (0.004124)
energy : -0.475358 (0.000822)

kinetic : 0.788960 (0.004589)
potential : -1.264269 (0.004111)
energy : -0.475308 (0.000820)

kinetic : 0.788984 (0.004574)
potential : -1.264233 (0.004097)
energy : -0.475248 (0.000820)

kinetic : 0.788600 (0.004574)
potential : -1.263952 (0.004093)
energy : -0.475352 (0.000824)

kinetic : 0.788663 (0.004559)
potential : -1.264013 (0.004080)
energy : -0.475350 (0.000821)

kinetic : 0.788547 (0.004545)
potential : -1.263924 (0.004067)
energy : -0.475378 (0.000819)

kinetic : 0.788838 (0.004540)
potential : -1.264155 (0.004060)
energy : -0.475317 (0.000818)

kinetic : 0.789191 (0.004538)
potential : -1.264410 (0.004054)
energy : -0.475218 (0.000821)

kinetic : 0.789639 (0.004545)
potential : -1.264782 (0.004058)
energy : -0.475143 (0.000822)

kinetic : 0.789576 (0.004530)
potential : -1.264730 (0.004045)
energy : -0.475154 (0.000819)

kinetic : 0.789832 (0.004523)
potential : -1.264948 (0.004037)
energy : -0.475116 (0.000818)

kinetic : 0.789744 (0.004509)
potential : -1.264867 (0.004025)
energy : -0.475123 (0.000815)

kinetic : 0.789784 (0.004494)
potential : -1.264870 (0.004011)
energy : -0.475086 (0.000813)

kinetic : 0.789737 (0.004480)
potential : -1.264831 (0.003999)
energy : -0.475094 (0.000810)

kinetic : 0.789467 (0.004473)
potential : -1.264551 (0.003995)
energy : -0.475083 (0.000808)

kinetic : 0.789779 (0.004470)
potential : -1.264905 (0.003998)
energy : -0.475126 (0.000806)

kinetic : 0.789792 (0.004455)
potential : -1.264863 (0.003985)
energy : -0.475071 (0.000806)

kinetic : 0.789697 (0.004442)
potential : -1.264806 (0.003973)
energy : -0.475108 (0.000804)

kinetic : 0.789627 (0.004428)
potential : -1.264721 (0.003961)
energy : -0.475093 (0.000801)

kinetic : 0.789776 (0.004416)
potential : -1.264890 (0.003952)
energy : -0.475114 (0.000799)

kinetic : 0.790032 (0.004410)
potential : -1.265097 (0.003945)
energy : -0.475065 (0.000798)

kinetic : 0.789997 (0.004396)
potential : -1.265118 (0.003932)
energy : -0.475121 (0.000798)

kinetic : 0.790210 (0.004387)
potential : -1.265259 (0.003922)
energy : -0.475049 (0.000798)

kinetic : 0.789887 (0.004385)
potential : -1.264999 (0.003918)
energy : -0.475112 (0.000798)

kinetic : 0.789716 (0.004374)
potential : -1.264885 (0.003908)
energy : -0.475169 (0.000798)

kinetic : 0.789421 (0.004371)
potential : -1.264679 (0.003901)
energy : -0.475258 (0.000800)

kinetic : 0.789855 (0.004378)
potential : -1.265023 (0.003904)
energy : -0.475168 (0.000803)

kinetic : 0.789727 (0.004366)
potential : -1.264917 (0.003893)
energy : -0.475191 (0.000800)

kinetic : 0.789269 (0.004377)
potential : -1.264497 (0.003904)
energy : -0.475227 (0.000799)

kinetic : 0.789357 (0.004364)
potential : -1.264607 (0.003893)
energy : -0.475250 (0.000797)

kinetic : 0.789281 (0.004351)
potential : -1.264535 (0.003882)
energy : -0.475254 (0.000794)

kinetic : 0.789189 (0.004339)
potential : -1.264474 (0.003870)
energy : -0.475285 (0.000792)

kinetic : 0.788939 (0.004333)
potential : -1.264254 (0.003864)
energy : -0.475315 (0.000790)

kinetic : 0.788702 (0.004326)
potential : -1.263987 (0.003862)
energy : -0.475285 (0.000789)

kinetic : 0.788713 (0.004312)
potential : -1.264013 (0.003850)
energy : -0.475299 (0.000786)

kinetic : 0.788798 (0.004300)
potential : -1.264044 (0.003838)
energy : -0.475246 (0.000786)

kinetic : 0.789510 (0.004346)
potential : -1.264676 (0.003879)
energy : -0.475166 (0.000787)

kinetic : 0.789538 (0.004333)
potential : -1.264711 (0.003867)
energy : -0.475173 (0.000785)

kinetic : 0.789808 (0.004328)
potential : -1.264941 (0.003862)
energy : -0.475133 (0.000784)

kinetic : 0.789789 (0.004315)
potential : -1.264963 (0.003850)
energy : -0.475174 (0.000782)

kinetic : 0.789956 (0.004305)
potential : -1.265078 (0.003841)
energy : -0.475122 (0.000782)

kinetic : 0.789903 (0.004293)
potential : -1.265001 (0.003830)
energy : -0.475098 (0.000780)

kinetic : 0.789816 (0.004281)
potential : -1.264924 (0.003819)
energy : -0.475108 (0.000778)

kinetic : 0.789864 (0.004268)
potential : -1.264930 (0.003808)
energy : -0.475065 (0.000776)

kinetic : 0.789826 (0.004256)
potential : -1.264841 (0.003798)
energy : -0.475015 (0.000776)

kinetic : 0.789917 (0.004244)
potential : -1.264899 (0.003787)
energy : -0.474982 (0.000774)

kinetic : 0.790430 (0.004263)
potential : -1.265306 (0.003797)
energy : -0.474876 (0.000779)

kinetic : 0.790237 (0.004254)
potential : -1.265128 (0.003790)
energy : -0.474891 (0.000777)

kinetic : 0.789837 (0.004261)
potential : -1.264772 (0.003796)
energy : -0.474935 (0.000776)

kinetic : 0.790024 (0.004252)
potential : -1.264918 (0.003788)
energy : -0.474894 (0.000775)

kinetic : 0.790144 (0.004242)
potential : -1.264978 (0.003777)
energy : -0.474834 (0.000775)

kinetic : 0.790388 (0.004236)
potential : -1.265309 (0.003781)
energy : -0.474921 (0.000777)

kinetic : 0.790512 (0.004226)
potential : -1.265378 (0.003770)
energy : -0.474866 (0.000777)

kinetic : 0.790291 (0.004219)
potential : -1.265213 (0.003763)
energy : -0.474921 (0.000777)

kinetic : 0.790213 (0.004208)
potential : -1.265147 (0.003753)
energy : -0.474933 (0.000775)

kinetic : 0.790579 (0.004212)
potential : -1.265488 (0.003757)
energy : -0.474909 (0.000773)

kinetic : 0.790599 (0.004200)
potential : -1.265486 (0.003747)
energy : -0.474887 (0.000771)

kinetic : 0.790552 (0.004188)
potential : -1.265435 (0.003736)
energy : -0.474883 (0.000769)

kinetic : 0.790710 (0.004179)
potential : -1.265515 (0.003726)
energy : -0.474805 (0.000771)

kinetic : 0.790509 (0.004172)
potential : -1.265333 (0.003720)
energy : -0.474824 (0.000769)

kinetic : 0.790448 (0.004161)
potential : -1.265202 (0.003712)
energy : -0.474754 (0.000770)

kinetic : 0.790356 (0.004150)
potential : -1.265121 (0.003702)
energy : -0.474766 (0.000768)

kinetic : 0.790564 (0.004143)
potential : -1.265317 (0.003697)
energy : -0.474754 (0.000765)

kinetic : 0.790853 (0.004142)
potential : -1.265594 (0.003697)
energy : -0.474741 (0.000763)

kinetic : 0.790374 (0.004158)
potential : -1.265185 (0.003709)
energy : -0.474811 (0.000764)

kinetic : 0.790672 (0.004157)
potential : -1.265475 (0.003710)
energy : -0.474803 (0.000762)

kinetic : 0.791156 (0.004173)
potential : -1.265869 (0.003721)
energy : -0.474713 (0.000765)

kinetic : 0.791116 (0.004162)
potential : -1.265830 (0.003711)
energy : -0.474714 (0.000763)

kinetic : 0.791005 (0.004152)
potential : -1.265726 (0.003702)
energy : -0.474721 (0.000761)

kinetic : 0.791145 (0.004143)
potential : -1.265861 (0.003694)
energy : -0.474716 (0.000759)

kinetic : 0.791160 (0.004131)
potential : -1.265885 (0.003684)
energy : -0.474725 (0.000757)

kinetic : 0.791209 (0.004120)
potential : -1.265951 (0.003675)
energy : -0.474742 (0.000755)

kinetic : 0.791228 (0.004109)
potential : -1.266010 (0.003665)
energy : -0.474782 (0.000754)

kinetic : 0.791050 (0.004102)
potential : -1.265864 (0.003658)
energy : -0.474814 (0.000753)

kinetic : 0.791273 (0.004097)
potential : -1.266080 (0.003654)
energy : -0.474807 (0.000751)

kinetic : 0.791111 (0.004089)
potential : -1.265979 (0.003646)
energy : -0.474868 (0.000751)

kinetic : 0.791253 (0.004080)
potential : -1.266075 (0.003637)
energy : -0.474822 (0.000751)

kinetic : 0.791119 (0.004071)
potential : -1.265970 (0.003629)
energy : -0.474851 (0.000749)

kinetic : 0.791079 (0.004060)
potential : -1.265881 (0.003620)
energy : -0.474802 (0.000749)

kinetic : 0.790769 (0.004061)
potential : -1.265624 (0.003619)
energy : -0.474855 (0.000749)

kinetic : 0.790994 (0.004057)
potential : -1.265893 (0.003620)
energy : -0.474898 (0.000748)

kinetic : 0.790507 (0.004075)
potential : -1.265472 (0.003634)
energy : -0.474966 (0.000749)

kinetic : 0.790495 (0.004064)
potential : -1.265480 (0.003625)
energy : -0.474985 (0.000747)

kinetic : 0.790706 (0.004059)
potential : -1.265644 (0.003619)
energy : -0.474938 (0.000747)

kinetic : 0.790437 (0.004057)
potential : -1.265377 (0.003619)
energy : -0.474940 (0.000745)

kinetic : 0.789845 (0.004089)
potential : -1.264908 (0.003640)
energy : -0.475063 (0.000753)

kinetic : 0.790379 (0.004113)
potential : -1.265435 (0.003668)
energy : -0.475056 (0.000751)

kinetic : 0.790401 (0.004103)
potential : -1.265442 (0.003659)
energy : -0.475041 (0.000749)

kinetic : 0.790397 (0.004092)
potential : -1.265412 (0.003649)
energy : -0.475015 (0.000747)

kinetic : 0.790599 (0.004086)
potential : -1.265556 (0.003642)
energy : -0.474957 (0.000748)

kinetic : 0.790639 (0.004076)
potential : -1.265547 (0.003633)
energy : -0.474908 (0.000747)

kinetic : 0.790893 (0.004073)
potential : -1.265756 (0.003630)
energy : -0.474864 (0.000747)

kinetic : 0.790912 (0.004062)
potential : -1.265739 (0.003620)
energy : -0.474827 (0.000746)

kinetic : 0.790365 (0.004088)
potential : -1.265272 (0.003641)
energy : -0.474907 (0.000748)

kinetic : 0.790528 (0.004081)
potential : -1.265422 (0.003634)
energy : -0.474894 (0.000746)

kinetic : 0.790615 (0.004072)
potential : -1.265474 (0.003625)
energy : -0.474859 (0.000745)

kinetic : 0.790408 (0.004066)
potential : -1.265267 (0.003622)
energy : -0.474859 (0.000743)

kinetic : 0.790205 (0.004061)
potential : -1.265174 (0.003614)
energy : -0.474968 (0.000749)

kinetic : 0.790276 (0.004051)
potential : -1.265236 (0.003605)
energy : -0.474960 (0.000747)

kinetic : 0.790174 (0.004042)
potential : -1.265138 (0.003597)
energy : -0.474964 (0.000746)

kinetic : 0.790020 (0.004035)
potential : -1.265010 (0.003591)
energy : -0.474990 (0.000744)

kinetic : 0.789781 (0.004032)
potential : -1.264825 (0.003586)
energy : -0.475043 (0.000744)

kinetic : 0.789603 (0.004025)
potential : -1.264662 (0.003581)
energy : -0.475059 (0.000742)

kinetic : 0.789244 (0.004031)
potential : -1.264331 (0.003587)
energy : -0.475087 (0.000741)

kinetic : 0.789142 (0.004022)
potential : -1.264227 (0.003579)
energy : -0.475085 (0.000739)

kinetic : 0.788879 (0.004021)
potential : -1.264007 (0.003577)
energy : -0.475128 (0.000739)

kinetic : 0.788444 (0.004034)
potential : -1.263618 (0.003589)
energy : -0.475174 (0.000738)

kinetic : 0.788182 (0.004033)
potential : -1.263354 (0.003590)
energy : -0.475172 (0.000736)

kinetic : 0.788464 (0.004032)
potential : -1.263583 (0.003588)
energy : -0.475119 (0.000736)

kinetic : 0.788389 (0.004023)
potential : -1.263503 (0.003580)
energy : -0.475114 (0.000735)

kinetic : 0.788090 (0.004024)
potential : -1.263227 (0.003582)
energy : -0.475137 (0.000733)

kinetic : 0.788078 (0.004014)
potential : -1.263208 (0.003573)
energy : -0.475130 (0.000731)

kinetic : 0.787911 (0.004008)
potential : -1.263071 (0.003567)
energy : -0.475160 (0.000730)

kinetic : 0.787735 (0.004002)
potential : -1.262936 (0.003561)
energy : -0.475201 (0.000729)

kinetic : 0.787822 (0.003993)
potential : -1.263012 (0.003553)
energy : -0.475190 (0.000728)

kinetic : 0.787906 (0.003984)
potential : -1.263080 (0.003545)
energy : -0.475174 (0.000726)

kinetic : 0.787854 (0.003975)
potential : -1.263057 (0.003536)
energy : -0.475203 (0.000725)

kinetic : 0.787781 (0.003965)
potential : -1.262966 (0.003529)
energy : -0.475185 (0.000723)

kinetic : 0.788019 (0.003963)
potential : -1.263188 (0.003527)
energy : -0.475169 (0.000722)

kinetic : 0.787979 (0.003954)
potential : -1.263155 (0.003519)
energy : -0.475176 (0.000720)

kinetic : 0.788454 (0.003972)
potential : -1.263581 (0.003536)
energy : -0.475127 (0.000720)

kinetic : 0.788484 (0.003963)
potential : -1.263567 (0.003528)
energy : -0.475083 (0.000720)

kinetic : 0.788882 (0.003973)
potential : -1.263927 (0.003537)
energy : -0.475045 (0.000719)

kinetic : 0.788881 (0.003964)
potential : -1.263885 (0.003529)
energy : -0.475003 (0.000718)

kinetic : 0.788831 (0.003955)
potential : -1.263828 (0.003521)
energy : -0.474997 (0.000717)

kinetic : 0.788830 (0.003945)
potential : -1.263869 (0.003513)
energy : -0.475039 (0.000716)

kinetic : 0.788419 (0.003957)
potential : -1.263545 (0.003519)
energy : -0.475127 (0.000720)

kinetic : 0.788456 (0.003948)
potential : -1.263543 (0.003511)
energy : -0.475087 (0.000719)

kinetic : 0.788729 (0.003948)
potential : -1.263777 (0.003511)
energy : -0.475048 (0.000719)

kinetic : 0.788782 (0.003939)
potential : -1.263784 (0.003502)
energy : -0.475002 (0.000718)

kinetic : 0.788867 (0.003931)
potential : -1.263865 (0.003495)
energy : -0.474997 (0.000717)

kinetic : 0.788726 (0.003924)
potential : -1.263743 (0.003489)
energy : -0.475017 (0.000715)

kinetic : 0.788352 (0.003932)
potential : -1.263435 (0.003494)
energy : -0.475084 (0.000717)

kinetic : 0.788458 (0.003925)
potential : -1.263572 (0.003489)
energy : -0.475114 (0.000716)

kinetic : 0.788979 (0.003950)
potential : -1.264077 (0.003517)
energy : -0.475097 (0.000714)

kinetic : 0.788633 (0.003956)
potential : -1.263791 (0.003520)
energy : -0.475158 (0.000715)

kinetic : 0.788730 (0.003948)
potential : -1.263877 (0.003513)
energy : -0.475147 (0.000713)

kinetic : 0.788905 (0.003943)
potential : -1.264005 (0.003507)
energy : -0.475100 (0.000713)

kinetic : 0.788836 (0.003934)
potential : -1.263903 (0.003500)
energy : -0.475067 (0.000712)

kinetic : 0.788986 (0.003928)
potential : -1.264036 (0.003495)
energy : -0.475050 (0.000711)

kinetic : 0.789046 (0.003919)
potential : -1.264116 (0.003488)
energy : -0.475070 (0.000710)

kinetic : 0.789349 (0.003922)
potential : -1.264375 (0.003489)
energy : -0.475026 (0.000709)

kinetic : 0.789723 (0.003931)
potential : -1.264677 (0.003494)
energy : -0.474954 (0.000711)

kinetic : 0.789587 (0.003924)
potential : -1.264579 (0.003488)
energy : -0.474992 (0.000711)

kinetic : 0.789763 (0.003919)
potential : -1.264794 (0.003486)
energy : -0.475030 (0.000710)

kinetic : 0.789910 (0.003913)
potential : -1.264859 (0.003479)
energy : -0.474949 (0.000713)

kinetic : 0.789854 (0.003904)
potential : -1.264812 (0.003471)
energy : -0.474958 (0.000712)

kinetic : 0.789966 (0.003897)
potential : -1.264885 (0.003464)
energy : -0.474919 (0.000711)

kinetic : 0.790044 (0.003889)
potential : -1.264928 (0.003457)
energy : -0.474884 (0.000710)

kinetic : 0.789833 (0.003886)
potential : -1.264742 (0.003454)
energy : -0.474909 (0.000709)

kinetic : 0.789835 (0.003877)
potential : -1.264746 (0.003446)
energy : -0.474911 (0.000707)

kinetic : 0.789909 (0.003869)
potential : -1.264797 (0.003439)
energy : -0.474888 (0.000706)

kinetic : 0.790174 (0.003869)
potential : -1.265022 (0.003438)
energy : -0.474848 (0.000706)

kinetic : 0.790202 (0.003861)
potential : -1.265030 (0.003431)
energy : -0.474828 (0.000704)

kinetic : 0.789972 (0.003859)
potential : -1.264848 (0.003428)
energy : -0.474875 (0.000705)

kinetic : 0.789704 (0.003860)
potential : -1.264611 (0.003428)
energy : -0.474907 (0.000704)

kinetic : 0.789527 (0.003855)
potential : -1.264461 (0.003424)
energy : -0.474934 (0.000703)

kinetic : 0.789345 (0.003851)
potential : -1.264293 (0.003420)
energy : -0.474948 (0.000701)

kinetic : 0.789450 (0.003844)
potential : -1.264356 (0.003413)
energy : -0.474906 (0.000701)

kinetic : 0.789610 (0.003839)
potential : -1.264515 (0.003410)
energy : -0.474904 (0.000699)

kinetic : 0.789612 (0.003830)
potential : -1.264494 (0.003402)
energy : -0.474882 (0.000698)

kinetic : 0.789784 (0.003826)
potential : -1.264706 (0.003401)
energy : -0.474922 (0.000698)

kinetic : 0.789605 (0.003821)
potential : -1.264569 (0.003396)
energy : -0.474963 (0.000697)

kinetic : 0.789752 (0.003816)
potential : -1.264748 (0.003394)
energy : -0.474996 (0.000697)

kinetic : 0.789865 (0.003809)
potential : -1.264872 (0.003389)
energy : -0.475007 (0.000695)

kinetic : 0.789768 (0.003802)
potential : -1.264797 (0.003382)
energy : -0.475028 (0.000694)

kinetic : 0.789710 (0.003794)
potential : -1.264729 (0.003375)
energy : -0.475019 (0.000693)

kinetic : 0.789830 (0.003788)
potential : -1.264880 (0.003371)
energy : -0.475051 (0.000692)

kinetic : 0.789815 (0.003779)
potential : -1.264882 (0.003364)
energy : -0.475067 (0.000691)

kinetic : 0.789776 (0.003771)
potential : -1.264860 (0.003357)
energy : -0.475084 (0.000689)

kinetic : 0.790016 (0.003771)
potential : -1.265069 (0.003356)
energy : -0.475053 (0.000688)

kinetic : 0.790148 (0.003765)
potential : -1.265194 (0.003351)
energy : -0.475046 (0.000687)

kinetic : 0.790049 (0.003758)
potential : -1.265142 (0.003344)
energy : -0.475093 (0.000687)

kinetic : 0.790067 (0.003750)
potential : -1.265187 (0.003337)
energy : -0.475120 (0.000686)

kinetic : 0.790568 (0.003776)
potential : -1.265659 (0.003364)
energy : -0.475091 (0.000685)

kinetic : 0.790529 (0.003768)
potential : -1.265627 (0.003357)
energy : -0.475098 (0.000684)

kinetic : 0.790850 (0.003773)
potential : -1.265931 (0.003363)
energy : -0.475081 (0.000683)

kinetic : 0.790774 (0.003766)
potential : -1.265867 (0.003357)
energy : -0.475093 (0.000681)

kinetic : 0.790845 (0.003759)
potential : -1.265992 (0.003352)
energy : -0.475147 (0.000682)

kinetic : 0.791417 (0.003794)
potential : -1.266514 (0.003385)
energy : -0.475097 (0.000682)

kinetic : 0.791477 (0.003787)
potential : -1.266594 (0.003379)
energy : -0.475118 (0.000681)

kinetic : 0.791666 (0.003783)
potential : -1.266745 (0.003375)
energy : -0.475079 (0.000681)

kinetic : 0.791625 (0.003776)
potential : -1.266717 (0.003368)
energy : -0.475092 (0.000680)

kinetic : 0.791636 (0.003768)
potential : -1.266681 (0.003361)
energy : -0.475045 (0.000680)

kinetic : 0.791786 (0.003763)
potential : -1.266815 (0.003357)
energy : -0.475029 (0.000679)

kinetic : 0.791782 (0.003755)
potential : -1.266798 (0.003350)
energy : -0.475016 (0.000677)

kinetic : 0.791899 (0.003749)
potential : -1.266878 (0.003344)
energy : -0.474979 (0.000677)

kinetic : 0.791678 (0.003748)
potential : -1.266680 (0.003343)
energy : -0.475002 (0.000676)

kinetic : 0.791566 (0.003741)
potential : -1.266573 (0.003338)
energy : -0.475007 (0.000674)

kinetic : 0.792010 (0.003760)
potential : -1.266975 (0.003355)
energy : -0.474965 (0.000674)

kinetic : 0.792060 (0.003752)
potential : -1.267009 (0.003348)
energy : -0.474949 (0.000673)

kinetic : 0.791904 (0.003748)
potential : -1.266877 (0.003344)
energy : -0.474973 (0.000672)

kinetic : 0.791771 (0.003743)
potential : -1.266762 (0.003339)
energy : -0.474991 (0.000671)

kinetic : 0.791947 (0.003739)
potential : -1.266878 (0.003334)
energy : -0.474931 (0.000672)

kinetic : 0.791774 (0.003735)
potential : -1.266734 (0.003330)
energy : -0.474959 (0.000671)

kinetic : 0.791928 (0.003731)
potential : -1.266918 (0.003329)
energy : -0.474990 (0.000671)

kinetic : 0.791816 (0.003725)
potential : -1.266810 (0.003323)
energy : -0.474993 (0.000669)

kinetic : 0.791706 (0.003719)
potential : -1.266703 (0.003318)
energy : -0.474997 (0.000668)

kinetic : 0.791899 (0.003716)
potential : -1.266903 (0.003318)
energy : -0.475004 (0.000667)

kinetic : 0.791938 (0.003709)
potential : -1.266916 (0.003311)
energy : -0.474979 (0.000666)

kinetic : 0.792058 (0.003703)
potential : -1.267031 (0.003306)
energy : -0.474973 (0.000665)

kinetic : 0.791915 (0.003699)
potential : -1.266910 (0.003302)
energy : -0.474995 (0.000664)

kinetic : 0.792215 (0.003703)
potential : -1.267186 (0.003307)
energy : -0.474971 (0.000663)

kinetic : 0.791980 (0.003703)
potential : -1.266982 (0.003306)
energy : -0.475001 (0.000662)

kinetic : 0.792026 (0.003696)
potential : -1.267012 (0.003300)
energy : -0.474986 (0.000661)

kinetic : 0.791774 (0.003697)
potential : -1.266790 (0.003301)
energy : -0.475016 (0.000660)

kinetic : 0.791719 (0.003690)
potential : -1.266739 (0.003294)
energy : -0.475020 (0.000659)

kinetic : 0.791753 (0.003683)
potential : -1.266755 (0.003288)
energy : -0.475002 (0.000658)

kinetic : 0.791901 (0.003679)
potential : -1.266863 (0.003283)
energy : -0.474962 (0.000658)

kinetic : 0.791987 (0.003672)
potential : -1.266939 (0.003277)
energy : -0.474952 (0.000656)

kinetic : 0.791956 (0.003665)
potential : -1.266912 (0.003271)
energy : -0.474956 (0.000655)

kinetic : 0.791972 (0.003658)
potential : -1.266917 (0.003264)
energy : -0.474944 (0.000654)

kinetic : 0.791812 (0.003654)
potential : -1.266752 (0.003262)
energy : -0.474940 (0.000653)

kinetic : 0.792100 (0.003658)
potential : -1.267091 (0.003273)
energy : -0.474991 (0.000653)

kinetic : 0.792115 (0.003651)
potential : -1.267079 (0.003267)
energy : -0.474965 (0.000653)

kinetic : 0.792333 (0.003650)
potential : -1.267300 (0.003268)
energy : -0.474967 (0.000651)

kinetic : 0.792269 (0.003644)
potential : -1.267240 (0.003262)
energy : -0.474971 (0.000650)

kinetic : 0.792306 (0.003637)
potential : -1.267270 (0.003256)
energy : -0.474964 (0.000649)

kinetic : 0.792338 (0.003630)
potential : -1.267291 (0.003249)
energy : -0.474953 (0.000648)

kinetic : 0.791976 (0.003641)
potential : -1.267008 (0.003255)
energy : -0.475032 (0.000651)

kinetic : 0.791805 (0.003638)
potential : -1.266856 (0.003253)
energy : -0.475051 (0.000650)

kinetic : 0.791729 (0.003631)
potential : -1.266804 (0.003247)
energy : -0.475075 (0.000649)

kinetic : 0.791714 (0.003624)
potential : -1.266776 (0.003240)
energy : -0.475062 (0.000648)

kinetic : 0.792051 (0.003633)
potential : -1.267043 (0.003245)
energy : -0.474992 (0.000651)

kinetic : 0.791894 (0.003629)
potential : -1.266902 (0.003242)
energy : -0.475008 (0.000650)

kinetic : 0.791870 (0.003622)
potential : -1.266887 (0.003236)
energy : -0.475017 (0.000648)

kinetic : 0.791829 (0.003616)
potential : -1.266830 (0.003230)
energy : -0.475001 (0.000647)

kinetic : 0.791755 (0.003609)
potential : -1.266757 (0.003225)
energy : -0.475002 (0.000646)

kinetic : 0.791832 (0.003603)
potential : -1.266783 (0.003219)
energy : -0.474951 (0.000647)

kinetic : 0.791790 (0.003597)
potential : -1.266757 (0.003212)
energy : -0.474967 (0.000646)

kinetic : 0.791839 (0.003590)
potential : -1.266801 (0.003207)
energy : -0.474963 (0.000645)

kinetic : 0.792013 (0.003587)
potential : -1.266950 (0.003204)
energy : -0.474938 (0.000644)

kinetic : 0.792143 (0.003583)
potential : -1.267085 (0.003201)
energy : -0.474943 (0.000643)

kinetic : 0.792183 (0.003576)
potential : -1.267121 (0.003195)
energy : -0.474938 (0.000642)

kinetic : 0.792328 (0.003573)
potential : -1.267234 (0.003191)
energy : -0.474906 (0.000641)

kinetic : 0.792357 (0.003566)
potential : -1.267228 (0.003185)
energy : -0.474871 (0.000641)

kinetic : 0.792182 (0.003563)
potential : -1.267073 (0.003182)
energy : -0.474891 (0.000640)

kinetic : 0.792052 (0.003559)
potential : -1.266970 (0.003178)
energy : -0.474919 (0.000639)

kinetic : 0.791820 (0.003560)
potential : -1.266778 (0.003178)
energy : -0.474957 (0.000639)

kinetic : 0.791913 (0.003554)
potential : -1.266840 (0.003173)
energy : -0.474927 (0.000639)

kinetic : 0.791921 (0.003548)
potential : -1.266891 (0.003167)
energy : -0.474969 (0.000639)

kinetic : 0.791922 (0.003541)
potential : -1.266917 (0.003161)
energy : -0.474995 (0.000638)

kinetic : 0.791842 (0.003535)
potential : -1.266840 (0.003156)
energy : -0.474998 (0.000637)

kinetic : 0.791753 (0.003530)
potential : -1.266744 (0.003152)
energy : -0.474991 (0.000636)

kinetic : 0.791756 (0.003523)
potential : -1.266740 (0.003146)
energy : -0.474984 (0.000635)

kinetic : 0.791801 (0.003517)
potential : -1.266776 (0.003140)
energy : -0.474975 (0.000634)

kinetic : 0.791743 (0.003511)
potential : -1.266724 (0.003135)
energy : -0.474981 (0.000633)

kinetic : 0.791942 (0.003510)
potential : -1.266920 (0.003135)
energy : -0.474978 (0.000631)

kinetic : 0.791702 (0.003512)
potential : -1.266720 (0.003136)
energy : -0.475018 (0.000632)

kinetic : 0.791712 (0.003505)
potential : -1.266748 (0.003130)
energy : -0.475036 (0.000631)

kinetic : 0.791536 (0.003503)
potential : -1.266591 (0.003128)
energy : -0.475056 (0.000630)

kinetic : 0.791726 (0.003502)
potential : -1.266761 (0.003127)
energy : -0.475035 (0.000629)

kinetic : 0.791549 (0.003500)
potential : -1.266611 (0.003125)
energy : -0.475062 (0.000628)

kinetic : 0.791514 (0.003494)
potential : -1.266576 (0.003119)
energy : -0.475061 (0.000627)

kinetic : 0.791337 (0.003492)
potential : -1.266410 (0.003118)
energy : -0.475073 (0.000626)

kinetic : 0.791111 (0.003493)
potential : -1.266232 (0.003117)
energy : -0.475121 (0.000627)

kinetic : 0.791091 (0.003487)
potential : -1.266223 (0.003112)
energy : -0.475131 (0.000626)

kinetic : 0.791105 (0.003480)
potential : -1.266212 (0.003106)
energy : -0.475107 (0.000625)

kinetic : 0.791012 (0.003475)
potential : -1.266132 (0.003102)
energy : -0.475120 (0.000624)

kinetic : 0.790769 (0.003477)
potential : -1.265925 (0.003103)
energy : -0.475156 (0.000624)

kinetic : 0.791220 (0.003500)
potential : -1.266344 (0.003125)
energy : -0.475124 (0.000624)

kinetic : 0.791057 (0.003498)
potential : -1.266201 (0.003123)
energy : -0.475144 (0.000623)

kinetic : 0.791262 (0.003498)
potential : -1.266355 (0.003121)
energy : -0.475093 (0.000624)

kinetic : 0.791327 (0.003492)
potential : -1.266407 (0.003116)
energy : -0.475080 (0.000623)

kinetic : 0.791412 (0.003487)
potential : -1.266498 (0.003112)
energy : -0.475086 (0.000622)

kinetic : 0.791737 (0.003495)
potential : -1.266760 (0.003117)
energy : -0.475023 (0.000624)

kinetic : 0.791794 (0.003490)
potential : -1.266803 (0.003112)
energy : -0.475009 (0.000623)

kinetic : 0.792022 (0.003491)
potential : -1.266983 (0.003112)
energy : -0.474961 (0.000624)

kinetic : 0.792024 (0.003485)
potential : -1.266982 (0.003106)
energy : -0.474958 (0.000623)

kinetic : 0.791998 (0.003479)
potential : -1.266923 (0.003101)
energy : -0.474925 (0.000622)

kinetic : 0.792111 (0.003474)
potential : -1.267002 (0.003097)
energy : -0.474891 (0.000622)

kinetic : 0.792214 (0.003470)
potential : -1.267098 (0.003093)
energy : -0.474884 (0.000621)

kinetic : 0.792151 (0.003464)
potential : -1.267028 (0.003088)
energy : -0.474877 (0.000620)

kinetic : 0.792362 (0.003464)
potential : -1.267174 (0.003086)
energy : -0.474811 (0.000623)

kinetic : 0.792234 (0.003461)
potential : -1.267053 (0.003083)
energy : -0.474819 (0.000621)

kinetic : 0.792198 (0.003455)
potential : -1.267009 (0.003078)
energy : -0.474811 (0.000620)

kinetic : 0.791992 (0.003455)
potential : -1.266831 (0.003077)
energy : -0.474839 (0.000620)

kinetic : 0.791857 (0.003451)
potential : -1.266707 (0.003074)
energy : -0.474849 (0.000619)

kinetic : 0.791752 (0.003447)
potential : -1.266593 (0.003071)
energy : -0.474841 (0.000618)

kinetic : 0.792148 (0.003464)
potential : -1.266945 (0.003086)
energy : -0.474796 (0.000618)

kinetic : 0.792258 (0.003459)
potential : -1.267007 (0.003081)
energy : -0.474748 (0.000619)

kinetic : 0.792289 (0.003453)
potential : -1.267003 (0.003076)
energy : -0.474714 (0.000619)

kinetic : 0.792092 (0.003453)
potential : -1.266816 (0.003076)
energy : -0.474723 (0.000618)

kinetic : 0.791954 (0.003450)
potential : -1.266671 (0.003074)
energy : -0.474718 (0.000617)

kinetic : 0.792068 (0.003446)
potential : -1.266799 (0.003072)
energy : -0.474732 (0.000616)

kinetic : 0.792123 (0.003440)
potential : -1.266831 (0.003066)
energy : -0.474707 (0.000616)

kinetic : 0.792131 (0.003434)
potential : -1.266863 (0.003061)
energy : -0.474732 (0.000615)

kinetic : 0.791961 (0.003433)
potential : -1.266700 (0.003060)
energy : -0.474739 (0.000614)

kinetic : 0.792195 (0.003435)
potential : -1.266954 (0.003066)
energy : -0.474759 (0.000613)

kinetic : 0.792181 (0.003429)
potential : -1.266958 (0.003060)
energy : -0.474777 (0.000612)

kinetic : 0.792164 (0.003423)
potential : -1.266974 (0.003055)
energy : -0.474810 (0.000612)

kinetic : 0.791944 (0.003424)
potential : -1.266779 (0.003056)
energy : -0.474835 (0.000612)

kinetic : 0.791848 (0.003420)
potential : -1.266701 (0.003052)
energy : -0.474853 (0.000611)

kinetic : 0.791860 (0.003414)
potential : -1.266768 (0.003047)
energy : -0.474908 (0.000612)

kinetic : 0.791832 (0.003408)
potential : -1.266733 (0.003042)
energy : -0.474901 (0.000611)

kinetic : 0.791786 (0.003403)
potential : -1.266663 (0.003038)
energy : -0.474877 (0.000611)

kinetic : 0.791716 (0.003398)
potential : -1.266631 (0.003033)
energy : -0.474915 (0.000611)

kinetic : 0.791583 (0.003394)
potential : -1.266537 (0.003029)
energy : -0.474954 (0.000611)

kinetic : 0.791672 (0.003390)
potential : -1.266586 (0.003025)
energy : -0.474915 (0.000611)

kinetic : 0.791732 (0.003385)
potential : -1.266644 (0.003020)
energy : -0.474912 (0.000610)

kinetic : 0.791850 (0.003381)
potential : -1.266713 (0.003016)
energy : -0.474863 (0.000611)

kinetic : 0.791976 (0.003378)
potential : -1.266816 (0.003012)
energy : -0.474841 (0.000611)

kinetic : 0.791872 (0.003373)
potential : -1.266763 (0.003008)
energy : -0.474892 (0.000612)

kinetic : 0.791864 (0.003368)
potential : -1.266753 (0.003003)
energy : -0.474890 (0.000611)

kinetic : 0.791837 (0.003362)
potential : -1.266750 (0.002998)
energy : -0.474913 (0.000610)

kinetic : 0.791639 (0.003362)
potential : -1.266609 (0.002996)
energy : -0.474970 (0.000612)

kinetic : 0.791633 (0.003357)
potential : -1.266599 (0.002991)
energy : -0.474966 (0.000611)

kinetic : 0.791470 (0.003355)
potential : -1.266429 (0.002991)
energy : -0.474959 (0.000610)

kinetic : 0.791477 (0.003350)
potential : -1.266429 (0.002986)
energy : -0.474951 (0.000609)

kinetic : 0.792106 (0.003403)
potential : -1.267036 (0.003042)
energy : -0.474930 (0.000608)

kinetic : 0.792060 (0.003397)
potential : -1.267017 (0.003037)
energy : -0.474956 (0.000608)

kinetic : 0.792243 (0.003397)
potential : -1.267173 (0.003036)
energy : -0.474929 (0.000607)

kinetic : 0.792345 (0.003392)
potential : -1.267280 (0.003033)
energy : -0.474935 (0.000606)

kinetic : 0.792416 (0.003388)
potential : -1.267304 (0.003028)
energy : -0.474888 (0.000607)

kinetic : 0.792408 (0.003382)
potential : -1.267299 (0.003023)
energy : -0.474891 (0.000606)

kinetic : 0.792565 (0.003380)
potential : -1.267471 (0.003023)
energy : -0.474906 (0.000605)

kinetic : 0.792397 (0.003379)
potential : -1.267339 (0.003021)
energy : -0.474942 (0.000606)

kinetic : 0.792426 (0.003373)
potential : -1.267398 (0.003017)
energy : -0.474972 (0.000605)

kinetic : 0.792615 (0.003373)
potential : -1.267591 (0.003018)
energy : -0.474977 (0.000604)

kinetic : 0.792616 (0.003368)
potential : -1.267587 (0.003013)
energy : -0.474972 (0.000603)

kinetic : 0.792748 (0.003365)
potential : -1.267719 (0.003011)
energy : -0.474971 (0.000602)

kinetic : 0.792963 (0.003366)
potential : -1.267883 (0.003010)
energy : -0.474921 (0.000603)

kinetic : 0.792877 (0.003362)
potential : -1.267783 (0.003007)
energy : -0.474906 (0.000603)

kinetic : 0.792691 (0.003361)
potential : -1.267645 (0.003005)
energy : -0.474954 (0.000604)

kinetic : 0.793003 (0.003370)
potential : -1.267956 (0.003017)
energy : -0.474953 (0.000603)

kinetic : 0.792928 (0.003366)
potential : -1.267900 (0.003012)
energy : -0.474972 (0.000602)

kinetic : 0.792980 (0.003361)
potential : -1.267939 (0.003008)
energy : -0.474959 (0.000601)

kinetic : 0.793052 (0.003356)
potential : -1.268027 (0.003004)
energy : -0.474975 (0.000600)

kinetic : 0.792947 (0.003352)
potential : -1.267912 (0.003001)
energy : -0.474965 (0.000599)

kinetic : 0.792929 (0.003347)
potential : -1.267898 (0.002997)
energy : -0.474969 (0.000598)

kinetic : 0.792900 (0.003342)
potential : -1.267864 (0.002992)
energy : -0.474964 (0.000598)

kinetic : 0.792851 (0.003337)
potential : -1.267793 (0.002988)
energy : -0.474942 (0.000597)

kinetic : 0.793009 (0.003335)
potential : -1.267931 (0.002986)
energy : -0.474922 (0.000596)

kinetic : 0.792916 (0.003331)
potential : -1.267828 (0.002983)
energy : -0.474912 (0.000595)

kinetic : 0.792971 (0.003326)
potential : -1.267875 (0.002979)
energy : -0.474903 (0.000595)

kinetic : 0.792993 (0.003321)
potential : -1.267885 (0.002974)
energy : -0.474891 (0.000594)

kinetic : 0.792851 (0.003319)
potential : -1.267731 (0.002974)
energy : -0.474880 (0.000593)

kinetic : 0.793075 (0.003321)
potential : -1.267971 (0.002979)
energy : -0.474895 (0.000592)

kinetic : 0.792966 (0.003318)
potential : -1.267852 (0.002976)
energy : -0.474886 (0.000591)

kinetic : 0.793439 (0.003346)
potential : -1.268295 (0.003004)
energy : -0.474856 (0.000591)

kinetic : 0.793457 (0.003341)
potential : -1.268341 (0.003000)
energy : -0.474883 (0.000591)

kinetic : 0.793367 (0.003337)
potential : -1.268267 (0.002996)
energy : -0.474901 (0.000590)

kinetic : 0.793434 (0.003332)
potential : -1.268314 (0.002992)
energy : -0.474880 (0.000590)

kinetic : 0.793406 (0.003327)
potential : -1.268272 (0.002987)
energy : -0.474866 (0.000589)

kinetic : 0.793677 (0.003333)
potential : -1.268489 (0.002990)
energy : -0.474812 (0.000590)

kinetic : 0.793688 (0.003328)
potential : -1.268491 (0.002986)
energy : -0.474803 (0.000590)

kinetic : 0.793595 (0.003324)
potential : -1.268381 (0.002983)
energy : -0.474786 (0.000589)

kinetic : 0.793688 (0.003320)
potential : -1.268464 (0.002980)
energy : -0.474776 (0.000588)

kinetic : 0.793851 (0.003319)
potential : -1.268640 (0.002980)
energy : -0.474789 (0.000587)

kinetic : 0.793982 (0.003316)
potential : -1.268758 (0.002978)
energy : -0.474776 (0.000587)

kinetic : 0.793838 (0.003314)
potential : -1.268632 (0.002976)
energy : -0.474794 (0.000586)

kinetic : 0.793771 (0.003310)
potential : -1.268565 (0.002972)
energy : -0.474794 (0.000585)

kinetic : 0.793624 (0.003308)
potential : -1.268444 (0.002970)
energy : -0.474820 (0.000585)

kinetic : 0.793618 (0.003303)
potential : -1.268430 (0.002965)
energy : -0.474812 (0.000584)

kinetic : 0.793629 (0.003297)
potential : -1.268438 (0.002961)
energy : -0.474809 (0.000583)

kinetic : 0.793545 (0.003293)
potential : -1.268363 (0.002957)
energy : -0.474818 (0.000582)

kinetic : 0.793670 (0.003291)
potential : -1.268503 (0.002956)
energy : -0.474834 (0.000581)

kinetic : 0.793662 (0.003286)
potential : -1.268470 (0.002952)
energy : -0.474807 (0.000581)

kinetic : 0.793804 (0.003284)
potential : -1.268563 (0.002948)
energy : -0.474758 (0.000582)

kinetic : 0.793780 (0.003279)
potential : -1.268514 (0.002944)
energy : -0.474734 (0.000582)

kinetic : 0.793718 (0.003274)
potential : -1.268458 (0.002940)
energy : -0.474740 (0.000581)

kinetic : 0.793584 (0.003272)
potential : -1.268317 (0.002939)
energy : -0.474733 (0.000580)

kinetic : 0.793534 (0.003267)
potential : -1.268280 (0.002935)
energy : -0.474746 (0.000579)

kinetic : 0.793221 (0.003277)
potential : -1.268023 (0.002942)
energy : -0.474802 (0.000581)

kinetic : 0.793059 (0.003276)
potential : -1.267900 (0.002940)
energy : -0.474841 (0.000582)

kinetic : 0.792860 (0.003277)
potential : -1.267726 (0.002941)
energy : -0.474866 (0.000581)

kinetic : 0.792791 (0.003273)
potential : -1.267693 (0.002936)
energy : -0.474902 (0.000582)

kinetic : 0.792623 (0.003273)
potential : -1.267568 (0.002934)
energy : -0.474945 (0.000582)

kinetic : 0.792414 (0.003274)
potential : -1.267399 (0.002935)
energy : -0.474986 (0.000583)

kinetic : 0.792245 (0.003274)
potential : -1.267257 (0.002934)
energy : -0.475012 (0.000583)

kinetic : 0.792270 (0.003269)
potential : -1.267271 (0.002929)
energy : -0.475001 (0.000582)

kinetic : 0.792262 (0.003264)
potential : -1.267281 (0.002925)
energy : -0.475019 (0.000581)

kinetic : 0.792541 (0.003271)
potential : -1.267555 (0.002933)
energy : -0.475014 (0.000580)

kinetic : 0.792601 (0.003267)
potential : -1.267650 (0.002931)
energy : -0.475049 (0.000580)

kinetic : 0.792723 (0.003264)
potential : -1.267766 (0.002929)
energy : -0.475044 (0.000580)

kinetic : 0.792662 (0.003260)
potential : -1.267682 (0.002925)
energy : -0.475020 (0.000579)

kinetic : 0.792809 (0.003258)
potential : -1.267789 (0.002923)
energy : -0.474981 (0.000580)

kinetic : 0.792779 (0.003253)
potential : -1.267766 (0.002919)
energy : -0.474987 (0.000579)

kinetic : 0.792823 (0.003249)
potential : -1.267784 (0.002914)
energy : -0.474961 (0.000579)

kinetic : 0.793054 (0.003252)
potential : -1.267994 (0.002918)
energy : -0.474940 (0.000578)

kinetic : 0.793070 (0.003247)
potential : -1.267999 (0.002913)
energy : -0.474929 (0.000577)

kinetic : 0.792753 (0.003258)
potential : -1.267728 (0.002922)
energy : -0.474974 (0.000578)

kinetic : 0.792877 (0.003256)
potential : -1.267841 (0.002919)
energy : -0.474964 (0.000578)

kinetic : 0.792729 (0.003254)
potential : -1.267709 (0.002918)
energy : -0.474980 (0.000577)

kinetic : 0.792604 (0.003252)
potential : -1.267598 (0.002916)
energy : -0.474994 (0.000576)

kinetic : 0.792485 (0.003249)
potential : -1.267505 (0.002913)
energy : -0.475020 (0.000576)

kinetic : 0.792491 (0.003244)
potential : -1.267488 (0.002909)
energy : -0.474996 (0.000576)

kinetic : 0.792292 (0.003246)
potential : -1.267314 (0.002910)
energy : -0.475021 (0.000575)

kinetic : 0.792482 (0.003246)
potential : -1.267518 (0.002913)
energy : -0.475036 (0.000575)

kinetic : 0.792566 (0.003243)
potential : -1.267595 (0.002909)
energy : -0.475029 (0.000574)

kinetic : 0.792494 (0.003239)
potential : -1.267522 (0.002906)
energy : -0.475028 (0.000573)

kinetic : 0.792532 (0.003234)
potential : -1.267557 (0.002902)
energy : -0.475024 (0.000572)

kinetic : 0.792700 (0.003234)
potential : -1.267672 (0.002900)
energy : -0.474972 (0.000574)

kinetic : 0.792761 (0.003230)
potential : -1.267712 (0.002896)
energy : -0.474951 (0.000573)

kinetic : 0.792731 (0.003225)
potential : -1.267684 (0.002892)
energy : -0.474953 (0.000572)

kinetic : 0.792813 (0.003222)
potential : -1.267755 (0.002889)
energy : -0.474942 (0.000572)

kinetic : 0.792699 (0.003219)
potential : -1.267639 (0.002887)
energy : -0.474941 (0.000571)

kinetic : 0.792615 (0.003215)
potential : -1.267584 (0.002883)
energy : -0.474969 (0.000571)

kinetic : 0.792709 (0.003212)
potential : -1.267671 (0.002880)
energy : -0.474962 (0.000570)

kinetic : 0.792726 (0.003207)
potential : -1.267660 (0.002876)
energy : -0.474933 (0.000570)

kinetic : 0.792558 (0.003207)
potential : -1.267530 (0.002875)
energy : -0.474972 (0.000570)

kinetic : 0.792591 (0.003203)
potential : -1.267586 (0.002871)
energy : -0.474995 (0.000570)

kinetic : 0.792411 (0.003203)
potential : -1.267440 (0.002871)
energy : -0.475028 (0.000570)

kinetic : 0.792430 (0.003199)
potential : -1.267478 (0.002867)
energy : -0.475047 (0.000570)

kinetic : 0.792664 (0.003203)
potential : -1.267684 (0.002870)
energy : -0.475020 (0.000570)

kinetic : 0.792626 (0.003198)
potential : -1.267637 (0.002867)
energy : -0.475011 (0.000569)

kinetic : 0.792515 (0.003196)
potential : -1.267545 (0.002864)
energy : -0.475030 (0.000568)

kinetic : 0.792311 (0.003198)
potential : -1.267361 (0.002866)
energy : -0.475051 (0.000568)

kinetic : 0.792325 (0.003193)
potential : -1.267375 (0.002862)
energy : -0.475050 (0.000567)

kinetic : 0.792367 (0.003189)
potential : -1.267430 (0.002858)
energy : -0.475062 (0.000566)

kinetic : 0.792349 (0.003184)
potential : -1.267410 (0.002854)
energy : -0.475060 (0.000566)

kinetic : 0.792394 (0.003180)
potential : -1.267439 (0.002850)
energy : -0.475045 (0.000565)

kinetic : 0.792256 (0.003179)
potential : -1.267310 (0.002849)
energy : -0.475054 (0.000564)

kinetic : 0.792280 (0.003174)
potential : -1.267334 (0.002845)
energy : -0.475054 (0.000563)

kinetic : 0.792103 (0.003175)
potential : -1.267174 (0.002846)
energy : -0.475071 (0.000563)

kinetic : 0.792195 (0.003171)
potential : -1.267256 (0.002843)
energy : -0.475062 (0.000562)

kinetic : 0.792262 (0.003168)
potential : -1.267314 (0.002839)
energy : -0.475052 (0.000561)

kinetic : 0.792243 (0.003163)
potential : -1.267298 (0.002835)
energy : -0.475056 (0.000561)

kinetic : 0.792227 (0.003159)
potential : -1.267275 (0.002832)
energy : -0.475048 (0.000560)

kinetic : 0.792199 (0.003155)
potential : -1.267256 (0.002828)
energy : -0.475057 (0.000559)

kinetic : 0.792228 (0.003150)
potential : -1.267276 (0.002824)
energy : -0.475048 (0.000559)

kinetic : 0.792038 (0.003152)
potential : -1.267101 (0.002825)
energy : -0.475063 (0.000558)

kinetic : 0.792085 (0.003147)
potential : -1.267127 (0.002821)
energy : -0.475042 (0.000558)

kinetic : 0.791912 (0.003148)
potential : -1.266986 (0.002821)
energy : -0.475074 (0.000558)

kinetic : 0.792023 (0.003145)
potential : -1.267063 (0.002818)
energy : -0.475040 (0.000558)

kinetic : 0.791995 (0.003141)
potential : -1.267031 (0.002814)
energy : -0.475036 (0.000557)

kinetic : 0.791745 (0.003147)
potential : -1.266814 (0.002819)
energy : -0.475069 (0.000557)

kinetic : 0.791693 (0.003143)
potential : -1.266753 (0.002816)
energy : -0.475060 (0.000557)

kinetic : 0.791741 (0.003139)
potential : -1.266777 (0.002812)
energy : -0.475036 (0.000556)

kinetic : 0.791875 (0.003137)
potential : -1.266933 (0.002812)
energy : -0.475058 (0.000556)

kinetic : 0.791815 (0.003134)
potential : -1.266868 (0.002809)
energy : -0.475053 (0.000555)

kinetic : 0.791787 (0.003129)
potential : -1.266846 (0.002805)
energy : -0.475059 (0.000555)

kinetic : 0.791835 (0.003125)
potential : -1.266893 (0.002802)
energy : -0.475058 (0.000554)

kinetic : 0.791822 (0.003121)
potential : -1.266886 (0.002798)
energy : -0.475064 (0.000553)

kinetic : 0.791713 (0.003119)
potential : -1.266790 (0.002796)
energy : -0.475077 (0.000552)

kinetic : 0.791696 (0.003114)
potential : -1.266760 (0.002792)
energy : -0.475064 (0.000552)

kinetic : 0.791782 (0.003111)
potential : -1.266836 (0.002789)
energy : -0.475054 (0.000551)

kinetic : 0.791700 (0.003108)
potential : -1.266813 (0.002786)
energy : -0.475112 (0.000553)

kinetic : 0.791657 (0.003104)
potential : -1.266781 (0.002782)
energy : -0.475124 (0.000553)

kinetic : 0.791799 (0.003103)
potential : -1.266948 (0.002783)
energy : -0.475149 (0.000553)

kinetic : 0.791805 (0.003099)
potential : -1.266949 (0.002779)
energy : -0.475144 (0.000552)

kinetic : 0.791842 (0.003095)
potential : -1.266988 (0.002776)
energy : -0.475146 (0.000551)

kinetic : 0.791795 (0.003091)
potential : -1.266917 (0.002773)
energy : -0.475122 (0.000551)

kinetic : 0.791802 (0.003087)
potential : -1.266935 (0.002769)
energy : -0.475133 (0.000550)

kinetic : 0.791931 (0.003085)
potential : -1.267034 (0.002767)
energy : -0.475103 (0.000550)

kinetic : 0.791880 (0.003082)
potential : -1.266992 (0.002764)
energy : -0.475111 (0.000550)

kinetic : 0.792039 (0.003082)
potential : -1.267100 (0.002762)
energy : -0.475061 (0.000551)

kinetic : 0.791893 (0.003081)
potential : -1.266981 (0.002761)
energy : -0.475088 (0.000551)

kinetic : 0.791936 (0.003077)
potential : -1.267012 (0.002757)
energy : -0.475075 (0.000551)

kinetic : 0.791918 (0.003073)
potential : -1.267002 (0.002754)
energy : -0.475084 (0.000550)

kinetic : 0.791956 (0.003069)
potential : -1.267046 (0.002750)
energy : -0.475090 (0.000549)

kinetic : 0.792081 (0.003067)
potential : -1.267144 (0.002748)
energy : -0.475063 (0.000549)

kinetic : 0.791944 (0.003066)
potential : -1.267013 (0.002748)
energy : -0.475069 (0.000548)

kinetic : 0.792044 (0.003064)
potential : -1.267097 (0.002745)
energy : -0.475053 (0.000548)

kinetic : 0.792149 (0.003062)
potential : -1.267194 (0.002743)
energy : -0.475045 (0.000547)

kinetic : 0.792182 (0.003058)
potential : -1.267214 (0.002740)
energy : -0.475032 (0.000547)

kinetic : 0.792139 (0.003054)
potential : -1.267159 (0.002737)
energy : -0.475020 (0.000546)

kinetic : 0.792288 (0.003053)
potential : -1.267266 (0.002735)
energy : -0.474978 (0.000547)

kinetic : 0.792248 (0.003050)
potential : -1.267228 (0.002732)
energy : -0.474981 (0.000546)

kinetic : 0.792475 (0.003054)
potential : -1.267430 (0.002736)
energy : -0.474955 (0.000546)

kinetic : 0.792391 (0.003051)
potential : -1.267384 (0.002732)
energy : -0.474993 (0.000547)

kinetic : 0.792314 (0.003048)
potential : -1.267337 (0.002729)
energy : -0.475023 (0.000547)

kinetic : 0.792187 (0.003047)
potential : -1.267235 (0.002727)
energy : -0.475049 (0.000547)

kinetic : 0.792081 (0.003044)
potential : -1.267141 (0.002725)
energy : -0.475060 (0.000546)

kinetic : 0.791991 (0.003042)
potential : -1.267078 (0.002723)
energy : -0.475087 (0.000546)

kinetic : 0.792481 (0.003077)
potential : -1.267594 (0.002768)
energy : -0.475113 (0.000546)

kinetic : 0.792571 (0.003074)
potential : -1.267661 (0.002765)
energy : -0.475090 (0.000546)

kinetic : 0.792574 (0.003070)
potential : -1.267641 (0.002761)
energy : -0.475067 (0.000545)

kinetic : 0.792556 (0.003066)
potential : -1.267620 (0.002758)
energy : -0.475064 (0.000545)

kinetic : 0.792523 (0.003062)
potential : -1.267589 (0.002754)
energy : -0.475066 (0.000544)

kinetic : 0.792362 (0.003063)
potential : -1.267420 (0.002756)
energy : -0.475058 (0.000543)

kinetic : 0.792263 (0.003060)
potential : -1.267337 (0.002753)
energy : -0.475074 (0.000543)

kinetic : 0.792135 (0.003059)
potential : -1.267240 (0.002752)
energy : -0.475105 (0.000543)

kinetic : 0.792226 (0.003056)
potential : -1.267297 (0.002749)
energy : -0.475071 (0.000544)

kinetic : 0.792407 (0.003058)
potential : -1.267448 (0.002749)
energy : -0.475041 (0.000544)

kinetic : 0.792503 (0.003055)
potential : -1.267532 (0.002747)
energy : -0.475029 (0.000543)

kinetic : 0.792712 (0.003058)
potential : -1.267702 (0.002748)
energy : -0.474990 (0.000544)

kinetic : 0.792693 (0.003054)
potential : -1.267632 (0.002746)
energy : -0.474940 (0.000545)

kinetic : 0.792743 (0.003051)
potential : -1.267678 (0.002743)
energy : -0.474935 (0.000545)

kinetic : 0.792766 (0.003047)
potential : -1.267691 (0.002739)
energy : -0.474925 (0.000544)

kinetic : 0.792744 (0.003043)
potential : -1.267676 (0.002736)
energy : -0.474932 (0.000543)

kinetic : 0.792909 (0.003044)
potential : -1.267838 (0.002737)
energy : -0.474929 (0.000543)

kinetic : 0.792924 (0.003040)
potential : -1.267858 (0.002733)
energy : -0.474934 (0.000542)

kinetic : 0.793139 (0.003044)
potential : -1.268061 (0.002737)
energy : -0.474921 (0.000542)

kinetic : 0.793241 (0.003041)
potential : -1.268135 (0.002735)
energy : -0.474894 (0.000542)

kinetic : 0.793054 (0.003043)
potential : -1.267971 (0.002736)
energy : -0.474916 (0.000541)

kinetic : 0.793083 (0.003039)
potential : -1.268027 (0.002733)
energy : -0.474945 (0.000541)

kinetic : 0.793021 (0.003036)
potential : -1.267982 (0.002730)
energy : -0.474961 (0.000541)

kinetic : 0.792987 (0.003032)
potential : -1.267936 (0.002727)
energy : -0.474948 (0.000540)

kinetic : 0.793073 (0.003030)
potential : -1.268005 (0.002724)
energy : -0.474932 (0.000540)

kinetic : 0.792961 (0.003028)
potential : -1.267915 (0.002722)
energy : -0.474954 (0.000540)

kinetic : 0.793033 (0.003025)
potential : -1.267978 (0.002720)
energy : -0.474945 (0.000539)

kinetic : 0.793136 (0.003023)
potential : -1.268072 (0.002718)
energy : -0.474936 (0.000538)

kinetic : 0.793113 (0.003019)
potential : -1.268074 (0.002714)
energy : -0.474961 (0.000538)

kinetic : 0.793119 (0.003015)
potential : -1.268058 (0.002711)
energy : -0.474939 (0.000538)

kinetic : 0.793362 (0.003021)
potential : -1.268280 (0.002717)
energy : -0.474918 (0.000538)

kinetic : 0.793257 (0.003019)
potential : -1.268182 (0.002715)
energy : -0.474925 (0.000537)

kinetic : 0.793379 (0.003018)
potential : -1.268303 (0.002714)
energy : -0.474924 (0.000536)

kinetic : 0.793284 (0.003015)
potential : -1.268225 (0.002712)
energy : -0.474942 (0.000536)

kinetic : 0.793119 (0.003016)
potential : -1.268081 (0.002712)
energy : -0.474962 (0.000536)

kinetic : 0.792956 (0.003017)
potential : -1.267926 (0.002713)
energy : -0.474969 (0.000535)

kinetic : 0.792911 (0.003013)
potential : -1.267883 (0.002710)
energy : -0.474972 (0.000534)

kinetic : 0.792953 (0.003010)
potential : -1.267946 (0.002708)
energy : -0.474994 (0.000534)

kinetic : 0.793020 (0.003007)
potential : -1.268013 (0.002705)
energy : -0.474993 (0.000534)

kinetic : 0.792926 (0.003005)
potential : -1.267903 (0.002704)
energy : -0.474978 (0.000533)

kinetic : 0.792900 (0.003001)
potential : -1.267902 (0.002701)
energy : -0.475002 (0.000533)

kinetic : 0.792847 (0.002998)
potential : -1.267853 (0.002698)
energy : -0.475005 (0.000532)

kinetic : 0.792923 (0.002995)
potential : -1.267925 (0.002695)
energy : -0.475002 (0.000532)

kinetic : 0.792851 (0.002992)
potential : -1.267842 (0.002693)
energy : -0.474991 (0.000531)

kinetic : 0.792706 (0.002992)
potential : -1.267703 (0.002693)
energy : -0.474997 (0.000531)

kinetic : 0.792657 (0.002988)
potential : -1.267660 (0.002690)
energy : -0.475003 (0.000530)

kinetic : 0.792669 (0.002985)
potential : -1.267669 (0.002687)
energy : -0.475000 (0.000529)

kinetic : 0.792718 (0.002981)
potential : -1.267692 (0.002684)
energy : -0.474974 (0.000529)

kinetic : 0.792596 (0.002980)
potential : -1.267560 (0.002684)
energy : -0.474964 (0.000529)

kinetic : 0.792522 (0.002977)
potential : -1.267472 (0.002682)
energy : -0.474950 (0.000528)

kinetic : 0.792393 (0.002976)
potential : -1.267375 (0.002680)
energy : -0.474983 (0.000529)

kinetic : 0.792535 (0.002976)
potential : -1.267484 (0.002679)
energy : -0.474949 (0.000529)

kinetic : 0.792572 (0.002973)
potential : -1.267496 (0.002676)
energy : -0.474923 (0.000529)

kinetic : 0.792570 (0.002969)
potential : -1.267524 (0.002673)
energy : -0.474954 (0.000529)

kinetic : 0.792904 (0.002984)
potential : -1.267810 (0.002685)
energy : -0.474906 (0.000531)

kinetic : 0.792801 (0.002982)
potential : -1.267702 (0.002684)
energy : -0.474901 (0.000530)

kinetic : 0.792675 (0.002981)
potential : -1.267595 (0.002682)
energy : -0.474920 (0.000530)

kinetic : 0.792726 (0.002978)
potential : -1.267640 (0.002680)
energy : -0.474914 (0.000529)

kinetic : 0.792756 (0.002975)
potential : -1.267682 (0.002677)
energy : -0.474926 (0.000529)

kinetic : 0.792745 (0.002971)
potential : -1.267668 (0.002673)
energy : -0.474924 (0.000528)

kinetic : 0.792964 (0.002975)
potential : -1.267889 (0.002679)
energy : -0.474925 (0.000527)

kinetic : 0.792808 (0.002976)
potential : -1.267742 (0.002680)
energy : -0.474934 (0.000527)

kinetic : 0.792901 (0.002974)
potential : -1.267858 (0.002679)
energy : -0.474957 (0.000527)

kinetic : 0.792839 (0.002971)
potential : -1.267823 (0.002676)
energy : -0.474983 (0.000527)

kinetic : 0.792790 (0.002968)
potential : -1.267776 (0.002673)
energy : -0.474986 (0.000526)

kinetic : 0.792996 (0.002971)
potential : -1.267947 (0.002676)
energy : -0.474951 (0.000527)

kinetic : 0.792949 (0.002968)
potential : -1.267914 (0.002673)
energy : -0.474965 (0.000526)

kinetic : 0.793028 (0.002965)
potential : -1.268007 (0.002671)
energy : -0.474979 (0.000526)

kinetic : 0.792945 (0.002963)
potential : -1.267914 (0.002669)
energy : -0.474970 (0.000525)

kinetic : 0.793121 (0.002965)
potential : -1.268064 (0.002670)
energy : -0.474943 (0.000525)

kinetic : 0.793209 (0.002962)
potential : -1.268158 (0.002669)
energy : -0.474949 (0.000525)

kinetic : 0.793255 (0.002959)
potential : -1.268173 (0.002665)
energy : -0.474918 (0.000525)

kinetic : 0.793212 (0.002956)
potential : -1.268132 (0.002663)
energy : -0.474920 (0.000524)

kinetic : 0.793380 (0.002957)
potential : -1.268265 (0.002663)
energy : -0.474885 (0.000525)

kinetic : 0.793430 (0.002954)
potential : -1.268310 (0.002660)
energy : -0.474880 (0.000524)

kinetic : 0.793485 (0.002951)
potential : -1.268351 (0.002657)
energy : -0.474866 (0.000524)

kinetic : 0.793440 (0.002948)
potential : -1.268308 (0.002654)
energy : -0.474868 (0.000523)

kinetic : 0.793562 (0.002947)
potential : -1.268406 (0.002653)
energy : -0.474843 (0.000523)

kinetic : 0.793681 (0.002946)
potential : -1.268504 (0.002651)
energy : -0.474823 (0.000523)

kinetic : 0.793541 (0.002945)
potential : -1.268369 (0.002652)
energy : -0.474828 (0.000522)

kinetic : 0.793615 (0.002943)
potential : -1.268425 (0.002649)
energy : -0.474810 (0.000522)

kinetic : 0.793456 (0.002944)
potential : -1.268269 (0.002650)
energy : -0.474813 (0.000521)

kinetic : 0.793407 (0.002940)
potential : -1.268255 (0.002647)
energy : -0.474848 (0.000522)

kinetic : 0.793322 (0.002938)
potential : -1.268187 (0.002645)
energy : -0.474865 (0.000521)

kinetic : 0.793201 (0.002937)
potential : -1.268083 (0.002644)
energy : -0.474882 (0.000521)

kinetic : 0.793134 (0.002934)
potential : -1.268005 (0.002642)
energy : -0.474871 (0.000521)

kinetic : 0.793082 (0.002931)
potential : -1.267957 (0.002639)
energy : -0.474876 (0.000520)

kinetic : 0.793111 (0.002928)
potential : -1.267991 (0.002636)
energy : -0.474880 (0.000519)

kinetic : 0.793123 (0.002925)
potential : -1.267987 (0.002633)
energy : -0.474864 (0.000519)

kinetic : 0.793088 (0.002921)
potential : -1.267940 (0.002631)
energy : -0.474852 (0.000519)

kinetic : 0.793088 (0.002918)
potential : -1.267951 (0.002627)
energy : -0.474863 (0.000518)

kinetic : 0.792993 (0.002916)
potential : -1.267866 (0.002626)
energy : -0.474874 (0.000518)

kinetic : 0.793092 (0.002914)
potential : -1.267966 (0.002625)
energy : -0.474875 (0.000517)

kinetic : 0.792948 (0.002914)
potential : -1.267837 (0.002625)
energy : -0.474889 (0.000517)

kinetic : 0.792885 (0.002912)
potential : -1.267777 (0.002622)
energy : -0.474892 (0.000516)

kinetic : 0.792760 (0.002911)
potential : -1.267659 (0.002622)
energy : -0.474899 (0.000515)

kinetic : 0.792811 (0.002908)
potential : -1.267720 (0.002620)
energy : -0.474909 (0.000515)

kinetic : 0.792756 (0.002905)
potential : -1.267656 (0.002617)
energy : -0.474900 (0.000514)

kinetic : 0.792769 (0.002902)
potential : -1.267641 (0.002614)
energy : -0.474872 (0.000515)

kinetic : 0.792665 (0.002900)
potential : -1.267538 (0.002613)
energy : -0.474873 (0.000514)

kinetic : 0.792693 (0.002897)
potential : -1.267568 (0.002610)
energy : -0.474875 (0.000513)

kinetic : 0.792733 (0.002894)
potential : -1.267584 (0.002607)
energy : -0.474851 (0.000513)

kinetic : 0.792814 (0.002892)
potential : -1.267646 (0.002605)
energy : -0.474831 (0.000513)

kinetic : 0.792794 (0.002888)
potential : -1.267625 (0.002602)
energy : -0.474832 (0.000512)

kinetic : 0.792791 (0.002885)
potential : -1.267662 (0.002599)
energy : -0.474871 (0.000513)

kinetic : 0.792852 (0.002882)
potential : -1.267690 (0.002596)
energy : -0.474838 (0.000514)

kinetic : 0.792826 (0.002879)
potential : -1.267640 (0.002594)
energy : -0.474814 (0.000514)

kinetic : 0.792848 (0.002876)
potential : -1.267647 (0.002591)
energy : -0.474799 (0.000513)

kinetic : 0.792871 (0.002873)
potential : -1.267657 (0.002588)
energy : -0.474786 (0.000513)

kinetic : 0.792995 (0.002872)
potential : -1.267764 (0.002587)
energy : -0.474769 (0.000513)

kinetic : 0.793139 (0.002872)
potential : -1.267880 (0.002587)
energy : -0.474741 (0.000513)

kinetic : 0.793211 (0.002870)
potential : -1.267937 (0.002584)
energy : -0.474726 (0.000512)

kinetic : 0.793263 (0.002867)
potential : -1.267961 (0.002582)
energy : -0.474698 (0.000513)

kinetic : 0.793317 (0.002864)
potential : -1.268006 (0.002579)
energy : -0.474689 (0.000512)

kinetic : 0.793336 (0.002861)
potential : -1.268039 (0.002576)
energy : -0.474703 (0.000512)

kinetic : 0.793275 (0.002858)
potential : -1.267968 (0.002574)
energy : -0.474692 (0.000511)

kinetic : 0.793394 (0.002858)
potential : -1.268049 (0.002573)
energy : -0.474656 (0.000512)

kinetic : 0.793475 (0.002855)
potential : -1.268113 (0.002570)
energy : -0.474638 (0.000512)

kinetic : 0.793388 (0.002854)
potential : -1.268041 (0.002569)
energy : -0.474653 (0.000511)

kinetic : 0.793306 (0.002851)
potential : -1.267958 (0.002567)
energy : -0.474652 (0.000511)

kinetic : 0.793207 (0.002850)
potential : -1.267889 (0.002565)
energy : -0.474682 (0.000511)

kinetic : 0.793122 (0.002848)
potential : -1.267806 (0.002563)
energy : -0.474684 (0.000510)

kinetic : 0.793076 (0.002845)
potential : -1.267753 (0.002561)
energy : -0.474677 (0.000510)

kinetic : 0.793009 (0.002843)
potential : -1.267686 (0.002559)
energy : -0.474676 (0.000509)

kinetic : 0.793048 (0.002840)
potential : -1.267718 (0.002556)
energy : -0.474669 (0.000509)

kinetic : 0.793168 (0.002839)
potential : -1.267813 (0.002555)
energy : -0.474645 (0.000509)

kinetic : 0.793250 (0.002837)
potential : -1.267896 (0.002554)
energy : -0.474645 (0.000508)

kinetic : 0.793082 (0.002839)
potential : -1.267758 (0.002554)
energy : -0.474676 (0.000509)

kinetic : 0.793347 (0.002848)
potential : -1.268020 (0.002565)
energy : -0.474673 (0.000508)

kinetic : 0.793455 (0.002847)
potential : -1.268115 (0.002564)
energy : -0.474660 (0.000508)

kinetic : 0.793345 (0.002846)
potential : -1.268010 (0.002563)
energy : -0.474665 (0.000507)

kinetic : 0.793411 (0.002843)
potential : -1.268070 (0.002561)
energy : -0.474659 (0.000507)

kinetic : 0.793463 (0.002841)
potential : -1.268121 (0.002559)
energy : -0.474658 (0.000506)

kinetic : 0.793399 (0.002838)
potential : -1.268050 (0.002557)
energy : -0.474651 (0.000505)

kinetic : 0.793337 (0.002836)
potential : -1.267987 (0.002555)
energy : -0.474650 (0.000505)

kinetic : 0.793317 (0.002832)
potential : -1.267960 (0.002552)
energy : -0.474643 (0.000504)

kinetic : 0.793468 (0.002833)
potential : -1.268083 (0.002552)
energy : -0.474614 (0.000505)

kinetic : 0.793459 (0.002830)
potential : -1.268079 (0.002549)
energy : -0.474620 (0.000504)

kinetic : 0.793320 (0.002830)
potential : -1.267968 (0.002549)
energy : -0.474648 (0.000504)

kinetic : 0.793451 (0.002830)
potential : -1.268079 (0.002548)
energy : -0.474628 (0.000504)

kinetic : 0.793400 (0.002828)
potential : -1.268036 (0.002546)
energy : -0.474636 (0.000504)

kinetic : 0.793406 (0.002825)
potential : -1.268046 (0.002543)
energy : -0.474640 (0.000503)

kinetic : 0.793295 (0.002824)
potential : -1.267963 (0.002542)
energy : -0.474668 (0.000503)

kinetic : 0.793367 (0.002821)
potential : -1.268024 (0.002540)
energy : -0.474656 (0.000503)

kinetic : 0.793385 (0.002818)
potential : -1.268039 (0.002537)
energy : -0.474654 (0.000502)

kinetic : 0.793278 (0.002817)
potential : -1.267962 (0.002535)
energy : -0.474685 (0.000503)

kinetic : 0.793156 (0.002817)
potential : -1.267859 (0.002534)
energy : -0.474703 (0.000503)

kinetic : 0.793143 (0.002814)
potential : -1.267842 (0.002532)
energy : -0.474700 (0.000502)

kinetic : 0.793011 (0.002814)
potential : -1.267733 (0.002531)
energy : -0.474722 (0.000502)

kinetic : 0.793056 (0.002811)
potential : -1.267775 (0.002529)
energy : -0.474719 (0.000501)

kinetic : 0.792999 (0.002808)
potential : -1.267723 (0.002527)
energy : -0.474724 (0.000501)

kinetic : 0.792975 (0.002805)
potential : -1.267699 (0.002524)
energy : -0.474724 (0.000500)

kinetic : 0.792856 (0.002805)
potential : -1.267585 (0.002524)
energy : -0.474729 (0.000500)

kinetic : 0.792892 (0.002802)
potential : -1.267613 (0.002521)
energy : -0.474721 (0.000499)

kinetic : 0.793015 (0.002802)
potential : -1.267741 (0.002522)
energy : -0.474726 (0.000499)

kinetic : 0.793073 (0.002799)
potential : -1.267796 (0.002519)
energy : -0.474723 (0.000498)

kinetic : 0.792997 (0.002797)
potential : -1.267734 (0.002517)
energy : -0.474737 (0.000498)

kinetic : 0.792872 (0.002797)
potential : -1.267622 (0.002517)
energy : -0.474751 (0.000498)

kinetic : 0.792888 (0.002794)
potential : -1.267624 (0.002514)
energy : -0.474736 (0.000497)

kinetic : 0.792927 (0.002791)
potential : -1.267658 (0.002512)
energy : -0.474730 (0.000497)

kinetic : 0.792889 (0.002788)
potential : -1.267629 (0.002509)
energy : -0.474740 (0.000496)

kinetic : 0.792960 (0.002786)
potential : -1.267701 (0.002508)
energy : -0.474741 (0.000496)

kinetic : 0.793024 (0.002784)
potential : -1.267758 (0.002505)
energy : -0.474734 (0.000495)

kinetic : 0.793017 (0.002781)
potential : -1.267749 (0.002503)
energy : -0.474733 (0.000495)

kinetic : 0.793000 (0.002778)
potential : -1.267741 (0.002500)
energy : -0.474741 (0.000494)

kinetic : 0.792910 (0.002776)
potential : -1.267674 (0.002498)
energy : -0.474763 (0.000494)

kinetic : 0.793059 (0.002777)
potential : -1.267813 (0.002499)
energy : -0.474754 (0.000494)

kinetic : 0.793156 (0.002776)
potential : -1.267892 (0.002498)
energy : -0.474736 (0.000494)

kinetic : 0.793222 (0.002774)
potential : -1.267933 (0.002496)
energy : -0.474712 (0.000494)

kinetic : 0.793268 (0.002771)
potential : -1.267978 (0.002493)
energy : -0.474710 (0.000493)

kinetic : 0.793360 (0.002770)
potential : -1.268043 (0.002492)
energy : -0.474682 (0.000493)

kinetic : 0.793341 (0.002767)
potential : -1.268024 (0.002489)
energy : -0.474683 (0.000493)

kinetic : 0.793272 (0.002765)
potential : -1.267951 (0.002487)
energy : -0.474679 (0.000492)

kinetic : 0.793213 (0.002762)
potential : -1.267894 (0.002485)
energy : -0.474681 (0.000492)

kinetic : 0.793108 (0.002761)
potential : -1.267804 (0.002484)
energy : -0.474696 (0.000491)

kinetic : 0.792894 (0.002767)
potential : -1.267639 (0.002487)
energy : -0.474745 (0.000493)

kinetic : 0.792927 (0.002764)
potential : -1.267682 (0.002485)
energy : -0.474755 (0.000493)

kinetic : 0.792895 (0.002761)
potential : -1.267634 (0.002483)
energy : -0.474740 (0.000493)

kinetic : 0.792838 (0.002759)
potential : -1.267579 (0.002481)
energy : -0.474741 (0.000492)

kinetic : 0.792862 (0.002756)
potential : -1.267585 (0.002478)
energy : -0.474723 (0.000492)

kinetic : 0.792782 (0.002754)
potential : -1.267517 (0.002476)
energy : -0.474735 (0.000492)

kinetic : 0.792766 (0.002751)
potential : -1.267501 (0.002474)
energy : -0.474735 (0.000491)

kinetic : 0.792783 (0.002748)
potential : -1.267526 (0.002471)
energy : -0.474743 (0.000491)

kinetic : 0.792696 (0.002747)
potential : -1.267439 (0.002470)
energy : -0.474742 (0.000490)

kinetic : 0.792554 (0.002748)
potential : -1.267307 (0.002471)
energy : -0.474752 (0.000490)

kinetic : 0.792537 (0.002745)
potential : -1.267304 (0.002468)
energy : -0.474767 (0.000489)

kinetic : 0.792587 (0.002742)
potential : -1.267344 (0.002466)
energy : -0.474757 (0.000489)

kinetic : 0.792594 (0.002739)
potential : -1.267345 (0.002463)
energy : -0.474751 (0.000488)

kinetic : 0.792571 (0.002737)
potential : -1.267327 (0.002461)
energy : -0.474756 (0.000488)

kinetic : 0.792705 (0.002737)
potential : -1.267448 (0.002461)
energy : -0.474743 (0.000488)

kinetic : 0.792659 (0.002735)
potential : -1.267386 (0.002459)
energy : -0.474727 (0.000487)

kinetic : 0.792542 (0.002734)
potential : -1.267294 (0.002459)
energy : -0.474752 (0.000487)

kinetic : 0.792458 (0.002733)
potential : -1.267226 (0.002457)
energy : -0.474768 (0.000487)

kinetic : 0.792515 (0.002730)
potential : -1.267296 (0.002455)
energy : -0.474781 (0.000487)

kinetic : 0.792593 (0.002729)
potential : -1.267372 (0.002454)
energy : -0.474779 (0.000486)

kinetic : 0.792588 (0.002726)
potential : -1.267382 (0.002451)
energy : -0.474794 (0.000486)

kinetic : 0.792506 (0.002724)
potential : -1.267312 (0.002450)
energy : -0.474806 (0.000486)

kinetic : 0.792495 (0.002721)
potential : -1.267337 (0.002447)
energy : -0.474842 (0.000487)

kinetic : 0.792389 (0.002720)
potential : -1.267239 (0.002447)
energy : -0.474850 (0.000486)

kinetic : 0.792270 (0.002720)
potential : -1.267140 (0.002446)
energy : -0.474870 (0.000486)

kinetic : 0.792201 (0.002718)
potential : -1.267091 (0.002444)
energy : -0.474890 (0.000486)

kinetic : 0.792204 (0.002715)
potential : -1.267098 (0.002442)
energy : -0.474894 (0.000485)

kinetic : 0.792277 (0.002714)
potential : -1.267163 (0.002440)
energy : -0.474886 (0.000485)

kinetic : 0.792314 (0.002711)
potential : -1.267217 (0.002438)
energy : -0.474903 (0.000485)

kinetic : 0.792457 (0.002712)
potential : -1.267360 (0.002440)
energy : -0.474903 (0.000484)

kinetic : 0.792484 (0.002709)
potential : -1.267388 (0.002437)
energy : -0.474904 (0.000484)

kinetic : 0.792495 (0.002706)
potential : -1.267383 (0.002435)
energy : -0.474888 (0.000484)

kinetic : 0.792361 (0.002707)
potential : -1.267267 (0.002435)
energy : -0.474906 (0.000483)

kinetic : 0.792305 (0.002705)
potential : -1.267222 (0.002433)
energy : -0.474918 (0.000483)

kinetic : 0.792340 (0.002702)
potential : -1.267258 (0.002431)
energy : -0.474918 (0.000483)

kinetic : 0.792346 (0.002699)
potential : -1.267248 (0.002428)
energy : -0.474902 (0.000482)

kinetic : 0.792245 (0.002699)
potential : -1.267145 (0.002428)
energy : -0.474900 (0.000482)

kinetic : 0.792296 (0.002696)
potential : -1.267188 (0.002426)
energy : -0.474892 (0.000481)

kinetic : 0.792267 (0.002694)
potential : -1.267163 (0.002423)
energy : -0.474896 (0.000481)

kinetic : 0.792350 (0.002692)
potential : -1.267219 (0.002421)
energy : -0.474869 (0.000481)

kinetic : 0.792744 (0.002718)
potential : -1.267600 (0.002449)
energy : -0.474855 (0.000481)

kinetic : 0.792744 (0.002715)
potential : -1.267592 (0.002446)
energy : -0.474848 (0.000480)

kinetic : 0.793077 (0.002733)
potential : -1.267888 (0.002461)
energy : -0.474812 (0.000481)

kinetic : 0.793064 (0.002730)
potential : -1.267879 (0.002459)
energy : -0.474815 (0.000481)

kinetic : 0.793144 (0.002728)
potential : -1.267944 (0.002457)
energy : -0.474800 (0.000481)

kinetic : 0.793201 (0.002726)
potential : -1.267981 (0.002455)
energy : -0.474781 (0.000481)

kinetic : 0.793262 (0.002724)
potential : -1.268029 (0.002453)
energy : -0.474767 (0.000480)

kinetic : 0.793235 (0.002722)
potential : -1.267997 (0.002451)
energy : -0.474762 (0.000480)

kinetic : 0.793256 (0.002719)
potential : -1.268029 (0.002448)
energy : -0.474773 (0.000479)

kinetic : 0.793276 (0.002716)
potential : -1.268067 (0.002446)
energy : -0.474791 (0.000479)

kinetic : 0.793377 (0.002715)
potential : -1.268146 (0.002445)
energy : -0.474769 (0.000479)

kinetic : 0.793410 (0.002713)
potential : -1.268160 (0.002443)
energy : -0.474750 (0.000479)

kinetic : 0.793448 (0.002710)
potential : -1.268179 (0.002440)
energy : -0.474731 (0.000479)

kinetic : 0.793490 (0.002708)
potential : -1.268197 (0.002438)
energy : -0.474707 (0.000479)

kinetic : 0.793414 (0.002706)
potential : -1.268138 (0.002436)
energy : -0.474725 (0.000479)

kinetic : 0.793516 (0.002705)
potential : -1.268227 (0.002435)
energy : -0.474711 (0.000479)

kinetic : 0.793711 (0.002710)
potential : -1.268408 (0.002439)
energy : -0.474697 (0.000478)

kinetic : 0.793569 (0.002711)
potential : -1.268276 (0.002441)
energy : -0.474707 (0.000478)

kinetic : 0.793526 (0.002708)
potential : -1.268243 (0.002438)
energy : -0.474717 (0.000478)

kinetic : 0.793489 (0.002706)
potential : -1.268188 (0.002436)
energy : -0.474699 (0.000477)

kinetic : 0.793379 (0.002705)
potential : -1.268089 (0.002436)
energy : -0.474710 (0.000477)

kinetic : 0.793389 (0.002702)
potential : -1.268099 (0.002434)
energy : -0.474710 (0.000477)

kinetic : 0.793350 (0.002700)
potential : -1.268061 (0.002431)
energy : -0.474710 (0.000476)

kinetic : 0.793396 (0.002698)
potential : -1.268103 (0.002429)
energy : -0.474707 (0.000476)

kinetic : 0.793470 (0.002696)
potential : -1.268162 (0.002428)
energy : -0.474692 (0.000475)

kinetic : 0.793545 (0.002694)
potential : -1.268230 (0.002426)
energy : -0.474685 (0.000475)

kinetic : 0.793612 (0.002692)
potential : -1.268279 (0.002424)
energy : -0.474667 (0.000475)

kinetic : 0.793559 (0.002690)
potential : -1.268229 (0.002422)
energy : -0.474670 (0.000474)
         kinetic: 0.7936(27), Sigma: 1.170, T_corr: 5.3
       potential: -1.2682(24), Sigma: 1.118, T_corr: 4.7
          energy: -0.47467(47), Sigma: 0.142, T_corr: 11.1

For tau = 4.00e-01, acceptance ratio = 0.87
Time: 704.86s
