
kinetic : 0.687748 (inf)
potential : -1.176859 (inf)
energy : -0.489110 (inf)

kinetic : 1.031200 (inf)
potential : -1.473630 (inf)
energy : -0.442431 (inf)

kinetic : 0.904181 (0.127019)
potential : -1.360104 (0.113526)
energy : -0.455924 (0.013493)

kinetic : 0.841091 (0.096738)
potential : -1.304056 (0.086241)
energy : -0.462964 (0.010500)

kinetic : 0.815053 (0.073192)
potential : -1.279733 (0.065653)
energy : -0.464680 (0.007621)

kinetic : 0.811220 (0.056824)
potential : -1.273346 (0.051254)
energy : -0.462126 (0.006432)

kinetic : 0.806471 (0.046639)
potential : -1.268455 (0.042134)
energy : -0.461984 (0.005253)

kinetic : 0.805931 (0.039421)
potential : -1.266822 (0.035647)
energy : -0.460891 (0.004572)

kinetic : 0.814118 (0.035107)
potential : -1.275295 (0.032013)
energy : -0.461176 (0.003970)

kinetic : 0.815561 (0.030995)
potential : -1.276185 (0.028247)
energy : -0.460624 (0.003545)

kinetic : 0.802607 (0.030601)
potential : -1.265495 (0.027433)
energy : -0.462889 (0.003896)

kinetic : 0.801786 (0.027691)
potential : -1.264650 (0.024828)
energy : -0.462864 (0.003524)

kinetic : 0.801384 (0.025282)
potential : -1.264019 (0.022674)
energy : -0.462635 (0.003225)

kinetic : 0.822261 (0.031252)
potential : -1.283756 (0.028715)
energy : -0.461494 (0.003179)

kinetic : 0.819867 (0.029033)
potential : -1.280336 (0.026804)
energy : -0.460469 (0.003116)

kinetic : 0.820248 (0.027031)
potential : -1.281497 (0.024980)
energy : -0.461249 (0.003004)

kinetic : 0.820784 (0.025291)
potential : -1.281952 (0.023371)
energy : -0.461168 (0.002811)

kinetic : 0.815643 (0.024306)
potential : -1.277072 (0.022489)
energy : -0.461429 (0.002654)

kinetic : 0.821867 (0.023746)
potential : -1.281954 (0.021758)
energy : -0.460087 (0.002839)

kinetic : 0.827212 (0.023089)
potential : -1.286740 (0.021130)
energy : -0.459528 (0.002743)

kinetic : 0.822343 (0.022439)
potential : -1.282275 (0.020537)
energy : -0.459932 (0.002633)

kinetic : 0.825514 (0.021578)
potential : -1.286219 (0.019929)
energy : -0.460705 (0.002621)

kinetic : 0.826879 (0.020619)
potential : -1.287679 (0.019057)
energy : -0.460800 (0.002501)

kinetic : 0.823656 (0.019964)
potential : -1.284784 (0.018439)
energy : -0.461128 (0.002412)

kinetic : 0.827712 (0.019539)
potential : -1.288350 (0.018010)
energy : -0.460638 (0.002361)

kinetic : 0.824793 (0.018968)
potential : -1.285837 (0.017457)
energy : -0.461045 (0.002301)

kinetic : 0.822181 (0.018410)
potential : -1.283783 (0.016897)
energy : -0.461602 (0.002280)

kinetic : 0.825142 (0.017960)
potential : -1.286568 (0.016496)
energy : -0.461426 (0.002201)

kinetic : 0.825689 (0.017316)
potential : -1.286599 (0.015896)
energy : -0.460910 (0.002183)

kinetic : 0.823987 (0.016794)
potential : -1.284665 (0.015460)
energy : -0.460677 (0.002119)

kinetic : 0.827781 (0.016663)
potential : -1.288143 (0.015335)
energy : -0.460362 (0.002071)

kinetic : 0.823862 (0.016586)
potential : -1.284742 (0.015217)
energy : -0.460880 (0.002069)

kinetic : 0.825221 (0.016117)
potential : -1.286033 (0.014790)
energy : -0.460812 (0.002005)

kinetic : 0.827592 (0.015800)
potential : -1.288683 (0.014578)
energy : -0.461092 (0.001963)

kinetic : 0.824966 (0.015551)
potential : -1.286162 (0.014366)
energy : -0.461196 (0.001907)

kinetic : 0.826520 (0.015180)
potential : -1.288155 (0.014091)
energy : -0.461635 (0.001903)

kinetic : 0.827124 (0.014765)
potential : -1.289337 (0.013745)
energy : -0.462213 (0.001938)

kinetic : 0.830331 (0.014714)
potential : -1.292007 (0.013632)
energy : -0.461676 (0.001960)

kinetic : 0.828430 (0.014447)
potential : -1.290630 (0.013340)
energy : -0.462200 (0.001978)

kinetic : 0.831871 (0.014487)
potential : -1.294460 (0.013546)
energy : -0.462589 (0.001966)

kinetic : 0.832000 (0.014120)
potential : -1.294143 (0.013207)
energy : -0.462143 (0.001967)

kinetic : 0.829832 (0.013941)
potential : -1.291923 (0.013071)
energy : -0.462092 (0.001919)

kinetic : 0.830639 (0.013629)
potential : -1.292577 (0.012773)
energy : -0.461938 (0.001879)

kinetic : 0.832222 (0.013402)
potential : -1.294259 (0.012585)
energy : -0.462037 (0.001838)

kinetic : 0.832577 (0.013099)
potential : -1.294501 (0.012298)
energy : -0.461924 (0.001799)

kinetic : 0.833188 (0.012819)
potential : -1.294920 (0.012029)
energy : -0.461731 (0.001769)

kinetic : 0.834281 (0.012585)
potential : -1.295322 (0.011771)
energy : -0.461041 (0.001863)

kinetic : 0.831928 (0.012537)
potential : -1.293254 (0.011702)
energy : -0.461326 (0.001845)

kinetic : 0.830102 (0.012408)
potential : -1.291594 (0.011576)
energy : -0.461492 (0.001814)

kinetic : 0.827974 (0.012337)
potential : -1.289794 (0.011479)
energy : -0.461819 (0.001806)

kinetic : 0.830850 (0.012425)
potential : -1.292434 (0.011553)
energy : -0.461584 (0.001785)

kinetic : 0.833257 (0.012415)
potential : -1.294655 (0.011540)
energy : -0.461398 (0.001760)

kinetic : 0.834259 (0.012215)
potential : -1.295676 (0.011362)
energy : -0.461418 (0.001726)

kinetic : 0.832263 (0.012147)
potential : -1.294316 (0.011228)
energy : -0.462052 (0.001808)

kinetic : 0.835757 (0.012421)
potential : -1.297692 (0.011524)
energy : -0.461935 (0.001778)

kinetic : 0.834433 (0.012265)
potential : -1.296182 (0.011413)
energy : -0.461748 (0.001755)

kinetic : 0.833212 (0.012106)
potential : -1.294873 (0.011283)
energy : -0.461660 (0.001726)

kinetic : 0.834462 (0.011957)
potential : -1.296148 (0.011157)
energy : -0.461686 (0.001696)

kinetic : 0.833504 (0.011788)
potential : -1.295128 (0.011010)
energy : -0.461624 (0.001667)

kinetic : 0.832609 (0.011621)
potential : -1.294440 (0.010843)
energy : -0.461831 (0.001652)

kinetic : 0.832355 (0.011429)
potential : -1.294332 (0.010662)
energy : -0.461977 (0.001631)

kinetic : 0.832691 (0.011245)
potential : -1.294258 (0.010486)
energy : -0.461567 (0.001655)

kinetic : 0.831167 (0.011166)
potential : -1.292766 (0.010423)
energy : -0.461599 (0.001629)

kinetic : 0.832130 (0.011030)
potential : -1.293566 (0.010287)
energy : -0.461436 (0.001611)

kinetic : 0.829844 (0.011094)
potential : -1.291683 (0.010299)
energy : -0.461839 (0.001636)

kinetic : 0.829694 (0.010923)
potential : -1.291340 (0.010145)
energy : -0.461646 (0.001622)

kinetic : 0.831380 (0.010888)
potential : -1.292749 (0.010089)
energy : -0.461369 (0.001621)

kinetic : 0.829873 (0.010829)
potential : -1.291241 (0.010051)
energy : -0.461368 (0.001597)

kinetic : 0.831095 (0.010739)
potential : -1.292523 (0.009985)
energy : -0.461428 (0.001574)

kinetic : 0.830317 (0.010610)
potential : -1.291622 (0.009880)
energy : -0.461305 (0.001556)

kinetic : 0.830457 (0.010459)
potential : -1.291525 (0.009738)
energy : -0.461068 (0.001552)

kinetic : 0.830294 (0.010312)
potential : -1.291451 (0.009601)
energy : -0.461157 (0.001533)

kinetic : 0.830092 (0.010169)
potential : -1.291398 (0.009466)
energy : -0.461306 (0.001519)

kinetic : 0.828854 (0.010105)
potential : -1.290363 (0.009393)
energy : -0.461508 (0.001511)

kinetic : 0.828107 (0.009996)
potential : -1.289690 (0.009290)
energy : -0.461583 (0.001493)

kinetic : 0.828471 (0.009868)
potential : -1.289911 (0.009168)
energy : -0.461439 (0.001480)

kinetic : 0.828308 (0.009739)
potential : -1.289748 (0.009048)
energy : -0.461439 (0.001460)

kinetic : 0.830132 (0.009783)
potential : -1.291284 (0.009061)
energy : -0.461152 (0.001469)

kinetic : 0.829506 (0.009677)
potential : -1.290657 (0.008966)
energy : -0.461151 (0.001450)

kinetic : 0.829860 (0.009560)
potential : -1.291056 (0.008861)
energy : -0.461196 (0.001433)

kinetic : 0.829946 (0.009441)
potential : -1.291442 (0.008758)
energy : -0.461496 (0.001446)

kinetic : 0.829963 (0.009323)
potential : -1.291315 (0.008650)
energy : -0.461352 (0.001435)

kinetic : 0.830119 (0.009210)
potential : -1.291396 (0.008544)
energy : -0.461277 (0.001420)

kinetic : 0.832788 (0.009482)
potential : -1.293583 (0.008719)
energy : -0.460794 (0.001483)

kinetic : 0.833632 (0.009407)
potential : -1.294253 (0.008641)
energy : -0.460621 (0.001476)

kinetic : 0.836269 (0.009662)
potential : -1.296796 (0.008909)
energy : -0.460528 (0.001461)

kinetic : 0.837447 (0.009621)
potential : -1.298091 (0.008900)
energy : -0.460645 (0.001449)

kinetic : 0.836829 (0.009530)
potential : -1.297567 (0.008812)
energy : -0.460738 (0.001435)

kinetic : 0.837633 (0.009455)
potential : -1.298200 (0.008735)
energy : -0.460567 (0.001429)

kinetic : 0.836778 (0.009388)
potential : -1.297434 (0.008670)
energy : -0.460656 (0.001416)

kinetic : 0.836362 (0.009292)
potential : -1.297059 (0.008581)
energy : -0.460697 (0.001400)

kinetic : 0.835709 (0.009213)
potential : -1.296490 (0.008505)
energy : -0.460782 (0.001388)

kinetic : 0.834149 (0.009244)
potential : -1.295131 (0.008522)
energy : -0.460982 (0.001387)

kinetic : 0.833911 (0.009147)
potential : -1.295049 (0.008430)
energy : -0.461138 (0.001381)

kinetic : 0.833740 (0.009051)
potential : -1.294881 (0.008341)
energy : -0.461142 (0.001366)

kinetic : 0.832700 (0.009016)
potential : -1.294139 (0.008286)
energy : -0.461439 (0.001384)

kinetic : 0.831970 (0.008951)
potential : -1.293667 (0.008213)
energy : -0.461697 (0.001393)

kinetic : 0.831964 (0.008858)
potential : -1.293736 (0.008128)
energy : -0.461772 (0.001381)

kinetic : 0.831528 (0.008778)
potential : -1.293099 (0.008070)
energy : -0.461571 (0.001382)

kinetic : 0.831782 (0.008693)
potential : -1.293221 (0.007989)
energy : -0.461440 (0.001374)

kinetic : 0.831624 (0.008607)
potential : -1.293142 (0.007909)
energy : -0.461518 (0.001362)

kinetic : 0.831124 (0.008536)
potential : -1.292523 (0.007855)
energy : -0.461399 (0.001354)

kinetic : 0.830253 (0.008497)
potential : -1.291599 (0.007832)
energy : -0.461346 (0.001342)

kinetic : 0.829905 (0.008421)
potential : -1.291310 (0.007761)
energy : -0.461406 (0.001330)

kinetic : 0.830603 (0.008369)
potential : -1.291751 (0.007699)
energy : -0.461148 (0.001342)

kinetic : 0.830554 (0.008289)
potential : -1.291525 (0.007629)
energy : -0.460971 (0.001341)

kinetic : 0.830612 (0.008210)
potential : -1.291545 (0.007556)
energy : -0.460933 (0.001329)

kinetic : 0.831268 (0.008160)
potential : -1.292121 (0.007507)
energy : -0.460853 (0.001319)

kinetic : 0.830007 (0.008182)
potential : -1.290895 (0.007538)
energy : -0.460888 (0.001307)

kinetic : 0.830014 (0.008106)
potential : -1.291020 (0.007470)
energy : -0.461005 (0.001300)

kinetic : 0.829316 (0.008062)
potential : -1.290348 (0.007432)
energy : -0.461032 (0.001289)

kinetic : 0.828424 (0.008039)
potential : -1.289483 (0.007415)
energy : -0.461059 (0.001277)

kinetic : 0.828023 (0.007977)
potential : -1.289207 (0.007354)
energy : -0.461184 (0.001272)

kinetic : 0.828329 (0.007912)
potential : -1.289500 (0.007294)
energy : -0.461172 (0.001261)

kinetic : 0.827940 (0.007852)
potential : -1.289319 (0.007232)
energy : -0.461380 (0.001267)

kinetic : 0.827437 (0.007800)
potential : -1.288997 (0.007176)
energy : -0.461561 (0.001269)

kinetic : 0.828870 (0.007864)
potential : -1.290580 (0.007288)
energy : -0.461710 (0.001267)

kinetic : 0.828760 (0.007797)
potential : -1.290377 (0.007229)
energy : -0.461617 (0.001259)

kinetic : 0.828060 (0.007762)
potential : -1.289742 (0.007195)
energy : -0.461683 (0.001250)

kinetic : 0.827575 (0.007712)
potential : -1.289340 (0.007146)
energy : -0.461765 (0.001242)

kinetic : 0.826979 (0.007671)
potential : -1.288936 (0.007097)
energy : -0.461957 (0.001247)

kinetic : 0.826192 (0.007648)
potential : -1.288280 (0.007069)
energy : -0.462088 (0.001244)

kinetic : 0.826608 (0.007596)
potential : -1.288503 (0.007014)
energy : -0.461895 (0.001248)

kinetic : 0.826229 (0.007544)
potential : -1.288222 (0.006963)
energy : -0.461993 (0.001242)

kinetic : 0.826565 (0.007490)
potential : -1.288554 (0.006914)
energy : -0.461989 (0.001232)

kinetic : 0.825579 (0.007495)
potential : -1.287810 (0.006899)
energy : -0.462231 (0.001246)

kinetic : 0.825486 (0.007436)
potential : -1.287937 (0.006845)
energy : -0.462452 (0.001255)

kinetic : 0.826736 (0.007482)
potential : -1.289192 (0.006906)
energy : -0.462455 (0.001245)

kinetic : 0.827062 (0.007431)
potential : -1.289434 (0.006856)
energy : -0.462372 (0.001238)

kinetic : 0.826110 (0.007434)
potential : -1.288658 (0.006847)
energy : -0.462548 (0.001241)

kinetic : 0.826066 (0.007377)
potential : -1.288516 (0.006795)
energy : -0.462451 (0.001236)

kinetic : 0.827183 (0.007405)
potential : -1.289413 (0.006803)
energy : -0.462230 (0.001246)

kinetic : 0.827660 (0.007364)
potential : -1.289808 (0.006762)
energy : -0.462148 (0.001239)

kinetic : 0.827390 (0.007314)
potential : -1.289540 (0.006717)
energy : -0.462150 (0.001230)

kinetic : 0.826739 (0.007288)
potential : -1.289076 (0.006683)
energy : -0.462337 (0.001235)

kinetic : 0.827441 (0.007268)
potential : -1.289699 (0.006662)
energy : -0.462258 (0.001228)

kinetic : 0.826329 (0.007300)
potential : -1.288771 (0.006678)
energy : -0.462443 (0.001233)

kinetic : 0.826523 (0.007249)
potential : -1.288942 (0.006631)
energy : -0.462419 (0.001224)

kinetic : 0.825686 (0.007244)
potential : -1.288143 (0.006631)
energy : -0.462457 (0.001216)

kinetic : 0.825277 (0.007204)
potential : -1.287752 (0.006595)
energy : -0.462475 (0.001207)

kinetic : 0.826725 (0.007297)
potential : -1.289089 (0.006683)
energy : -0.462364 (0.001204)

kinetic : 0.826651 (0.007246)
potential : -1.288945 (0.006637)
energy : -0.462294 (0.001197)

kinetic : 0.826042 (0.007220)
potential : -1.288589 (0.006599)
energy : -0.462547 (0.001215)

kinetic : 0.826277 (0.007173)
potential : -1.288746 (0.006555)
energy : -0.462469 (0.001209)

kinetic : 0.825462 (0.007170)
potential : -1.287968 (0.006556)
energy : -0.462506 (0.001201)

kinetic : 0.825145 (0.007127)
potential : -1.287683 (0.006516)
energy : -0.462538 (0.001194)

kinetic : 0.824585 (0.007100)
potential : -1.287144 (0.006494)
energy : -0.462560 (0.001186)

kinetic : 0.823940 (0.007081)
potential : -1.286495 (0.006482)
energy : -0.462555 (0.001177)

kinetic : 0.824139 (0.007036)
potential : -1.286721 (0.006442)
energy : -0.462583 (0.001170)

kinetic : 0.824396 (0.006994)
potential : -1.286841 (0.006400)
energy : -0.462445 (0.001170)

kinetic : 0.824395 (0.006947)
potential : -1.286808 (0.006357)
energy : -0.462412 (0.001163)

kinetic : 0.825183 (0.006945)
potential : -1.287548 (0.006358)
energy : -0.462365 (0.001156)

kinetic : 0.826089 (0.006959)
potential : -1.288345 (0.006366)
energy : -0.462255 (0.001154)

kinetic : 0.825480 (0.006940)
potential : -1.287757 (0.006352)
energy : -0.462277 (0.001146)

kinetic : 0.825874 (0.006906)
potential : -1.288123 (0.006321)
energy : -0.462249 (0.001139)

kinetic : 0.824812 (0.006943)
potential : -1.287178 (0.006351)
energy : -0.462366 (0.001138)

kinetic : 0.825827 (0.006973)
potential : -1.287983 (0.006361)
energy : -0.462156 (0.001150)

kinetic : 0.826980 (0.007024)
potential : -1.288990 (0.006400)
energy : -0.462010 (0.001152)

kinetic : 0.826664 (0.006986)
potential : -1.288572 (0.006373)
energy : -0.461908 (0.001149)

kinetic : 0.826210 (0.006957)
potential : -1.288090 (0.006352)
energy : -0.461880 (0.001142)

kinetic : 0.826351 (0.006915)
potential : -1.288195 (0.006313)
energy : -0.461844 (0.001136)

kinetic : 0.826115 (0.006876)
potential : -1.287888 (0.006281)
energy : -0.461773 (0.001131)

kinetic : 0.826279 (0.006835)
potential : -1.287924 (0.006242)
energy : -0.461646 (0.001131)

kinetic : 0.826413 (0.006794)
potential : -1.288026 (0.006204)
energy : -0.461613 (0.001124)

kinetic : 0.825846 (0.006777)
potential : -1.287628 (0.006179)
energy : -0.461782 (0.001130)

kinetic : 0.826786 (0.006801)
potential : -1.288573 (0.006214)
energy : -0.461788 (0.001123)

kinetic : 0.827072 (0.006766)
potential : -1.288736 (0.006179)
energy : -0.461664 (0.001123)

kinetic : 0.826672 (0.006737)
potential : -1.288431 (0.006149)
energy : -0.461759 (0.001121)

kinetic : 0.825697 (0.006767)
potential : -1.287624 (0.006165)
energy : -0.461927 (0.001127)

kinetic : 0.825698 (0.006727)
potential : -1.287719 (0.006130)
energy : -0.462021 (0.001124)

kinetic : 0.826770 (0.006773)
potential : -1.288594 (0.006156)
energy : -0.461824 (0.001134)

kinetic : 0.826401 (0.006743)
potential : -1.288286 (0.006128)
energy : -0.461885 (0.001129)

kinetic : 0.826942 (0.006726)
potential : -1.288672 (0.006104)
energy : -0.461729 (0.001133)

kinetic : 0.827015 (0.006687)
potential : -1.288755 (0.006069)
energy : -0.461740 (0.001127)

kinetic : 0.827932 (0.006711)
potential : -1.289715 (0.006110)
energy : -0.461782 (0.001121)

kinetic : 0.827934 (0.006673)
potential : -1.289770 (0.006075)
energy : -0.461836 (0.001116)

kinetic : 0.828281 (0.006644)
potential : -1.289980 (0.006045)
energy : -0.461699 (0.001118)

kinetic : 0.827395 (0.006666)
potential : -1.289216 (0.006059)
energy : -0.461821 (0.001118)

kinetic : 0.827604 (0.006631)
potential : -1.289406 (0.006028)
energy : -0.461802 (0.001112)

kinetic : 0.827446 (0.006596)
potential : -1.289265 (0.005996)
energy : -0.461819 (0.001106)

kinetic : 0.827214 (0.006563)
potential : -1.289051 (0.005966)
energy : -0.461837 (0.001100)

kinetic : 0.828020 (0.006577)
potential : -1.289890 (0.005992)
energy : -0.461870 (0.001094)

kinetic : 0.828264 (0.006545)
potential : -1.290167 (0.005965)
energy : -0.461903 (0.001089)

kinetic : 0.828277 (0.006509)
potential : -1.290211 (0.005933)
energy : -0.461933 (0.001083)

kinetic : 0.828366 (0.006474)
potential : -1.290229 (0.005900)
energy : -0.461863 (0.001080)

kinetic : 0.829158 (0.006488)
potential : -1.290893 (0.005906)
energy : -0.461734 (0.001082)

kinetic : 0.829275 (0.006454)
potential : -1.291025 (0.005876)
energy : -0.461750 (0.001076)

kinetic : 0.829723 (0.006435)
potential : -1.291426 (0.005858)
energy : -0.461703 (0.001071)

kinetic : 0.829796 (0.006401)
potential : -1.291512 (0.005827)
energy : -0.461716 (0.001066)

kinetic : 0.830041 (0.006372)
potential : -1.291737 (0.005801)
energy : -0.461696 (0.001060)

kinetic : 0.830931 (0.006400)
potential : -1.292574 (0.005830)
energy : -0.461643 (0.001056)

kinetic : 0.831170 (0.006371)
potential : -1.292761 (0.005803)
energy : -0.461591 (0.001052)

kinetic : 0.830820 (0.006347)
potential : -1.292470 (0.005780)
energy : -0.461651 (0.001048)

kinetic : 0.829912 (0.006379)
potential : -1.291626 (0.005811)
energy : -0.461715 (0.001044)

kinetic : 0.829814 (0.006347)
potential : -1.291487 (0.005783)
energy : -0.461673 (0.001040)

kinetic : 0.829793 (0.006315)
potential : -1.291404 (0.005754)
energy : -0.461611 (0.001036)

kinetic : 0.830042 (0.006287)
potential : -1.291621 (0.005729)
energy : -0.461578 (0.001031)

kinetic : 0.830557 (0.006276)
potential : -1.292042 (0.005715)
energy : -0.461486 (0.001030)

kinetic : 0.829900 (0.006279)
potential : -1.291443 (0.005718)
energy : -0.461542 (0.001027)

kinetic : 0.830053 (0.006249)
potential : -1.291613 (0.005691)
energy : -0.461560 (0.001022)

kinetic : 0.829338 (0.006259)
potential : -1.290989 (0.005697)
energy : -0.461651 (0.001021)

kinetic : 0.829131 (0.006231)
potential : -1.290828 (0.005671)
energy : -0.461697 (0.001017)

kinetic : 0.829580 (0.006216)
potential : -1.291230 (0.005657)
energy : -0.461650 (0.001013)

kinetic : 0.829103 (0.006204)
potential : -1.290805 (0.005645)
energy : -0.461701 (0.001009)

kinetic : 0.829104 (0.006173)
potential : -1.290737 (0.005618)
energy : -0.461633 (0.001006)

kinetic : 0.829343 (0.006148)
potential : -1.290924 (0.005594)
energy : -0.461582 (0.001003)

kinetic : 0.829275 (0.006118)
potential : -1.290766 (0.005569)
energy : -0.461491 (0.001002)

kinetic : 0.829683 (0.006102)
potential : -1.291119 (0.005553)
energy : -0.461436 (0.000999)

kinetic : 0.830082 (0.006086)
potential : -1.291466 (0.005537)
energy : -0.461383 (0.000995)

kinetic : 0.831623 (0.006250)
potential : -1.293019 (0.005725)
energy : -0.461396 (0.000990)

kinetic : 0.831146 (0.006238)
potential : -1.292684 (0.005708)
energy : -0.461538 (0.000996)

kinetic : 0.831124 (0.006209)
potential : -1.292685 (0.005681)
energy : -0.461561 (0.000991)

kinetic : 0.831143 (0.006179)
potential : -1.292714 (0.005654)
energy : -0.461571 (0.000987)

kinetic : 0.831526 (0.006162)
potential : -1.292978 (0.005633)
energy : -0.461452 (0.000989)

kinetic : 0.830821 (0.006174)
potential : -1.292219 (0.005658)
energy : -0.461398 (0.000986)

kinetic : 0.830819 (0.006145)
potential : -1.292158 (0.005632)
energy : -0.461339 (0.000983)

kinetic : 0.830356 (0.006134)
potential : -1.291770 (0.005619)
energy : -0.461415 (0.000982)

kinetic : 0.830304 (0.006106)
potential : -1.291724 (0.005594)
energy : -0.461419 (0.000977)

kinetic : 0.831103 (0.006130)
potential : -1.292413 (0.005610)
energy : -0.461310 (0.000979)

kinetic : 0.830695 (0.006115)
potential : -1.292087 (0.005594)
energy : -0.461392 (0.000978)

kinetic : 0.830987 (0.006095)
potential : -1.292314 (0.005573)
energy : -0.461328 (0.000975)

kinetic : 0.830824 (0.006069)
potential : -1.292195 (0.005549)
energy : -0.461371 (0.000972)

kinetic : 0.831067 (0.006047)
potential : -1.292374 (0.005527)
energy : -0.461306 (0.000970)

kinetic : 0.831605 (0.006043)
potential : -1.292919 (0.005529)
energy : -0.461314 (0.000965)

kinetic : 0.831694 (0.006017)
potential : -1.292916 (0.005505)
energy : -0.461221 (0.000966)

kinetic : 0.831506 (0.005993)
potential : -1.292823 (0.005481)
energy : -0.461317 (0.000966)

kinetic : 0.831250 (0.005972)
potential : -1.292613 (0.005461)
energy : -0.461363 (0.000963)

kinetic : 0.831250 (0.005946)
potential : -1.292545 (0.005437)
energy : -0.461295 (0.000961)

kinetic : 0.831200 (0.005920)
potential : -1.292428 (0.005414)
energy : -0.461227 (0.000959)

kinetic : 0.830706 (0.005915)
potential : -1.291943 (0.005412)
energy : -0.461238 (0.000955)

kinetic : 0.830306 (0.005902)
potential : -1.291589 (0.005400)
energy : -0.461282 (0.000952)

kinetic : 0.830521 (0.005881)
potential : -1.291737 (0.005379)
energy : -0.461216 (0.000950)

kinetic : 0.830670 (0.005857)
potential : -1.291899 (0.005358)
energy : -0.461229 (0.000946)

kinetic : 0.830357 (0.005840)
potential : -1.291635 (0.005342)
energy : -0.461278 (0.000943)

kinetic : 0.830092 (0.005821)
potential : -1.291437 (0.005323)
energy : -0.461345 (0.000942)

kinetic : 0.829828 (0.005803)
potential : -1.291224 (0.005304)
energy : -0.461396 (0.000939)

kinetic : 0.829533 (0.005786)
potential : -1.290961 (0.005288)
energy : -0.461428 (0.000936)

kinetic : 0.829521 (0.005761)
potential : -1.290900 (0.005266)
energy : -0.461379 (0.000933)

kinetic : 0.829699 (0.005740)
potential : -1.291047 (0.005246)
energy : -0.461348 (0.000930)

kinetic : 0.830064 (0.005727)
potential : -1.291428 (0.005238)
energy : -0.461364 (0.000926)

kinetic : 0.829964 (0.005704)
potential : -1.291306 (0.005217)
energy : -0.461342 (0.000922)

kinetic : 0.830367 (0.005695)
potential : -1.291683 (0.005209)
energy : -0.461317 (0.000919)

kinetic : 0.831138 (0.005723)
potential : -1.292391 (0.005236)
energy : -0.461253 (0.000917)

kinetic : 0.831175 (0.005700)
potential : -1.292415 (0.005214)
energy : -0.461240 (0.000913)

kinetic : 0.831265 (0.005677)
potential : -1.292533 (0.005194)
energy : -0.461269 (0.000910)

kinetic : 0.833351 (0.006026)
potential : -1.294519 (0.005541)
energy : -0.461168 (0.000912)

kinetic : 0.833336 (0.006002)
potential : -1.294569 (0.005519)
energy : -0.461233 (0.000910)

kinetic : 0.833236 (0.005978)
potential : -1.294417 (0.005498)
energy : -0.461182 (0.000908)

kinetic : 0.833617 (0.005966)
potential : -1.294683 (0.005483)
energy : -0.461067 (0.000912)

kinetic : 0.834084 (0.005961)
potential : -1.295094 (0.005476)
energy : -0.461010 (0.000910)

kinetic : 0.833991 (0.005937)
potential : -1.295015 (0.005455)
energy : -0.461023 (0.000906)

kinetic : 0.834192 (0.005917)
potential : -1.295189 (0.005436)
energy : -0.460997 (0.000903)

kinetic : 0.834484 (0.005901)
potential : -1.295343 (0.005416)
energy : -0.460859 (0.000910)

kinetic : 0.834567 (0.005878)
potential : -1.295522 (0.005398)
energy : -0.460955 (0.000911)

kinetic : 0.834384 (0.005858)
potential : -1.295331 (0.005380)
energy : -0.460948 (0.000908)

kinetic : 0.835459 (0.005933)
potential : -1.296363 (0.005457)
energy : -0.460904 (0.000905)

kinetic : 0.835371 (0.005910)
potential : -1.296292 (0.005436)
energy : -0.460921 (0.000902)

kinetic : 0.835069 (0.005895)
potential : -1.296030 (0.005421)
energy : -0.460961 (0.000899)

kinetic : 0.835046 (0.005872)
potential : -1.295986 (0.005400)
energy : -0.460941 (0.000896)

kinetic : 0.834843 (0.005853)
potential : -1.295790 (0.005383)
energy : -0.460947 (0.000893)

kinetic : 0.834372 (0.005850)
potential : -1.295381 (0.005378)
energy : -0.461009 (0.000891)

kinetic : 0.834314 (0.005827)
potential : -1.295336 (0.005358)
energy : -0.461023 (0.000888)

kinetic : 0.834934 (0.005838)
potential : -1.295896 (0.005366)
energy : -0.460962 (0.000887)

kinetic : 0.835082 (0.005818)
potential : -1.296023 (0.005347)
energy : -0.460941 (0.000884)

kinetic : 0.834810 (0.005802)
potential : -1.295804 (0.005332)
energy : -0.460993 (0.000882)

kinetic : 0.834826 (0.005780)
potential : -1.295835 (0.005312)
energy : -0.461009 (0.000879)

kinetic : 0.834708 (0.005760)
potential : -1.295675 (0.005294)
energy : -0.460967 (0.000876)

kinetic : 0.834901 (0.005741)
potential : -1.295903 (0.005279)
energy : -0.461002 (0.000874)

kinetic : 0.834796 (0.005721)
potential : -1.295737 (0.005262)
energy : -0.460941 (0.000873)

kinetic : 0.834769 (0.005700)
potential : -1.295742 (0.005242)
energy : -0.460973 (0.000870)

kinetic : 0.834244 (0.005703)
potential : -1.295322 (0.005240)
energy : -0.461078 (0.000873)

kinetic : 0.834385 (0.005683)
potential : -1.295421 (0.005221)
energy : -0.461036 (0.000871)

kinetic : 0.835016 (0.005697)
potential : -1.296093 (0.005245)
energy : -0.461077 (0.000869)

kinetic : 0.834698 (0.005685)
potential : -1.295811 (0.005234)
energy : -0.461112 (0.000866)

kinetic : 0.834893 (0.005668)
potential : -1.295920 (0.005216)
energy : -0.461027 (0.000867)

kinetic : 0.835068 (0.005650)
potential : -1.296063 (0.005199)
energy : -0.460995 (0.000865)

kinetic : 0.834558 (0.005652)
potential : -1.295572 (0.005203)
energy : -0.461014 (0.000862)

kinetic : 0.834519 (0.005632)
potential : -1.295548 (0.005184)
energy : -0.461028 (0.000859)

kinetic : 0.833906 (0.005645)
potential : -1.295024 (0.005192)
energy : -0.461118 (0.000860)

kinetic : 0.834066 (0.005627)
potential : -1.295201 (0.005176)
energy : -0.461136 (0.000857)

kinetic : 0.833736 (0.005617)
potential : -1.294830 (0.005171)
energy : -0.461094 (0.000855)

kinetic : 0.834176 (0.005614)
potential : -1.295339 (0.005178)
energy : -0.461163 (0.000855)

kinetic : 0.834319 (0.005596)
potential : -1.295473 (0.005161)
energy : -0.461154 (0.000852)

kinetic : 0.834031 (0.005583)
potential : -1.295239 (0.005148)
energy : -0.461208 (0.000851)

kinetic : 0.834017 (0.005564)
potential : -1.295207 (0.005130)
energy : -0.461190 (0.000848)

kinetic : 0.834335 (0.005553)
potential : -1.295529 (0.005122)
energy : -0.461193 (0.000845)

kinetic : 0.834585 (0.005539)
potential : -1.295766 (0.005110)
energy : -0.461182 (0.000842)

kinetic : 0.835069 (0.005541)
potential : -1.296312 (0.005121)
energy : -0.461243 (0.000841)

kinetic : 0.834821 (0.005528)
potential : -1.296032 (0.005111)
energy : -0.461211 (0.000839)

kinetic : 0.835015 (0.005512)
potential : -1.296201 (0.005096)
energy : -0.461186 (0.000837)

kinetic : 0.835356 (0.005503)
potential : -1.296587 (0.005093)
energy : -0.461231 (0.000835)

kinetic : 0.835224 (0.005486)
potential : -1.296455 (0.005077)
energy : -0.461231 (0.000832)

kinetic : 0.835573 (0.005478)
potential : -1.296770 (0.005070)
energy : -0.461197 (0.000830)

kinetic : 0.835550 (0.005460)
potential : -1.296759 (0.005052)
energy : -0.461209 (0.000827)

kinetic : 0.835810 (0.005447)
potential : -1.297012 (0.005041)
energy : -0.461202 (0.000824)

kinetic : 0.836081 (0.005436)
potential : -1.297188 (0.005027)
energy : -0.461106 (0.000827)

kinetic : 0.835745 (0.005428)
potential : -1.296962 (0.005015)
energy : -0.461216 (0.000832)

kinetic : 0.835417 (0.005419)
potential : -1.296673 (0.005007)
energy : -0.461256 (0.000830)

kinetic : 0.835153 (0.005407)
potential : -1.296478 (0.004994)
energy : -0.461325 (0.000830)

kinetic : 0.835204 (0.005390)
potential : -1.296496 (0.004977)
energy : -0.461292 (0.000828)

kinetic : 0.835298 (0.005372)
potential : -1.296510 (0.004961)
energy : -0.461212 (0.000829)

kinetic : 0.835143 (0.005357)
potential : -1.296329 (0.004947)
energy : -0.461186 (0.000826)

kinetic : 0.834909 (0.005344)
potential : -1.296112 (0.004936)
energy : -0.461203 (0.000824)

kinetic : 0.834981 (0.005327)
potential : -1.296189 (0.004920)
energy : -0.461208 (0.000821)

kinetic : 0.834722 (0.005316)
potential : -1.295944 (0.004910)
energy : -0.461223 (0.000819)

kinetic : 0.834969 (0.005304)
potential : -1.296173 (0.004899)
energy : -0.461204 (0.000816)

kinetic : 0.835251 (0.005294)
potential : -1.296467 (0.004892)
energy : -0.461215 (0.000814)

kinetic : 0.835092 (0.005279)
potential : -1.296309 (0.004878)
energy : -0.461217 (0.000811)

kinetic : 0.835006 (0.005263)
potential : -1.296240 (0.004863)
energy : -0.461234 (0.000808)

kinetic : 0.836467 (0.005446)
potential : -1.297639 (0.005045)
energy : -0.461171 (0.000808)

kinetic : 0.836910 (0.005446)
potential : -1.298111 (0.005051)
energy : -0.461201 (0.000806)

kinetic : 0.837353 (0.005447)
potential : -1.298551 (0.005054)
energy : -0.461198 (0.000804)

kinetic : 0.837985 (0.005466)
potential : -1.299210 (0.005080)
energy : -0.461225 (0.000802)

kinetic : 0.838248 (0.005455)
potential : -1.299412 (0.005068)
energy : -0.461164 (0.000801)

kinetic : 0.838271 (0.005437)
potential : -1.299464 (0.005052)
energy : -0.461194 (0.000799)

kinetic : 0.838367 (0.005421)
potential : -1.299565 (0.005037)
energy : -0.461198 (0.000797)

kinetic : 0.838030 (0.005414)
potential : -1.299306 (0.005028)
energy : -0.461275 (0.000798)

kinetic : 0.838210 (0.005400)
potential : -1.299479 (0.005015)
energy : -0.461269 (0.000795)

kinetic : 0.837931 (0.005390)
potential : -1.299293 (0.005003)
energy : -0.461362 (0.000798)

kinetic : 0.838112 (0.005376)
potential : -1.299461 (0.004990)
energy : -0.461350 (0.000796)

kinetic : 0.838419 (0.005368)
potential : -1.299753 (0.004983)
energy : -0.461334 (0.000794)

kinetic : 0.838090 (0.005362)
potential : -1.299454 (0.004976)
energy : -0.461364 (0.000792)

kinetic : 0.838212 (0.005346)
potential : -1.299585 (0.004963)
energy : -0.461374 (0.000789)

kinetic : 0.838217 (0.005330)
potential : -1.299579 (0.004947)
energy : -0.461361 (0.000787)

kinetic : 0.838136 (0.005314)
potential : -1.299524 (0.004932)
energy : -0.461388 (0.000785)

kinetic : 0.838142 (0.005297)
potential : -1.299569 (0.004917)
energy : -0.461427 (0.000784)

kinetic : 0.838244 (0.005282)
potential : -1.299588 (0.004902)
energy : -0.461344 (0.000785)

kinetic : 0.837905 (0.005277)
potential : -1.299304 (0.004895)
energy : -0.461400 (0.000785)

kinetic : 0.838509 (0.005295)
potential : -1.299854 (0.004911)
energy : -0.461344 (0.000785)

kinetic : 0.838489 (0.005279)
potential : -1.299784 (0.004897)
energy : -0.461295 (0.000784)

kinetic : 0.838110 (0.005277)
potential : -1.299435 (0.004894)
energy : -0.461325 (0.000782)

kinetic : 0.838136 (0.005261)
potential : -1.299397 (0.004880)
energy : -0.461261 (0.000782)

kinetic : 0.838133 (0.005245)
potential : -1.299383 (0.004865)
energy : -0.461250 (0.000780)

kinetic : 0.838025 (0.005230)
potential : -1.299272 (0.004852)
energy : -0.461247 (0.000777)

kinetic : 0.838534 (0.005240)
potential : -1.299775 (0.004863)
energy : -0.461240 (0.000775)

kinetic : 0.838752 (0.005228)
potential : -1.300021 (0.004855)
energy : -0.461269 (0.000773)

kinetic : 0.838603 (0.005215)
potential : -1.299847 (0.004843)
energy : -0.461245 (0.000771)

kinetic : 0.838351 (0.005206)
potential : -1.299621 (0.004834)
energy : -0.461270 (0.000770)

kinetic : 0.838135 (0.005195)
potential : -1.299373 (0.004826)
energy : -0.461238 (0.000768)

kinetic : 0.838465 (0.005190)
potential : -1.299620 (0.004818)
energy : -0.461155 (0.000770)

kinetic : 0.838256 (0.005179)
potential : -1.299464 (0.004807)
energy : -0.461208 (0.000770)

kinetic : 0.837947 (0.005173)
potential : -1.299160 (0.004802)
energy : -0.461213 (0.000768)

kinetic : 0.838182 (0.005163)
potential : -1.299339 (0.004792)
energy : -0.461157 (0.000767)

kinetic : 0.838355 (0.005151)
potential : -1.299442 (0.004779)
energy : -0.461088 (0.000768)

kinetic : 0.838391 (0.005136)
potential : -1.299545 (0.004766)
energy : -0.461153 (0.000769)

kinetic : 0.838215 (0.005124)
potential : -1.299370 (0.004755)
energy : -0.461155 (0.000767)

kinetic : 0.837889 (0.005120)
potential : -1.299103 (0.004749)
energy : -0.461214 (0.000767)

kinetic : 0.837696 (0.005108)
potential : -1.298909 (0.004739)
energy : -0.461213 (0.000764)

kinetic : 0.837582 (0.005095)
potential : -1.298788 (0.004727)
energy : -0.461206 (0.000762)

kinetic : 0.837449 (0.005082)
potential : -1.298656 (0.004715)
energy : -0.461207 (0.000760)

kinetic : 0.837522 (0.005068)
potential : -1.298760 (0.004703)
energy : -0.461238 (0.000759)

kinetic : 0.837565 (0.005054)
potential : -1.298793 (0.004690)
energy : -0.461228 (0.000756)

kinetic : 0.837426 (0.005041)
potential : -1.298700 (0.004677)
energy : -0.461274 (0.000756)

kinetic : 0.837790 (0.005040)
potential : -1.299033 (0.004676)
energy : -0.461243 (0.000754)

kinetic : 0.837589 (0.005030)
potential : -1.298826 (0.004667)
energy : -0.461237 (0.000752)

kinetic : 0.837707 (0.005017)
potential : -1.298922 (0.004655)
energy : -0.461214 (0.000750)

kinetic : 0.837362 (0.005015)
potential : -1.298624 (0.004652)
energy : -0.461262 (0.000750)

kinetic : 0.837208 (0.005003)
potential : -1.298494 (0.004640)
energy : -0.461286 (0.000748)

kinetic : 0.837338 (0.004991)
potential : -1.298582 (0.004628)
energy : -0.461244 (0.000747)

kinetic : 0.837823 (0.005001)
potential : -1.299014 (0.004636)
energy : -0.461191 (0.000747)

kinetic : 0.837772 (0.004987)
potential : -1.298991 (0.004623)
energy : -0.461219 (0.000745)

kinetic : 0.837658 (0.004974)
potential : -1.298843 (0.004612)
energy : -0.461185 (0.000744)

kinetic : 0.837392 (0.004968)
potential : -1.298599 (0.004606)
energy : -0.461207 (0.000742)

kinetic : 0.837339 (0.004954)
potential : -1.298512 (0.004594)
energy : -0.461174 (0.000741)

kinetic : 0.837563 (0.004946)
potential : -1.298732 (0.004587)
energy : -0.461170 (0.000739)

kinetic : 0.837206 (0.004945)
potential : -1.298421 (0.004585)
energy : -0.461216 (0.000738)

kinetic : 0.836882 (0.004942)
potential : -1.298154 (0.004580)
energy : -0.461272 (0.000739)

kinetic : 0.836785 (0.004930)
potential : -1.298091 (0.004568)
energy : -0.461305 (0.000737)

kinetic : 0.836508 (0.004924)
potential : -1.297859 (0.004561)
energy : -0.461351 (0.000737)

kinetic : 0.836490 (0.004911)
potential : -1.297835 (0.004549)
energy : -0.461345 (0.000735)

kinetic : 0.836270 (0.004902)
potential : -1.297647 (0.004541)
energy : -0.461378 (0.000733)

kinetic : 0.836426 (0.004892)
potential : -1.297751 (0.004530)
energy : -0.461324 (0.000733)

kinetic : 0.836441 (0.004879)
potential : -1.297810 (0.004518)
energy : -0.461369 (0.000733)

kinetic : 0.836719 (0.004873)
potential : -1.298111 (0.004516)
energy : -0.461392 (0.000731)

kinetic : 0.836226 (0.004885)
potential : -1.297721 (0.004520)
energy : -0.461495 (0.000736)

kinetic : 0.836044 (0.004876)
potential : -1.297581 (0.004510)
energy : -0.461537 (0.000736)

kinetic : 0.836003 (0.004863)
potential : -1.297519 (0.004499)
energy : -0.461516 (0.000734)

kinetic : 0.835817 (0.004854)
potential : -1.297327 (0.004491)
energy : -0.461510 (0.000732)

kinetic : 0.835391 (0.004859)
potential : -1.296962 (0.004494)
energy : -0.461570 (0.000733)

kinetic : 0.835515 (0.004848)
potential : -1.297112 (0.004485)
energy : -0.461597 (0.000731)

kinetic : 0.835270 (0.004842)
potential : -1.296880 (0.004479)
energy : -0.461610 (0.000729)

kinetic : 0.835617 (0.004841)
potential : -1.297241 (0.004482)
energy : -0.461623 (0.000728)

kinetic : 0.835713 (0.004830)
potential : -1.297292 (0.004470)
energy : -0.461579 (0.000727)

kinetic : 0.835607 (0.004818)
potential : -1.297188 (0.004460)
energy : -0.461580 (0.000725)

kinetic : 0.836539 (0.004895)
potential : -1.298062 (0.004533)
energy : -0.461523 (0.000726)

kinetic : 0.836939 (0.004899)
potential : -1.298355 (0.004531)
energy : -0.461416 (0.000732)

kinetic : 0.836569 (0.004900)
potential : -1.298059 (0.004529)
energy : -0.461489 (0.000733)

kinetic : 0.836896 (0.004898)
potential : -1.298336 (0.004526)
energy : -0.461439 (0.000733)

kinetic : 0.836679 (0.004890)
potential : -1.298145 (0.004518)
energy : -0.461466 (0.000732)

kinetic : 0.836159 (0.004905)
potential : -1.297658 (0.004533)
energy : -0.461499 (0.000731)

kinetic : 0.835774 (0.004908)
potential : -1.297337 (0.004532)
energy : -0.461564 (0.000732)

kinetic : 0.835961 (0.004899)
potential : -1.297497 (0.004524)
energy : -0.461536 (0.000730)

kinetic : 0.836503 (0.004916)
potential : -1.298029 (0.004543)
energy : -0.461526 (0.000728)

kinetic : 0.836428 (0.004904)
potential : -1.297973 (0.004532)
energy : -0.461545 (0.000727)

kinetic : 0.836200 (0.004897)
potential : -1.297826 (0.004523)
energy : -0.461626 (0.000729)

kinetic : 0.835959 (0.004891)
potential : -1.297607 (0.004517)
energy : -0.461648 (0.000728)

kinetic : 0.835766 (0.004882)
potential : -1.297404 (0.004510)
energy : -0.461639 (0.000726)

kinetic : 0.835613 (0.004872)
potential : -1.297243 (0.004501)
energy : -0.461630 (0.000724)

kinetic : 0.835320 (0.004869)
potential : -1.296992 (0.004497)
energy : -0.461672 (0.000724)

kinetic : 0.835009 (0.004867)
potential : -1.296718 (0.004494)
energy : -0.461709 (0.000723)

kinetic : 0.834953 (0.004855)
potential : -1.296684 (0.004483)
energy : -0.461731 (0.000721)

kinetic : 0.835111 (0.004845)
potential : -1.296819 (0.004474)
energy : -0.461708 (0.000720)

kinetic : 0.834932 (0.004837)
potential : -1.296682 (0.004465)
energy : -0.461750 (0.000719)

kinetic : 0.834872 (0.004825)
potential : -1.296623 (0.004454)
energy : -0.461751 (0.000718)

kinetic : 0.834769 (0.004814)
potential : -1.296526 (0.004444)
energy : -0.461757 (0.000716)

kinetic : 0.834402 (0.004816)
potential : -1.296244 (0.004442)
energy : -0.461842 (0.000719)

kinetic : 0.834056 (0.004817)
potential : -1.295916 (0.004443)
energy : -0.461860 (0.000718)

kinetic : 0.834034 (0.004805)
potential : -1.295896 (0.004432)
energy : -0.461863 (0.000716)

kinetic : 0.834011 (0.004793)
potential : -1.295889 (0.004422)
energy : -0.461878 (0.000714)

kinetic : 0.833978 (0.004782)
potential : -1.295919 (0.004411)
energy : -0.461941 (0.000715)

kinetic : 0.833730 (0.004776)
potential : -1.295668 (0.004407)
energy : -0.461938 (0.000714)

kinetic : 0.833771 (0.004765)
potential : -1.295678 (0.004397)
energy : -0.461907 (0.000712)

kinetic : 0.833873 (0.004754)
potential : -1.295769 (0.004387)
energy : -0.461897 (0.000711)

kinetic : 0.834285 (0.004761)
potential : -1.296122 (0.004390)
energy : -0.461837 (0.000712)

kinetic : 0.834416 (0.004751)
potential : -1.296201 (0.004380)
energy : -0.461785 (0.000712)

kinetic : 0.835052 (0.004782)
potential : -1.296836 (0.004416)
energy : -0.461784 (0.000710)

kinetic : 0.834879 (0.004774)
potential : -1.296664 (0.004408)
energy : -0.461785 (0.000708)

kinetic : 0.834804 (0.004763)
potential : -1.296581 (0.004399)
energy : -0.461777 (0.000707)

kinetic : 0.834748 (0.004752)
potential : -1.296527 (0.004388)
energy : -0.461779 (0.000705)

kinetic : 0.834685 (0.004741)
potential : -1.296543 (0.004378)
energy : -0.461857 (0.000708)

kinetic : 0.834688 (0.004730)
potential : -1.296517 (0.004368)
energy : -0.461829 (0.000707)

kinetic : 0.834622 (0.004719)
potential : -1.296432 (0.004358)
energy : -0.461810 (0.000705)

kinetic : 0.834745 (0.004709)
potential : -1.296519 (0.004349)
energy : -0.461774 (0.000704)

kinetic : 0.834623 (0.004700)
potential : -1.296365 (0.004341)
energy : -0.461742 (0.000703)

kinetic : 0.834585 (0.004689)
potential : -1.296365 (0.004331)
energy : -0.461781 (0.000703)

kinetic : 0.834182 (0.004695)
potential : -1.296027 (0.004334)
energy : -0.461845 (0.000704)

kinetic : 0.834132 (0.004684)
potential : -1.295963 (0.004324)
energy : -0.461831 (0.000703)

kinetic : 0.834398 (0.004681)
potential : -1.296185 (0.004320)
energy : -0.461786 (0.000702)

kinetic : 0.834362 (0.004670)
potential : -1.296184 (0.004310)
energy : -0.461822 (0.000702)

kinetic : 0.834410 (0.004659)
potential : -1.296240 (0.004300)
energy : -0.461831 (0.000700)

kinetic : 0.834597 (0.004652)
potential : -1.296392 (0.004293)
energy : -0.461795 (0.000699)

kinetic : 0.834659 (0.004642)
potential : -1.296436 (0.004283)
energy : -0.461778 (0.000698)

kinetic : 0.834729 (0.004632)
potential : -1.296486 (0.004273)
energy : -0.461756 (0.000697)

kinetic : 0.834568 (0.004624)
potential : -1.296384 (0.004264)
energy : -0.461816 (0.000698)

kinetic : 0.834911 (0.004626)
potential : -1.296663 (0.004264)
energy : -0.461752 (0.000699)

kinetic : 0.834937 (0.004615)
potential : -1.296663 (0.004254)
energy : -0.461726 (0.000698)

kinetic : 0.834721 (0.004610)
potential : -1.296490 (0.004248)
energy : -0.461769 (0.000698)

kinetic : 0.834330 (0.004616)
potential : -1.296155 (0.004251)
energy : -0.461825 (0.000698)

kinetic : 0.834893 (0.004639)
potential : -1.296653 (0.004271)
energy : -0.461760 (0.000700)

kinetic : 0.834743 (0.004631)
potential : -1.296494 (0.004264)
energy : -0.461751 (0.000698)

kinetic : 0.834806 (0.004621)
potential : -1.296548 (0.004254)
energy : -0.461742 (0.000697)

kinetic : 0.834811 (0.004611)
potential : -1.296549 (0.004245)
energy : -0.461738 (0.000695)

kinetic : 0.834506 (0.004610)
potential : -1.296295 (0.004243)
energy : -0.461789 (0.000695)

kinetic : 0.835104 (0.004639)
potential : -1.296792 (0.004262)
energy : -0.461688 (0.000701)

kinetic : 0.835109 (0.004628)
potential : -1.296787 (0.004253)
energy : -0.461677 (0.000700)

kinetic : 0.835333 (0.004623)
potential : -1.296951 (0.004246)
energy : -0.461618 (0.000701)

kinetic : 0.835069 (0.004620)
potential : -1.296721 (0.004243)
energy : -0.461651 (0.000700)

kinetic : 0.834719 (0.004623)
potential : -1.296422 (0.004244)
energy : -0.461703 (0.000700)

kinetic : 0.834852 (0.004615)
potential : -1.296526 (0.004236)
energy : -0.461674 (0.000699)

kinetic : 0.834886 (0.004605)
potential : -1.296579 (0.004227)
energy : -0.461692 (0.000698)

kinetic : 0.834817 (0.004595)
potential : -1.296527 (0.004218)
energy : -0.461710 (0.000697)

kinetic : 0.834821 (0.004585)
potential : -1.296491 (0.004208)
energy : -0.461670 (0.000696)

kinetic : 0.834883 (0.004575)
potential : -1.296621 (0.004201)
energy : -0.461738 (0.000698)

kinetic : 0.835270 (0.004581)
potential : -1.297005 (0.004209)
energy : -0.461735 (0.000696)

kinetic : 0.835086 (0.004575)
potential : -1.296871 (0.004202)
energy : -0.461785 (0.000697)

kinetic : 0.835052 (0.004565)
potential : -1.296874 (0.004193)
energy : -0.461822 (0.000696)

kinetic : 0.835317 (0.004563)
potential : -1.297136 (0.004192)
energy : -0.461819 (0.000695)

kinetic : 0.835200 (0.004554)
potential : -1.297037 (0.004184)
energy : -0.461837 (0.000693)

kinetic : 0.835021 (0.004548)
potential : -1.296887 (0.004177)
energy : -0.461865 (0.000692)

kinetic : 0.834895 (0.004540)
potential : -1.296775 (0.004170)
energy : -0.461880 (0.000691)

kinetic : 0.834783 (0.004531)
potential : -1.296695 (0.004162)
energy : -0.461912 (0.000690)

kinetic : 0.834805 (0.004521)
potential : -1.296727 (0.004153)
energy : -0.461923 (0.000689)

kinetic : 0.834950 (0.004514)
potential : -1.296890 (0.004147)
energy : -0.461940 (0.000688)

kinetic : 0.835222 (0.004512)
potential : -1.297147 (0.004146)
energy : -0.461926 (0.000686)

kinetic : 0.835522 (0.004513)
potential : -1.297447 (0.004148)
energy : -0.461925 (0.000685)

kinetic : 0.835201 (0.004514)
potential : -1.297172 (0.004148)
energy : -0.461971 (0.000685)

kinetic : 0.834933 (0.004513)
potential : -1.296951 (0.004145)
energy : -0.462018 (0.000685)

kinetic : 0.835039 (0.004504)
potential : -1.297037 (0.004137)
energy : -0.461998 (0.000684)

kinetic : 0.835015 (0.004495)
potential : -1.296997 (0.004128)
energy : -0.461982 (0.000683)

kinetic : 0.835312 (0.004495)
potential : -1.297288 (0.004130)
energy : -0.461976 (0.000681)

kinetic : 0.835380 (0.004486)
potential : -1.297356 (0.004121)
energy : -0.461976 (0.000680)

kinetic : 0.835227 (0.004479)
potential : -1.297241 (0.004114)
energy : -0.462014 (0.000679)

kinetic : 0.835191 (0.004469)
potential : -1.297180 (0.004106)
energy : -0.461989 (0.000678)

kinetic : 0.835147 (0.004460)
potential : -1.297179 (0.004097)
energy : -0.462032 (0.000678)

kinetic : 0.835198 (0.004451)
potential : -1.297193 (0.004089)
energy : -0.461995 (0.000678)

kinetic : 0.835153 (0.004442)
potential : -1.297179 (0.004080)
energy : -0.462026 (0.000677)

kinetic : 0.835300 (0.004435)
potential : -1.297284 (0.004073)
energy : -0.461984 (0.000677)

kinetic : 0.835381 (0.004426)
potential : -1.297333 (0.004065)
energy : -0.461952 (0.000676)

kinetic : 0.835429 (0.004417)
potential : -1.297369 (0.004056)
energy : -0.461940 (0.000675)

kinetic : 0.835463 (0.004408)
potential : -1.297381 (0.004048)
energy : -0.461918 (0.000674)

kinetic : 0.835526 (0.004400)
potential : -1.297452 (0.004040)
energy : -0.461925 (0.000672)

kinetic : 0.836289 (0.004456)
potential : -1.298194 (0.004099)
energy : -0.461905 (0.000671)

kinetic : 0.836550 (0.004455)
potential : -1.298424 (0.004097)
energy : -0.461875 (0.000671)

kinetic : 0.836455 (0.004446)
potential : -1.298304 (0.004091)
energy : -0.461850 (0.000670)

kinetic : 0.836208 (0.004444)
potential : -1.298079 (0.004088)
energy : -0.461871 (0.000669)

kinetic : 0.835974 (0.004441)
potential : -1.297870 (0.004085)
energy : -0.461896 (0.000668)

kinetic : 0.835931 (0.004432)
potential : -1.297806 (0.004077)
energy : -0.461875 (0.000667)

kinetic : 0.836117 (0.004427)
potential : -1.297994 (0.004073)
energy : -0.461877 (0.000665)

kinetic : 0.836076 (0.004418)
potential : -1.297987 (0.004065)
energy : -0.461911 (0.000665)

kinetic : 0.836201 (0.004411)
potential : -1.298088 (0.004058)
energy : -0.461887 (0.000664)

kinetic : 0.835926 (0.004410)
potential : -1.297852 (0.004057)
energy : -0.461925 (0.000664)

kinetic : 0.836020 (0.004402)
potential : -1.297976 (0.004050)
energy : -0.461956 (0.000663)

kinetic : 0.836287 (0.004401)
potential : -1.298216 (0.004049)
energy : -0.461929 (0.000662)

kinetic : 0.836221 (0.004393)
potential : -1.298137 (0.004042)
energy : -0.461916 (0.000661)

kinetic : 0.835899 (0.004396)
potential : -1.297857 (0.004043)
energy : -0.461957 (0.000661)

kinetic : 0.835871 (0.004387)
potential : -1.297826 (0.004035)
energy : -0.461955 (0.000660)

kinetic : 0.835749 (0.004380)
potential : -1.297721 (0.004028)
energy : -0.461972 (0.000659)

kinetic : 0.835734 (0.004371)
potential : -1.297705 (0.004020)
energy : -0.461971 (0.000657)

kinetic : 0.835560 (0.004366)
potential : -1.297577 (0.004014)
energy : -0.462018 (0.000658)

kinetic : 0.835672 (0.004359)
potential : -1.297697 (0.004008)
energy : -0.462025 (0.000656)

kinetic : 0.835723 (0.004350)
potential : -1.297758 (0.004000)
energy : -0.462035 (0.000655)

kinetic : 0.835706 (0.004341)
potential : -1.297731 (0.003993)
energy : -0.462024 (0.000654)

kinetic : 0.835608 (0.004334)
potential : -1.297651 (0.003985)
energy : -0.462043 (0.000653)

kinetic : 0.835909 (0.004336)
potential : -1.297927 (0.003987)
energy : -0.462018 (0.000652)

kinetic : 0.836337 (0.004348)
potential : -1.298343 (0.004001)
energy : -0.462005 (0.000651)

kinetic : 0.836436 (0.004341)
potential : -1.298474 (0.003995)
energy : -0.462039 (0.000650)

kinetic : 0.836482 (0.004333)
potential : -1.298545 (0.003988)
energy : -0.462062 (0.000650)

kinetic : 0.836542 (0.004324)
potential : -1.298556 (0.003980)
energy : -0.462014 (0.000650)

kinetic : 0.836532 (0.004316)
potential : -1.298540 (0.003972)
energy : -0.462008 (0.000649)

kinetic : 0.836473 (0.004308)
potential : -1.298483 (0.003965)
energy : -0.462011 (0.000648)

kinetic : 0.836499 (0.004299)
potential : -1.298511 (0.003957)
energy : -0.462012 (0.000646)

kinetic : 0.836617 (0.004293)
potential : -1.298626 (0.003951)
energy : -0.462009 (0.000645)

kinetic : 0.836330 (0.004294)
potential : -1.298409 (0.003949)
energy : -0.462079 (0.000648)

kinetic : 0.836234 (0.004287)
potential : -1.298324 (0.003942)
energy : -0.462090 (0.000646)

kinetic : 0.836071 (0.004281)
potential : -1.298191 (0.003937)
energy : -0.462119 (0.000646)

kinetic : 0.835947 (0.004275)
potential : -1.298063 (0.003931)
energy : -0.462116 (0.000645)

kinetic : 0.836192 (0.004274)
potential : -1.298253 (0.003928)
energy : -0.462061 (0.000646)

kinetic : 0.836065 (0.004267)
potential : -1.298121 (0.003923)
energy : -0.462056 (0.000644)

kinetic : 0.836373 (0.004270)
potential : -1.298422 (0.003927)
energy : -0.462049 (0.000643)

kinetic : 0.836402 (0.004262)
potential : -1.298423 (0.003919)
energy : -0.462020 (0.000643)

kinetic : 0.836201 (0.004258)
potential : -1.298241 (0.003916)
energy : -0.462039 (0.000642)

kinetic : 0.836324 (0.004252)
potential : -1.298322 (0.003909)
energy : -0.461998 (0.000642)

kinetic : 0.836333 (0.004244)
potential : -1.298337 (0.003902)
energy : -0.462004 (0.000641)

kinetic : 0.836345 (0.004236)
potential : -1.298367 (0.003895)
energy : -0.462022 (0.000640)

kinetic : 0.836455 (0.004229)
potential : -1.298481 (0.003889)
energy : -0.462027 (0.000638)

kinetic : 0.836433 (0.004221)
potential : -1.298455 (0.003881)
energy : -0.462022 (0.000637)

kinetic : 0.836244 (0.004217)
potential : -1.298281 (0.003878)
energy : -0.462037 (0.000636)

kinetic : 0.836190 (0.004210)
potential : -1.298222 (0.003871)
energy : -0.462032 (0.000635)

kinetic : 0.836334 (0.004204)
potential : -1.298343 (0.003866)
energy : -0.462010 (0.000634)

kinetic : 0.836272 (0.004197)
potential : -1.298310 (0.003858)
energy : -0.462039 (0.000634)

kinetic : 0.836300 (0.004189)
potential : -1.298364 (0.003852)
energy : -0.462064 (0.000633)

kinetic : 0.836223 (0.004182)
potential : -1.298305 (0.003845)
energy : -0.462082 (0.000632)

kinetic : 0.836136 (0.004175)
potential : -1.298204 (0.003839)
energy : -0.462068 (0.000631)

kinetic : 0.836121 (0.004167)
potential : -1.298213 (0.003832)
energy : -0.462093 (0.000630)

kinetic : 0.836087 (0.004159)
potential : -1.298190 (0.003824)
energy : -0.462103 (0.000629)

kinetic : 0.835956 (0.004153)
potential : -1.298050 (0.003820)
energy : -0.462094 (0.000628)

kinetic : 0.835924 (0.004146)
potential : -1.298015 (0.003813)
energy : -0.462092 (0.000627)

kinetic : 0.836565 (0.004188)
potential : -1.298619 (0.003853)
energy : -0.462053 (0.000627)

kinetic : 0.836323 (0.004187)
potential : -1.298392 (0.003853)
energy : -0.462069 (0.000626)

kinetic : 0.836207 (0.004181)
potential : -1.298325 (0.003846)
energy : -0.462118 (0.000627)

kinetic : 0.836113 (0.004174)
potential : -1.298264 (0.003840)
energy : -0.462151 (0.000626)

kinetic : 0.835811 (0.004177)
potential : -1.298000 (0.003842)
energy : -0.462189 (0.000626)

kinetic : 0.835677 (0.004172)
potential : -1.297899 (0.003836)
energy : -0.462222 (0.000626)

kinetic : 0.835658 (0.004164)
potential : -1.297878 (0.003829)
energy : -0.462219 (0.000625)

kinetic : 0.835755 (0.004157)
potential : -1.297947 (0.003822)
energy : -0.462192 (0.000624)

kinetic : 0.835507 (0.004157)
potential : -1.297740 (0.003821)
energy : -0.462233 (0.000625)

kinetic : 0.835317 (0.004154)
potential : -1.297567 (0.003818)
energy : -0.462250 (0.000624)

kinetic : 0.835315 (0.004146)
potential : -1.297529 (0.003811)
energy : -0.462214 (0.000624)

kinetic : 0.835166 (0.004141)
potential : -1.297402 (0.003806)
energy : -0.462236 (0.000623)

kinetic : 0.835357 (0.004138)
potential : -1.297601 (0.003805)
energy : -0.462244 (0.000622)

kinetic : 0.835381 (0.004131)
potential : -1.297622 (0.003798)
energy : -0.462241 (0.000621)

kinetic : 0.835483 (0.004125)
potential : -1.297748 (0.003793)
energy : -0.462265 (0.000620)

kinetic : 0.835379 (0.004118)
potential : -1.297650 (0.003787)
energy : -0.462272 (0.000619)

kinetic : 0.835585 (0.004116)
potential : -1.297828 (0.003785)
energy : -0.462243 (0.000618)

kinetic : 0.835487 (0.004110)
potential : -1.297779 (0.003778)
energy : -0.462292 (0.000619)

kinetic : 0.835644 (0.004105)
potential : -1.297884 (0.003773)
energy : -0.462240 (0.000620)

kinetic : 0.835741 (0.004099)
potential : -1.297961 (0.003767)
energy : -0.462220 (0.000619)

kinetic : 0.835600 (0.004094)
potential : -1.297826 (0.003762)
energy : -0.462226 (0.000618)

kinetic : 0.835708 (0.004088)
potential : -1.297898 (0.003756)
energy : -0.462189 (0.000618)

kinetic : 0.835562 (0.004084)
potential : -1.297754 (0.003752)
energy : -0.462192 (0.000617)

kinetic : 0.835707 (0.004079)
potential : -1.297860 (0.003747)
energy : -0.462153 (0.000617)

kinetic : 0.835625 (0.004073)
potential : -1.297780 (0.003741)
energy : -0.462155 (0.000616)

kinetic : 0.835689 (0.004066)
potential : -1.297832 (0.003735)
energy : -0.462143 (0.000615)

kinetic : 0.835701 (0.004059)
potential : -1.297816 (0.003728)
energy : -0.462115 (0.000615)

kinetic : 0.835695 (0.004051)
potential : -1.297825 (0.003722)
energy : -0.462129 (0.000614)

kinetic : 0.835583 (0.004046)
potential : -1.297703 (0.003717)
energy : -0.462120 (0.000613)

kinetic : 0.835827 (0.004046)
potential : -1.297916 (0.003717)
energy : -0.462089 (0.000613)

kinetic : 0.835636 (0.004043)
potential : -1.297739 (0.003714)
energy : -0.462103 (0.000612)

kinetic : 0.835533 (0.004038)
potential : -1.297592 (0.003711)
energy : -0.462059 (0.000612)

kinetic : 0.835347 (0.004035)
potential : -1.297428 (0.003708)
energy : -0.462081 (0.000612)

kinetic : 0.835362 (0.004028)
potential : -1.297443 (0.003701)
energy : -0.462082 (0.000610)

kinetic : 0.835146 (0.004026)
potential : -1.297258 (0.003699)
energy : -0.462112 (0.000610)

kinetic : 0.835329 (0.004023)
potential : -1.297407 (0.003696)
energy : -0.462078 (0.000610)

kinetic : 0.835341 (0.004016)
potential : -1.297401 (0.003690)
energy : -0.462060 (0.000609)

kinetic : 0.835485 (0.004012)
potential : -1.297532 (0.003685)
energy : -0.462048 (0.000608)

kinetic : 0.835548 (0.004006)
potential : -1.297618 (0.003680)
energy : -0.462070 (0.000608)

kinetic : 0.835657 (0.004000)
potential : -1.297731 (0.003675)
energy : -0.462074 (0.000607)

kinetic : 0.835792 (0.003995)
potential : -1.297884 (0.003672)
energy : -0.462091 (0.000606)

kinetic : 0.835896 (0.003990)
potential : -1.297964 (0.003667)
energy : -0.462067 (0.000605)

kinetic : 0.835712 (0.003987)
potential : -1.297817 (0.003663)
energy : -0.462106 (0.000605)

kinetic : 0.835602 (0.003982)
potential : -1.297697 (0.003659)
energy : -0.462096 (0.000604)

kinetic : 0.835507 (0.003976)
potential : -1.297620 (0.003653)
energy : -0.462113 (0.000604)

kinetic : 0.835527 (0.003969)
potential : -1.297663 (0.003647)
energy : -0.462136 (0.000603)

kinetic : 0.835691 (0.003966)
potential : -1.297829 (0.003645)
energy : -0.462138 (0.000602)

kinetic : 0.835540 (0.003962)
potential : -1.297722 (0.003640)
energy : -0.462182 (0.000603)

kinetic : 0.835363 (0.003959)
potential : -1.297590 (0.003636)
energy : -0.462226 (0.000603)

kinetic : 0.835368 (0.003952)
potential : -1.297646 (0.003631)
energy : -0.462278 (0.000604)

kinetic : 0.835409 (0.003946)
potential : -1.297672 (0.003625)
energy : -0.462262 (0.000604)

kinetic : 0.835493 (0.003940)
potential : -1.297731 (0.003619)
energy : -0.462238 (0.000603)

kinetic : 0.835233 (0.003942)
potential : -1.297507 (0.003620)
energy : -0.462274 (0.000603)

kinetic : 0.835100 (0.003938)
potential : -1.297381 (0.003616)
energy : -0.462281 (0.000602)

kinetic : 0.834987 (0.003932)
potential : -1.297247 (0.003612)
energy : -0.462260 (0.000601)

kinetic : 0.835006 (0.003926)
potential : -1.297256 (0.003606)
energy : -0.462250 (0.000600)

kinetic : 0.835224 (0.003925)
potential : -1.297431 (0.003604)
energy : -0.462207 (0.000601)

kinetic : 0.835127 (0.003920)
potential : -1.297317 (0.003600)
energy : -0.462189 (0.000600)

kinetic : 0.834904 (0.003920)
potential : -1.297181 (0.003596)
energy : -0.462278 (0.000606)

kinetic : 0.835125 (0.003919)
potential : -1.297388 (0.003596)
energy : -0.462263 (0.000605)

kinetic : 0.834912 (0.003919)
potential : -1.297189 (0.003596)
energy : -0.462277 (0.000604)

kinetic : 0.834861 (0.003912)
potential : -1.297160 (0.003590)
energy : -0.462299 (0.000603)

kinetic : 0.834809 (0.003906)
potential : -1.297122 (0.003584)
energy : -0.462313 (0.000603)

kinetic : 0.834946 (0.003902)
potential : -1.297257 (0.003581)
energy : -0.462311 (0.000602)

kinetic : 0.835051 (0.003897)
potential : -1.297353 (0.003576)
energy : -0.462302 (0.000601)

kinetic : 0.835189 (0.003893)
potential : -1.297435 (0.003571)
energy : -0.462247 (0.000602)

kinetic : 0.835311 (0.003888)
potential : -1.297554 (0.003567)
energy : -0.462243 (0.000601)

kinetic : 0.835387 (0.003883)
potential : -1.297604 (0.003562)
energy : -0.462217 (0.000601)

kinetic : 0.835230 (0.003879)
potential : -1.297446 (0.003559)
energy : -0.462215 (0.000600)

kinetic : 0.835424 (0.003878)
potential : -1.297606 (0.003557)
energy : -0.462182 (0.000600)

kinetic : 0.835361 (0.003872)
potential : -1.297568 (0.003551)
energy : -0.462208 (0.000599)

kinetic : 0.835275 (0.003867)
potential : -1.297495 (0.003546)
energy : -0.462219 (0.000598)

kinetic : 0.835269 (0.003860)
potential : -1.297507 (0.003540)
energy : -0.462238 (0.000598)

kinetic : 0.835222 (0.003854)
potential : -1.297445 (0.003535)
energy : -0.462224 (0.000597)

kinetic : 0.835258 (0.003848)
potential : -1.297528 (0.003530)
energy : -0.462269 (0.000598)

kinetic : 0.835307 (0.003842)
potential : -1.297576 (0.003525)
energy : -0.462269 (0.000597)

kinetic : 0.835559 (0.003844)
potential : -1.297837 (0.003529)
energy : -0.462278 (0.000596)

kinetic : 0.835639 (0.003839)
potential : -1.297876 (0.003523)
energy : -0.462238 (0.000596)

kinetic : 0.835997 (0.003849)
potential : -1.298195 (0.003532)
energy : -0.462198 (0.000596)

kinetic : 0.835935 (0.003843)
potential : -1.298167 (0.003526)
energy : -0.462231 (0.000596)

kinetic : 0.835901 (0.003837)
potential : -1.298111 (0.003521)
energy : -0.462211 (0.000596)

kinetic : 0.835844 (0.003831)
potential : -1.298101 (0.003515)
energy : -0.462257 (0.000597)

kinetic : 0.835885 (0.003825)
potential : -1.298130 (0.003510)
energy : -0.462244 (0.000596)

kinetic : 0.835606 (0.003829)
potential : -1.297876 (0.003513)
energy : -0.462269 (0.000595)

kinetic : 0.835644 (0.003823)
potential : -1.297881 (0.003507)
energy : -0.462236 (0.000595)

kinetic : 0.835794 (0.003820)
potential : -1.298011 (0.003504)
energy : -0.462216 (0.000595)

kinetic : 0.835666 (0.003816)
potential : -1.297901 (0.003500)
energy : -0.462235 (0.000594)

kinetic : 0.835693 (0.003810)
potential : -1.297901 (0.003495)
energy : -0.462208 (0.000594)

kinetic : 0.835612 (0.003805)
potential : -1.297813 (0.003490)
energy : -0.462201 (0.000593)

kinetic : 0.835357 (0.003807)
potential : -1.297554 (0.003494)
energy : -0.462196 (0.000592)

kinetic : 0.835454 (0.003803)
potential : -1.297667 (0.003491)
energy : -0.462213 (0.000591)

kinetic : 0.835516 (0.003797)
potential : -1.297725 (0.003485)
energy : -0.462209 (0.000590)

kinetic : 0.835749 (0.003798)
potential : -1.297944 (0.003487)
energy : -0.462195 (0.000590)

kinetic : 0.835689 (0.003793)
potential : -1.297896 (0.003482)
energy : -0.462208 (0.000589)

kinetic : 0.835777 (0.003788)
potential : -1.297970 (0.003477)
energy : -0.462193 (0.000588)

kinetic : 0.835808 (0.003782)
potential : -1.297966 (0.003471)
energy : -0.462158 (0.000588)

kinetic : 0.835677 (0.003778)
potential : -1.297862 (0.003467)
energy : -0.462185 (0.000588)

kinetic : 0.835743 (0.003773)
potential : -1.297910 (0.003462)
energy : -0.462167 (0.000587)

kinetic : 0.835852 (0.003768)
potential : -1.297985 (0.003458)
energy : -0.462132 (0.000587)

kinetic : 0.835855 (0.003762)
potential : -1.297979 (0.003452)
energy : -0.462124 (0.000586)

kinetic : 0.836126 (0.003766)
potential : -1.298194 (0.003453)
energy : -0.462068 (0.000588)

kinetic : 0.836156 (0.003760)
potential : -1.298202 (0.003448)
energy : -0.462047 (0.000588)

kinetic : 0.836125 (0.003755)
potential : -1.298140 (0.003443)
energy : -0.462016 (0.000587)

kinetic : 0.836307 (0.003753)
potential : -1.298289 (0.003441)
energy : -0.461982 (0.000587)

kinetic : 0.836648 (0.003763)
potential : -1.298617 (0.003451)
energy : -0.461969 (0.000587)

kinetic : 0.836848 (0.003762)
potential : -1.298797 (0.003451)
energy : -0.461949 (0.000586)

kinetic : 0.836686 (0.003760)
potential : -1.298649 (0.003448)
energy : -0.461964 (0.000585)

kinetic : 0.836463 (0.003761)
potential : -1.298456 (0.003449)
energy : -0.461993 (0.000585)

kinetic : 0.836379 (0.003756)
potential : -1.298373 (0.003444)
energy : -0.461995 (0.000584)

kinetic : 0.836453 (0.003751)
potential : -1.298399 (0.003439)
energy : -0.461946 (0.000585)

kinetic : 0.836412 (0.003745)
potential : -1.298353 (0.003434)
energy : -0.461940 (0.000585)

kinetic : 0.836432 (0.003739)
potential : -1.298404 (0.003429)
energy : -0.461972 (0.000585)

kinetic : 0.836431 (0.003734)
potential : -1.298396 (0.003424)
energy : -0.461965 (0.000584)

kinetic : 0.836371 (0.003728)
potential : -1.298302 (0.003420)
energy : -0.461931 (0.000584)

kinetic : 0.836519 (0.003726)
potential : -1.298419 (0.003416)
energy : -0.461900 (0.000584)

kinetic : 0.836490 (0.003720)
potential : -1.298377 (0.003411)
energy : -0.461886 (0.000583)

kinetic : 0.836440 (0.003715)
potential : -1.298336 (0.003407)
energy : -0.461896 (0.000582)

kinetic : 0.836349 (0.003710)
potential : -1.298242 (0.003403)
energy : -0.461893 (0.000581)

kinetic : 0.836330 (0.003704)
potential : -1.298235 (0.003397)
energy : -0.461904 (0.000580)

kinetic : 0.836151 (0.003703)
potential : -1.298098 (0.003395)
energy : -0.461947 (0.000581)

kinetic : 0.836009 (0.003700)
potential : -1.297986 (0.003392)
energy : -0.461977 (0.000581)

kinetic : 0.835853 (0.003698)
potential : -1.297874 (0.003388)
energy : -0.462021 (0.000582)

kinetic : 0.835885 (0.003692)
potential : -1.297909 (0.003383)
energy : -0.462024 (0.000581)

kinetic : 0.835707 (0.003691)
potential : -1.297770 (0.003381)
energy : -0.462063 (0.000581)

kinetic : 0.835610 (0.003687)
potential : -1.297725 (0.003376)
energy : -0.462115 (0.000583)

kinetic : 0.835444 (0.003685)
potential : -1.297572 (0.003375)
energy : -0.462128 (0.000582)

kinetic : 0.835537 (0.003681)
potential : -1.297654 (0.003371)
energy : -0.462117 (0.000581)

kinetic : 0.835461 (0.003676)
potential : -1.297602 (0.003366)
energy : -0.462141 (0.000581)

kinetic : 0.835608 (0.003673)
potential : -1.297743 (0.003364)
energy : -0.462134 (0.000580)

kinetic : 0.835488 (0.003670)
potential : -1.297646 (0.003360)
energy : -0.462158 (0.000580)

kinetic : 0.835524 (0.003664)
potential : -1.297669 (0.003355)
energy : -0.462145 (0.000579)

kinetic : 0.835607 (0.003660)
potential : -1.297714 (0.003350)
energy : -0.462107 (0.000579)

kinetic : 0.835590 (0.003654)
potential : -1.297689 (0.003346)
energy : -0.462099 (0.000578)

kinetic : 0.835578 (0.003649)
potential : -1.297697 (0.003341)
energy : -0.462119 (0.000578)

kinetic : 0.835872 (0.003655)
potential : -1.297965 (0.003346)
energy : -0.462093 (0.000578)

kinetic : 0.835877 (0.003650)
potential : -1.297962 (0.003341)
energy : -0.462086 (0.000577)

kinetic : 0.835986 (0.003646)
potential : -1.298072 (0.003338)
energy : -0.462086 (0.000576)

kinetic : 0.835733 (0.003649)
potential : -1.297860 (0.003340)
energy : -0.462128 (0.000577)

kinetic : 0.835992 (0.003653)
potential : -1.298091 (0.003343)
energy : -0.462099 (0.000576)

kinetic : 0.835821 (0.003652)
potential : -1.297922 (0.003342)
energy : -0.462101 (0.000576)

kinetic : 0.835953 (0.003649)
potential : -1.298068 (0.003341)
energy : -0.462116 (0.000575)

kinetic : 0.835772 (0.003648)
potential : -1.297913 (0.003339)
energy : -0.462141 (0.000575)

kinetic : 0.835778 (0.003643)
potential : -1.297900 (0.003334)
energy : -0.462122 (0.000574)

kinetic : 0.835652 (0.003639)
potential : -1.297789 (0.003331)
energy : -0.462137 (0.000573)

kinetic : 0.835453 (0.003639)
potential : -1.297625 (0.003330)
energy : -0.462172 (0.000574)

kinetic : 0.835662 (0.003640)
potential : -1.297836 (0.003332)
energy : -0.462174 (0.000573)

kinetic : 0.835791 (0.003637)
potential : -1.297966 (0.003330)
energy : -0.462175 (0.000572)

kinetic : 0.835812 (0.003632)
potential : -1.297990 (0.003325)
energy : -0.462178 (0.000571)

kinetic : 0.835770 (0.003627)
potential : -1.297903 (0.003321)
energy : -0.462132 (0.000572)

kinetic : 0.835839 (0.003622)
potential : -1.297963 (0.003317)
energy : -0.462124 (0.000571)

kinetic : 0.835808 (0.003617)
potential : -1.297928 (0.003313)
energy : -0.462120 (0.000571)

kinetic : 0.836048 (0.003620)
potential : -1.298126 (0.003314)
energy : -0.462077 (0.000571)

kinetic : 0.835932 (0.003616)
potential : -1.298006 (0.003311)
energy : -0.462075 (0.000571)

kinetic : 0.835828 (0.003613)
potential : -1.297945 (0.003307)
energy : -0.462117 (0.000571)

kinetic : 0.835873 (0.003608)
potential : -1.297962 (0.003302)
energy : -0.462089 (0.000571)

kinetic : 0.835743 (0.003605)
potential : -1.297816 (0.003300)
energy : -0.462073 (0.000571)

kinetic : 0.835662 (0.003600)
potential : -1.297759 (0.003296)
energy : -0.462097 (0.000570)

kinetic : 0.835564 (0.003597)
potential : -1.297685 (0.003292)
energy : -0.462121 (0.000570)

kinetic : 0.835400 (0.003595)
potential : -1.297535 (0.003291)
energy : -0.462135 (0.000569)

kinetic : 0.835259 (0.003593)
potential : -1.297420 (0.003288)
energy : -0.462161 (0.000569)

kinetic : 0.835203 (0.003588)
potential : -1.297362 (0.003284)
energy : -0.462158 (0.000568)

kinetic : 0.835235 (0.003583)
potential : -1.297398 (0.003279)
energy : -0.462163 (0.000567)

kinetic : 0.835173 (0.003578)
potential : -1.297341 (0.003275)
energy : -0.462168 (0.000567)

kinetic : 0.835088 (0.003574)
potential : -1.297269 (0.003271)
energy : -0.462181 (0.000566)

kinetic : 0.835170 (0.003570)
potential : -1.297356 (0.003268)
energy : -0.462186 (0.000565)

kinetic : 0.835052 (0.003567)
potential : -1.297253 (0.003265)
energy : -0.462201 (0.000565)

kinetic : 0.834984 (0.003563)
potential : -1.297182 (0.003261)
energy : -0.462197 (0.000564)

kinetic : 0.834958 (0.003558)
potential : -1.297140 (0.003257)
energy : -0.462182 (0.000563)

kinetic : 0.834922 (0.003553)
potential : -1.297120 (0.003252)
energy : -0.462198 (0.000563)

kinetic : 0.834864 (0.003548)
potential : -1.297061 (0.003248)
energy : -0.462197 (0.000562)

kinetic : 0.834718 (0.003546)
potential : -1.296946 (0.003245)
energy : -0.462227 (0.000562)

kinetic : 0.834753 (0.003541)
potential : -1.296976 (0.003241)
energy : -0.462223 (0.000561)

kinetic : 0.834910 (0.003540)
potential : -1.297124 (0.003240)
energy : -0.462214 (0.000560)

kinetic : 0.834948 (0.003535)
potential : -1.297162 (0.003235)
energy : -0.462214 (0.000560)

kinetic : 0.835014 (0.003531)
potential : -1.297220 (0.003231)
energy : -0.462207 (0.000559)

kinetic : 0.834989 (0.003526)
potential : -1.297202 (0.003227)
energy : -0.462213 (0.000558)

kinetic : 0.834918 (0.003522)
potential : -1.297126 (0.003223)
energy : -0.462208 (0.000557)

kinetic : 0.834870 (0.003517)
potential : -1.297093 (0.003219)
energy : -0.462223 (0.000557)

kinetic : 0.835066 (0.003518)
potential : -1.297286 (0.003220)
energy : -0.462220 (0.000556)

kinetic : 0.834884 (0.003517)
potential : -1.297151 (0.003219)
energy : -0.462267 (0.000557)

kinetic : 0.834912 (0.003513)
potential : -1.297153 (0.003214)
energy : -0.462241 (0.000557)

kinetic : 0.835360 (0.003536)
potential : -1.297587 (0.003239)
energy : -0.462226 (0.000556)

kinetic : 0.835249 (0.003533)
potential : -1.297508 (0.003235)
energy : -0.462260 (0.000557)

kinetic : 0.835183 (0.003529)
potential : -1.297436 (0.003232)
energy : -0.462253 (0.000556)

kinetic : 0.835245 (0.003524)
potential : -1.297480 (0.003227)
energy : -0.462235 (0.000555)

kinetic : 0.835329 (0.003520)
potential : -1.297583 (0.003225)
energy : -0.462254 (0.000555)

kinetic : 0.835056 (0.003526)
potential : -1.297322 (0.003231)
energy : -0.462267 (0.000554)

kinetic : 0.835005 (0.003522)
potential : -1.297266 (0.003227)
energy : -0.462261 (0.000554)

kinetic : 0.834901 (0.003518)
potential : -1.297176 (0.003223)
energy : -0.462276 (0.000553)

kinetic : 0.834928 (0.003514)
potential : -1.297219 (0.003219)
energy : -0.462291 (0.000552)

kinetic : 0.834842 (0.003510)
potential : -1.297133 (0.003216)
energy : -0.462290 (0.000552)

kinetic : 0.834864 (0.003505)
potential : -1.297159 (0.003212)
energy : -0.462295 (0.000551)

kinetic : 0.834819 (0.003501)
potential : -1.297124 (0.003207)
energy : -0.462305 (0.000550)

kinetic : 0.834696 (0.003498)
potential : -1.297038 (0.003204)
energy : -0.462342 (0.000551)

kinetic : 0.834676 (0.003493)
potential : -1.297041 (0.003200)
energy : -0.462365 (0.000551)

kinetic : 0.834505 (0.003493)
potential : -1.296900 (0.003199)
energy : -0.462395 (0.000551)

kinetic : 0.834627 (0.003490)
potential : -1.296992 (0.003196)
energy : -0.462365 (0.000551)

kinetic : 0.834540 (0.003486)
potential : -1.296931 (0.003192)
energy : -0.462391 (0.000551)

kinetic : 0.834515 (0.003482)
potential : -1.296881 (0.003188)
energy : -0.462366 (0.000550)

kinetic : 0.834400 (0.003479)
potential : -1.296779 (0.003185)
energy : -0.462379 (0.000550)

kinetic : 0.834382 (0.003474)
potential : -1.296725 (0.003181)
energy : -0.462344 (0.000550)

kinetic : 0.834279 (0.003471)
potential : -1.296631 (0.003178)
energy : -0.462352 (0.000550)

kinetic : 0.834452 (0.003471)
potential : -1.296749 (0.003176)
energy : -0.462298 (0.000551)

kinetic : 0.834240 (0.003472)
potential : -1.296556 (0.003178)
energy : -0.462316 (0.000551)

kinetic : 0.834213 (0.003468)
potential : -1.296527 (0.003174)
energy : -0.462313 (0.000550)

kinetic : 0.834159 (0.003463)
potential : -1.296477 (0.003170)
energy : -0.462318 (0.000550)

kinetic : 0.834334 (0.003463)
potential : -1.296644 (0.003170)
energy : -0.462310 (0.000549)

kinetic : 0.834538 (0.003465)
potential : -1.296821 (0.003171)
energy : -0.462283 (0.000549)

kinetic : 0.834452 (0.003461)
potential : -1.296748 (0.003167)
energy : -0.462296 (0.000548)

kinetic : 0.834557 (0.003458)
potential : -1.296831 (0.003164)
energy : -0.462275 (0.000548)

kinetic : 0.834556 (0.003453)
potential : -1.296846 (0.003160)
energy : -0.462290 (0.000547)

kinetic : 0.834565 (0.003449)
potential : -1.296848 (0.003156)
energy : -0.462284 (0.000547)

kinetic : 0.834474 (0.003445)
potential : -1.296766 (0.003152)
energy : -0.462292 (0.000546)

kinetic : 0.834486 (0.003441)
potential : -1.296745 (0.003148)
energy : -0.462259 (0.000546)

kinetic : 0.834470 (0.003436)
potential : -1.296731 (0.003144)
energy : -0.462260 (0.000546)

kinetic : 0.834516 (0.003432)
potential : -1.296749 (0.003140)
energy : -0.462233 (0.000546)

kinetic : 0.834520 (0.003427)
potential : -1.296772 (0.003136)
energy : -0.462252 (0.000545)

kinetic : 0.834441 (0.003424)
potential : -1.296716 (0.003132)
energy : -0.462275 (0.000545)

kinetic : 0.834195 (0.003428)
potential : -1.296500 (0.003136)
energy : -0.462305 (0.000545)

kinetic : 0.834141 (0.003424)
potential : -1.296470 (0.003132)
energy : -0.462329 (0.000545)

kinetic : 0.834760 (0.003475)
potential : -1.297103 (0.003191)
energy : -0.462343 (0.000544)

kinetic : 0.834661 (0.003472)
potential : -1.297015 (0.003188)
energy : -0.462354 (0.000544)

kinetic : 0.834645 (0.003467)
potential : -1.296986 (0.003184)
energy : -0.462341 (0.000543)

kinetic : 0.834605 (0.003463)
potential : -1.296950 (0.003180)
energy : -0.462345 (0.000542)

kinetic : 0.834622 (0.003459)
potential : -1.296969 (0.003176)
energy : -0.462347 (0.000542)

kinetic : 0.834489 (0.003457)
potential : -1.296850 (0.003174)
energy : -0.462360 (0.000541)

kinetic : 0.834503 (0.003452)
potential : -1.296849 (0.003170)
energy : -0.462346 (0.000541)

kinetic : 0.834392 (0.003449)
potential : -1.296759 (0.003167)
energy : -0.462367 (0.000540)

kinetic : 0.834396 (0.003445)
potential : -1.296753 (0.003163)
energy : -0.462357 (0.000540)

kinetic : 0.834475 (0.003441)
potential : -1.296812 (0.003159)
energy : -0.462337 (0.000539)

kinetic : 0.834524 (0.003437)
potential : -1.296842 (0.003155)
energy : -0.462318 (0.000539)

kinetic : 0.834940 (0.003458)
potential : -1.297248 (0.003177)
energy : -0.462308 (0.000538)

kinetic : 0.835231 (0.003465)
potential : -1.297489 (0.003182)
energy : -0.462258 (0.000540)

kinetic : 0.835227 (0.003461)
potential : -1.297460 (0.003178)
energy : -0.462233 (0.000540)

kinetic : 0.835447 (0.003463)
potential : -1.297664 (0.003180)
energy : -0.462217 (0.000539)

kinetic : 0.835295 (0.003462)
potential : -1.297511 (0.003180)
energy : -0.462216 (0.000539)

kinetic : 0.835261 (0.003458)
potential : -1.297483 (0.003176)
energy : -0.462222 (0.000538)

kinetic : 0.835291 (0.003454)
potential : -1.297526 (0.003172)
energy : -0.462235 (0.000538)

kinetic : 0.835420 (0.003452)
potential : -1.297642 (0.003170)
energy : -0.462222 (0.000537)

kinetic : 0.835449 (0.003447)
potential : -1.297655 (0.003166)
energy : -0.462206 (0.000537)

kinetic : 0.835461 (0.003443)
potential : -1.297639 (0.003162)
energy : -0.462178 (0.000537)

kinetic : 0.835303 (0.003442)
potential : -1.297512 (0.003160)
energy : -0.462209 (0.000537)

kinetic : 0.835189 (0.003439)
potential : -1.297418 (0.003158)
energy : -0.462229 (0.000536)

kinetic : 0.835164 (0.003435)
potential : -1.297408 (0.003154)
energy : -0.462244 (0.000536)

kinetic : 0.835065 (0.003432)
potential : -1.297306 (0.003151)
energy : -0.462241 (0.000535)

kinetic : 0.835095 (0.003428)
potential : -1.297311 (0.003147)
energy : -0.462217 (0.000535)

kinetic : 0.834966 (0.003426)
potential : -1.297214 (0.003145)
energy : -0.462247 (0.000535)

kinetic : 0.834954 (0.003422)
potential : -1.297188 (0.003141)
energy : -0.462234 (0.000535)

kinetic : 0.834839 (0.003419)
potential : -1.297076 (0.003139)
energy : -0.462236 (0.000534)

kinetic : 0.834715 (0.003417)
potential : -1.296982 (0.003136)
energy : -0.462266 (0.000534)

kinetic : 0.834722 (0.003413)
potential : -1.296981 (0.003132)
energy : -0.462259 (0.000534)

kinetic : 0.834878 (0.003412)
potential : -1.297111 (0.003131)
energy : -0.462232 (0.000534)

kinetic : 0.834677 (0.003414)
potential : -1.296917 (0.003133)
energy : -0.462240 (0.000533)

kinetic : 0.834830 (0.003413)
potential : -1.297052 (0.003132)
energy : -0.462222 (0.000533)

kinetic : 0.834771 (0.003409)
potential : -1.297008 (0.003128)
energy : -0.462237 (0.000532)

kinetic : 0.834791 (0.003405)
potential : -1.297037 (0.003125)
energy : -0.462245 (0.000532)

kinetic : 0.834764 (0.003400)
potential : -1.297012 (0.003121)
energy : -0.462248 (0.000531)

kinetic : 0.834783 (0.003396)
potential : -1.297045 (0.003117)
energy : -0.462262 (0.000530)

kinetic : 0.834767 (0.003392)
potential : -1.297041 (0.003113)
energy : -0.462275 (0.000530)

kinetic : 0.834632 (0.003390)
potential : -1.296909 (0.003112)
energy : -0.462277 (0.000529)

kinetic : 0.834566 (0.003387)
potential : -1.296838 (0.003109)
energy : -0.462272 (0.000529)

kinetic : 0.834402 (0.003387)
potential : -1.296711 (0.003107)
energy : -0.462310 (0.000529)

kinetic : 0.834347 (0.003383)
potential : -1.296658 (0.003104)
energy : -0.462310 (0.000529)

kinetic : 0.834469 (0.003381)
potential : -1.296749 (0.003102)
energy : -0.462280 (0.000529)

kinetic : 0.834466 (0.003376)
potential : -1.296733 (0.003098)
energy : -0.462267 (0.000528)

kinetic : 0.834283 (0.003377)
potential : -1.296564 (0.003098)
energy : -0.462280 (0.000528)

kinetic : 0.834294 (0.003373)
potential : -1.296570 (0.003095)
energy : -0.462276 (0.000527)

kinetic : 0.834255 (0.003369)
potential : -1.296538 (0.003091)
energy : -0.462283 (0.000527)

kinetic : 0.834297 (0.003365)
potential : -1.296566 (0.003087)
energy : -0.462268 (0.000526)

kinetic : 0.834255 (0.003361)
potential : -1.296514 (0.003084)
energy : -0.462258 (0.000526)

kinetic : 0.834476 (0.003364)
potential : -1.296720 (0.003087)
energy : -0.462244 (0.000525)

kinetic : 0.834389 (0.003361)
potential : -1.296666 (0.003084)
energy : -0.462277 (0.000525)

kinetic : 0.834639 (0.003366)
potential : -1.296875 (0.003087)
energy : -0.462236 (0.000526)

kinetic : 0.834706 (0.003363)
potential : -1.296917 (0.003083)
energy : -0.462211 (0.000526)

kinetic : 0.834592 (0.003361)
potential : -1.296830 (0.003081)
energy : -0.462238 (0.000526)

kinetic : 0.834656 (0.003357)
potential : -1.296866 (0.003077)
energy : -0.462209 (0.000527)

kinetic : 0.834504 (0.003356)
potential : -1.296716 (0.003077)
energy : -0.462212 (0.000526)

kinetic : 0.834315 (0.003358)
potential : -1.296535 (0.003079)
energy : -0.462220 (0.000525)

kinetic : 0.834219 (0.003355)
potential : -1.296448 (0.003076)
energy : -0.462229 (0.000525)

kinetic : 0.834315 (0.003352)
potential : -1.296550 (0.003074)
energy : -0.462235 (0.000524)

kinetic : 0.834341 (0.003348)
potential : -1.296568 (0.003070)
energy : -0.462227 (0.000524)

kinetic : 0.834434 (0.003345)
potential : -1.296640 (0.003067)
energy : -0.462206 (0.000523)

kinetic : 0.834344 (0.003342)
potential : -1.296560 (0.003065)
energy : -0.462216 (0.000523)

kinetic : 0.834445 (0.003340)
potential : -1.296647 (0.003062)
energy : -0.462202 (0.000522)

kinetic : 0.834440 (0.003336)
potential : -1.296662 (0.003058)
energy : -0.462222 (0.000522)

kinetic : 0.834419 (0.003332)
potential : -1.296648 (0.003055)
energy : -0.462229 (0.000522)

kinetic : 0.834597 (0.003333)
potential : -1.296811 (0.003055)
energy : -0.462214 (0.000521)

kinetic : 0.834498 (0.003330)
potential : -1.296718 (0.003053)
energy : -0.462220 (0.000520)

kinetic : 0.834607 (0.003328)
potential : -1.296844 (0.003052)
energy : -0.462237 (0.000520)

kinetic : 0.834667 (0.003324)
potential : -1.296870 (0.003048)
energy : -0.462204 (0.000521)

kinetic : 0.835058 (0.003343)
potential : -1.297231 (0.003066)
energy : -0.462173 (0.000521)

kinetic : 0.834903 (0.003343)
potential : -1.297100 (0.003065)
energy : -0.462197 (0.000521)

kinetic : 0.834955 (0.003339)
potential : -1.297136 (0.003062)
energy : -0.462181 (0.000520)

kinetic : 0.834895 (0.003336)
potential : -1.297084 (0.003058)
energy : -0.462189 (0.000520)

kinetic : 0.834964 (0.003332)
potential : -1.297119 (0.003055)
energy : -0.462155 (0.000520)

kinetic : 0.835127 (0.003332)
potential : -1.297263 (0.003054)
energy : -0.462136 (0.000520)

kinetic : 0.835283 (0.003332)
potential : -1.297395 (0.003054)
energy : -0.462111 (0.000520)

kinetic : 0.835487 (0.003334)
potential : -1.297612 (0.003058)
energy : -0.462125 (0.000520)

kinetic : 0.835549 (0.003331)
potential : -1.297671 (0.003055)
energy : -0.462122 (0.000519)

kinetic : 0.835530 (0.003327)
potential : -1.297658 (0.003051)
energy : -0.462128 (0.000518)

kinetic : 0.835447 (0.003324)
potential : -1.297584 (0.003048)
energy : -0.462137 (0.000518)

kinetic : 0.835545 (0.003321)
potential : -1.297638 (0.003045)
energy : -0.462092 (0.000519)

kinetic : 0.835438 (0.003319)
potential : -1.297531 (0.003043)
energy : -0.462093 (0.000518)

kinetic : 0.835245 (0.003321)
potential : -1.297384 (0.003043)
energy : -0.462139 (0.000520)

kinetic : 0.835254 (0.003317)
potential : -1.297415 (0.003040)
energy : -0.462161 (0.000520)

kinetic : 0.835151 (0.003315)
potential : -1.297332 (0.003037)
energy : -0.462181 (0.000519)

kinetic : 0.835113 (0.003311)
potential : -1.297284 (0.003034)
energy : -0.462171 (0.000519)

kinetic : 0.835109 (0.003307)
potential : -1.297287 (0.003030)
energy : -0.462178 (0.000518)

kinetic : 0.835045 (0.003304)
potential : -1.297229 (0.003027)
energy : -0.462184 (0.000518)

kinetic : 0.835022 (0.003300)
potential : -1.297224 (0.003024)
energy : -0.462202 (0.000518)

kinetic : 0.835093 (0.003297)
potential : -1.297267 (0.003021)
energy : -0.462174 (0.000518)

kinetic : 0.835267 (0.003297)
potential : -1.297448 (0.003022)
energy : -0.462181 (0.000517)

kinetic : 0.835225 (0.003294)
potential : -1.297399 (0.003019)
energy : -0.462174 (0.000517)

kinetic : 0.835370 (0.003293)
potential : -1.297527 (0.003019)
energy : -0.462157 (0.000516)

kinetic : 0.835197 (0.003294)
potential : -1.297367 (0.003019)
energy : -0.462171 (0.000516)

kinetic : 0.835131 (0.003291)
potential : -1.297337 (0.003016)
energy : -0.462206 (0.000516)

kinetic : 0.835033 (0.003288)
potential : -1.297254 (0.003013)
energy : -0.462222 (0.000516)

kinetic : 0.835034 (0.003284)
potential : -1.297266 (0.003010)
energy : -0.462232 (0.000515)

kinetic : 0.834955 (0.003281)
potential : -1.297172 (0.003008)
energy : -0.462217 (0.000515)

kinetic : 0.834975 (0.003278)
potential : -1.297176 (0.003004)
energy : -0.462201 (0.000515)

kinetic : 0.834974 (0.003274)
potential : -1.297171 (0.003001)
energy : -0.462197 (0.000514)

kinetic : 0.834960 (0.003270)
potential : -1.297152 (0.002997)
energy : -0.462192 (0.000514)

kinetic : 0.835038 (0.003267)
potential : -1.297215 (0.002995)
energy : -0.462177 (0.000513)

kinetic : 0.835001 (0.003264)
potential : -1.297175 (0.002991)
energy : -0.462174 (0.000513)

kinetic : 0.834926 (0.003261)
potential : -1.297097 (0.002989)
energy : -0.462171 (0.000512)

kinetic : 0.834890 (0.003257)
potential : -1.297081 (0.002985)
energy : -0.462191 (0.000512)

kinetic : 0.835066 (0.003258)
potential : -1.297216 (0.002985)
energy : -0.462151 (0.000513)

kinetic : 0.835047 (0.003254)
potential : -1.297165 (0.002982)
energy : -0.462119 (0.000513)

kinetic : 0.834924 (0.003253)
potential : -1.297042 (0.002981)
energy : -0.462118 (0.000513)

kinetic : 0.834805 (0.003251)
potential : -1.296930 (0.002980)
energy : -0.462125 (0.000512)

kinetic : 0.834898 (0.003249)
potential : -1.297009 (0.002977)
energy : -0.462111 (0.000512)

kinetic : 0.834944 (0.003245)
potential : -1.297039 (0.002974)
energy : -0.462095 (0.000511)

kinetic : 0.834884 (0.003242)
potential : -1.296964 (0.002972)
energy : -0.462080 (0.000511)

kinetic : 0.835176 (0.003252)
potential : -1.297205 (0.002978)
energy : -0.462029 (0.000513)

kinetic : 0.835060 (0.003250)
potential : -1.297104 (0.002976)
energy : -0.462044 (0.000512)

kinetic : 0.835196 (0.003249)
potential : -1.297254 (0.002977)
energy : -0.462058 (0.000512)

kinetic : 0.835293 (0.003247)
potential : -1.297332 (0.002974)
energy : -0.462039 (0.000512)

kinetic : 0.835338 (0.003243)
potential : -1.297374 (0.002971)
energy : -0.462036 (0.000511)

kinetic : 0.835322 (0.003240)
potential : -1.297349 (0.002968)
energy : -0.462027 (0.000511)

kinetic : 0.835158 (0.003240)
potential : -1.297218 (0.002967)
energy : -0.462060 (0.000511)

kinetic : 0.835260 (0.003238)
potential : -1.297315 (0.002966)
energy : -0.462055 (0.000511)

kinetic : 0.835319 (0.003235)
potential : -1.297385 (0.002963)
energy : -0.462066 (0.000510)

kinetic : 0.835455 (0.003234)
potential : -1.297543 (0.002964)
energy : -0.462088 (0.000510)

kinetic : 0.835510 (0.003231)
potential : -1.297589 (0.002961)
energy : -0.462079 (0.000510)

kinetic : 0.835528 (0.003227)
potential : -1.297615 (0.002958)
energy : -0.462087 (0.000509)

kinetic : 0.835424 (0.003225)
potential : -1.297526 (0.002956)
energy : -0.462102 (0.000509)

kinetic : 0.835577 (0.003225)
potential : -1.297657 (0.002955)
energy : -0.462080 (0.000509)

kinetic : 0.835868 (0.003235)
potential : -1.297930 (0.002964)
energy : -0.462062 (0.000508)

kinetic : 0.835755 (0.003233)
potential : -1.297857 (0.002962)
energy : -0.462102 (0.000509)

kinetic : 0.835799 (0.003230)
potential : -1.297880 (0.002959)
energy : -0.462081 (0.000509)

kinetic : 0.835980 (0.003231)
potential : -1.298049 (0.002960)
energy : -0.462069 (0.000509)

kinetic : 0.835994 (0.003228)
potential : -1.298085 (0.002957)
energy : -0.462091 (0.000509)

kinetic : 0.835989 (0.003224)
potential : -1.298078 (0.002954)
energy : -0.462089 (0.000508)

kinetic : 0.836034 (0.003221)
potential : -1.298110 (0.002951)
energy : -0.462075 (0.000508)

kinetic : 0.835975 (0.003217)
potential : -1.298050 (0.002948)
energy : -0.462074 (0.000507)

kinetic : 0.835939 (0.003214)
potential : -1.298017 (0.002945)
energy : -0.462078 (0.000507)

kinetic : 0.835896 (0.003211)
potential : -1.297973 (0.002942)
energy : -0.462077 (0.000506)

kinetic : 0.835963 (0.003208)
potential : -1.298007 (0.002939)
energy : -0.462044 (0.000507)

kinetic : 0.835888 (0.003205)
potential : -1.297961 (0.002936)
energy : -0.462073 (0.000507)

kinetic : 0.835748 (0.003205)
potential : -1.297851 (0.002935)
energy : -0.462104 (0.000507)

kinetic : 0.835781 (0.003201)
potential : -1.297877 (0.002931)
energy : -0.462097 (0.000507)

kinetic : 0.835799 (0.003198)
potential : -1.297906 (0.002928)
energy : -0.462107 (0.000506)

kinetic : 0.835863 (0.003195)
potential : -1.297963 (0.002926)
energy : -0.462100 (0.000506)

kinetic : 0.835926 (0.003192)
potential : -1.298022 (0.002923)
energy : -0.462096 (0.000505)

kinetic : 0.836009 (0.003189)
potential : -1.298087 (0.002920)
energy : -0.462078 (0.000505)

kinetic : 0.835936 (0.003187)
potential : -1.298016 (0.002918)
energy : -0.462080 (0.000504)

kinetic : 0.835820 (0.003185)
potential : -1.297922 (0.002916)
energy : -0.462101 (0.000504)

kinetic : 0.835758 (0.003182)
potential : -1.297879 (0.002913)
energy : -0.462121 (0.000504)

kinetic : 0.835672 (0.003180)
potential : -1.297791 (0.002912)
energy : -0.462119 (0.000504)

kinetic : 0.835650 (0.003177)
potential : -1.297780 (0.002908)
energy : -0.462130 (0.000503)

kinetic : 0.835782 (0.003176)
potential : -1.297906 (0.002908)
energy : -0.462125 (0.000503)

kinetic : 0.835751 (0.003172)
potential : -1.297871 (0.002905)
energy : -0.462120 (0.000502)

kinetic : 0.835768 (0.003169)
potential : -1.297884 (0.002902)
energy : -0.462116 (0.000501)

kinetic : 0.835631 (0.003169)
potential : -1.297756 (0.002901)
energy : -0.462125 (0.000501)

kinetic : 0.835640 (0.003165)
potential : -1.297760 (0.002898)
energy : -0.462120 (0.000500)

kinetic : 0.835795 (0.003165)
potential : -1.297900 (0.002898)
energy : -0.462104 (0.000500)

kinetic : 0.835850 (0.003162)
potential : -1.297956 (0.002896)
energy : -0.462107 (0.000500)

kinetic : 0.835650 (0.003165)
potential : -1.297782 (0.002898)
energy : -0.462132 (0.000500)

kinetic : 0.835565 (0.003163)
potential : -1.297732 (0.002895)
energy : -0.462167 (0.000500)

kinetic : 0.835557 (0.003159)
potential : -1.297713 (0.002892)
energy : -0.462156 (0.000500)

kinetic : 0.835525 (0.003156)
potential : -1.297671 (0.002889)
energy : -0.462146 (0.000500)

kinetic : 0.835466 (0.003153)
potential : -1.297623 (0.002886)
energy : -0.462158 (0.000499)

kinetic : 0.835656 (0.003156)
potential : -1.297793 (0.002888)
energy : -0.462136 (0.000499)

kinetic : 0.835896 (0.003161)
potential : -1.298011 (0.002893)
energy : -0.462116 (0.000499)

kinetic : 0.836036 (0.003161)
potential : -1.298150 (0.002894)
energy : -0.462114 (0.000498)

kinetic : 0.836057 (0.003158)
potential : -1.298177 (0.002891)
energy : -0.462120 (0.000498)

kinetic : 0.836135 (0.003155)
potential : -1.298292 (0.002890)
energy : -0.462158 (0.000499)

kinetic : 0.836161 (0.003152)
potential : -1.298304 (0.002887)
energy : -0.462143 (0.000498)

kinetic : 0.836196 (0.003149)
potential : -1.298326 (0.002884)
energy : -0.462130 (0.000498)

kinetic : 0.836201 (0.003145)
potential : -1.298306 (0.002881)
energy : -0.462105 (0.000498)

kinetic : 0.836699 (0.003181)
potential : -1.298768 (0.002914)
energy : -0.462068 (0.000499)

kinetic : 0.836755 (0.003178)
potential : -1.298812 (0.002911)
energy : -0.462057 (0.000499)

kinetic : 0.836811 (0.003175)
potential : -1.298872 (0.002909)
energy : -0.462061 (0.000498)

kinetic : 0.836761 (0.003172)
potential : -1.298819 (0.002906)
energy : -0.462058 (0.000498)

kinetic : 0.836799 (0.003169)
potential : -1.298857 (0.002903)
energy : -0.462057 (0.000497)

kinetic : 0.836846 (0.003166)
potential : -1.298901 (0.002901)
energy : -0.462055 (0.000496)

kinetic : 0.836823 (0.003163)
potential : -1.298911 (0.002898)
energy : -0.462088 (0.000497)

kinetic : 0.836963 (0.003162)
potential : -1.299046 (0.002898)
energy : -0.462083 (0.000496)

kinetic : 0.836912 (0.003159)
potential : -1.298994 (0.002895)
energy : -0.462081 (0.000496)

kinetic : 0.836775 (0.003159)
potential : -1.298877 (0.002894)
energy : -0.462102 (0.000496)

kinetic : 0.836645 (0.003158)
potential : -1.298724 (0.002895)
energy : -0.462079 (0.000496)

kinetic : 0.836635 (0.003155)
potential : -1.298707 (0.002892)
energy : -0.462071 (0.000495)

kinetic : 0.836623 (0.003152)
potential : -1.298695 (0.002889)
energy : -0.462072 (0.000495)

kinetic : 0.836558 (0.003149)
potential : -1.298668 (0.002886)
energy : -0.462109 (0.000496)

kinetic : 0.836743 (0.003151)
potential : -1.298830 (0.002888)
energy : -0.462087 (0.000496)

kinetic : 0.836757 (0.003148)
potential : -1.298832 (0.002885)
energy : -0.462074 (0.000495)

kinetic : 0.836708 (0.003145)
potential : -1.298791 (0.002882)
energy : -0.462083 (0.000495)

kinetic : 0.836673 (0.003142)
potential : -1.298765 (0.002879)
energy : -0.462092 (0.000494)

kinetic : 0.836766 (0.003140)
potential : -1.298838 (0.002877)
energy : -0.462072 (0.000494)

kinetic : 0.836757 (0.003136)
potential : -1.298843 (0.002874)
energy : -0.462086 (0.000494)

kinetic : 0.836793 (0.003133)
potential : -1.298867 (0.002871)
energy : -0.462074 (0.000494)

kinetic : 0.836694 (0.003131)
potential : -1.298769 (0.002869)
energy : -0.462075 (0.000493)

kinetic : 0.836572 (0.003131)
potential : -1.298670 (0.002868)
energy : -0.462098 (0.000493)

kinetic : 0.836512 (0.003128)
potential : -1.298629 (0.002865)
energy : -0.462117 (0.000493)

kinetic : 0.836533 (0.003125)
potential : -1.298657 (0.002862)
energy : -0.462123 (0.000492)

kinetic : 0.836523 (0.003121)
potential : -1.298658 (0.002859)
energy : -0.462135 (0.000492)

kinetic : 0.836601 (0.003119)
potential : -1.298754 (0.002858)
energy : -0.462154 (0.000492)

kinetic : 0.836583 (0.003116)
potential : -1.298739 (0.002855)
energy : -0.462156 (0.000491)

kinetic : 0.836542 (0.003113)
potential : -1.298715 (0.002852)
energy : -0.462173 (0.000491)

kinetic : 0.836495 (0.003110)
potential : -1.298680 (0.002849)
energy : -0.462185 (0.000491)

kinetic : 0.836369 (0.003109)
potential : -1.298567 (0.002849)
energy : -0.462198 (0.000491)

kinetic : 0.836280 (0.003107)
potential : -1.298490 (0.002847)
energy : -0.462209 (0.000490)

kinetic : 0.836378 (0.003106)
potential : -1.298597 (0.002846)
energy : -0.462219 (0.000490)

kinetic : 0.836316 (0.003103)
potential : -1.298537 (0.002844)
energy : -0.462221 (0.000489)

kinetic : 0.836201 (0.003102)
potential : -1.298430 (0.002843)
energy : -0.462229 (0.000489)

kinetic : 0.836209 (0.003099)
potential : -1.298425 (0.002840)
energy : -0.462215 (0.000488)

kinetic : 0.836236 (0.003095)
potential : -1.298445 (0.002837)
energy : -0.462209 (0.000488)

kinetic : 0.836275 (0.003093)
potential : -1.298468 (0.002834)
energy : -0.462193 (0.000488)

kinetic : 0.836167 (0.003091)
potential : -1.298381 (0.002832)
energy : -0.462214 (0.000488)

kinetic : 0.835967 (0.003095)
potential : -1.298215 (0.002834)
energy : -0.462248 (0.000488)

kinetic : 0.835972 (0.003091)
potential : -1.298219 (0.002831)
energy : -0.462247 (0.000488)

kinetic : 0.835903 (0.003089)
potential : -1.298149 (0.002829)
energy : -0.462246 (0.000487)

kinetic : 0.835864 (0.003086)
potential : -1.298118 (0.002827)
energy : -0.462253 (0.000487)

kinetic : 0.835728 (0.003086)
potential : -1.297997 (0.002826)
energy : -0.462269 (0.000487)

kinetic : 0.835648 (0.003084)
potential : -1.297922 (0.002824)
energy : -0.462274 (0.000486)

kinetic : 0.835708 (0.003081)
potential : -1.297956 (0.002822)
energy : -0.462248 (0.000486)

kinetic : 0.835856 (0.003081)
potential : -1.298077 (0.002821)
energy : -0.462222 (0.000487)

kinetic : 0.835791 (0.003079)
potential : -1.298002 (0.002819)
energy : -0.462211 (0.000486)

kinetic : 0.835906 (0.003078)
potential : -1.298080 (0.002818)
energy : -0.462173 (0.000487)

kinetic : 0.836015 (0.003077)
potential : -1.298183 (0.002817)
energy : -0.462168 (0.000487)

kinetic : 0.836062 (0.003074)
potential : -1.298235 (0.002814)
energy : -0.462173 (0.000486)

kinetic : 0.836130 (0.003071)
potential : -1.298276 (0.002812)
energy : -0.462147 (0.000487)

kinetic : 0.836163 (0.003069)
potential : -1.298289 (0.002809)
energy : -0.462126 (0.000486)

kinetic : 0.836273 (0.003067)
potential : -1.298382 (0.002807)
energy : -0.462109 (0.000486)

kinetic : 0.836244 (0.003064)
potential : -1.298358 (0.002805)
energy : -0.462115 (0.000486)

kinetic : 0.836185 (0.003062)
potential : -1.298297 (0.002802)
energy : -0.462111 (0.000485)

kinetic : 0.836207 (0.003059)
potential : -1.298312 (0.002800)
energy : -0.462106 (0.000485)

kinetic : 0.836267 (0.003056)
potential : -1.298361 (0.002797)
energy : -0.462094 (0.000485)

kinetic : 0.836330 (0.003054)
potential : -1.298407 (0.002795)
energy : -0.462076 (0.000484)

kinetic : 0.836359 (0.003051)
potential : -1.298404 (0.002792)
energy : -0.462045 (0.000485)

kinetic : 0.836440 (0.003049)
potential : -1.298498 (0.002791)
energy : -0.462058 (0.000485)

kinetic : 0.836537 (0.003047)
potential : -1.298580 (0.002789)
energy : -0.462043 (0.000484)

kinetic : 0.836720 (0.003050)
potential : -1.298749 (0.002791)
energy : -0.462029 (0.000484)

kinetic : 0.836594 (0.003049)
potential : -1.298644 (0.002791)
energy : -0.462050 (0.000484)

kinetic : 0.836576 (0.003046)
potential : -1.298619 (0.002788)
energy : -0.462043 (0.000484)

kinetic : 0.836535 (0.003043)
potential : -1.298561 (0.002786)
energy : -0.462026 (0.000483)

kinetic : 0.836480 (0.003041)
potential : -1.298516 (0.002783)
energy : -0.462036 (0.000483)

kinetic : 0.836453 (0.003038)
potential : -1.298472 (0.002781)
energy : -0.462019 (0.000483)

kinetic : 0.836569 (0.003037)
potential : -1.298581 (0.002780)
energy : -0.462012 (0.000482)

kinetic : 0.836609 (0.003034)
potential : -1.298602 (0.002777)
energy : -0.461992 (0.000482)

kinetic : 0.836606 (0.003031)
potential : -1.298599 (0.002775)
energy : -0.461992 (0.000482)

kinetic : 0.836695 (0.003029)
potential : -1.298673 (0.002773)
energy : -0.461978 (0.000482)

kinetic : 0.836770 (0.003027)
potential : -1.298720 (0.002770)
energy : -0.461950 (0.000482)

kinetic : 0.836783 (0.003024)
potential : -1.298731 (0.002768)
energy : -0.461948 (0.000481)
         kinetic: 0.8368(30), Sigma: 1.236, T_corr: 6.0
       potential: -1.2987(28), Sigma: 1.176, T_corr: 5.5
          energy: -0.46195(48), Sigma: 0.165, T_corr: 8.5

For tau = 6.00e-01, acceptance ratio = 0.78
Time: 685.68s
