
kinetic : 0.665309 (inf)
potential : -1.161190 (inf)
energy : -0.495881 (inf)

kinetic : 0.967542 (inf)
potential : -1.405300 (inf)
energy : -0.437758 (inf)

kinetic : 0.866367 (0.101176)
potential : -1.326765 (0.078535)
energy : -0.460399 (0.022641)

kinetic : 0.808088 (0.082514)
potential : -1.276426 (0.067749)
energy : -0.468338 (0.015294)

kinetic : 0.785004 (0.062747)
potential : -1.255767 (0.052171)
energy : -0.470764 (0.011083)

kinetic : 0.784053 (0.048613)
potential : -1.251538 (0.040632)
energy : -0.467486 (0.009189)

kinetic : 0.771247 (0.041707)
potential : -1.239710 (0.035221)
energy : -0.468464 (0.007567)

kinetic : 0.774794 (0.035427)
potential : -1.241683 (0.029833)
energy : -0.466889 (0.006586)

kinetic : 0.785491 (0.032492)
potential : -1.251853 (0.027765)
energy : -0.466362 (0.005728)

kinetic : 0.785997 (0.028660)
potential : -1.252617 (0.024499)
energy : -0.466621 (0.005058)

kinetic : 0.782284 (0.025901)
potential : -1.250080 (0.022059)
energy : -0.467796 (0.004674)

kinetic : 0.784702 (0.023553)
potential : -1.252731 (0.020128)
energy : -0.468029 (0.004235)

kinetic : 0.786877 (0.021611)
potential : -1.254891 (0.018501)
energy : -0.468014 (0.003866)

kinetic : 0.816538 (0.035706)
potential : -1.283658 (0.033424)
energy : -0.467121 (0.003666)

kinetic : 0.812582 (0.033293)
potential : -1.279085 (0.031281)
energy : -0.466504 (0.003450)

kinetic : 0.809503 (0.031147)
potential : -1.276881 (0.029204)
energy : -0.467378 (0.003329)

kinetic : 0.808207 (0.029164)
potential : -1.275588 (0.027349)
energy : -0.467381 (0.003114)

kinetic : 0.801492 (0.028206)
potential : -1.269372 (0.026431)
energy : -0.467880 (0.002967)

kinetic : 0.804457 (0.026757)
potential : -1.271156 (0.024983)
energy : -0.466698 (0.003037)

kinetic : 0.806167 (0.025368)
potential : -1.272165 (0.023653)
energy : -0.465998 (0.002956)

kinetic : 0.802928 (0.024283)
potential : -1.269045 (0.022655)
energy : -0.466117 (0.002807)

kinetic : 0.808273 (0.023708)
potential : -1.275016 (0.022361)
energy : -0.466743 (0.002743)

kinetic : 0.808424 (0.022605)
potential : -1.275054 (0.021321)
energy : -0.466630 (0.002617)

kinetic : 0.805147 (0.021847)
potential : -1.272193 (0.020573)
energy : -0.467046 (0.002535)

kinetic : 0.808798 (0.021233)
potential : -1.275491 (0.019971)
energy : -0.466693 (0.002453)

kinetic : 0.806742 (0.020470)
potential : -1.273559 (0.019253)
energy : -0.466817 (0.002356)

kinetic : 0.802613 (0.020095)
potential : -1.270275 (0.018787)
energy : -0.467661 (0.002416)

kinetic : 0.801714 (0.019358)
potential : -1.269516 (0.018093)
energy : -0.467802 (0.002329)

kinetic : 0.801600 (0.018654)
potential : -1.268894 (0.017446)
energy : -0.467294 (0.002301)

kinetic : 0.801561 (0.017999)
potential : -1.268488 (0.016839)
energy : -0.466927 (0.002250)

kinetic : 0.804905 (0.017707)
potential : -1.271393 (0.016525)
energy : -0.466488 (0.002218)

kinetic : 0.803534 (0.017181)
potential : -1.270627 (0.016002)
energy : -0.467093 (0.002229)

kinetic : 0.806913 (0.016976)
potential : -1.274044 (0.015866)
energy : -0.467131 (0.002159)

kinetic : 0.808008 (0.016490)
potential : -1.275319 (0.015430)
energy : -0.467310 (0.002100)

kinetic : 0.805505 (0.016192)
potential : -1.272772 (0.015185)
energy : -0.467267 (0.002038)

kinetic : 0.807512 (0.015850)
potential : -1.275060 (0.014921)
energy : -0.467548 (0.001998)

kinetic : 0.810391 (0.015670)
potential : -1.278434 (0.014888)
energy : -0.468044 (0.002004)

kinetic : 0.812434 (0.015377)
potential : -1.280000 (0.014565)
energy : -0.467566 (0.002007)

kinetic : 0.811125 (0.015024)
potential : -1.279383 (0.014190)
energy : -0.468257 (0.002072)

kinetic : 0.812151 (0.014670)
potential : -1.280747 (0.013888)
energy : -0.468596 (0.002047)

kinetic : 0.812455 (0.014302)
potential : -1.280836 (0.013537)
energy : -0.468381 (0.002007)

kinetic : 0.809694 (0.014219)
potential : -1.277980 (0.013508)
energy : -0.468286 (0.001959)

kinetic : 0.811512 (0.013995)
potential : -1.279506 (0.013270)
energy : -0.467994 (0.001934)

kinetic : 0.813480 (0.013807)
potential : -1.281461 (0.013105)
energy : -0.467981 (0.001889)

kinetic : 0.813974 (0.013498)
potential : -1.281951 (0.012813)
energy : -0.467977 (0.001845)

kinetic : 0.813996 (0.013195)
potential : -1.281917 (0.012525)
energy : -0.467921 (0.001805)

kinetic : 0.815621 (0.013007)
potential : -1.282790 (0.012281)
energy : -0.467170 (0.001918)

kinetic : 0.812669 (0.013065)
potential : -1.280092 (0.012316)
energy : -0.467422 (0.001894)

kinetic : 0.810060 (0.013053)
potential : -1.277674 (0.012297)
energy : -0.467614 (0.001864)

kinetic : 0.809689 (0.012789)
potential : -1.277447 (0.012045)
energy : -0.467758 (0.001831)

kinetic : 0.814058 (0.013271)
potential : -1.281616 (0.012516)
energy : -0.467557 (0.001805)

kinetic : 0.814507 (0.013016)
potential : -1.281929 (0.012272)
energy : -0.467422 (0.001775)

kinetic : 0.816524 (0.012921)
potential : -1.283884 (0.012192)
energy : -0.467360 (0.001741)

kinetic : 0.815486 (0.012718)
potential : -1.283281 (0.011975)
energy : -0.467795 (0.001763)

kinetic : 0.817347 (0.012618)
potential : -1.285057 (0.011885)
energy : -0.467710 (0.001732)

kinetic : 0.817021 (0.012391)
potential : -1.284538 (0.011678)
energy : -0.467517 (0.001711)

kinetic : 0.816439 (0.012181)
potential : -1.283875 (0.011487)
energy : -0.467436 (0.001682)

kinetic : 0.817159 (0.011987)
potential : -1.284417 (0.011296)
energy : -0.467257 (0.001662)

kinetic : 0.817538 (0.011785)
potential : -1.284779 (0.011106)
energy : -0.467241 (0.001633)

kinetic : 0.817338 (0.011585)
potential : -1.284684 (0.010916)
energy : -0.467346 (0.001609)

kinetic : 0.815912 (0.011479)
potential : -1.283416 (0.010808)
energy : -0.467503 (0.001590)

kinetic : 0.816424 (0.011301)
potential : -1.283602 (0.010631)
energy : -0.467178 (0.001597)

kinetic : 0.814673 (0.011255)
potential : -1.281909 (0.010594)
energy : -0.467236 (0.001572)

kinetic : 0.815090 (0.011082)
potential : -1.282197 (0.010428)
energy : -0.467106 (0.001552)

kinetic : 0.813101 (0.011088)
potential : -1.280633 (0.010382)
energy : -0.467532 (0.001586)

kinetic : 0.812335 (0.010943)
potential : -1.279936 (0.010245)
energy : -0.467601 (0.001563)

kinetic : 0.812983 (0.010795)
potential : -1.280350 (0.010097)
energy : -0.467367 (0.001557)

kinetic : 0.811770 (0.010702)
potential : -1.279140 (0.010019)
energy : -0.467370 (0.001533)

kinetic : 0.813954 (0.010767)
potential : -1.281409 (0.010128)
energy : -0.467455 (0.001513)

kinetic : 0.812999 (0.010653)
potential : -1.280307 (0.010041)
energy : -0.467308 (0.001498)

kinetic : 0.812102 (0.010538)
potential : -1.279300 (0.009947)
energy : -0.467199 (0.001480)

kinetic : 0.811841 (0.010391)
potential : -1.279113 (0.009808)
energy : -0.467272 (0.001461)

kinetic : 0.810741 (0.010305)
potential : -1.278113 (0.009722)
energy : -0.467372 (0.001444)

kinetic : 0.809511 (0.010237)
potential : -1.277037 (0.009648)
energy : -0.467526 (0.001433)

kinetic : 0.809053 (0.010108)
potential : -1.276607 (0.009527)
energy : -0.467553 (0.001413)

kinetic : 0.810058 (0.010023)
potential : -1.277475 (0.009439)
energy : -0.467417 (0.001401)

kinetic : 0.809407 (0.009912)
potential : -1.276933 (0.009330)
energy : -0.467526 (0.001387)

kinetic : 0.810045 (0.009803)
potential : -1.277404 (0.009220)
energy : -0.467359 (0.001379)

kinetic : 0.809159 (0.009717)
potential : -1.276519 (0.009144)
energy : -0.467359 (0.001361)

kinetic : 0.809937 (0.009624)
potential : -1.277265 (0.009058)
energy : -0.467328 (0.001344)

kinetic : 0.809899 (0.009503)
potential : -1.277455 (0.008946)
energy : -0.467557 (0.001347)

kinetic : 0.810314 (0.009395)
potential : -1.277712 (0.008839)
energy : -0.467398 (0.001340)

kinetic : 0.809579 (0.009308)
potential : -1.277027 (0.008757)
energy : -0.467448 (0.001324)

kinetic : 0.811288 (0.009353)
potential : -1.278454 (0.008768)
energy : -0.467165 (0.001338)

kinetic : 0.812165 (0.009282)
potential : -1.279212 (0.008696)
energy : -0.467047 (0.001327)

kinetic : 0.812386 (0.009175)
potential : -1.279417 (0.008595)
energy : -0.467031 (0.001312)

kinetic : 0.813304 (0.009114)
potential : -1.280451 (0.008558)
energy : -0.467147 (0.001302)

kinetic : 0.813100 (0.009011)
potential : -1.280268 (0.008461)
energy : -0.467167 (0.001287)

kinetic : 0.814148 (0.008970)
potential : -1.281145 (0.008410)
energy : -0.466997 (0.001283)

kinetic : 0.813486 (0.008893)
potential : -1.280543 (0.008337)
energy : -0.467057 (0.001270)

kinetic : 0.813470 (0.008794)
potential : -1.280530 (0.008243)
energy : -0.467060 (0.001256)

kinetic : 0.812776 (0.008724)
potential : -1.279895 (0.008177)
energy : -0.467119 (0.001244)

kinetic : 0.811525 (0.008719)
potential : -1.278845 (0.008156)
energy : -0.467320 (0.001246)

kinetic : 0.811447 (0.008625)
potential : -1.278901 (0.008068)
energy : -0.467454 (0.001240)

kinetic : 0.810808 (0.008557)
potential : -1.278310 (0.008003)
energy : -0.467502 (0.001228)

kinetic : 0.809531 (0.008562)
potential : -1.277323 (0.007980)
energy : -0.467793 (0.001249)

kinetic : 0.808642 (0.008519)
potential : -1.276705 (0.007920)
energy : -0.468062 (0.001265)

kinetic : 0.808902 (0.008435)
potential : -1.276964 (0.007843)
energy : -0.468062 (0.001252)

kinetic : 0.808362 (0.008366)
potential : -1.276261 (0.007794)
energy : -0.467899 (0.001250)

kinetic : 0.808647 (0.008286)
potential : -1.276503 (0.007719)
energy : -0.467856 (0.001238)

kinetic : 0.808163 (0.008216)
potential : -1.276168 (0.007648)
energy : -0.468004 (0.001234)

kinetic : 0.807843 (0.008141)
potential : -1.275709 (0.007586)
energy : -0.467866 (0.001230)

kinetic : 0.807147 (0.008091)
potential : -1.274934 (0.007551)
energy : -0.467788 (0.001220)

kinetic : 0.807124 (0.008012)
potential : -1.274877 (0.007478)
energy : -0.467753 (0.001209)

kinetic : 0.808363 (0.008031)
potential : -1.275905 (0.007476)
energy : -0.467542 (0.001216)

kinetic : 0.808297 (0.007954)
potential : -1.275643 (0.007410)
energy : -0.467346 (0.001220)

kinetic : 0.808627 (0.007886)
potential : -1.275965 (0.007346)
energy : -0.467338 (0.001208)

kinetic : 0.809589 (0.007871)
potential : -1.276837 (0.007329)
energy : -0.467248 (0.001200)

kinetic : 0.809176 (0.007808)
potential : -1.276356 (0.007277)
energy : -0.467181 (0.001191)

kinetic : 0.809002 (0.007738)
potential : -1.276319 (0.007210)
energy : -0.467317 (0.001188)

kinetic : 0.808513 (0.007683)
potential : -1.275839 (0.007160)
energy : -0.467327 (0.001177)

kinetic : 0.807811 (0.007646)
potential : -1.275150 (0.007129)
energy : -0.467339 (0.001167)

kinetic : 0.807408 (0.007588)
potential : -1.274857 (0.007071)
energy : -0.467449 (0.001161)

kinetic : 0.807272 (0.007522)
potential : -1.274856 (0.007008)
energy : -0.467584 (0.001159)

kinetic : 0.806510 (0.007494)
potential : -1.274294 (0.006969)
energy : -0.467784 (0.001166)

kinetic : 0.805532 (0.007493)
potential : -1.273555 (0.006948)
energy : -0.468023 (0.001180)

kinetic : 0.806664 (0.007514)
potential : -1.274839 (0.007006)
energy : -0.468175 (0.001180)

kinetic : 0.807244 (0.007472)
potential : -1.275302 (0.006962)
energy : -0.468058 (0.001176)

kinetic : 0.806278 (0.007471)
potential : -1.274440 (0.006956)
energy : -0.468163 (0.001170)

kinetic : 0.805877 (0.007419)
potential : -1.274078 (0.006907)
energy : -0.468201 (0.001161)

kinetic : 0.804755 (0.007442)
potential : -1.273186 (0.006907)
energy : -0.468431 (0.001174)

kinetic : 0.804037 (0.007415)
potential : -1.272568 (0.006877)
energy : -0.468531 (0.001169)

kinetic : 0.804023 (0.007354)
potential : -1.272420 (0.006822)
energy : -0.468397 (0.001167)

kinetic : 0.803836 (0.007296)
potential : -1.272280 (0.006768)
energy : -0.468445 (0.001158)

kinetic : 0.804285 (0.007251)
potential : -1.272740 (0.006729)
energy : -0.468455 (0.001149)

kinetic : 0.802946 (0.007317)
potential : -1.271671 (0.006760)
energy : -0.468724 (0.001171)

kinetic : 0.803948 (0.007327)
potential : -1.272890 (0.006816)
energy : -0.468943 (0.001182)

kinetic : 0.804720 (0.007310)
potential : -1.273662 (0.006806)
energy : -0.468941 (0.001173)

kinetic : 0.805019 (0.007259)
potential : -1.273847 (0.006756)
energy : -0.468829 (0.001169)

kinetic : 0.804365 (0.007232)
potential : -1.273347 (0.006722)
energy : -0.468983 (0.001170)

kinetic : 0.804113 (0.007181)
potential : -1.273045 (0.006676)
energy : -0.468933 (0.001162)

kinetic : 0.805520 (0.007263)
potential : -1.274242 (0.006732)
energy : -0.468721 (0.001172)

kinetic : 0.805535 (0.007208)
potential : -1.274272 (0.006681)
energy : -0.468736 (0.001164)

kinetic : 0.805805 (0.007159)
potential : -1.274544 (0.006637)
energy : -0.468739 (0.001155)

kinetic : 0.804947 (0.007157)
potential : -1.273830 (0.006625)
energy : -0.468883 (0.001155)

kinetic : 0.805941 (0.007173)
potential : -1.274691 (0.006632)
energy : -0.468750 (0.001154)

kinetic : 0.804948 (0.007189)
potential : -1.273879 (0.006633)
energy : -0.468931 (0.001160)

kinetic : 0.805195 (0.007140)
potential : -1.274068 (0.006587)
energy : -0.468873 (0.001153)

kinetic : 0.805219 (0.007088)
potential : -1.274073 (0.006539)
energy : -0.468854 (0.001145)

kinetic : 0.805069 (0.007039)
potential : -1.273931 (0.006494)
energy : -0.468862 (0.001137)

kinetic : 0.805411 (0.006997)
potential : -1.274137 (0.006450)
energy : -0.468726 (0.001137)

kinetic : 0.805932 (0.006966)
potential : -1.274568 (0.006419)
energy : -0.468636 (0.001132)

kinetic : 0.805569 (0.006927)
potential : -1.274434 (0.006375)
energy : -0.468865 (0.001147)

kinetic : 0.805665 (0.006879)
potential : -1.274483 (0.006330)
energy : -0.468818 (0.001140)

kinetic : 0.805045 (0.006859)
potential : -1.273859 (0.006317)
energy : -0.468814 (0.001132)

kinetic : 0.804302 (0.006852)
potential : -1.273161 (0.006312)
energy : -0.468859 (0.001125)

kinetic : 0.804051 (0.006809)
potential : -1.272912 (0.006274)
energy : -0.468860 (0.001118)

kinetic : 0.803134 (0.006825)
potential : -1.272019 (0.006295)
energy : -0.468884 (0.001110)

kinetic : 0.803219 (0.006779)
potential : -1.272162 (0.006254)
energy : -0.468944 (0.001104)

kinetic : 0.803311 (0.006734)
potential : -1.272210 (0.006212)
energy : -0.468900 (0.001098)

kinetic : 0.803062 (0.006694)
potential : -1.271972 (0.006175)
energy : -0.468910 (0.001090)

kinetic : 0.803128 (0.006649)
potential : -1.272012 (0.006134)
energy : -0.468884 (0.001083)

kinetic : 0.803053 (0.006606)
potential : -1.271851 (0.006095)
energy : -0.468798 (0.001080)

kinetic : 0.802466 (0.006589)
potential : -1.271311 (0.006079)
energy : -0.468846 (0.001074)

kinetic : 0.802602 (0.006547)
potential : -1.271439 (0.006041)
energy : -0.468838 (0.001067)

kinetic : 0.801678 (0.006570)
potential : -1.270580 (0.006063)
energy : -0.468902 (0.001062)

kinetic : 0.802896 (0.006641)
potential : -1.271598 (0.006110)
energy : -0.468702 (0.001074)

kinetic : 0.803770 (0.006656)
potential : -1.272367 (0.006119)
energy : -0.468597 (0.001072)

kinetic : 0.803552 (0.006617)
potential : -1.272076 (0.006087)
energy : -0.468524 (0.001068)

kinetic : 0.803040 (0.006595)
potential : -1.271504 (0.006076)
energy : -0.468465 (0.001063)

kinetic : 0.803331 (0.006561)
potential : -1.271713 (0.006041)
energy : -0.468382 (0.001059)

kinetic : 0.803150 (0.006522)
potential : -1.271470 (0.006009)
energy : -0.468320 (0.001055)

kinetic : 0.803842 (0.006519)
potential : -1.272025 (0.005997)
energy : -0.468183 (0.001057)

kinetic : 0.803951 (0.006479)
potential : -1.272159 (0.005962)
energy : -0.468208 (0.001051)

kinetic : 0.803233 (0.006480)
potential : -1.271613 (0.005950)
energy : -0.468380 (0.001058)

kinetic : 0.804213 (0.006515)
potential : -1.272605 (0.005997)
energy : -0.468392 (0.001052)

kinetic : 0.804387 (0.006478)
potential : -1.272677 (0.005961)
energy : -0.468290 (0.001051)

kinetic : 0.804080 (0.006446)
potential : -1.272424 (0.005931)
energy : -0.468344 (0.001046)

kinetic : 0.803432 (0.006440)
potential : -1.271923 (0.005917)
energy : -0.468492 (0.001050)

kinetic : 0.803388 (0.006402)
potential : -1.271974 (0.005882)
energy : -0.468587 (0.001048)

kinetic : 0.804194 (0.006415)
potential : -1.272632 (0.005884)
energy : -0.468438 (0.001052)

kinetic : 0.803925 (0.006383)
potential : -1.272412 (0.005853)
energy : -0.468488 (0.001047)

kinetic : 0.804380 (0.006362)
potential : -1.272707 (0.005827)
energy : -0.468327 (0.001054)

kinetic : 0.804833 (0.006342)
potential : -1.273151 (0.005810)
energy : -0.468317 (0.001048)

kinetic : 0.805735 (0.006369)
potential : -1.274066 (0.005849)
energy : -0.468331 (0.001042)

kinetic : 0.805884 (0.006335)
potential : -1.274216 (0.005817)
energy : -0.468332 (0.001036)

kinetic : 0.806712 (0.006353)
potential : -1.274898 (0.005824)
energy : -0.468185 (0.001040)

kinetic : 0.805906 (0.006368)
potential : -1.274225 (0.005830)
energy : -0.468319 (0.001043)

kinetic : 0.806186 (0.006338)
potential : -1.274469 (0.005802)
energy : -0.468284 (0.001037)

kinetic : 0.805820 (0.006313)
potential : -1.274121 (0.005780)
energy : -0.468301 (0.001032)

kinetic : 0.805690 (0.006279)
potential : -1.274002 (0.005749)
energy : -0.468312 (0.001026)

kinetic : 0.806035 (0.006254)
potential : -1.274392 (0.005731)
energy : -0.468357 (0.001021)

kinetic : 0.806368 (0.006229)
potential : -1.274735 (0.005709)
energy : -0.468367 (0.001016)

kinetic : 0.806167 (0.006198)
potential : -1.274562 (0.005681)
energy : -0.468395 (0.001011)

kinetic : 0.806312 (0.006166)
potential : -1.274625 (0.005650)
energy : -0.468313 (0.001008)

kinetic : 0.807147 (0.006189)
potential : -1.275316 (0.005662)
energy : -0.468169 (0.001013)

kinetic : 0.807074 (0.006156)
potential : -1.275286 (0.005631)
energy : -0.468211 (0.001009)

kinetic : 0.807491 (0.006137)
potential : -1.275612 (0.005611)
energy : -0.468121 (0.001007)

kinetic : 0.807589 (0.006105)
potential : -1.275719 (0.005582)
energy : -0.468130 (0.001002)

kinetic : 0.807529 (0.006073)
potential : -1.275655 (0.005553)
energy : -0.468126 (0.000997)

kinetic : 0.808319 (0.006092)
potential : -1.276403 (0.005574)
energy : -0.468084 (0.000992)

kinetic : 0.808619 (0.006068)
potential : -1.276660 (0.005550)
energy : -0.468042 (0.000988)

kinetic : 0.808183 (0.006052)
potential : -1.276295 (0.005534)
energy : -0.468112 (0.000985)

kinetic : 0.807425 (0.006068)
potential : -1.275583 (0.005551)
energy : -0.468159 (0.000981)

kinetic : 0.807209 (0.006040)
potential : -1.275366 (0.005526)
energy : -0.468158 (0.000976)

kinetic : 0.807103 (0.006010)
potential : -1.275199 (0.005500)
energy : -0.468096 (0.000973)

kinetic : 0.807374 (0.005986)
potential : -1.275409 (0.005476)
energy : -0.468035 (0.000970)

kinetic : 0.807872 (0.005976)
potential : -1.275806 (0.005463)
energy : -0.467933 (0.000970)

kinetic : 0.807441 (0.005961)
potential : -1.275404 (0.005450)
energy : -0.467963 (0.000966)

kinetic : 0.807704 (0.005937)
potential : -1.275678 (0.005429)
energy : -0.467973 (0.000961)

kinetic : 0.807172 (0.005931)
potential : -1.275226 (0.005421)
energy : -0.468054 (0.000960)

kinetic : 0.807384 (0.005906)
potential : -1.275493 (0.005401)
energy : -0.468108 (0.000957)

kinetic : 0.807515 (0.005878)
potential : -1.275594 (0.005375)
energy : -0.468079 (0.000952)

kinetic : 0.807135 (0.005861)
potential : -1.275226 (0.005361)
energy : -0.468091 (0.000948)

kinetic : 0.807313 (0.005835)
potential : -1.275314 (0.005335)
energy : -0.468001 (0.000947)

kinetic : 0.807632 (0.005815)
potential : -1.275568 (0.005315)
energy : -0.467935 (0.000945)

kinetic : 0.807767 (0.005789)
potential : -1.275618 (0.005290)
energy : -0.467850 (0.000944)

kinetic : 0.807931 (0.005763)
potential : -1.275772 (0.005266)
energy : -0.467841 (0.000940)

kinetic : 0.808539 (0.005767)
potential : -1.276345 (0.005272)
energy : -0.467805 (0.000936)

kinetic : 0.809634 (0.005843)
potential : -1.277459 (0.005364)
energy : -0.467825 (0.000932)

kinetic : 0.809169 (0.005834)
potential : -1.277124 (0.005349)
energy : -0.467955 (0.000936)

kinetic : 0.808784 (0.005819)
potential : -1.276809 (0.005333)
energy : -0.468025 (0.000934)

kinetic : 0.808796 (0.005791)
potential : -1.276849 (0.005307)
energy : -0.468053 (0.000930)

kinetic : 0.808973 (0.005767)
potential : -1.276956 (0.005284)
energy : -0.467983 (0.000928)

kinetic : 0.808247 (0.005785)
potential : -1.276174 (0.005317)
energy : -0.467927 (0.000926)

kinetic : 0.808145 (0.005759)
potential : -1.276036 (0.005294)
energy : -0.467891 (0.000922)

kinetic : 0.807587 (0.005760)
potential : -1.275573 (0.005289)
energy : -0.467987 (0.000923)

kinetic : 0.807822 (0.005738)
potential : -1.275807 (0.005270)
energy : -0.467985 (0.000919)

kinetic : 0.808423 (0.005743)
potential : -1.276312 (0.005270)
energy : -0.467889 (0.000919)

kinetic : 0.808019 (0.005731)
potential : -1.275969 (0.005257)
energy : -0.467950 (0.000917)

kinetic : 0.808397 (0.005717)
potential : -1.276272 (0.005242)
energy : -0.467874 (0.000916)

kinetic : 0.808394 (0.005691)
potential : -1.276271 (0.005218)
energy : -0.467878 (0.000912)

kinetic : 0.808344 (0.005666)
potential : -1.276126 (0.005197)
energy : -0.467782 (0.000913)

kinetic : 0.808358 (0.005641)
potential : -1.276139 (0.005173)
energy : -0.467781 (0.000909)

kinetic : 0.808482 (0.005617)
potential : -1.276182 (0.005151)
energy : -0.467700 (0.000908)

kinetic : 0.808309 (0.005594)
potential : -1.276086 (0.005128)
energy : -0.467777 (0.000908)

kinetic : 0.808277 (0.005570)
potential : -1.276090 (0.005106)
energy : -0.467812 (0.000904)

kinetic : 0.808407 (0.005547)
potential : -1.276153 (0.005084)
energy : -0.467746 (0.000903)

kinetic : 0.808306 (0.005523)
potential : -1.275997 (0.005064)
energy : -0.467691 (0.000900)

kinetic : 0.807850 (0.005518)
potential : -1.275534 (0.005063)
energy : -0.467684 (0.000897)

kinetic : 0.807348 (0.005517)
potential : -1.275094 (0.005060)
energy : -0.467746 (0.000895)

kinetic : 0.807460 (0.005494)
potential : -1.275143 (0.005038)
energy : -0.467683 (0.000893)

kinetic : 0.807638 (0.005473)
potential : -1.275333 (0.005020)
energy : -0.467695 (0.000889)

kinetic : 0.807328 (0.005458)
potential : -1.275070 (0.005005)
energy : -0.467742 (0.000887)

kinetic : 0.806960 (0.005447)
potential : -1.274781 (0.004992)
energy : -0.467821 (0.000887)

kinetic : 0.806881 (0.005425)
potential : -1.274722 (0.004971)
energy : -0.467841 (0.000883)

kinetic : 0.806404 (0.005423)
potential : -1.274272 (0.004970)
energy : -0.467868 (0.000880)

kinetic : 0.806377 (0.005400)
potential : -1.274176 (0.004950)
energy : -0.467799 (0.000879)

kinetic : 0.806471 (0.005378)
potential : -1.274257 (0.004930)
energy : -0.467787 (0.000875)

kinetic : 0.806639 (0.005358)
potential : -1.274441 (0.004913)
energy : -0.467801 (0.000872)

kinetic : 0.806548 (0.005336)
potential : -1.274331 (0.004894)
energy : -0.467783 (0.000868)

kinetic : 0.806532 (0.005314)
potential : -1.274306 (0.004873)
energy : -0.467773 (0.000865)

kinetic : 0.807181 (0.005332)
potential : -1.274883 (0.004887)
energy : -0.467702 (0.000864)

kinetic : 0.807290 (0.005311)
potential : -1.274985 (0.004868)
energy : -0.467695 (0.000860)

kinetic : 0.807528 (0.005294)
potential : -1.275231 (0.004855)
energy : -0.467703 (0.000857)

kinetic : 0.808143 (0.005309)
potential : -1.275781 (0.004866)
energy : -0.467638 (0.000856)

kinetic : 0.808093 (0.005287)
potential : -1.275774 (0.004846)
energy : -0.467681 (0.000853)

kinetic : 0.808172 (0.005266)
potential : -1.275778 (0.004827)
energy : -0.467606 (0.000853)

kinetic : 0.808553 (0.005259)
potential : -1.276064 (0.004816)
energy : -0.467510 (0.000855)

kinetic : 0.809223 (0.005280)
potential : -1.276665 (0.004834)
energy : -0.467443 (0.000854)

kinetic : 0.809291 (0.005260)
potential : -1.276746 (0.004815)
energy : -0.467455 (0.000851)

kinetic : 0.809570 (0.005246)
potential : -1.276992 (0.004802)
energy : -0.467422 (0.000848)

kinetic : 0.809838 (0.005232)
potential : -1.277142 (0.004785)
energy : -0.467304 (0.000853)

kinetic : 0.809924 (0.005212)
potential : -1.277306 (0.004769)
energy : -0.467382 (0.000854)

kinetic : 0.809713 (0.005196)
potential : -1.277086 (0.004756)
energy : -0.467373 (0.000850)

kinetic : 0.810804 (0.005289)
potential : -1.278124 (0.004849)
energy : -0.467320 (0.000849)

kinetic : 0.810612 (0.005272)
potential : -1.277961 (0.004833)
energy : -0.467349 (0.000846)

kinetic : 0.810342 (0.005258)
potential : -1.277735 (0.004820)
energy : -0.467393 (0.000844)

kinetic : 0.810515 (0.005241)
potential : -1.277884 (0.004803)
energy : -0.467369 (0.000841)

kinetic : 0.810313 (0.005224)
potential : -1.277725 (0.004787)
energy : -0.467412 (0.000838)

kinetic : 0.809956 (0.005217)
potential : -1.277401 (0.004780)
energy : -0.467444 (0.000836)

kinetic : 0.809790 (0.005199)
potential : -1.277236 (0.004764)
energy : -0.467446 (0.000833)

kinetic : 0.810407 (0.005216)
potential : -1.277824 (0.004782)
energy : -0.467417 (0.000830)

kinetic : 0.810512 (0.005197)
potential : -1.277888 (0.004765)
energy : -0.467376 (0.000828)

kinetic : 0.810343 (0.005180)
potential : -1.277756 (0.004748)
energy : -0.467413 (0.000826)

kinetic : 0.810282 (0.005161)
potential : -1.277710 (0.004731)
energy : -0.467429 (0.000823)

kinetic : 0.810030 (0.005148)
potential : -1.277467 (0.004719)
energy : -0.467437 (0.000820)

kinetic : 0.810029 (0.005128)
potential : -1.277488 (0.004701)
energy : -0.467459 (0.000817)

kinetic : 0.809955 (0.005110)
potential : -1.277357 (0.004686)
energy : -0.467402 (0.000816)

kinetic : 0.809937 (0.005091)
potential : -1.277374 (0.004668)
energy : -0.467437 (0.000813)

kinetic : 0.809512 (0.005090)
potential : -1.277036 (0.004663)
energy : -0.467524 (0.000815)

kinetic : 0.809869 (0.005083)
potential : -1.277356 (0.004657)
energy : -0.467487 (0.000813)

kinetic : 0.810422 (0.005095)
potential : -1.277959 (0.004679)
energy : -0.467537 (0.000812)

kinetic : 0.810310 (0.005077)
potential : -1.277870 (0.004663)
energy : -0.467560 (0.000809)

kinetic : 0.810585 (0.005066)
potential : -1.278061 (0.004649)
energy : -0.467476 (0.000810)

kinetic : 0.810609 (0.005048)
potential : -1.278051 (0.004633)
energy : -0.467442 (0.000808)

kinetic : 0.810095 (0.005056)
potential : -1.277560 (0.004642)
energy : -0.467465 (0.000805)

kinetic : 0.810170 (0.005038)
potential : -1.277645 (0.004626)
energy : -0.467476 (0.000803)

kinetic : 0.809773 (0.005035)
potential : -1.277312 (0.004621)
energy : -0.467538 (0.000802)

kinetic : 0.809866 (0.005018)
potential : -1.277384 (0.004605)
energy : -0.467518 (0.000800)

kinetic : 0.809674 (0.005004)
potential : -1.277130 (0.004596)
energy : -0.467456 (0.000799)

kinetic : 0.809822 (0.004988)
potential : -1.277338 (0.004584)
energy : -0.467516 (0.000799)

kinetic : 0.810184 (0.004984)
potential : -1.277661 (0.004579)
energy : -0.467476 (0.000797)

kinetic : 0.809858 (0.004977)
potential : -1.277383 (0.004571)
energy : -0.467526 (0.000795)

kinetic : 0.810231 (0.004973)
potential : -1.277703 (0.004567)
energy : -0.467473 (0.000794)

kinetic : 0.810281 (0.004956)
potential : -1.277728 (0.004551)
energy : -0.467447 (0.000792)

kinetic : 0.810419 (0.004941)
potential : -1.277878 (0.004537)
energy : -0.467459 (0.000789)

kinetic : 0.810996 (0.004957)
potential : -1.278522 (0.004567)
energy : -0.467526 (0.000789)

kinetic : 0.810830 (0.004943)
potential : -1.278331 (0.004555)
energy : -0.467502 (0.000787)

kinetic : 0.811012 (0.004929)
potential : -1.278505 (0.004542)
energy : -0.467493 (0.000784)

kinetic : 0.811227 (0.004917)
potential : -1.278743 (0.004533)
energy : -0.467517 (0.000782)

kinetic : 0.811121 (0.004901)
potential : -1.278670 (0.004518)
energy : -0.467549 (0.000780)

kinetic : 0.811776 (0.004928)
potential : -1.279288 (0.004545)
energy : -0.467512 (0.000778)

kinetic : 0.811832 (0.004911)
potential : -1.279355 (0.004530)
energy : -0.467523 (0.000776)

kinetic : 0.812123 (0.004903)
potential : -1.279662 (0.004525)
energy : -0.467539 (0.000773)

kinetic : 0.812450 (0.004897)
potential : -1.279890 (0.004515)
energy : -0.467441 (0.000777)

kinetic : 0.812034 (0.004898)
potential : -1.279575 (0.004511)
energy : -0.467541 (0.000780)

kinetic : 0.811790 (0.004888)
potential : -1.279370 (0.004500)
energy : -0.467579 (0.000779)

kinetic : 0.811571 (0.004877)
potential : -1.279205 (0.004488)
energy : -0.467634 (0.000778)

kinetic : 0.811785 (0.004865)
potential : -1.279396 (0.004477)
energy : -0.467611 (0.000776)

kinetic : 0.811918 (0.004851)
potential : -1.279452 (0.004463)
energy : -0.467534 (0.000777)

kinetic : 0.811981 (0.004835)
potential : -1.279478 (0.004448)
energy : -0.467497 (0.000775)

kinetic : 0.811688 (0.004828)
potential : -1.279208 (0.004441)
energy : -0.467520 (0.000773)

kinetic : 0.811743 (0.004812)
potential : -1.279273 (0.004427)
energy : -0.467530 (0.000771)

kinetic : 0.811487 (0.004803)
potential : -1.279029 (0.004419)
energy : -0.467542 (0.000768)

kinetic : 0.811789 (0.004797)
potential : -1.279308 (0.004414)
energy : -0.467519 (0.000766)

kinetic : 0.812140 (0.004794)
potential : -1.279656 (0.004413)
energy : -0.467515 (0.000764)

kinetic : 0.811781 (0.004792)
potential : -1.279304 (0.004413)
energy : -0.467523 (0.000761)

kinetic : 0.812154 (0.004791)
potential : -1.279685 (0.004415)
energy : -0.467531 (0.000759)

kinetic : 0.813047 (0.004858)
potential : -1.280524 (0.004480)
energy : -0.467477 (0.000758)

kinetic : 0.813086 (0.004842)
potential : -1.280639 (0.004467)
energy : -0.467553 (0.000760)

kinetic : 0.813338 (0.004833)
potential : -1.280876 (0.004459)
energy : -0.467538 (0.000757)

kinetic : 0.813784 (0.004838)
potential : -1.281332 (0.004468)
energy : -0.467548 (0.000755)

kinetic : 0.814198 (0.004841)
potential : -1.281696 (0.004468)
energy : -0.467497 (0.000754)

kinetic : 0.814196 (0.004825)
potential : -1.281713 (0.004454)
energy : -0.467517 (0.000752)

kinetic : 0.814149 (0.004810)
potential : -1.281664 (0.004440)
energy : -0.467515 (0.000750)

kinetic : 0.813833 (0.004805)
potential : -1.281413 (0.004433)
energy : -0.467580 (0.000750)

kinetic : 0.813935 (0.004791)
potential : -1.281522 (0.004420)
energy : -0.467588 (0.000748)

kinetic : 0.813778 (0.004779)
potential : -1.281446 (0.004407)
energy : -0.467668 (0.000750)

kinetic : 0.813880 (0.004765)
potential : -1.281545 (0.004394)
energy : -0.467665 (0.000747)

kinetic : 0.814116 (0.004756)
potential : -1.281768 (0.004386)
energy : -0.467652 (0.000745)

kinetic : 0.813896 (0.004746)
potential : -1.281570 (0.004377)
energy : -0.467673 (0.000743)

kinetic : 0.813948 (0.004731)
potential : -1.281634 (0.004364)
energy : -0.467686 (0.000741)

kinetic : 0.813866 (0.004718)
potential : -1.281545 (0.004351)
energy : -0.467680 (0.000739)

kinetic : 0.813929 (0.004703)
potential : -1.281635 (0.004339)
energy : -0.467705 (0.000737)

kinetic : 0.813918 (0.004689)
potential : -1.281654 (0.004326)
energy : -0.467735 (0.000735)

kinetic : 0.813998 (0.004675)
potential : -1.281661 (0.004312)
energy : -0.467663 (0.000736)

kinetic : 0.813922 (0.004661)
potential : -1.281627 (0.004299)
energy : -0.467706 (0.000735)

kinetic : 0.814710 (0.004714)
potential : -1.282351 (0.004347)
energy : -0.467641 (0.000736)

kinetic : 0.814761 (0.004700)
potential : -1.282333 (0.004334)
energy : -0.467572 (0.000737)

kinetic : 0.814338 (0.004704)
potential : -1.281932 (0.004339)
energy : -0.467593 (0.000735)

kinetic : 0.814393 (0.004690)
potential : -1.281928 (0.004326)
energy : -0.467536 (0.000735)

kinetic : 0.814355 (0.004676)
potential : -1.281878 (0.004313)
energy : -0.467523 (0.000733)

kinetic : 0.814252 (0.004663)
potential : -1.281761 (0.004302)
energy : -0.467509 (0.000731)

kinetic : 0.814607 (0.004663)
potential : -1.282135 (0.004305)
energy : -0.467529 (0.000729)

kinetic : 0.814889 (0.004658)
potential : -1.282425 (0.004302)
energy : -0.467536 (0.000727)

kinetic : 0.814696 (0.004648)
potential : -1.282231 (0.004293)
energy : -0.467535 (0.000725)

kinetic : 0.814542 (0.004637)
potential : -1.282086 (0.004283)
energy : -0.467544 (0.000723)

kinetic : 0.814451 (0.004624)
potential : -1.281962 (0.004272)
energy : -0.467511 (0.000721)

kinetic : 0.814787 (0.004622)
potential : -1.282211 (0.004267)
energy : -0.467424 (0.000724)

kinetic : 0.814491 (0.004618)
potential : -1.281951 (0.004262)
energy : -0.467460 (0.000723)

kinetic : 0.814134 (0.004618)
potential : -1.281612 (0.004263)
energy : -0.467478 (0.000721)

kinetic : 0.814515 (0.004621)
potential : -1.281942 (0.004264)
energy : -0.467427 (0.000721)

kinetic : 0.814752 (0.004613)
potential : -1.282090 (0.004254)
energy : -0.467338 (0.000724)

kinetic : 0.814820 (0.004600)
potential : -1.282226 (0.004244)
energy : -0.467407 (0.000725)

kinetic : 0.814682 (0.004589)
potential : -1.282087 (0.004234)
energy : -0.467405 (0.000723)

kinetic : 0.814311 (0.004591)
potential : -1.281777 (0.004233)
energy : -0.467466 (0.000724)

kinetic : 0.814150 (0.004580)
potential : -1.281608 (0.004224)
energy : -0.467459 (0.000722)

kinetic : 0.814052 (0.004568)
potential : -1.281511 (0.004213)
energy : -0.467459 (0.000720)

kinetic : 0.813939 (0.004556)
potential : -1.281402 (0.004202)
energy : -0.467463 (0.000718)

kinetic : 0.813787 (0.004546)
potential : -1.281255 (0.004193)
energy : -0.467469 (0.000716)

kinetic : 0.813780 (0.004533)
potential : -1.281255 (0.004181)
energy : -0.467475 (0.000714)

kinetic : 0.813703 (0.004521)
potential : -1.281209 (0.004169)
energy : -0.467506 (0.000712)

kinetic : 0.813707 (0.004508)
potential : -1.281180 (0.004157)
energy : -0.467473 (0.000711)

kinetic : 0.813502 (0.004500)
potential : -1.280981 (0.004150)
energy : -0.467479 (0.000709)

kinetic : 0.813694 (0.004491)
potential : -1.281160 (0.004142)
energy : -0.467466 (0.000707)

kinetic : 0.813457 (0.004485)
potential : -1.280957 (0.004136)
energy : -0.467500 (0.000706)

kinetic : 0.813313 (0.004475)
potential : -1.280842 (0.004126)
energy : -0.467529 (0.000705)

kinetic : 0.813358 (0.004462)
potential : -1.280846 (0.004114)
energy : -0.467488 (0.000704)

kinetic : 0.814363 (0.004562)
potential : -1.281813 (0.004215)
energy : -0.467449 (0.000703)

kinetic : 0.814673 (0.004560)
potential : -1.282142 (0.004216)
energy : -0.467469 (0.000701)

kinetic : 0.814527 (0.004550)
potential : -1.281966 (0.004208)
energy : -0.467439 (0.000700)

kinetic : 0.814260 (0.004545)
potential : -1.281705 (0.004205)
energy : -0.467445 (0.000698)

kinetic : 0.814318 (0.004533)
potential : -1.281722 (0.004193)
energy : -0.467405 (0.000697)

kinetic : 0.814581 (0.004528)
potential : -1.281974 (0.004189)
energy : -0.467394 (0.000695)

kinetic : 0.814404 (0.004519)
potential : -1.281821 (0.004181)
energy : -0.467418 (0.000694)

kinetic : 0.814072 (0.004519)
potential : -1.281558 (0.004177)
energy : -0.467486 (0.000695)

kinetic : 0.813912 (0.004509)
potential : -1.281427 (0.004168)
energy : -0.467516 (0.000694)

kinetic : 0.813650 (0.004505)
potential : -1.281221 (0.004162)
energy : -0.467571 (0.000694)

kinetic : 0.813719 (0.004493)
potential : -1.281284 (0.004151)
energy : -0.467565 (0.000692)

kinetic : 0.813571 (0.004483)
potential : -1.281136 (0.004142)
energy : -0.467565 (0.000691)

kinetic : 0.813768 (0.004475)
potential : -1.281289 (0.004134)
energy : -0.467521 (0.000690)

kinetic : 0.813847 (0.004464)
potential : -1.281411 (0.004125)
energy : -0.467564 (0.000690)

kinetic : 0.813878 (0.004452)
potential : -1.281453 (0.004114)
energy : -0.467575 (0.000688)

kinetic : 0.813458 (0.004460)
potential : -1.281115 (0.004117)
energy : -0.467658 (0.000691)

kinetic : 0.813267 (0.004452)
potential : -1.280964 (0.004109)
energy : -0.467697 (0.000690)

kinetic : 0.813270 (0.004440)
potential : -1.280938 (0.004098)
energy : -0.467668 (0.000689)

kinetic : 0.813143 (0.004430)
potential : -1.280782 (0.004090)
energy : -0.467639 (0.000688)

kinetic : 0.812786 (0.004433)
potential : -1.280484 (0.004090)
energy : -0.467698 (0.000689)

kinetic : 0.812801 (0.004421)
potential : -1.280546 (0.004080)
energy : -0.467745 (0.000688)

kinetic : 0.812527 (0.004418)
potential : -1.280290 (0.004077)
energy : -0.467763 (0.000687)

kinetic : 0.812601 (0.004407)
potential : -1.280388 (0.004067)
energy : -0.467788 (0.000685)

kinetic : 0.812867 (0.004404)
potential : -1.280608 (0.004063)
energy : -0.467741 (0.000685)

kinetic : 0.812946 (0.004393)
potential : -1.280668 (0.004052)
energy : -0.467722 (0.000684)

kinetic : 0.813845 (0.004473)
potential : -1.281498 (0.004126)
energy : -0.467654 (0.000685)

kinetic : 0.814006 (0.004464)
potential : -1.281591 (0.004116)
energy : -0.467585 (0.000687)

kinetic : 0.813684 (0.004464)
potential : -1.281335 (0.004114)
energy : -0.467651 (0.000688)

kinetic : 0.813857 (0.004456)
potential : -1.281475 (0.004106)
energy : -0.467618 (0.000687)

kinetic : 0.814045 (0.004448)
potential : -1.281676 (0.004100)
energy : -0.467631 (0.000686)

kinetic : 0.813532 (0.004466)
potential : -1.281205 (0.004116)
energy : -0.467672 (0.000685)

kinetic : 0.813373 (0.004458)
potential : -1.281112 (0.004107)
energy : -0.467739 (0.000687)

kinetic : 0.813417 (0.004447)
potential : -1.281148 (0.004097)
energy : -0.467731 (0.000685)

kinetic : 0.814067 (0.004483)
potential : -1.281785 (0.004135)
energy : -0.467719 (0.000683)

kinetic : 0.814212 (0.004474)
potential : -1.281942 (0.004128)
energy : -0.467730 (0.000682)

kinetic : 0.814032 (0.004466)
potential : -1.281834 (0.004119)
energy : -0.467802 (0.000684)

kinetic : 0.813790 (0.004461)
potential : -1.281623 (0.004114)
energy : -0.467833 (0.000683)

kinetic : 0.813483 (0.004460)
potential : -1.281331 (0.004114)
energy : -0.467848 (0.000681)

kinetic : 0.813374 (0.004451)
potential : -1.281213 (0.004105)
energy : -0.467839 (0.000680)

kinetic : 0.813111 (0.004447)
potential : -1.280988 (0.004101)
energy : -0.467877 (0.000679)

kinetic : 0.812832 (0.004445)
potential : -1.280740 (0.004098)
energy : -0.467908 (0.000678)

kinetic : 0.812758 (0.004434)
potential : -1.280703 (0.004088)
energy : -0.467944 (0.000677)

kinetic : 0.812903 (0.004425)
potential : -1.280819 (0.004080)
energy : -0.467916 (0.000676)

kinetic : 0.812937 (0.004415)
potential : -1.280863 (0.004070)
energy : -0.467926 (0.000674)

kinetic : 0.812971 (0.004404)
potential : -1.280887 (0.004060)
energy : -0.467916 (0.000673)

kinetic : 0.813013 (0.004393)
potential : -1.280925 (0.004050)
energy : -0.467912 (0.000671)

kinetic : 0.812665 (0.004396)
potential : -1.280656 (0.004049)
energy : -0.467991 (0.000674)

kinetic : 0.812189 (0.004411)
potential : -1.280207 (0.004064)
energy : -0.468018 (0.000673)

kinetic : 0.812157 (0.004400)
potential : -1.280167 (0.004054)
energy : -0.468010 (0.000671)

kinetic : 0.812110 (0.004390)
potential : -1.280145 (0.004044)
energy : -0.468035 (0.000670)

kinetic : 0.812092 (0.004379)
potential : -1.280188 (0.004034)
energy : -0.468096 (0.000671)

kinetic : 0.811893 (0.004373)
potential : -1.279982 (0.004030)
energy : -0.468089 (0.000670)

kinetic : 0.812425 (0.004394)
potential : -1.280504 (0.004053)
energy : -0.468080 (0.000668)

kinetic : 0.812338 (0.004384)
potential : -1.280430 (0.004044)
energy : -0.468091 (0.000667)

kinetic : 0.812764 (0.004395)
potential : -1.280786 (0.004050)
energy : -0.468022 (0.000669)

kinetic : 0.813030 (0.004392)
potential : -1.280989 (0.004046)
energy : -0.467959 (0.000670)

kinetic : 0.813512 (0.004408)
potential : -1.281464 (0.004064)
energy : -0.467952 (0.000668)

kinetic : 0.813440 (0.004398)
potential : -1.281375 (0.004055)
energy : -0.467935 (0.000667)

kinetic : 0.813247 (0.004391)
potential : -1.281192 (0.004049)
energy : -0.467944 (0.000666)

kinetic : 0.813190 (0.004381)
potential : -1.281139 (0.004040)
energy : -0.467949 (0.000664)

kinetic : 0.812877 (0.004382)
potential : -1.280895 (0.004038)
energy : -0.468018 (0.000666)

kinetic : 0.812993 (0.004373)
potential : -1.280979 (0.004029)
energy : -0.467986 (0.000665)

kinetic : 0.812788 (0.004367)
potential : -1.280774 (0.004024)
energy : -0.467986 (0.000664)

kinetic : 0.813009 (0.004363)
potential : -1.280957 (0.004019)
energy : -0.467947 (0.000663)

kinetic : 0.813208 (0.004357)
potential : -1.281121 (0.004013)
energy : -0.467914 (0.000662)

kinetic : 0.813069 (0.004349)
potential : -1.281017 (0.004005)
energy : -0.467947 (0.000662)

kinetic : 0.812786 (0.004348)
potential : -1.280797 (0.004001)
energy : -0.468010 (0.000663)

kinetic : 0.812747 (0.004338)
potential : -1.280751 (0.003992)
energy : -0.468004 (0.000662)

kinetic : 0.813067 (0.004339)
potential : -1.281049 (0.003994)
energy : -0.467982 (0.000660)

kinetic : 0.812810 (0.004337)
potential : -1.280828 (0.003991)
energy : -0.468018 (0.000660)

kinetic : 0.812938 (0.004329)
potential : -1.280956 (0.003984)
energy : -0.468018 (0.000658)

kinetic : 0.812989 (0.004319)
potential : -1.280981 (0.003974)
energy : -0.467992 (0.000657)

kinetic : 0.813054 (0.004309)
potential : -1.281027 (0.003965)
energy : -0.467974 (0.000656)

kinetic : 0.813196 (0.004302)
potential : -1.281148 (0.003958)
energy : -0.467952 (0.000655)

kinetic : 0.813046 (0.004294)
potential : -1.281058 (0.003950)
energy : -0.468012 (0.000656)

kinetic : 0.813194 (0.004287)
potential : -1.281167 (0.003942)
energy : -0.467972 (0.000656)

kinetic : 0.813305 (0.004279)
potential : -1.281269 (0.003935)
energy : -0.467964 (0.000654)

kinetic : 0.813103 (0.004273)
potential : -1.281114 (0.003929)
energy : -0.468010 (0.000654)

kinetic : 0.812735 (0.004280)
potential : -1.280809 (0.003931)
energy : -0.468074 (0.000656)

kinetic : 0.813240 (0.004300)
potential : -1.281233 (0.003945)
energy : -0.467994 (0.000659)

kinetic : 0.813147 (0.004291)
potential : -1.281128 (0.003938)
energy : -0.467981 (0.000658)

kinetic : 0.813289 (0.004283)
potential : -1.281266 (0.003931)
energy : -0.467978 (0.000657)

kinetic : 0.813362 (0.004274)
potential : -1.281338 (0.003923)
energy : -0.467976 (0.000655)

kinetic : 0.812984 (0.004281)
potential : -1.281013 (0.003927)
energy : -0.468029 (0.000656)

kinetic : 0.813628 (0.004320)
potential : -1.281584 (0.003960)
energy : -0.467956 (0.000658)

kinetic : 0.813674 (0.004310)
potential : -1.281609 (0.003951)
energy : -0.467935 (0.000657)

kinetic : 0.813919 (0.004308)
potential : -1.281809 (0.003947)
energy : -0.467889 (0.000657)

kinetic : 0.813742 (0.004302)
potential : -1.281656 (0.003941)
energy : -0.467913 (0.000656)

kinetic : 0.813401 (0.004305)
potential : -1.281356 (0.003944)
energy : -0.467955 (0.000656)

kinetic : 0.813545 (0.004298)
potential : -1.281479 (0.003937)
energy : -0.467934 (0.000655)

kinetic : 0.813585 (0.004289)
potential : -1.281535 (0.003929)
energy : -0.467950 (0.000654)

kinetic : 0.813569 (0.004279)
potential : -1.281530 (0.003920)
energy : -0.467961 (0.000652)

kinetic : 0.813566 (0.004270)
potential : -1.281499 (0.003911)
energy : -0.467933 (0.000652)

kinetic : 0.813776 (0.004266)
potential : -1.281775 (0.003912)
energy : -0.468000 (0.000653)

kinetic : 0.814063 (0.004266)
potential : -1.282036 (0.003912)
energy : -0.467973 (0.000653)

kinetic : 0.814238 (0.004260)
potential : -1.282248 (0.003910)
energy : -0.468010 (0.000652)

kinetic : 0.814184 (0.004251)
potential : -1.282220 (0.003901)
energy : -0.468036 (0.000651)

kinetic : 0.814505 (0.004254)
potential : -1.282529 (0.003905)
energy : -0.468024 (0.000650)

kinetic : 0.814398 (0.004246)
potential : -1.282441 (0.003897)
energy : -0.468043 (0.000649)

kinetic : 0.814228 (0.004240)
potential : -1.282303 (0.003891)
energy : -0.468075 (0.000648)

kinetic : 0.814120 (0.004232)
potential : -1.282204 (0.003884)
energy : -0.468084 (0.000647)

kinetic : 0.814045 (0.004223)
potential : -1.282169 (0.003876)
energy : -0.468124 (0.000647)

kinetic : 0.814146 (0.004216)
potential : -1.282276 (0.003869)
energy : -0.468129 (0.000645)

kinetic : 0.814585 (0.004229)
potential : -1.282741 (0.003888)
energy : -0.468156 (0.000644)

kinetic : 0.814767 (0.004224)
potential : -1.282907 (0.003883)
energy : -0.468140 (0.000643)

kinetic : 0.815007 (0.004222)
potential : -1.283149 (0.003882)
energy : -0.468143 (0.000642)

kinetic : 0.814822 (0.004217)
potential : -1.283001 (0.003877)
energy : -0.468179 (0.000641)

kinetic : 0.814652 (0.004211)
potential : -1.282868 (0.003871)
energy : -0.468216 (0.000641)

kinetic : 0.814735 (0.004203)
potential : -1.282925 (0.003863)
energy : -0.468189 (0.000640)

kinetic : 0.814723 (0.004194)
potential : -1.282876 (0.003855)
energy : -0.468154 (0.000640)

kinetic : 0.814835 (0.004186)
potential : -1.282973 (0.003848)
energy : -0.468138 (0.000639)

kinetic : 0.814844 (0.004177)
potential : -1.282970 (0.003840)
energy : -0.468127 (0.000638)

kinetic : 0.814927 (0.004169)
potential : -1.283062 (0.003833)
energy : -0.468135 (0.000636)

kinetic : 0.814983 (0.004161)
potential : -1.283095 (0.003825)
energy : -0.468111 (0.000635)

kinetic : 0.814793 (0.004157)
potential : -1.282947 (0.003820)
energy : -0.468154 (0.000635)

kinetic : 0.814828 (0.004148)
potential : -1.282960 (0.003812)
energy : -0.468131 (0.000634)

kinetic : 0.814897 (0.004140)
potential : -1.283050 (0.003805)
energy : -0.468153 (0.000634)

kinetic : 0.815065 (0.004134)
potential : -1.283191 (0.003799)
energy : -0.468126 (0.000633)

kinetic : 0.815170 (0.004127)
potential : -1.283260 (0.003792)
energy : -0.468091 (0.000632)

kinetic : 0.815099 (0.004119)
potential : -1.283185 (0.003785)
energy : -0.468086 (0.000631)

kinetic : 0.815097 (0.004110)
potential : -1.283161 (0.003777)
energy : -0.468063 (0.000630)

kinetic : 0.815047 (0.004102)
potential : -1.283121 (0.003769)
energy : -0.468074 (0.000629)

kinetic : 0.815128 (0.004094)
potential : -1.283201 (0.003762)
energy : -0.468074 (0.000628)

kinetic : 0.815274 (0.004089)
potential : -1.283323 (0.003756)
energy : -0.468049 (0.000627)

kinetic : 0.815262 (0.004080)
potential : -1.283287 (0.003749)
energy : -0.468024 (0.000626)

kinetic : 0.815044 (0.004077)
potential : -1.283090 (0.003746)
energy : -0.468046 (0.000625)

kinetic : 0.814830 (0.004075)
potential : -1.282891 (0.003744)
energy : -0.468060 (0.000624)

kinetic : 0.814799 (0.004066)
potential : -1.282837 (0.003736)
energy : -0.468037 (0.000623)

kinetic : 0.814952 (0.004061)
potential : -1.282982 (0.003731)
energy : -0.468029 (0.000622)

kinetic : 0.814930 (0.004053)
potential : -1.282987 (0.003724)
energy : -0.468057 (0.000621)

kinetic : 0.814928 (0.004044)
potential : -1.282979 (0.003716)
energy : -0.468051 (0.000620)

kinetic : 0.814633 (0.004047)
potential : -1.282722 (0.003718)
energy : -0.468089 (0.000620)

kinetic : 0.814781 (0.004041)
potential : -1.282889 (0.003714)
energy : -0.468108 (0.000619)

kinetic : 0.815067 (0.004043)
potential : -1.283148 (0.003715)
energy : -0.468082 (0.000618)

kinetic : 0.814998 (0.004036)
potential : -1.283072 (0.003708)
energy : -0.468075 (0.000617)

kinetic : 0.814709 (0.004038)
potential : -1.282823 (0.003709)
energy : -0.468114 (0.000617)

kinetic : 0.814680 (0.004030)
potential : -1.282790 (0.003702)
energy : -0.468110 (0.000616)

kinetic : 0.814465 (0.004027)
potential : -1.282603 (0.003699)
energy : -0.468138 (0.000615)

kinetic : 0.814355 (0.004021)
potential : -1.282489 (0.003693)
energy : -0.468134 (0.000614)

kinetic : 0.814127 (0.004019)
potential : -1.282305 (0.003691)
energy : -0.468178 (0.000614)

kinetic : 0.814259 (0.004013)
potential : -1.282435 (0.003686)
energy : -0.468175 (0.000613)

kinetic : 0.814323 (0.004006)
potential : -1.282511 (0.003679)
energy : -0.468189 (0.000612)

kinetic : 0.814446 (0.004000)
potential : -1.282616 (0.003673)
energy : -0.468169 (0.000611)

kinetic : 0.814624 (0.003996)
potential : -1.282814 (0.003671)
energy : -0.468190 (0.000610)

kinetic : 0.814859 (0.003995)
potential : -1.283042 (0.003671)
energy : -0.468183 (0.000609)

kinetic : 0.815218 (0.004003)
potential : -1.283388 (0.003680)
energy : -0.468170 (0.000608)

kinetic : 0.815351 (0.003997)
potential : -1.283549 (0.003676)
energy : -0.468199 (0.000608)

kinetic : 0.815543 (0.003994)
potential : -1.283759 (0.003675)
energy : -0.468217 (0.000607)

kinetic : 0.815658 (0.003988)
potential : -1.283828 (0.003668)
energy : -0.468170 (0.000607)

kinetic : 0.815638 (0.003980)
potential : -1.283809 (0.003661)
energy : -0.468172 (0.000606)

kinetic : 0.815526 (0.003973)
potential : -1.283706 (0.003655)
energy : -0.468179 (0.000605)

kinetic : 0.815500 (0.003966)
potential : -1.283675 (0.003648)
energy : -0.468175 (0.000604)

kinetic : 0.815451 (0.003958)
potential : -1.283635 (0.003641)
energy : -0.468185 (0.000603)

kinetic : 0.815245 (0.003956)
potential : -1.283482 (0.003638)
energy : -0.468236 (0.000604)

kinetic : 0.815204 (0.003948)
potential : -1.283450 (0.003631)
energy : -0.468246 (0.000603)

kinetic : 0.815054 (0.003944)
potential : -1.283322 (0.003626)
energy : -0.468268 (0.000602)

kinetic : 0.815062 (0.003936)
potential : -1.283315 (0.003619)
energy : -0.468253 (0.000601)

kinetic : 0.815239 (0.003932)
potential : -1.283447 (0.003614)
energy : -0.468208 (0.000601)

kinetic : 0.815157 (0.003925)
potential : -1.283364 (0.003608)
energy : -0.468207 (0.000600)

kinetic : 0.815265 (0.003919)
potential : -1.283457 (0.003602)
energy : -0.468192 (0.000599)

kinetic : 0.815307 (0.003912)
potential : -1.283475 (0.003595)
energy : -0.468168 (0.000598)

kinetic : 0.815150 (0.003908)
potential : -1.283317 (0.003592)
energy : -0.468167 (0.000597)

kinetic : 0.815281 (0.003902)
potential : -1.283400 (0.003586)
energy : -0.468119 (0.000598)

kinetic : 0.815235 (0.003895)
potential : -1.283356 (0.003579)
energy : -0.468122 (0.000597)

kinetic : 0.815420 (0.003892)
potential : -1.283563 (0.003578)
energy : -0.468143 (0.000596)

kinetic : 0.815412 (0.003885)
potential : -1.283543 (0.003572)
energy : -0.468131 (0.000595)

kinetic : 0.815629 (0.003883)
potential : -1.283743 (0.003571)
energy : -0.468115 (0.000594)

kinetic : 0.815421 (0.003881)
potential : -1.283540 (0.003570)
energy : -0.468119 (0.000593)

kinetic : 0.815501 (0.003875)
potential : -1.283610 (0.003563)
energy : -0.468109 (0.000592)

kinetic : 0.815628 (0.003870)
potential : -1.283713 (0.003558)
energy : -0.468085 (0.000591)

kinetic : 0.815705 (0.003863)
potential : -1.283805 (0.003553)
energy : -0.468100 (0.000591)

kinetic : 0.815723 (0.003856)
potential : -1.283851 (0.003546)
energy : -0.468128 (0.000590)

kinetic : 0.815727 (0.003849)
potential : -1.283868 (0.003540)
energy : -0.468141 (0.000589)

kinetic : 0.815680 (0.003842)
potential : -1.283804 (0.003533)
energy : -0.468125 (0.000588)

kinetic : 0.815537 (0.003837)
potential : -1.283686 (0.003529)
energy : -0.468148 (0.000588)

kinetic : 0.815503 (0.003830)
potential : -1.283677 (0.003522)
energy : -0.468175 (0.000587)

kinetic : 0.815465 (0.003823)
potential : -1.283625 (0.003516)
energy : -0.468161 (0.000586)

kinetic : 0.815306 (0.003819)
potential : -1.283476 (0.003513)
energy : -0.468171 (0.000585)

kinetic : 0.815686 (0.003831)
potential : -1.283834 (0.003524)
energy : -0.468148 (0.000584)

kinetic : 0.815491 (0.003829)
potential : -1.283655 (0.003522)
energy : -0.468164 (0.000584)

kinetic : 0.815486 (0.003822)
potential : -1.283691 (0.003516)
energy : -0.468205 (0.000584)

kinetic : 0.815472 (0.003815)
potential : -1.283708 (0.003509)
energy : -0.468237 (0.000584)

kinetic : 0.815225 (0.003816)
potential : -1.283487 (0.003510)
energy : -0.468262 (0.000583)

kinetic : 0.815116 (0.003810)
potential : -1.283409 (0.003504)
energy : -0.468294 (0.000583)

kinetic : 0.815280 (0.003807)
potential : -1.283570 (0.003502)
energy : -0.468291 (0.000582)

kinetic : 0.815411 (0.003802)
potential : -1.283669 (0.003496)
energy : -0.468258 (0.000582)

kinetic : 0.815302 (0.003797)
potential : -1.283573 (0.003491)
energy : -0.468271 (0.000581)

kinetic : 0.815161 (0.003792)
potential : -1.283442 (0.003487)
energy : -0.468282 (0.000580)

kinetic : 0.815197 (0.003785)
potential : -1.283447 (0.003481)
energy : -0.468250 (0.000580)

kinetic : 0.815223 (0.003779)
potential : -1.283482 (0.003475)
energy : -0.468259 (0.000579)

kinetic : 0.815437 (0.003778)
potential : -1.283698 (0.003475)
energy : -0.468261 (0.000578)

kinetic : 0.815449 (0.003771)
potential : -1.283705 (0.003469)
energy : -0.468256 (0.000577)

kinetic : 0.815528 (0.003765)
potential : -1.283805 (0.003464)
energy : -0.468277 (0.000576)

kinetic : 0.815428 (0.003759)
potential : -1.283707 (0.003459)
energy : -0.468279 (0.000575)

kinetic : 0.815510 (0.003754)
potential : -1.283767 (0.003453)
energy : -0.468257 (0.000574)

kinetic : 0.815459 (0.003747)
potential : -1.283762 (0.003447)
energy : -0.468302 (0.000575)

kinetic : 0.815799 (0.003756)
potential : -1.284042 (0.003452)
energy : -0.468243 (0.000577)

kinetic : 0.815881 (0.003750)
potential : -1.284114 (0.003447)
energy : -0.468233 (0.000576)

kinetic : 0.815682 (0.003748)
potential : -1.283909 (0.003447)
energy : -0.468228 (0.000575)

kinetic : 0.815803 (0.003744)
potential : -1.283994 (0.003442)
energy : -0.468191 (0.000575)

kinetic : 0.815588 (0.003743)
potential : -1.283782 (0.003442)
energy : -0.468194 (0.000574)

kinetic : 0.815854 (0.003746)
potential : -1.284021 (0.003444)
energy : -0.468167 (0.000574)

kinetic : 0.815753 (0.003741)
potential : -1.283918 (0.003440)
energy : -0.468166 (0.000573)

kinetic : 0.815818 (0.003735)
potential : -1.283973 (0.003434)
energy : -0.468155 (0.000572)

kinetic : 0.815872 (0.003728)
potential : -1.284002 (0.003428)
energy : -0.468129 (0.000571)

kinetic : 0.815851 (0.003722)
potential : -1.283989 (0.003422)
energy : -0.468139 (0.000571)

kinetic : 0.815764 (0.003716)
potential : -1.283879 (0.003418)
energy : -0.468115 (0.000570)

kinetic : 0.815905 (0.003712)
potential : -1.283996 (0.003414)
energy : -0.468091 (0.000570)

kinetic : 0.815744 (0.003709)
potential : -1.283840 (0.003411)
energy : -0.468096 (0.000569)

kinetic : 0.815671 (0.003703)
potential : -1.283728 (0.003407)
energy : -0.468057 (0.000569)

kinetic : 0.815468 (0.003702)
potential : -1.283545 (0.003406)
energy : -0.468077 (0.000568)

kinetic : 0.816088 (0.003748)
potential : -1.284169 (0.003457)
energy : -0.468082 (0.000567)

kinetic : 0.815960 (0.003743)
potential : -1.284044 (0.003453)
energy : -0.468084 (0.000566)

kinetic : 0.816130 (0.003741)
potential : -1.284187 (0.003450)
energy : -0.468057 (0.000566)

kinetic : 0.816148 (0.003734)
potential : -1.284189 (0.003444)
energy : -0.468041 (0.000565)

kinetic : 0.816329 (0.003732)
potential : -1.284357 (0.003442)
energy : -0.468027 (0.000564)

kinetic : 0.816325 (0.003725)
potential : -1.284366 (0.003436)
energy : -0.468041 (0.000564)

kinetic : 0.816359 (0.003719)
potential : -1.284411 (0.003430)
energy : -0.468052 (0.000563)

kinetic : 0.816460 (0.003714)
potential : -1.284523 (0.003426)
energy : -0.468062 (0.000562)

kinetic : 0.816557 (0.003709)
potential : -1.284597 (0.003421)
energy : -0.468040 (0.000561)

kinetic : 0.816431 (0.003705)
potential : -1.284500 (0.003417)
energy : -0.468069 (0.000561)

kinetic : 0.816343 (0.003699)
potential : -1.284400 (0.003412)
energy : -0.468057 (0.000560)

kinetic : 0.816198 (0.003696)
potential : -1.284291 (0.003408)
energy : -0.468094 (0.000560)

kinetic : 0.816196 (0.003689)
potential : -1.284310 (0.003402)
energy : -0.468114 (0.000560)

kinetic : 0.816140 (0.003684)
potential : -1.284266 (0.003397)
energy : -0.468126 (0.000559)

kinetic : 0.815959 (0.003682)
potential : -1.284122 (0.003394)
energy : -0.468163 (0.000559)

kinetic : 0.815795 (0.003679)
potential : -1.283997 (0.003390)
energy : -0.468202 (0.000560)

kinetic : 0.815803 (0.003673)
potential : -1.284049 (0.003385)
energy : -0.468246 (0.000560)

kinetic : 0.815857 (0.003667)
potential : -1.284098 (0.003380)
energy : -0.468241 (0.000560)

kinetic : 0.815936 (0.003661)
potential : -1.284154 (0.003374)
energy : -0.468218 (0.000559)

kinetic : 0.815678 (0.003664)
potential : -1.283920 (0.003377)
energy : -0.468242 (0.000559)

kinetic : 0.815477 (0.003664)
potential : -1.283740 (0.003376)
energy : -0.468263 (0.000558)

kinetic : 0.815394 (0.003658)
potential : -1.283653 (0.003371)
energy : -0.468259 (0.000557)

kinetic : 0.815413 (0.003652)
potential : -1.283667 (0.003365)
energy : -0.468254 (0.000556)

kinetic : 0.815520 (0.003648)
potential : -1.283742 (0.003361)
energy : -0.468222 (0.000556)

kinetic : 0.815438 (0.003642)
potential : -1.283650 (0.003356)
energy : -0.468212 (0.000555)

kinetic : 0.815239 (0.003642)
potential : -1.283532 (0.003353)
energy : -0.468294 (0.000560)

kinetic : 0.815463 (0.003642)
potential : -1.283750 (0.003354)
energy : -0.468288 (0.000560)

kinetic : 0.815339 (0.003638)
potential : -1.283636 (0.003350)
energy : -0.468297 (0.000559)

kinetic : 0.815252 (0.003633)
potential : -1.283582 (0.003345)
energy : -0.468331 (0.000559)

kinetic : 0.815195 (0.003628)
potential : -1.283533 (0.003340)
energy : -0.468338 (0.000558)

kinetic : 0.815285 (0.003623)
potential : -1.283628 (0.003336)
energy : -0.468343 (0.000557)

kinetic : 0.815449 (0.003621)
potential : -1.283779 (0.003334)
energy : -0.468330 (0.000556)

kinetic : 0.815514 (0.003615)
potential : -1.283808 (0.003328)
energy : -0.468294 (0.000556)

kinetic : 0.815606 (0.003610)
potential : -1.283909 (0.003324)
energy : -0.468303 (0.000556)

kinetic : 0.815644 (0.003604)
potential : -1.283933 (0.003319)
energy : -0.468289 (0.000555)

kinetic : 0.815523 (0.003601)
potential : -1.283823 (0.003315)
energy : -0.468300 (0.000554)

kinetic : 0.815611 (0.003596)
potential : -1.283890 (0.003310)
energy : -0.468279 (0.000554)

kinetic : 0.815483 (0.003592)
potential : -1.283772 (0.003307)
energy : -0.468288 (0.000553)

kinetic : 0.815346 (0.003589)
potential : -1.283649 (0.003304)
energy : -0.468303 (0.000552)

kinetic : 0.815214 (0.003585)
potential : -1.283526 (0.003301)
energy : -0.468312 (0.000551)

kinetic : 0.815162 (0.003580)
potential : -1.283458 (0.003296)
energy : -0.468295 (0.000551)

kinetic : 0.815260 (0.003575)
potential : -1.283581 (0.003293)
energy : -0.468320 (0.000550)

kinetic : 0.815349 (0.003571)
potential : -1.283673 (0.003289)
energy : -0.468324 (0.000549)

kinetic : 0.815617 (0.003575)
potential : -1.283954 (0.003295)
energy : -0.468337 (0.000549)

kinetic : 0.815695 (0.003570)
potential : -1.284002 (0.003290)
energy : -0.468307 (0.000549)

kinetic : 0.816050 (0.003582)
potential : -1.284313 (0.003300)
energy : -0.468264 (0.000549)

kinetic : 0.816032 (0.003576)
potential : -1.284325 (0.003294)
energy : -0.468293 (0.000549)

kinetic : 0.815945 (0.003571)
potential : -1.284226 (0.003291)
energy : -0.468281 (0.000548)

kinetic : 0.815813 (0.003568)
potential : -1.284139 (0.003286)
energy : -0.468326 (0.000549)

kinetic : 0.815827 (0.003562)
potential : -1.284141 (0.003281)
energy : -0.468315 (0.000549)

kinetic : 0.815568 (0.003566)
potential : -1.283903 (0.003284)
energy : -0.468334 (0.000548)

kinetic : 0.815647 (0.003561)
potential : -1.283962 (0.003280)
energy : -0.468315 (0.000547)

kinetic : 0.815819 (0.003559)
potential : -1.284106 (0.003278)
energy : -0.468287 (0.000547)

kinetic : 0.815716 (0.003555)
potential : -1.284009 (0.003274)
energy : -0.468293 (0.000546)

kinetic : 0.815784 (0.003550)
potential : -1.284050 (0.003269)
energy : -0.468266 (0.000546)

kinetic : 0.815709 (0.003545)
potential : -1.283965 (0.003265)
energy : -0.468256 (0.000545)

kinetic : 0.815481 (0.003547)
potential : -1.283727 (0.003268)
energy : -0.468246 (0.000545)

kinetic : 0.815516 (0.003541)
potential : -1.283777 (0.003263)
energy : -0.468260 (0.000544)

kinetic : 0.815608 (0.003537)
potential : -1.283874 (0.003260)
energy : -0.468266 (0.000543)

kinetic : 0.816101 (0.003565)
potential : -1.284331 (0.003286)
energy : -0.468231 (0.000543)

kinetic : 0.816064 (0.003560)
potential : -1.284299 (0.003281)
energy : -0.468234 (0.000543)

kinetic : 0.816009 (0.003555)
potential : -1.284236 (0.003277)
energy : -0.468226 (0.000542)

kinetic : 0.816012 (0.003549)
potential : -1.284213 (0.003272)
energy : -0.468202 (0.000541)

kinetic : 0.815913 (0.003545)
potential : -1.284134 (0.003267)
energy : -0.468221 (0.000541)

kinetic : 0.815938 (0.003539)
potential : -1.284147 (0.003262)
energy : -0.468209 (0.000540)

kinetic : 0.816085 (0.003537)
potential : -1.284267 (0.003259)
energy : -0.468182 (0.000540)

kinetic : 0.816081 (0.003531)
potential : -1.284252 (0.003254)
energy : -0.468171 (0.000539)

kinetic : 0.816363 (0.003537)
potential : -1.284477 (0.003257)
energy : -0.468115 (0.000541)

kinetic : 0.816337 (0.003531)
potential : -1.284440 (0.003252)
energy : -0.468103 (0.000541)

kinetic : 0.816360 (0.003526)
potential : -1.284442 (0.003247)
energy : -0.468082 (0.000540)

kinetic : 0.816506 (0.003523)
potential : -1.284577 (0.003245)
energy : -0.468071 (0.000540)

kinetic : 0.816872 (0.003537)
potential : -1.284934 (0.003259)
energy : -0.468062 (0.000539)

kinetic : 0.817043 (0.003536)
potential : -1.285082 (0.003258)
energy : -0.468039 (0.000538)

kinetic : 0.816931 (0.003532)
potential : -1.284983 (0.003254)
energy : -0.468052 (0.000538)

kinetic : 0.816753 (0.003531)
potential : -1.284831 (0.003252)
energy : -0.468079 (0.000538)

kinetic : 0.816626 (0.003528)
potential : -1.284717 (0.003249)
energy : -0.468091 (0.000537)

kinetic : 0.816669 (0.003522)
potential : -1.284724 (0.003244)
energy : -0.468055 (0.000537)

kinetic : 0.816700 (0.003517)
potential : -1.284752 (0.003240)
energy : -0.468052 (0.000536)

kinetic : 0.816638 (0.003512)
potential : -1.284718 (0.003235)
energy : -0.468080 (0.000536)

kinetic : 0.816630 (0.003507)
potential : -1.284710 (0.003230)
energy : -0.468080 (0.000536)

kinetic : 0.816543 (0.003503)
potential : -1.284592 (0.003227)
energy : -0.468050 (0.000536)

kinetic : 0.816760 (0.003504)
potential : -1.284783 (0.003228)
energy : -0.468023 (0.000535)

kinetic : 0.816773 (0.003499)
potential : -1.284773 (0.003223)
energy : -0.468000 (0.000535)

kinetic : 0.816722 (0.003494)
potential : -1.284730 (0.003218)
energy : -0.468007 (0.000534)

kinetic : 0.816483 (0.003496)
potential : -1.284500 (0.003221)
energy : -0.468017 (0.000534)

kinetic : 0.816373 (0.003493)
potential : -1.284407 (0.003218)
energy : -0.468035 (0.000533)

kinetic : 0.816167 (0.003494)
potential : -1.284251 (0.003217)
energy : -0.468084 (0.000535)

kinetic : 0.816022 (0.003491)
potential : -1.284133 (0.003214)
energy : -0.468110 (0.000534)

kinetic : 0.815894 (0.003488)
potential : -1.284042 (0.003210)
energy : -0.468149 (0.000535)

kinetic : 0.815819 (0.003484)
potential : -1.283986 (0.003206)
energy : -0.468167 (0.000534)

kinetic : 0.815631 (0.003484)
potential : -1.283834 (0.003205)
energy : -0.468203 (0.000535)

kinetic : 0.815547 (0.003479)
potential : -1.283804 (0.003200)
energy : -0.468257 (0.000537)

kinetic : 0.815435 (0.003476)
potential : -1.283694 (0.003197)
energy : -0.468259 (0.000536)

kinetic : 0.815450 (0.003471)
potential : -1.283706 (0.003192)
energy : -0.468256 (0.000535)

kinetic : 0.815397 (0.003466)
potential : -1.283668 (0.003188)
energy : -0.468270 (0.000535)

kinetic : 0.815381 (0.003461)
potential : -1.283660 (0.003183)
energy : -0.468279 (0.000534)

kinetic : 0.815299 (0.003457)
potential : -1.283596 (0.003179)
energy : -0.468297 (0.000533)

kinetic : 0.815451 (0.003455)
potential : -1.283730 (0.003177)
energy : -0.468279 (0.000533)

kinetic : 0.815542 (0.003451)
potential : -1.283783 (0.003172)
energy : -0.468241 (0.000533)

kinetic : 0.815571 (0.003446)
potential : -1.283798 (0.003168)
energy : -0.468228 (0.000533)

kinetic : 0.815567 (0.003441)
potential : -1.283819 (0.003163)
energy : -0.468252 (0.000533)

kinetic : 0.815790 (0.003443)
potential : -1.284026 (0.003165)
energy : -0.468236 (0.000532)

kinetic : 0.815845 (0.003438)
potential : -1.284067 (0.003161)
energy : -0.468223 (0.000531)

kinetic : 0.815978 (0.003435)
potential : -1.284198 (0.003159)
energy : -0.468220 (0.000531)

kinetic : 0.815738 (0.003439)
potential : -1.283994 (0.003161)
energy : -0.468256 (0.000531)

kinetic : 0.816185 (0.003463)
potential : -1.284414 (0.003184)
energy : -0.468229 (0.000531)

kinetic : 0.815980 (0.003463)
potential : -1.284223 (0.003185)
energy : -0.468243 (0.000530)

kinetic : 0.816150 (0.003462)
potential : -1.284424 (0.003186)
energy : -0.468274 (0.000530)

kinetic : 0.815990 (0.003461)
potential : -1.284285 (0.003185)
energy : -0.468295 (0.000530)

kinetic : 0.816037 (0.003456)
potential : -1.284309 (0.003180)
energy : -0.468272 (0.000530)

kinetic : 0.815914 (0.003453)
potential : -1.284201 (0.003177)
energy : -0.468287 (0.000529)

kinetic : 0.815759 (0.003452)
potential : -1.284083 (0.003175)
energy : -0.468323 (0.000530)

kinetic : 0.816038 (0.003458)
potential : -1.284365 (0.003183)
energy : -0.468326 (0.000529)

kinetic : 0.816195 (0.003456)
potential : -1.284515 (0.003182)
energy : -0.468320 (0.000528)

kinetic : 0.816079 (0.003453)
potential : -1.284406 (0.003179)
energy : -0.468327 (0.000527)

kinetic : 0.816046 (0.003448)
potential : -1.284329 (0.003175)
energy : -0.468282 (0.000529)

kinetic : 0.816103 (0.003444)
potential : -1.284370 (0.003171)
energy : -0.468267 (0.000528)

kinetic : 0.816081 (0.003439)
potential : -1.284349 (0.003166)
energy : -0.468268 (0.000527)

kinetic : 0.816406 (0.003449)
potential : -1.284631 (0.003174)
energy : -0.468224 (0.000528)

kinetic : 0.816337 (0.003445)
potential : -1.284563 (0.003170)
energy : -0.468227 (0.000527)

kinetic : 0.816339 (0.003440)
potential : -1.284593 (0.003166)
energy : -0.468254 (0.000527)

kinetic : 0.816344 (0.003435)
potential : -1.284576 (0.003161)
energy : -0.468232 (0.000527)

kinetic : 0.816206 (0.003433)
potential : -1.284429 (0.003160)
energy : -0.468223 (0.000526)

kinetic : 0.816083 (0.003430)
potential : -1.284332 (0.003157)
energy : -0.468249 (0.000526)

kinetic : 0.815981 (0.003427)
potential : -1.284256 (0.003153)
energy : -0.468275 (0.000526)

kinetic : 0.815836 (0.003425)
potential : -1.284132 (0.003151)
energy : -0.468296 (0.000526)

kinetic : 0.815704 (0.003422)
potential : -1.284024 (0.003149)
energy : -0.468320 (0.000526)

kinetic : 0.815772 (0.003418)
potential : -1.284076 (0.003144)
energy : -0.468304 (0.000525)

kinetic : 0.815858 (0.003414)
potential : -1.284169 (0.003141)
energy : -0.468311 (0.000524)

kinetic : 0.815736 (0.003412)
potential : -1.284063 (0.003139)
energy : -0.468327 (0.000524)

kinetic : 0.815701 (0.003407)
potential : -1.284046 (0.003134)
energy : -0.468344 (0.000523)

kinetic : 0.815727 (0.003402)
potential : -1.284071 (0.003130)
energy : -0.468345 (0.000523)

kinetic : 0.815722 (0.003397)
potential : -1.284068 (0.003125)
energy : -0.468346 (0.000522)

kinetic : 0.815692 (0.003393)
potential : -1.284038 (0.003121)
energy : -0.468346 (0.000521)

kinetic : 0.815951 (0.003398)
potential : -1.284277 (0.003126)
energy : -0.468326 (0.000521)

kinetic : 0.815914 (0.003393)
potential : -1.284255 (0.003121)
energy : -0.468341 (0.000520)

kinetic : 0.815830 (0.003389)
potential : -1.284163 (0.003118)
energy : -0.468333 (0.000520)

kinetic : 0.815717 (0.003386)
potential : -1.284073 (0.003115)
energy : -0.468357 (0.000519)

kinetic : 0.815781 (0.003382)
potential : -1.284130 (0.003111)
energy : -0.468349 (0.000519)

kinetic : 0.815994 (0.003384)
potential : -1.284317 (0.003113)
energy : -0.468323 (0.000519)

kinetic : 0.815934 (0.003380)
potential : -1.284259 (0.003109)
energy : -0.468325 (0.000518)

kinetic : 0.816017 (0.003376)
potential : -1.284334 (0.003105)
energy : -0.468316 (0.000517)

kinetic : 0.815922 (0.003373)
potential : -1.284253 (0.003102)
energy : -0.468331 (0.000517)

kinetic : 0.815899 (0.003368)
potential : -1.284210 (0.003098)
energy : -0.468312 (0.000516)

kinetic : 0.815861 (0.003364)
potential : -1.284188 (0.003094)
energy : -0.468327 (0.000516)

kinetic : 0.816074 (0.003366)
potential : -1.284394 (0.003096)
energy : -0.468320 (0.000515)

kinetic : 0.815902 (0.003365)
potential : -1.284265 (0.003094)
energy : -0.468363 (0.000516)

kinetic : 0.815976 (0.003361)
potential : -1.284315 (0.003091)
energy : -0.468339 (0.000516)

kinetic : 0.816028 (0.003357)
potential : -1.284355 (0.003086)
energy : -0.468327 (0.000516)

kinetic : 0.815943 (0.003354)
potential : -1.284298 (0.003083)
energy : -0.468355 (0.000516)

kinetic : 0.815877 (0.003350)
potential : -1.284231 (0.003079)
energy : -0.468353 (0.000515)

kinetic : 0.815826 (0.003345)
potential : -1.284174 (0.003075)
energy : -0.468348 (0.000514)

kinetic : 0.815924 (0.003342)
potential : -1.284292 (0.003073)
energy : -0.468368 (0.000514)

kinetic : 0.815707 (0.003345)
potential : -1.284083 (0.003076)
energy : -0.468376 (0.000513)

kinetic : 0.815741 (0.003340)
potential : -1.284110 (0.003072)
energy : -0.468369 (0.000513)

kinetic : 0.815651 (0.003337)
potential : -1.284032 (0.003069)
energy : -0.468381 (0.000512)

kinetic : 0.815657 (0.003332)
potential : -1.284055 (0.003065)
energy : -0.468399 (0.000512)

kinetic : 0.815534 (0.003330)
potential : -1.283940 (0.003063)
energy : -0.468405 (0.000511)

kinetic : 0.815577 (0.003326)
potential : -1.283982 (0.003059)
energy : -0.468405 (0.000510)

kinetic : 0.815502 (0.003322)
potential : -1.283919 (0.003055)
energy : -0.468417 (0.000510)

kinetic : 0.815357 (0.003320)
potential : -1.283812 (0.003053)
energy : -0.468455 (0.000511)

kinetic : 0.815364 (0.003316)
potential : -1.283844 (0.003049)
energy : -0.468480 (0.000510)

kinetic : 0.815187 (0.003316)
potential : -1.283696 (0.003048)
energy : -0.468509 (0.000511)

kinetic : 0.815206 (0.003312)
potential : -1.283696 (0.003044)
energy : -0.468490 (0.000510)

kinetic : 0.815207 (0.003307)
potential : -1.283708 (0.003040)
energy : -0.468501 (0.000510)

kinetic : 0.815194 (0.003303)
potential : -1.283684 (0.003036)
energy : -0.468490 (0.000509)

kinetic : 0.815103 (0.003299)
potential : -1.283600 (0.003033)
energy : -0.468497 (0.000508)

kinetic : 0.815116 (0.003295)
potential : -1.283576 (0.003029)
energy : -0.468461 (0.000509)

kinetic : 0.815057 (0.003291)
potential : -1.283529 (0.003025)
energy : -0.468472 (0.000509)

kinetic : 0.815202 (0.003290)
potential : -1.283619 (0.003022)
energy : -0.468418 (0.000511)

kinetic : 0.814995 (0.003292)
potential : -1.283431 (0.003024)
energy : -0.468436 (0.000510)

kinetic : 0.815029 (0.003287)
potential : -1.283461 (0.003020)
energy : -0.468432 (0.000510)

kinetic : 0.814956 (0.003284)
potential : -1.283388 (0.003017)
energy : -0.468432 (0.000509)

kinetic : 0.815124 (0.003284)
potential : -1.283547 (0.003017)
energy : -0.468423 (0.000508)

kinetic : 0.815235 (0.003281)
potential : -1.283635 (0.003014)
energy : -0.468400 (0.000508)

kinetic : 0.815131 (0.003278)
potential : -1.283547 (0.003012)
energy : -0.468415 (0.000508)

kinetic : 0.815150 (0.003274)
potential : -1.283549 (0.003008)
energy : -0.468399 (0.000507)

kinetic : 0.815086 (0.003270)
potential : -1.283508 (0.003004)
energy : -0.468422 (0.000507)

kinetic : 0.815090 (0.003266)
potential : -1.283498 (0.003000)
energy : -0.468408 (0.000507)

kinetic : 0.815010 (0.003262)
potential : -1.283426 (0.002997)
energy : -0.468416 (0.000506)

kinetic : 0.815030 (0.003258)
potential : -1.283411 (0.002993)
energy : -0.468381 (0.000507)

kinetic : 0.815042 (0.003254)
potential : -1.283418 (0.002989)
energy : -0.468376 (0.000506)

kinetic : 0.815045 (0.003250)
potential : -1.283398 (0.002985)
energy : -0.468353 (0.000506)

kinetic : 0.815140 (0.003247)
potential : -1.283521 (0.002983)
energy : -0.468381 (0.000506)

kinetic : 0.815079 (0.003243)
potential : -1.283477 (0.002980)
energy : -0.468398 (0.000506)

kinetic : 0.814825 (0.003249)
potential : -1.283252 (0.002984)
energy : -0.468428 (0.000506)

kinetic : 0.814715 (0.003246)
potential : -1.283159 (0.002982)
energy : -0.468444 (0.000505)

kinetic : 0.814625 (0.003243)
potential : -1.283105 (0.002978)
energy : -0.468480 (0.000506)

kinetic : 0.814522 (0.003240)
potential : -1.283022 (0.002976)
energy : -0.468500 (0.000506)

kinetic : 0.814444 (0.003237)
potential : -1.282935 (0.002973)
energy : -0.468492 (0.000505)

kinetic : 0.814450 (0.003233)
potential : -1.282946 (0.002969)
energy : -0.468497 (0.000504)

kinetic : 0.814425 (0.003229)
potential : -1.282923 (0.002965)
energy : -0.468498 (0.000504)

kinetic : 0.814368 (0.003225)
potential : -1.282879 (0.002962)
energy : -0.468511 (0.000503)

kinetic : 0.814266 (0.003222)
potential : -1.282783 (0.002959)
energy : -0.468517 (0.000503)

kinetic : 0.814154 (0.003220)
potential : -1.282689 (0.002957)
energy : -0.468534 (0.000502)

kinetic : 0.814155 (0.003216)
potential : -1.282685 (0.002953)
energy : -0.468530 (0.000502)

kinetic : 0.814310 (0.003215)
potential : -1.282818 (0.002952)
energy : -0.468508 (0.000501)

kinetic : 0.814365 (0.003212)
potential : -1.282858 (0.002949)
energy : -0.468493 (0.000501)

kinetic : 0.814891 (0.003250)
potential : -1.283368 (0.002989)
energy : -0.468478 (0.000501)

kinetic : 0.815142 (0.003256)
potential : -1.283581 (0.002992)
energy : -0.468439 (0.000501)

kinetic : 0.815187 (0.003252)
potential : -1.283599 (0.002989)
energy : -0.468412 (0.000501)

kinetic : 0.815444 (0.003258)
potential : -1.283845 (0.002995)
energy : -0.468401 (0.000501)

kinetic : 0.815336 (0.003255)
potential : -1.283729 (0.002993)
energy : -0.468393 (0.000500)

kinetic : 0.815298 (0.003251)
potential : -1.283693 (0.002989)
energy : -0.468396 (0.000500)

kinetic : 0.815449 (0.003251)
potential : -1.283843 (0.002989)
energy : -0.468394 (0.000499)

kinetic : 0.815388 (0.003247)
potential : -1.283789 (0.002986)
energy : -0.468401 (0.000499)

kinetic : 0.815484 (0.003244)
potential : -1.283871 (0.002983)
energy : -0.468387 (0.000498)

kinetic : 0.815519 (0.003240)
potential : -1.283881 (0.002979)
energy : -0.468362 (0.000498)

kinetic : 0.815358 (0.003240)
potential : -1.283747 (0.002979)
energy : -0.468389 (0.000498)

kinetic : 0.815218 (0.003239)
potential : -1.283632 (0.002977)
energy : -0.468414 (0.000498)

kinetic : 0.815170 (0.003235)
potential : -1.283597 (0.002973)
energy : -0.468426 (0.000498)

kinetic : 0.815036 (0.003234)
potential : -1.283463 (0.002973)
energy : -0.468427 (0.000497)

kinetic : 0.815088 (0.003230)
potential : -1.283493 (0.002969)
energy : -0.468405 (0.000497)

kinetic : 0.814986 (0.003228)
potential : -1.283415 (0.002966)
energy : -0.468430 (0.000497)

kinetic : 0.814957 (0.003224)
potential : -1.283378 (0.002963)
energy : -0.468422 (0.000496)

kinetic : 0.814894 (0.003220)
potential : -1.283320 (0.002959)
energy : -0.468427 (0.000496)

kinetic : 0.814743 (0.003220)
potential : -1.283210 (0.002958)
energy : -0.468467 (0.000497)

kinetic : 0.814783 (0.003216)
potential : -1.283233 (0.002954)
energy : -0.468450 (0.000496)

kinetic : 0.814939 (0.003215)
potential : -1.283373 (0.002954)
energy : -0.468434 (0.000496)

kinetic : 0.814755 (0.003217)
potential : -1.283190 (0.002955)
energy : -0.468435 (0.000495)

kinetic : 0.814869 (0.003215)
potential : -1.283288 (0.002953)
energy : -0.468419 (0.000495)

kinetic : 0.814828 (0.003211)
potential : -1.283265 (0.002950)
energy : -0.468437 (0.000495)

kinetic : 0.814910 (0.003208)
potential : -1.283357 (0.002947)
energy : -0.468448 (0.000494)

kinetic : 0.814959 (0.003204)
potential : -1.283405 (0.002944)
energy : -0.468446 (0.000493)

kinetic : 0.814953 (0.003200)
potential : -1.283405 (0.002940)
energy : -0.468452 (0.000493)

kinetic : 0.814907 (0.003196)
potential : -1.283377 (0.002937)
energy : -0.468470 (0.000493)

kinetic : 0.814804 (0.003194)
potential : -1.283287 (0.002935)
energy : -0.468483 (0.000492)

kinetic : 0.814697 (0.003192)
potential : -1.283180 (0.002933)
energy : -0.468483 (0.000492)

kinetic : 0.814570 (0.003190)
potential : -1.283084 (0.002931)
energy : -0.468514 (0.000492)

kinetic : 0.814531 (0.003186)
potential : -1.283050 (0.002927)
energy : -0.468519 (0.000491)

kinetic : 0.814683 (0.003186)
potential : -1.283179 (0.002926)
energy : -0.468497 (0.000491)

kinetic : 0.814761 (0.003183)
potential : -1.283238 (0.002923)
energy : -0.468477 (0.000491)

kinetic : 0.814562 (0.003185)
potential : -1.283054 (0.002925)
energy : -0.468492 (0.000491)

kinetic : 0.814547 (0.003181)
potential : -1.283039 (0.002922)
energy : -0.468492 (0.000490)

kinetic : 0.814521 (0.003178)
potential : -1.283019 (0.002918)
energy : -0.468498 (0.000489)

kinetic : 0.814494 (0.003174)
potential : -1.282977 (0.002915)
energy : -0.468483 (0.000489)

kinetic : 0.814432 (0.003170)
potential : -1.282904 (0.002912)
energy : -0.468472 (0.000489)

kinetic : 0.814459 (0.003167)
potential : -1.282926 (0.002909)
energy : -0.468467 (0.000488)

kinetic : 0.814396 (0.003163)
potential : -1.282884 (0.002905)
energy : -0.468487 (0.000488)

kinetic : 0.814640 (0.003169)
potential : -1.283089 (0.002909)
energy : -0.468449 (0.000489)

kinetic : 0.814709 (0.003166)
potential : -1.283137 (0.002906)
energy : -0.468428 (0.000489)

kinetic : 0.814641 (0.003162)
potential : -1.283088 (0.002903)
energy : -0.468446 (0.000488)

kinetic : 0.814705 (0.003159)
potential : -1.283123 (0.002899)
energy : -0.468419 (0.000488)

kinetic : 0.814638 (0.003156)
potential : -1.283061 (0.002896)
energy : -0.468424 (0.000488)

kinetic : 0.814460 (0.003157)
potential : -1.282892 (0.002898)
energy : -0.468432 (0.000487)

kinetic : 0.814370 (0.003154)
potential : -1.282809 (0.002896)
energy : -0.468439 (0.000487)

kinetic : 0.814461 (0.003152)
potential : -1.282910 (0.002894)
energy : -0.468449 (0.000486)

kinetic : 0.814425 (0.003148)
potential : -1.282866 (0.002891)
energy : -0.468440 (0.000486)

kinetic : 0.814544 (0.003147)
potential : -1.282958 (0.002888)
energy : -0.468413 (0.000486)

kinetic : 0.814430 (0.003145)
potential : -1.282853 (0.002887)
energy : -0.468423 (0.000485)

kinetic : 0.814444 (0.003141)
potential : -1.282860 (0.002883)
energy : -0.468415 (0.000485)

kinetic : 0.814461 (0.003137)
potential : -1.282893 (0.002880)
energy : -0.468432 (0.000485)

kinetic : 0.814459 (0.003134)
potential : -1.282896 (0.002877)
energy : -0.468438 (0.000484)

kinetic : 0.814719 (0.003141)
potential : -1.283131 (0.002883)
energy : -0.468412 (0.000484)

kinetic : 0.814640 (0.003138)
potential : -1.283057 (0.002880)
energy : -0.468417 (0.000484)

kinetic : 0.814791 (0.003138)
potential : -1.283225 (0.002881)
energy : -0.468433 (0.000483)

kinetic : 0.814956 (0.003138)
potential : -1.283365 (0.002881)
energy : -0.468409 (0.000483)

kinetic : 0.815483 (0.003178)
potential : -1.283853 (0.002919)
energy : -0.468370 (0.000484)

kinetic : 0.815264 (0.003182)
potential : -1.283655 (0.002922)
energy : -0.468391 (0.000484)

kinetic : 0.815351 (0.003179)
potential : -1.283719 (0.002919)
energy : -0.468368 (0.000484)

kinetic : 0.815243 (0.003177)
potential : -1.283621 (0.002917)
energy : -0.468379 (0.000484)

kinetic : 0.815353 (0.003176)
potential : -1.283699 (0.002915)
energy : -0.468346 (0.000484)

kinetic : 0.815485 (0.003174)
potential : -1.283822 (0.002914)
energy : -0.468337 (0.000484)

kinetic : 0.815694 (0.003178)
potential : -1.283998 (0.002916)
energy : -0.468303 (0.000484)

kinetic : 0.815872 (0.003179)
potential : -1.284184 (0.002918)
energy : -0.468312 (0.000484)

kinetic : 0.816040 (0.003179)
potential : -1.284344 (0.002919)
energy : -0.468304 (0.000483)

kinetic : 0.816027 (0.003176)
potential : -1.284333 (0.002916)
energy : -0.468306 (0.000483)

kinetic : 0.815869 (0.003176)
potential : -1.284194 (0.002916)
energy : -0.468325 (0.000482)

kinetic : 0.815960 (0.003173)
potential : -1.284243 (0.002913)
energy : -0.468283 (0.000484)

kinetic : 0.815813 (0.003173)
potential : -1.284098 (0.002913)
energy : -0.468285 (0.000483)

kinetic : 0.815664 (0.003173)
potential : -1.283990 (0.002911)
energy : -0.468326 (0.000484)

kinetic : 0.815679 (0.003169)
potential : -1.284019 (0.002908)
energy : -0.468340 (0.000484)

kinetic : 0.815587 (0.003166)
potential : -1.283946 (0.002905)
energy : -0.468358 (0.000484)

kinetic : 0.815537 (0.003163)
potential : -1.283897 (0.002902)
energy : -0.468360 (0.000483)

kinetic : 0.815562 (0.003159)
potential : -1.283928 (0.002899)
energy : -0.468367 (0.000483)

kinetic : 0.815516 (0.003156)
potential : -1.283886 (0.002896)
energy : -0.468370 (0.000482)

kinetic : 0.815580 (0.003153)
potential : -1.283967 (0.002894)
energy : -0.468386 (0.000482)

kinetic : 0.815660 (0.003150)
potential : -1.284026 (0.002891)
energy : -0.468365 (0.000482)

kinetic : 0.815623 (0.003147)
potential : -1.283999 (0.002888)
energy : -0.468376 (0.000481)

kinetic : 0.815588 (0.003143)
potential : -1.283966 (0.002884)
energy : -0.468378 (0.000481)

kinetic : 0.815852 (0.003151)
potential : -1.284217 (0.002892)
energy : -0.468365 (0.000480)

kinetic : 0.815695 (0.003151)
potential : -1.284064 (0.002892)
energy : -0.468369 (0.000480)

kinetic : 0.815579 (0.003149)
potential : -1.283979 (0.002890)
energy : -0.468400 (0.000480)

kinetic : 0.815499 (0.003146)
potential : -1.283912 (0.002888)
energy : -0.468413 (0.000480)

kinetic : 0.815449 (0.003143)
potential : -1.283881 (0.002884)
energy : -0.468432 (0.000480)

kinetic : 0.815416 (0.003140)
potential : -1.283821 (0.002882)
energy : -0.468405 (0.000480)

kinetic : 0.815453 (0.003136)
potential : -1.283845 (0.002878)
energy : -0.468391 (0.000479)

kinetic : 0.815361 (0.003134)
potential : -1.283763 (0.002876)
energy : -0.468403 (0.000479)

kinetic : 0.815362 (0.003130)
potential : -1.283759 (0.002873)
energy : -0.468396 (0.000478)

kinetic : 0.815412 (0.003127)
potential : -1.283794 (0.002870)
energy : -0.468382 (0.000478)

kinetic : 0.815404 (0.003123)
potential : -1.283774 (0.002866)
energy : -0.468370 (0.000478)

kinetic : 0.815365 (0.003120)
potential : -1.283730 (0.002863)
energy : -0.468365 (0.000477)

kinetic : 0.815336 (0.003117)
potential : -1.283722 (0.002860)
energy : -0.468386 (0.000477)

kinetic : 0.815430 (0.003114)
potential : -1.283792 (0.002858)
energy : -0.468362 (0.000477)

kinetic : 0.815439 (0.003111)
potential : -1.283771 (0.002854)
energy : -0.468332 (0.000477)

kinetic : 0.815343 (0.003109)
potential : -1.283672 (0.002853)
energy : -0.468329 (0.000477)

kinetic : 0.815274 (0.003106)
potential : -1.283608 (0.002850)
energy : -0.468334 (0.000476)

kinetic : 0.815336 (0.003103)
potential : -1.283656 (0.002847)
energy : -0.468321 (0.000476)

kinetic : 0.815450 (0.003101)
potential : -1.283761 (0.002846)
energy : -0.468311 (0.000476)

kinetic : 0.815472 (0.003098)
potential : -1.283757 (0.002843)
energy : -0.468286 (0.000476)

kinetic : 0.815696 (0.003102)
potential : -1.283943 (0.002846)
energy : -0.468247 (0.000477)

kinetic : 0.815607 (0.003100)
potential : -1.283863 (0.002843)
energy : -0.468257 (0.000476)

kinetic : 0.815671 (0.003097)
potential : -1.283941 (0.002841)
energy : -0.468270 (0.000476)

kinetic : 0.815785 (0.003096)
potential : -1.284038 (0.002840)
energy : -0.468253 (0.000476)

kinetic : 0.815693 (0.003094)
potential : -1.283945 (0.002838)
energy : -0.468252 (0.000475)

kinetic : 0.815695 (0.003090)
potential : -1.283937 (0.002835)
energy : -0.468242 (0.000475)

kinetic : 0.815426 (0.003098)
potential : -1.283699 (0.002841)
energy : -0.468273 (0.000475)

kinetic : 0.815389 (0.003095)
potential : -1.283665 (0.002838)
energy : -0.468276 (0.000475)

kinetic : 0.815473 (0.003093)
potential : -1.283761 (0.002837)
energy : -0.468289 (0.000474)

kinetic : 0.815544 (0.003090)
potential : -1.283852 (0.002835)
energy : -0.468308 (0.000474)

kinetic : 0.815627 (0.003088)
potential : -1.283930 (0.002833)
energy : -0.468303 (0.000474)

kinetic : 0.815694 (0.003085)
potential : -1.284003 (0.002831)
energy : -0.468308 (0.000473)

kinetic : 0.815619 (0.003082)
potential : -1.283938 (0.002828)
energy : -0.468319 (0.000473)

kinetic : 0.815752 (0.003082)
potential : -1.284057 (0.002827)
energy : -0.468304 (0.000472)

kinetic : 0.815810 (0.003079)
potential : -1.284093 (0.002824)
energy : -0.468283 (0.000472)

kinetic : 0.815716 (0.003077)
potential : -1.284040 (0.002822)
energy : -0.468324 (0.000474)

kinetic : 0.815740 (0.003073)
potential : -1.284049 (0.002818)
energy : -0.468309 (0.000473)

kinetic : 0.815872 (0.003073)
potential : -1.284165 (0.002818)
energy : -0.468293 (0.000473)

kinetic : 0.816040 (0.003074)
potential : -1.284347 (0.002820)
energy : -0.468306 (0.000473)

kinetic : 0.816102 (0.003071)
potential : -1.284405 (0.002818)
energy : -0.468303 (0.000472)

kinetic : 0.816156 (0.003068)
potential : -1.284457 (0.002815)
energy : -0.468301 (0.000472)

kinetic : 0.816131 (0.003065)
potential : -1.284425 (0.002812)
energy : -0.468295 (0.000471)

kinetic : 0.816162 (0.003061)
potential : -1.284450 (0.002809)
energy : -0.468289 (0.000471)

kinetic : 0.816125 (0.003058)
potential : -1.284408 (0.002806)
energy : -0.468283 (0.000470)

kinetic : 0.816207 (0.003056)
potential : -1.284459 (0.002804)
energy : -0.468252 (0.000471)

kinetic : 0.816157 (0.003053)
potential : -1.284432 (0.002801)
energy : -0.468275 (0.000471)

kinetic : 0.816006 (0.003053)
potential : -1.284309 (0.002800)
energy : -0.468303 (0.000471)

kinetic : 0.816044 (0.003050)
potential : -1.284341 (0.002797)
energy : -0.468297 (0.000471)

kinetic : 0.816106 (0.003047)
potential : -1.284407 (0.002795)
energy : -0.468301 (0.000470)

kinetic : 0.816246 (0.003047)
potential : -1.284538 (0.002795)
energy : -0.468292 (0.000470)

kinetic : 0.816282 (0.003044)
potential : -1.284574 (0.002792)
energy : -0.468292 (0.000469)

kinetic : 0.816383 (0.003042)
potential : -1.284661 (0.002790)
energy : -0.468278 (0.000469)

kinetic : 0.816347 (0.003039)
potential : -1.284620 (0.002787)
energy : -0.468273 (0.000468)

kinetic : 0.816205 (0.003039)
potential : -1.284502 (0.002787)
energy : -0.468296 (0.000468)

kinetic : 0.816198 (0.003035)
potential : -1.284500 (0.002784)
energy : -0.468302 (0.000468)

kinetic : 0.816133 (0.003033)
potential : -1.284431 (0.002782)
energy : -0.468298 (0.000467)

kinetic : 0.816096 (0.003030)
potential : -1.284407 (0.002779)
energy : -0.468311 (0.000467)

kinetic : 0.816147 (0.003027)
potential : -1.284449 (0.002776)
energy : -0.468302 (0.000467)

kinetic : 0.816116 (0.003024)
potential : -1.284407 (0.002773)
energy : -0.468292 (0.000466)

kinetic : 0.816038 (0.003021)
potential : -1.284338 (0.002771)
energy : -0.468299 (0.000466)

kinetic : 0.815912 (0.003021)
potential : -1.284222 (0.002770)
energy : -0.468310 (0.000465)

kinetic : 0.816024 (0.003019)
potential : -1.284323 (0.002769)
energy : -0.468300 (0.000465)

kinetic : 0.816251 (0.003025)
potential : -1.284540 (0.002775)
energy : -0.468288 (0.000465)

kinetic : 0.816281 (0.003021)
potential : -1.284568 (0.002772)
energy : -0.468288 (0.000464)

kinetic : 0.816079 (0.003025)
potential : -1.284390 (0.002774)
energy : -0.468311 (0.000464)

kinetic : 0.815966 (0.003024)
potential : -1.284305 (0.002773)
energy : -0.468339 (0.000465)

kinetic : 0.815949 (0.003020)
potential : -1.284273 (0.002770)
energy : -0.468324 (0.000464)

kinetic : 0.815902 (0.003017)
potential : -1.284219 (0.002767)
energy : -0.468316 (0.000464)

kinetic : 0.815814 (0.003015)
potential : -1.284142 (0.002765)
energy : -0.468327 (0.000463)

kinetic : 0.816122 (0.003028)
potential : -1.284431 (0.002777)
energy : -0.468309 (0.000463)

kinetic : 0.816377 (0.003035)
potential : -1.284666 (0.002784)
energy : -0.468289 (0.000463)

kinetic : 0.816323 (0.003032)
potential : -1.284624 (0.002782)
energy : -0.468301 (0.000463)

kinetic : 0.816314 (0.003029)
potential : -1.284616 (0.002779)
energy : -0.468302 (0.000462)

kinetic : 0.816332 (0.003026)
potential : -1.284665 (0.002776)
energy : -0.468333 (0.000463)

kinetic : 0.816312 (0.003023)
potential : -1.284638 (0.002773)
energy : -0.468326 (0.000463)

kinetic : 0.816373 (0.003020)
potential : -1.284684 (0.002771)
energy : -0.468311 (0.000462)

kinetic : 0.816430 (0.003017)
potential : -1.284720 (0.002768)
energy : -0.468290 (0.000462)

kinetic : 0.816836 (0.003041)
potential : -1.285093 (0.002790)
energy : -0.468257 (0.000463)

kinetic : 0.816876 (0.003038)
potential : -1.285132 (0.002787)
energy : -0.468255 (0.000462)

kinetic : 0.816932 (0.003036)
potential : -1.285192 (0.002785)
energy : -0.468260 (0.000462)

kinetic : 0.816940 (0.003032)
potential : -1.285202 (0.002782)
energy : -0.468262 (0.000461)

kinetic : 0.816952 (0.003029)
potential : -1.285217 (0.002779)
energy : -0.468266 (0.000461)

kinetic : 0.817012 (0.003026)
potential : -1.285273 (0.002776)
energy : -0.468261 (0.000460)

kinetic : 0.816901 (0.003025)
potential : -1.285189 (0.002775)
energy : -0.468288 (0.000461)

kinetic : 0.817011 (0.003024)
potential : -1.285299 (0.002774)
energy : -0.468288 (0.000460)

kinetic : 0.816953 (0.003021)
potential : -1.285238 (0.002772)
energy : -0.468284 (0.000460)

kinetic : 0.816819 (0.003021)
potential : -1.285120 (0.002771)
energy : -0.468301 (0.000460)

kinetic : 0.816690 (0.003021)
potential : -1.284971 (0.002772)
energy : -0.468281 (0.000460)

kinetic : 0.816728 (0.003018)
potential : -1.285010 (0.002770)
energy : -0.468282 (0.000459)

kinetic : 0.816724 (0.003014)
potential : -1.284999 (0.002767)
energy : -0.468275 (0.000459)

kinetic : 0.816728 (0.003011)
potential : -1.285031 (0.002764)
energy : -0.468302 (0.000459)

kinetic : 0.816962 (0.003017)
potential : -1.285239 (0.002769)
energy : -0.468277 (0.000459)

kinetic : 0.816942 (0.003014)
potential : -1.285216 (0.002766)
energy : -0.468274 (0.000459)

kinetic : 0.816925 (0.003011)
potential : -1.285205 (0.002763)
energy : -0.468281 (0.000458)

kinetic : 0.816869 (0.003008)
potential : -1.285167 (0.002760)
energy : -0.468297 (0.000458)

kinetic : 0.816949 (0.003006)
potential : -1.285236 (0.002758)
energy : -0.468287 (0.000458)

kinetic : 0.816883 (0.003004)
potential : -1.285179 (0.002756)
energy : -0.468296 (0.000457)

kinetic : 0.816917 (0.003001)
potential : -1.285207 (0.002753)
energy : -0.468290 (0.000457)

kinetic : 0.816828 (0.002999)
potential : -1.285118 (0.002752)
energy : -0.468289 (0.000456)

kinetic : 0.816766 (0.002996)
potential : -1.285081 (0.002749)
energy : -0.468315 (0.000457)

kinetic : 0.816690 (0.002994)
potential : -1.285013 (0.002747)
energy : -0.468324 (0.000456)

kinetic : 0.816773 (0.002992)
potential : -1.285099 (0.002746)
energy : -0.468326 (0.000456)

kinetic : 0.816762 (0.002989)
potential : -1.285101 (0.002743)
energy : -0.468339 (0.000455)

kinetic : 0.816743 (0.002986)
potential : -1.285094 (0.002740)
energy : -0.468350 (0.000455)

kinetic : 0.816727 (0.002983)
potential : -1.285079 (0.002737)
energy : -0.468351 (0.000455)

kinetic : 0.816722 (0.002980)
potential : -1.285091 (0.002734)
energy : -0.468369 (0.000455)

kinetic : 0.816638 (0.002978)
potential : -1.285016 (0.002732)
energy : -0.468378 (0.000454)

kinetic : 0.816548 (0.002976)
potential : -1.284940 (0.002731)
energy : -0.468391 (0.000454)

kinetic : 0.816453 (0.002974)
potential : -1.284855 (0.002729)
energy : -0.468402 (0.000454)

kinetic : 0.816582 (0.002974)
potential : -1.284991 (0.002730)
energy : -0.468409 (0.000453)

kinetic : 0.816526 (0.002971)
potential : -1.284936 (0.002727)
energy : -0.468409 (0.000453)

kinetic : 0.816422 (0.002970)
potential : -1.284843 (0.002726)
energy : -0.468421 (0.000452)

kinetic : 0.816434 (0.002967)
potential : -1.284844 (0.002723)
energy : -0.468410 (0.000452)

kinetic : 0.816471 (0.002964)
potential : -1.284872 (0.002720)
energy : -0.468402 (0.000452)

kinetic : 0.816539 (0.002962)
potential : -1.284922 (0.002718)
energy : -0.468382 (0.000452)

kinetic : 0.816439 (0.002961)
potential : -1.284838 (0.002717)
energy : -0.468399 (0.000451)

kinetic : 0.816291 (0.002961)
potential : -1.284714 (0.002717)
energy : -0.468423 (0.000452)

kinetic : 0.816365 (0.002959)
potential : -1.284789 (0.002715)
energy : -0.468424 (0.000451)

kinetic : 0.816364 (0.002956)
potential : -1.284784 (0.002712)
energy : -0.468420 (0.000451)

kinetic : 0.816334 (0.002953)
potential : -1.284758 (0.002709)
energy : -0.468424 (0.000450)

kinetic : 0.816219 (0.002952)
potential : -1.284652 (0.002709)
energy : -0.468433 (0.000450)

kinetic : 0.816083 (0.002952)
potential : -1.284525 (0.002709)
energy : -0.468442 (0.000449)

kinetic : 0.816109 (0.002949)
potential : -1.284526 (0.002706)
energy : -0.468417 (0.000450)

kinetic : 0.816215 (0.002948)
potential : -1.284611 (0.002705)
energy : -0.468396 (0.000450)

kinetic : 0.816189 (0.002945)
potential : -1.284575 (0.002702)
energy : -0.468386 (0.000449)

kinetic : 0.816282 (0.002944)
potential : -1.284630 (0.002700)
energy : -0.468347 (0.000451)

kinetic : 0.816343 (0.002942)
potential : -1.284685 (0.002698)
energy : -0.468342 (0.000450)

kinetic : 0.816396 (0.002939)
potential : -1.284741 (0.002695)
energy : -0.468345 (0.000450)

kinetic : 0.816407 (0.002936)
potential : -1.284741 (0.002693)
energy : -0.468334 (0.000449)

kinetic : 0.816444 (0.002933)
potential : -1.284765 (0.002690)
energy : -0.468321 (0.000449)

kinetic : 0.816494 (0.002931)
potential : -1.284803 (0.002688)
energy : -0.468308 (0.000449)

kinetic : 0.816459 (0.002928)
potential : -1.284769 (0.002685)
energy : -0.468310 (0.000448)

kinetic : 0.816438 (0.002925)
potential : -1.284748 (0.002682)
energy : -0.468310 (0.000448)

kinetic : 0.816502 (0.002923)
potential : -1.284803 (0.002680)
energy : -0.468301 (0.000448)

kinetic : 0.816602 (0.002921)
potential : -1.284888 (0.002679)
energy : -0.468287 (0.000447)

kinetic : 0.816601 (0.002918)
potential : -1.284872 (0.002676)
energy : -0.468271 (0.000447)

kinetic : 0.816610 (0.002916)
potential : -1.284854 (0.002674)
energy : -0.468244 (0.000447)

kinetic : 0.816672 (0.002913)
potential : -1.284930 (0.002672)
energy : -0.468258 (0.000447)

kinetic : 0.816774 (0.002912)
potential : -1.285016 (0.002671)
energy : -0.468241 (0.000447)

kinetic : 0.816904 (0.002912)
potential : -1.285140 (0.002671)
energy : -0.468236 (0.000447)

kinetic : 0.816772 (0.002912)
potential : -1.285024 (0.002671)
energy : -0.468252 (0.000447)

kinetic : 0.816691 (0.002910)
potential : -1.284943 (0.002669)
energy : -0.468252 (0.000446)

kinetic : 0.816678 (0.002907)
potential : -1.284911 (0.002667)
energy : -0.468233 (0.000446)

kinetic : 0.816630 (0.002905)
potential : -1.284875 (0.002664)
energy : -0.468245 (0.000446)

kinetic : 0.816586 (0.002902)
potential : -1.284818 (0.002662)
energy : -0.468232 (0.000445)

kinetic : 0.816756 (0.002904)
potential : -1.284977 (0.002664)
energy : -0.468222 (0.000445)

kinetic : 0.816755 (0.002901)
potential : -1.284958 (0.002662)
energy : -0.468204 (0.000445)

kinetic : 0.816800 (0.002899)
potential : -1.285006 (0.002659)
energy : -0.468207 (0.000445)

kinetic : 0.816913 (0.002898)
potential : -1.285110 (0.002659)
energy : -0.468197 (0.000444)

kinetic : 0.817016 (0.002897)
potential : -1.285187 (0.002657)
energy : -0.468171 (0.000445)

kinetic : 0.817037 (0.002894)
potential : -1.285205 (0.002655)
energy : -0.468168 (0.000444)
         kinetic: 0.8170(29), Sigma: 1.238, T_corr: 5.5
       potential: -1.2852(27), Sigma: 1.184, T_corr: 5.0
          energy: -0.46817(44), Sigma: 0.153, T_corr: 8.4

For tau = 6.00e-01, acceptance ratio = 0.79
Time: 643.88s
