
kinetic : 0.724470 (inf)
potential : -1.251465 (inf)
energy : -0.526995 (inf)

kinetic : 0.772188 (inf)
potential : -1.254877 (inf)
energy : -0.482689 (inf)

kinetic : 0.690321 (0.081867)
potential : -1.184309 (0.070568)
energy : -0.493988 (0.011299)

kinetic : 0.660988 (0.055628)
potential : -1.157775 (0.048621)
energy : -0.496788 (0.007099)

kinetic : 0.646066 (0.042070)
potential : -1.142092 (0.037788)
energy : -0.496026 (0.005077)

kinetic : 0.653665 (0.033462)
potential : -1.148299 (0.029922)
energy : -0.494634 (0.004172)

kinetic : 0.643696 (0.029084)
potential : -1.138193 (0.026439)
energy : -0.494497 (0.003409)

kinetic : 0.642908 (0.024593)
potential : -1.136918 (0.022381)
energy : -0.494010 (0.002922)

kinetic : 0.659093 (0.026749)
potential : -1.151011 (0.023965)
energy : -0.491918 (0.003283)

kinetic : 0.654166 (0.024100)
potential : -1.146303 (0.021653)
energy : -0.492136 (0.002903)

kinetic : 0.645458 (0.023248)
potential : -1.137697 (0.021193)
energy : -0.492239 (0.002599)

kinetic : 0.659588 (0.025335)
potential : -1.152778 (0.024391)
energy : -0.493190 (0.002536)

kinetic : 0.663220 (0.023411)
potential : -1.157470 (0.022755)
energy : -0.494250 (0.002546)

kinetic : 0.660789 (0.021672)
potential : -1.155374 (0.021036)
energy : -0.494584 (0.002366)

kinetic : 0.657424 (0.020344)
potential : -1.151967 (0.019772)
energy : -0.494543 (0.002191)

kinetic : 0.662107 (0.019510)
potential : -1.156346 (0.018920)
energy : -0.494240 (0.002062)

kinetic : 0.660052 (0.018365)
potential : -1.154283 (0.017818)
energy : -0.494232 (0.001929)

kinetic : 0.657347 (0.017462)
potential : -1.152598 (0.016822)
energy : -0.495252 (0.002079)

kinetic : 0.668603 (0.019944)
potential : -1.162739 (0.018824)
energy : -0.494135 (0.002256)

kinetic : 0.668311 (0.018867)
potential : -1.162105 (0.017817)
energy : -0.493795 (0.002161)

kinetic : 0.667421 (0.017921)
potential : -1.161204 (0.016927)
energy : -0.493783 (0.002050)

kinetic : 0.665745 (0.017129)
potential : -1.160027 (0.016144)
energy : -0.494282 (0.002013)

kinetic : 0.663379 (0.016502)
potential : -1.157459 (0.015605)
energy : -0.494080 (0.001930)

kinetic : 0.662032 (0.015826)
potential : -1.156162 (0.014968)
energy : -0.494129 (0.001845)

kinetic : 0.666678 (0.015848)
potential : -1.160511 (0.014976)
energy : -0.493833 (0.001791)

kinetic : 0.664839 (0.015312)
potential : -1.158613 (0.014489)
energy : -0.493774 (0.001719)

kinetic : 0.663989 (0.014736)
potential : -1.158469 (0.013922)
energy : -0.494479 (0.001796)

kinetic : 0.661703 (0.014362)
potential : -1.156125 (0.013600)
energy : -0.494421 (0.001729)

kinetic : 0.663870 (0.014009)
potential : -1.157677 (0.013196)
energy : -0.493807 (0.001776)

kinetic : 0.661926 (0.013656)
potential : -1.155726 (0.012882)
energy : -0.493800 (0.001714)

kinetic : 0.663306 (0.013265)
potential : -1.157061 (0.012516)
energy : -0.493755 (0.001656)

kinetic : 0.663865 (0.012842)
potential : -1.157871 (0.012133)
energy : -0.494006 (0.001621)

kinetic : 0.666850 (0.012788)
potential : -1.160938 (0.012141)
energy : -0.494088 (0.001572)

kinetic : 0.668199 (0.012467)
potential : -1.162546 (0.011877)
energy : -0.494347 (0.001545)

kinetic : 0.669479 (0.012162)
potential : -1.164114 (0.011629)
energy : -0.494635 (0.001527)

kinetic : 0.669535 (0.011810)
potential : -1.164143 (0.011292)
energy : -0.494608 (0.001483)

kinetic : 0.672282 (0.011801)
potential : -1.167246 (0.011404)
energy : -0.494965 (0.001484)

kinetic : 0.673498 (0.011542)
potential : -1.168406 (0.011152)
energy : -0.494907 (0.001445)

kinetic : 0.672968 (0.011247)
potential : -1.168298 (0.010855)
energy : -0.495330 (0.001468)

kinetic : 0.669977 (0.011356)
potential : -1.165604 (0.010911)
energy : -0.495627 (0.001461)

kinetic : 0.672573 (0.011369)
potential : -1.168244 (0.010957)
energy : -0.495671 (0.001424)

kinetic : 0.670369 (0.011305)
potential : -1.166062 (0.010907)
energy : -0.495692 (0.001389)

kinetic : 0.672506 (0.011237)
potential : -1.168042 (0.010827)
energy : -0.495536 (0.001365)

kinetic : 0.673554 (0.011023)
potential : -1.169463 (0.010667)
energy : -0.495909 (0.001384)

kinetic : 0.672484 (0.010822)
potential : -1.168409 (0.010475)
energy : -0.495926 (0.001352)

kinetic : 0.672468 (0.010579)
potential : -1.168261 (0.010241)
energy : -0.495792 (0.001329)

kinetic : 0.672275 (0.010348)
potential : -1.168119 (0.010017)
energy : -0.495844 (0.001300)

kinetic : 0.670440 (0.010291)
potential : -1.166482 (0.009937)
energy : -0.496042 (0.001288)

kinetic : 0.671025 (0.010091)
potential : -1.167084 (0.009746)
energy : -0.496059 (0.001261)

kinetic : 0.670278 (0.009911)
potential : -1.166357 (0.009573)
energy : -0.496080 (0.001235)

kinetic : 0.668983 (0.009797)
potential : -1.165022 (0.009474)
energy : -0.496039 (0.001211)

kinetic : 0.668853 (0.009604)
potential : -1.164859 (0.009288)
energy : -0.496007 (0.001187)

kinetic : 0.669805 (0.009465)
potential : -1.165864 (0.009163)
energy : -0.496059 (0.001165)

kinetic : 0.669262 (0.009301)
potential : -1.165758 (0.008989)
energy : -0.496496 (0.001224)

kinetic : 0.668100 (0.009201)
potential : -1.164651 (0.008890)
energy : -0.496551 (0.001202)

kinetic : 0.669049 (0.009081)
potential : -1.165583 (0.008776)
energy : -0.496534 (0.001180)

kinetic : 0.669179 (0.008919)
potential : -1.165657 (0.008618)
energy : -0.496478 (0.001160)

kinetic : 0.669497 (0.008767)
potential : -1.165648 (0.008466)
energy : -0.496151 (0.001186)

kinetic : 0.670960 (0.008737)
potential : -1.166868 (0.008408)
energy : -0.495908 (0.001190)

kinetic : 0.671058 (0.008589)
potential : -1.166870 (0.008264)
energy : -0.495811 (0.001174)

kinetic : 0.669661 (0.008559)
potential : -1.165795 (0.008196)
energy : -0.496134 (0.001198)

kinetic : 0.669968 (0.008423)
potential : -1.166052 (0.008065)
energy : -0.496084 (0.001180)

kinetic : 0.668830 (0.008364)
potential : -1.164888 (0.008018)
energy : -0.496058 (0.001161)

kinetic : 0.670605 (0.008420)
potential : -1.166417 (0.008037)
energy : -0.495812 (0.001168)

kinetic : 0.668457 (0.008561)
potential : -1.164560 (0.008125)
energy : -0.496103 (0.001186)

kinetic : 0.667818 (0.008452)
potential : -1.164033 (0.008017)
energy : -0.496215 (0.001173)

kinetic : 0.668700 (0.008370)
potential : -1.164839 (0.007935)
energy : -0.496139 (0.001158)

kinetic : 0.669211 (0.008260)
potential : -1.165368 (0.007834)
energy : -0.496157 (0.001140)

kinetic : 0.669587 (0.008146)
potential : -1.165633 (0.007722)
energy : -0.496046 (0.001129)

kinetic : 0.669518 (0.008028)
potential : -1.165281 (0.007618)
energy : -0.495763 (0.001148)

kinetic : 0.669306 (0.007915)
potential : -1.165089 (0.007511)
energy : -0.495782 (0.001132)

kinetic : 0.668401 (0.007855)
potential : -1.164248 (0.007452)
energy : -0.495847 (0.001118)

kinetic : 0.668067 (0.007752)
potential : -1.163883 (0.007357)
energy : -0.495816 (0.001102)

kinetic : 0.668275 (0.007648)
potential : -1.164077 (0.007258)
energy : -0.495802 (0.001087)

kinetic : 0.667120 (0.007632)
potential : -1.163033 (0.007235)
energy : -0.495912 (0.001078)

kinetic : 0.667899 (0.007570)
potential : -1.163980 (0.007200)
energy : -0.496081 (0.001077)

kinetic : 0.666282 (0.007642)
potential : -1.162412 (0.007276)
energy : -0.496130 (0.001064)

kinetic : 0.666000 (0.007548)
potential : -1.162016 (0.007192)
energy : -0.496015 (0.001056)

kinetic : 0.666408 (0.007462)
potential : -1.162322 (0.007105)
energy : -0.495915 (0.001047)

kinetic : 0.665090 (0.007483)
potential : -1.161114 (0.007118)
energy : -0.496024 (0.001040)

kinetic : 0.666721 (0.007567)
potential : -1.162632 (0.007191)
energy : -0.495911 (0.001033)

kinetic : 0.667183 (0.007487)
potential : -1.162979 (0.007110)
energy : -0.495797 (0.001027)

kinetic : 0.666463 (0.007430)
potential : -1.162331 (0.007053)
energy : -0.495868 (0.001016)

kinetic : 0.668038 (0.007507)
potential : -1.163878 (0.007137)
energy : -0.495841 (0.001004)

kinetic : 0.667981 (0.007418)
potential : -1.163802 (0.007052)
energy : -0.495821 (0.000993)

kinetic : 0.667914 (0.007330)
potential : -1.163624 (0.006971)
energy : -0.495709 (0.000987)

kinetic : 0.668363 (0.007258)
potential : -1.164157 (0.006910)
energy : -0.495794 (0.000979)

kinetic : 0.668942 (0.007198)
potential : -1.164737 (0.006854)
energy : -0.495795 (0.000968)

kinetic : 0.670280 (0.007240)
potential : -1.165873 (0.006871)
energy : -0.495593 (0.000978)

kinetic : 0.670695 (0.007170)
potential : -1.166331 (0.006808)
energy : -0.495635 (0.000968)

kinetic : 0.673607 (0.007665)
potential : -1.169130 (0.007291)
energy : -0.495524 (0.000964)

kinetic : 0.672619 (0.007644)
potential : -1.168196 (0.007271)
energy : -0.495577 (0.000955)

kinetic : 0.671342 (0.007668)
potential : -1.167005 (0.007290)
energy : -0.495662 (0.000948)

kinetic : 0.672213 (0.007635)
potential : -1.168019 (0.007282)
energy : -0.495806 (0.000949)

kinetic : 0.672618 (0.007564)
potential : -1.168524 (0.007221)
energy : -0.495906 (0.000944)

kinetic : 0.671674 (0.007543)
potential : -1.167672 (0.007196)
energy : -0.495998 (0.000938)

kinetic : 0.671353 (0.007471)
potential : -1.167427 (0.007125)
energy : -0.496074 (0.000932)

kinetic : 0.673947 (0.007835)
potential : -1.169884 (0.007467)
energy : -0.495937 (0.000932)

kinetic : 0.673740 (0.007758)
potential : -1.169580 (0.007396)
energy : -0.495840 (0.000927)

kinetic : 0.674690 (0.007738)
potential : -1.170552 (0.007385)
energy : -0.495862 (0.000918)

kinetic : 0.673885 (0.007702)
potential : -1.169801 (0.007350)
energy : -0.495916 (0.000911)

kinetic : 0.673985 (0.007626)
potential : -1.169803 (0.007276)
energy : -0.495818 (0.000907)

kinetic : 0.674336 (0.007559)
potential : -1.170281 (0.007221)
energy : -0.495945 (0.000907)

kinetic : 0.673535 (0.007528)
potential : -1.169477 (0.007195)
energy : -0.495942 (0.000898)

kinetic : 0.674980 (0.007594)
potential : -1.170840 (0.007255)
energy : -0.495860 (0.000893)

kinetic : 0.674640 (0.007529)
potential : -1.170444 (0.007196)
energy : -0.495805 (0.000886)

kinetic : 0.675401 (0.007496)
potential : -1.171223 (0.007170)
energy : -0.495822 (0.000878)

kinetic : 0.677544 (0.007729)
potential : -1.173468 (0.007449)
energy : -0.495924 (0.000876)

kinetic : 0.676606 (0.007714)
potential : -1.172577 (0.007434)
energy : -0.495970 (0.000869)

kinetic : 0.676310 (0.007649)
potential : -1.172354 (0.007369)
energy : -0.496044 (0.000864)

kinetic : 0.675988 (0.007586)
potential : -1.171977 (0.007311)
energy : -0.495989 (0.000858)

kinetic : 0.675661 (0.007525)
potential : -1.171604 (0.007255)
energy : -0.495943 (0.000852)

kinetic : 0.675401 (0.007462)
potential : -1.171354 (0.007194)
energy : -0.495953 (0.000844)

kinetic : 0.675103 (0.007401)
potential : -1.171067 (0.007136)
energy : -0.495965 (0.000837)

kinetic : 0.675573 (0.007351)
potential : -1.171691 (0.007100)
energy : -0.496119 (0.000843)

kinetic : 0.674358 (0.007387)
potential : -1.170576 (0.007126)
energy : -0.496217 (0.000842)

kinetic : 0.673965 (0.007334)
potential : -1.170223 (0.007073)
energy : -0.496258 (0.000835)

kinetic : 0.673865 (0.007272)
potential : -1.170079 (0.007014)
energy : -0.496214 (0.000829)

kinetic : 0.673360 (0.007227)
potential : -1.169700 (0.006965)
energy : -0.496340 (0.000832)

kinetic : 0.672566 (0.007210)
potential : -1.168954 (0.006946)
energy : -0.496388 (0.000826)

kinetic : 0.671448 (0.007237)
potential : -1.167906 (0.006967)
energy : -0.496459 (0.000822)

kinetic : 0.670886 (0.007199)
potential : -1.167333 (0.006933)
energy : -0.496446 (0.000816)

kinetic : 0.671018 (0.007141)
potential : -1.167497 (0.006878)
energy : -0.496479 (0.000810)

kinetic : 0.670949 (0.007083)
potential : -1.167465 (0.006822)
energy : -0.496515 (0.000804)

kinetic : 0.670585 (0.007035)
potential : -1.167134 (0.006775)
energy : -0.496549 (0.000798)

kinetic : 0.669638 (0.007042)
potential : -1.166379 (0.006763)
energy : -0.496741 (0.000815)

kinetic : 0.669251 (0.006997)
potential : -1.166059 (0.006716)
energy : -0.496807 (0.000811)

kinetic : 0.670033 (0.006985)
potential : -1.166757 (0.006700)
energy : -0.496724 (0.000809)

kinetic : 0.670478 (0.006945)
potential : -1.167138 (0.006658)
energy : -0.496660 (0.000805)

kinetic : 0.669352 (0.006982)
potential : -1.166115 (0.006685)
energy : -0.496763 (0.000805)

kinetic : 0.669010 (0.006937)
potential : -1.165743 (0.006644)
energy : -0.496733 (0.000800)

kinetic : 0.670236 (0.006992)
potential : -1.166853 (0.006686)
energy : -0.496617 (0.000802)

kinetic : 0.669978 (0.006943)
potential : -1.166661 (0.006638)
energy : -0.496683 (0.000799)

kinetic : 0.670015 (0.006891)
potential : -1.166648 (0.006587)
energy : -0.496633 (0.000794)

kinetic : 0.669377 (0.006869)
potential : -1.165987 (0.006571)
energy : -0.496610 (0.000789)

kinetic : 0.669711 (0.006826)
potential : -1.166154 (0.006525)
energy : -0.496443 (0.000800)

kinetic : 0.668767 (0.006841)
potential : -1.165232 (0.006542)
energy : -0.496465 (0.000795)

kinetic : 0.669100 (0.006799)
potential : -1.165429 (0.006497)
energy : -0.496329 (0.000801)

kinetic : 0.669181 (0.006750)
potential : -1.165527 (0.006450)
energy : -0.496347 (0.000795)

kinetic : 0.669627 (0.006717)
potential : -1.165932 (0.006417)
energy : -0.496306 (0.000790)

kinetic : 0.670080 (0.006684)
potential : -1.166321 (0.006382)
energy : -0.496241 (0.000787)

kinetic : 0.669946 (0.006638)
potential : -1.166113 (0.006340)
energy : -0.496167 (0.000785)

kinetic : 0.669563 (0.006602)
potential : -1.165789 (0.006304)
energy : -0.496227 (0.000782)

kinetic : 0.669443 (0.006557)
potential : -1.165625 (0.006262)
energy : -0.496183 (0.000778)

kinetic : 0.669410 (0.006511)
potential : -1.165631 (0.006218)
energy : -0.496221 (0.000773)

kinetic : 0.668995 (0.006479)
potential : -1.165181 (0.006192)
energy : -0.496186 (0.000769)

kinetic : 0.668136 (0.006492)
potential : -1.164348 (0.006205)
energy : -0.496212 (0.000764)

kinetic : 0.667682 (0.006463)
potential : -1.163894 (0.006179)
energy : -0.496213 (0.000759)

kinetic : 0.667856 (0.006422)
potential : -1.164112 (0.006141)
energy : -0.496256 (0.000755)

kinetic : 0.667569 (0.006385)
potential : -1.163884 (0.006104)
energy : -0.496316 (0.000752)

kinetic : 0.668403 (0.006397)
potential : -1.164676 (0.006115)
energy : -0.496273 (0.000748)

kinetic : 0.668910 (0.006375)
potential : -1.165145 (0.006092)
energy : -0.496235 (0.000744)

kinetic : 0.669045 (0.006334)
potential : -1.165212 (0.006052)
energy : -0.496167 (0.000742)

kinetic : 0.668887 (0.006295)
potential : -1.165076 (0.006014)
energy : -0.496189 (0.000738)

kinetic : 0.668073 (0.006306)
potential : -1.164320 (0.006023)
energy : -0.496247 (0.000735)

kinetic : 0.667628 (0.006281)
potential : -1.163835 (0.006003)
energy : -0.496208 (0.000731)

kinetic : 0.669141 (0.006422)
potential : -1.165379 (0.006161)
energy : -0.496239 (0.000727)

kinetic : 0.668750 (0.006393)
potential : -1.164937 (0.006138)
energy : -0.496187 (0.000725)

kinetic : 0.668796 (0.006352)
potential : -1.164945 (0.006099)
energy : -0.496149 (0.000721)

kinetic : 0.668712 (0.006313)
potential : -1.164825 (0.006062)
energy : -0.496114 (0.000717)

kinetic : 0.669096 (0.006285)
potential : -1.165155 (0.006033)
energy : -0.496059 (0.000715)

kinetic : 0.669238 (0.006247)
potential : -1.165183 (0.005995)
energy : -0.495945 (0.000720)

kinetic : 0.669658 (0.006223)
potential : -1.165487 (0.005966)
energy : -0.495829 (0.000725)

kinetic : 0.669920 (0.006190)
potential : -1.165736 (0.005934)
energy : -0.495816 (0.000720)

kinetic : 0.669620 (0.006160)
potential : -1.165532 (0.005902)
energy : -0.495912 (0.000722)

kinetic : 0.670617 (0.006203)
potential : -1.166518 (0.005948)
energy : -0.495901 (0.000718)

kinetic : 0.670881 (0.006171)
potential : -1.166670 (0.005914)
energy : -0.495788 (0.000722)

kinetic : 0.670990 (0.006135)
potential : -1.166840 (0.005881)
energy : -0.495850 (0.000721)

kinetic : 0.670850 (0.006100)
potential : -1.166728 (0.005847)
energy : -0.495878 (0.000717)

kinetic : 0.670369 (0.006083)
potential : -1.166282 (0.005829)
energy : -0.495913 (0.000713)

kinetic : 0.670699 (0.006056)
potential : -1.166542 (0.005801)
energy : -0.495843 (0.000713)

kinetic : 0.670036 (0.006057)
potential : -1.165860 (0.005807)
energy : -0.495824 (0.000709)

kinetic : 0.670641 (0.006052)
potential : -1.166380 (0.005796)
energy : -0.495738 (0.000710)

kinetic : 0.671390 (0.006063)
potential : -1.167044 (0.005801)
energy : -0.495653 (0.000711)

kinetic : 0.672483 (0.006126)
potential : -1.168186 (0.005879)
energy : -0.495703 (0.000709)

kinetic : 0.672907 (0.006106)
potential : -1.168561 (0.005858)
energy : -0.495654 (0.000706)

kinetic : 0.673048 (0.006073)
potential : -1.168589 (0.005824)
energy : -0.495541 (0.000711)

kinetic : 0.672692 (0.006049)
potential : -1.168234 (0.005802)
energy : -0.495542 (0.000707)

kinetic : 0.673007 (0.006023)
potential : -1.168582 (0.005780)
energy : -0.495575 (0.000704)

kinetic : 0.672828 (0.005992)
potential : -1.168336 (0.005753)
energy : -0.495507 (0.000703)

kinetic : 0.672821 (0.005959)
potential : -1.168388 (0.005721)
energy : -0.495567 (0.000702)

kinetic : 0.672769 (0.005926)
potential : -1.168367 (0.005689)
energy : -0.495597 (0.000699)

kinetic : 0.672991 (0.005897)
potential : -1.168604 (0.005663)
energy : -0.495614 (0.000695)

kinetic : 0.672835 (0.005867)
potential : -1.168449 (0.005634)
energy : -0.495614 (0.000691)

kinetic : 0.673080 (0.005840)
potential : -1.168658 (0.005607)
energy : -0.495577 (0.000688)

kinetic : 0.673643 (0.005836)
potential : -1.169155 (0.005599)
energy : -0.495512 (0.000688)

kinetic : 0.673343 (0.005812)
potential : -1.168869 (0.005576)
energy : -0.495526 (0.000684)

kinetic : 0.673313 (0.005781)
potential : -1.168785 (0.005547)
energy : -0.495472 (0.000683)

kinetic : 0.673529 (0.005754)
potential : -1.168975 (0.005521)
energy : -0.495446 (0.000680)

kinetic : 0.674100 (0.005752)
potential : -1.169506 (0.005517)
energy : -0.495406 (0.000677)

kinetic : 0.675108 (0.005810)
potential : -1.170516 (0.005580)
energy : -0.495408 (0.000674)

kinetic : 0.675311 (0.005783)
potential : -1.170670 (0.005553)
energy : -0.495359 (0.000672)

kinetic : 0.675361 (0.005753)
potential : -1.170744 (0.005525)
energy : -0.495383 (0.000669)

kinetic : 0.674560 (0.005779)
potential : -1.169956 (0.005552)
energy : -0.495396 (0.000665)

kinetic : 0.674777 (0.005753)
potential : -1.170165 (0.005527)
energy : -0.495388 (0.000662)

kinetic : 0.674987 (0.005727)
potential : -1.170371 (0.005503)
energy : -0.495384 (0.000659)

kinetic : 0.675619 (0.005733)
potential : -1.170970 (0.005507)
energy : -0.495351 (0.000656)

kinetic : 0.676216 (0.005735)
potential : -1.171484 (0.005503)
energy : -0.495267 (0.000658)

kinetic : 0.675897 (0.005715)
potential : -1.171190 (0.005483)
energy : -0.495293 (0.000655)

kinetic : 0.676155 (0.005692)
potential : -1.171418 (0.005460)
energy : -0.495263 (0.000653)

kinetic : 0.675798 (0.005675)
potential : -1.171137 (0.005440)
energy : -0.495339 (0.000654)

kinetic : 0.675475 (0.005656)
potential : -1.170859 (0.005420)
energy : -0.495384 (0.000652)

kinetic : 0.675427 (0.005628)
potential : -1.170737 (0.005395)
energy : -0.495310 (0.000653)

kinetic : 0.674776 (0.005638)
potential : -1.170125 (0.005403)
energy : -0.495348 (0.000651)

kinetic : 0.674949 (0.005613)
potential : -1.170285 (0.005379)
energy : -0.495335 (0.000648)

kinetic : 0.675109 (0.005588)
potential : -1.170366 (0.005353)
energy : -0.495257 (0.000650)

kinetic : 0.674983 (0.005562)
potential : -1.170182 (0.005330)
energy : -0.495200 (0.000649)

kinetic : 0.674874 (0.005536)
potential : -1.170075 (0.005306)
energy : -0.495201 (0.000646)

kinetic : 0.675404 (0.005535)
potential : -1.170534 (0.005300)
energy : -0.495130 (0.000647)

kinetic : 0.675597 (0.005511)
potential : -1.170674 (0.005276)
energy : -0.495077 (0.000646)

kinetic : 0.675318 (0.005492)
potential : -1.170480 (0.005255)
energy : -0.495162 (0.000648)

kinetic : 0.674843 (0.005487)
potential : -1.170034 (0.005249)
energy : -0.495191 (0.000646)

kinetic : 0.674583 (0.005467)
potential : -1.169802 (0.005229)
energy : -0.495219 (0.000643)

kinetic : 0.674808 (0.005446)
potential : -1.169980 (0.005207)
energy : -0.495172 (0.000642)

kinetic : 0.674790 (0.005420)
potential : -1.169890 (0.005184)
energy : -0.495100 (0.000643)

kinetic : 0.674908 (0.005396)
potential : -1.169996 (0.005161)
energy : -0.495089 (0.000640)

kinetic : 0.674488 (0.005388)
potential : -1.169659 (0.005148)
energy : -0.495171 (0.000643)

kinetic : 0.674562 (0.005363)
potential : -1.169834 (0.005127)
energy : -0.495272 (0.000648)

kinetic : 0.675103 (0.005366)
potential : -1.170326 (0.005127)
energy : -0.495223 (0.000646)

kinetic : 0.674522 (0.005373)
potential : -1.169764 (0.005134)
energy : -0.495243 (0.000644)

kinetic : 0.674729 (0.005353)
potential : -1.169913 (0.005113)
energy : -0.495184 (0.000644)

kinetic : 0.674984 (0.005334)
potential : -1.170153 (0.005096)
energy : -0.495169 (0.000641)

kinetic : 0.675283 (0.005319)
potential : -1.170365 (0.005077)
energy : -0.495082 (0.000644)

kinetic : 0.674858 (0.005312)
potential : -1.169947 (0.005071)
energy : -0.495090 (0.000641)

kinetic : 0.675364 (0.005312)
potential : -1.170426 (0.005071)
energy : -0.495062 (0.000639)

kinetic : 0.675040 (0.005298)
potential : -1.170163 (0.005056)
energy : -0.495123 (0.000639)

kinetic : 0.674979 (0.005275)
potential : -1.170157 (0.005033)
energy : -0.495178 (0.000638)

kinetic : 0.675332 (0.005264)
potential : -1.170471 (0.005021)
energy : -0.495139 (0.000637)

kinetic : 0.675169 (0.005243)
potential : -1.170253 (0.005004)
energy : -0.495084 (0.000636)

kinetic : 0.675168 (0.005220)
potential : -1.170252 (0.004982)
energy : -0.495084 (0.000633)

kinetic : 0.674950 (0.005202)
potential : -1.170039 (0.004965)
energy : -0.495089 (0.000631)

kinetic : 0.675106 (0.005182)
potential : -1.170138 (0.004944)
energy : -0.495031 (0.000631)

kinetic : 0.675033 (0.005160)
potential : -1.170109 (0.004923)
energy : -0.495076 (0.000629)

kinetic : 0.674970 (0.005138)
potential : -1.170110 (0.004902)
energy : -0.495139 (0.000630)

kinetic : 0.675040 (0.005117)
potential : -1.170204 (0.004881)
energy : -0.495164 (0.000628)

kinetic : 0.674913 (0.005097)
potential : -1.170100 (0.004862)
energy : -0.495187 (0.000626)

kinetic : 0.674975 (0.005075)
potential : -1.170137 (0.004841)
energy : -0.495163 (0.000623)

kinetic : 0.674950 (0.005054)
potential : -1.170016 (0.004822)
energy : -0.495066 (0.000628)

kinetic : 0.675151 (0.005037)
potential : -1.170192 (0.004805)
energy : -0.495042 (0.000626)

kinetic : 0.675024 (0.005017)
potential : -1.170036 (0.004788)
energy : -0.495013 (0.000624)

kinetic : 0.674765 (0.005003)
potential : -1.169773 (0.004775)
energy : -0.495008 (0.000621)

kinetic : 0.674652 (0.004983)
potential : -1.169639 (0.004757)
energy : -0.494987 (0.000619)

kinetic : 0.675042 (0.004978)
potential : -1.169952 (0.004748)
energy : -0.494910 (0.000621)

kinetic : 0.674805 (0.004963)
potential : -1.169738 (0.004733)
energy : -0.494934 (0.000619)

kinetic : 0.674816 (0.004943)
potential : -1.169717 (0.004714)
energy : -0.494901 (0.000618)

kinetic : 0.674834 (0.004923)
potential : -1.169729 (0.004694)
energy : -0.494895 (0.000615)

kinetic : 0.674540 (0.004911)
potential : -1.169494 (0.004681)
energy : -0.494954 (0.000616)

kinetic : 0.674317 (0.004897)
potential : -1.169253 (0.004668)
energy : -0.494936 (0.000613)

kinetic : 0.674550 (0.004882)
potential : -1.169443 (0.004653)
energy : -0.494893 (0.000612)

kinetic : 0.674891 (0.004875)
potential : -1.169733 (0.004644)
energy : -0.494842 (0.000612)

kinetic : 0.674992 (0.004856)
potential : -1.169795 (0.004625)
energy : -0.494803 (0.000611)

kinetic : 0.675110 (0.004838)
potential : -1.169896 (0.004608)
energy : -0.494786 (0.000609)

kinetic : 0.675415 (0.004829)
potential : -1.170140 (0.004596)
energy : -0.494725 (0.000609)

kinetic : 0.675172 (0.004816)
potential : -1.169917 (0.004583)
energy : -0.494745 (0.000607)

kinetic : 0.675731 (0.004829)
potential : -1.170455 (0.004597)
energy : -0.494724 (0.000605)

kinetic : 0.675821 (0.004811)
potential : -1.170538 (0.004580)
energy : -0.494717 (0.000603)

kinetic : 0.675893 (0.004793)
potential : -1.170580 (0.004562)
energy : -0.494687 (0.000601)

kinetic : 0.675715 (0.004777)
potential : -1.170464 (0.004546)
energy : -0.494749 (0.000602)

kinetic : 0.675611 (0.004760)
potential : -1.170367 (0.004529)
energy : -0.494756 (0.000600)

kinetic : 0.675546 (0.004742)
potential : -1.170333 (0.004512)
energy : -0.494787 (0.000598)

kinetic : 0.675514 (0.004724)
potential : -1.170306 (0.004494)
energy : -0.494792 (0.000596)

kinetic : 0.675114 (0.004722)
potential : -1.169914 (0.004494)
energy : -0.494800 (0.000594)

kinetic : 0.675244 (0.004706)
potential : -1.170042 (0.004479)
energy : -0.494798 (0.000592)

kinetic : 0.675365 (0.004690)
potential : -1.170149 (0.004463)
energy : -0.494784 (0.000589)

kinetic : 0.675180 (0.004676)
potential : -1.169988 (0.004449)
energy : -0.494808 (0.000588)

kinetic : 0.675019 (0.004661)
potential : -1.169841 (0.004435)
energy : -0.494822 (0.000586)

kinetic : 0.675004 (0.004643)
potential : -1.169814 (0.004418)
energy : -0.494810 (0.000584)

kinetic : 0.674879 (0.004628)
potential : -1.169653 (0.004404)
energy : -0.494774 (0.000582)

kinetic : 0.674953 (0.004611)
potential : -1.169666 (0.004388)
energy : -0.494714 (0.000583)

kinetic : 0.675512 (0.004628)
potential : -1.170211 (0.004405)
energy : -0.494699 (0.000581)

kinetic : 0.675025 (0.004636)
potential : -1.169813 (0.004407)
energy : -0.494789 (0.000586)

kinetic : 0.675292 (0.004627)
potential : -1.170120 (0.004401)
energy : -0.494828 (0.000585)

kinetic : 0.675472 (0.004613)
potential : -1.170345 (0.004391)
energy : -0.494873 (0.000585)

kinetic : 0.675327 (0.004599)
potential : -1.170209 (0.004377)
energy : -0.494882 (0.000583)

kinetic : 0.675409 (0.004582)
potential : -1.170214 (0.004361)
energy : -0.494805 (0.000586)

kinetic : 0.675540 (0.004568)
potential : -1.170277 (0.004345)
energy : -0.494737 (0.000588)

kinetic : 0.675338 (0.004556)
potential : -1.170107 (0.004333)
energy : -0.494769 (0.000586)

kinetic : 0.675442 (0.004540)
potential : -1.170238 (0.004319)
energy : -0.494796 (0.000585)

kinetic : 0.674999 (0.004546)
potential : -1.169802 (0.004326)
energy : -0.494803 (0.000583)

kinetic : 0.674885 (0.004531)
potential : -1.169706 (0.004311)
energy : -0.494822 (0.000581)

kinetic : 0.675478 (0.004553)
potential : -1.170229 (0.004328)
energy : -0.494751 (0.000583)

kinetic : 0.675399 (0.004538)
potential : -1.170191 (0.004312)
energy : -0.494793 (0.000583)

kinetic : 0.675149 (0.004529)
potential : -1.169935 (0.004305)
energy : -0.494786 (0.000581)

kinetic : 0.675147 (0.004513)
potential : -1.170017 (0.004290)
energy : -0.494870 (0.000585)

kinetic : 0.675031 (0.004498)
potential : -1.169917 (0.004276)
energy : -0.494886 (0.000583)

kinetic : 0.674778 (0.004489)
potential : -1.169654 (0.004269)
energy : -0.494876 (0.000581)

kinetic : 0.674658 (0.004475)
potential : -1.169509 (0.004257)
energy : -0.494851 (0.000579)

kinetic : 0.675354 (0.004514)
potential : -1.170186 (0.004295)
energy : -0.494832 (0.000578)

kinetic : 0.675245 (0.004499)
potential : -1.170070 (0.004282)
energy : -0.494825 (0.000576)

kinetic : 0.675110 (0.004486)
potential : -1.169882 (0.004271)
energy : -0.494772 (0.000576)

kinetic : 0.675226 (0.004472)
potential : -1.170024 (0.004259)
energy : -0.494798 (0.000575)

kinetic : 0.675110 (0.004458)
potential : -1.169923 (0.004246)
energy : -0.494813 (0.000573)

kinetic : 0.675675 (0.004478)
potential : -1.170457 (0.004265)
energy : -0.494782 (0.000572)

kinetic : 0.675473 (0.004468)
potential : -1.170238 (0.004256)
energy : -0.494764 (0.000570)

kinetic : 0.675489 (0.004452)
potential : -1.170226 (0.004241)
energy : -0.494737 (0.000569)

kinetic : 0.675793 (0.004448)
potential : -1.170445 (0.004232)
energy : -0.494651 (0.000574)

kinetic : 0.675488 (0.004443)
potential : -1.170201 (0.004225)
energy : -0.494713 (0.000575)

kinetic : 0.675329 (0.004431)
potential : -1.170043 (0.004214)
energy : -0.494715 (0.000573)

kinetic : 0.675307 (0.004416)
potential : -1.170039 (0.004200)
energy : -0.494732 (0.000571)

kinetic : 0.676203 (0.004492)
potential : -1.170905 (0.004274)
energy : -0.494702 (0.000570)

kinetic : 0.676618 (0.004496)
potential : -1.171234 (0.004273)
energy : -0.494616 (0.000575)

kinetic : 0.676939 (0.004492)
potential : -1.171501 (0.004267)
energy : -0.494562 (0.000575)

kinetic : 0.676886 (0.004478)
potential : -1.171457 (0.004253)
energy : -0.494572 (0.000574)

kinetic : 0.676809 (0.004464)
potential : -1.171366 (0.004240)
energy : -0.494557 (0.000572)

kinetic : 0.676814 (0.004449)
potential : -1.171391 (0.004226)
energy : -0.494577 (0.000570)

kinetic : 0.677363 (0.004468)
potential : -1.171903 (0.004243)
energy : -0.494540 (0.000570)

kinetic : 0.677357 (0.004454)
potential : -1.171883 (0.004229)
energy : -0.494526 (0.000568)

kinetic : 0.677283 (0.004440)
potential : -1.171794 (0.004216)
energy : -0.494511 (0.000566)

kinetic : 0.677409 (0.004427)
potential : -1.171917 (0.004204)
energy : -0.494508 (0.000564)

kinetic : 0.677755 (0.004426)
potential : -1.172212 (0.004201)
energy : -0.494457 (0.000565)

kinetic : 0.677973 (0.004417)
potential : -1.172473 (0.004196)
energy : -0.494500 (0.000565)

kinetic : 0.678012 (0.004403)
potential : -1.172474 (0.004182)
energy : -0.494461 (0.000564)

kinetic : 0.678110 (0.004390)
potential : -1.172609 (0.004171)
energy : -0.494499 (0.000564)

kinetic : 0.678272 (0.004379)
potential : -1.172724 (0.004159)
energy : -0.494452 (0.000564)

kinetic : 0.678059 (0.004370)
potential : -1.172510 (0.004151)
energy : -0.494451 (0.000562)

kinetic : 0.678230 (0.004360)
potential : -1.172673 (0.004141)
energy : -0.494443 (0.000560)

kinetic : 0.677916 (0.004357)
potential : -1.172366 (0.004140)
energy : -0.494450 (0.000558)

kinetic : 0.677988 (0.004344)
potential : -1.172472 (0.004128)
energy : -0.494484 (0.000558)

kinetic : 0.678016 (0.004331)
potential : -1.172550 (0.004116)
energy : -0.494534 (0.000558)

kinetic : 0.678171 (0.004320)
potential : -1.172674 (0.004105)
energy : -0.494503 (0.000557)

kinetic : 0.678103 (0.004307)
potential : -1.172628 (0.004092)
energy : -0.494525 (0.000556)

kinetic : 0.677714 (0.004311)
potential : -1.172285 (0.004094)
energy : -0.494571 (0.000556)

kinetic : 0.677560 (0.004300)
potential : -1.172146 (0.004083)
energy : -0.494586 (0.000555)

kinetic : 0.677352 (0.004292)
potential : -1.171959 (0.004075)
energy : -0.494607 (0.000553)

kinetic : 0.677146 (0.004284)
potential : -1.171835 (0.004064)
energy : -0.494689 (0.000558)

kinetic : 0.677424 (0.004280)
potential : -1.172092 (0.004060)
energy : -0.494668 (0.000556)

kinetic : 0.677315 (0.004268)
potential : -1.171948 (0.004050)
energy : -0.494633 (0.000556)

kinetic : 0.677087 (0.004261)
potential : -1.171763 (0.004042)
energy : -0.494676 (0.000556)

kinetic : 0.677309 (0.004254)
potential : -1.171954 (0.004034)
energy : -0.494645 (0.000555)

kinetic : 0.677782 (0.004267)
potential : -1.172387 (0.004045)
energy : -0.494605 (0.000555)

kinetic : 0.677628 (0.004257)
potential : -1.172218 (0.004036)
energy : -0.494591 (0.000553)

kinetic : 0.677578 (0.004244)
potential : -1.172153 (0.004025)
energy : -0.494576 (0.000552)

kinetic : 0.677591 (0.004231)
potential : -1.172199 (0.004013)
energy : -0.494609 (0.000551)

kinetic : 0.677631 (0.004219)
potential : -1.172231 (0.004001)
energy : -0.494600 (0.000549)

kinetic : 0.677610 (0.004206)
potential : -1.172224 (0.003989)
energy : -0.494614 (0.000548)

kinetic : 0.677740 (0.004196)
potential : -1.172364 (0.003979)
energy : -0.494624 (0.000546)

kinetic : 0.678005 (0.004192)
potential : -1.172619 (0.003976)
energy : -0.494613 (0.000545)

kinetic : 0.678330 (0.004192)
potential : -1.172886 (0.003973)
energy : -0.494556 (0.000546)

kinetic : 0.678615 (0.004189)
potential : -1.173160 (0.003970)
energy : -0.494545 (0.000545)

kinetic : 0.679063 (0.004201)
potential : -1.173534 (0.003976)
energy : -0.494471 (0.000548)

kinetic : 0.678834 (0.004195)
potential : -1.173311 (0.003971)
energy : -0.494477 (0.000547)

kinetic : 0.678419 (0.004203)
potential : -1.172910 (0.003979)
energy : -0.494491 (0.000545)

kinetic : 0.678401 (0.004190)
potential : -1.172858 (0.003968)
energy : -0.494457 (0.000545)

kinetic : 0.678611 (0.004183)
potential : -1.173063 (0.003962)
energy : -0.494452 (0.000543)

kinetic : 0.678683 (0.004172)
potential : -1.173179 (0.003952)
energy : -0.494497 (0.000543)

kinetic : 0.678816 (0.004162)
potential : -1.173286 (0.003942)
energy : -0.494470 (0.000542)

kinetic : 0.678567 (0.004157)
potential : -1.173076 (0.003936)
energy : -0.494510 (0.000542)

kinetic : 0.678280 (0.004155)
potential : -1.172797 (0.003935)
energy : -0.494518 (0.000541)

kinetic : 0.678430 (0.004146)
potential : -1.172926 (0.003925)
energy : -0.494496 (0.000540)

kinetic : 0.679275 (0.004220)
potential : -1.173769 (0.004004)
energy : -0.494494 (0.000538)

kinetic : 0.679133 (0.004210)
potential : -1.173616 (0.003995)
energy : -0.494483 (0.000537)

kinetic : 0.679372 (0.004205)
potential : -1.173785 (0.003988)
energy : -0.494413 (0.000540)

kinetic : 0.679222 (0.004196)
potential : -1.173659 (0.003978)
energy : -0.494437 (0.000539)

kinetic : 0.679367 (0.004186)
potential : -1.173774 (0.003969)
energy : -0.494407 (0.000538)

kinetic : 0.679196 (0.004178)
potential : -1.173651 (0.003959)
energy : -0.494455 (0.000539)

kinetic : 0.679370 (0.004170)
potential : -1.173840 (0.003953)
energy : -0.494471 (0.000537)

kinetic : 0.679399 (0.004158)
potential : -1.173887 (0.003942)
energy : -0.494488 (0.000536)

kinetic : 0.679319 (0.004147)
potential : -1.173841 (0.003931)
energy : -0.494522 (0.000536)

kinetic : 0.679614 (0.004146)
potential : -1.174122 (0.003930)
energy : -0.494507 (0.000534)

kinetic : 0.680102 (0.004163)
potential : -1.174564 (0.003944)
energy : -0.494462 (0.000535)

kinetic : 0.680112 (0.004151)
potential : -1.174595 (0.003933)
energy : -0.494483 (0.000534)

kinetic : 0.680089 (0.004140)
potential : -1.174579 (0.003922)
energy : -0.494490 (0.000532)

kinetic : 0.680124 (0.004129)
potential : -1.174629 (0.003912)
energy : -0.494505 (0.000531)

kinetic : 0.680184 (0.004118)
potential : -1.174688 (0.003901)
energy : -0.494504 (0.000530)

kinetic : 0.680082 (0.004108)
potential : -1.174605 (0.003892)
energy : -0.494523 (0.000528)

kinetic : 0.679855 (0.004103)
potential : -1.174405 (0.003886)
energy : -0.494550 (0.000528)

kinetic : 0.679794 (0.004092)
potential : -1.174345 (0.003876)
energy : -0.494550 (0.000526)

kinetic : 0.680483 (0.004138)
potential : -1.175062 (0.003931)
energy : -0.494579 (0.000526)

kinetic : 0.680249 (0.004134)
potential : -1.174857 (0.003926)
energy : -0.494609 (0.000525)

kinetic : 0.680391 (0.004125)
potential : -1.174979 (0.003917)
energy : -0.494588 (0.000524)

kinetic : 0.680206 (0.004118)
potential : -1.174793 (0.003911)
energy : -0.494588 (0.000523)

kinetic : 0.680236 (0.004107)
potential : -1.174820 (0.003900)
energy : -0.494585 (0.000521)

kinetic : 0.680031 (0.004101)
potential : -1.174645 (0.003894)
energy : -0.494614 (0.000521)

kinetic : 0.680202 (0.004094)
potential : -1.174799 (0.003886)
energy : -0.494597 (0.000520)

kinetic : 0.679935 (0.004091)
potential : -1.174584 (0.003882)
energy : -0.494649 (0.000521)

kinetic : 0.679614 (0.004093)
potential : -1.174280 (0.003883)
energy : -0.494666 (0.000520)

kinetic : 0.679810 (0.004087)
potential : -1.174446 (0.003877)
energy : -0.494636 (0.000519)

kinetic : 0.679591 (0.004082)
potential : -1.174218 (0.003873)
energy : -0.494627 (0.000518)

kinetic : 0.679355 (0.004078)
potential : -1.174025 (0.003868)
energy : -0.494670 (0.000518)

kinetic : 0.679452 (0.004068)
potential : -1.174138 (0.003859)
energy : -0.494686 (0.000517)

kinetic : 0.679303 (0.004060)
potential : -1.173988 (0.003852)
energy : -0.494685 (0.000516)

kinetic : 0.679267 (0.004050)
potential : -1.173967 (0.003842)
energy : -0.494700 (0.000515)

kinetic : 0.679356 (0.004040)
potential : -1.174025 (0.003832)
energy : -0.494669 (0.000514)

kinetic : 0.679561 (0.004035)
potential : -1.174191 (0.003826)
energy : -0.494630 (0.000514)

kinetic : 0.679689 (0.004026)
potential : -1.174340 (0.003819)
energy : -0.494651 (0.000514)

kinetic : 0.679750 (0.004016)
potential : -1.174362 (0.003809)
energy : -0.494612 (0.000514)

kinetic : 0.679260 (0.004036)
potential : -1.173923 (0.003824)
energy : -0.494663 (0.000515)

kinetic : 0.679130 (0.004028)
potential : -1.173796 (0.003816)
energy : -0.494666 (0.000514)

kinetic : 0.679040 (0.004018)
potential : -1.173702 (0.003808)
energy : -0.494662 (0.000512)

kinetic : 0.679217 (0.004012)
potential : -1.173915 (0.003804)
energy : -0.494699 (0.000512)

kinetic : 0.678904 (0.004014)
potential : -1.173660 (0.003803)
energy : -0.494756 (0.000514)

kinetic : 0.678951 (0.004004)
potential : -1.173672 (0.003793)
energy : -0.494722 (0.000514)

kinetic : 0.679266 (0.004006)
potential : -1.173976 (0.003796)
energy : -0.494710 (0.000513)

kinetic : 0.679259 (0.003996)
potential : -1.173978 (0.003786)
energy : -0.494719 (0.000512)

kinetic : 0.679004 (0.003994)
potential : -1.173758 (0.003783)
energy : -0.494754 (0.000512)

kinetic : 0.678807 (0.003988)
potential : -1.173586 (0.003777)
energy : -0.494779 (0.000511)

kinetic : 0.678652 (0.003981)
potential : -1.173439 (0.003770)
energy : -0.494787 (0.000510)

kinetic : 0.678802 (0.003974)
potential : -1.173572 (0.003763)
energy : -0.494769 (0.000509)

kinetic : 0.678507 (0.003975)
potential : -1.173293 (0.003764)
energy : -0.494785 (0.000508)

kinetic : 0.678568 (0.003966)
potential : -1.173379 (0.003756)
energy : -0.494811 (0.000507)

kinetic : 0.678513 (0.003956)
potential : -1.173339 (0.003746)
energy : -0.494826 (0.000506)

kinetic : 0.678675 (0.003949)
potential : -1.173465 (0.003739)
energy : -0.494790 (0.000506)

kinetic : 0.678439 (0.003947)
potential : -1.173225 (0.003738)
energy : -0.494786 (0.000505)

kinetic : 0.678307 (0.003939)
potential : -1.173082 (0.003731)
energy : -0.494776 (0.000504)

kinetic : 0.678189 (0.003931)
potential : -1.173009 (0.003723)
energy : -0.494820 (0.000504)

kinetic : 0.677936 (0.003930)
potential : -1.172772 (0.003721)
energy : -0.494836 (0.000503)

kinetic : 0.677858 (0.003921)
potential : -1.172703 (0.003712)
energy : -0.494845 (0.000502)

kinetic : 0.677825 (0.003911)
potential : -1.172697 (0.003703)
energy : -0.494872 (0.000502)

kinetic : 0.677733 (0.003903)
potential : -1.172594 (0.003696)
energy : -0.494861 (0.000500)

kinetic : 0.677654 (0.003894)
potential : -1.172538 (0.003687)
energy : -0.494884 (0.000500)

kinetic : 0.677499 (0.003887)
potential : -1.172399 (0.003681)
energy : -0.494900 (0.000499)

kinetic : 0.677556 (0.003878)
potential : -1.172453 (0.003672)
energy : -0.494897 (0.000498)

kinetic : 0.678014 (0.003896)
potential : -1.172888 (0.003689)
energy : -0.494874 (0.000497)

kinetic : 0.678241 (0.003893)
potential : -1.173091 (0.003686)
energy : -0.494851 (0.000496)

kinetic : 0.678461 (0.003890)
potential : -1.173296 (0.003682)
energy : -0.494835 (0.000495)

kinetic : 0.678681 (0.003887)
potential : -1.173503 (0.003679)
energy : -0.494821 (0.000494)

kinetic : 0.678657 (0.003878)
potential : -1.173463 (0.003671)
energy : -0.494806 (0.000493)

kinetic : 0.678533 (0.003870)
potential : -1.173342 (0.003664)
energy : -0.494809 (0.000492)

kinetic : 0.678436 (0.003862)
potential : -1.173246 (0.003656)
energy : -0.494809 (0.000491)

kinetic : 0.678362 (0.003854)
potential : -1.173194 (0.003648)
energy : -0.494832 (0.000490)

kinetic : 0.678421 (0.003845)
potential : -1.173233 (0.003639)
energy : -0.494812 (0.000490)

kinetic : 0.678573 (0.003839)
potential : -1.173358 (0.003633)
energy : -0.494784 (0.000489)

kinetic : 0.678668 (0.003831)
potential : -1.173446 (0.003625)
energy : -0.494778 (0.000488)

kinetic : 0.678717 (0.003822)
potential : -1.173478 (0.003617)
energy : -0.494761 (0.000487)

kinetic : 0.678736 (0.003813)
potential : -1.173483 (0.003608)
energy : -0.494747 (0.000486)

kinetic : 0.678482 (0.003813)
potential : -1.173291 (0.003605)
energy : -0.494809 (0.000489)

kinetic : 0.678574 (0.003805)
potential : -1.173406 (0.003598)
energy : -0.494832 (0.000488)

kinetic : 0.678744 (0.003800)
potential : -1.173605 (0.003595)
energy : -0.494861 (0.000488)

kinetic : 0.678378 (0.003808)
potential : -1.173300 (0.003600)
energy : -0.494922 (0.000491)

kinetic : 0.678565 (0.003804)
potential : -1.173494 (0.003597)
energy : -0.494929 (0.000490)

kinetic : 0.678436 (0.003797)
potential : -1.173355 (0.003591)
energy : -0.494919 (0.000489)

kinetic : 0.678259 (0.003793)
potential : -1.173166 (0.003588)
energy : -0.494906 (0.000488)

kinetic : 0.678326 (0.003784)
potential : -1.173247 (0.003580)
energy : -0.494921 (0.000487)

kinetic : 0.678289 (0.003776)
potential : -1.173202 (0.003572)
energy : -0.494912 (0.000486)

kinetic : 0.678506 (0.003773)
potential : -1.173373 (0.003568)
energy : -0.494866 (0.000487)

kinetic : 0.678726 (0.003771)
potential : -1.173610 (0.003568)
energy : -0.494884 (0.000486)

kinetic : 0.678590 (0.003765)
potential : -1.173514 (0.003561)
energy : -0.494924 (0.000486)

kinetic : 0.678390 (0.003762)
potential : -1.173387 (0.003555)
energy : -0.494997 (0.000491)

kinetic : 0.678370 (0.003753)
potential : -1.173326 (0.003547)
energy : -0.494956 (0.000491)

kinetic : 0.678180 (0.003749)
potential : -1.173147 (0.003544)
energy : -0.494967 (0.000490)

kinetic : 0.678220 (0.003741)
potential : -1.173176 (0.003536)
energy : -0.494956 (0.000489)

kinetic : 0.678266 (0.003733)
potential : -1.173197 (0.003528)
energy : -0.494931 (0.000489)

kinetic : 0.678074 (0.003729)
potential : -1.173024 (0.003524)
energy : -0.494950 (0.000488)

kinetic : 0.678263 (0.003726)
potential : -1.173187 (0.003520)
energy : -0.494924 (0.000488)

kinetic : 0.678265 (0.003717)
potential : -1.173151 (0.003512)
energy : -0.494887 (0.000488)

kinetic : 0.678486 (0.003715)
potential : -1.173356 (0.003510)
energy : -0.494870 (0.000487)

kinetic : 0.678296 (0.003712)
potential : -1.173153 (0.003508)
energy : -0.494857 (0.000486)

kinetic : 0.678274 (0.003704)
potential : -1.173136 (0.003501)
energy : -0.494863 (0.000485)

kinetic : 0.678180 (0.003697)
potential : -1.173045 (0.003494)
energy : -0.494865 (0.000484)

kinetic : 0.678087 (0.003690)
potential : -1.172971 (0.003487)
energy : -0.494884 (0.000484)

kinetic : 0.678281 (0.003686)
potential : -1.173153 (0.003484)
energy : -0.494872 (0.000483)

kinetic : 0.678192 (0.003679)
potential : -1.173039 (0.003478)
energy : -0.494847 (0.000482)

kinetic : 0.678116 (0.003672)
potential : -1.172972 (0.003471)
energy : -0.494856 (0.000481)

kinetic : 0.678078 (0.003664)
potential : -1.172921 (0.003464)
energy : -0.494842 (0.000480)

kinetic : 0.678058 (0.003656)
potential : -1.172941 (0.003456)
energy : -0.494883 (0.000481)

kinetic : 0.678188 (0.003650)
potential : -1.173081 (0.003451)
energy : -0.494893 (0.000480)

kinetic : 0.678328 (0.003645)
potential : -1.173222 (0.003447)
energy : -0.494894 (0.000479)

kinetic : 0.678347 (0.003637)
potential : -1.173250 (0.003439)
energy : -0.494903 (0.000478)

kinetic : 0.678495 (0.003632)
potential : -1.173411 (0.003435)
energy : -0.494915 (0.000477)

kinetic : 0.678427 (0.003625)
potential : -1.173339 (0.003429)
energy : -0.494912 (0.000476)

kinetic : 0.678325 (0.003618)
potential : -1.173240 (0.003423)
energy : -0.494915 (0.000475)

kinetic : 0.678215 (0.003612)
potential : -1.173142 (0.003417)
energy : -0.494928 (0.000474)

kinetic : 0.677918 (0.003617)
potential : -1.172883 (0.003419)
energy : -0.494965 (0.000475)

kinetic : 0.678090 (0.003613)
potential : -1.173025 (0.003415)
energy : -0.494935 (0.000475)

kinetic : 0.678084 (0.003605)
potential : -1.173005 (0.003407)
energy : -0.494922 (0.000474)

kinetic : 0.677955 (0.003600)
potential : -1.172901 (0.003402)
energy : -0.494946 (0.000473)

kinetic : 0.677761 (0.003597)
potential : -1.172740 (0.003398)
energy : -0.494979 (0.000473)

kinetic : 0.678186 (0.003614)
potential : -1.173128 (0.003413)
energy : -0.494942 (0.000474)

kinetic : 0.678105 (0.003608)
potential : -1.173062 (0.003406)
energy : -0.494957 (0.000473)

kinetic : 0.678232 (0.003602)
potential : -1.173174 (0.003401)
energy : -0.494942 (0.000472)

kinetic : 0.678160 (0.003595)
potential : -1.173121 (0.003394)
energy : -0.494961 (0.000472)

kinetic : 0.678111 (0.003588)
potential : -1.173081 (0.003387)
energy : -0.494970 (0.000471)

kinetic : 0.678177 (0.003581)
potential : -1.173154 (0.003381)
energy : -0.494976 (0.000470)

kinetic : 0.677940 (0.003581)
potential : -1.172944 (0.003380)
energy : -0.495004 (0.000470)

kinetic : 0.678206 (0.003583)
potential : -1.173213 (0.003384)
energy : -0.495007 (0.000469)

kinetic : 0.678026 (0.003580)
potential : -1.173037 (0.003381)
energy : -0.495012 (0.000468)

kinetic : 0.678400 (0.003592)
potential : -1.173412 (0.003395)
energy : -0.495012 (0.000467)

kinetic : 0.678506 (0.003586)
potential : -1.173492 (0.003389)
energy : -0.494985 (0.000467)

kinetic : 0.678513 (0.003579)
potential : -1.173502 (0.003381)
energy : -0.494988 (0.000466)

kinetic : 0.678409 (0.003573)
potential : -1.173410 (0.003376)
energy : -0.495001 (0.000465)

kinetic : 0.678303 (0.003567)
potential : -1.173333 (0.003369)
energy : -0.495030 (0.000465)

kinetic : 0.678166 (0.003562)
potential : -1.173181 (0.003366)
energy : -0.495014 (0.000464)

kinetic : 0.678453 (0.003567)
potential : -1.173440 (0.003369)
energy : -0.494987 (0.000464)

kinetic : 0.678284 (0.003563)
potential : -1.173285 (0.003366)
energy : -0.495000 (0.000463)

kinetic : 0.678158 (0.003558)
potential : -1.173175 (0.003360)
energy : -0.495017 (0.000462)

kinetic : 0.677873 (0.003562)
potential : -1.172895 (0.003365)
energy : -0.495022 (0.000461)

kinetic : 0.677774 (0.003556)
potential : -1.172783 (0.003360)
energy : -0.495009 (0.000461)

kinetic : 0.677597 (0.003553)
potential : -1.172611 (0.003358)
energy : -0.495014 (0.000460)

kinetic : 0.677481 (0.003548)
potential : -1.172536 (0.003352)
energy : -0.495056 (0.000461)

kinetic : 0.677725 (0.003549)
potential : -1.172778 (0.003353)
energy : -0.495053 (0.000460)

kinetic : 0.677574 (0.003545)
potential : -1.172636 (0.003350)
energy : -0.495061 (0.000459)

kinetic : 0.677508 (0.003538)
potential : -1.172574 (0.003343)
energy : -0.495066 (0.000458)

kinetic : 0.677621 (0.003533)
potential : -1.172675 (0.003338)
energy : -0.495055 (0.000457)

kinetic : 0.677555 (0.003526)
potential : -1.172617 (0.003332)
energy : -0.495062 (0.000456)

kinetic : 0.677516 (0.003519)
potential : -1.172591 (0.003325)
energy : -0.495075 (0.000456)

kinetic : 0.677813 (0.003525)
potential : -1.172881 (0.003331)
energy : -0.495068 (0.000455)

kinetic : 0.677562 (0.003527)
potential : -1.172656 (0.003332)
energy : -0.495094 (0.000455)

kinetic : 0.677461 (0.003521)
potential : -1.172558 (0.003327)
energy : -0.495097 (0.000454)

kinetic : 0.677279 (0.003519)
potential : -1.172376 (0.003325)
energy : -0.495097 (0.000453)

kinetic : 0.677431 (0.003515)
potential : -1.172531 (0.003322)
energy : -0.495100 (0.000452)

kinetic : 0.677437 (0.003508)
potential : -1.172532 (0.003315)
energy : -0.495095 (0.000451)

kinetic : 0.677500 (0.003501)
potential : -1.172566 (0.003309)
energy : -0.495066 (0.000451)

kinetic : 0.677562 (0.003495)
potential : -1.172618 (0.003303)
energy : -0.495056 (0.000450)

kinetic : 0.677511 (0.003488)
potential : -1.172556 (0.003297)
energy : -0.495045 (0.000449)

kinetic : 0.677430 (0.003482)
potential : -1.172477 (0.003291)
energy : -0.495047 (0.000449)

kinetic : 0.677350 (0.003476)
potential : -1.172416 (0.003285)
energy : -0.495066 (0.000448)

kinetic : 0.677353 (0.003470)
potential : -1.172438 (0.003279)
energy : -0.495085 (0.000448)

kinetic : 0.677424 (0.003463)
potential : -1.172521 (0.003273)
energy : -0.495097 (0.000447)

kinetic : 0.677524 (0.003458)
potential : -1.172616 (0.003268)
energy : -0.495093 (0.000446)

kinetic : 0.677735 (0.003458)
potential : -1.172831 (0.003269)
energy : -0.495095 (0.000445)

kinetic : 0.677781 (0.003451)
potential : -1.172862 (0.003262)
energy : -0.495080 (0.000445)

kinetic : 0.677812 (0.003445)
potential : -1.172900 (0.003256)
energy : -0.495088 (0.000444)

kinetic : 0.677477 (0.003454)
potential : -1.172606 (0.003263)
energy : -0.495129 (0.000445)

kinetic : 0.677432 (0.003448)
potential : -1.172554 (0.003257)
energy : -0.495122 (0.000444)

kinetic : 0.677429 (0.003441)
potential : -1.172580 (0.003251)
energy : -0.495152 (0.000444)

kinetic : 0.677459 (0.003434)
potential : -1.172601 (0.003245)
energy : -0.495142 (0.000443)

kinetic : 0.677686 (0.003435)
potential : -1.172795 (0.003244)
energy : -0.495109 (0.000444)

kinetic : 0.677532 (0.003432)
potential : -1.172638 (0.003242)
energy : -0.495106 (0.000443)

kinetic : 0.677458 (0.003426)
potential : -1.172575 (0.003236)
energy : -0.495117 (0.000442)

kinetic : 0.677311 (0.003423)
potential : -1.172425 (0.003233)
energy : -0.495114 (0.000441)

kinetic : 0.677138 (0.003421)
potential : -1.172253 (0.003232)
energy : -0.495115 (0.000440)

kinetic : 0.677448 (0.003428)
potential : -1.172526 (0.003237)
energy : -0.495077 (0.000441)

kinetic : 0.677495 (0.003422)
potential : -1.172597 (0.003232)
energy : -0.495102 (0.000441)

kinetic : 0.677496 (0.003415)
potential : -1.172611 (0.003226)
energy : -0.495116 (0.000440)

kinetic : 0.677433 (0.003409)
potential : -1.172546 (0.003220)
energy : -0.495113 (0.000439)

kinetic : 0.677869 (0.003431)
potential : -1.172993 (0.003245)
energy : -0.495124 (0.000439)

kinetic : 0.677855 (0.003424)
potential : -1.172979 (0.003239)
energy : -0.495124 (0.000438)

kinetic : 0.677946 (0.003419)
potential : -1.173061 (0.003234)
energy : -0.495115 (0.000437)

kinetic : 0.678151 (0.003419)
potential : -1.173245 (0.003233)
energy : -0.495093 (0.000437)

kinetic : 0.678023 (0.003415)
potential : -1.173136 (0.003228)
energy : -0.495113 (0.000437)

kinetic : 0.677829 (0.003414)
potential : -1.172978 (0.003226)
energy : -0.495149 (0.000437)

kinetic : 0.677789 (0.003407)
potential : -1.172958 (0.003220)
energy : -0.495170 (0.000437)

kinetic : 0.677745 (0.003401)
potential : -1.172893 (0.003215)
energy : -0.495148 (0.000437)

kinetic : 0.677663 (0.003396)
potential : -1.172832 (0.003209)
energy : -0.495168 (0.000436)

kinetic : 0.677502 (0.003393)
potential : -1.172706 (0.003206)
energy : -0.495205 (0.000437)

kinetic : 0.677413 (0.003388)
potential : -1.172624 (0.003201)
energy : -0.495211 (0.000436)

kinetic : 0.677345 (0.003383)
potential : -1.172554 (0.003196)
energy : -0.495209 (0.000435)

kinetic : 0.677267 (0.003377)
potential : -1.172470 (0.003191)
energy : -0.495203 (0.000435)

kinetic : 0.677141 (0.003373)
potential : -1.172359 (0.003187)
energy : -0.495218 (0.000434)

kinetic : 0.677123 (0.003367)
potential : -1.172339 (0.003181)
energy : -0.495216 (0.000433)

kinetic : 0.677151 (0.003361)
potential : -1.172370 (0.003175)
energy : -0.495219 (0.000432)

kinetic : 0.676922 (0.003363)
potential : -1.172149 (0.003177)
energy : -0.495228 (0.000432)

kinetic : 0.676878 (0.003357)
potential : -1.172122 (0.003171)
energy : -0.495244 (0.000431)

kinetic : 0.676912 (0.003351)
potential : -1.172166 (0.003166)
energy : -0.495254 (0.000431)

kinetic : 0.676934 (0.003344)
potential : -1.172186 (0.003160)
energy : -0.495252 (0.000430)

kinetic : 0.676650 (0.003350)
potential : -1.171907 (0.003166)
energy : -0.495257 (0.000429)

kinetic : 0.676550 (0.003346)
potential : -1.171812 (0.003162)
energy : -0.495262 (0.000428)

kinetic : 0.676413 (0.003342)
potential : -1.171678 (0.003159)
energy : -0.495265 (0.000427)

kinetic : 0.676258 (0.003340)
potential : -1.171543 (0.003156)
energy : -0.495284 (0.000427)

kinetic : 0.676078 (0.003339)
potential : -1.171370 (0.003155)
energy : -0.495292 (0.000426)

kinetic : 0.676154 (0.003333)
potential : -1.171435 (0.003150)
energy : -0.495281 (0.000426)

kinetic : 0.675945 (0.003334)
potential : -1.171216 (0.003152)
energy : -0.495271 (0.000425)

kinetic : 0.675890 (0.003328)
potential : -1.171166 (0.003147)
energy : -0.495276 (0.000424)

kinetic : 0.676073 (0.003327)
potential : -1.171332 (0.003145)
energy : -0.495259 (0.000424)

kinetic : 0.675942 (0.003324)
potential : -1.171213 (0.003142)
energy : -0.495270 (0.000423)

kinetic : 0.676130 (0.003323)
potential : -1.171347 (0.003139)
energy : -0.495218 (0.000426)

kinetic : 0.676351 (0.003325)
potential : -1.171583 (0.003142)
energy : -0.495231 (0.000425)

kinetic : 0.676228 (0.003321)
potential : -1.171451 (0.003140)
energy : -0.495223 (0.000425)

kinetic : 0.676464 (0.003323)
potential : -1.171659 (0.003141)
energy : -0.495196 (0.000425)

kinetic : 0.676603 (0.003320)
potential : -1.171800 (0.003138)
energy : -0.495197 (0.000424)

kinetic : 0.676814 (0.003321)
potential : -1.171992 (0.003139)
energy : -0.495178 (0.000424)

kinetic : 0.676909 (0.003317)
potential : -1.172100 (0.003135)
energy : -0.495190 (0.000423)

kinetic : 0.676967 (0.003311)
potential : -1.172163 (0.003130)
energy : -0.495196 (0.000422)

kinetic : 0.677080 (0.003307)
potential : -1.172262 (0.003126)
energy : -0.495182 (0.000422)

kinetic : 0.677093 (0.003301)
potential : -1.172277 (0.003120)
energy : -0.495184 (0.000421)

kinetic : 0.676992 (0.003297)
potential : -1.172166 (0.003117)
energy : -0.495175 (0.000420)

kinetic : 0.677053 (0.003292)
potential : -1.172205 (0.003112)
energy : -0.495152 (0.000420)

kinetic : 0.676933 (0.003288)
potential : -1.172074 (0.003109)
energy : -0.495141 (0.000420)

kinetic : 0.677323 (0.003306)
potential : -1.172471 (0.003129)
energy : -0.495147 (0.000419)

kinetic : 0.677180 (0.003303)
potential : -1.172336 (0.003126)
energy : -0.495156 (0.000418)

kinetic : 0.677219 (0.003297)
potential : -1.172388 (0.003121)
energy : -0.495169 (0.000418)

kinetic : 0.677180 (0.003292)
potential : -1.172376 (0.003116)
energy : -0.495196 (0.000418)

kinetic : 0.677377 (0.003292)
potential : -1.172546 (0.003115)
energy : -0.495170 (0.000418)

kinetic : 0.677325 (0.003287)
potential : -1.172485 (0.003110)
energy : -0.495160 (0.000417)

kinetic : 0.677248 (0.003282)
potential : -1.172422 (0.003105)
energy : -0.495174 (0.000417)

kinetic : 0.677237 (0.003276)
potential : -1.172409 (0.003100)
energy : -0.495172 (0.000416)

kinetic : 0.676995 (0.003279)
potential : -1.172167 (0.003104)
energy : -0.495171 (0.000416)

kinetic : 0.677173 (0.003278)
potential : -1.172347 (0.003104)
energy : -0.495174 (0.000415)

kinetic : 0.677472 (0.003286)
potential : -1.172617 (0.003110)
energy : -0.495144 (0.000415)

kinetic : 0.677392 (0.003282)
potential : -1.172556 (0.003105)
energy : -0.495163 (0.000415)

kinetic : 0.677256 (0.003279)
potential : -1.172427 (0.003103)
energy : -0.495170 (0.000414)

kinetic : 0.677312 (0.003274)
potential : -1.172514 (0.003099)
energy : -0.495202 (0.000415)

kinetic : 0.677334 (0.003268)
potential : -1.172564 (0.003094)
energy : -0.495230 (0.000415)

kinetic : 0.677255 (0.003263)
potential : -1.172497 (0.003089)
energy : -0.495242 (0.000414)

kinetic : 0.677388 (0.003261)
potential : -1.172652 (0.003088)
energy : -0.495264 (0.000414)

kinetic : 0.677216 (0.003259)
potential : -1.172492 (0.003086)
energy : -0.495275 (0.000414)

kinetic : 0.677204 (0.003254)
potential : -1.172504 (0.003081)
energy : -0.495300 (0.000414)

kinetic : 0.677140 (0.003249)
potential : -1.172435 (0.003077)
energy : -0.495295 (0.000413)

kinetic : 0.677399 (0.003254)
potential : -1.172682 (0.003081)
energy : -0.495283 (0.000413)

kinetic : 0.677396 (0.003248)
potential : -1.172707 (0.003076)
energy : -0.495310 (0.000413)

kinetic : 0.677444 (0.003243)
potential : -1.172760 (0.003072)
energy : -0.495316 (0.000412)

kinetic : 0.677322 (0.003240)
potential : -1.172633 (0.003069)
energy : -0.495311 (0.000411)

kinetic : 0.677359 (0.003235)
potential : -1.172663 (0.003064)
energy : -0.495304 (0.000411)

kinetic : 0.677384 (0.003229)
potential : -1.172660 (0.003059)
energy : -0.495276 (0.000411)

kinetic : 0.677332 (0.003224)
potential : -1.172612 (0.003054)
energy : -0.495280 (0.000410)

kinetic : 0.677350 (0.003219)
potential : -1.172660 (0.003049)
energy : -0.495310 (0.000411)

kinetic : 0.677242 (0.003215)
potential : -1.172546 (0.003046)
energy : -0.495304 (0.000410)

kinetic : 0.677137 (0.003212)
potential : -1.172454 (0.003043)
energy : -0.495317 (0.000410)

kinetic : 0.677053 (0.003207)
potential : -1.172408 (0.003038)
energy : -0.495355 (0.000411)

kinetic : 0.677045 (0.003202)
potential : -1.172403 (0.003033)
energy : -0.495358 (0.000410)

kinetic : 0.676930 (0.003199)
potential : -1.172298 (0.003029)
energy : -0.495368 (0.000409)

kinetic : 0.676938 (0.003193)
potential : -1.172314 (0.003024)
energy : -0.495376 (0.000409)

kinetic : 0.677149 (0.003195)
potential : -1.172509 (0.003026)
energy : -0.495360 (0.000408)

kinetic : 0.677236 (0.003191)
potential : -1.172631 (0.003023)
energy : -0.495394 (0.000409)

kinetic : 0.677360 (0.003188)
potential : -1.172766 (0.003021)
energy : -0.495406 (0.000409)

kinetic : 0.677235 (0.003185)
potential : -1.172663 (0.003018)
energy : -0.495429 (0.000409)

kinetic : 0.677240 (0.003180)
potential : -1.172661 (0.003013)
energy : -0.495420 (0.000408)

kinetic : 0.677149 (0.003176)
potential : -1.172566 (0.003009)
energy : -0.495417 (0.000407)

kinetic : 0.677168 (0.003171)
potential : -1.172574 (0.003005)
energy : -0.495406 (0.000407)

kinetic : 0.677038 (0.003168)
potential : -1.172456 (0.003002)
energy : -0.495418 (0.000406)

kinetic : 0.676889 (0.003167)
potential : -1.172346 (0.002999)
energy : -0.495456 (0.000408)

kinetic : 0.677136 (0.003171)
potential : -1.172595 (0.003004)
energy : -0.495459 (0.000407)

kinetic : 0.677172 (0.003166)
potential : -1.172619 (0.003000)
energy : -0.495448 (0.000406)

kinetic : 0.677223 (0.003161)
potential : -1.172669 (0.002995)
energy : -0.495446 (0.000406)

kinetic : 0.677395 (0.003161)
potential : -1.172824 (0.002994)
energy : -0.495428 (0.000405)

kinetic : 0.677304 (0.003157)
potential : -1.172725 (0.002991)
energy : -0.495421 (0.000405)

kinetic : 0.677233 (0.003153)
potential : -1.172672 (0.002987)
energy : -0.495439 (0.000405)

kinetic : 0.677399 (0.003152)
potential : -1.172845 (0.002987)
energy : -0.495446 (0.000404)

kinetic : 0.677293 (0.003149)
potential : -1.172739 (0.002984)
energy : -0.495446 (0.000403)

kinetic : 0.677273 (0.003144)
potential : -1.172706 (0.002979)
energy : -0.495433 (0.000403)

kinetic : 0.677160 (0.003141)
potential : -1.172595 (0.002977)
energy : -0.495435 (0.000402)

kinetic : 0.677135 (0.003136)
potential : -1.172572 (0.002972)
energy : -0.495437 (0.000402)

kinetic : 0.677108 (0.003131)
potential : -1.172540 (0.002967)
energy : -0.495432 (0.000401)

kinetic : 0.677104 (0.003126)
potential : -1.172527 (0.002962)
energy : -0.495423 (0.000400)

kinetic : 0.677198 (0.003122)
potential : -1.172606 (0.002959)
energy : -0.495408 (0.000400)

kinetic : 0.677153 (0.003118)
potential : -1.172542 (0.002955)
energy : -0.495389 (0.000400)

kinetic : 0.676951 (0.003119)
potential : -1.172334 (0.002957)
energy : -0.495383 (0.000399)

kinetic : 0.676909 (0.003114)
potential : -1.172302 (0.002953)
energy : -0.495393 (0.000399)

kinetic : 0.676898 (0.003109)
potential : -1.172268 (0.002948)
energy : -0.495370 (0.000399)

kinetic : 0.676798 (0.003106)
potential : -1.172158 (0.002946)
energy : -0.495360 (0.000398)

kinetic : 0.676819 (0.003101)
potential : -1.172177 (0.002941)
energy : -0.495358 (0.000398)

kinetic : 0.676791 (0.003096)
potential : -1.172144 (0.002937)
energy : -0.495353 (0.000397)

kinetic : 0.676876 (0.003093)
potential : -1.172222 (0.002933)
energy : -0.495346 (0.000397)

kinetic : 0.676765 (0.003090)
potential : -1.172130 (0.002930)
energy : -0.495365 (0.000396)

kinetic : 0.676746 (0.003085)
potential : -1.172101 (0.002925)
energy : -0.495355 (0.000396)

kinetic : 0.676772 (0.003080)
potential : -1.172100 (0.002921)
energy : -0.495328 (0.000396)

kinetic : 0.676770 (0.003075)
potential : -1.172080 (0.002916)
energy : -0.495310 (0.000396)

kinetic : 0.676897 (0.003073)
potential : -1.172168 (0.002913)
energy : -0.495271 (0.000397)

kinetic : 0.677126 (0.003077)
potential : -1.172398 (0.002917)
energy : -0.495272 (0.000397)

kinetic : 0.677102 (0.003072)
potential : -1.172338 (0.002913)
energy : -0.495236 (0.000398)

kinetic : 0.677079 (0.003067)
potential : -1.172297 (0.002909)
energy : -0.495218 (0.000397)

kinetic : 0.677140 (0.003063)
potential : -1.172343 (0.002905)
energy : -0.495203 (0.000397)

kinetic : 0.677331 (0.003064)
potential : -1.172537 (0.002907)
energy : -0.495206 (0.000396)

kinetic : 0.677231 (0.003061)
potential : -1.172449 (0.002904)
energy : -0.495218 (0.000396)

kinetic : 0.677061 (0.003061)
potential : -1.172285 (0.002904)
energy : -0.495223 (0.000395)

kinetic : 0.677007 (0.003057)
potential : -1.172245 (0.002900)
energy : -0.495239 (0.000395)

kinetic : 0.676961 (0.003053)
potential : -1.172200 (0.002895)
energy : -0.495239 (0.000395)

kinetic : 0.676928 (0.003048)
potential : -1.172176 (0.002891)
energy : -0.495248 (0.000394)

kinetic : 0.676956 (0.003043)
potential : -1.172210 (0.002887)
energy : -0.495254 (0.000393)

kinetic : 0.677108 (0.003043)
potential : -1.172383 (0.002888)
energy : -0.495275 (0.000393)

kinetic : 0.676982 (0.003040)
potential : -1.172253 (0.002886)
energy : -0.495271 (0.000393)

kinetic : 0.676923 (0.003036)
potential : -1.172176 (0.002883)
energy : -0.495253 (0.000393)

kinetic : 0.676899 (0.003032)
potential : -1.172138 (0.002878)
energy : -0.495239 (0.000392)

kinetic : 0.676800 (0.003029)
potential : -1.172030 (0.002876)
energy : -0.495230 (0.000392)

kinetic : 0.676822 (0.003024)
potential : -1.172048 (0.002872)
energy : -0.495226 (0.000391)

kinetic : 0.676706 (0.003022)
potential : -1.171928 (0.002870)
energy : -0.495222 (0.000391)

kinetic : 0.676536 (0.003022)
potential : -1.171792 (0.002869)
energy : -0.495255 (0.000391)

kinetic : 0.676389 (0.003021)
potential : -1.171664 (0.002867)
energy : -0.495275 (0.000391)

kinetic : 0.676264 (0.003019)
potential : -1.171548 (0.002865)
energy : -0.495284 (0.000391)

kinetic : 0.676399 (0.003017)
potential : -1.171710 (0.002865)
energy : -0.495311 (0.000391)

kinetic : 0.676282 (0.003015)
potential : -1.171602 (0.002863)
energy : -0.495321 (0.000391)

kinetic : 0.676139 (0.003014)
potential : -1.171483 (0.002861)
energy : -0.495343 (0.000391)

kinetic : 0.676161 (0.003009)
potential : -1.171526 (0.002857)
energy : -0.495365 (0.000391)

kinetic : 0.676366 (0.003012)
potential : -1.171725 (0.002860)
energy : -0.495359 (0.000390)

kinetic : 0.676225 (0.003011)
potential : -1.171588 (0.002859)
energy : -0.495362 (0.000390)

kinetic : 0.676231 (0.003006)
potential : -1.171585 (0.002855)
energy : -0.495354 (0.000389)

kinetic : 0.676094 (0.003005)
potential : -1.171466 (0.002853)
energy : -0.495372 (0.000389)

kinetic : 0.676124 (0.003000)
potential : -1.171478 (0.002848)
energy : -0.495354 (0.000389)

kinetic : 0.676175 (0.002996)
potential : -1.171515 (0.002844)
energy : -0.495340 (0.000389)

kinetic : 0.676201 (0.002992)
potential : -1.171510 (0.002840)
energy : -0.495309 (0.000389)

kinetic : 0.676174 (0.002988)
potential : -1.171488 (0.002836)
energy : -0.495314 (0.000389)

kinetic : 0.676354 (0.002989)
potential : -1.171657 (0.002837)
energy : -0.495303 (0.000388)

kinetic : 0.676392 (0.002984)
potential : -1.171678 (0.002833)
energy : -0.495286 (0.000388)

kinetic : 0.676447 (0.002980)
potential : -1.171747 (0.002829)
energy : -0.495300 (0.000388)

kinetic : 0.676284 (0.002980)
potential : -1.171598 (0.002829)
energy : -0.495314 (0.000387)

kinetic : 0.676333 (0.002976)
potential : -1.171634 (0.002825)
energy : -0.495300 (0.000387)

kinetic : 0.676269 (0.002973)
potential : -1.171585 (0.002821)
energy : -0.495316 (0.000387)

kinetic : 0.676223 (0.002969)
potential : -1.171570 (0.002817)
energy : -0.495347 (0.000387)

kinetic : 0.676257 (0.002964)
potential : -1.171603 (0.002813)
energy : -0.495346 (0.000387)

kinetic : 0.676361 (0.002962)
potential : -1.171684 (0.002810)
energy : -0.495323 (0.000387)

kinetic : 0.676214 (0.002961)
potential : -1.171554 (0.002809)
energy : -0.495339 (0.000387)

kinetic : 0.676207 (0.002957)
potential : -1.171570 (0.002805)
energy : -0.495363 (0.000387)

kinetic : 0.676333 (0.002955)
potential : -1.171703 (0.002804)
energy : -0.495369 (0.000386)

kinetic : 0.676387 (0.002951)
potential : -1.171737 (0.002800)
energy : -0.495350 (0.000386)

kinetic : 0.676376 (0.002947)
potential : -1.171733 (0.002796)
energy : -0.495358 (0.000386)

kinetic : 0.676331 (0.002943)
potential : -1.171675 (0.002793)
energy : -0.495344 (0.000385)

kinetic : 0.676356 (0.002939)
potential : -1.171711 (0.002789)
energy : -0.495355 (0.000385)

kinetic : 0.676335 (0.002935)
potential : -1.171698 (0.002785)
energy : -0.495363 (0.000385)

kinetic : 0.676472 (0.002934)
potential : -1.171829 (0.002784)
energy : -0.495357 (0.000384)

kinetic : 0.676547 (0.002930)
potential : -1.171900 (0.002781)
energy : -0.495352 (0.000384)

kinetic : 0.676479 (0.002927)
potential : -1.171854 (0.002777)
energy : -0.495375 (0.000384)

kinetic : 0.676524 (0.002923)
potential : -1.171905 (0.002773)
energy : -0.495381 (0.000383)

kinetic : 0.676479 (0.002919)
potential : -1.171845 (0.002770)
energy : -0.495366 (0.000383)

kinetic : 0.676324 (0.002919)
potential : -1.171710 (0.002769)
energy : -0.495386 (0.000383)

kinetic : 0.676360 (0.002915)
potential : -1.171747 (0.002766)
energy : -0.495387 (0.000382)

kinetic : 0.676274 (0.002912)
potential : -1.171683 (0.002762)
energy : -0.495409 (0.000382)

kinetic : 0.676193 (0.002909)
potential : -1.171612 (0.002759)
energy : -0.495419 (0.000382)

kinetic : 0.676397 (0.002912)
potential : -1.171790 (0.002761)
energy : -0.495393 (0.000382)

kinetic : 0.676312 (0.002909)
potential : -1.171698 (0.002759)
energy : -0.495386 (0.000382)

kinetic : 0.676155 (0.002909)
potential : -1.171565 (0.002758)
energy : -0.495410 (0.000382)

kinetic : 0.676102 (0.002906)
potential : -1.171504 (0.002755)
energy : -0.495402 (0.000382)

kinetic : 0.676126 (0.002901)
potential : -1.171527 (0.002751)
energy : -0.495401 (0.000381)

kinetic : 0.676152 (0.002897)
potential : -1.171551 (0.002747)
energy : -0.495399 (0.000381)

kinetic : 0.676157 (0.002893)
potential : -1.171563 (0.002743)
energy : -0.495406 (0.000380)

kinetic : 0.676190 (0.002889)
potential : -1.171589 (0.002739)
energy : -0.495398 (0.000380)

kinetic : 0.676048 (0.002889)
potential : -1.171465 (0.002738)
energy : -0.495417 (0.000379)

kinetic : 0.675972 (0.002886)
potential : -1.171381 (0.002736)
energy : -0.495410 (0.000379)

kinetic : 0.675912 (0.002882)
potential : -1.171331 (0.002732)
energy : -0.495419 (0.000379)

kinetic : 0.676045 (0.002881)
potential : -1.171447 (0.002731)
energy : -0.495402 (0.000378)

kinetic : 0.676028 (0.002877)
potential : -1.171427 (0.002727)
energy : -0.495398 (0.000378)

kinetic : 0.676032 (0.002873)
potential : -1.171435 (0.002723)
energy : -0.495403 (0.000377)

kinetic : 0.676147 (0.002871)
potential : -1.171544 (0.002722)
energy : -0.495396 (0.000377)

kinetic : 0.676153 (0.002867)
potential : -1.171544 (0.002718)
energy : -0.495391 (0.000376)

kinetic : 0.676051 (0.002865)
potential : -1.171421 (0.002717)
energy : -0.495371 (0.000376)

kinetic : 0.675988 (0.002862)
potential : -1.171367 (0.002714)
energy : -0.495379 (0.000376)

kinetic : 0.676008 (0.002858)
potential : -1.171360 (0.002710)
energy : -0.495352 (0.000376)

kinetic : 0.675970 (0.002854)
potential : -1.171342 (0.002706)
energy : -0.495372 (0.000376)

kinetic : 0.676093 (0.002853)
potential : -1.171453 (0.002705)
energy : -0.495360 (0.000376)

kinetic : 0.676055 (0.002849)
potential : -1.171415 (0.002701)
energy : -0.495361 (0.000376)

kinetic : 0.676088 (0.002845)
potential : -1.171465 (0.002698)
energy : -0.495377 (0.000375)

kinetic : 0.676072 (0.002842)
potential : -1.171445 (0.002694)
energy : -0.495373 (0.000375)

kinetic : 0.676046 (0.002838)
potential : -1.171418 (0.002690)
energy : -0.495372 (0.000374)

kinetic : 0.676092 (0.002834)
potential : -1.171471 (0.002687)
energy : -0.495380 (0.000374)

kinetic : 0.676070 (0.002830)
potential : -1.171457 (0.002684)
energy : -0.495387 (0.000373)

kinetic : 0.676015 (0.002827)
potential : -1.171422 (0.002680)
energy : -0.495407 (0.000373)

kinetic : 0.675997 (0.002823)
potential : -1.171414 (0.002676)
energy : -0.495417 (0.000373)

kinetic : 0.676057 (0.002820)
potential : -1.171465 (0.002673)
energy : -0.495408 (0.000373)

kinetic : 0.675963 (0.002818)
potential : -1.171371 (0.002671)
energy : -0.495408 (0.000372)

kinetic : 0.675838 (0.002816)
potential : -1.171240 (0.002671)
energy : -0.495402 (0.000372)

kinetic : 0.675804 (0.002813)
potential : -1.171199 (0.002667)
energy : -0.495395 (0.000371)

kinetic : 0.675692 (0.002811)
potential : -1.171126 (0.002665)
energy : -0.495434 (0.000373)

kinetic : 0.675681 (0.002807)
potential : -1.171107 (0.002661)
energy : -0.495426 (0.000372)

kinetic : 0.675578 (0.002805)
potential : -1.171004 (0.002659)
energy : -0.495426 (0.000372)

kinetic : 0.675672 (0.002803)
potential : -1.171078 (0.002657)
energy : -0.495406 (0.000372)

kinetic : 0.675783 (0.002801)
potential : -1.171189 (0.002656)
energy : -0.495405 (0.000371)

kinetic : 0.675870 (0.002799)
potential : -1.171261 (0.002653)
energy : -0.495391 (0.000371)

kinetic : 0.676000 (0.002798)
potential : -1.171392 (0.002653)
energy : -0.495393 (0.000371)

kinetic : 0.676009 (0.002794)
potential : -1.171390 (0.002649)
energy : -0.495381 (0.000370)

kinetic : 0.675900 (0.002793)
potential : -1.171285 (0.002647)
energy : -0.495385 (0.000370)

kinetic : 0.676042 (0.002793)
potential : -1.171383 (0.002646)
energy : -0.495341 (0.000372)

kinetic : 0.675866 (0.002794)
potential : -1.171216 (0.002647)
energy : -0.495350 (0.000371)

kinetic : 0.675895 (0.002791)
potential : -1.171241 (0.002644)
energy : -0.495345 (0.000371)

kinetic : 0.675839 (0.002788)
potential : -1.171191 (0.002641)
energy : -0.495352 (0.000371)

kinetic : 0.675841 (0.002784)
potential : -1.171187 (0.002637)
energy : -0.495346 (0.000370)

kinetic : 0.675940 (0.002782)
potential : -1.171282 (0.002635)
energy : -0.495342 (0.000370)

kinetic : 0.675812 (0.002781)
potential : -1.171153 (0.002635)
energy : -0.495341 (0.000369)

kinetic : 0.675901 (0.002779)
potential : -1.171229 (0.002633)
energy : -0.495329 (0.000369)

kinetic : 0.675969 (0.002776)
potential : -1.171316 (0.002631)
energy : -0.495347 (0.000369)

kinetic : 0.676097 (0.002775)
potential : -1.171418 (0.002629)
energy : -0.495321 (0.000369)

kinetic : 0.676047 (0.002772)
potential : -1.171367 (0.002626)
energy : -0.495320 (0.000369)

kinetic : 0.676054 (0.002768)
potential : -1.171368 (0.002623)
energy : -0.495314 (0.000368)

kinetic : 0.676039 (0.002764)
potential : -1.171336 (0.002619)
energy : -0.495297 (0.000368)

kinetic : 0.676116 (0.002762)
potential : -1.171391 (0.002616)
energy : -0.495275 (0.000368)

kinetic : 0.676007 (0.002760)
potential : -1.171317 (0.002614)
energy : -0.495310 (0.000369)

kinetic : 0.676104 (0.002758)
potential : -1.171412 (0.002612)
energy : -0.495308 (0.000369)

kinetic : 0.675974 (0.002758)
potential : -1.171290 (0.002612)
energy : -0.495316 (0.000369)

kinetic : 0.675935 (0.002754)
potential : -1.171246 (0.002608)
energy : -0.495310 (0.000368)

kinetic : 0.675849 (0.002752)
potential : -1.171179 (0.002606)
energy : -0.495330 (0.000368)

kinetic : 0.675730 (0.002751)
potential : -1.171064 (0.002605)
energy : -0.495334 (0.000368)

kinetic : 0.675692 (0.002748)
potential : -1.171022 (0.002602)
energy : -0.495331 (0.000367)

kinetic : 0.675749 (0.002745)
potential : -1.171073 (0.002599)
energy : -0.495324 (0.000367)

kinetic : 0.675764 (0.002741)
potential : -1.171077 (0.002596)
energy : -0.495313 (0.000366)

kinetic : 0.675864 (0.002739)
potential : -1.171179 (0.002594)
energy : -0.495315 (0.000366)

kinetic : 0.675802 (0.002736)
potential : -1.171106 (0.002592)
energy : -0.495305 (0.000366)

kinetic : 0.675667 (0.002736)
potential : -1.170978 (0.002591)
energy : -0.495312 (0.000365)

kinetic : 0.675548 (0.002735)
potential : -1.170894 (0.002589)
energy : -0.495346 (0.000366)

kinetic : 0.675625 (0.002733)
potential : -1.170956 (0.002587)
energy : -0.495331 (0.000366)

kinetic : 0.675644 (0.002729)
potential : -1.170964 (0.002583)
energy : -0.495320 (0.000366)

kinetic : 0.675776 (0.002729)
potential : -1.171089 (0.002583)
energy : -0.495313 (0.000366)

kinetic : 0.675908 (0.002728)
potential : -1.171208 (0.002582)
energy : -0.495300 (0.000365)

kinetic : 0.676126 (0.002734)
potential : -1.171420 (0.002588)
energy : -0.495294 (0.000365)

kinetic : 0.676149 (0.002730)
potential : -1.171436 (0.002585)
energy : -0.495286 (0.000364)

kinetic : 0.676152 (0.002727)
potential : -1.171422 (0.002581)
energy : -0.495270 (0.000364)

kinetic : 0.676067 (0.002724)
potential : -1.171344 (0.002579)
energy : -0.495277 (0.000364)

kinetic : 0.676019 (0.002721)
potential : -1.171292 (0.002576)
energy : -0.495273 (0.000364)

kinetic : 0.676009 (0.002718)
potential : -1.171294 (0.002573)
energy : -0.495285 (0.000363)

kinetic : 0.676027 (0.002714)
potential : -1.171294 (0.002570)
energy : -0.495267 (0.000363)

kinetic : 0.676218 (0.002718)
potential : -1.171469 (0.002572)
energy : -0.495251 (0.000363)

kinetic : 0.676328 (0.002716)
potential : -1.171570 (0.002571)
energy : -0.495242 (0.000363)

kinetic : 0.676373 (0.002713)
potential : -1.171632 (0.002568)
energy : -0.495259 (0.000363)

kinetic : 0.676374 (0.002710)
potential : -1.171643 (0.002565)
energy : -0.495270 (0.000362)

kinetic : 0.676306 (0.002707)
potential : -1.171566 (0.002563)
energy : -0.495260 (0.000362)

kinetic : 0.676417 (0.002706)
potential : -1.171665 (0.002562)
energy : -0.495249 (0.000362)

kinetic : 0.676403 (0.002702)
potential : -1.171655 (0.002558)
energy : -0.495252 (0.000361)

kinetic : 0.676404 (0.002699)
potential : -1.171653 (0.002555)
energy : -0.495249 (0.000361)

kinetic : 0.676352 (0.002696)
potential : -1.171610 (0.002552)
energy : -0.495257 (0.000360)

kinetic : 0.676284 (0.002693)
potential : -1.171545 (0.002550)
energy : -0.495261 (0.000360)

kinetic : 0.676336 (0.002691)
potential : -1.171609 (0.002547)
energy : -0.495273 (0.000360)

kinetic : 0.676487 (0.002691)
potential : -1.171749 (0.002548)
energy : -0.495262 (0.000359)

kinetic : 0.676445 (0.002688)
potential : -1.171706 (0.002545)
energy : -0.495261 (0.000359)

kinetic : 0.676455 (0.002685)
potential : -1.171700 (0.002542)
energy : -0.495246 (0.000359)

kinetic : 0.676388 (0.002682)
potential : -1.171640 (0.002539)
energy : -0.495252 (0.000358)

kinetic : 0.676306 (0.002680)
potential : -1.171572 (0.002537)
energy : -0.495267 (0.000358)

kinetic : 0.676249 (0.002677)
potential : -1.171514 (0.002535)
energy : -0.495265 (0.000358)

kinetic : 0.676185 (0.002675)
potential : -1.171452 (0.002532)
energy : -0.495267 (0.000357)

kinetic : 0.676251 (0.002672)
potential : -1.171504 (0.002529)
energy : -0.495253 (0.000357)

kinetic : 0.676157 (0.002671)
potential : -1.171421 (0.002528)
energy : -0.495264 (0.000357)

kinetic : 0.676379 (0.002676)
potential : -1.171644 (0.002534)
energy : -0.495265 (0.000357)

kinetic : 0.676291 (0.002675)
potential : -1.171584 (0.002532)
energy : -0.495293 (0.000357)

kinetic : 0.676210 (0.002672)
potential : -1.171507 (0.002530)
energy : -0.495297 (0.000357)

kinetic : 0.676378 (0.002674)
potential : -1.171652 (0.002531)
energy : -0.495274 (0.000357)

kinetic : 0.676258 (0.002674)
potential : -1.171536 (0.002530)
energy : -0.495278 (0.000357)

kinetic : 0.676212 (0.002671)
potential : -1.171481 (0.002528)
energy : -0.495269 (0.000356)

kinetic : 0.676202 (0.002667)
potential : -1.171477 (0.002525)
energy : -0.495275 (0.000356)

kinetic : 0.676174 (0.002664)
potential : -1.171452 (0.002522)
energy : -0.495277 (0.000355)

kinetic : 0.676216 (0.002661)
potential : -1.171487 (0.002519)
energy : -0.495271 (0.000355)

kinetic : 0.676132 (0.002659)
potential : -1.171404 (0.002517)
energy : -0.495271 (0.000355)

kinetic : 0.676126 (0.002656)
potential : -1.171379 (0.002514)
energy : -0.495253 (0.000355)

kinetic : 0.676037 (0.002654)
potential : -1.171317 (0.002512)
energy : -0.495280 (0.000355)

kinetic : 0.676258 (0.002660)
potential : -1.171535 (0.002518)
energy : -0.495277 (0.000355)

kinetic : 0.676730 (0.002698)
potential : -1.171995 (0.002557)
energy : -0.495265 (0.000355)

kinetic : 0.676809 (0.002696)
potential : -1.172097 (0.002555)
energy : -0.495288 (0.000355)

kinetic : 0.676843 (0.002693)
potential : -1.172109 (0.002552)
energy : -0.495266 (0.000355)

kinetic : 0.676739 (0.002692)
potential : -1.172003 (0.002551)
energy : -0.495264 (0.000355)

kinetic : 0.676536 (0.002696)
potential : -1.171821 (0.002555)
energy : -0.495284 (0.000355)

kinetic : 0.676783 (0.002704)
potential : -1.172078 (0.002565)
energy : -0.495295 (0.000355)

kinetic : 0.676694 (0.002702)
potential : -1.172002 (0.002563)
energy : -0.495308 (0.000354)

kinetic : 0.676623 (0.002700)
potential : -1.171918 (0.002561)
energy : -0.495294 (0.000354)

kinetic : 0.676800 (0.002702)
potential : -1.172080 (0.002563)
energy : -0.495280 (0.000354)

kinetic : 0.676709 (0.002701)
potential : -1.171996 (0.002561)
energy : -0.495287 (0.000354)

kinetic : 0.676832 (0.002700)
potential : -1.172102 (0.002560)
energy : -0.495270 (0.000354)

kinetic : 0.676822 (0.002697)
potential : -1.172092 (0.002557)
energy : -0.495270 (0.000353)

kinetic : 0.676788 (0.002694)
potential : -1.172057 (0.002554)
energy : -0.495269 (0.000353)

kinetic : 0.676862 (0.002692)
potential : -1.172107 (0.002552)
energy : -0.495245 (0.000353)

kinetic : 0.676962 (0.002690)
potential : -1.172199 (0.002550)
energy : -0.495236 (0.000353)

kinetic : 0.677012 (0.002687)
potential : -1.172260 (0.002548)
energy : -0.495248 (0.000353)

kinetic : 0.676998 (0.002684)
potential : -1.172236 (0.002545)
energy : -0.495239 (0.000352)

kinetic : 0.677118 (0.002684)
potential : -1.172340 (0.002544)
energy : -0.495222 (0.000352)

kinetic : 0.677091 (0.002680)
potential : -1.172316 (0.002541)
energy : -0.495225 (0.000352)

kinetic : 0.677178 (0.002679)
potential : -1.172398 (0.002539)
energy : -0.495220 (0.000352)

kinetic : 0.677094 (0.002677)
potential : -1.172313 (0.002538)
energy : -0.495219 (0.000351)

kinetic : 0.677208 (0.002676)
potential : -1.172417 (0.002537)
energy : -0.495208 (0.000351)

kinetic : 0.677227 (0.002673)
potential : -1.172453 (0.002534)
energy : -0.495226 (0.000351)

kinetic : 0.677296 (0.002671)
potential : -1.172505 (0.002531)
energy : -0.495209 (0.000351)

kinetic : 0.677254 (0.002668)
potential : -1.172469 (0.002529)
energy : -0.495215 (0.000351)

kinetic : 0.677326 (0.002666)
potential : -1.172536 (0.002526)
energy : -0.495210 (0.000350)

kinetic : 0.677412 (0.002664)
potential : -1.172615 (0.002525)
energy : -0.495203 (0.000350)

kinetic : 0.677486 (0.002662)
potential : -1.172698 (0.002523)
energy : -0.495212 (0.000350)

kinetic : 0.677639 (0.002663)
potential : -1.172834 (0.002524)
energy : -0.495195 (0.000350)

kinetic : 0.677516 (0.002662)
potential : -1.172714 (0.002523)
energy : -0.495198 (0.000349)

kinetic : 0.677482 (0.002659)
potential : -1.172698 (0.002521)
energy : -0.495216 (0.000349)

kinetic : 0.677361 (0.002659)
potential : -1.172581 (0.002520)
energy : -0.495220 (0.000349)

kinetic : 0.677234 (0.002659)
potential : -1.172476 (0.002519)
energy : -0.495241 (0.000349)

kinetic : 0.677102 (0.002659)
potential : -1.172338 (0.002520)
energy : -0.495236 (0.000349)

kinetic : 0.677050 (0.002656)
potential : -1.172289 (0.002518)
energy : -0.495239 (0.000348)

kinetic : 0.677087 (0.002654)
potential : -1.172337 (0.002515)
energy : -0.495250 (0.000348)

kinetic : 0.677128 (0.002651)
potential : -1.172377 (0.002513)
energy : -0.495249 (0.000348)

kinetic : 0.677154 (0.002648)
potential : -1.172394 (0.002510)
energy : -0.495239 (0.000347)

kinetic : 0.677037 (0.002647)
potential : -1.172271 (0.002510)
energy : -0.495235 (0.000347)

kinetic : 0.676948 (0.002646)
potential : -1.172190 (0.002508)
energy : -0.495242 (0.000347)

kinetic : 0.677257 (0.002660)
potential : -1.172503 (0.002524)
energy : -0.495245 (0.000346)

kinetic : 0.677175 (0.002659)
potential : -1.172401 (0.002524)
energy : -0.495226 (0.000346)

kinetic : 0.677103 (0.002656)
potential : -1.172325 (0.002522)
energy : -0.495223 (0.000346)

kinetic : 0.676997 (0.002655)
potential : -1.172223 (0.002521)
energy : -0.495226 (0.000346)

kinetic : 0.676958 (0.002653)
potential : -1.172189 (0.002518)
energy : -0.495231 (0.000345)

kinetic : 0.677033 (0.002651)
potential : -1.172252 (0.002516)
energy : -0.495219 (0.000345)

kinetic : 0.676999 (0.002648)
potential : -1.172211 (0.002513)
energy : -0.495211 (0.000345)

kinetic : 0.676944 (0.002645)
potential : -1.172158 (0.002511)
energy : -0.495214 (0.000344)

kinetic : 0.677010 (0.002643)
potential : -1.172225 (0.002509)
energy : -0.495215 (0.000344)

kinetic : 0.676967 (0.002640)
potential : -1.172171 (0.002507)
energy : -0.495204 (0.000344)

kinetic : 0.677054 (0.002639)
potential : -1.172253 (0.002505)
energy : -0.495199 (0.000343)

kinetic : 0.677206 (0.002640)
potential : -1.172397 (0.002506)
energy : -0.495192 (0.000343)

kinetic : 0.677241 (0.002637)
potential : -1.172461 (0.002504)
energy : -0.495220 (0.000344)

kinetic : 0.677306 (0.002635)
potential : -1.172502 (0.002502)
energy : -0.495196 (0.000344)

kinetic : 0.677329 (0.002632)
potential : -1.172524 (0.002499)
energy : -0.495196 (0.000344)

kinetic : 0.677323 (0.002629)
potential : -1.172517 (0.002496)
energy : -0.495194 (0.000343)

kinetic : 0.677312 (0.002626)
potential : -1.172495 (0.002493)
energy : -0.495184 (0.000343)

kinetic : 0.677392 (0.002624)
potential : -1.172565 (0.002491)
energy : -0.495173 (0.000343)

kinetic : 0.677600 (0.002629)
potential : -1.172767 (0.002497)
energy : -0.495167 (0.000343)

kinetic : 0.677535 (0.002627)
potential : -1.172696 (0.002495)
energy : -0.495161 (0.000342)

kinetic : 0.677570 (0.002624)
potential : -1.172707 (0.002492)
energy : -0.495136 (0.000343)

kinetic : 0.677544 (0.002621)
potential : -1.172681 (0.002489)
energy : -0.495137 (0.000342)

kinetic : 0.677496 (0.002619)
potential : -1.172647 (0.002486)
energy : -0.495151 (0.000342)

kinetic : 0.677769 (0.002630)
potential : -1.172907 (0.002497)
energy : -0.495137 (0.000342)

kinetic : 0.677812 (0.002627)
potential : -1.172947 (0.002495)
energy : -0.495135 (0.000342)

kinetic : 0.677894 (0.002626)
potential : -1.173019 (0.002493)
energy : -0.495126 (0.000341)

kinetic : 0.677782 (0.002625)
potential : -1.172922 (0.002492)
energy : -0.495141 (0.000341)

kinetic : 0.677842 (0.002623)
potential : -1.172987 (0.002490)
energy : -0.495145 (0.000341)

kinetic : 0.677986 (0.002624)
potential : -1.173158 (0.002493)
energy : -0.495171 (0.000342)

kinetic : 0.677985 (0.002621)
potential : -1.173163 (0.002490)
energy : -0.495178 (0.000341)

kinetic : 0.677958 (0.002618)
potential : -1.173144 (0.002487)
energy : -0.495186 (0.000341)

kinetic : 0.677948 (0.002615)
potential : -1.173131 (0.002485)
energy : -0.495183 (0.000341)

kinetic : 0.678009 (0.002613)
potential : -1.173192 (0.002482)
energy : -0.495184 (0.000340)

kinetic : 0.678038 (0.002610)
potential : -1.173203 (0.002480)
energy : -0.495166 (0.000340)

kinetic : 0.678164 (0.002610)
potential : -1.173331 (0.002480)
energy : -0.495168 (0.000340)

kinetic : 0.678063 (0.002609)
potential : -1.173249 (0.002479)
energy : -0.495186 (0.000340)

kinetic : 0.678222 (0.002611)
potential : -1.173403 (0.002481)
energy : -0.495181 (0.000340)

kinetic : 0.678281 (0.002609)
potential : -1.173456 (0.002478)
energy : -0.495175 (0.000339)

kinetic : 0.678210 (0.002607)
potential : -1.173383 (0.002477)
energy : -0.495173 (0.000339)

kinetic : 0.678249 (0.002604)
potential : -1.173426 (0.002474)
energy : -0.495177 (0.000339)

kinetic : 0.678296 (0.002601)
potential : -1.173466 (0.002472)
energy : -0.495171 (0.000338)

kinetic : 0.678213 (0.002600)
potential : -1.173377 (0.002471)
energy : -0.495164 (0.000338)

kinetic : 0.678215 (0.002597)
potential : -1.173376 (0.002468)
energy : -0.495161 (0.000338)

kinetic : 0.678245 (0.002594)
potential : -1.173401 (0.002465)
energy : -0.495156 (0.000337)

kinetic : 0.678313 (0.002592)
potential : -1.173451 (0.002463)
energy : -0.495138 (0.000337)

kinetic : 0.678403 (0.002591)
potential : -1.173540 (0.002462)
energy : -0.495137 (0.000337)

kinetic : 0.678260 (0.002592)
potential : -1.173421 (0.002462)
energy : -0.495161 (0.000337)

kinetic : 0.678360 (0.002591)
potential : -1.173509 (0.002461)
energy : -0.495149 (0.000337)

kinetic : 0.678293 (0.002589)
potential : -1.173451 (0.002459)
energy : -0.495157 (0.000337)

kinetic : 0.678340 (0.002586)
potential : -1.173496 (0.002457)
energy : -0.495156 (0.000337)

kinetic : 0.678301 (0.002584)
potential : -1.173469 (0.002454)
energy : -0.495168 (0.000337)

kinetic : 0.678314 (0.002581)
potential : -1.173473 (0.002451)
energy : -0.495159 (0.000336)

kinetic : 0.678316 (0.002578)
potential : -1.173480 (0.002449)
energy : -0.495165 (0.000336)

kinetic : 0.678226 (0.002577)
potential : -1.173419 (0.002447)
energy : -0.495192 (0.000337)

kinetic : 0.678163 (0.002575)
potential : -1.173365 (0.002445)
energy : -0.495201 (0.000336)

kinetic : 0.678186 (0.002572)
potential : -1.173382 (0.002442)
energy : -0.495195 (0.000336)

kinetic : 0.678104 (0.002570)
potential : -1.173318 (0.002440)
energy : -0.495215 (0.000336)

kinetic : 0.678102 (0.002568)
potential : -1.173308 (0.002437)
energy : -0.495206 (0.000336)

kinetic : 0.678148 (0.002565)
potential : -1.173346 (0.002435)
energy : -0.495198 (0.000336)

kinetic : 0.678109 (0.002563)
potential : -1.173295 (0.002433)
energy : -0.495186 (0.000336)

kinetic : 0.677986 (0.002563)
potential : -1.173184 (0.002433)
energy : -0.495198 (0.000335)

kinetic : 0.677969 (0.002560)
potential : -1.173169 (0.002430)
energy : -0.495200 (0.000335)

kinetic : 0.678004 (0.002558)
potential : -1.173200 (0.002428)
energy : -0.495196 (0.000335)

kinetic : 0.678023 (0.002555)
potential : -1.173221 (0.002425)
energy : -0.495198 (0.000334)

kinetic : 0.678015 (0.002552)
potential : -1.173218 (0.002422)
energy : -0.495204 (0.000334)

kinetic : 0.677915 (0.002551)
potential : -1.173123 (0.002422)
energy : -0.495208 (0.000334)

kinetic : 0.678005 (0.002550)
potential : -1.173214 (0.002421)
energy : -0.495209 (0.000333)

kinetic : 0.677980 (0.002547)
potential : -1.173193 (0.002418)
energy : -0.495213 (0.000333)

kinetic : 0.678001 (0.002545)
potential : -1.173220 (0.002416)
energy : -0.495218 (0.000333)

kinetic : 0.678146 (0.002546)
potential : -1.173350 (0.002416)
energy : -0.495204 (0.000333)

kinetic : 0.678250 (0.002545)
potential : -1.173455 (0.002416)
energy : -0.495205 (0.000332)

kinetic : 0.678216 (0.002543)
potential : -1.173420 (0.002414)
energy : -0.495204 (0.000332)

kinetic : 0.678174 (0.002540)
potential : -1.173379 (0.002411)
energy : -0.495205 (0.000332)

kinetic : 0.678219 (0.002538)
potential : -1.173451 (0.002410)
energy : -0.495232 (0.000332)

kinetic : 0.678236 (0.002535)
potential : -1.173454 (0.002407)
energy : -0.495218 (0.000332)

kinetic : 0.678340 (0.002535)
potential : -1.173542 (0.002406)
energy : -0.495202 (0.000332)

kinetic : 0.678367 (0.002532)
potential : -1.173557 (0.002404)
energy : -0.495190 (0.000332)

kinetic : 0.678449 (0.002531)
potential : -1.173632 (0.002402)
energy : -0.495182 (0.000332)

kinetic : 0.678496 (0.002528)
potential : -1.173676 (0.002400)
energy : -0.495180 (0.000332)

kinetic : 0.678453 (0.002526)
potential : -1.173633 (0.002398)
energy : -0.495180 (0.000331)

kinetic : 0.678596 (0.002527)
potential : -1.173777 (0.002400)
energy : -0.495181 (0.000331)

kinetic : 0.678679 (0.002526)
potential : -1.173850 (0.002398)
energy : -0.495171 (0.000331)

kinetic : 0.678681 (0.002523)
potential : -1.173861 (0.002396)
energy : -0.495181 (0.000330)

kinetic : 0.678434 (0.002533)
potential : -1.173630 (0.002404)
energy : -0.495196 (0.000330)

kinetic : 0.678392 (0.002530)
potential : -1.173602 (0.002402)
energy : -0.495210 (0.000330)

kinetic : 0.678383 (0.002528)
potential : -1.173586 (0.002399)
energy : -0.495203 (0.000330)

kinetic : 0.678393 (0.002525)
potential : -1.173592 (0.002397)
energy : -0.495199 (0.000330)

kinetic : 0.678376 (0.002522)
potential : -1.173584 (0.002394)
energy : -0.495208 (0.000330)

kinetic : 0.678334 (0.002520)
potential : -1.173541 (0.002392)
energy : -0.495206 (0.000329)

kinetic : 0.678347 (0.002517)
potential : -1.173556 (0.002390)
energy : -0.495209 (0.000329)

kinetic : 0.678441 (0.002516)
potential : -1.173654 (0.002389)
energy : -0.495213 (0.000329)

kinetic : 0.678462 (0.002514)
potential : -1.173681 (0.002387)
energy : -0.495219 (0.000328)

kinetic : 0.678385 (0.002512)
potential : -1.173597 (0.002386)
energy : -0.495212 (0.000328)

kinetic : 0.678346 (0.002510)
potential : -1.173573 (0.002383)
energy : -0.495228 (0.000328)

kinetic : 0.678427 (0.002509)
potential : -1.173660 (0.002382)
energy : -0.495233 (0.000328)

kinetic : 0.678388 (0.002506)
potential : -1.173616 (0.002380)
energy : -0.495227 (0.000327)

kinetic : 0.678408 (0.002504)
potential : -1.173628 (0.002378)
energy : -0.495220 (0.000327)

kinetic : 0.678490 (0.002502)
potential : -1.173701 (0.002376)
energy : -0.495211 (0.000327)

kinetic : 0.678397 (0.002501)
potential : -1.173602 (0.002376)
energy : -0.495205 (0.000327)

kinetic : 0.678329 (0.002500)
potential : -1.173532 (0.002374)
energy : -0.495203 (0.000326)

kinetic : 0.678315 (0.002497)
potential : -1.173539 (0.002372)
energy : -0.495223 (0.000327)

kinetic : 0.678499 (0.002501)
potential : -1.173734 (0.002377)
energy : -0.495235 (0.000326)

kinetic : 0.678427 (0.002500)
potential : -1.173665 (0.002376)
energy : -0.495239 (0.000326)

kinetic : 0.678572 (0.002501)
potential : -1.173809 (0.002378)
energy : -0.495237 (0.000326)

kinetic : 0.678558 (0.002499)
potential : -1.173803 (0.002375)
energy : -0.495245 (0.000326)

kinetic : 0.678506 (0.002497)
potential : -1.173768 (0.002373)
energy : -0.495261 (0.000326)

kinetic : 0.678402 (0.002496)
potential : -1.173660 (0.002373)
energy : -0.495258 (0.000325)

kinetic : 0.678413 (0.002494)
potential : -1.173688 (0.002371)
energy : -0.495276 (0.000325)

kinetic : 0.678331 (0.002492)
potential : -1.173613 (0.002369)
energy : -0.495282 (0.000325)

kinetic : 0.678297 (0.002490)
potential : -1.173583 (0.002367)
energy : -0.495286 (0.000325)

kinetic : 0.678263 (0.002488)
potential : -1.173548 (0.002365)
energy : -0.495284 (0.000324)

kinetic : 0.678245 (0.002485)
potential : -1.173532 (0.002362)
energy : -0.495287 (0.000324)

kinetic : 0.678342 (0.002484)
potential : -1.173629 (0.002362)
energy : -0.495287 (0.000324)

kinetic : 0.678350 (0.002482)
potential : -1.173633 (0.002360)
energy : -0.495283 (0.000324)

kinetic : 0.678426 (0.002480)
potential : -1.173692 (0.002358)
energy : -0.495267 (0.000324)

kinetic : 0.678325 (0.002480)
potential : -1.173604 (0.002357)
energy : -0.495279 (0.000323)

kinetic : 0.678271 (0.002478)
potential : -1.173554 (0.002355)
energy : -0.495283 (0.000323)

kinetic : 0.678262 (0.002475)
potential : -1.173548 (0.002353)
energy : -0.495287 (0.000323)

kinetic : 0.678201 (0.002474)
potential : -1.173494 (0.002351)
energy : -0.495293 (0.000323)

kinetic : 0.678154 (0.002471)
potential : -1.173451 (0.002349)
energy : -0.495296 (0.000322)

kinetic : 0.678064 (0.002471)
potential : -1.173358 (0.002348)
energy : -0.495294 (0.000322)

kinetic : 0.677928 (0.002472)
potential : -1.173225 (0.002350)
energy : -0.495297 (0.000322)

kinetic : 0.678220 (0.002486)
potential : -1.173501 (0.002363)
energy : -0.495281 (0.000322)

kinetic : 0.678250 (0.002484)
potential : -1.173530 (0.002361)
energy : -0.495281 (0.000321)

kinetic : 0.678201 (0.002482)
potential : -1.173468 (0.002359)
energy : -0.495267 (0.000321)

kinetic : 0.678266 (0.002480)
potential : -1.173508 (0.002357)
energy : -0.495242 (0.000322)

kinetic : 0.678290 (0.002478)
potential : -1.173530 (0.002355)
energy : -0.495240 (0.000322)

kinetic : 0.678326 (0.002476)
potential : -1.173544 (0.002353)
energy : -0.495218 (0.000322)

kinetic : 0.678349 (0.002473)
potential : -1.173550 (0.002350)
energy : -0.495201 (0.000322)

kinetic : 0.678425 (0.002472)
potential : -1.173616 (0.002349)
energy : -0.495191 (0.000322)

kinetic : 0.678402 (0.002469)
potential : -1.173593 (0.002346)
energy : -0.495192 (0.000322)

kinetic : 0.678421 (0.002467)
potential : -1.173619 (0.002344)
energy : -0.495198 (0.000321)

kinetic : 0.678453 (0.002465)
potential : -1.173663 (0.002342)
energy : -0.495211 (0.000321)

kinetic : 0.678557 (0.002464)
potential : -1.173760 (0.002342)
energy : -0.495203 (0.000321)

kinetic : 0.678593 (0.002462)
potential : -1.173793 (0.002340)
energy : -0.495200 (0.000321)

kinetic : 0.678640 (0.002460)
potential : -1.173834 (0.002338)
energy : -0.495193 (0.000321)

kinetic : 0.678686 (0.002458)
potential : -1.173868 (0.002336)
energy : -0.495182 (0.000320)

kinetic : 0.678646 (0.002456)
potential : -1.173836 (0.002333)
energy : -0.495190 (0.000320)

kinetic : 0.678675 (0.002453)
potential : -1.173857 (0.002331)
energy : -0.495181 (0.000320)

kinetic : 0.678769 (0.002453)
potential : -1.173940 (0.002330)
energy : -0.495171 (0.000320)

kinetic : 0.678644 (0.002453)
potential : -1.173829 (0.002331)
energy : -0.495185 (0.000320)

kinetic : 0.678622 (0.002451)
potential : -1.173809 (0.002328)
energy : -0.495186 (0.000319)

kinetic : 0.678609 (0.002449)
potential : -1.173789 (0.002326)
energy : -0.495180 (0.000319)

kinetic : 0.678587 (0.002446)
potential : -1.173773 (0.002324)
energy : -0.495186 (0.000319)

kinetic : 0.678655 (0.002445)
potential : -1.173834 (0.002322)
energy : -0.495179 (0.000319)

kinetic : 0.678662 (0.002442)
potential : -1.173843 (0.002320)
energy : -0.495181 (0.000318)

kinetic : 0.678749 (0.002441)
potential : -1.173914 (0.002319)
energy : -0.495166 (0.000318)

kinetic : 0.678845 (0.002441)
potential : -1.174012 (0.002318)
energy : -0.495167 (0.000318)

kinetic : 0.678988 (0.002443)
potential : -1.174147 (0.002320)
energy : -0.495159 (0.000318)

kinetic : 0.679021 (0.002440)
potential : -1.174170 (0.002318)
energy : -0.495149 (0.000318)

kinetic : 0.679006 (0.002438)
potential : -1.174155 (0.002316)
energy : -0.495149 (0.000317)
         kinetic: 0.6790(24), Sigma: 1.051, T_corr: 5.4
       potential: -1.1742(23), Sigma: 1.022, T_corr: 5.1
          energy: -0.49515(32), Sigma: 0.142, T_corr: 5.0

For tau = 6.00e-01, acceptance ratio = 0.82
Time: 255.79s
