
kinetic : 0.568957 (inf)
potential : -1.098717 (inf)
energy : -0.529760 (inf)

kinetic : 0.866655 (inf)
potential : -1.330126 (inf)
energy : -0.463471 (inf)

kinetic : 0.819138 (0.047517)
potential : -1.293153 (0.036973)
energy : -0.474015 (0.010544)

kinetic : 0.787497 (0.041878)
potential : -1.264371 (0.035834)
energy : -0.476874 (0.006725)

kinetic : 0.771606 (0.033606)
potential : -1.248590 (0.029851)
energy : -0.476983 (0.004757)

kinetic : 0.767651 (0.026330)
potential : -1.244244 (0.023527)
energy : -0.476593 (0.003705)

kinetic : 0.773125 (0.022185)
potential : -1.250571 (0.020225)
energy : -0.477446 (0.003143)

kinetic : 0.777889 (0.019345)
potential : -1.253301 (0.017310)
energy : -0.475412 (0.003346)

kinetic : 0.787313 (0.019222)
potential : -1.262705 (0.017696)
energy : -0.475392 (0.002898)

kinetic : 0.776300 (0.020215)
potential : -1.252388 (0.018708)
energy : -0.476088 (0.002648)

kinetic : 0.768645 (0.019635)
potential : -1.245502 (0.018095)
energy : -0.476857 (0.002490)

kinetic : 0.777440 (0.019819)
potential : -1.253890 (0.018392)
energy : -0.476449 (0.002289)

kinetic : 0.770701 (0.019306)
potential : -1.246984 (0.018154)
energy : -0.476283 (0.002096)

kinetic : 0.773426 (0.017967)
potential : -1.249631 (0.016908)
energy : -0.476205 (0.001930)

kinetic : 0.771171 (0.016786)
potential : -1.247005 (0.015872)
energy : -0.475834 (0.001825)

kinetic : 0.776542 (0.016524)
potential : -1.252484 (0.015759)
energy : -0.475943 (0.001702)

kinetic : 0.787695 (0.019061)
potential : -1.263105 (0.018169)
energy : -0.475410 (0.001679)

kinetic : 0.776942 (0.020885)
potential : -1.253221 (0.019722)
energy : -0.476279 (0.001801)

kinetic : 0.780912 (0.020087)
potential : -1.256173 (0.018827)
energy : -0.475261 (0.001979)

kinetic : 0.786301 (0.019750)
potential : -1.260314 (0.018284)
energy : -0.474013 (0.002250)

kinetic : 0.784977 (0.018783)
potential : -1.258828 (0.017409)
energy : -0.473851 (0.002141)

kinetic : 0.802251 (0.024851)
potential : -1.276192 (0.023993)
energy : -0.473941 (0.002038)

kinetic : 0.798621 (0.023971)
potential : -1.272892 (0.023114)
energy : -0.474271 (0.001971)

kinetic : 0.795400 (0.023131)
potential : -1.270174 (0.022252)
energy : -0.474774 (0.001950)

kinetic : 0.798337 (0.022340)
potential : -1.272464 (0.021428)
energy : -0.474126 (0.001976)

kinetic : 0.794353 (0.021795)
potential : -1.268892 (0.020861)
energy : -0.474539 (0.001940)

kinetic : 0.789789 (0.021431)
potential : -1.265534 (0.020322)
energy : -0.475745 (0.002220)

kinetic : 0.790413 (0.020632)
potential : -1.266083 (0.019562)
energy : -0.475670 (0.002137)

kinetic : 0.792534 (0.019994)
potential : -1.268066 (0.018955)
energy : -0.475531 (0.002064)

kinetic : 0.792235 (0.019295)
potential : -1.267607 (0.018295)
energy : -0.475372 (0.001998)

kinetic : 0.791703 (0.018648)
potential : -1.267089 (0.017682)
energy : -0.475386 (0.001930)

kinetic : 0.789704 (0.018147)
potential : -1.265277 (0.017198)
energy : -0.475573 (0.001876)

kinetic : 0.791833 (0.017699)
potential : -1.267288 (0.016773)
energy : -0.475456 (0.001821)

kinetic : 0.793817 (0.017269)
potential : -1.269398 (0.016393)
energy : -0.475582 (0.001769)

kinetic : 0.793309 (0.016761)
potential : -1.268572 (0.015925)
energy : -0.475263 (0.001746)

kinetic : 0.792760 (0.016284)
potential : -1.268393 (0.015465)
energy : -0.475632 (0.001735)

kinetic : 0.794048 (0.015878)
potential : -1.270130 (0.015129)
energy : -0.476082 (0.001745)

kinetic : 0.794520 (0.015450)
potential : -1.270137 (0.014714)
energy : -0.475617 (0.001760)

kinetic : 0.794749 (0.015039)
potential : -1.270707 (0.014333)
energy : -0.475958 (0.001746)

kinetic : 0.793962 (0.014670)
potential : -1.270128 (0.013973)
energy : -0.476166 (0.001714)

kinetic : 0.794087 (0.014299)
potential : -1.270142 (0.013619)
energy : -0.476055 (0.001674)

kinetic : 0.791941 (0.014110)
potential : -1.268096 (0.013440)
energy : -0.476154 (0.001636)

kinetic : 0.796881 (0.014629)
potential : -1.272763 (0.013921)
energy : -0.475882 (0.001619)

kinetic : 0.795915 (0.014317)
potential : -1.272215 (0.013605)
energy : -0.476300 (0.001635)

kinetic : 0.793960 (0.014124)
potential : -1.270307 (0.013428)
energy : -0.476347 (0.001598)

kinetic : 0.794006 (0.013807)
potential : -1.270243 (0.013127)
energy : -0.476237 (0.001566)

kinetic : 0.793451 (0.013515)
potential : -1.269431 (0.012864)
energy : -0.475979 (0.001553)

kinetic : 0.792488 (0.013259)
potential : -1.268357 (0.012633)
energy : -0.475869 (0.001524)

kinetic : 0.792450 (0.012980)
potential : -1.268347 (0.012367)
energy : -0.475897 (0.001492)

kinetic : 0.791437 (0.012753)
potential : -1.267485 (0.012142)
energy : -0.476049 (0.001469)

kinetic : 0.789966 (0.012581)
potential : -1.266029 (0.011986)
energy : -0.476063 (0.001440)

kinetic : 0.789981 (0.012332)
potential : -1.266047 (0.011748)
energy : -0.476066 (0.001411)

kinetic : 0.789790 (0.012094)
potential : -1.265981 (0.011520)
energy : -0.476192 (0.001389)

kinetic : 0.789193 (0.011879)
potential : -1.265641 (0.011306)
energy : -0.476448 (0.001387)

kinetic : 0.788720 (0.011666)
potential : -1.265038 (0.011111)
energy : -0.476318 (0.001367)

kinetic : 0.788597 (0.011453)
potential : -1.264745 (0.010911)
energy : -0.476148 (0.001353)

kinetic : 0.788522 (0.011247)
potential : -1.264670 (0.010715)
energy : -0.476148 (0.001328)

kinetic : 0.787131 (0.011135)
potential : -1.263113 (0.010640)
energy : -0.475982 (0.001315)

kinetic : 0.786810 (0.010946)
potential : -1.262539 (0.010470)
energy : -0.475728 (0.001317)

kinetic : 0.787514 (0.010782)
potential : -1.263173 (0.010311)
energy : -0.475659 (0.001297)

kinetic : 0.786085 (0.010696)
potential : -1.261866 (0.010222)
energy : -0.475782 (0.001281)

kinetic : 0.786714 (0.010539)
potential : -1.262220 (0.010059)
energy : -0.475506 (0.001289)

kinetic : 0.784443 (0.010613)
potential : -1.260039 (0.010133)
energy : -0.475595 (0.001271)

kinetic : 0.785255 (0.010475)
potential : -1.260605 (0.009987)
energy : -0.475350 (0.001275)

kinetic : 0.782041 (0.010799)
potential : -1.257850 (0.010208)
energy : -0.475809 (0.001336)

kinetic : 0.781412 (0.010650)
potential : -1.257383 (0.010061)
energy : -0.475971 (0.001325)

kinetic : 0.781521 (0.010488)
potential : -1.257256 (0.009908)
energy : -0.475735 (0.001326)

kinetic : 0.781806 (0.010334)
potential : -1.257540 (0.009763)
energy : -0.475734 (0.001306)

kinetic : 0.781065 (0.010208)
potential : -1.256804 (0.009647)
energy : -0.475739 (0.001287)

kinetic : 0.781201 (0.010060)
potential : -1.256662 (0.009507)
energy : -0.475461 (0.001298)

kinetic : 0.783168 (0.010109)
potential : -1.258426 (0.009535)
energy : -0.475258 (0.001296)

kinetic : 0.782042 (0.010029)
potential : -1.257464 (0.009449)
energy : -0.475422 (0.001288)

kinetic : 0.782202 (0.009890)
potential : -1.257674 (0.009319)
energy : -0.475471 (0.001271)

kinetic : 0.781451 (0.009782)
potential : -1.256882 (0.009224)
energy : -0.475431 (0.001254)

kinetic : 0.780732 (0.009676)
potential : -1.256121 (0.009131)
energy : -0.475389 (0.001237)

kinetic : 0.780605 (0.009547)
potential : -1.255896 (0.009011)
energy : -0.475291 (0.001225)

kinetic : 0.778808 (0.009590)
potential : -1.254116 (0.009068)
energy : -0.475308 (0.001209)

kinetic : 0.778723 (0.009465)
potential : -1.253910 (0.008952)
energy : -0.475187 (0.001199)

kinetic : 0.778537 (0.009345)
potential : -1.253606 (0.008842)
energy : -0.475070 (0.001189)

kinetic : 0.777620 (0.009271)
potential : -1.252750 (0.008771)
energy : -0.475129 (0.001176)

kinetic : 0.778414 (0.009189)
potential : -1.253552 (0.008697)
energy : -0.475138 (0.001161)

kinetic : 0.779866 (0.009190)
potential : -1.254739 (0.008671)
energy : -0.474873 (0.001177)

kinetic : 0.779212 (0.009101)
potential : -1.254128 (0.008587)
energy : -0.474915 (0.001163)

kinetic : 0.780444 (0.009075)
potential : -1.255105 (0.008539)
energy : -0.474661 (0.001177)

kinetic : 0.780892 (0.008977)
potential : -1.255509 (0.008446)
energy : -0.474617 (0.001163)

kinetic : 0.781036 (0.008872)
potential : -1.255548 (0.008346)
energy : -0.474512 (0.001154)

kinetic : 0.782276 (0.008856)
potential : -1.256806 (0.008344)
energy : -0.474530 (0.001141)

kinetic : 0.782702 (0.008764)
potential : -1.257199 (0.008257)
energy : -0.474498 (0.001128)

kinetic : 0.784185 (0.008789)
potential : -1.258501 (0.008266)
energy : -0.474316 (0.001130)

kinetic : 0.783619 (0.008708)
potential : -1.257890 (0.008195)
energy : -0.474271 (0.001118)

kinetic : 0.786479 (0.009074)
potential : -1.260741 (0.008590)
energy : -0.474263 (0.001106)

kinetic : 0.787018 (0.008990)
potential : -1.261315 (0.008515)
energy : -0.474297 (0.001094)

kinetic : 0.785857 (0.008967)
potential : -1.260378 (0.008474)
energy : -0.474522 (0.001105)

kinetic : 0.786296 (0.008881)
potential : -1.260965 (0.008403)
energy : -0.474670 (0.001103)

kinetic : 0.786355 (0.008786)
potential : -1.260987 (0.008313)
energy : -0.474632 (0.001092)

kinetic : 0.785293 (0.008758)
potential : -1.260232 (0.008259)
energy : -0.474939 (0.001123)

kinetic : 0.784509 (0.008701)
potential : -1.259631 (0.008195)
energy : -0.475122 (0.001126)

kinetic : 0.784553 (0.008611)
potential : -1.259563 (0.008110)
energy : -0.475010 (0.001120)

kinetic : 0.784222 (0.008529)
potential : -1.259072 (0.008042)
energy : -0.474851 (0.001120)

kinetic : 0.784227 (0.008443)
potential : -1.259114 (0.007960)
energy : -0.474887 (0.001110)

kinetic : 0.783772 (0.008370)
potential : -1.258659 (0.007894)
energy : -0.474887 (0.001098)

kinetic : 0.783711 (0.008287)
potential : -1.258442 (0.007818)
energy : -0.474731 (0.001099)

kinetic : 0.783716 (0.008206)
potential : -1.258391 (0.007741)
energy : -0.474676 (0.001089)

kinetic : 0.783110 (0.008148)
potential : -1.257823 (0.007687)
energy : -0.474713 (0.001079)

kinetic : 0.784627 (0.008211)
potential : -1.259322 (0.007759)
energy : -0.474696 (0.001069)

kinetic : 0.783961 (0.008159)
potential : -1.258599 (0.007718)
energy : -0.474639 (0.001060)

kinetic : 0.784291 (0.008089)
potential : -1.258983 (0.007655)
energy : -0.474692 (0.001051)

kinetic : 0.784003 (0.008018)
potential : -1.258677 (0.007589)
energy : -0.474674 (0.001042)

kinetic : 0.783233 (0.007981)
potential : -1.257986 (0.007550)
energy : -0.474753 (0.001035)

kinetic : 0.783017 (0.007910)
potential : -1.257900 (0.007481)
energy : -0.474884 (0.001034)

kinetic : 0.783095 (0.007838)
potential : -1.257944 (0.007413)
energy : -0.474849 (0.001025)

kinetic : 0.782328 (0.007805)
potential : -1.257206 (0.007383)
energy : -0.474878 (0.001016)

kinetic : 0.782051 (0.007740)
potential : -1.256960 (0.007321)
energy : -0.474908 (0.001007)

kinetic : 0.781062 (0.007735)
potential : -1.256011 (0.007317)
energy : -0.474948 (0.000999)

kinetic : 0.780895 (0.007668)
potential : -1.255973 (0.007253)
energy : -0.475078 (0.000999)

kinetic : 0.780476 (0.007613)
potential : -1.255701 (0.007195)
energy : -0.475225 (0.001001)

kinetic : 0.780268 (0.007550)
potential : -1.255541 (0.007134)
energy : -0.475273 (0.000994)

kinetic : 0.781136 (0.007535)
potential : -1.256382 (0.007123)
energy : -0.475246 (0.000985)

kinetic : 0.780063 (0.007548)
potential : -1.255376 (0.007134)
energy : -0.475313 (0.000979)

kinetic : 0.779108 (0.007545)
potential : -1.254530 (0.007124)
energy : -0.475422 (0.000977)

kinetic : 0.777446 (0.007664)
potential : -1.253091 (0.007209)
energy : -0.475645 (0.000994)

kinetic : 0.776843 (0.007624)
potential : -1.252594 (0.007167)
energy : -0.475750 (0.000992)

kinetic : 0.777003 (0.007563)
potential : -1.252747 (0.007109)
energy : -0.475744 (0.000983)

kinetic : 0.776964 (0.007501)
potential : -1.252774 (0.007051)
energy : -0.475810 (0.000978)

kinetic : 0.777385 (0.007453)
potential : -1.253219 (0.007008)
energy : -0.475834 (0.000970)

kinetic : 0.776412 (0.007456)
potential : -1.252525 (0.006987)
energy : -0.476113 (0.001002)

kinetic : 0.776295 (0.007398)
potential : -1.252556 (0.006931)
energy : -0.476261 (0.001005)

kinetic : 0.776875 (0.007362)
potential : -1.253138 (0.006901)
energy : -0.476263 (0.000997)

kinetic : 0.777922 (0.007379)
potential : -1.254124 (0.006917)
energy : -0.476203 (0.000991)

kinetic : 0.777144 (0.007363)
potential : -1.253514 (0.006890)
energy : -0.476371 (0.000998)

kinetic : 0.777437 (0.007312)
potential : -1.253772 (0.006842)
energy : -0.476335 (0.000991)

kinetic : 0.778363 (0.007315)
potential : -1.254515 (0.006830)
energy : -0.476152 (0.001000)

kinetic : 0.779851 (0.007410)
potential : -1.255788 (0.006897)
energy : -0.475936 (0.001015)

kinetic : 0.779782 (0.007355)
potential : -1.255715 (0.006845)
energy : -0.475933 (0.001008)

kinetic : 0.779194 (0.007323)
potential : -1.255203 (0.006813)
energy : -0.476009 (0.001003)

kinetic : 0.779621 (0.007281)
potential : -1.255479 (0.006768)
energy : -0.475858 (0.001007)

kinetic : 0.779429 (0.007230)
potential : -1.255383 (0.006719)
energy : -0.475955 (0.001004)

kinetic : 0.779771 (0.007185)
potential : -1.255561 (0.006672)
energy : -0.475790 (0.001010)

kinetic : 0.779251 (0.007152)
potential : -1.255037 (0.006644)
energy : -0.475786 (0.001003)

kinetic : 0.779438 (0.007103)
potential : -1.255161 (0.006597)
energy : -0.475722 (0.000998)

kinetic : 0.779385 (0.007052)
potential : -1.255092 (0.006550)
energy : -0.475707 (0.000991)

kinetic : 0.779312 (0.007002)
potential : -1.254926 (0.006506)
energy : -0.475613 (0.000988)

kinetic : 0.780232 (0.007013)
potential : -1.255991 (0.006547)
energy : -0.475759 (0.000992)

kinetic : 0.780169 (0.006964)
potential : -1.255867 (0.006502)
energy : -0.475698 (0.000987)

kinetic : 0.779556 (0.006943)
potential : -1.255267 (0.006485)
energy : -0.475711 (0.000980)

kinetic : 0.779002 (0.006917)
potential : -1.254743 (0.006461)
energy : -0.475740 (0.000974)

kinetic : 0.778072 (0.006932)
potential : -1.253900 (0.006472)
energy : -0.475828 (0.000971)

kinetic : 0.777943 (0.006886)
potential : -1.253738 (0.006430)
energy : -0.475796 (0.000965)

kinetic : 0.778384 (0.006854)
potential : -1.254167 (0.006401)
energy : -0.475782 (0.000959)

kinetic : 0.778392 (0.006808)
potential : -1.254223 (0.006358)
energy : -0.475830 (0.000953)

kinetic : 0.778928 (0.006783)
potential : -1.254654 (0.006330)
energy : -0.475726 (0.000953)

kinetic : 0.779625 (0.006774)
potential : -1.255325 (0.006324)
energy : -0.475700 (0.000947)

kinetic : 0.779509 (0.006730)
potential : -1.255140 (0.006285)
energy : -0.475631 (0.000943)

kinetic : 0.779201 (0.006693)
potential : -1.254876 (0.006249)
energy : -0.475676 (0.000938)

kinetic : 0.778360 (0.006703)
potential : -1.254077 (0.006259)
energy : -0.475717 (0.000933)

kinetic : 0.777570 (0.006706)
potential : -1.253338 (0.006263)
energy : -0.475769 (0.000928)

kinetic : 0.778663 (0.006752)
potential : -1.254323 (0.006300)
energy : -0.475660 (0.000928)

kinetic : 0.779796 (0.006804)
potential : -1.255287 (0.006333)
energy : -0.475491 (0.000938)

kinetic : 0.779467 (0.006769)
potential : -1.254933 (0.006303)
energy : -0.475466 (0.000932)

kinetic : 0.779113 (0.006735)
potential : -1.254536 (0.006276)
energy : -0.475423 (0.000927)

kinetic : 0.779528 (0.006706)
potential : -1.254925 (0.006249)
energy : -0.475397 (0.000922)

kinetic : 0.779144 (0.006675)
potential : -1.254461 (0.006227)
energy : -0.475317 (0.000920)

kinetic : 0.780008 (0.006690)
potential : -1.255157 (0.006227)
energy : -0.475149 (0.000929)

kinetic : 0.781640 (0.006846)
potential : -1.256789 (0.006401)
energy : -0.475148 (0.000924)

kinetic : 0.780656 (0.006875)
potential : -1.256007 (0.006409)
energy : -0.475351 (0.000940)

kinetic : 0.781948 (0.006954)
potential : -1.257307 (0.006502)
energy : -0.475359 (0.000934)

kinetic : 0.782087 (0.006914)
potential : -1.257353 (0.006463)
energy : -0.475265 (0.000934)

kinetic : 0.781434 (0.006903)
potential : -1.256821 (0.006446)
energy : -0.475387 (0.000936)

kinetic : 0.781233 (0.006865)
potential : -1.256697 (0.006408)
energy : -0.475464 (0.000934)

kinetic : 0.780624 (0.006851)
potential : -1.256221 (0.006388)
energy : -0.475597 (0.000938)

kinetic : 0.780520 (0.006812)
potential : -1.256095 (0.006352)
energy : -0.475576 (0.000932)

kinetic : 0.779925 (0.006798)
potential : -1.255595 (0.006334)
energy : -0.475670 (0.000932)

kinetic : 0.780109 (0.006761)
potential : -1.255674 (0.006298)
energy : -0.475565 (0.000932)

kinetic : 0.780372 (0.006727)
potential : -1.255858 (0.006264)
energy : -0.475486 (0.000930)

kinetic : 0.781368 (0.006762)
potential : -1.256869 (0.006309)
energy : -0.475501 (0.000925)

kinetic : 0.781603 (0.006727)
potential : -1.257108 (0.006278)
energy : -0.475505 (0.000920)

kinetic : 0.781499 (0.006690)
potential : -1.256922 (0.006245)
energy : -0.475423 (0.000918)

kinetic : 0.781005 (0.006670)
potential : -1.256509 (0.006223)
energy : -0.475504 (0.000916)

kinetic : 0.781137 (0.006634)
potential : -1.256707 (0.006191)
energy : -0.475570 (0.000914)

kinetic : 0.781409 (0.006602)
potential : -1.257021 (0.006165)
energy : -0.475611 (0.000909)

kinetic : 0.781151 (0.006571)
potential : -1.256807 (0.006134)
energy : -0.475656 (0.000905)

kinetic : 0.780865 (0.006540)
potential : -1.256630 (0.006103)
energy : -0.475766 (0.000907)

kinetic : 0.781118 (0.006509)
potential : -1.256882 (0.006074)
energy : -0.475764 (0.000902)

kinetic : 0.781077 (0.006474)
potential : -1.256844 (0.006041)
energy : -0.475767 (0.000897)

kinetic : 0.781196 (0.006440)
potential : -1.256924 (0.006009)
energy : -0.475728 (0.000893)

kinetic : 0.781716 (0.006426)
potential : -1.257366 (0.005992)
energy : -0.475650 (0.000892)

kinetic : 0.781100 (0.006421)
potential : -1.256736 (0.005993)
energy : -0.475636 (0.000887)

kinetic : 0.782226 (0.006485)
potential : -1.257765 (0.006049)
energy : -0.475539 (0.000887)

kinetic : 0.782768 (0.006473)
potential : -1.258326 (0.006043)
energy : -0.475558 (0.000883)

kinetic : 0.782686 (0.006439)
potential : -1.258226 (0.006012)
energy : -0.475540 (0.000878)

kinetic : 0.783367 (0.006441)
potential : -1.258892 (0.006017)
energy : -0.475525 (0.000874)

kinetic : 0.783448 (0.006408)
potential : -1.258948 (0.005986)
energy : -0.475500 (0.000870)

kinetic : 0.783117 (0.006383)
potential : -1.258667 (0.005961)
energy : -0.475551 (0.000867)

kinetic : 0.782681 (0.006365)
potential : -1.258276 (0.005943)
energy : -0.475595 (0.000863)

kinetic : 0.782264 (0.006346)
potential : -1.257889 (0.005925)
energy : -0.475625 (0.000859)

kinetic : 0.782360 (0.006314)
potential : -1.257945 (0.005895)
energy : -0.475585 (0.000856)

kinetic : 0.783379 (0.006364)
potential : -1.258866 (0.005937)
energy : -0.475487 (0.000857)

kinetic : 0.784167 (0.006380)
potential : -1.259552 (0.005946)
energy : -0.475385 (0.000859)

kinetic : 0.783991 (0.006350)
potential : -1.259440 (0.005917)
energy : -0.475449 (0.000857)

kinetic : 0.784058 (0.006319)
potential : -1.259522 (0.005888)
energy : -0.475464 (0.000853)

kinetic : 0.783911 (0.006289)
potential : -1.259401 (0.005860)
energy : -0.475490 (0.000849)

kinetic : 0.783939 (0.006257)
potential : -1.259435 (0.005830)
energy : -0.475496 (0.000845)

kinetic : 0.784071 (0.006228)
potential : -1.259500 (0.005802)
energy : -0.475430 (0.000843)

kinetic : 0.783468 (0.006226)
potential : -1.258932 (0.005801)
energy : -0.475464 (0.000839)

kinetic : 0.783744 (0.006202)
potential : -1.259188 (0.005778)
energy : -0.475444 (0.000836)

kinetic : 0.784172 (0.006186)
potential : -1.259582 (0.005764)
energy : -0.475409 (0.000832)

kinetic : 0.784460 (0.006163)
potential : -1.259793 (0.005739)
energy : -0.475333 (0.000832)

kinetic : 0.784523 (0.006133)
potential : -1.259821 (0.005712)
energy : -0.475298 (0.000828)

kinetic : 0.785502 (0.006182)
potential : -1.260749 (0.005759)
energy : -0.475246 (0.000826)

kinetic : 0.785696 (0.006155)
potential : -1.260927 (0.005735)
energy : -0.475231 (0.000822)

kinetic : 0.785394 (0.006133)
potential : -1.260743 (0.005710)
energy : -0.475349 (0.000827)

kinetic : 0.784856 (0.006128)
potential : -1.260277 (0.005702)
energy : -0.475420 (0.000826)

kinetic : 0.784552 (0.006106)
potential : -1.260048 (0.005680)
energy : -0.475497 (0.000826)

kinetic : 0.784751 (0.006081)
potential : -1.260159 (0.005654)
energy : -0.475408 (0.000826)

kinetic : 0.784956 (0.006056)
potential : -1.260292 (0.005629)
energy : -0.475336 (0.000826)

kinetic : 0.786510 (0.006225)
potential : -1.261792 (0.005800)
energy : -0.475282 (0.000824)

kinetic : 0.786053 (0.006213)
potential : -1.261422 (0.005785)
energy : -0.475369 (0.000824)

kinetic : 0.786449 (0.006197)
potential : -1.261838 (0.005774)
energy : -0.475389 (0.000821)

kinetic : 0.788047 (0.006372)
potential : -1.263345 (0.005941)
energy : -0.475297 (0.000822)

kinetic : 0.787552 (0.006362)
potential : -1.262920 (0.005929)
energy : -0.475368 (0.000821)

kinetic : 0.787592 (0.006333)
potential : -1.262870 (0.005902)
energy : -0.475278 (0.000823)

kinetic : 0.787666 (0.006305)
potential : -1.262933 (0.005876)
energy : -0.475267 (0.000819)

kinetic : 0.787625 (0.006277)
potential : -1.262823 (0.005850)
energy : -0.475197 (0.000818)

kinetic : 0.787363 (0.006254)
potential : -1.262545 (0.005831)
energy : -0.475182 (0.000815)

kinetic : 0.787590 (0.006230)
potential : -1.262684 (0.005806)
energy : -0.475095 (0.000816)

kinetic : 0.787590 (0.006202)
potential : -1.262754 (0.005781)
energy : -0.475164 (0.000815)

kinetic : 0.787439 (0.006177)
potential : -1.262682 (0.005756)
energy : -0.475243 (0.000815)

kinetic : 0.787674 (0.006154)
potential : -1.262905 (0.005735)
energy : -0.475231 (0.000812)

kinetic : 0.787638 (0.006127)
potential : -1.262821 (0.005710)
energy : -0.475183 (0.000810)

kinetic : 0.787118 (0.006122)
potential : -1.262309 (0.005708)
energy : -0.475191 (0.000806)

kinetic : 0.786978 (0.006097)
potential : -1.262193 (0.005684)
energy : -0.475215 (0.000803)

kinetic : 0.787191 (0.006074)
potential : -1.262341 (0.005662)
energy : -0.475150 (0.000802)

kinetic : 0.787177 (0.006048)
potential : -1.262380 (0.005637)
energy : -0.475203 (0.000800)

kinetic : 0.787229 (0.006022)
potential : -1.262434 (0.005613)
energy : -0.475204 (0.000797)

kinetic : 0.787079 (0.005998)
potential : -1.262339 (0.005590)
energy : -0.475259 (0.000795)

kinetic : 0.786891 (0.005976)
potential : -1.262191 (0.005568)
energy : -0.475301 (0.000793)

kinetic : 0.787116 (0.005955)
potential : -1.262415 (0.005549)
energy : -0.475300 (0.000790)

kinetic : 0.787934 (0.005986)
potential : -1.263146 (0.005574)
energy : -0.475212 (0.000791)

kinetic : 0.788366 (0.005976)
potential : -1.263540 (0.005564)
energy : -0.475174 (0.000789)

kinetic : 0.788430 (0.005951)
potential : -1.263609 (0.005541)
energy : -0.475178 (0.000785)

kinetic : 0.788311 (0.005928)
potential : -1.263498 (0.005519)
energy : -0.475186 (0.000782)

kinetic : 0.788708 (0.005916)
potential : -1.263884 (0.005510)
energy : -0.475176 (0.000779)

kinetic : 0.789159 (0.005909)
potential : -1.264250 (0.005499)
energy : -0.475090 (0.000781)

kinetic : 0.788864 (0.005892)
potential : -1.264042 (0.005481)
energy : -0.475177 (0.000782)

kinetic : 0.788897 (0.005868)
potential : -1.264084 (0.005458)
energy : -0.475188 (0.000779)

kinetic : 0.789019 (0.005845)
potential : -1.264179 (0.005437)
energy : -0.475160 (0.000776)

kinetic : 0.789538 (0.005845)
potential : -1.264696 (0.005439)
energy : -0.475157 (0.000773)

kinetic : 0.789696 (0.005823)
potential : -1.264835 (0.005419)
energy : -0.475139 (0.000770)

kinetic : 0.790122 (0.005815)
potential : -1.265144 (0.005406)
energy : -0.475022 (0.000776)

kinetic : 0.790576 (0.005810)
potential : -1.265562 (0.005400)
energy : -0.474986 (0.000774)

kinetic : 0.790837 (0.005792)
potential : -1.265791 (0.005384)
energy : -0.474954 (0.000771)

kinetic : 0.791102 (0.005775)
potential : -1.266006 (0.005366)
energy : -0.474905 (0.000770)

kinetic : 0.791521 (0.005767)
potential : -1.266304 (0.005353)
energy : -0.474783 (0.000776)

kinetic : 0.790946 (0.005773)
potential : -1.265803 (0.005356)
energy : -0.474856 (0.000777)

kinetic : 0.791041 (0.005751)
potential : -1.265859 (0.005335)
energy : -0.474817 (0.000774)

kinetic : 0.791767 (0.005774)
potential : -1.266579 (0.005362)
energy : -0.474812 (0.000771)

kinetic : 0.791780 (0.005752)
potential : -1.266611 (0.005342)
energy : -0.474831 (0.000769)

kinetic : 0.791515 (0.005736)
potential : -1.266391 (0.005325)
energy : -0.474876 (0.000767)

kinetic : 0.791557 (0.005713)
potential : -1.266381 (0.005305)
energy : -0.474824 (0.000766)

kinetic : 0.791551 (0.005691)
potential : -1.266395 (0.005284)
energy : -0.474845 (0.000763)

kinetic : 0.791402 (0.005671)
potential : -1.266258 (0.005266)
energy : -0.474856 (0.000760)

kinetic : 0.791178 (0.005654)
potential : -1.266018 (0.005251)
energy : -0.474840 (0.000757)

kinetic : 0.790891 (0.005640)
potential : -1.265757 (0.005237)
energy : -0.474866 (0.000755)

kinetic : 0.790714 (0.005621)
potential : -1.265541 (0.005222)
energy : -0.474827 (0.000753)

kinetic : 0.790428 (0.005607)
potential : -1.265277 (0.005209)
energy : -0.474849 (0.000751)

kinetic : 0.790276 (0.005588)
potential : -1.265125 (0.005191)
energy : -0.474848 (0.000748)

kinetic : 0.790218 (0.005567)
potential : -1.265057 (0.005172)
energy : -0.474839 (0.000745)

kinetic : 0.790225 (0.005546)
potential : -1.265044 (0.005153)
energy : -0.474819 (0.000742)

kinetic : 0.790512 (0.005533)
potential : -1.265235 (0.005137)
energy : -0.474723 (0.000746)

kinetic : 0.790899 (0.005526)
potential : -1.265644 (0.005134)
energy : -0.474746 (0.000743)

kinetic : 0.790508 (0.005519)
potential : -1.265349 (0.005124)
energy : -0.474842 (0.000747)

kinetic : 0.790994 (0.005520)
potential : -1.265792 (0.005124)
energy : -0.474798 (0.000745)

kinetic : 0.791260 (0.005506)
potential : -1.266080 (0.005113)
energy : -0.474820 (0.000743)

kinetic : 0.791728 (0.005506)
potential : -1.266523 (0.005114)
energy : -0.474795 (0.000741)

kinetic : 0.791653 (0.005487)
potential : -1.266384 (0.005097)
energy : -0.474731 (0.000741)

kinetic : 0.791627 (0.005467)
potential : -1.266299 (0.005079)
energy : -0.474671 (0.000740)

kinetic : 0.791065 (0.005476)
potential : -1.265768 (0.005088)
energy : -0.474703 (0.000738)

kinetic : 0.791182 (0.005457)
potential : -1.265913 (0.005072)
energy : -0.474731 (0.000736)

kinetic : 0.791096 (0.005438)
potential : -1.265873 (0.005054)
energy : -0.474778 (0.000735)

kinetic : 0.791286 (0.005422)
potential : -1.266048 (0.005039)
energy : -0.474762 (0.000733)

kinetic : 0.791455 (0.005405)
potential : -1.266129 (0.005021)
energy : -0.474675 (0.000735)

kinetic : 0.791624 (0.005389)
potential : -1.266331 (0.005007)
energy : -0.474706 (0.000733)

kinetic : 0.791344 (0.005377)
potential : -1.266040 (0.004998)
energy : -0.474696 (0.000731)

kinetic : 0.791115 (0.005363)
potential : -1.265860 (0.004984)
energy : -0.474744 (0.000730)

kinetic : 0.790958 (0.005346)
potential : -1.265731 (0.004968)
energy : -0.474773 (0.000728)

kinetic : 0.790908 (0.005327)
potential : -1.265674 (0.004951)
energy : -0.474765 (0.000725)

kinetic : 0.790993 (0.005310)
potential : -1.265745 (0.004934)
energy : -0.474751 (0.000723)

kinetic : 0.791369 (0.005304)
potential : -1.266119 (0.004931)
energy : -0.474750 (0.000720)

kinetic : 0.791224 (0.005288)
potential : -1.265950 (0.004917)
energy : -0.474726 (0.000718)

kinetic : 0.791072 (0.005272)
potential : -1.265753 (0.004903)
energy : -0.474682 (0.000717)

kinetic : 0.791118 (0.005254)
potential : -1.265826 (0.004887)
energy : -0.474707 (0.000715)

kinetic : 0.790874 (0.005241)
potential : -1.265598 (0.004876)
energy : -0.474724 (0.000713)

kinetic : 0.791203 (0.005234)
potential : -1.265903 (0.004868)
energy : -0.474700 (0.000711)

kinetic : 0.791158 (0.005216)
potential : -1.265889 (0.004852)
energy : -0.474731 (0.000709)

kinetic : 0.791426 (0.005205)
potential : -1.266107 (0.004840)
energy : -0.474681 (0.000708)

kinetic : 0.791533 (0.005188)
potential : -1.266136 (0.004824)
energy : -0.474603 (0.000710)

kinetic : 0.791065 (0.005192)
potential : -1.265755 (0.004823)
energy : -0.474690 (0.000713)

kinetic : 0.790702 (0.005187)
potential : -1.265429 (0.004817)
energy : -0.474727 (0.000712)

kinetic : 0.790580 (0.005171)
potential : -1.265353 (0.004802)
energy : -0.474773 (0.000711)

kinetic : 0.790573 (0.005154)
potential : -1.265333 (0.004786)
energy : -0.474760 (0.000709)

kinetic : 0.790896 (0.005147)
potential : -1.265564 (0.004775)
energy : -0.474668 (0.000712)

kinetic : 0.790653 (0.005135)
potential : -1.265270 (0.004768)
energy : -0.474617 (0.000712)

kinetic : 0.790697 (0.005119)
potential : -1.265302 (0.004753)
energy : -0.474605 (0.000709)

kinetic : 0.790700 (0.005102)
potential : -1.265303 (0.004737)
energy : -0.474603 (0.000707)

kinetic : 0.790505 (0.005089)
potential : -1.265104 (0.004726)
energy : -0.474599 (0.000705)

kinetic : 0.790582 (0.005073)
potential : -1.265158 (0.004710)
energy : -0.474576 (0.000703)

kinetic : 0.790635 (0.005056)
potential : -1.265199 (0.004695)
energy : -0.474564 (0.000701)

kinetic : 0.790482 (0.005042)
potential : -1.265044 (0.004682)
energy : -0.474562 (0.000698)

kinetic : 0.790773 (0.005034)
potential : -1.265348 (0.004677)
energy : -0.474575 (0.000696)

kinetic : 0.791028 (0.005024)
potential : -1.265540 (0.004666)
energy : -0.474512 (0.000697)

kinetic : 0.790973 (0.005008)
potential : -1.265582 (0.004651)
energy : -0.474609 (0.000701)

kinetic : 0.790748 (0.004997)
potential : -1.265352 (0.004642)
energy : -0.474604 (0.000699)

kinetic : 0.790993 (0.004987)
potential : -1.265644 (0.004636)
energy : -0.474651 (0.000698)

kinetic : 0.790891 (0.004972)
potential : -1.265504 (0.004623)
energy : -0.474613 (0.000697)

kinetic : 0.790776 (0.004958)
potential : -1.265450 (0.004609)
energy : -0.474673 (0.000698)

kinetic : 0.790862 (0.004943)
potential : -1.265500 (0.004595)
energy : -0.474638 (0.000696)

kinetic : 0.790379 (0.004951)
potential : -1.265092 (0.004598)
energy : -0.474713 (0.000698)

kinetic : 0.790590 (0.004940)
potential : -1.265341 (0.004590)
energy : -0.474750 (0.000697)

kinetic : 0.790427 (0.004927)
potential : -1.265244 (0.004577)
energy : -0.474816 (0.000698)

kinetic : 0.790607 (0.004915)
potential : -1.265378 (0.004564)
energy : -0.474770 (0.000697)

kinetic : 0.790412 (0.004903)
potential : -1.265199 (0.004554)
energy : -0.474787 (0.000695)

kinetic : 0.790288 (0.004889)
potential : -1.265130 (0.004540)
energy : -0.474842 (0.000695)

kinetic : 0.790407 (0.004876)
potential : -1.265264 (0.004528)
energy : -0.474857 (0.000693)

kinetic : 0.790321 (0.004861)
potential : -1.265177 (0.004515)
energy : -0.474856 (0.000691)

kinetic : 0.790330 (0.004846)
potential : -1.265248 (0.004501)
energy : -0.474918 (0.000692)

kinetic : 0.790117 (0.004836)
potential : -1.265061 (0.004491)
energy : -0.474944 (0.000690)

kinetic : 0.790092 (0.004821)
potential : -1.265014 (0.004478)
energy : -0.474922 (0.000688)

kinetic : 0.789871 (0.004811)
potential : -1.264813 (0.004469)
energy : -0.474942 (0.000686)

kinetic : 0.790015 (0.004799)
potential : -1.264911 (0.004456)
energy : -0.474896 (0.000686)

kinetic : 0.790093 (0.004785)
potential : -1.264930 (0.004442)
energy : -0.474837 (0.000686)

kinetic : 0.789732 (0.004784)
potential : -1.264596 (0.004442)
energy : -0.474864 (0.000685)

kinetic : 0.789839 (0.004771)
potential : -1.264671 (0.004429)
energy : -0.474832 (0.000684)

kinetic : 0.790176 (0.004768)
potential : -1.265015 (0.004429)
energy : -0.474840 (0.000682)

kinetic : 0.790206 (0.004754)
potential : -1.265020 (0.004415)
energy : -0.474814 (0.000680)

kinetic : 0.790521 (0.004750)
potential : -1.265318 (0.004412)
energy : -0.474796 (0.000678)

kinetic : 0.790723 (0.004740)
potential : -1.265525 (0.004404)
energy : -0.474802 (0.000676)

kinetic : 0.790824 (0.004727)
potential : -1.265600 (0.004391)
energy : -0.474776 (0.000675)

kinetic : 0.790971 (0.004716)
potential : -1.265718 (0.004380)
energy : -0.474747 (0.000673)

kinetic : 0.791473 (0.004728)
potential : -1.266185 (0.004392)
energy : -0.474712 (0.000672)

kinetic : 0.791788 (0.004725)
potential : -1.266429 (0.004386)
energy : -0.474641 (0.000674)

kinetic : 0.791432 (0.004724)
potential : -1.266088 (0.004386)
energy : -0.474656 (0.000672)

kinetic : 0.790917 (0.004739)
potential : -1.265627 (0.004397)
energy : -0.474710 (0.000672)

kinetic : 0.790907 (0.004725)
potential : -1.265561 (0.004385)
energy : -0.474654 (0.000673)

kinetic : 0.791013 (0.004712)
potential : -1.265625 (0.004373)
energy : -0.474612 (0.000672)

kinetic : 0.791330 (0.004709)
potential : -1.265998 (0.004376)
energy : -0.474668 (0.000672)

kinetic : 0.791545 (0.004700)
potential : -1.266187 (0.004367)
energy : -0.474642 (0.000671)

kinetic : 0.791153 (0.004703)
potential : -1.265853 (0.004367)
energy : -0.474700 (0.000672)

kinetic : 0.790836 (0.004700)
potential : -1.265587 (0.004363)
energy : -0.474751 (0.000671)

kinetic : 0.791024 (0.004690)
potential : -1.265753 (0.004354)
energy : -0.474729 (0.000670)

kinetic : 0.791131 (0.004678)
potential : -1.265854 (0.004342)
energy : -0.474723 (0.000668)

kinetic : 0.791139 (0.004665)
potential : -1.265847 (0.004330)
energy : -0.474707 (0.000666)

kinetic : 0.791444 (0.004662)
potential : -1.266061 (0.004323)
energy : -0.474616 (0.000671)

kinetic : 0.791490 (0.004648)
potential : -1.266132 (0.004311)
energy : -0.474642 (0.000669)

kinetic : 0.791527 (0.004635)
potential : -1.266114 (0.004299)
energy : -0.474587 (0.000670)

kinetic : 0.791463 (0.004623)
potential : -1.266043 (0.004287)
energy : -0.474580 (0.000668)

kinetic : 0.791566 (0.004611)
potential : -1.266152 (0.004277)
energy : -0.474585 (0.000666)

kinetic : 0.791577 (0.004598)
potential : -1.266185 (0.004265)
energy : -0.474608 (0.000664)

kinetic : 0.791097 (0.004610)
potential : -1.265759 (0.004274)
energy : -0.474662 (0.000665)

kinetic : 0.791504 (0.004615)
potential : -1.266156 (0.004281)
energy : -0.474652 (0.000663)

kinetic : 0.792128 (0.004644)
potential : -1.266711 (0.004305)
energy : -0.474583 (0.000665)

kinetic : 0.792184 (0.004632)
potential : -1.266771 (0.004293)
energy : -0.474586 (0.000663)

kinetic : 0.791997 (0.004623)
potential : -1.266575 (0.004286)
energy : -0.474578 (0.000661)

kinetic : 0.791714 (0.004619)
potential : -1.266315 (0.004282)
energy : -0.474602 (0.000660)

kinetic : 0.791859 (0.004608)
potential : -1.266465 (0.004272)
energy : -0.474606 (0.000658)

kinetic : 0.791830 (0.004596)
potential : -1.266463 (0.004261)
energy : -0.474633 (0.000656)

kinetic : 0.791625 (0.004588)
potential : -1.266279 (0.004253)
energy : -0.474654 (0.000655)

kinetic : 0.791347 (0.004583)
potential : -1.266044 (0.004248)
energy : -0.474697 (0.000655)

kinetic : 0.791189 (0.004574)
potential : -1.265928 (0.004238)
energy : -0.474739 (0.000654)

kinetic : 0.790906 (0.004570)
potential : -1.265704 (0.004232)
energy : -0.474798 (0.000655)

kinetic : 0.791341 (0.004578)
potential : -1.266102 (0.004239)
energy : -0.474761 (0.000654)

kinetic : 0.791127 (0.004571)
potential : -1.265916 (0.004232)
energy : -0.474789 (0.000653)

kinetic : 0.791352 (0.004564)
potential : -1.266098 (0.004225)
energy : -0.474747 (0.000653)

kinetic : 0.791301 (0.004552)
potential : -1.266071 (0.004213)
energy : -0.474770 (0.000651)

kinetic : 0.791199 (0.004541)
potential : -1.265988 (0.004203)
energy : -0.474789 (0.000650)

kinetic : 0.790963 (0.004535)
potential : -1.265831 (0.004195)
energy : -0.474869 (0.000653)

kinetic : 0.790809 (0.004525)
potential : -1.265699 (0.004185)
energy : -0.474890 (0.000652)

kinetic : 0.791081 (0.004522)
potential : -1.265946 (0.004182)
energy : -0.474865 (0.000650)

kinetic : 0.790821 (0.004517)
potential : -1.265674 (0.004179)
energy : -0.474853 (0.000649)

kinetic : 0.790426 (0.004522)
potential : -1.265343 (0.004181)
energy : -0.474917 (0.000650)

kinetic : 0.790406 (0.004510)
potential : -1.265358 (0.004170)
energy : -0.474952 (0.000649)

kinetic : 0.790311 (0.004500)
potential : -1.265258 (0.004161)
energy : -0.474947 (0.000648)

kinetic : 0.790084 (0.004494)
potential : -1.265034 (0.004156)
energy : -0.474951 (0.000646)

kinetic : 0.790262 (0.004485)
potential : -1.265172 (0.004147)
energy : -0.474910 (0.000646)

kinetic : 0.790238 (0.004474)
potential : -1.265106 (0.004137)
energy : -0.474867 (0.000645)

kinetic : 0.790251 (0.004462)
potential : -1.265108 (0.004126)
energy : -0.474856 (0.000644)

kinetic : 0.790261 (0.004450)
potential : -1.265078 (0.004115)
energy : -0.474817 (0.000643)

kinetic : 0.789842 (0.004459)
potential : -1.264730 (0.004119)
energy : -0.474888 (0.000645)

kinetic : 0.790114 (0.004455)
potential : -1.264977 (0.004116)
energy : -0.474863 (0.000644)

kinetic : 0.790279 (0.004447)
potential : -1.265121 (0.004108)
energy : -0.474841 (0.000643)

kinetic : 0.789834 (0.004458)
potential : -1.264702 (0.004119)
energy : -0.474868 (0.000642)

kinetic : 0.789544 (0.004456)
potential : -1.264519 (0.004112)
energy : -0.474974 (0.000649)

kinetic : 0.789614 (0.004445)
potential : -1.264532 (0.004102)
energy : -0.474918 (0.000650)

kinetic : 0.789772 (0.004436)
potential : -1.264690 (0.004094)
energy : -0.474919 (0.000648)

kinetic : 0.789767 (0.004425)
potential : -1.264722 (0.004084)
energy : -0.474954 (0.000647)

kinetic : 0.789568 (0.004418)
potential : -1.264571 (0.004076)
energy : -0.475003 (0.000648)

kinetic : 0.789328 (0.004414)
potential : -1.264355 (0.004072)
energy : -0.475027 (0.000646)

kinetic : 0.788947 (0.004419)
potential : -1.264012 (0.004076)
energy : -0.475065 (0.000646)

kinetic : 0.788868 (0.004408)
potential : -1.263931 (0.004067)
energy : -0.475063 (0.000644)

kinetic : 0.788562 (0.004408)
potential : -1.263667 (0.004065)
energy : -0.475105 (0.000644)

kinetic : 0.788313 (0.004404)
potential : -1.263449 (0.004061)
energy : -0.475136 (0.000643)

kinetic : 0.788495 (0.004397)
potential : -1.263630 (0.004054)
energy : -0.475135 (0.000642)

kinetic : 0.788551 (0.004386)
potential : -1.263670 (0.004044)
energy : -0.475120 (0.000640)

kinetic : 0.788589 (0.004375)
potential : -1.263713 (0.004035)
energy : -0.475124 (0.000639)

kinetic : 0.788384 (0.004369)
potential : -1.263530 (0.004029)
energy : -0.475146 (0.000637)

kinetic : 0.788303 (0.004359)
potential : -1.263488 (0.004019)
energy : -0.475185 (0.000637)

kinetic : 0.788134 (0.004352)
potential : -1.263358 (0.004011)
energy : -0.475224 (0.000637)

kinetic : 0.787974 (0.004344)
potential : -1.263218 (0.004004)
energy : -0.475244 (0.000635)

kinetic : 0.788189 (0.004339)
potential : -1.263428 (0.003999)
energy : -0.475239 (0.000634)

kinetic : 0.788126 (0.004328)
potential : -1.263365 (0.003990)
energy : -0.475239 (0.000632)

kinetic : 0.788240 (0.004319)
potential : -1.263519 (0.003983)
energy : -0.475279 (0.000632)

kinetic : 0.788098 (0.004311)
potential : -1.263367 (0.003976)
energy : -0.475269 (0.000631)

kinetic : 0.788183 (0.004301)
potential : -1.263429 (0.003967)
energy : -0.475246 (0.000629)

kinetic : 0.788434 (0.004298)
potential : -1.263659 (0.003964)
energy : -0.475225 (0.000628)

kinetic : 0.788515 (0.004289)
potential : -1.263706 (0.003955)
energy : -0.475191 (0.000628)

kinetic : 0.788727 (0.004283)
potential : -1.263853 (0.003948)
energy : -0.475126 (0.000629)

kinetic : 0.788994 (0.004281)
potential : -1.264111 (0.003947)
energy : -0.475117 (0.000628)

kinetic : 0.789032 (0.004271)
potential : -1.264136 (0.003938)
energy : -0.475103 (0.000627)

kinetic : 0.789450 (0.004282)
potential : -1.264556 (0.003951)
energy : -0.475106 (0.000625)

kinetic : 0.789436 (0.004271)
potential : -1.264540 (0.003941)
energy : -0.475104 (0.000624)

kinetic : 0.789252 (0.004265)
potential : -1.264408 (0.003934)
energy : -0.475156 (0.000624)

kinetic : 0.789200 (0.004255)
potential : -1.264317 (0.003926)
energy : -0.475118 (0.000624)

kinetic : 0.789265 (0.004246)
potential : -1.264357 (0.003917)
energy : -0.475092 (0.000623)

kinetic : 0.789462 (0.004240)
potential : -1.264505 (0.003910)
energy : -0.475043 (0.000623)

kinetic : 0.789465 (0.004230)
potential : -1.264503 (0.003901)
energy : -0.475038 (0.000622)

kinetic : 0.789384 (0.004221)
potential : -1.264423 (0.003892)
energy : -0.475038 (0.000621)

kinetic : 0.789082 (0.004222)
potential : -1.264202 (0.003889)
energy : -0.475121 (0.000625)

kinetic : 0.789133 (0.004212)
potential : -1.264254 (0.003881)
energy : -0.475121 (0.000623)

kinetic : 0.789588 (0.004227)
potential : -1.264684 (0.003895)
energy : -0.475096 (0.000622)

kinetic : 0.789284 (0.004228)
potential : -1.264420 (0.003895)
energy : -0.475136 (0.000622)

kinetic : 0.789437 (0.004221)
potential : -1.264560 (0.003889)
energy : -0.475123 (0.000621)

kinetic : 0.789617 (0.004215)
potential : -1.264684 (0.003882)
energy : -0.475067 (0.000622)

kinetic : 0.789598 (0.004205)
potential : -1.264631 (0.003873)
energy : -0.475033 (0.000621)

kinetic : 0.789773 (0.004199)
potential : -1.264797 (0.003868)
energy : -0.475024 (0.000620)

kinetic : 0.789964 (0.004194)
potential : -1.265005 (0.003864)
energy : -0.475041 (0.000619)

kinetic : 0.790248 (0.004194)
potential : -1.265255 (0.003863)
energy : -0.475008 (0.000618)

kinetic : 0.790365 (0.004186)
potential : -1.265350 (0.003856)
energy : -0.474985 (0.000617)

kinetic : 0.790089 (0.004185)
potential : -1.265129 (0.003853)
energy : -0.475041 (0.000618)

kinetic : 0.790027 (0.004176)
potential : -1.265107 (0.003844)
energy : -0.475080 (0.000618)

kinetic : 0.790069 (0.004167)
potential : -1.265071 (0.003836)
energy : -0.475002 (0.000622)

kinetic : 0.790087 (0.004157)
potential : -1.265070 (0.003827)
energy : -0.474983 (0.000620)

kinetic : 0.790380 (0.004158)
potential : -1.265328 (0.003827)
energy : -0.474948 (0.000620)

kinetic : 0.790412 (0.004149)
potential : -1.265331 (0.003818)
energy : -0.474919 (0.000619)

kinetic : 0.790134 (0.004149)
potential : -1.265083 (0.003818)
energy : -0.474948 (0.000619)

kinetic : 0.790189 (0.004140)
potential : -1.265100 (0.003809)
energy : -0.474910 (0.000618)

kinetic : 0.790233 (0.004131)
potential : -1.265147 (0.003801)
energy : -0.474913 (0.000617)

kinetic : 0.790424 (0.004126)
potential : -1.265305 (0.003796)
energy : -0.474882 (0.000616)

kinetic : 0.790316 (0.004118)
potential : -1.265204 (0.003788)
energy : -0.474888 (0.000615)

kinetic : 0.790069 (0.004116)
potential : -1.264989 (0.003786)
energy : -0.474919 (0.000614)

kinetic : 0.789995 (0.004107)
potential : -1.264920 (0.003778)
energy : -0.474925 (0.000613)

kinetic : 0.790184 (0.004103)
potential : -1.265118 (0.003775)
energy : -0.474935 (0.000612)

kinetic : 0.790196 (0.004094)
potential : -1.265138 (0.003767)
energy : -0.474942 (0.000610)

kinetic : 0.790321 (0.004086)
potential : -1.265237 (0.003760)
energy : -0.474916 (0.000610)

kinetic : 0.790269 (0.004078)
potential : -1.265195 (0.003752)
energy : -0.474926 (0.000608)

kinetic : 0.790426 (0.004072)
potential : -1.265312 (0.003745)
energy : -0.474886 (0.000608)

kinetic : 0.790415 (0.004063)
potential : -1.265361 (0.003737)
energy : -0.474945 (0.000610)

kinetic : 0.790698 (0.004064)
potential : -1.265647 (0.003740)
energy : -0.474949 (0.000609)

kinetic : 0.790905 (0.004060)
potential : -1.265875 (0.003739)
energy : -0.474970 (0.000608)

kinetic : 0.790975 (0.004052)
potential : -1.265970 (0.003732)
energy : -0.474995 (0.000607)

kinetic : 0.790968 (0.004043)
potential : -1.265987 (0.003724)
energy : -0.475018 (0.000606)

kinetic : 0.790918 (0.004034)
potential : -1.265932 (0.003716)
energy : -0.475014 (0.000605)

kinetic : 0.790738 (0.004030)
potential : -1.265792 (0.003710)
energy : -0.475054 (0.000605)

kinetic : 0.790788 (0.004021)
potential : -1.265860 (0.003703)
energy : -0.475071 (0.000604)

kinetic : 0.790551 (0.004019)
potential : -1.265646 (0.003701)
energy : -0.475094 (0.000603)

kinetic : 0.790624 (0.004011)
potential : -1.265690 (0.003693)
energy : -0.475066 (0.000602)

kinetic : 0.791095 (0.004030)
potential : -1.266174 (0.003717)
energy : -0.475079 (0.000601)

kinetic : 0.790953 (0.004024)
potential : -1.266070 (0.003711)
energy : -0.475117 (0.000601)

kinetic : 0.790829 (0.004018)
potential : -1.265990 (0.003704)
energy : -0.475161 (0.000601)

kinetic : 0.791058 (0.004015)
potential : -1.266171 (0.003700)
energy : -0.475113 (0.000602)

kinetic : 0.790914 (0.004009)
potential : -1.266023 (0.003695)
energy : -0.475108 (0.000601)

kinetic : 0.791132 (0.004007)
potential : -1.266220 (0.003692)
energy : -0.475088 (0.000600)

kinetic : 0.790936 (0.004003)
potential : -1.266052 (0.003688)
energy : -0.475116 (0.000599)

kinetic : 0.790980 (0.003995)
potential : -1.266146 (0.003682)
energy : -0.475166 (0.000600)

kinetic : 0.790943 (0.003987)
potential : -1.266096 (0.003674)
energy : -0.475153 (0.000599)

kinetic : 0.790915 (0.003978)
potential : -1.266086 (0.003667)
energy : -0.475171 (0.000598)

kinetic : 0.791075 (0.003973)
potential : -1.266194 (0.003660)
energy : -0.475119 (0.000599)

kinetic : 0.790971 (0.003966)
potential : -1.266115 (0.003654)
energy : -0.475144 (0.000598)

kinetic : 0.791061 (0.003959)
potential : -1.266181 (0.003646)
energy : -0.475119 (0.000597)

kinetic : 0.791339 (0.003960)
potential : -1.266436 (0.003648)
energy : -0.475097 (0.000596)

kinetic : 0.791248 (0.003953)
potential : -1.266335 (0.003642)
energy : -0.475087 (0.000595)

kinetic : 0.791172 (0.003945)
potential : -1.266263 (0.003635)
energy : -0.475091 (0.000594)

kinetic : 0.791140 (0.003937)
potential : -1.266257 (0.003627)
energy : -0.475117 (0.000593)

kinetic : 0.790921 (0.003935)
potential : -1.266031 (0.003627)
energy : -0.475110 (0.000592)

kinetic : 0.791327 (0.003948)
potential : -1.266399 (0.003638)
energy : -0.475072 (0.000592)

kinetic : 0.791209 (0.003942)
potential : -1.266269 (0.003633)
energy : -0.475060 (0.000591)

kinetic : 0.791046 (0.003937)
potential : -1.266133 (0.003628)
energy : -0.475087 (0.000590)

kinetic : 0.790835 (0.003934)
potential : -1.265945 (0.003625)
energy : -0.475111 (0.000590)

kinetic : 0.790768 (0.003927)
potential : -1.265828 (0.003619)
energy : -0.475059 (0.000591)

kinetic : 0.790703 (0.003919)
potential : -1.265780 (0.003612)
energy : -0.475077 (0.000590)

kinetic : 0.790602 (0.003913)
potential : -1.265706 (0.003606)
energy : -0.475104 (0.000589)

kinetic : 0.790697 (0.003906)
potential : -1.265807 (0.003600)
energy : -0.475110 (0.000588)

kinetic : 0.790564 (0.003900)
potential : -1.265702 (0.003594)
energy : -0.475138 (0.000587)

kinetic : 0.790941 (0.003910)
potential : -1.266070 (0.003605)
energy : -0.475130 (0.000586)

kinetic : 0.791023 (0.003903)
potential : -1.266118 (0.003598)
energy : -0.475095 (0.000586)

kinetic : 0.791051 (0.003895)
potential : -1.266140 (0.003591)
energy : -0.475088 (0.000585)

kinetic : 0.790910 (0.003890)
potential : -1.266022 (0.003586)
energy : -0.475113 (0.000584)

kinetic : 0.790981 (0.003883)
potential : -1.266096 (0.003579)
energy : -0.475114 (0.000583)

kinetic : 0.790791 (0.003880)
potential : -1.265945 (0.003575)
energy : -0.475154 (0.000583)

kinetic : 0.790624 (0.003875)
potential : -1.265766 (0.003573)
energy : -0.475142 (0.000582)

kinetic : 0.790323 (0.003879)
potential : -1.265503 (0.003575)
energy : -0.475180 (0.000582)

kinetic : 0.790559 (0.003879)
potential : -1.265739 (0.003576)
energy : -0.475179 (0.000581)

kinetic : 0.790616 (0.003871)
potential : -1.265797 (0.003569)
energy : -0.475181 (0.000580)

kinetic : 0.790681 (0.003864)
potential : -1.265829 (0.003562)
energy : -0.475147 (0.000580)

kinetic : 0.790684 (0.003857)
potential : -1.265828 (0.003555)
energy : -0.475144 (0.000579)

kinetic : 0.790671 (0.003849)
potential : -1.265806 (0.003548)
energy : -0.475135 (0.000577)

kinetic : 0.790815 (0.003844)
potential : -1.265918 (0.003543)
energy : -0.475104 (0.000577)

kinetic : 0.790565 (0.003844)
potential : -1.265680 (0.003544)
energy : -0.475114 (0.000576)

kinetic : 0.790813 (0.003845)
potential : -1.265935 (0.003546)
energy : -0.475122 (0.000575)

kinetic : 0.790847 (0.003837)
potential : -1.265941 (0.003539)
energy : -0.475094 (0.000575)

kinetic : 0.790760 (0.003831)
potential : -1.265856 (0.003533)
energy : -0.475097 (0.000574)

kinetic : 0.790745 (0.003823)
potential : -1.265856 (0.003526)
energy : -0.475111 (0.000573)

kinetic : 0.790706 (0.003816)
potential : -1.265817 (0.003519)
energy : -0.475111 (0.000571)

kinetic : 0.790728 (0.003809)
potential : -1.265836 (0.003512)
energy : -0.475108 (0.000570)

kinetic : 0.790438 (0.003812)
potential : -1.265623 (0.003512)
energy : -0.475186 (0.000574)

kinetic : 0.790256 (0.003809)
potential : -1.265450 (0.003509)
energy : -0.475194 (0.000573)

kinetic : 0.790234 (0.003802)
potential : -1.265437 (0.003503)
energy : -0.475203 (0.000572)

kinetic : 0.790298 (0.003795)
potential : -1.265480 (0.003496)
energy : -0.475182 (0.000572)

kinetic : 0.790611 (0.003800)
potential : -1.265737 (0.003499)
energy : -0.475126 (0.000573)

kinetic : 0.790380 (0.003800)
potential : -1.265516 (0.003499)
energy : -0.475135 (0.000572)

kinetic : 0.790316 (0.003793)
potential : -1.265451 (0.003493)
energy : -0.475135 (0.000571)

kinetic : 0.790257 (0.003786)
potential : -1.265379 (0.003487)
energy : -0.475121 (0.000570)

kinetic : 0.790106 (0.003782)
potential : -1.265242 (0.003483)
energy : -0.475136 (0.000569)

kinetic : 0.790150 (0.003775)
potential : -1.265240 (0.003476)
energy : -0.475090 (0.000570)

kinetic : 0.790003 (0.003771)
potential : -1.265120 (0.003471)
energy : -0.475118 (0.000570)

kinetic : 0.790186 (0.003768)
potential : -1.265315 (0.003470)
energy : -0.475128 (0.000569)

kinetic : 0.790148 (0.003761)
potential : -1.265258 (0.003464)
energy : -0.475110 (0.000568)

kinetic : 0.790223 (0.003755)
potential : -1.265322 (0.003458)
energy : -0.475099 (0.000567)

kinetic : 0.790319 (0.003749)
potential : -1.265420 (0.003453)
energy : -0.475101 (0.000566)

kinetic : 0.790366 (0.003742)
potential : -1.265443 (0.003446)
energy : -0.475077 (0.000565)

kinetic : 0.790418 (0.003735)
potential : -1.265455 (0.003440)
energy : -0.475037 (0.000565)

kinetic : 0.790330 (0.003729)
potential : -1.265364 (0.003435)
energy : -0.475034 (0.000564)

kinetic : 0.790095 (0.003729)
potential : -1.265161 (0.003434)
energy : -0.475066 (0.000564)

kinetic : 0.789924 (0.003726)
potential : -1.265018 (0.003431)
energy : -0.475094 (0.000564)

kinetic : 0.789969 (0.003719)
potential : -1.265037 (0.003424)
energy : -0.475068 (0.000563)

kinetic : 0.789799 (0.003716)
potential : -1.264901 (0.003420)
energy : -0.475101 (0.000563)

kinetic : 0.789688 (0.003711)
potential : -1.264836 (0.003415)
energy : -0.475148 (0.000564)

kinetic : 0.789586 (0.003706)
potential : -1.264744 (0.003409)
energy : -0.475158 (0.000563)

kinetic : 0.789428 (0.003702)
potential : -1.264592 (0.003407)
energy : -0.475163 (0.000562)

kinetic : 0.789399 (0.003695)
potential : -1.264538 (0.003401)
energy : -0.475139 (0.000562)

kinetic : 0.789400 (0.003688)
potential : -1.264527 (0.003394)
energy : -0.475128 (0.000561)

kinetic : 0.789552 (0.003685)
potential : -1.264698 (0.003392)
energy : -0.475146 (0.000560)

kinetic : 0.789517 (0.003678)
potential : -1.264687 (0.003386)
energy : -0.475170 (0.000560)

kinetic : 0.789406 (0.003673)
potential : -1.264595 (0.003381)
energy : -0.475189 (0.000559)

kinetic : 0.789533 (0.003668)
potential : -1.264737 (0.003378)
energy : -0.475204 (0.000558)

kinetic : 0.789412 (0.003664)
potential : -1.264620 (0.003374)
energy : -0.475209 (0.000557)

kinetic : 0.789444 (0.003657)
potential : -1.264640 (0.003367)
energy : -0.475196 (0.000556)

kinetic : 0.789236 (0.003656)
potential : -1.264465 (0.003366)
energy : -0.475229 (0.000556)

kinetic : 0.789275 (0.003650)
potential : -1.264493 (0.003360)
energy : -0.475218 (0.000555)

kinetic : 0.789144 (0.003645)
potential : -1.264348 (0.003357)
energy : -0.475203 (0.000554)

kinetic : 0.789019 (0.003641)
potential : -1.264252 (0.003352)
energy : -0.475232 (0.000554)

kinetic : 0.789115 (0.003635)
potential : -1.264327 (0.003347)
energy : -0.475212 (0.000553)

kinetic : 0.789247 (0.003631)
potential : -1.264431 (0.003342)
energy : -0.475184 (0.000553)

kinetic : 0.789069 (0.003629)
potential : -1.264253 (0.003341)
energy : -0.475183 (0.000552)

kinetic : 0.789032 (0.003623)
potential : -1.264226 (0.003335)
energy : -0.475194 (0.000551)

kinetic : 0.789479 (0.003644)
potential : -1.264651 (0.003356)
energy : -0.475172 (0.000551)

kinetic : 0.789336 (0.003640)
potential : -1.264549 (0.003351)
energy : -0.475213 (0.000551)

kinetic : 0.789577 (0.003641)
potential : -1.264736 (0.003351)
energy : -0.475159 (0.000553)

kinetic : 0.789699 (0.003637)
potential : -1.264847 (0.003346)
energy : -0.475148 (0.000552)

kinetic : 0.789646 (0.003630)
potential : -1.264762 (0.003341)
energy : -0.475117 (0.000552)

kinetic : 0.789854 (0.003630)
potential : -1.264914 (0.003339)
energy : -0.475060 (0.000554)

kinetic : 0.789918 (0.003624)
potential : -1.264974 (0.003333)
energy : -0.475055 (0.000553)

kinetic : 0.790130 (0.003624)
potential : -1.265144 (0.003332)
energy : -0.475015 (0.000553)

kinetic : 0.789984 (0.003620)
potential : -1.265012 (0.003329)
energy : -0.475027 (0.000553)

kinetic : 0.789964 (0.003614)
potential : -1.264979 (0.003323)
energy : -0.475014 (0.000552)

kinetic : 0.790057 (0.003609)
potential : -1.265050 (0.003318)
energy : -0.474993 (0.000551)

kinetic : 0.790205 (0.003605)
potential : -1.265192 (0.003315)
energy : -0.474987 (0.000550)

kinetic : 0.790185 (0.003599)
potential : -1.265169 (0.003309)
energy : -0.474984 (0.000549)

kinetic : 0.790305 (0.003594)
potential : -1.265244 (0.003304)
energy : -0.474940 (0.000550)

kinetic : 0.790135 (0.003592)
potential : -1.265090 (0.003302)
energy : -0.474955 (0.000549)

kinetic : 0.790177 (0.003586)
potential : -1.265115 (0.003296)
energy : -0.474937 (0.000549)

kinetic : 0.789993 (0.003584)
potential : -1.264961 (0.003294)
energy : -0.474968 (0.000549)

kinetic : 0.789817 (0.003583)
potential : -1.264806 (0.003292)
energy : -0.474989 (0.000548)

kinetic : 0.789713 (0.003578)
potential : -1.264699 (0.003288)
energy : -0.474986 (0.000547)

kinetic : 0.789852 (0.003574)
potential : -1.264800 (0.003283)
energy : -0.474948 (0.000547)

kinetic : 0.789990 (0.003571)
potential : -1.264890 (0.003279)
energy : -0.474900 (0.000549)

kinetic : 0.790089 (0.003566)
potential : -1.264980 (0.003274)
energy : -0.474891 (0.000548)

kinetic : 0.790115 (0.003560)
potential : -1.265017 (0.003269)
energy : -0.474903 (0.000547)

kinetic : 0.789865 (0.003562)
potential : -1.264776 (0.003272)
energy : -0.474911 (0.000546)

kinetic : 0.789874 (0.003556)
potential : -1.264799 (0.003267)
energy : -0.474925 (0.000545)

kinetic : 0.789870 (0.003550)
potential : -1.264776 (0.003261)
energy : -0.474906 (0.000545)

kinetic : 0.789769 (0.003545)
potential : -1.264700 (0.003256)
energy : -0.474930 (0.000544)

kinetic : 0.789687 (0.003540)
potential : -1.264610 (0.003252)
energy : -0.474923 (0.000543)

kinetic : 0.789727 (0.003534)
potential : -1.264671 (0.003247)
energy : -0.474943 (0.000543)

kinetic : 0.789694 (0.003528)
potential : -1.264679 (0.003241)
energy : -0.474985 (0.000543)

kinetic : 0.789659 (0.003522)
potential : -1.264669 (0.003236)
energy : -0.475010 (0.000543)

kinetic : 0.789488 (0.003520)
potential : -1.264517 (0.003234)
energy : -0.475029 (0.000542)

kinetic : 0.789301 (0.003519)
potential : -1.264357 (0.003232)
energy : -0.475056 (0.000542)

kinetic : 0.789320 (0.003513)
potential : -1.264409 (0.003227)
energy : -0.475090 (0.000542)

kinetic : 0.789295 (0.003508)
potential : -1.264378 (0.003222)
energy : -0.475083 (0.000541)

kinetic : 0.789421 (0.003504)
potential : -1.264473 (0.003218)
energy : -0.475052 (0.000541)

kinetic : 0.789243 (0.003502)
potential : -1.264325 (0.003216)
energy : -0.475082 (0.000541)

kinetic : 0.789073 (0.003501)
potential : -1.264178 (0.003214)
energy : -0.475105 (0.000541)

kinetic : 0.789055 (0.003495)
potential : -1.264150 (0.003208)
energy : -0.475095 (0.000540)

kinetic : 0.788923 (0.003491)
potential : -1.264025 (0.003205)
energy : -0.475101 (0.000539)

kinetic : 0.788915 (0.003485)
potential : -1.263983 (0.003200)
energy : -0.475068 (0.000539)

kinetic : 0.788969 (0.003480)
potential : -1.264008 (0.003195)
energy : -0.475040 (0.000539)

kinetic : 0.788930 (0.003474)
potential : -1.264036 (0.003190)
energy : -0.475107 (0.000542)

kinetic : 0.788816 (0.003470)
potential : -1.263922 (0.003186)
energy : -0.475106 (0.000541)

kinetic : 0.788544 (0.003475)
potential : -1.263683 (0.003190)
energy : -0.475138 (0.000541)

kinetic : 0.788421 (0.003472)
potential : -1.263606 (0.003186)
energy : -0.475185 (0.000542)

kinetic : 0.788333 (0.003467)
potential : -1.263535 (0.003181)
energy : -0.475203 (0.000542)

kinetic : 0.788179 (0.003464)
potential : -1.263387 (0.003179)
energy : -0.475209 (0.000541)

kinetic : 0.788241 (0.003459)
potential : -1.263458 (0.003175)
energy : -0.475218 (0.000540)

kinetic : 0.788287 (0.003454)
potential : -1.263474 (0.003169)
energy : -0.475187 (0.000540)

kinetic : 0.788310 (0.003448)
potential : -1.263519 (0.003164)
energy : -0.475209 (0.000540)

kinetic : 0.788566 (0.003452)
potential : -1.263769 (0.003169)
energy : -0.475203 (0.000539)

kinetic : 0.788630 (0.003447)
potential : -1.263835 (0.003165)
energy : -0.475205 (0.000538)

kinetic : 0.788702 (0.003442)
potential : -1.263882 (0.003160)
energy : -0.475179 (0.000538)

kinetic : 0.788679 (0.003436)
potential : -1.263877 (0.003154)
energy : -0.475199 (0.000537)

kinetic : 0.788743 (0.003431)
potential : -1.263942 (0.003150)
energy : -0.475199 (0.000536)

kinetic : 0.788714 (0.003426)
potential : -1.263926 (0.003145)
energy : -0.475212 (0.000535)

kinetic : 0.788729 (0.003420)
potential : -1.263951 (0.003140)
energy : -0.475221 (0.000535)

kinetic : 0.788704 (0.003415)
potential : -1.263926 (0.003135)
energy : -0.475222 (0.000534)

kinetic : 0.788836 (0.003412)
potential : -1.264033 (0.003131)
energy : -0.475196 (0.000534)

kinetic : 0.788769 (0.003407)
potential : -1.263968 (0.003127)
energy : -0.475198 (0.000533)

kinetic : 0.789269 (0.003438)
potential : -1.264430 (0.003156)
energy : -0.475161 (0.000533)

kinetic : 0.789287 (0.003432)
potential : -1.264431 (0.003151)
energy : -0.475144 (0.000533)

kinetic : 0.789165 (0.003429)
potential : -1.264357 (0.003146)
energy : -0.475192 (0.000534)

kinetic : 0.789399 (0.003431)
potential : -1.264583 (0.003149)
energy : -0.475183 (0.000533)

kinetic : 0.789340 (0.003426)
potential : -1.264556 (0.003144)
energy : -0.475217 (0.000533)

kinetic : 0.789364 (0.003421)
potential : -1.264563 (0.003139)
energy : -0.475199 (0.000533)

kinetic : 0.789277 (0.003416)
potential : -1.264488 (0.003135)
energy : -0.475211 (0.000532)

kinetic : 0.789498 (0.003418)
potential : -1.264691 (0.003137)
energy : -0.475193 (0.000531)

kinetic : 0.789526 (0.003412)
potential : -1.264698 (0.003132)
energy : -0.475172 (0.000531)

kinetic : 0.789404 (0.003409)
potential : -1.264585 (0.003129)
energy : -0.475180 (0.000530)

kinetic : 0.789517 (0.003405)
potential : -1.264661 (0.003125)
energy : -0.475145 (0.000530)

kinetic : 0.789504 (0.003400)
potential : -1.264626 (0.003120)
energy : -0.475121 (0.000530)

kinetic : 0.789300 (0.003401)
potential : -1.264409 (0.003122)
energy : -0.475110 (0.000529)

kinetic : 0.789182 (0.003397)
potential : -1.264308 (0.003119)
energy : -0.475127 (0.000529)

kinetic : 0.789183 (0.003392)
potential : -1.264299 (0.003114)
energy : -0.475117 (0.000528)

kinetic : 0.789108 (0.003387)
potential : -1.264202 (0.003111)
energy : -0.475094 (0.000528)

kinetic : 0.789168 (0.003383)
potential : -1.264268 (0.003106)
energy : -0.475100 (0.000527)

kinetic : 0.789208 (0.003377)
potential : -1.264293 (0.003102)
energy : -0.475085 (0.000526)

kinetic : 0.789511 (0.003386)
potential : -1.264581 (0.003110)
energy : -0.475069 (0.000526)

kinetic : 0.789423 (0.003382)
potential : -1.264520 (0.003106)
energy : -0.475097 (0.000526)

kinetic : 0.789701 (0.003388)
potential : -1.264780 (0.003112)
energy : -0.475079 (0.000525)

kinetic : 0.789722 (0.003382)
potential : -1.264784 (0.003107)
energy : -0.475062 (0.000524)

kinetic : 0.789676 (0.003377)
potential : -1.264733 (0.003102)
energy : -0.475057 (0.000524)

kinetic : 0.789944 (0.003383)
potential : -1.264938 (0.003104)
energy : -0.474995 (0.000526)

kinetic : 0.790027 (0.003378)
potential : -1.265004 (0.003100)
energy : -0.474976 (0.000526)

kinetic : 0.790126 (0.003374)
potential : -1.265072 (0.003096)
energy : -0.474946 (0.000526)

kinetic : 0.790155 (0.003369)
potential : -1.265091 (0.003091)
energy : -0.474936 (0.000525)

kinetic : 0.790581 (0.003391)
potential : -1.265483 (0.003111)
energy : -0.474903 (0.000525)

kinetic : 0.790615 (0.003386)
potential : -1.265509 (0.003106)
energy : -0.474894 (0.000525)

kinetic : 0.790496 (0.003383)
potential : -1.265402 (0.003103)
energy : -0.474906 (0.000524)

kinetic : 0.790420 (0.003378)
potential : -1.265324 (0.003100)
energy : -0.474905 (0.000523)

kinetic : 0.790220 (0.003379)
potential : -1.265137 (0.003101)
energy : -0.474917 (0.000523)

kinetic : 0.790218 (0.003374)
potential : -1.265135 (0.003096)
energy : -0.474918 (0.000522)

kinetic : 0.790299 (0.003369)
potential : -1.265214 (0.003092)
energy : -0.474915 (0.000521)

kinetic : 0.790244 (0.003365)
potential : -1.265178 (0.003087)
energy : -0.474934 (0.000521)

kinetic : 0.790243 (0.003359)
potential : -1.265196 (0.003083)
energy : -0.474953 (0.000520)

kinetic : 0.790324 (0.003355)
potential : -1.265266 (0.003079)
energy : -0.474942 (0.000519)

kinetic : 0.790318 (0.003350)
potential : -1.265239 (0.003074)
energy : -0.474921 (0.000519)

kinetic : 0.790313 (0.003345)
potential : -1.265199 (0.003070)
energy : -0.474886 (0.000519)

kinetic : 0.790388 (0.003341)
potential : -1.265267 (0.003066)
energy : -0.474879 (0.000519)

kinetic : 0.790346 (0.003336)
potential : -1.265220 (0.003061)
energy : -0.474874 (0.000518)

kinetic : 0.790354 (0.003331)
potential : -1.265230 (0.003057)
energy : -0.474876 (0.000517)

kinetic : 0.790076 (0.003337)
potential : -1.265000 (0.003061)
energy : -0.474924 (0.000518)

kinetic : 0.790000 (0.003333)
potential : -1.264928 (0.003057)
energy : -0.474928 (0.000518)

kinetic : 0.789850 (0.003331)
potential : -1.264788 (0.003055)
energy : -0.474938 (0.000517)

kinetic : 0.789692 (0.003330)
potential : -1.264666 (0.003053)
energy : -0.474974 (0.000517)

kinetic : 0.789588 (0.003327)
potential : -1.264589 (0.003050)
energy : -0.475001 (0.000517)

kinetic : 0.789436 (0.003325)
potential : -1.264478 (0.003047)
energy : -0.475042 (0.000518)

kinetic : 0.789393 (0.003320)
potential : -1.264439 (0.003043)
energy : -0.475046 (0.000517)

kinetic : 0.789647 (0.003325)
potential : -1.264674 (0.003047)
energy : -0.475026 (0.000517)

kinetic : 0.789468 (0.003325)
potential : -1.264519 (0.003046)
energy : -0.475052 (0.000517)

kinetic : 0.789637 (0.003324)
potential : -1.264678 (0.003046)
energy : -0.475042 (0.000516)

kinetic : 0.789513 (0.003321)
potential : -1.264592 (0.003043)
energy : -0.475079 (0.000517)

kinetic : 0.789530 (0.003317)
potential : -1.264612 (0.003038)
energy : -0.475083 (0.000516)

kinetic : 0.789561 (0.003312)
potential : -1.264618 (0.003034)
energy : -0.475057 (0.000516)

kinetic : 0.789692 (0.003309)
potential : -1.264711 (0.003030)
energy : -0.475019 (0.000516)

kinetic : 0.789871 (0.003309)
potential : -1.264890 (0.003031)
energy : -0.475020 (0.000516)

kinetic : 0.790162 (0.003317)
potential : -1.265160 (0.003039)
energy : -0.474999 (0.000515)

kinetic : 0.790370 (0.003319)
potential : -1.265352 (0.003040)
energy : -0.474982 (0.000515)

kinetic : 0.790548 (0.003319)
potential : -1.265535 (0.003041)
energy : -0.474987 (0.000514)

kinetic : 0.790347 (0.003320)
potential : -1.265358 (0.003042)
energy : -0.475011 (0.000514)

kinetic : 0.790461 (0.003317)
potential : -1.265456 (0.003039)
energy : -0.474995 (0.000513)

kinetic : 0.790343 (0.003314)
potential : -1.265363 (0.003036)
energy : -0.475020 (0.000513)

kinetic : 0.790405 (0.003310)
potential : -1.265444 (0.003032)
energy : -0.475039 (0.000513)

kinetic : 0.790277 (0.003307)
potential : -1.265346 (0.003029)
energy : -0.475069 (0.000513)

kinetic : 0.790475 (0.003308)
potential : -1.265510 (0.003029)
energy : -0.475035 (0.000513)

kinetic : 0.790360 (0.003305)
potential : -1.265407 (0.003027)
energy : -0.475047 (0.000513)

kinetic : 0.790293 (0.003301)
potential : -1.265377 (0.003022)
energy : -0.475084 (0.000513)

kinetic : 0.790443 (0.003300)
potential : -1.265515 (0.003021)
energy : -0.475072 (0.000513)

kinetic : 0.790624 (0.003300)
potential : -1.265694 (0.003022)
energy : -0.475070 (0.000512)

kinetic : 0.790552 (0.003296)
potential : -1.265618 (0.003019)
energy : -0.475066 (0.000511)

kinetic : 0.790551 (0.003291)
potential : -1.265589 (0.003014)
energy : -0.475038 (0.000511)

kinetic : 0.790692 (0.003289)
potential : -1.265716 (0.003013)
energy : -0.475024 (0.000511)

kinetic : 0.790627 (0.003285)
potential : -1.265656 (0.003009)
energy : -0.475029 (0.000510)

kinetic : 0.790940 (0.003295)
potential : -1.265942 (0.003018)
energy : -0.475002 (0.000510)

kinetic : 0.790977 (0.003291)
potential : -1.265984 (0.003014)
energy : -0.475007 (0.000509)

kinetic : 0.790883 (0.003287)
potential : -1.265925 (0.003010)
energy : -0.475042 (0.000510)

kinetic : 0.790921 (0.003283)
potential : -1.265956 (0.003006)
energy : -0.475034 (0.000509)

kinetic : 0.791001 (0.003279)
potential : -1.266018 (0.003002)
energy : -0.475017 (0.000509)

kinetic : 0.790696 (0.003288)
potential : -1.265749 (0.003010)
energy : -0.475054 (0.000509)

kinetic : 0.790666 (0.003284)
potential : -1.265735 (0.003006)
energy : -0.475069 (0.000509)

kinetic : 0.790577 (0.003280)
potential : -1.265678 (0.003002)
energy : -0.475101 (0.000509)

kinetic : 0.790530 (0.003276)
potential : -1.265640 (0.002998)
energy : -0.475110 (0.000508)

kinetic : 0.790687 (0.003275)
potential : -1.265785 (0.002997)
energy : -0.475097 (0.000508)

kinetic : 0.790573 (0.003272)
potential : -1.265678 (0.002995)
energy : -0.475105 (0.000507)

kinetic : 0.790453 (0.003270)
potential : -1.265588 (0.002992)
energy : -0.475135 (0.000507)

kinetic : 0.790336 (0.003267)
potential : -1.265477 (0.002989)
energy : -0.475141 (0.000506)

kinetic : 0.790274 (0.003263)
potential : -1.265418 (0.002986)
energy : -0.475144 (0.000506)

kinetic : 0.790350 (0.003259)
potential : -1.265504 (0.002983)
energy : -0.475154 (0.000505)

kinetic : 0.790348 (0.003255)
potential : -1.265491 (0.002979)
energy : -0.475143 (0.000505)

kinetic : 0.790438 (0.003251)
potential : -1.265566 (0.002975)
energy : -0.475128 (0.000504)

kinetic : 0.790328 (0.003249)
potential : -1.265475 (0.002972)
energy : -0.475147 (0.000504)

kinetic : 0.790252 (0.003245)
potential : -1.265391 (0.002969)
energy : -0.475139 (0.000503)

kinetic : 0.790107 (0.003243)
potential : -1.265261 (0.002968)
energy : -0.475154 (0.000503)

kinetic : 0.790275 (0.003243)
potential : -1.265417 (0.002968)
energy : -0.475142 (0.000502)

kinetic : 0.790370 (0.003240)
potential : -1.265501 (0.002965)
energy : -0.475131 (0.000501)

kinetic : 0.790299 (0.003236)
potential : -1.265447 (0.002961)
energy : -0.475147 (0.000501)

kinetic : 0.790379 (0.003233)
potential : -1.265506 (0.002958)
energy : -0.475127 (0.000501)

kinetic : 0.790475 (0.003230)
potential : -1.265614 (0.002955)
energy : -0.475139 (0.000500)

kinetic : 0.790405 (0.003226)
potential : -1.265537 (0.002952)
energy : -0.475133 (0.000500)

kinetic : 0.790400 (0.003221)
potential : -1.265538 (0.002948)
energy : -0.475138 (0.000499)

kinetic : 0.790551 (0.003220)
potential : -1.265658 (0.002947)
energy : -0.475107 (0.000499)

kinetic : 0.790435 (0.003218)
potential : -1.265571 (0.002944)
energy : -0.475135 (0.000499)

kinetic : 0.790497 (0.003214)
potential : -1.265614 (0.002940)
energy : -0.475116 (0.000499)

kinetic : 0.790370 (0.003212)
potential : -1.265495 (0.002938)
energy : -0.475124 (0.000498)

kinetic : 0.790255 (0.003210)
potential : -1.265415 (0.002935)
energy : -0.475159 (0.000499)

kinetic : 0.790231 (0.003205)
potential : -1.265389 (0.002931)
energy : -0.475158 (0.000498)

kinetic : 0.790254 (0.003201)
potential : -1.265394 (0.002927)
energy : -0.475141 (0.000498)

kinetic : 0.790538 (0.003209)
potential : -1.265700 (0.002939)
energy : -0.475162 (0.000497)

kinetic : 0.790348 (0.003210)
potential : -1.265511 (0.002941)
energy : -0.475163 (0.000497)

kinetic : 0.790247 (0.003207)
potential : -1.265408 (0.002939)
energy : -0.475161 (0.000496)

kinetic : 0.790194 (0.003203)
potential : -1.265369 (0.002935)
energy : -0.475175 (0.000496)

kinetic : 0.790242 (0.003199)
potential : -1.265434 (0.002932)
energy : -0.475192 (0.000495)

kinetic : 0.790189 (0.003195)
potential : -1.265386 (0.002928)
energy : -0.475197 (0.000495)

kinetic : 0.790040 (0.003194)
potential : -1.265238 (0.002928)
energy : -0.475198 (0.000494)

kinetic : 0.789964 (0.003191)
potential : -1.265156 (0.002925)
energy : -0.475192 (0.000493)

kinetic : 0.789952 (0.003187)
potential : -1.265171 (0.002921)
energy : -0.475218 (0.000493)

kinetic : 0.790024 (0.003183)
potential : -1.265249 (0.002918)
energy : -0.475225 (0.000493)

kinetic : 0.789949 (0.003180)
potential : -1.265188 (0.002915)
energy : -0.475240 (0.000492)

kinetic : 0.790123 (0.003180)
potential : -1.265340 (0.002915)
energy : -0.475217 (0.000492)

kinetic : 0.790136 (0.003176)
potential : -1.265358 (0.002911)
energy : -0.475222 (0.000491)

kinetic : 0.790099 (0.003172)
potential : -1.265311 (0.002907)
energy : -0.475212 (0.000491)

kinetic : 0.790169 (0.003168)
potential : -1.265376 (0.002904)
energy : -0.475206 (0.000490)

kinetic : 0.790177 (0.003164)
potential : -1.265361 (0.002900)
energy : -0.475184 (0.000490)

kinetic : 0.790284 (0.003161)
potential : -1.265469 (0.002898)
energy : -0.475185 (0.000489)

kinetic : 0.790388 (0.003159)
potential : -1.265513 (0.002894)
energy : -0.475125 (0.000492)

kinetic : 0.790256 (0.003157)
potential : -1.265396 (0.002893)
energy : -0.475140 (0.000492)

kinetic : 0.790200 (0.003153)
potential : -1.265331 (0.002890)
energy : -0.475131 (0.000491)

kinetic : 0.790116 (0.003150)
potential : -1.265265 (0.002887)
energy : -0.475149 (0.000491)

kinetic : 0.790150 (0.003146)
potential : -1.265295 (0.002883)
energy : -0.475145 (0.000490)

kinetic : 0.790456 (0.003157)
potential : -1.265577 (0.002893)
energy : -0.475121 (0.000490)

kinetic : 0.790362 (0.003154)
potential : -1.265479 (0.002891)
energy : -0.475118 (0.000490)

kinetic : 0.790478 (0.003152)
potential : -1.265584 (0.002889)
energy : -0.475106 (0.000489)

kinetic : 0.790538 (0.003148)
potential : -1.265645 (0.002885)
energy : -0.475108 (0.000488)

kinetic : 0.790602 (0.003145)
potential : -1.265694 (0.002882)
energy : -0.475092 (0.000488)

kinetic : 0.790510 (0.003142)
potential : -1.265610 (0.002879)
energy : -0.475100 (0.000487)

kinetic : 0.790480 (0.003138)
potential : -1.265564 (0.002876)
energy : -0.475084 (0.000487)

kinetic : 0.790446 (0.003134)
potential : -1.265517 (0.002872)
energy : -0.475070 (0.000487)

kinetic : 0.790516 (0.003131)
potential : -1.265569 (0.002869)
energy : -0.475053 (0.000486)

kinetic : 0.790622 (0.003128)
potential : -1.265714 (0.002869)
energy : -0.475092 (0.000487)

kinetic : 0.790614 (0.003124)
potential : -1.265719 (0.002865)
energy : -0.475104 (0.000487)

kinetic : 0.790369 (0.003130)
potential : -1.265503 (0.002869)
energy : -0.475134 (0.000487)

kinetic : 0.790296 (0.003126)
potential : -1.265440 (0.002866)
energy : -0.475144 (0.000486)

kinetic : 0.790161 (0.003125)
potential : -1.265341 (0.002864)
energy : -0.475180 (0.000487)

kinetic : 0.790631 (0.003156)
potential : -1.265833 (0.002902)
energy : -0.475202 (0.000487)

kinetic : 0.790592 (0.003152)
potential : -1.265776 (0.002899)
energy : -0.475184 (0.000487)

kinetic : 0.790766 (0.003153)
potential : -1.265940 (0.002900)
energy : -0.475174 (0.000486)

kinetic : 0.790732 (0.003149)
potential : -1.265901 (0.002896)
energy : -0.475169 (0.000485)

kinetic : 0.790776 (0.003145)
potential : -1.265941 (0.002893)
energy : -0.475165 (0.000485)

kinetic : 0.790697 (0.003142)
potential : -1.265864 (0.002890)
energy : -0.475167 (0.000484)

kinetic : 0.790517 (0.003143)
potential : -1.265722 (0.002890)
energy : -0.475204 (0.000485)

kinetic : 0.790511 (0.003139)
potential : -1.265735 (0.002886)
energy : -0.475224 (0.000485)

kinetic : 0.790471 (0.003135)
potential : -1.265671 (0.002883)
energy : -0.475201 (0.000485)

kinetic : 0.790570 (0.003132)
potential : -1.265747 (0.002880)
energy : -0.475177 (0.000485)

kinetic : 0.790742 (0.003133)
potential : -1.265900 (0.002880)
energy : -0.475158 (0.000484)

kinetic : 0.790908 (0.003133)
potential : -1.266030 (0.002880)
energy : -0.475121 (0.000485)

kinetic : 0.791019 (0.003131)
potential : -1.266111 (0.002877)
energy : -0.475092 (0.000485)

kinetic : 0.791025 (0.003127)
potential : -1.266110 (0.002873)
energy : -0.475085 (0.000485)

kinetic : 0.790983 (0.003123)
potential : -1.266065 (0.002870)
energy : -0.475082 (0.000484)

kinetic : 0.790954 (0.003120)
potential : -1.266038 (0.002866)
energy : -0.475084 (0.000484)

kinetic : 0.791121 (0.003120)
potential : -1.266197 (0.002867)
energy : -0.475076 (0.000483)

kinetic : 0.791211 (0.003117)
potential : -1.266287 (0.002865)
energy : -0.475076 (0.000482)

kinetic : 0.791340 (0.003116)
potential : -1.266394 (0.002863)
energy : -0.475054 (0.000482)

kinetic : 0.791371 (0.003112)
potential : -1.266402 (0.002859)
energy : -0.475031 (0.000482)

kinetic : 0.791350 (0.003108)
potential : -1.266389 (0.002856)
energy : -0.475039 (0.000482)

kinetic : 0.791364 (0.003104)
potential : -1.266419 (0.002852)
energy : -0.475055 (0.000481)

kinetic : 0.791269 (0.003102)
potential : -1.266340 (0.002850)
energy : -0.475070 (0.000481)

kinetic : 0.791262 (0.003098)
potential : -1.266321 (0.002846)
energy : -0.475059 (0.000480)

kinetic : 0.791346 (0.003095)
potential : -1.266394 (0.002843)
energy : -0.475047 (0.000480)

kinetic : 0.791374 (0.003091)
potential : -1.266439 (0.002840)
energy : -0.475065 (0.000480)

kinetic : 0.791314 (0.003088)
potential : -1.266375 (0.002837)
energy : -0.475061 (0.000479)

kinetic : 0.791234 (0.003085)
potential : -1.266303 (0.002834)
energy : -0.475070 (0.000479)

kinetic : 0.791226 (0.003081)
potential : -1.266326 (0.002831)
energy : -0.475100 (0.000479)

kinetic : 0.791279 (0.003077)
potential : -1.266367 (0.002828)
energy : -0.475088 (0.000478)

kinetic : 0.791506 (0.003082)
potential : -1.266571 (0.002831)
energy : -0.475064 (0.000478)

kinetic : 0.791368 (0.003081)
potential : -1.266441 (0.002831)
energy : -0.475074 (0.000478)

kinetic : 0.791323 (0.003077)
potential : -1.266392 (0.002828)
energy : -0.475069 (0.000477)

kinetic : 0.791262 (0.003074)
potential : -1.266339 (0.002825)
energy : -0.475077 (0.000477)

kinetic : 0.791213 (0.003071)
potential : -1.266290 (0.002821)
energy : -0.475077 (0.000476)

kinetic : 0.791248 (0.003067)
potential : -1.266320 (0.002818)
energy : -0.475072 (0.000476)

kinetic : 0.791193 (0.003064)
potential : -1.266276 (0.002815)
energy : -0.475083 (0.000475)

kinetic : 0.791323 (0.003063)
potential : -1.266413 (0.002815)
energy : -0.475090 (0.000475)

kinetic : 0.791247 (0.003060)
potential : -1.266340 (0.002812)
energy : -0.475093 (0.000474)

kinetic : 0.791302 (0.003056)
potential : -1.266380 (0.002809)
energy : -0.475077 (0.000474)

kinetic : 0.791226 (0.003053)
potential : -1.266333 (0.002806)
energy : -0.475107 (0.000474)

kinetic : 0.791296 (0.003050)
potential : -1.266408 (0.002803)
energy : -0.475112 (0.000473)

kinetic : 0.791426 (0.003049)
potential : -1.266511 (0.002802)
energy : -0.475085 (0.000474)

kinetic : 0.791380 (0.003046)
potential : -1.266461 (0.002798)
energy : -0.475081 (0.000473)

kinetic : 0.791311 (0.003043)
potential : -1.266400 (0.002796)
energy : -0.475089 (0.000472)

kinetic : 0.791220 (0.003040)
potential : -1.266317 (0.002793)
energy : -0.475096 (0.000472)

kinetic : 0.791194 (0.003037)
potential : -1.266295 (0.002790)
energy : -0.475101 (0.000471)

kinetic : 0.791228 (0.003033)
potential : -1.266303 (0.002787)
energy : -0.475076 (0.000471)

kinetic : 0.791224 (0.003029)
potential : -1.266289 (0.002783)
energy : -0.475065 (0.000471)

kinetic : 0.791204 (0.003026)
potential : -1.266251 (0.002780)
energy : -0.475048 (0.000471)

kinetic : 0.791137 (0.003023)
potential : -1.266224 (0.002777)
energy : -0.475087 (0.000472)

kinetic : 0.791380 (0.003029)
potential : -1.266432 (0.002781)
energy : -0.475052 (0.000473)

kinetic : 0.791506 (0.003028)
potential : -1.266540 (0.002780)
energy : -0.475035 (0.000472)

kinetic : 0.791384 (0.003026)
potential : -1.266461 (0.002777)
energy : -0.475077 (0.000474)

kinetic : 0.791443 (0.003023)
potential : -1.266489 (0.002774)
energy : -0.475045 (0.000474)

kinetic : 0.791397 (0.003020)
potential : -1.266441 (0.002771)
energy : -0.475044 (0.000473)

kinetic : 0.791184 (0.003024)
potential : -1.266247 (0.002774)
energy : -0.475063 (0.000473)

kinetic : 0.791161 (0.003020)
potential : -1.266234 (0.002771)
energy : -0.475073 (0.000473)

kinetic : 0.791092 (0.003017)
potential : -1.266180 (0.002768)
energy : -0.475089 (0.000473)

kinetic : 0.791001 (0.003015)
potential : -1.266086 (0.002766)
energy : -0.475085 (0.000472)

kinetic : 0.791213 (0.003019)
potential : -1.266259 (0.002768)
energy : -0.475046 (0.000473)

kinetic : 0.791199 (0.003015)
potential : -1.266246 (0.002765)
energy : -0.475047 (0.000472)

kinetic : 0.791324 (0.003014)
potential : -1.266362 (0.002764)
energy : -0.475038 (0.000472)

kinetic : 0.791316 (0.003010)
potential : -1.266378 (0.002761)
energy : -0.475061 (0.000472)

kinetic : 0.791295 (0.003007)
potential : -1.266356 (0.002758)
energy : -0.475061 (0.000471)

kinetic : 0.791377 (0.003004)
potential : -1.266428 (0.002755)
energy : -0.475052 (0.000471)

kinetic : 0.791397 (0.003000)
potential : -1.266451 (0.002752)
energy : -0.475054 (0.000470)

kinetic : 0.791557 (0.003001)
potential : -1.266616 (0.002753)
energy : -0.475059 (0.000470)

kinetic : 0.791507 (0.002998)
potential : -1.266550 (0.002751)
energy : -0.475042 (0.000469)

kinetic : 0.791606 (0.002996)
potential : -1.266625 (0.002749)
energy : -0.475018 (0.000470)

kinetic : 0.791525 (0.002993)
potential : -1.266553 (0.002746)
energy : -0.475028 (0.000469)

kinetic : 0.791770 (0.003000)
potential : -1.266779 (0.002752)
energy : -0.475009 (0.000469)

kinetic : 0.791654 (0.002998)
potential : -1.266668 (0.002751)
energy : -0.475015 (0.000468)

kinetic : 0.791761 (0.002997)
potential : -1.266746 (0.002749)
energy : -0.474985 (0.000469)

kinetic : 0.791891 (0.002996)
potential : -1.266883 (0.002749)
energy : -0.474992 (0.000468)

kinetic : 0.792081 (0.002998)
potential : -1.267053 (0.002751)
energy : -0.474972 (0.000468)

kinetic : 0.792033 (0.002995)
potential : -1.267019 (0.002748)
energy : -0.474986 (0.000468)

kinetic : 0.792194 (0.002996)
potential : -1.267157 (0.002748)
energy : -0.474963 (0.000468)

kinetic : 0.792219 (0.002992)
potential : -1.267175 (0.002745)
energy : -0.474956 (0.000467)

kinetic : 0.792110 (0.002991)
potential : -1.267074 (0.002743)
energy : -0.474964 (0.000467)

kinetic : 0.792175 (0.002988)
potential : -1.267116 (0.002740)
energy : -0.474941 (0.000467)

kinetic : 0.792427 (0.002995)
potential : -1.267365 (0.002748)
energy : -0.474938 (0.000466)

kinetic : 0.792389 (0.002992)
potential : -1.267354 (0.002745)
energy : -0.474965 (0.000466)

kinetic : 0.792314 (0.002989)
potential : -1.267292 (0.002743)
energy : -0.474978 (0.000466)

kinetic : 0.792140 (0.002990)
potential : -1.267142 (0.002743)
energy : -0.475001 (0.000466)

kinetic : 0.792214 (0.002988)
potential : -1.267207 (0.002741)
energy : -0.474993 (0.000466)

kinetic : 0.792392 (0.002990)
potential : -1.267392 (0.002744)
energy : -0.475001 (0.000465)

kinetic : 0.792431 (0.002986)
potential : -1.267426 (0.002741)
energy : -0.474995 (0.000465)

kinetic : 0.792444 (0.002983)
potential : -1.267431 (0.002738)
energy : -0.474987 (0.000464)

kinetic : 0.792500 (0.002980)
potential : -1.267468 (0.002735)
energy : -0.474968 (0.000464)

kinetic : 0.792355 (0.002980)
potential : -1.267337 (0.002735)
energy : -0.474982 (0.000464)

kinetic : 0.792276 (0.002977)
potential : -1.267262 (0.002732)
energy : -0.474986 (0.000463)

kinetic : 0.792539 (0.002985)
potential : -1.267528 (0.002742)
energy : -0.474989 (0.000463)

kinetic : 0.792404 (0.002985)
potential : -1.267389 (0.002742)
energy : -0.474985 (0.000462)

kinetic : 0.792316 (0.002983)
potential : -1.267314 (0.002740)
energy : -0.474998 (0.000462)

kinetic : 0.792251 (0.002980)
potential : -1.267262 (0.002738)
energy : -0.475011 (0.000461)

kinetic : 0.792387 (0.002980)
potential : -1.267408 (0.002738)
energy : -0.475021 (0.000461)

kinetic : 0.792366 (0.002976)
potential : -1.267372 (0.002735)
energy : -0.475006 (0.000461)

kinetic : 0.792290 (0.002974)
potential : -1.267279 (0.002734)
energy : -0.474989 (0.000460)

kinetic : 0.792261 (0.002970)
potential : -1.267246 (0.002731)
energy : -0.474985 (0.000460)

kinetic : 0.792300 (0.002967)
potential : -1.267281 (0.002728)
energy : -0.474980 (0.000459)

kinetic : 0.792462 (0.002968)
potential : -1.267413 (0.002728)
energy : -0.474951 (0.000460)

kinetic : 0.792466 (0.002965)
potential : -1.267402 (0.002725)
energy : -0.474936 (0.000459)

kinetic : 0.792512 (0.002962)
potential : -1.267431 (0.002722)
energy : -0.474919 (0.000459)

kinetic : 0.792435 (0.002959)
potential : -1.267385 (0.002719)
energy : -0.474950 (0.000460)

kinetic : 0.792497 (0.002956)
potential : -1.267420 (0.002716)
energy : -0.474923 (0.000460)

kinetic : 0.792441 (0.002953)
potential : -1.267355 (0.002713)
energy : -0.474914 (0.000460)

kinetic : 0.792455 (0.002950)
potential : -1.267358 (0.002710)
energy : -0.474902 (0.000459)

kinetic : 0.792463 (0.002947)
potential : -1.267358 (0.002707)
energy : -0.474895 (0.000459)

kinetic : 0.792565 (0.002945)
potential : -1.267442 (0.002705)
energy : -0.474877 (0.000459)

kinetic : 0.792683 (0.002944)
potential : -1.267551 (0.002704)
energy : -0.474867 (0.000458)

kinetic : 0.792674 (0.002941)
potential : -1.267524 (0.002701)
energy : -0.474850 (0.000458)

kinetic : 0.792693 (0.002937)
potential : -1.267516 (0.002698)
energy : -0.474823 (0.000458)

kinetic : 0.792785 (0.002935)
potential : -1.267610 (0.002697)
energy : -0.474825 (0.000458)

kinetic : 0.792975 (0.002938)
potential : -1.267818 (0.002702)
energy : -0.474844 (0.000458)

kinetic : 0.793120 (0.002938)
potential : -1.267951 (0.002702)
energy : -0.474831 (0.000457)

kinetic : 0.793110 (0.002935)
potential : -1.267927 (0.002699)
energy : -0.474816 (0.000457)

kinetic : 0.793173 (0.002932)
potential : -1.267967 (0.002696)
energy : -0.474794 (0.000457)

kinetic : 0.792963 (0.002937)
potential : -1.267785 (0.002699)
energy : -0.474822 (0.000457)

kinetic : 0.792976 (0.002933)
potential : -1.267799 (0.002696)
energy : -0.474822 (0.000457)

kinetic : 0.793080 (0.002932)
potential : -1.267914 (0.002696)
energy : -0.474834 (0.000456)

kinetic : 0.793058 (0.002928)
potential : -1.267907 (0.002693)
energy : -0.474848 (0.000456)

kinetic : 0.793035 (0.002925)
potential : -1.267879 (0.002690)
energy : -0.474844 (0.000456)

kinetic : 0.792940 (0.002923)
potential : -1.267792 (0.002688)
energy : -0.474852 (0.000455)

kinetic : 0.792961 (0.002920)
potential : -1.267820 (0.002685)
energy : -0.474859 (0.000455)

kinetic : 0.793323 (0.002939)
potential : -1.268158 (0.002703)
energy : -0.474835 (0.000455)

kinetic : 0.793448 (0.002939)
potential : -1.268275 (0.002703)
energy : -0.474828 (0.000454)

kinetic : 0.793351 (0.002937)
potential : -1.268213 (0.002701)
energy : -0.474863 (0.000455)

kinetic : 0.793617 (0.002946)
potential : -1.268474 (0.002710)
energy : -0.474857 (0.000455)

kinetic : 0.793995 (0.002967)
potential : -1.268840 (0.002732)
energy : -0.474844 (0.000454)

kinetic : 0.793925 (0.002964)
potential : -1.268773 (0.002729)
energy : -0.474849 (0.000454)

kinetic : 0.794000 (0.002962)
potential : -1.268845 (0.002727)
energy : -0.474845 (0.000453)

kinetic : 0.794097 (0.002960)
potential : -1.268931 (0.002725)
energy : -0.474833 (0.000453)

kinetic : 0.794020 (0.002958)
potential : -1.268841 (0.002724)
energy : -0.474821 (0.000453)

kinetic : 0.794110 (0.002956)
potential : -1.268916 (0.002722)
energy : -0.474805 (0.000452)

kinetic : 0.794128 (0.002952)
potential : -1.268931 (0.002719)
energy : -0.474804 (0.000452)

kinetic : 0.794199 (0.002950)
potential : -1.268976 (0.002716)
energy : -0.474777 (0.000452)

kinetic : 0.794185 (0.002947)
potential : -1.268986 (0.002713)
energy : -0.474800 (0.000452)

kinetic : 0.794076 (0.002945)
potential : -1.268905 (0.002711)
energy : -0.474829 (0.000453)

kinetic : 0.794164 (0.002943)
potential : -1.268976 (0.002709)
energy : -0.474813 (0.000452)

kinetic : 0.794262 (0.002942)
potential : -1.269063 (0.002708)
energy : -0.474801 (0.000452)

kinetic : 0.794282 (0.002939)
potential : -1.269082 (0.002705)
energy : -0.474800 (0.000452)

kinetic : 0.794254 (0.002935)
potential : -1.269076 (0.002702)
energy : -0.474821 (0.000452)

kinetic : 0.794287 (0.002932)
potential : -1.269098 (0.002699)
energy : -0.474811 (0.000451)

kinetic : 0.794244 (0.002929)
potential : -1.269055 (0.002696)
energy : -0.474811 (0.000451)

kinetic : 0.794128 (0.002929)
potential : -1.268962 (0.002695)
energy : -0.474834 (0.000451)

kinetic : 0.794055 (0.002926)
potential : -1.268900 (0.002692)
energy : -0.474845 (0.000450)

kinetic : 0.794092 (0.002923)
potential : -1.268935 (0.002690)
energy : -0.474843 (0.000450)

kinetic : 0.794003 (0.002921)
potential : -1.268861 (0.002688)
energy : -0.474858 (0.000450)

kinetic : 0.794088 (0.002919)
potential : -1.268931 (0.002686)
energy : -0.474843 (0.000449)

kinetic : 0.794112 (0.002916)
potential : -1.268945 (0.002683)
energy : -0.474833 (0.000449)

kinetic : 0.794071 (0.002913)
potential : -1.268904 (0.002680)
energy : -0.474833 (0.000449)

kinetic : 0.793947 (0.002913)
potential : -1.268792 (0.002680)
energy : -0.474845 (0.000448)

kinetic : 0.794041 (0.002911)
potential : -1.268884 (0.002678)
energy : -0.474843 (0.000448)

kinetic : 0.794010 (0.002908)
potential : -1.268859 (0.002675)
energy : -0.474849 (0.000447)

kinetic : 0.794139 (0.002908)
potential : -1.268983 (0.002675)
energy : -0.474844 (0.000447)

kinetic : 0.794082 (0.002905)
potential : -1.268941 (0.002673)
energy : -0.474859 (0.000447)

kinetic : 0.794046 (0.002902)
potential : -1.268922 (0.002670)
energy : -0.474876 (0.000446)

kinetic : 0.794218 (0.002904)
potential : -1.269081 (0.002672)
energy : -0.474863 (0.000446)

kinetic : 0.794263 (0.002901)
potential : -1.269110 (0.002669)
energy : -0.474847 (0.000446)

kinetic : 0.794246 (0.002898)
potential : -1.269102 (0.002666)
energy : -0.474857 (0.000446)

kinetic : 0.794365 (0.002897)
potential : -1.269221 (0.002666)
energy : -0.474855 (0.000445)

kinetic : 0.794547 (0.002900)
potential : -1.269402 (0.002669)
energy : -0.474855 (0.000445)

kinetic : 0.794422 (0.002900)
potential : -1.269283 (0.002669)
energy : -0.474861 (0.000444)

kinetic : 0.794384 (0.002897)
potential : -1.269243 (0.002666)
energy : -0.474859 (0.000444)

kinetic : 0.794431 (0.002894)
potential : -1.269308 (0.002664)
energy : -0.474877 (0.000444)

kinetic : 0.794427 (0.002891)
potential : -1.269298 (0.002661)
energy : -0.474871 (0.000443)

kinetic : 0.794420 (0.002888)
potential : -1.269284 (0.002658)
energy : -0.474864 (0.000443)

kinetic : 0.794417 (0.002884)
potential : -1.269255 (0.002656)
energy : -0.474837 (0.000443)

kinetic : 0.794447 (0.002882)
potential : -1.269283 (0.002653)
energy : -0.474837 (0.000443)

kinetic : 0.794530 (0.002880)
potential : -1.269349 (0.002651)
energy : -0.474819 (0.000442)

kinetic : 0.794570 (0.002877)
potential : -1.269386 (0.002648)
energy : -0.474815 (0.000442)

kinetic : 0.794471 (0.002875)
potential : -1.269295 (0.002647)
energy : -0.474825 (0.000442)

kinetic : 0.794417 (0.002873)
potential : -1.269244 (0.002645)
energy : -0.474827 (0.000441)

kinetic : 0.794471 (0.002870)
potential : -1.269299 (0.002642)
energy : -0.474828 (0.000441)

kinetic : 0.794327 (0.002871)
potential : -1.269192 (0.002642)
energy : -0.474865 (0.000442)

kinetic : 0.794291 (0.002868)
potential : -1.269155 (0.002639)
energy : -0.474864 (0.000441)

kinetic : 0.794286 (0.002865)
potential : -1.269144 (0.002636)
energy : -0.474858 (0.000441)

kinetic : 0.794235 (0.002862)
potential : -1.269100 (0.002634)
energy : -0.474864 (0.000440)

kinetic : 0.794164 (0.002860)
potential : -1.269017 (0.002632)
energy : -0.474854 (0.000440)

kinetic : 0.794119 (0.002857)
potential : -1.268976 (0.002630)
energy : -0.474857 (0.000440)

kinetic : 0.794160 (0.002855)
potential : -1.269020 (0.002627)
energy : -0.474860 (0.000439)

kinetic : 0.794215 (0.002852)
potential : -1.269088 (0.002626)
energy : -0.474873 (0.000439)

kinetic : 0.794247 (0.002849)
potential : -1.269114 (0.002623)
energy : -0.474868 (0.000438)

kinetic : 0.794184 (0.002847)
potential : -1.269045 (0.002621)
energy : -0.474861 (0.000438)

kinetic : 0.794105 (0.002845)
potential : -1.268975 (0.002619)
energy : -0.474871 (0.000438)

kinetic : 0.794187 (0.002843)
potential : -1.269057 (0.002618)
energy : -0.474870 (0.000437)

kinetic : 0.794168 (0.002840)
potential : -1.269035 (0.002615)
energy : -0.474867 (0.000437)

kinetic : 0.794113 (0.002838)
potential : -1.268987 (0.002613)
energy : -0.474874 (0.000436)

kinetic : 0.794219 (0.002837)
potential : -1.269081 (0.002612)
energy : -0.474861 (0.000436)

kinetic : 0.794163 (0.002834)
potential : -1.269006 (0.002610)
energy : -0.474844 (0.000436)

kinetic : 0.794173 (0.002831)
potential : -1.269030 (0.002607)
energy : -0.474856 (0.000436)

kinetic : 0.794167 (0.002828)
potential : -1.269031 (0.002604)
energy : -0.474864 (0.000435)

kinetic : 0.794159 (0.002825)
potential : -1.269038 (0.002602)
energy : -0.474879 (0.000435)

kinetic : 0.794089 (0.002823)
potential : -1.268973 (0.002600)
energy : -0.474883 (0.000435)

kinetic : 0.794245 (0.002825)
potential : -1.269129 (0.002602)
energy : -0.474883 (0.000434)

kinetic : 0.794220 (0.002822)
potential : -1.269106 (0.002599)
energy : -0.474886 (0.000434)

kinetic : 0.794176 (0.002819)
potential : -1.269085 (0.002597)
energy : -0.474909 (0.000434)

kinetic : 0.794060 (0.002819)
potential : -1.268975 (0.002596)
energy : -0.474914 (0.000433)

kinetic : 0.794034 (0.002816)
potential : -1.268966 (0.002593)
energy : -0.474933 (0.000433)

kinetic : 0.794007 (0.002813)
potential : -1.268956 (0.002591)
energy : -0.474949 (0.000433)

kinetic : 0.794046 (0.002810)
potential : -1.268991 (0.002588)
energy : -0.474945 (0.000433)

kinetic : 0.794023 (0.002808)
potential : -1.268963 (0.002586)
energy : -0.474940 (0.000432)

kinetic : 0.793942 (0.002806)
potential : -1.268896 (0.002584)
energy : -0.474954 (0.000432)

kinetic : 0.793942 (0.002803)
potential : -1.268894 (0.002581)
energy : -0.474952 (0.000432)

kinetic : 0.793961 (0.002800)
potential : -1.268909 (0.002579)
energy : -0.474947 (0.000431)

kinetic : 0.793996 (0.002797)
potential : -1.268929 (0.002576)
energy : -0.474933 (0.000431)

kinetic : 0.793939 (0.002795)
potential : -1.268884 (0.002574)
energy : -0.474946 (0.000431)

kinetic : 0.793855 (0.002793)
potential : -1.268809 (0.002572)
energy : -0.474954 (0.000430)

kinetic : 0.793923 (0.002791)
potential : -1.268881 (0.002571)
energy : -0.474958 (0.000430)

kinetic : 0.793874 (0.002789)
potential : -1.268833 (0.002568)
energy : -0.474960 (0.000430)

kinetic : 0.793791 (0.002787)
potential : -1.268753 (0.002567)
energy : -0.474962 (0.000429)

kinetic : 0.793694 (0.002786)
potential : -1.268661 (0.002566)
energy : -0.474967 (0.000429)

kinetic : 0.793583 (0.002785)
potential : -1.268559 (0.002565)
energy : -0.474976 (0.000428)

kinetic : 0.793639 (0.002783)
potential : -1.268599 (0.002563)
energy : -0.474960 (0.000428)

kinetic : 0.793788 (0.002784)
potential : -1.268725 (0.002563)
energy : -0.474937 (0.000428)

kinetic : 0.793786 (0.002781)
potential : -1.268713 (0.002561)
energy : -0.474927 (0.000428)

kinetic : 0.794050 (0.002791)
potential : -1.268944 (0.002569)
energy : -0.474895 (0.000429)

kinetic : 0.794028 (0.002788)
potential : -1.268928 (0.002566)
energy : -0.474901 (0.000428)

kinetic : 0.794104 (0.002786)
potential : -1.268990 (0.002564)
energy : -0.474886 (0.000428)

kinetic : 0.794217 (0.002786)
potential : -1.269080 (0.002563)
energy : -0.474863 (0.000428)

kinetic : 0.794270 (0.002784)
potential : -1.269122 (0.002561)
energy : -0.474852 (0.000428)

kinetic : 0.794304 (0.002781)
potential : -1.269155 (0.002558)
energy : -0.474851 (0.000428)

kinetic : 0.794304 (0.002778)
potential : -1.269160 (0.002556)
energy : -0.474855 (0.000427)

kinetic : 0.794315 (0.002775)
potential : -1.269175 (0.002553)
energy : -0.474861 (0.000427)

kinetic : 0.794411 (0.002774)
potential : -1.269252 (0.002552)
energy : -0.474842 (0.000427)

kinetic : 0.794545 (0.002775)
potential : -1.269372 (0.002552)
energy : -0.474827 (0.000427)

kinetic : 0.794703 (0.002776)
potential : -1.269509 (0.002553)
energy : -0.474806 (0.000427)

kinetic : 0.794763 (0.002774)
potential : -1.269555 (0.002551)
energy : -0.474792 (0.000427)

kinetic : 0.794703 (0.002772)
potential : -1.269511 (0.002549)
energy : -0.474808 (0.000426)

kinetic : 0.794728 (0.002769)
potential : -1.269523 (0.002546)
energy : -0.474795 (0.000426)

kinetic : 0.794927 (0.002774)
potential : -1.269710 (0.002551)
energy : -0.474783 (0.000426)

kinetic : 0.794749 (0.002777)
potential : -1.269547 (0.002553)
energy : -0.474798 (0.000426)

kinetic : 0.794693 (0.002774)
potential : -1.269493 (0.002551)
energy : -0.474800 (0.000425)

kinetic : 0.794709 (0.002772)
potential : -1.269492 (0.002549)
energy : -0.474783 (0.000425)

kinetic : 0.794646 (0.002769)
potential : -1.269438 (0.002547)
energy : -0.474791 (0.000425)

kinetic : 0.794859 (0.002775)
potential : -1.269648 (0.002553)
energy : -0.474789 (0.000425)

kinetic : 0.794791 (0.002773)
potential : -1.269571 (0.002551)
energy : -0.474779 (0.000424)

kinetic : 0.794905 (0.002772)
potential : -1.269656 (0.002550)
energy : -0.474750 (0.000425)

kinetic : 0.795031 (0.002772)
potential : -1.269786 (0.002551)
energy : -0.474755 (0.000424)

kinetic : 0.795183 (0.002774)
potential : -1.269933 (0.002553)
energy : -0.474749 (0.000424)

kinetic : 0.795240 (0.002772)
potential : -1.269966 (0.002550)
energy : -0.474726 (0.000424)

kinetic : 0.795155 (0.002770)
potential : -1.269891 (0.002549)
energy : -0.474737 (0.000424)
         kinetic: 0.7952(28), Sigma: 1.184, T_corr: 5.5
       potential: -1.2699(25), Sigma: 1.133, T_corr: 5.1
          energy: -0.47474(42), Sigma: 0.143, T_corr: 8.8

For tau = 5.00e-01, acceptance ratio = 0.83
Time: 711.37s
